20191209_15_44_35_257861_17308report.log 2019-12-09 15:44:35  loga.py  putSystemLog [line:74] INFO Start.
20191209_15_44_35_257861_17308report.log 2019-12-09 15:44:35  loga.py  putSystemLog [line:74] INFO 场景<1>开始.
20191209_15_44_35_257861_17308report.log 2019-12-09 15:44:39  loga.py  writeLog [line:134] INFO 行号:0    PASS   最大化浏览器窗口[maximize_window]  用时:1.123s  
20191209_15_44_35_257861_17308report.log 2019-12-09 15:44:40  loga.py  putSystemLog [line:74] INFO chrome浏览器启动成功.
20191209_15_44_35_257861_17308report.log 2019-12-09 15:44:40  loga.py  putSystemLog [line:74] INFO 开始加载脚本...
20191209_15_44_35_257861_17308report.log 2019-12-09 15:44:40  loga.py  putSystemLog [line:74] INFO 脚本<1>：U8EX登录 加载成功.脚本路径：script/testCase/U8EX项目/公共/U8EX登录
20191209_15_44_35_257861_17308report.log 2019-12-09 15:44:40  loga.py  putSystemLog [line:74] INFO 脚本<2>：报销标准 加载成功.脚本路径：script/testCase/Y3me项目/数字化建模/费用管理/报销标准
20191209_15_44_35_257861_17308report.log 2019-12-09 15:44:40  loga.py  putSystemLog [line:74] INFO 脚本<3>：U8EX登出 加载成功.脚本路径：script/testCase/U8EX项目/公共/U8EX登出
20191209_15_44_35_257861_17308report.log 2019-12-09 15:44:40  loga.py  putSystemLog [line:74] INFO 脚本加载完成...
20191209_15_44_35_257861_17308report.log 2019-12-09 15:44:40  loga.py  putSystemLog [line:74] INFO 开始运行脚本<class 'script.testCase.U8EX项目.公共.U8EX登录.EasyCase'>
20191209_15_44_35_257861_17308report.log 2019-12-09 15:44:41  loga.py  writeLog [line:134] INFO 行号:27   PASS   访问页面[get]  用时:1.318s  
20191209_15_44_35_257861_17308report.log 2019-12-09 15:44:42  loga.py  writeLog [line:134] INFO 行号:29   PASS   查找元素[find_element]  用时:0.012s  
20191209_15_44_35_257861_17308report.log 2019-12-09 15:44:43  loga.py  writeLog [line:134] INFO 行号:30   PASS   查找元素[find_element]  用时:0.007s  
20191209_15_44_35_257861_17308report.log 2019-12-09 15:44:43  loga.py  writeLog [line:134] INFO 行号:30   PASS   左键单击[click]  用时:0.048s  
20191209_15_44_35_257861_17308report.log 2019-12-09 15:44:45  loga.py  writeLog [line:134] INFO 行号:34   PASS   查找元素[find_element]  用时:0.013s  
20191209_15_44_35_257861_17308report.log 2019-12-09 15:44:45  loga.py  writeLog [line:134] INFO 行号:35   PASS   查找元素[find_element]  用时:0.006s  
20191209_15_44_35_257861_17308report.log 2019-12-09 15:44:46  loga.py  writeLog [line:134] INFO 行号:36   PASS   切换到表单[frame]  用时:0.017s  
20191209_15_44_35_257861_17308report.log 2019-12-09 15:44:48  loga.py  writeLog [line:134] INFO 行号:39   PASS   查找元素[find_element]  用时:0.011s  
20191209_15_44_35_257861_17308report.log 2019-12-09 15:44:48  loga.py  writeLog [line:134] INFO 行号:40   PASS   查找元素[find_element]  用时:0.005s  
20191209_15_44_35_257861_17308report.log 2019-12-09 15:44:49  loga.py  writeLog [line:134] INFO 行号:40   PASS   清除文本[clear]  用时:0.027s  
20191209_15_44_35_257861_17308report.log 2019-12-09 15:44:50  loga.py  writeLog [line:134] INFO 行号:41   PASS   查找元素[find_element]  用时:0.006s  
20191209_15_44_35_257861_17308report.log 2019-12-09 15:44:50  loga.py  writeLog [line:134] INFO 行号:41   PASS   模拟输入[send_keys]  用时:0.081s  
20191209_15_44_35_257861_17308report.log 2019-12-09 15:44:51  loga.py  writeLog [line:134] INFO 行号:42   PASS   查找元素[find_element]  用时:0.018s  
20191209_15_44_35_257861_17308report.log 2019-12-09 15:44:52  loga.py  writeLog [line:134] INFO 行号:42   PASS   清除文本[clear]  用时:0.019s  
20191209_15_44_35_257861_17308report.log 2019-12-09 15:44:53  loga.py  writeLog [line:134] INFO 行号:43   PASS   查找元素[find_element]  用时:0.007s  
20191209_15_44_35_257861_17308report.log 2019-12-09 15:44:53  loga.py  writeLog [line:134] INFO 行号:43   PASS   模拟输入[send_keys]  用时:0.061s  
20191209_15_44_35_257861_17308report.log 2019-12-09 15:44:54  loga.py  writeLog [line:134] INFO 行号:45   PASS   查找元素[find_element]  用时:0.019s  
20191209_15_44_35_257861_17308report.log 2019-12-09 15:44:55  loga.py  writeLog [line:134] INFO 行号:46   PASS   查找元素[find_element]  用时:0.006s  
20191209_15_44_35_257861_17308report.log 2019-12-09 15:44:55  loga.py  writeLog [line:134] INFO 行号:46   PASS   左键单击[click]  用时:0.081s  
20191209_15_44_35_257861_17308report.log 2019-12-09 15:44:56  loga.py  writeLog [line:134] INFO 行号:52   PASS   查找元素[find_element]  用时:0.010s  
20191209_15_44_35_257861_17308report.log 2019-12-09 15:44:57  loga.py  writeLog [line:134] INFO 行号:53   PASS   查找元素[find_element]  用时:0.007s  
20191209_15_44_35_257861_17308report.log 2019-12-09 15:44:58  loga.py  writeLog [line:134] INFO 行号:53   PASS   左键单击[click]  用时:0.062s  
20191209_15_44_35_257861_17308report.log 2019-12-09 15:44:59  loga.py  writeLog [line:134] INFO 行号:54   PASS   查找元素[find_element]  用时:0.042s  
20191209_15_44_35_257861_17308report.log 2019-12-09 15:44:59  loga.py  writeLog [line:134] INFO 行号:54   PASS   左键单击[click]  用时:0.082s  
20191209_15_44_35_257861_17308report.log 2019-12-09 15:45:00  loga.py  writeLog [line:134] INFO 行号:56   PASS   查找元素[find_element]  用时:0.017s  
20191209_15_44_35_257861_17308report.log 2019-12-09 15:45:01  loga.py  writeLog [line:134] INFO 行号:56   PASS   左键单击[click]  用时:0.376s  
20191209_15_44_35_257861_17308report.log 2019-12-09 15:45:02  loga.py  putSystemLog [line:74] INFO 脚本运行完毕...
20191209_15_44_35_257861_17308report.log 2019-12-09 15:45:02  loga.py  putSystemLog [line:74] INFO 开始运行脚本<class 'script.testCase.Y3me项目.数字化建模.费用管理.报销标准.EasyCase'>
20191209_15_44_35_257861_17308report.log 2019-12-09 15:45:02  loga.py  writeLog [line:134] INFO 行号:25   PASS   刷新页面[refresh]  用时:0.006s  
20191209_15_44_35_257861_17308report.log 2019-12-09 15:45:03  loga.py  writeLog [line:134] INFO 行号:27   PASS   查找元素[find_element]  用时:0.010s  
20191209_15_44_35_257861_17308report.log 2019-12-09 15:45:04  loga.py  writeLog [line:134] INFO 行号:27   PASS   左键单击[click]  用时:0.056s  
20191209_15_44_35_257861_17308report.log 2019-12-09 15:45:06  loga.py  writeLog [line:134] INFO 行号:30   PASS   查找元素[find_element]  用时:0.010s  
20191209_15_44_35_257861_17308report.log 2019-12-09 15:45:06  loga.py  writeLog [line:134] INFO 行号:30   PASS   左键单击[click]  用时:0.050s  
20191209_15_44_35_257861_17308report.log 2019-12-09 15:45:08  loga.py  writeLog [line:134] INFO 行号:33   PASS   查找元素[find_element]  用时:0.009s  
20191209_15_44_35_257861_17308report.log 2019-12-09 15:45:11  loga.py  writeLog [line:134] INFO 行号:40   PASS   查找元素[find_element]  用时:0.011s  
20191209_15_44_35_257861_17308report.log 2019-12-09 15:45:14  loga.py  writeLog [line:134] INFO 行号:47   PASS   查找元素[find_element]  用时:0.044s  
20191209_15_44_35_257861_17308report.log 2019-12-09 15:45:16  loga.py  writeLog [line:134] INFO 行号:50   PASS   查找元素[find_element]  用时:0.009s  
20191209_15_44_35_257861_17308report.log 2019-12-09 15:45:16  loga.py  writeLog [line:134] INFO 行号:51   PASS   切换到表单[frame]  用时:0.016s  
20191209_15_44_35_257861_17308report.log 2019-12-09 15:45:20  loga.py  writeLog [line:134] INFO 行号:55   PASS   查找元素[find_element]  用时:2.223s  
20191209_15_44_35_257861_17308report.log 2019-12-09 15:45:20  loga.py  writeLog [line:134] INFO 行号:56   PASS   查找元素[find_element]  用时:0.007s  
20191209_15_44_35_257861_17308report.log 2019-12-09 15:45:21  loga.py  writeLog [line:134] INFO 行号:56   PASS   左键单击[click]  用时:0.120s  
20191209_15_44_35_257861_17308report.log 2019-12-09 15:45:22  loga.py  writeLog [line:134] INFO 行号:60   PASS   查找元素[find_element]  用时:0.011s  
20191209_15_44_35_257861_17308report.log 2019-12-09 15:45:22  loga.py  writeLog [line:134] INFO 行号:61   PASS   查找元素[find_element]  用时:0.006s  
20191209_15_44_35_257861_17308report.log 2019-12-09 15:45:23  loga.py  writeLog [line:134] INFO 行号:61   PASS   左键单击[click]  用时:0.068s  
20191209_15_44_35_257861_17308report.log 2019-12-09 15:45:24  loga.py  writeLog [line:134] INFO 行号:65   PASS   查找元素[find_element]  用时:0.009s  
20191209_15_44_35_257861_17308report.log 2019-12-09 15:45:24  loga.py  writeLog [line:134] INFO 行号:66   PASS   查找元素[find_element]  用时:0.005s  
20191209_15_44_35_257861_17308report.log 2019-12-09 15:45:25  loga.py  writeLog [line:134] INFO 行号:66   PASS   左键单击[click]  用时:0.066s  
20191209_15_44_35_257861_17308report.log 2019-12-09 15:45:26  loga.py  writeLog [line:134] INFO 行号:70   PASS   查找元素[find_element]  用时:0.008s  
20191209_15_44_35_257861_17308report.log 2019-12-09 15:45:26  loga.py  writeLog [line:134] INFO 行号:71   PASS   查找元素[find_element]  用时:0.006s  
20191209_15_44_35_257861_17308report.log 2019-12-09 15:45:27  loga.py  writeLog [line:134] INFO 行号:71   PASS   左键单击[click]  用时:0.062s  
20191209_15_44_35_257861_17308report.log 2019-12-09 15:45:28  loga.py  writeLog [line:134] INFO 行号:75   PASS   查找元素[find_element]  用时:0.012s  
20191209_15_44_35_257861_17308report.log 2019-12-09 15:45:29  loga.py  writeLog [line:134] INFO 行号:78   PASS   查找元素[find_element]  用时:0.007s  
20191209_15_44_35_257861_17308report.log 2019-12-09 15:45:29  loga.py  writeLog [line:134] INFO 行号:78   PASS   模拟输入[send_keys]  用时:0.144s  
20191209_15_44_35_257861_17308report.log 2019-12-09 15:45:30  loga.py  writeLog [line:134] INFO 行号:82   PASS   查找元素[find_element]  用时:0.010s  
20191209_15_44_35_257861_17308report.log 2019-12-09 15:45:31  loga.py  writeLog [line:134] INFO 行号:83   PASS   查找元素[find_element]  用时:0.008s  
20191209_15_44_35_257861_17308report.log 2019-12-09 15:45:31  loga.py  writeLog [line:134] INFO 行号:83   PASS   左键单击[click]  用时:0.066s  
20191209_15_44_35_257861_17308report.log 2019-12-09 15:45:34  loga.py  writeLog [line:134] INFO 行号:88   PASS   查找元素[find_element]  用时:0.010s  
20191209_15_44_35_257861_17308report.log 2019-12-09 15:45:35  loga.py  writeLog [line:134] INFO 行号:91   PASS   查找元素[find_element]  用时:0.007s  
20191209_15_44_35_257861_17308report.log 2019-12-09 15:45:35  loga.py  writeLog [line:134] INFO 行号:91   PASS   左键单击[click]  用时:0.062s  
20191209_15_44_35_257861_17308report.log 2019-12-09 15:45:36  loga.py  writeLog [line:134] INFO 行号:96   PASS   查找元素[find_element]  用时:0.010s  
20191209_15_44_35_257861_17308report.log 2019-12-09 15:45:37  loga.py  writeLog [line:134] INFO 行号:97   PASS   查找元素[find_element]  用时:0.006s  
20191209_15_44_35_257861_17308report.log 2019-12-09 15:45:37  loga.py  writeLog [line:134] INFO 行号:97   PASS   左键单击[click]  用时:0.088s  
20191209_15_44_35_257861_17308report.log 2019-12-09 15:45:39  loga.py  writeLog [line:134] INFO 行号:104  PASS   查找元素[find_element]  用时:0.010s  
20191209_15_44_35_257861_17308report.log 2019-12-09 15:45:39  loga.py  writeLog [line:134] INFO 行号:106  PASS   查找元素[find_element]  用时:0.006s  
20191209_15_44_35_257861_17308report.log 2019-12-09 15:45:40  loga.py  writeLog [line:134] INFO 行号:106  PASS   左键单击[click]  用时:0.058s  
20191209_15_44_35_257861_17308report.log 2019-12-09 15:45:41  loga.py  writeLog [line:134] INFO 行号:111  PASS   查找元素[find_element]  用时:0.009s  
20191209_15_44_35_257861_17308report.log 2019-12-09 15:45:41  loga.py  writeLog [line:134] INFO 行号:113  PASS   查找元素[find_element]  用时:0.006s  
20191209_15_44_35_257861_17308report.log 2019-12-09 15:45:42  loga.py  writeLog [line:134] INFO 行号:113  PASS   左键单击[click]  用时:0.057s  
20191209_15_44_35_257861_17308report.log 2019-12-09 15:45:43  loga.py  writeLog [line:134] INFO 行号:118  PASS   查找元素[find_element]  用时:0.008s  
20191209_15_44_35_257861_17308report.log 2019-12-09 15:45:43  loga.py  writeLog [line:134] INFO 行号:121  PASS   查找元素[find_element]  用时:0.006s  
20191209_15_44_35_257861_17308report.log 2019-12-09 15:45:44  loga.py  writeLog [line:134] INFO 行号:122  PASS   执行JS代码[execute_script]  用时:0.021s  
20191209_15_44_35_257861_17308report.log 2019-12-09 15:45:45  loga.py  writeLog [line:134] INFO 行号:124  PASS   查找元素[find_element]  用时:0.009s  
20191209_15_44_35_257861_17308report.log 2019-12-09 15:45:45  loga.py  writeLog [line:134] INFO 行号:124  PASS   左键单击[click]  用时:0.066s  
20191209_15_44_35_257861_17308report.log 2019-12-09 15:45:46  loga.py  writeLog [line:134] INFO 行号:129  PASS   查找元素[find_element]  用时:0.008s  
20191209_15_44_35_257861_17308report.log 2019-12-09 15:45:47  loga.py  writeLog [line:134] INFO 行号:130  PASS   查找元素[find_element]  用时:0.008s  
20191209_15_44_35_257861_17308report.log 2019-12-09 15:45:47  loga.py  writeLog [line:134] INFO 行号:130  PASS   左键单击[click]  用时:0.065s  
20191209_15_44_35_257861_17308report.log 2019-12-09 15:45:48  loga.py  writeLog [line:134] INFO 行号:135  PASS   查找元素[find_element]  用时:0.009s  
20191209_15_44_35_257861_17308report.log 2019-12-09 15:45:49  loga.py  writeLog [line:134] INFO 行号:136  PASS   查找元素[find_element]  用时:0.006s  
20191209_15_44_35_257861_17308report.log 2019-12-09 15:45:50  loga.py  writeLog [line:134] INFO 行号:136  PASS   左键单击[click]  用时:0.092s  
20191209_15_44_35_257861_17308report.log 2019-12-09 15:45:51  loga.py  writeLog [line:134] INFO 行号:140  PASS   查找元素[find_element]  用时:0.011s  
20191209_15_44_35_257861_17308report.log 2019-12-09 15:45:51  loga.py  writeLog [line:134] INFO 行号:141  PASS   查找元素[find_element]  用时:0.007s  
20191209_15_44_35_257861_17308report.log 2019-12-09 15:45:52  loga.py  writeLog [line:134] INFO 行号:141  PASS   左键单击[click]  用时:0.060s  
20191209_15_44_35_257861_17308report.log 2019-12-09 15:45:55  loga.py  writeLog [line:134] INFO 行号:146  PASS   查找元素[find_element]  用时:0.007s  
20191209_15_44_35_257861_17308report.log 2019-12-09 15:45:55  loga.py  writeLog [line:134] INFO 行号:149  PASS   查找元素[find_element]  用时:0.007s  
20191209_15_44_35_257861_17308report.log 2019-12-09 15:45:56  loga.py  writeLog [line:134] INFO 行号:149  PASS   左键单击[click]  用时:0.099s  
20191209_15_44_35_257861_17308report.log 2019-12-09 15:45:57  loga.py  writeLog [line:134] INFO 行号:153  PASS   查找元素[find_element]  用时:0.010s  
20191209_15_44_35_257861_17308report.log 2019-12-09 15:45:57  loga.py  writeLog [line:134] INFO 行号:154  PASS   查找元素[find_element]  用时:0.007s  
20191209_15_44_35_257861_17308report.log 2019-12-09 15:45:58  loga.py  writeLog [line:134] INFO 行号:154  PASS   左键单击[click]  用时:0.055s  
20191209_15_44_35_257861_17308report.log 2019-12-09 15:46:01  loga.py  writeLog [line:134] INFO 行号:159  PASS   查找元素[find_element]  用时:0.007s  
20191209_15_44_35_257861_17308report.log 2019-12-09 15:46:01  loga.py  writeLog [line:134] INFO 行号:161  PASS   查找元素[find_element]  用时:0.005s  
20191209_15_44_35_257861_17308report.log 2019-12-09 15:46:02  loga.py  writeLog [line:134] INFO 行号:161  PASS   左键单击[click]  用时:0.073s  
20191209_15_44_35_257861_17308report.log 2019-12-09 15:46:03  loga.py  writeLog [line:134] INFO 行号:165  PASS   查找元素[find_element]  用时:0.015s  
20191209_15_44_35_257861_17308report.log 2019-12-09 15:46:03  loga.py  writeLog [line:134] INFO 行号:166  PASS   查找元素[find_element]  用时:0.007s  
20191209_15_44_35_257861_17308report.log 2019-12-09 15:46:04  loga.py  writeLog [line:134] INFO 行号:166  PASS   左键单击[click]  用时:0.055s  
20191209_15_44_35_257861_17308report.log 2019-12-09 15:46:07  loga.py  writeLog [line:134] INFO 行号:171  PASS   查找元素[find_element]  用时:0.022s  
20191209_15_44_35_257861_17308report.log 2019-12-09 15:46:08  loga.py  writeLog [line:134] INFO 行号:173  PASS   查找元素[find_element]  用时:0.006s  
20191209_15_44_35_257861_17308report.log 2019-12-09 15:46:08  loga.py  writeLog [line:134] INFO 行号:173  PASS   左键单击[click]  用时:0.075s  
20191209_15_44_35_257861_17308report.log 2019-12-09 15:46:09  loga.py  writeLog [line:134] INFO 行号:177  PASS   查找元素[find_element]  用时:0.009s  
20191209_15_44_35_257861_17308report.log 2019-12-09 15:46:10  loga.py  writeLog [line:134] INFO 行号:178  PASS   查找元素[find_element]  用时:0.007s  
20191209_15_44_35_257861_17308report.log 2019-12-09 15:46:10  loga.py  writeLog [line:134] INFO 行号:178  PASS   左键单击[click]  用时:0.110s  
20191209_15_44_35_257861_17308report.log 2019-12-09 15:46:11  loga.py  writeLog [line:134] INFO 行号:182  PASS   查找元素[find_element]  用时:0.011s  
20191209_15_44_35_257861_17308report.log 2019-12-09 15:46:12  loga.py  writeLog [line:134] INFO 行号:183  PASS   查找元素[find_element]  用时:0.006s  
20191209_15_44_35_257861_17308report.log 2019-12-09 15:46:12  loga.py  writeLog [line:134] INFO 行号:183  PASS   左键单击[click]  用时:0.060s  
20191209_15_44_35_257861_17308report.log 2019-12-09 15:46:13  loga.py  writeLog [line:134] INFO 行号:185  PASS   查找元素[find_element]  用时:0.011s  
20191209_15_44_35_257861_17308report.log 2019-12-09 15:46:14  loga.py  writeLog [line:134] INFO 行号:186  TRUE   断言：包含[assertIn] 用时:0.000s TRUE.
20191209_15_44_35_257861_17308report.log 2019-12-09 15:46:14  loga.py  writeLog [line:134] INFO 行号:190  PASS   查找元素[find_element]  用时:0.009s  
20191209_15_44_35_257861_17308report.log 2019-12-09 15:46:14  loga.py  writeLog [line:134] INFO 行号:191  PASS   查找元素[find_element]  用时:0.006s  
20191209_15_44_35_257861_17308report.log 2019-12-09 15:46:15  loga.py  writeLog [line:134] INFO 行号:191  PASS   左键单击[click]  用时:0.103s  
20191209_15_44_35_257861_17308report.log 2019-12-09 15:46:16  loga.py  writeLog [line:134] INFO 行号:195  PASS   查找元素[find_element]  用时:0.006s  
20191209_15_44_35_257861_17308report.log 2019-12-09 15:46:17  loga.py  writeLog [line:134] INFO 行号:196  PASS   查找元素[find_element]  用时:0.006s  
20191209_15_44_35_257861_17308report.log 2019-12-09 15:46:17  loga.py  writeLog [line:134] INFO 行号:196  PASS   左键单击[click]  用时:0.044s  
20191209_15_44_35_257861_17308report.log 2019-12-09 15:46:18  loga.py  writeLog [line:134] INFO 行号:200  PASS   查找元素[find_element]  用时:0.009s  
20191209_15_44_35_257861_17308report.log 2019-12-09 15:46:19  loga.py  writeLog [line:134] INFO 行号:201  PASS   查找元素[find_element]  用时:0.007s  
20191209_15_44_35_257861_17308report.log 2019-12-09 15:46:19  loga.py  writeLog [line:134] INFO 行号:201  PASS   左键单击[click]  用时:0.086s  
20191209_15_44_35_257861_17308report.log 2019-12-09 15:46:20  loga.py  writeLog [line:134] INFO 行号:205  PASS   查找元素[find_element]  用时:0.009s  
20191209_15_44_35_257861_17308report.log 2019-12-09 15:46:21  loga.py  writeLog [line:134] INFO 行号:206  PASS   查找元素[find_element]  用时:0.006s  
20191209_15_44_35_257861_17308report.log 2019-12-09 15:46:21  loga.py  writeLog [line:134] INFO 行号:206  PASS   左键单击[click]  用时:0.067s  
20191209_15_44_35_257861_17308report.log 2019-12-09 15:46:22  loga.py  writeLog [line:134] INFO 行号:209  PASS   查找元素[find_element]  用时:0.009s  
20191209_15_44_35_257861_17308report.log 2019-12-09 15:46:23  loga.py  writeLog [line:134] INFO 行号:209  PASS   左键单击[click]  用时:0.049s  
20191209_15_44_35_257861_17308report.log 2019-12-09 15:46:25  loga.py  writeLog [line:134] INFO 行号:211  PASS   查找元素[find_element]  用时:0.022s  
20191209_15_44_35_257861_17308report.log 2019-12-09 15:46:25  loga.py  writeLog [line:134] INFO 行号:211  PASS   左键单击[click]  用时:0.046s  
20191209_15_44_35_257861_17308report.log 2019-12-09 15:46:26  loga.py  putSystemLog [line:74] INFO 脚本运行完毕...
20191209_15_44_35_257861_17308report.log 2019-12-09 15:46:26  loga.py  putSystemLog [line:74] INFO 开始运行脚本<class 'script.testCase.U8EX项目.公共.U8EX登出.EasyCase'>
20191209_15_44_35_257861_17308report.log 2019-12-09 15:46:26  loga.py  writeLog [line:134] INFO 行号:24   PASS   刷新页面[refresh]  用时:0.008s  
20191209_15_44_35_257861_17308report.log 2019-12-09 15:46:28  loga.py  writeLog [line:134] INFO 行号:26   PASS   查找元素[find_element]  用时:0.011s  
20191209_15_44_35_257861_17308report.log 2019-12-09 15:46:29  loga.py  writeLog [line:134] INFO 行号:26   PASS   左键单击[click]  用时:0.128s  
20191209_15_44_35_257861_17308report.log 2019-12-09 15:46:30  loga.py  writeLog [line:134] INFO 行号:27   PASS   查找元素[find_element]  用时:0.009s  
20191209_15_44_35_257861_17308report.log 2019-12-09 15:46:31  loga.py  writeLog [line:134] INFO 行号:27   PASS   左键单击[click]  用时:0.483s  
20191209_15_44_35_257861_17308report.log 2019-12-09 15:46:32  loga.py  putSystemLog [line:74] INFO 脚本运行完毕...
20191209_15_44_35_257861_17308report.log 2019-12-09 15:46:32  loga.py  writeLog [line:134] INFO 行号:0    PASS   关闭浏览器[quit]  用时:0.266s  
20191209_15_44_35_257861_17308report.log 2019-12-09 15:46:35  loga.py  putSystemLog [line:74] INFO 场景<1>结束.用时:120.500s.
20191209_15_44_35_257861_17308report.log 2019-12-09 15:46:35  loga.py  putSystemLog [line:74] INFO 场景统计结果：PASS:125(100.00%),FAIL:  0(0.00%),ERROR:  0(0.00%),TRUE:  1,FALSE:  0

20191209_15_44_35_257861_17308report.log 2019-12-09 15:46:35  loga.py  putSystemLog [line:74] INFO ----------------------------------------
20191209_15_44_35_257861_17308report.log 2019-12-09 15:46:35  loga.py  putSystemLog [line:74] INFO End.
20191209_15_44_35_257861_17308report.log 2019-12-09 15:46:35  loga.py  putSystemLog [line:74] INFO 测试方案统计结果:
                    场景<1>:PASS:125(100.00%),FAIL:  0(0.00%),ERROR:  0(0.00%),TRUE:  1,FALSE:  0
                    总   计:PASS:125(100.00%),FAIL:  0(0.00%),ERROR:  0(0.00%),TRUE:  1,FALSE:  0

