20191209_17_04_18_214215_16308report.log 2019-12-09 17:04:18  loga.py  putSystemLog [line:74] INFO Start.
20191209_17_04_18_214215_16308report.log 2019-12-09 17:04:18  loga.py  putSystemLog [line:74] INFO 场景<1>开始.
20191209_17_04_18_214215_16308report.log 2019-12-09 17:04:21  loga.py  writeLog [line:134] INFO 行号:0    PASS   最大化浏览器窗口[maximize_window]  用时:1.117s  
20191209_17_04_18_214215_16308report.log 2019-12-09 17:04:22  loga.py  putSystemLog [line:74] INFO chrome浏览器启动成功.
20191209_17_04_18_214215_16308report.log 2019-12-09 17:04:22  loga.py  putSystemLog [line:74] INFO 开始加载脚本...
20191209_17_04_18_214215_16308report.log 2019-12-09 17:04:22  loga.py  putSystemLog [line:74] INFO 脚本<1>：U8EX登录 加载成功.脚本路径：script/testCase/U8EX项目/公共/U8EX登录
20191209_17_04_18_214215_16308report.log 2019-12-09 17:04:22  loga.py  putSystemLog [line:74] INFO 脚本<2>：费用预算 加载成功.脚本路径：script/testCase/Y3me项目/数字化建模/费用管理/费用预算
20191209_17_04_18_214215_16308report.log 2019-12-09 17:04:22  loga.py  putSystemLog [line:74] INFO 脚本<3>：U8EX登出 加载成功.脚本路径：script/testCase/U8EX项目/公共/U8EX登出
20191209_17_04_18_214215_16308report.log 2019-12-09 17:04:22  loga.py  putSystemLog [line:74] INFO 脚本加载完成...
20191209_17_04_18_214215_16308report.log 2019-12-09 17:04:22  loga.py  putSystemLog [line:74] INFO 开始运行脚本<class 'script.testCase.U8EX项目.公共.U8EX登录.EasyCase'>
20191209_17_04_18_214215_16308report.log 2019-12-09 17:04:23  loga.py  writeLog [line:134] INFO 行号:27   PASS   访问页面[get]  用时:0.614s  
20191209_17_04_18_214215_16308report.log 2019-12-09 17:04:24  loga.py  writeLog [line:134] INFO 行号:29   PASS   查找元素[find_element]  用时:0.011s  
20191209_17_04_18_214215_16308report.log 2019-12-09 17:04:25  loga.py  writeLog [line:134] INFO 行号:30   PASS   查找元素[find_element]  用时:0.007s  
20191209_17_04_18_214215_16308report.log 2019-12-09 17:04:25  loga.py  writeLog [line:134] INFO 行号:30   PASS   左键单击[click]  用时:0.049s  
20191209_17_04_18_214215_16308report.log 2019-12-09 17:04:26  loga.py  writeLog [line:134] INFO 行号:34   PASS   查找元素[find_element]  用时:0.019s  
20191209_17_04_18_214215_16308report.log 2019-12-09 17:04:27  loga.py  writeLog [line:134] INFO 行号:35   PASS   查找元素[find_element]  用时:0.007s  
20191209_17_04_18_214215_16308report.log 2019-12-09 17:04:27  loga.py  writeLog [line:134] INFO 行号:36   PASS   切换到表单[frame]  用时:0.017s  
20191209_17_04_18_214215_16308report.log 2019-12-09 17:04:29  loga.py  writeLog [line:134] INFO 行号:39   PASS   查找元素[find_element]  用时:0.011s  
20191209_17_04_18_214215_16308report.log 2019-12-09 17:04:30  loga.py  writeLog [line:134] INFO 行号:40   PASS   查找元素[find_element]  用时:0.007s  
20191209_17_04_18_214215_16308report.log 2019-12-09 17:04:30  loga.py  writeLog [line:134] INFO 行号:40   PASS   清除文本[clear]  用时:0.017s  
20191209_17_04_18_214215_16308report.log 2019-12-09 17:04:31  loga.py  writeLog [line:134] INFO 行号:41   PASS   查找元素[find_element]  用时:0.006s  
20191209_17_04_18_214215_16308report.log 2019-12-09 17:04:32  loga.py  writeLog [line:134] INFO 行号:41   PASS   模拟输入[send_keys]  用时:0.083s  
20191209_17_04_18_214215_16308report.log 2019-12-09 17:04:33  loga.py  writeLog [line:134] INFO 行号:42   PASS   查找元素[find_element]  用时:0.009s  
20191209_17_04_18_214215_16308report.log 2019-12-09 17:04:33  loga.py  writeLog [line:134] INFO 行号:42   PASS   清除文本[clear]  用时:0.019s  
20191209_17_04_18_214215_16308report.log 2019-12-09 17:04:34  loga.py  writeLog [line:134] INFO 行号:43   PASS   查找元素[find_element]  用时:0.006s  
20191209_17_04_18_214215_16308report.log 2019-12-09 17:04:35  loga.py  writeLog [line:134] INFO 行号:43   PASS   模拟输入[send_keys]  用时:0.081s  
20191209_17_04_18_214215_16308report.log 2019-12-09 17:04:36  loga.py  writeLog [line:134] INFO 行号:45   PASS   查找元素[find_element]  用时:0.032s  
20191209_17_04_18_214215_16308report.log 2019-12-09 17:04:37  loga.py  writeLog [line:134] INFO 行号:46   PASS   查找元素[find_element]  用时:0.007s  
20191209_17_04_18_214215_16308report.log 2019-12-09 17:04:37  loga.py  writeLog [line:134] INFO 行号:46   PASS   左键单击[click]  用时:0.084s  
20191209_17_04_18_214215_16308report.log 2019-12-09 17:04:38  loga.py  writeLog [line:134] INFO 行号:52   PASS   查找元素[find_element]  用时:0.011s  
20191209_17_04_18_214215_16308report.log 2019-12-09 17:04:39  loga.py  writeLog [line:134] INFO 行号:53   PASS   查找元素[find_element]  用时:0.007s  
20191209_17_04_18_214215_16308report.log 2019-12-09 17:04:39  loga.py  writeLog [line:134] INFO 行号:53   PASS   左键单击[click]  用时:0.064s  
20191209_17_04_18_214215_16308report.log 2019-12-09 17:04:40  loga.py  writeLog [line:134] INFO 行号:54   PASS   查找元素[find_element]  用时:0.020s  
20191209_17_04_18_214215_16308report.log 2019-12-09 17:04:41  loga.py  writeLog [line:134] INFO 行号:54   PASS   左键单击[click]  用时:0.074s  
20191209_17_04_18_214215_16308report.log 2019-12-09 17:04:42  loga.py  writeLog [line:134] INFO 行号:56   PASS   查找元素[find_element]  用时:0.010s  
20191209_17_04_18_214215_16308report.log 2019-12-09 17:04:43  loga.py  writeLog [line:134] INFO 行号:56   PASS   左键单击[click]  用时:0.357s  
20191209_17_04_18_214215_16308report.log 2019-12-09 17:04:44  loga.py  putSystemLog [line:74] INFO 脚本运行完毕...
20191209_17_04_18_214215_16308report.log 2019-12-09 17:04:44  loga.py  putSystemLog [line:74] INFO 开始运行脚本<class 'script.testCase.Y3me项目.数字化建模.费用管理.费用预算.EasyCase'>
20191209_17_04_18_214215_16308report.log 2019-12-09 17:04:44  loga.py  writeLog [line:134] INFO 行号:25   PASS   刷新页面[refresh]  用时:0.007s  
20191209_17_04_18_214215_16308report.log 2019-12-09 17:04:45  loga.py  writeLog [line:134] INFO 行号:27   PASS   查找元素[find_element]  用时:0.016s  
20191209_17_04_18_214215_16308report.log 2019-12-09 17:04:45  loga.py  writeLog [line:134] INFO 行号:27   PASS   左键单击[click]  用时:0.057s  
20191209_17_04_18_214215_16308report.log 2019-12-09 17:04:47  loga.py  writeLog [line:134] INFO 行号:30   PASS   查找元素[find_element]  用时:0.011s  
20191209_17_04_18_214215_16308report.log 2019-12-09 17:04:48  loga.py  writeLog [line:134] INFO 行号:30   PASS   左键单击[click]  用时:0.044s  
20191209_17_04_18_214215_16308report.log 2019-12-09 17:04:50  loga.py  writeLog [line:134] INFO 行号:33   PASS   查找元素[find_element]  用时:0.009s  
20191209_17_04_18_214215_16308report.log 2019-12-09 17:04:52  loga.py  writeLog [line:134] INFO 行号:40   PASS   查找元素[find_element]  用时:0.008s  
20191209_17_04_18_214215_16308report.log 2019-12-09 17:04:56  loga.py  writeLog [line:134] INFO 行号:47   PASS   查找元素[find_element]  用时:0.009s  
20191209_17_04_18_214215_16308report.log 2019-12-09 17:04:57  loga.py  writeLog [line:134] INFO 行号:50   PASS   查找元素[find_element]  用时:0.008s  
20191209_17_04_18_214215_16308report.log 2019-12-09 17:04:58  loga.py  writeLog [line:134] INFO 行号:51   PASS   切换到表单[frame]  用时:0.016s  
20191209_17_04_18_214215_16308report.log 2019-12-09 17:05:03  loga.py  writeLog [line:134] INFO 行号:55   PASS   查找元素[find_element]  用时:4.268s  
20191209_17_04_18_214215_16308report.log 2019-12-09 17:05:04  loga.py  writeLog [line:134] INFO 行号:56   PASS   查找元素[find_element]  用时:0.011s  
20191209_17_04_18_214215_16308report.log 2019-12-09 17:05:04  loga.py  writeLog [line:134] INFO 行号:56   PASS   左键单击[click]  用时:0.164s  
20191209_17_04_18_214215_16308report.log 2019-12-09 17:05:05  loga.py  writeLog [line:134] INFO 行号:60   PASS   查找元素[find_element]  用时:0.010s  
20191209_17_04_18_214215_16308report.log 2019-12-09 17:05:06  loga.py  writeLog [line:134] INFO 行号:61   PASS   查找元素[find_element]  用时:0.017s  
20191209_17_04_18_214215_16308report.log 2019-12-09 17:05:07  loga.py  writeLog [line:134] INFO 行号:61   PASS   左键单击[click]  用时:0.078s  
20191209_17_04_18_214215_16308report.log 2019-12-09 17:05:08  loga.py  writeLog [line:134] INFO 行号:65   PASS   查找元素[find_element]  用时:0.008s  
20191209_17_04_18_214215_16308report.log 2019-12-09 17:05:08  loga.py  writeLog [line:134] INFO 行号:66   PASS   查找元素[find_element]  用时:0.007s  
20191209_17_04_18_214215_16308report.log 2019-12-09 17:05:09  loga.py  writeLog [line:134] INFO 行号:66   PASS   左键单击[click]  用时:0.095s  
20191209_17_04_18_214215_16308report.log 2019-12-09 17:05:10  loga.py  writeLog [line:134] INFO 行号:72   PASS   查找元素[find_element]  用时:0.010s  
20191209_17_04_18_214215_16308report.log 2019-12-09 17:05:10  loga.py  writeLog [line:134] INFO 行号:73   PASS   查找元素[find_element]  用时:0.008s  
20191209_17_04_18_214215_16308report.log 2019-12-09 17:05:11  loga.py  writeLog [line:134] INFO 行号:73   PASS   模拟输入[send_keys]  用时:0.160s  
20191209_17_04_18_214215_16308report.log 2019-12-09 17:05:12  loga.py  writeLog [line:134] INFO 行号:79   PASS   查找元素[find_element]  用时:0.020s  
20191209_17_04_18_214215_16308report.log 2019-12-09 17:05:12  loga.py  writeLog [line:134] INFO 行号:80   PASS   查找元素[find_element]  用时:0.006s  
20191209_17_04_18_214215_16308report.log 2019-12-09 17:05:13  loga.py  writeLog [line:134] INFO 行号:80   PASS   模拟输入[send_keys]  用时:0.121s  
20191209_17_04_18_214215_16308report.log 2019-12-09 17:05:14  loga.py  writeLog [line:134] INFO 行号:84   PASS   查找元素[find_element]  用时:0.010s  
20191209_17_04_18_214215_16308report.log 2019-12-09 17:05:15  loga.py  writeLog [line:134] INFO 行号:85   PASS   查找元素[find_element]  用时:0.006s  
20191209_17_04_18_214215_16308report.log 2019-12-09 17:05:15  loga.py  writeLog [line:134] INFO 行号:85   PASS   左键单击[click]  用时:0.095s  
20191209_17_04_18_214215_16308report.log 2019-12-09 17:05:16  loga.py  writeLog [line:134] INFO 行号:90   PASS   查找元素[find_element]  用时:0.009s  
20191209_17_04_18_214215_16308report.log 2019-12-09 17:05:17  loga.py  writeLog [line:134] INFO 行号:91   PASS   查找元素[find_element]  用时:0.006s  
20191209_17_04_18_214215_16308report.log 2019-12-09 17:05:17  loga.py  writeLog [line:134] INFO 行号:91   PASS   左键单击[click]  用时:0.064s  
20191209_17_04_18_214215_16308report.log 2019-12-09 17:05:18  loga.py  writeLog [line:134] INFO 行号:96   PASS   查找元素[find_element]  用时:0.010s  
20191209_17_04_18_214215_16308report.log 2019-12-09 17:05:19  loga.py  writeLog [line:134] INFO 行号:97   PASS   查找元素[find_element]  用时:0.007s  
20191209_17_04_18_214215_16308report.log 2019-12-09 17:05:19  loga.py  writeLog [line:134] INFO 行号:97   PASS   左键单击[click]  用时:0.109s  
20191209_17_04_18_214215_16308report.log 2019-12-09 17:05:20  loga.py  writeLog [line:134] INFO 行号:102  PASS   查找元素[find_element]  用时:0.009s  
20191209_17_04_18_214215_16308report.log 2019-12-09 17:05:21  loga.py  writeLog [line:134] INFO 行号:103  PASS   查找元素[find_element]  用时:0.006s  
20191209_17_04_18_214215_16308report.log 2019-12-09 17:05:22  loga.py  writeLog [line:134] INFO 行号:103  PASS   左键单击[click]  用时:0.094s  
20191209_17_04_18_214215_16308report.log 2019-12-09 17:05:23  loga.py  writeLog [line:134] INFO 行号:108  PASS   查找元素[find_element]  用时:0.009s  
20191209_17_04_18_214215_16308report.log 2019-12-09 17:05:23  loga.py  writeLog [line:134] INFO 行号:109  PASS   查找元素[find_element]  用时:0.006s  
20191209_17_04_18_214215_16308report.log 2019-12-09 17:05:24  loga.py  writeLog [line:134] INFO 行号:109  PASS   左键单击[click]  用时:0.061s  
20191209_17_04_18_214215_16308report.log 2019-12-09 17:05:25  loga.py  writeLog [line:134] INFO 行号:114  PASS   查找元素[find_element]  用时:0.010s  
20191209_17_04_18_214215_16308report.log 2019-12-09 17:05:25  loga.py  writeLog [line:134] INFO 行号:115  PASS   查找元素[find_element]  用时:0.006s  
20191209_17_04_18_214215_16308report.log 2019-12-09 17:05:26  loga.py  writeLog [line:134] INFO 行号:115  PASS   左键单击[click]  用时:0.106s  
20191209_17_04_18_214215_16308report.log 2019-12-09 17:05:27  loga.py  writeLog [line:134] INFO 行号:120  PASS   查找元素[find_element]  用时:0.005s  
20191209_17_04_18_214215_16308report.log 2019-12-09 17:05:58  loga.py  writeLog [line:134] INFO 行号:0    ERROR  [runTest]  用时:  测试用例脚本发生错误，请检查脚本代码：
20191209_17_04_18_214215_16308report.log 2019-12-09 17:05:58  loga.py  putSystemLog [line:74] INFO 脚本运行完毕...
20191209_17_04_18_214215_16308report.log 2019-12-09 17:05:58  loga.py  putSystemLog [line:74] INFO 开始运行脚本<class 'script.testCase.U8EX项目.公共.U8EX登出.EasyCase'>
20191209_17_04_18_214215_16308report.log 2019-12-09 17:05:58  loga.py  writeLog [line:134] INFO 行号:24   PASS   刷新页面[refresh]  用时:0.014s  
20191209_17_04_18_214215_16308report.log 2019-12-09 17:06:00  loga.py  writeLog [line:134] INFO 行号:26   PASS   查找元素[find_element]  用时:0.010s  
20191209_17_04_18_214215_16308report.log 2019-12-09 17:06:00  loga.py  writeLog [line:134] INFO 行号:26   PASS   左键单击[click]  用时:0.049s  
20191209_17_04_18_214215_16308report.log 2019-12-09 17:06:01  loga.py  writeLog [line:134] INFO 行号:27   PASS   查找元素[find_element]  用时:0.009s  
20191209_17_04_18_214215_16308report.log 2019-12-09 17:06:02  loga.py  writeLog [line:134] INFO 行号:27   PASS   左键单击[click]  用时:0.466s  
20191209_17_04_18_214215_16308report.log 2019-12-09 17:06:03  loga.py  putSystemLog [line:74] INFO 脚本运行完毕...
20191209_17_04_18_214215_16308report.log 2019-12-09 17:06:03  loga.py  writeLog [line:134] INFO 行号:0    PASS   关闭浏览器[quit]  用时:0.202s  
20191209_17_04_18_214215_16308report.log 2019-12-09 17:06:06  loga.py  putSystemLog [line:74] INFO 场景<1>结束.用时:108.699s.
20191209_17_04_18_214215_16308report.log 2019-12-09 17:06:06  loga.py  putSystemLog [line:74] INFO 场景统计结果：PASS: 77(98.72%),FAIL:  0(0.00%),ERROR:  1(1.28%),TRUE:  0,FALSE:  0

20191209_17_04_18_214215_16308report.log 2019-12-09 17:06:06  loga.py  putSystemLog [line:74] INFO ----------------------------------------
20191209_17_04_18_214215_16308report.log 2019-12-09 17:06:06  loga.py  putSystemLog [line:74] INFO End.
20191209_17_04_18_214215_16308report.log 2019-12-09 17:06:06  loga.py  putSystemLog [line:74] INFO 测试方案统计结果:
                    场景<1>:PASS: 77(98.72%),FAIL:  0(0.00%),ERROR:  1(1.28%),TRUE:  0,FALSE:  0
                    总   计:PASS: 77(98.72%),FAIL:  0(0.00%),ERROR:  1(1.28%),TRUE:  0,FALSE:  0

