20191205_14_14_06_717601_20880report.log 2019-12-05 14:14:06  loga.py  putSystemLog [line:74] INFO Start.
20191205_14_14_06_717601_20880report.log 2019-12-05 14:14:06  loga.py  putSystemLog [line:74] INFO 场景<1>开始.
20191205_14_14_06_717601_20880report.log 2019-12-05 14:14:10  loga.py  writeLog [line:134] INFO 行号:0    PASS   最大化浏览器窗口[maximize_window]  用时:1.112s  
20191205_14_14_06_717601_20880report.log 2019-12-05 14:14:11  loga.py  putSystemLog [line:74] INFO chrome浏览器启动成功.
20191205_14_14_06_717601_20880report.log 2019-12-05 14:14:11  loga.py  putSystemLog [line:74] INFO 开始加载脚本...
20191205_14_14_06_717601_20880report.log 2019-12-05 14:14:11  loga.py  putSystemLog [line:74] INFO 脚本<1>：U8EX登录 加载成功.脚本路径：script/testCase/U8EX项目/公共/U8EX登录
20191205_14_14_06_717601_20880report.log 2019-12-05 14:14:11  loga.py  putSystemLog [line:74] INFO 脚本<2>：城市分级 加载成功.脚本路径：script/testCase/Y3me项目/数字化建模/费用管理/城市分级
20191205_14_14_06_717601_20880report.log 2019-12-05 14:14:11  loga.py  putSystemLog [line:74] INFO 脚本<3>：U8EX登出 加载成功.脚本路径：script/testCase/U8EX项目/公共/U8EX登出
20191205_14_14_06_717601_20880report.log 2019-12-05 14:14:11  loga.py  putSystemLog [line:74] INFO 脚本加载完成...
20191205_14_14_06_717601_20880report.log 2019-12-05 14:14:11  loga.py  putSystemLog [line:74] INFO 开始运行脚本<class 'script.testCase.U8EX项目.公共.U8EX登录.EasyCase'>
20191205_14_14_06_717601_20880report.log 2019-12-05 14:14:12  loga.py  writeLog [line:134] INFO 行号:27   PASS   访问页面[get]  用时:1.429s  
20191205_14_14_06_717601_20880report.log 2019-12-05 14:14:13  loga.py  writeLog [line:134] INFO 行号:29   PASS   查找元素[find_element]  用时:0.010s  
20191205_14_14_06_717601_20880report.log 2019-12-05 14:14:14  loga.py  writeLog [line:134] INFO 行号:30   PASS   查找元素[find_element]  用时:0.008s  
20191205_14_14_06_717601_20880report.log 2019-12-05 14:14:14  loga.py  writeLog [line:134] INFO 行号:30   PASS   左键单击[click]  用时:0.057s  
20191205_14_14_06_717601_20880report.log 2019-12-05 14:14:15  loga.py  writeLog [line:134] INFO 行号:34   PASS   查找元素[find_element]  用时:0.009s  
20191205_14_14_06_717601_20880report.log 2019-12-05 14:14:16  loga.py  writeLog [line:134] INFO 行号:35   PASS   查找元素[find_element]  用时:0.007s  
20191205_14_14_06_717601_20880report.log 2019-12-05 14:14:17  loga.py  writeLog [line:134] INFO 行号:36   PASS   切换到表单[frame]  用时:0.016s  
20191205_14_14_06_717601_20880report.log 2019-12-05 14:14:19  loga.py  writeLog [line:134] INFO 行号:39   PASS   查找元素[find_element]  用时:0.011s  
20191205_14_14_06_717601_20880report.log 2019-12-05 14:14:19  loga.py  writeLog [line:134] INFO 行号:40   PASS   查找元素[find_element]  用时:0.006s  
20191205_14_14_06_717601_20880report.log 2019-12-05 14:14:20  loga.py  writeLog [line:134] INFO 行号:40   PASS   清除文本[clear]  用时:0.018s  
20191205_14_14_06_717601_20880report.log 2019-12-05 14:14:21  loga.py  writeLog [line:134] INFO 行号:41   PASS   查找元素[find_element]  用时:0.007s  
20191205_14_14_06_717601_20880report.log 2019-12-05 14:14:21  loga.py  writeLog [line:134] INFO 行号:41   PASS   模拟输入[send_keys]  用时:0.058s  
20191205_14_14_06_717601_20880report.log 2019-12-05 14:14:22  loga.py  writeLog [line:134] INFO 行号:42   PASS   查找元素[find_element]  用时:0.009s  
20191205_14_14_06_717601_20880report.log 2019-12-05 14:14:23  loga.py  writeLog [line:134] INFO 行号:42   PASS   清除文本[clear]  用时:0.018s  
20191205_14_14_06_717601_20880report.log 2019-12-05 14:14:24  loga.py  writeLog [line:134] INFO 行号:43   PASS   查找元素[find_element]  用时:0.007s  
20191205_14_14_06_717601_20880report.log 2019-12-05 14:14:24  loga.py  writeLog [line:134] INFO 行号:43   PASS   模拟输入[send_keys]  用时:0.049s  
20191205_14_14_06_717601_20880report.log 2019-12-05 14:14:25  loga.py  writeLog [line:134] INFO 行号:45   PASS   查找元素[find_element]  用时:0.033s  
20191205_14_14_06_717601_20880report.log 2019-12-05 14:14:26  loga.py  writeLog [line:134] INFO 行号:46   PASS   查找元素[find_element]  用时:0.011s  
20191205_14_14_06_717601_20880report.log 2019-12-05 14:14:26  loga.py  writeLog [line:134] INFO 行号:46   PASS   左键单击[click]  用时:0.082s  
20191205_14_14_06_717601_20880report.log 2019-12-05 14:14:27  loga.py  writeLog [line:134] INFO 行号:52   PASS   查找元素[find_element]  用时:0.010s  
20191205_14_14_06_717601_20880report.log 2019-12-05 14:14:28  loga.py  writeLog [line:134] INFO 行号:53   PASS   查找元素[find_element]  用时:0.006s  
20191205_14_14_06_717601_20880report.log 2019-12-05 14:14:29  loga.py  writeLog [line:134] INFO 行号:53   PASS   左键单击[click]  用时:0.077s  
20191205_14_14_06_717601_20880report.log 2019-12-05 14:14:30  loga.py  writeLog [line:134] INFO 行号:54   PASS   查找元素[find_element]  用时:0.011s  
20191205_14_14_06_717601_20880report.log 2019-12-05 14:14:30  loga.py  writeLog [line:134] INFO 行号:54   PASS   左键单击[click]  用时:0.081s  
20191205_14_14_06_717601_20880report.log 2019-12-05 14:14:31  loga.py  writeLog [line:134] INFO 行号:56   PASS   查找元素[find_element]  用时:0.010s  
20191205_14_14_06_717601_20880report.log 2019-12-05 14:14:32  loga.py  writeLog [line:134] INFO 行号:56   PASS   左键单击[click]  用时:0.396s  
20191205_14_14_06_717601_20880report.log 2019-12-05 14:14:33  loga.py  putSystemLog [line:74] INFO 脚本运行完毕...
20191205_14_14_06_717601_20880report.log 2019-12-05 14:14:33  loga.py  putSystemLog [line:74] INFO 开始运行脚本<class 'script.testCase.Y3me项目.数字化建模.费用管理.城市分级.EasyCase'>
20191205_14_14_06_717601_20880report.log 2019-12-05 14:14:33  loga.py  writeLog [line:134] INFO 行号:26   PASS   刷新页面[refresh]  用时:0.005s  
20191205_14_14_06_717601_20880report.log 2019-12-05 14:14:34  loga.py  writeLog [line:134] INFO 行号:28   PASS   查找元素[find_element]  用时:0.020s  
20191205_14_14_06_717601_20880report.log 2019-12-05 14:14:35  loga.py  writeLog [line:134] INFO 行号:28   PASS   左键单击[click]  用时:0.065s  
20191205_14_14_06_717601_20880report.log 2019-12-05 14:14:37  loga.py  writeLog [line:134] INFO 行号:31   PASS   查找元素[find_element]  用时:0.013s  
20191205_14_14_06_717601_20880report.log 2019-12-05 14:14:37  loga.py  writeLog [line:134] INFO 行号:31   PASS   左键单击[click]  用时:0.044s  
20191205_14_14_06_717601_20880report.log 2019-12-05 14:14:39  loga.py  writeLog [line:134] INFO 行号:34   PASS   查找元素[find_element]  用时:0.009s  
20191205_14_14_06_717601_20880report.log 2019-12-05 14:14:42  loga.py  writeLog [line:134] INFO 行号:41   PASS   查找元素[find_element]  用时:0.010s  
20191205_14_14_06_717601_20880report.log 2019-12-05 14:14:46  loga.py  writeLog [line:134] INFO 行号:48   PASS   查找元素[find_element]  用时:0.023s  
20191205_14_14_06_717601_20880report.log 2019-12-05 14:14:49  loga.py  writeLog [line:134] INFO 行号:51   PASS   查找元素[find_element]  用时:0.010s  
20191205_14_14_06_717601_20880report.log 2019-12-05 14:14:49  loga.py  writeLog [line:134] INFO 行号:52   PASS   切换到表单[frame]  用时:0.016s  
20191205_14_14_06_717601_20880report.log 2019-12-05 14:14:50  loga.py  writeLog [line:134] INFO 行号:56   PASS   查找元素[find_element]  用时:0.085s  
20191205_14_14_06_717601_20880report.log 2019-12-05 14:14:51  loga.py  writeLog [line:134] INFO 行号:57   PASS   查找元素[find_element]  用时:0.006s  
20191205_14_14_06_717601_20880report.log 2019-12-05 14:14:52  loga.py  writeLog [line:134] INFO 行号:57   PASS   模拟输入[send_keys]  用时:0.040s  
20191205_14_14_06_717601_20880report.log 2019-12-05 14:14:53  loga.py  writeLog [line:134] INFO 行号:58   PASS   查找元素[find_element]  用时:0.006s  
20191205_14_14_06_717601_20880report.log 2019-12-05 14:14:53  loga.py  writeLog [line:134] INFO 行号:58   PASS   模拟输入[send_keys]  用时:0.021s  
20191205_14_14_06_717601_20880report.log 2019-12-05 14:14:54  loga.py  writeLog [line:134] INFO 行号:62   PASS   查找元素[find_element]  用时:0.008s  
20191205_14_14_06_717601_20880report.log 2019-12-05 14:14:55  loga.py  writeLog [line:134] INFO 行号:63   PASS   查找元素[find_element]  用时:0.006s  
20191205_14_14_06_717601_20880report.log 2019-12-05 14:14:55  loga.py  writeLog [line:134] INFO 行号:64   TRUE   断言：实例[assertIsInstance] 用时:0.000s TRUE.
20191205_14_14_06_717601_20880report.log 2019-12-05 14:14:55  loga.py  writeLog [line:134] INFO 行号:64   TRUE   断言：实例[assertIsInstance] 用时:0.000s TRUE.
20191205_14_14_06_717601_20880report.log 2019-12-05 14:14:55  loga.py  writeLog [line:134] INFO 行号:64   TRUE   断言：相等[assertEqual] 用时:0.001s TRUE.
20191205_14_14_06_717601_20880report.log 2019-12-05 14:14:55  loga.py  writeLog [line:134] INFO 行号:68   PASS   查找元素[find_element]  用时:0.008s  
20191205_14_14_06_717601_20880report.log 2019-12-05 14:14:56  loga.py  writeLog [line:134] INFO 行号:69   PASS   查找元素[find_element]  用时:0.006s  
20191205_14_14_06_717601_20880report.log 2019-12-05 14:14:56  loga.py  writeLog [line:134] INFO 行号:69   PASS   左键单击[click]  用时:0.102s  
20191205_14_14_06_717601_20880report.log 2019-12-05 14:14:57  loga.py  writeLog [line:134] INFO 行号:73   PASS   查找元素[find_element]  用时:0.011s  
20191205_14_14_06_717601_20880report.log 2019-12-05 14:14:58  loga.py  writeLog [line:134] INFO 行号:77   PASS   查找元素[find_element]  用时:0.007s  
20191205_14_14_06_717601_20880report.log 2019-12-05 14:14:58  loga.py  writeLog [line:134] INFO 行号:78   FAIL   查找元素[find_element]  用时:0.014s  参数:{'list': '', 'dict': {'css selector': 'arguments[0]:first-line'}} 页面中没有该元素.NoSuchElementException
20191205_14_14_06_717601_20880report.log 2019-12-05 14:14:59  loga.py  writeLog [line:134] INFO 行号:78   ERROR  左键单击[click] <SRC.webdriver.webelement.WebElement (session="363a0f049948c93781c77d5fed00a297", element="5ba89b7f-d3e6-4f8f-ac79-3fd59dae19ba")> 用时:0.000s  由于未找到元素，操作失败
20191205_14_14_06_717601_20880report.log 2019-12-05 14:15:00  loga.py  writeLog [line:134] INFO 行号:82   PASS   查找元素[find_element]  用时:0.010s  
20191205_14_14_06_717601_20880report.log 2019-12-05 14:15:00  loga.py  writeLog [line:134] INFO 行号:83   PASS   查找元素[find_element]  用时:0.006s  
20191205_14_14_06_717601_20880report.log 2019-12-05 14:15:01  loga.py  writeLog [line:134] INFO 行号:83   PASS   左键单击[click]  用时:0.092s  
20191205_14_14_06_717601_20880report.log 2019-12-05 14:15:02  loga.py  writeLog [line:134] INFO 行号:87   PASS   查找元素[find_element]  用时:0.011s  
20191205_14_14_06_717601_20880report.log 2019-12-05 14:15:02  loga.py  writeLog [line:134] INFO 行号:88   PASS   查找元素[find_element]  用时:0.006s  
20191205_14_14_06_717601_20880report.log 2019-12-05 14:15:03  loga.py  writeLog [line:134] INFO 行号:89   TRUE   断言：实例[assertIsInstance] 用时:0.000s TRUE.
20191205_14_14_06_717601_20880report.log 2019-12-05 14:15:03  loga.py  writeLog [line:134] INFO 行号:89   TRUE   断言：实例[assertIsInstance] 用时:0.000s TRUE.
20191205_14_14_06_717601_20880report.log 2019-12-05 14:15:03  loga.py  writeLog [line:134] INFO 行号:89   TRUE   断言：相等[assertEqual] 用时:0.000s TRUE.
20191205_14_14_06_717601_20880report.log 2019-12-05 14:15:03  loga.py  writeLog [line:134] INFO 行号:93   PASS   查找元素[find_element]  用时:0.009s  
20191205_14_14_06_717601_20880report.log 2019-12-05 14:15:03  loga.py  writeLog [line:134] INFO 行号:94   PASS   查找元素[find_element]  用时:0.006s  
20191205_14_14_06_717601_20880report.log 2019-12-05 14:15:04  loga.py  writeLog [line:134] INFO 行号:94   PASS   左键单击[click]  用时:0.077s  
20191205_14_14_06_717601_20880report.log 2019-12-05 14:15:05  loga.py  writeLog [line:134] INFO 行号:98   PASS   查找元素[find_element]  用时:0.008s  
20191205_14_14_06_717601_20880report.log 2019-12-05 14:15:06  loga.py  writeLog [line:134] INFO 行号:99   PASS   查找元素[find_element]  用时:0.008s  
20191205_14_14_06_717601_20880report.log 2019-12-05 14:15:06  loga.py  writeLog [line:134] INFO 行号:0    ERROR  [runTest]  用时:  测试用例脚本发生错误，请检查脚本代码：wrapper() missing 1 required positional argument: 'alias'
20191205_14_14_06_717601_20880report.log 2019-12-05 14:15:06  loga.py  putSystemLog [line:74] INFO 脚本运行完毕...
20191205_14_14_06_717601_20880report.log 2019-12-05 14:15:06  loga.py  putSystemLog [line:74] INFO 开始运行脚本<class 'script.testCase.U8EX项目.公共.U8EX登出.EasyCase'>
20191205_14_14_06_717601_20880report.log 2019-12-05 14:15:06  loga.py  writeLog [line:134] INFO 行号:24   PASS   刷新页面[refresh]  用时:0.012s  
20191205_14_14_06_717601_20880report.log 2019-12-05 14:15:08  loga.py  writeLog [line:134] INFO 行号:26   PASS   查找元素[find_element]  用时:0.011s  
20191205_14_14_06_717601_20880report.log 2019-12-05 14:15:09  loga.py  writeLog [line:134] INFO 行号:26   PASS   左键单击[click]  用时:0.047s  
20191205_14_14_06_717601_20880report.log 2019-12-05 14:15:10  loga.py  writeLog [line:134] INFO 行号:27   PASS   查找元素[find_element]  用时:0.012s  
20191205_14_14_06_717601_20880report.log 2019-12-05 14:15:11  loga.py  writeLog [line:134] INFO 行号:27   PASS   左键单击[click]  用时:0.534s  
20191205_14_14_06_717601_20880report.log 2019-12-05 14:15:12  loga.py  putSystemLog [line:74] INFO 脚本运行完毕...
20191205_14_14_06_717601_20880report.log 2019-12-05 14:15:12  loga.py  writeLog [line:134] INFO 行号:0    PASS   关闭浏览器[quit]  用时:0.210s  
20191205_14_14_06_717601_20880report.log 2019-12-05 14:15:15  loga.py  putSystemLog [line:74] INFO 场景<1>结束.用时:68.683s.
20191205_14_14_06_717601_20880report.log 2019-12-05 14:15:15  loga.py  putSystemLog [line:74] INFO 场景统计结果：PASS: 65(95.59%),FAIL:  1(1.47%),ERROR:  2(2.94%),TRUE:  6,FALSE:  0

20191205_14_14_06_717601_20880report.log 2019-12-05 14:15:15  loga.py  putSystemLog [line:74] INFO ----------------------------------------
20191205_14_14_06_717601_20880report.log 2019-12-05 14:15:15  loga.py  putSystemLog [line:74] INFO End.
20191205_14_14_06_717601_20880report.log 2019-12-05 14:15:15  loga.py  putSystemLog [line:74] INFO 测试方案统计结果:
                    场景<1>:PASS: 65(95.59%),FAIL:  1(1.47%),ERROR:  2(2.94%),TRUE:  6,FALSE:  0
                    总   计:PASS: 65(95.59%),FAIL:  1(1.47%),ERROR:  2(2.94%),TRUE:  6,FALSE:  0

