20191205_10_32_56_445324_19600report.log 2019-12-05 10:32:56  loga.py  putSystemLog [line:74] INFO Start.
20191205_10_32_56_445324_19600report.log 2019-12-05 10:32:56  loga.py  putSystemLog [line:74] INFO 场景<1>开始.
20191205_10_32_56_445324_19600report.log 2019-12-05 10:33:00  loga.py  writeLog [line:134] INFO 行号:0    PASS   最大化浏览器窗口[maximize_window]  用时:1.116s  
20191205_10_32_56_445324_19600report.log 2019-12-05 10:33:01  loga.py  putSystemLog [line:74] INFO chrome浏览器启动成功.
20191205_10_32_56_445324_19600report.log 2019-12-05 10:33:01  loga.py  putSystemLog [line:74] INFO 开始加载脚本...
20191205_10_32_56_445324_19600report.log 2019-12-05 10:33:01  loga.py  putSystemLog [line:74] INFO 脚本<1>：U8EX登录 加载成功.脚本路径：script/testCase/U8EX项目/公共/U8EX登录
20191205_10_32_56_445324_19600report.log 2019-12-05 10:33:01  loga.py  putSystemLog [line:74] INFO 脚本<2>：申请控制 加载成功.脚本路径：script/testCase/Y3me项目/数字化建模/费用管理/申请控制
20191205_10_32_56_445324_19600report.log 2019-12-05 10:33:01  loga.py  putSystemLog [line:74] INFO 脚本<3>：U8EX登出 加载成功.脚本路径：script/testCase/U8EX项目/公共/U8EX登出
20191205_10_32_56_445324_19600report.log 2019-12-05 10:33:01  loga.py  putSystemLog [line:74] INFO 脚本加载完成...
20191205_10_32_56_445324_19600report.log 2019-12-05 10:33:01  loga.py  putSystemLog [line:74] INFO 开始运行脚本<class 'script.testCase.U8EX项目.公共.U8EX登录.EasyCase'>
20191205_10_32_56_445324_19600report.log 2019-12-05 10:33:04  loga.py  writeLog [line:134] INFO 行号:27   PASS   访问页面[get]  用时:3.047s  
20191205_10_32_56_445324_19600report.log 2019-12-05 10:33:05  loga.py  writeLog [line:134] INFO 行号:29   PASS   查找元素[find_element]  用时:0.010s  
20191205_10_32_56_445324_19600report.log 2019-12-05 10:33:05  loga.py  writeLog [line:134] INFO 行号:30   PASS   查找元素[find_element]  用时:0.006s  
20191205_10_32_56_445324_19600report.log 2019-12-05 10:33:06  loga.py  writeLog [line:134] INFO 行号:30   PASS   左键单击[click]  用时:0.052s  
20191205_10_32_56_445324_19600report.log 2019-12-05 10:33:07  loga.py  writeLog [line:134] INFO 行号:34   PASS   查找元素[find_element]  用时:0.008s  
20191205_10_32_56_445324_19600report.log 2019-12-05 10:33:07  loga.py  writeLog [line:134] INFO 行号:35   PASS   查找元素[find_element]  用时:0.005s  
20191205_10_32_56_445324_19600report.log 2019-12-05 10:33:08  loga.py  writeLog [line:134] INFO 行号:36   PASS   切换到表单[frame]  用时:0.016s  
20191205_10_32_56_445324_19600report.log 2019-12-05 10:33:10  loga.py  writeLog [line:134] INFO 行号:39   PASS   查找元素[find_element]  用时:0.009s  
20191205_10_32_56_445324_19600report.log 2019-12-05 10:33:10  loga.py  writeLog [line:134] INFO 行号:40   PASS   查找元素[find_element]  用时:0.006s  
20191205_10_32_56_445324_19600report.log 2019-12-05 10:33:11  loga.py  writeLog [line:134] INFO 行号:40   PASS   清除文本[clear]  用时:0.019s  
20191205_10_32_56_445324_19600report.log 2019-12-05 10:33:12  loga.py  writeLog [line:134] INFO 行号:41   PASS   查找元素[find_element]  用时:0.007s  
20191205_10_32_56_445324_19600report.log 2019-12-05 10:33:12  loga.py  writeLog [line:134] INFO 行号:41   PASS   模拟输入[send_keys]  用时:0.078s  
20191205_10_32_56_445324_19600report.log 2019-12-05 10:33:13  loga.py  writeLog [line:134] INFO 行号:42   PASS   查找元素[find_element]  用时:0.010s  
20191205_10_32_56_445324_19600report.log 2019-12-05 10:33:14  loga.py  writeLog [line:134] INFO 行号:42   PASS   清除文本[clear]  用时:0.018s  
20191205_10_32_56_445324_19600report.log 2019-12-05 10:33:15  loga.py  writeLog [line:134] INFO 行号:43   PASS   查找元素[find_element]  用时:0.006s  
20191205_10_32_56_445324_19600report.log 2019-12-05 10:33:16  loga.py  writeLog [line:134] INFO 行号:43   PASS   模拟输入[send_keys]  用时:0.084s  
20191205_10_32_56_445324_19600report.log 2019-12-05 10:33:17  loga.py  writeLog [line:134] INFO 行号:45   PASS   查找元素[find_element]  用时:0.010s  
20191205_10_32_56_445324_19600report.log 2019-12-05 10:33:17  loga.py  writeLog [line:134] INFO 行号:46   PASS   查找元素[find_element]  用时:0.005s  
20191205_10_32_56_445324_19600report.log 2019-12-05 10:33:18  loga.py  writeLog [line:134] INFO 行号:46   PASS   左键单击[click]  用时:0.083s  
20191205_10_32_56_445324_19600report.log 2019-12-05 10:33:19  loga.py  writeLog [line:134] INFO 行号:52   PASS   查找元素[find_element]  用时:0.013s  
20191205_10_32_56_445324_19600report.log 2019-12-05 10:33:20  loga.py  writeLog [line:134] INFO 行号:53   PASS   查找元素[find_element]  用时:0.007s  
20191205_10_32_56_445324_19600report.log 2019-12-05 10:33:20  loga.py  writeLog [line:134] INFO 行号:53   PASS   左键单击[click]  用时:0.070s  
20191205_10_32_56_445324_19600report.log 2019-12-05 10:33:21  loga.py  writeLog [line:134] INFO 行号:54   PASS   查找元素[find_element]  用时:0.009s  
20191205_10_32_56_445324_19600report.log 2019-12-05 10:33:22  loga.py  writeLog [line:134] INFO 行号:54   PASS   左键单击[click]  用时:0.083s  
20191205_10_32_56_445324_19600report.log 2019-12-05 10:33:23  loga.py  writeLog [line:134] INFO 行号:56   PASS   查找元素[find_element]  用时:0.010s  
20191205_10_32_56_445324_19600report.log 2019-12-05 10:33:24  loga.py  writeLog [line:134] INFO 行号:56   PASS   左键单击[click]  用时:0.429s  
20191205_10_32_56_445324_19600report.log 2019-12-05 10:33:25  loga.py  putSystemLog [line:74] INFO 脚本运行完毕...
20191205_10_32_56_445324_19600report.log 2019-12-05 10:33:25  loga.py  putSystemLog [line:74] INFO 开始运行脚本<class 'script.testCase.Y3me项目.数字化建模.费用管理.申请控制.EasyCase'>
20191205_10_32_56_445324_19600report.log 2019-12-05 10:33:25  loga.py  writeLog [line:134] INFO 行号:24   PASS   刷新页面[refresh]  用时:0.008s  
20191205_10_32_56_445324_19600report.log 2019-12-05 10:33:26  loga.py  writeLog [line:134] INFO 行号:26   PASS   查找元素[find_element]  用时:0.011s  
20191205_10_32_56_445324_19600report.log 2019-12-05 10:33:26  loga.py  writeLog [line:134] INFO 行号:26   PASS   左键单击[click]  用时:0.071s  
20191205_10_32_56_445324_19600report.log 2019-12-05 10:33:28  loga.py  writeLog [line:134] INFO 行号:29   PASS   查找元素[find_element]  用时:0.010s  
20191205_10_32_56_445324_19600report.log 2019-12-05 10:33:29  loga.py  writeLog [line:134] INFO 行号:29   PASS   左键单击[click]  用时:0.066s  
20191205_10_32_56_445324_19600report.log 2019-12-05 10:33:31  loga.py  writeLog [line:134] INFO 行号:32   PASS   查找元素[find_element]  用时:0.010s  
20191205_10_32_56_445324_19600report.log 2019-12-05 10:33:34  loga.py  writeLog [line:134] INFO 行号:39   PASS   查找元素[find_element]  用时:0.009s  
20191205_10_32_56_445324_19600report.log 2019-12-05 10:33:37  loga.py  writeLog [line:134] INFO 行号:46   PASS   查找元素[find_element]  用时:0.010s  
20191205_10_32_56_445324_19600report.log 2019-12-05 10:33:39  loga.py  writeLog [line:134] INFO 行号:49   PASS   查找元素[find_element]  用时:0.016s  
20191205_10_32_56_445324_19600report.log 2019-12-05 10:33:39  loga.py  writeLog [line:134] INFO 行号:50   PASS   切换到表单[frame]  用时:0.016s  
20191205_10_32_56_445324_19600report.log 2019-12-05 10:33:41  loga.py  writeLog [line:134] INFO 行号:53   PASS   查找元素[find_element]  用时:0.505s  
20191205_10_32_56_445324_19600report.log 2019-12-05 10:33:41  loga.py  writeLog [line:134] INFO 行号:54   PASS   查找元素[find_element]  用时:0.008s  
20191205_10_32_56_445324_19600report.log 2019-12-05 10:33:42  loga.py  writeLog [line:134] INFO 行号:54   PASS   左键单击[click]  用时:0.119s  
20191205_10_32_56_445324_19600report.log 2019-12-05 10:33:43  loga.py  writeLog [line:134] INFO 行号:56   PASS   查找元素[find_element]  用时:0.009s  
20191205_10_32_56_445324_19600report.log 2019-12-05 10:33:43  loga.py  writeLog [line:134] INFO 行号:56   PASS   左键单击[click]  用时:0.065s  
20191205_10_32_56_445324_19600report.log 2019-12-05 10:33:44  loga.py  writeLog [line:134] INFO 行号:57   PASS   查找元素[find_element]  用时:0.028s  
20191205_10_32_56_445324_19600report.log 2019-12-05 10:33:45  loga.py  writeLog [line:134] INFO 行号:58   PASS   执行JS代码[execute_script]  用时:0.027s  
20191205_10_32_56_445324_19600report.log 2019-12-05 10:33:46  loga.py  writeLog [line:134] INFO 行号:61   PASS   查找元素[find_element]  用时:0.019s  
20191205_10_32_56_445324_19600report.log 2019-12-05 10:33:47  loga.py  writeLog [line:134] INFO 行号:62   PASS   查找元素[find_element]  用时:0.007s  
20191205_10_32_56_445324_19600report.log 2019-12-05 10:33:47  loga.py  writeLog [line:134] INFO 行号:62   PASS   左键单击[click]  用时:0.110s  
20191205_10_32_56_445324_19600report.log 2019-12-05 10:33:48  loga.py  writeLog [line:134] INFO 行号:66   PASS   查找元素[find_element]  用时:0.009s  
20191205_10_32_56_445324_19600report.log 2019-12-05 10:33:49  loga.py  writeLog [line:134] INFO 行号:67   PASS   查找元素[find_element]  用时:0.007s  
20191205_10_32_56_445324_19600report.log 2019-12-05 10:33:49  loga.py  writeLog [line:134] INFO 行号:67   PASS   左键单击[click]  用时:0.075s  
20191205_10_32_56_445324_19600report.log 2019-12-05 10:33:50  loga.py  writeLog [line:134] INFO 行号:72   PASS   查找元素[find_element]  用时:0.010s  
20191205_10_32_56_445324_19600report.log 2019-12-05 10:33:51  loga.py  writeLog [line:134] INFO 行号:74   PASS   查找元素[find_element]  用时:0.006s  
20191205_10_32_56_445324_19600report.log 2019-12-05 10:33:51  loga.py  writeLog [line:134] INFO 行号:74   PASS   左键单击[click]  用时:0.092s  
20191205_10_32_56_445324_19600report.log 2019-12-05 10:33:52  loga.py  writeLog [line:134] INFO 行号:78   PASS   查找元素[find_element]  用时:0.010s  
20191205_10_32_56_445324_19600report.log 2019-12-05 10:33:53  loga.py  writeLog [line:134] INFO 行号:79   PASS   查找元素[find_element]  用时:0.007s  
20191205_10_32_56_445324_19600report.log 2019-12-05 10:33:53  loga.py  writeLog [line:134] INFO 行号:79   PASS   左键单击[click]  用时:0.062s  
20191205_10_32_56_445324_19600report.log 2019-12-05 10:33:54  loga.py  writeLog [line:134] INFO 行号:84   PASS   查找元素[find_element]  用时:0.006s  
20191205_10_32_56_445324_19600report.log 2019-12-05 10:33:55  loga.py  writeLog [line:134] INFO 行号:86   PASS   查找元素[find_element]  用时:0.006s  
20191205_10_32_56_445324_19600report.log 2019-12-05 10:33:56  loga.py  writeLog [line:134] INFO 行号:86   PASS   左键单击[click]  用时:0.112s  
20191205_10_32_56_445324_19600report.log 2019-12-05 10:33:57  loga.py  writeLog [line:134] INFO 行号:89   PASS   查找元素[find_element]  用时:0.010s  
20191205_10_32_56_445324_19600report.log 2019-12-05 10:33:57  loga.py  writeLog [line:134] INFO 行号:91   PASS   查找元素[find_element]  用时:0.006s  
20191205_10_32_56_445324_19600report.log 2019-12-05 10:33:58  loga.py  writeLog [line:134] INFO 行号:91   PASS   左键单击[click]  用时:0.075s  
20191205_10_32_56_445324_19600report.log 2019-12-05 10:33:59  loga.py  writeLog [line:134] INFO 行号:96   PASS   查找元素[find_element]  用时:0.009s  
20191205_10_32_56_445324_19600report.log 2019-12-05 10:33:59  loga.py  writeLog [line:134] INFO 行号:98   PASS   查找元素[find_element]  用时:0.007s  
20191205_10_32_56_445324_19600report.log 2019-12-05 10:34:00  loga.py  writeLog [line:134] INFO 行号:99   TRUE   断言：非None对象[assertIsNotNone] 用时:0.000s TRUE.
20191205_10_32_56_445324_19600report.log 2019-12-05 10:34:00  loga.py  writeLog [line:134] INFO 行号:104  PASS   查找元素[find_element]  用时:0.009s  
20191205_10_32_56_445324_19600report.log 2019-12-05 10:34:00  loga.py  writeLog [line:134] INFO 行号:106  PASS   查找元素[find_element]  用时:0.006s  
20191205_10_32_56_445324_19600report.log 2019-12-05 10:34:01  loga.py  writeLog [line:134] INFO 行号:106  PASS   左键单击[click]  用时:0.130s  
20191205_10_32_56_445324_19600report.log 2019-12-05 10:34:02  loga.py  writeLog [line:134] INFO 行号:110  PASS   查找元素[find_element]  用时:0.009s  
20191205_10_32_56_445324_19600report.log 2019-12-05 10:34:02  loga.py  writeLog [line:134] INFO 行号:111  PASS   查找元素[find_element]  用时:0.006s  
20191205_10_32_56_445324_19600report.log 2019-12-05 10:34:03  loga.py  writeLog [line:134] INFO 行号:111  PASS   左键单击[click]  用时:0.115s  
20191205_10_32_56_445324_19600report.log 2019-12-05 10:34:04  loga.py  writeLog [line:134] INFO 行号:115  PASS   查找元素[find_element]  用时:0.011s  
20191205_10_32_56_445324_19600report.log 2019-12-05 10:34:05  loga.py  writeLog [line:134] INFO 行号:116  PASS   查找元素[find_element]  用时:0.008s  
20191205_10_32_56_445324_19600report.log 2019-12-05 10:34:05  loga.py  writeLog [line:134] INFO 行号:116  PASS   左键单击[click]  用时:0.059s  
20191205_10_32_56_445324_19600report.log 2019-12-05 10:34:06  loga.py  writeLog [line:134] INFO 行号:121  PASS   查找元素[find_element]  用时:0.006s  
20191205_10_32_56_445324_19600report.log 2019-12-05 10:34:07  loga.py  writeLog [line:134] INFO 行号:123  PASS   查找元素[find_element]  用时:0.005s  
20191205_10_32_56_445324_19600report.log 2019-12-05 10:34:07  loga.py  writeLog [line:134] INFO 行号:123  PASS   左键单击[click]  用时:0.092s  
20191205_10_32_56_445324_19600report.log 2019-12-05 10:34:08  loga.py  writeLog [line:134] INFO 行号:127  PASS   查找元素[find_element]  用时:0.011s  
20191205_10_32_56_445324_19600report.log 2019-12-05 10:34:09  loga.py  writeLog [line:134] INFO 行号:130  PASS   查找元素[find_element]  用时:0.007s  
20191205_10_32_56_445324_19600report.log 2019-12-05 10:34:09  loga.py  writeLog [line:134] INFO 行号:131  PASS   执行JS代码[execute_script]  用时:0.020s  
20191205_10_32_56_445324_19600report.log 2019-12-05 10:34:10  loga.py  writeLog [line:134] INFO 行号:133  PASS   查找元素[find_element]  用时:0.007s  
20191205_10_32_56_445324_19600report.log 2019-12-05 10:34:11  loga.py  writeLog [line:134] INFO 行号:133  PASS   左键单击[click]  用时:0.065s  
20191205_10_32_56_445324_19600report.log 2019-12-05 10:34:12  loga.py  writeLog [line:134] INFO 行号:138  PASS   查找元素[find_element]  用时:0.019s  
20191205_10_32_56_445324_19600report.log 2019-12-05 10:34:12  loga.py  writeLog [line:134] INFO 行号:140  PASS   查找元素[find_element]  用时:0.007s  
20191205_10_32_56_445324_19600report.log 2019-12-05 10:34:13  loga.py  writeLog [line:134] INFO 行号:140  PASS   左键单击[click]  用时:0.093s  
20191205_10_32_56_445324_19600report.log 2019-12-05 10:34:14  loga.py  writeLog [line:134] INFO 行号:144  PASS   查找元素[find_element]  用时:0.009s  
20191205_10_32_56_445324_19600report.log 2019-12-05 10:34:15  loga.py  writeLog [line:134] INFO 行号:145  PASS   查找元素[find_element]  用时:0.008s  
20191205_10_32_56_445324_19600report.log 2019-12-05 10:34:15  loga.py  writeLog [line:134] INFO 行号:145  PASS   左键单击[click]  用时:0.065s  
20191205_10_32_56_445324_19600report.log 2019-12-05 10:34:16  loga.py  writeLog [line:134] INFO 行号:150  PASS   查找元素[find_element]  用时:0.006s  
20191205_10_32_56_445324_19600report.log 2019-12-05 10:34:17  loga.py  writeLog [line:134] INFO 行号:152  PASS   查找元素[find_element]  用时:0.006s  
20191205_10_32_56_445324_19600report.log 2019-12-05 10:34:17  loga.py  writeLog [line:134] INFO 行号:152  PASS   左键单击[click]  用时:0.090s  
20191205_10_32_56_445324_19600report.log 2019-12-05 10:34:18  loga.py  writeLog [line:134] INFO 行号:156  PASS   查找元素[find_element]  用时:0.011s  
20191205_10_32_56_445324_19600report.log 2019-12-05 10:34:19  loga.py  writeLog [line:134] INFO 行号:157  PASS   查找元素[find_element]  用时:0.007s  
20191205_10_32_56_445324_19600report.log 2019-12-05 10:34:19  loga.py  writeLog [line:134] INFO 行号:157  PASS   左键单击[click]  用时:0.056s  
20191205_10_32_56_445324_19600report.log 2019-12-05 10:34:20  loga.py  writeLog [line:134] INFO 行号:162  PASS   查找元素[find_element]  用时:0.010s  
20191205_10_32_56_445324_19600report.log 2019-12-05 10:34:21  loga.py  writeLog [line:134] INFO 行号:164  PASS   查找元素[find_element]  用时:0.006s  
20191205_10_32_56_445324_19600report.log 2019-12-05 10:34:21  loga.py  writeLog [line:134] INFO 行号:164  PASS   左键单击[click]  用时:0.090s  
20191205_10_32_56_445324_19600report.log 2019-12-05 10:34:22  loga.py  writeLog [line:134] INFO 行号:168  PASS   查找元素[find_element]  用时:0.009s  
20191205_10_32_56_445324_19600report.log 2019-12-05 10:34:23  loga.py  writeLog [line:134] INFO 行号:169  PASS   查找元素[find_element]  用时:0.005s  
20191205_10_32_56_445324_19600report.log 2019-12-05 10:34:24  loga.py  writeLog [line:134] INFO 行号:169  PASS   左键单击[click]  用时:0.073s  
20191205_10_32_56_445324_19600report.log 2019-12-05 10:34:25  loga.py  writeLog [line:134] INFO 行号:172  PASS   查找元素[find_element]  用时:0.008s  
20191205_10_32_56_445324_19600report.log 2019-12-05 10:34:25  loga.py  writeLog [line:134] INFO 行号:172  PASS   左键单击[click]  用时:0.053s  
20191205_10_32_56_445324_19600report.log 2019-12-05 10:34:27  loga.py  writeLog [line:134] INFO 行号:174  PASS   查找元素[find_element]  用时:0.025s  
20191205_10_32_56_445324_19600report.log 2019-12-05 10:34:28  loga.py  writeLog [line:134] INFO 行号:174  PASS   左键单击[click]  用时:0.051s  
20191205_10_32_56_445324_19600report.log 2019-12-05 10:34:29  loga.py  putSystemLog [line:74] INFO 脚本运行完毕...
20191205_10_32_56_445324_19600report.log 2019-12-05 10:34:29  loga.py  putSystemLog [line:74] INFO 开始运行脚本<class 'script.testCase.U8EX项目.公共.U8EX登出.EasyCase'>
20191205_10_32_56_445324_19600report.log 2019-12-05 10:34:29  loga.py  writeLog [line:134] INFO 行号:24   PASS   刷新页面[refresh]  用时:0.011s  
20191205_10_32_56_445324_19600report.log 2019-12-05 10:34:31  loga.py  writeLog [line:134] INFO 行号:26   PASS   查找元素[find_element]  用时:0.010s  
20191205_10_32_56_445324_19600report.log 2019-12-05 10:34:31  loga.py  writeLog [line:134] INFO 行号:26   PASS   左键单击[click]  用时:0.060s  
20191205_10_32_56_445324_19600report.log 2019-12-05 10:34:32  loga.py  writeLog [line:134] INFO 行号:27   PASS   查找元素[find_element]  用时:0.018s  
20191205_10_32_56_445324_19600report.log 2019-12-05 10:34:33  loga.py  writeLog [line:134] INFO 行号:27   PASS   左键单击[click]  用时:0.429s  
20191205_10_32_56_445324_19600report.log 2019-12-05 10:34:34  loga.py  putSystemLog [line:74] INFO 脚本运行完毕...
20191205_10_32_56_445324_19600report.log 2019-12-05 10:34:34  loga.py  writeLog [line:134] INFO 行号:0    PASS   关闭浏览器[quit]  用时:0.214s  
20191205_10_32_56_445324_19600report.log 2019-12-05 10:34:37  loga.py  putSystemLog [line:74] INFO 场景<1>结束.用时:101.459s.
20191205_10_32_56_445324_19600report.log 2019-12-05 10:34:37  loga.py  putSystemLog [line:74] INFO 场景统计结果：PASS:109(100.00%),FAIL:  0(0.00%),ERROR:  0(0.00%),TRUE:  1,FALSE:  0

20191205_10_32_56_445324_19600report.log 2019-12-05 10:34:37  loga.py  putSystemLog [line:74] INFO ----------------------------------------
20191205_10_32_56_445324_19600report.log 2019-12-05 10:34:37  loga.py  putSystemLog [line:74] INFO End.
20191205_10_32_56_445324_19600report.log 2019-12-05 10:34:37  loga.py  putSystemLog [line:74] INFO 测试方案统计结果:
                    场景<1>:PASS:109(100.00%),FAIL:  0(0.00%),ERROR:  0(0.00%),TRUE:  1,FALSE:  0
                    总   计:PASS:109(100.00%),FAIL:  0(0.00%),ERROR:  0(0.00%),TRUE:  1,FALSE:  0

