20191205_10_17_24_847077_20000report.log 2019-12-05 10:17:24  loga.py  putSystemLog [line:74] INFO Start.
20191205_10_17_24_847077_20000report.log 2019-12-05 10:17:24  loga.py  putSystemLog [line:74] INFO 场景<1>开始.
20191205_10_17_24_847077_20000report.log 2019-12-05 10:17:28  loga.py  writeLog [line:134] INFO 行号:0    PASS   最大化浏览器窗口[maximize_window]  用时:1.115s  
20191205_10_17_24_847077_20000report.log 2019-12-05 10:17:29  loga.py  putSystemLog [line:74] INFO chrome浏览器启动成功.
20191205_10_17_24_847077_20000report.log 2019-12-05 10:17:29  loga.py  putSystemLog [line:74] INFO 开始加载脚本...
20191205_10_17_24_847077_20000report.log 2019-12-05 10:17:29  loga.py  putSystemLog [line:74] INFO 脚本<1>：U8EX登录 加载成功.脚本路径：script/testCase/U8EX项目/公共/U8EX登录
20191205_10_17_24_847077_20000report.log 2019-12-05 10:17:29  loga.py  putSystemLog [line:74] INFO 脚本<2>：申请控制 加载成功.脚本路径：script/testCase/Y3me项目/数字化建模/费用管理/申请控制
20191205_10_17_24_847077_20000report.log 2019-12-05 10:17:29  loga.py  putSystemLog [line:74] INFO 脚本<3>：U8EX登出 加载成功.脚本路径：script/testCase/U8EX项目/公共/U8EX登出
20191205_10_17_24_847077_20000report.log 2019-12-05 10:17:29  loga.py  putSystemLog [line:74] INFO 脚本加载完成...
20191205_10_17_24_847077_20000report.log 2019-12-05 10:17:29  loga.py  putSystemLog [line:74] INFO 开始运行脚本<class 'script.testCase.U8EX项目.公共.U8EX登录.EasyCase'>
20191205_10_17_24_847077_20000report.log 2019-12-05 10:17:30  loga.py  writeLog [line:134] INFO 行号:27   PASS   访问页面[get]  用时:1.392s  
20191205_10_17_24_847077_20000report.log 2019-12-05 10:17:32  loga.py  writeLog [line:134] INFO 行号:29   PASS   查找元素[find_element]  用时:0.012s  
20191205_10_17_24_847077_20000report.log 2019-12-05 10:17:32  loga.py  writeLog [line:134] INFO 行号:30   PASS   查找元素[find_element]  用时:0.006s  
20191205_10_17_24_847077_20000report.log 2019-12-05 10:17:33  loga.py  writeLog [line:134] INFO 行号:30   PASS   左键单击[click]  用时:0.048s  
20191205_10_17_24_847077_20000report.log 2019-12-05 10:17:34  loga.py  writeLog [line:134] INFO 行号:34   PASS   查找元素[find_element]  用时:0.017s  
20191205_10_17_24_847077_20000report.log 2019-12-05 10:17:34  loga.py  writeLog [line:134] INFO 行号:35   PASS   查找元素[find_element]  用时:0.006s  
20191205_10_17_24_847077_20000report.log 2019-12-05 10:17:35  loga.py  writeLog [line:134] INFO 行号:36   PASS   切换到表单[frame]  用时:0.062s  
20191205_10_17_24_847077_20000report.log 2019-12-05 10:17:37  loga.py  writeLog [line:134] INFO 行号:39   PASS   查找元素[find_element]  用时:0.010s  
20191205_10_17_24_847077_20000report.log 2019-12-05 10:17:37  loga.py  writeLog [line:134] INFO 行号:40   PASS   查找元素[find_element]  用时:0.006s  
20191205_10_17_24_847077_20000report.log 2019-12-05 10:17:38  loga.py  writeLog [line:134] INFO 行号:40   PASS   清除文本[clear]  用时:0.018s  
20191205_10_17_24_847077_20000report.log 2019-12-05 10:17:39  loga.py  writeLog [line:134] INFO 行号:41   PASS   查找元素[find_element]  用时:0.006s  
20191205_10_17_24_847077_20000report.log 2019-12-05 10:17:39  loga.py  writeLog [line:134] INFO 行号:41   PASS   模拟输入[send_keys]  用时:0.088s  
20191205_10_17_24_847077_20000report.log 2019-12-05 10:17:40  loga.py  writeLog [line:134] INFO 行号:42   PASS   查找元素[find_element]  用时:0.009s  
20191205_10_17_24_847077_20000report.log 2019-12-05 10:17:41  loga.py  writeLog [line:134] INFO 行号:42   PASS   清除文本[clear]  用时:0.044s  
20191205_10_17_24_847077_20000report.log 2019-12-05 10:17:42  loga.py  writeLog [line:134] INFO 行号:43   PASS   查找元素[find_element]  用时:0.007s  
20191205_10_17_24_847077_20000report.log 2019-12-05 10:17:42  loga.py  writeLog [line:134] INFO 行号:43   PASS   模拟输入[send_keys]  用时:0.065s  
20191205_10_17_24_847077_20000report.log 2019-12-05 10:17:43  loga.py  writeLog [line:134] INFO 行号:45   PASS   查找元素[find_element]  用时:0.010s  
20191205_10_17_24_847077_20000report.log 2019-12-05 10:17:44  loga.py  writeLog [line:134] INFO 行号:46   PASS   查找元素[find_element]  用时:0.006s  
20191205_10_17_24_847077_20000report.log 2019-12-05 10:17:45  loga.py  writeLog [line:134] INFO 行号:46   PASS   左键单击[click]  用时:0.127s  
20191205_10_17_24_847077_20000report.log 2019-12-05 10:17:46  loga.py  writeLog [line:134] INFO 行号:52   PASS   查找元素[find_element]  用时:0.013s  
20191205_10_17_24_847077_20000report.log 2019-12-05 10:17:46  loga.py  writeLog [line:134] INFO 行号:53   PASS   查找元素[find_element]  用时:0.007s  
20191205_10_17_24_847077_20000report.log 2019-12-05 10:17:47  loga.py  writeLog [line:134] INFO 行号:53   PASS   左键单击[click]  用时:0.065s  
20191205_10_17_24_847077_20000report.log 2019-12-05 10:17:48  loga.py  writeLog [line:134] INFO 行号:54   PASS   查找元素[find_element]  用时:0.010s  
20191205_10_17_24_847077_20000report.log 2019-12-05 10:17:48  loga.py  writeLog [line:134] INFO 行号:54   PASS   左键单击[click]  用时:0.093s  
20191205_10_17_24_847077_20000report.log 2019-12-05 10:17:49  loga.py  writeLog [line:134] INFO 行号:56   PASS   查找元素[find_element]  用时:0.009s  
20191205_10_17_24_847077_20000report.log 2019-12-05 10:17:50  loga.py  writeLog [line:134] INFO 行号:56   PASS   左键单击[click]  用时:0.359s  
20191205_10_17_24_847077_20000report.log 2019-12-05 10:17:51  loga.py  putSystemLog [line:74] INFO 脚本运行完毕...
20191205_10_17_24_847077_20000report.log 2019-12-05 10:17:51  loga.py  putSystemLog [line:74] INFO 开始运行脚本<class 'script.testCase.Y3me项目.数字化建模.费用管理.申请控制.EasyCase'>
20191205_10_17_24_847077_20000report.log 2019-12-05 10:17:51  loga.py  writeLog [line:134] INFO 行号:24   PASS   刷新页面[refresh]  用时:0.006s  
20191205_10_17_24_847077_20000report.log 2019-12-05 10:17:52  loga.py  writeLog [line:134] INFO 行号:26   PASS   查找元素[find_element]  用时:0.009s  
20191205_10_17_24_847077_20000report.log 2019-12-05 10:17:53  loga.py  writeLog [line:134] INFO 行号:26   PASS   左键单击[click]  用时:0.056s  
20191205_10_17_24_847077_20000report.log 2019-12-05 10:17:55  loga.py  writeLog [line:134] INFO 行号:29   PASS   查找元素[find_element]  用时:0.026s  
20191205_10_17_24_847077_20000report.log 2019-12-05 10:17:55  loga.py  writeLog [line:134] INFO 行号:29   PASS   左键单击[click]  用时:0.064s  
20191205_10_17_24_847077_20000report.log 2019-12-05 10:17:57  loga.py  writeLog [line:134] INFO 行号:32   PASS   查找元素[find_element]  用时:0.009s  
20191205_10_17_24_847077_20000report.log 2019-12-05 10:18:00  loga.py  writeLog [line:134] INFO 行号:39   PASS   查找元素[find_element]  用时:0.010s  
20191205_10_17_24_847077_20000report.log 2019-12-05 10:18:04  loga.py  writeLog [line:134] INFO 行号:46   PASS   查找元素[find_element]  用时:0.010s  
20191205_10_17_24_847077_20000report.log 2019-12-05 10:18:05  loga.py  writeLog [line:134] INFO 行号:49   PASS   查找元素[find_element]  用时:0.009s  
20191205_10_17_24_847077_20000report.log 2019-12-05 10:18:06  loga.py  writeLog [line:134] INFO 行号:50   PASS   切换到表单[frame]  用时:0.016s  
20191205_10_17_24_847077_20000report.log 2019-12-05 10:18:08  loga.py  writeLog [line:134] INFO 行号:53   PASS   查找元素[find_element]  用时:1.746s  
20191205_10_17_24_847077_20000report.log 2019-12-05 10:18:09  loga.py  writeLog [line:134] INFO 行号:54   PASS   查找元素[find_element]  用时:0.008s  
20191205_10_17_24_847077_20000report.log 2019-12-05 10:18:09  loga.py  writeLog [line:134] INFO 行号:54   PASS   左键单击[click]  用时:0.121s  
20191205_10_17_24_847077_20000report.log 2019-12-05 10:18:10  loga.py  writeLog [line:134] INFO 行号:56   PASS   查找元素[find_element]  用时:0.010s  
20191205_10_17_24_847077_20000report.log 2019-12-05 10:18:11  loga.py  writeLog [line:134] INFO 行号:56   PASS   左键单击[click]  用时:0.066s  
20191205_10_17_24_847077_20000report.log 2019-12-05 10:18:12  loga.py  writeLog [line:134] INFO 行号:57   PASS   查找元素[find_element]  用时:0.009s  
20191205_10_17_24_847077_20000report.log 2019-12-05 10:18:13  loga.py  writeLog [line:134] INFO 行号:58   PASS   执行JS代码[execute_script]  用时:0.036s  
20191205_10_17_24_847077_20000report.log 2019-12-05 10:18:14  loga.py  writeLog [line:134] INFO 行号:61   PASS   查找元素[find_element]  用时:0.014s  
20191205_10_17_24_847077_20000report.log 2019-12-05 10:18:14  loga.py  writeLog [line:134] INFO 行号:62   PASS   查找元素[find_element]  用时:0.006s  
20191205_10_17_24_847077_20000report.log 2019-12-05 10:18:15  loga.py  writeLog [line:134] INFO 行号:62   PASS   左键单击[click]  用时:0.109s  
20191205_10_17_24_847077_20000report.log 2019-12-05 10:18:16  loga.py  writeLog [line:134] INFO 行号:66   PASS   查找元素[find_element]  用时:0.020s  
20191205_10_17_24_847077_20000report.log 2019-12-05 10:18:16  loga.py  writeLog [line:134] INFO 行号:67   PASS   查找元素[find_element]  用时:0.007s  
20191205_10_17_24_847077_20000report.log 2019-12-05 10:18:17  loga.py  writeLog [line:134] INFO 行号:67   PASS   左键单击[click]  用时:0.119s  
20191205_10_17_24_847077_20000report.log 2019-12-05 10:18:18  loga.py  writeLog [line:134] INFO 行号:72   PASS   查找元素[find_element]  用时:0.012s  
20191205_10_17_24_847077_20000report.log 2019-12-05 10:18:18  loga.py  writeLog [line:134] INFO 行号:74   PASS   查找元素[find_element]  用时:0.005s  
20191205_10_17_24_847077_20000report.log 2019-12-05 10:18:19  loga.py  writeLog [line:134] INFO 行号:74   PASS   左键单击[click]  用时:0.093s  
20191205_10_17_24_847077_20000report.log 2019-12-05 10:18:20  loga.py  writeLog [line:134] INFO 行号:78   PASS   查找元素[find_element]  用时:0.010s  
20191205_10_17_24_847077_20000report.log 2019-12-05 10:18:21  loga.py  writeLog [line:134] INFO 行号:79   PASS   查找元素[find_element]  用时:0.007s  
20191205_10_17_24_847077_20000report.log 2019-12-05 10:18:21  loga.py  writeLog [line:134] INFO 行号:79   PASS   左键单击[click]  用时:0.090s  
20191205_10_17_24_847077_20000report.log 2019-12-05 10:18:22  loga.py  writeLog [line:134] INFO 行号:84   PASS   查找元素[find_element]  用时:0.006s  
20191205_10_17_24_847077_20000report.log 2019-12-05 10:18:23  loga.py  writeLog [line:134] INFO 行号:86   PASS   查找元素[find_element]  用时:0.005s  
20191205_10_17_24_847077_20000report.log 2019-12-05 10:18:23  loga.py  writeLog [line:134] INFO 行号:86   PASS   左键单击[click]  用时:0.093s  
20191205_10_17_24_847077_20000report.log 2019-12-05 10:18:24  loga.py  writeLog [line:134] INFO 行号:89   PASS   查找元素[find_element]  用时:0.009s  
20191205_10_17_24_847077_20000report.log 2019-12-05 10:18:25  loga.py  writeLog [line:134] INFO 行号:91   PASS   查找元素[find_element]  用时:0.007s  
20191205_10_17_24_847077_20000report.log 2019-12-05 10:18:25  loga.py  writeLog [line:134] INFO 行号:91   PASS   左键单击[click]  用时:0.061s  
20191205_10_17_24_847077_20000report.log 2019-12-05 10:18:26  loga.py  writeLog [line:134] INFO 行号:96   PASS   查找元素[find_element]  用时:0.010s  
20191205_10_17_24_847077_20000report.log 2019-12-05 10:18:27  loga.py  writeLog [line:134] INFO 行号:98   PASS   查找元素[find_element]  用时:0.006s  
20191205_10_17_24_847077_20000report.log 2019-12-05 10:18:27  loga.py  writeLog [line:134] INFO 行号:99   TRUE   断言：非None对象[assertIsNotNone] 用时:0.000s TRUE.
20191205_10_17_24_847077_20000report.log 2019-12-05 10:18:27  loga.py  writeLog [line:134] INFO 行号:104  PASS   查找元素[find_element]  用时:0.010s  
20191205_10_17_24_847077_20000report.log 2019-12-05 10:18:28  loga.py  writeLog [line:134] INFO 行号:106  PASS   查找元素[find_element]  用时:0.007s  
20191205_10_17_24_847077_20000report.log 2019-12-05 10:18:29  loga.py  writeLog [line:134] INFO 行号:106  PASS   左键单击[click]  用时:0.136s  
20191205_10_17_24_847077_20000report.log 2019-12-05 10:18:30  loga.py  writeLog [line:134] INFO 行号:110  PASS   查找元素[find_element]  用时:0.026s  
20191205_10_17_24_847077_20000report.log 2019-12-05 10:18:30  loga.py  writeLog [line:134] INFO 行号:111  PASS   查找元素[find_element]  用时:0.008s  
20191205_10_17_24_847077_20000report.log 2019-12-05 10:18:36  loga.py  writeLog [line:134] INFO 行号:111  ERROR  左键单击[click]  用时:5.138s  5次重新定位元素后，元素行为执行仍然失败，请检查元素是否准确定位
20191205_10_17_24_847077_20000report.log 2019-12-05 10:18:37  loga.py  writeLog [line:134] INFO 行号:115  PASS   查找元素[find_element]  用时:0.009s  
20191205_10_17_24_847077_20000report.log 2019-12-05 10:18:37  loga.py  writeLog [line:134] INFO 行号:116  PASS   查找元素[find_element]  用时:0.011s  
20191205_10_17_24_847077_20000report.log 2019-12-05 10:18:38  loga.py  writeLog [line:134] INFO 行号:116  PASS   左键单击[click]  用时:0.102s  
