20191205_13_48_53_451181_7832report.log 2019-12-05 13:48:53  loga.py  putSystemLog [line:74] INFO Start.
20191205_13_48_53_451181_7832report.log 2019-12-05 13:48:53  loga.py  putSystemLog [line:74] INFO 场景<1>开始.
20191205_13_48_53_451181_7832report.log 2019-12-05 13:48:57  loga.py  writeLog [line:134] INFO 行号:0    PASS   最大化浏览器窗口[maximize_window]  用时:1.113s  
20191205_13_48_53_451181_7832report.log 2019-12-05 13:48:58  loga.py  putSystemLog [line:74] INFO chrome浏览器启动成功.
20191205_13_48_53_451181_7832report.log 2019-12-05 13:48:58  loga.py  putSystemLog [line:74] INFO 开始加载脚本...
20191205_13_48_53_451181_7832report.log 2019-12-05 13:48:58  loga.py  putSystemLog [line:74] INFO 脚本<1>：U8EX登录 加载成功.脚本路径：script/testCase/U8EX项目/公共/U8EX登录
20191205_13_48_53_451181_7832report.log 2019-12-05 13:48:58  loga.py  putSystemLog [line:74] INFO 脚本<2>：城市分级 加载成功.脚本路径：script/testCase/Y3me项目/数字化建模/费用管理/城市分级
20191205_13_48_53_451181_7832report.log 2019-12-05 13:48:58  loga.py  putSystemLog [line:74] INFO 脚本<3>：U8EX登出 加载成功.脚本路径：script/testCase/U8EX项目/公共/U8EX登出
20191205_13_48_53_451181_7832report.log 2019-12-05 13:48:58  loga.py  putSystemLog [line:74] INFO 脚本加载完成...
20191205_13_48_53_451181_7832report.log 2019-12-05 13:48:58  loga.py  putSystemLog [line:74] INFO 开始运行脚本<class 'script.testCase.U8EX项目.公共.U8EX登录.EasyCase'>
20191205_13_48_53_451181_7832report.log 2019-12-05 13:48:59  loga.py  writeLog [line:134] INFO 行号:27   PASS   访问页面[get]  用时:1.285s  
20191205_13_48_53_451181_7832report.log 2019-12-05 13:49:00  loga.py  writeLog [line:134] INFO 行号:29   PASS   查找元素[find_element]  用时:0.012s  
20191205_13_48_53_451181_7832report.log 2019-12-05 13:49:00  loga.py  writeLog [line:134] INFO 行号:30   PASS   查找元素[find_element]  用时:0.005s  
20191205_13_48_53_451181_7832report.log 2019-12-05 13:49:01  loga.py  writeLog [line:134] INFO 行号:30   PASS   左键单击[click]  用时:0.048s  
20191205_13_48_53_451181_7832report.log 2019-12-05 13:49:02  loga.py  writeLog [line:134] INFO 行号:34   PASS   查找元素[find_element]  用时:0.010s  
20191205_13_48_53_451181_7832report.log 2019-12-05 13:49:03  loga.py  writeLog [line:134] INFO 行号:35   PASS   查找元素[find_element]  用时:0.006s  
20191205_13_48_53_451181_7832report.log 2019-12-05 13:49:03  loga.py  writeLog [line:134] INFO 行号:36   PASS   切换到表单[frame]  用时:0.017s  
20191205_13_48_53_451181_7832report.log 2019-12-05 13:49:05  loga.py  writeLog [line:134] INFO 行号:39   PASS   查找元素[find_element]  用时:0.009s  
20191205_13_48_53_451181_7832report.log 2019-12-05 13:49:06  loga.py  writeLog [line:134] INFO 行号:40   PASS   查找元素[find_element]  用时:0.007s  
20191205_13_48_53_451181_7832report.log 2019-12-05 13:49:06  loga.py  writeLog [line:134] INFO 行号:40   PASS   清除文本[clear]  用时:0.016s  
20191205_13_48_53_451181_7832report.log 2019-12-05 13:49:07  loga.py  writeLog [line:134] INFO 行号:41   PASS   查找元素[find_element]  用时:0.017s  
20191205_13_48_53_451181_7832report.log 2019-12-05 13:49:08  loga.py  writeLog [line:134] INFO 行号:41   PASS   模拟输入[send_keys]  用时:0.080s  
20191205_13_48_53_451181_7832report.log 2019-12-05 13:49:09  loga.py  writeLog [line:134] INFO 行号:42   PASS   查找元素[find_element]  用时:0.009s  
20191205_13_48_53_451181_7832report.log 2019-12-05 13:49:09  loga.py  writeLog [line:134] INFO 行号:42   PASS   清除文本[clear]  用时:0.046s  
20191205_13_48_53_451181_7832report.log 2019-12-05 13:49:10  loga.py  writeLog [line:134] INFO 行号:43   PASS   查找元素[find_element]  用时:0.006s  
20191205_13_48_53_451181_7832report.log 2019-12-05 13:49:11  loga.py  writeLog [line:134] INFO 行号:43   PASS   模拟输入[send_keys]  用时:0.062s  
20191205_13_48_53_451181_7832report.log 2019-12-05 13:49:12  loga.py  writeLog [line:134] INFO 行号:45   PASS   查找元素[find_element]  用时:0.011s  
20191205_13_48_53_451181_7832report.log 2019-12-05 13:49:12  loga.py  writeLog [line:134] INFO 行号:46   PASS   查找元素[find_element]  用时:0.006s  
20191205_13_48_53_451181_7832report.log 2019-12-05 13:49:13  loga.py  writeLog [line:134] INFO 行号:46   PASS   左键单击[click]  用时:0.081s  
20191205_13_48_53_451181_7832report.log 2019-12-05 13:49:14  loga.py  writeLog [line:134] INFO 行号:52   PASS   查找元素[find_element]  用时:0.013s  
20191205_13_48_53_451181_7832report.log 2019-12-05 13:49:14  loga.py  writeLog [line:134] INFO 行号:53   PASS   查找元素[find_element]  用时:0.006s  
20191205_13_48_53_451181_7832report.log 2019-12-05 13:49:15  loga.py  writeLog [line:134] INFO 行号:53   PASS   左键单击[click]  用时:0.076s  
20191205_13_48_53_451181_7832report.log 2019-12-05 13:49:16  loga.py  writeLog [line:134] INFO 行号:54   PASS   查找元素[find_element]  用时:0.017s  
20191205_13_48_53_451181_7832report.log 2019-12-05 13:49:17  loga.py  writeLog [line:134] INFO 行号:54   PASS   左键单击[click]  用时:0.124s  
20191205_13_48_53_451181_7832report.log 2019-12-05 13:49:18  loga.py  writeLog [line:134] INFO 行号:56   PASS   查找元素[find_element]  用时:0.028s  
20191205_13_48_53_451181_7832report.log 2019-12-05 13:49:19  loga.py  writeLog [line:134] INFO 行号:56   PASS   左键单击[click]  用时:0.341s  
20191205_13_48_53_451181_7832report.log 2019-12-05 13:49:20  loga.py  putSystemLog [line:74] INFO 脚本运行完毕...
20191205_13_48_53_451181_7832report.log 2019-12-05 13:49:20  loga.py  putSystemLog [line:74] INFO 开始运行脚本<class 'script.testCase.Y3me项目.数字化建模.费用管理.城市分级.EasyCase'>
20191205_13_48_53_451181_7832report.log 2019-12-05 13:49:20  loga.py  writeLog [line:134] INFO 行号:26   PASS   刷新页面[refresh]  用时:0.007s  
20191205_13_48_53_451181_7832report.log 2019-12-05 13:49:21  loga.py  writeLog [line:134] INFO 行号:28   PASS   查找元素[find_element]  用时:0.022s  
20191205_13_48_53_451181_7832report.log 2019-12-05 13:49:21  loga.py  writeLog [line:134] INFO 行号:28   PASS   左键单击[click]  用时:0.071s  
20191205_13_48_53_451181_7832report.log 2019-12-05 13:49:23  loga.py  writeLog [line:134] INFO 行号:31   PASS   查找元素[find_element]  用时:0.012s  
20191205_13_48_53_451181_7832report.log 2019-12-05 13:49:24  loga.py  writeLog [line:134] INFO 行号:31   PASS   左键单击[click]  用时:0.060s  
20191205_13_48_53_451181_7832report.log 2019-12-05 13:49:26  loga.py  writeLog [line:134] INFO 行号:34   PASS   查找元素[find_element]  用时:0.017s  
20191205_13_48_53_451181_7832report.log 2019-12-05 13:49:28  loga.py  writeLog [line:134] INFO 行号:41   PASS   查找元素[find_element]  用时:0.009s  
20191205_13_48_53_451181_7832report.log 2019-12-05 13:49:33  loga.py  writeLog [line:134] INFO 行号:48   PASS   查找元素[find_element]  用时:0.010s  
20191205_13_48_53_451181_7832report.log 2019-12-05 13:49:35  loga.py  writeLog [line:134] INFO 行号:51   PASS   查找元素[find_element]  用时:0.009s  
20191205_13_48_53_451181_7832report.log 2019-12-05 13:49:36  loga.py  writeLog [line:134] INFO 行号:52   PASS   切换到表单[frame]  用时:0.017s  
20191205_13_48_53_451181_7832report.log 2019-12-05 13:49:37  loga.py  writeLog [line:134] INFO 行号:56   PASS   查找元素[find_element]  用时:0.010s  
20191205_13_48_53_451181_7832report.log 2019-12-05 13:49:37  loga.py  writeLog [line:134] INFO 行号:57   PASS   查找元素[find_element]  用时:0.007s  
20191205_13_48_53_451181_7832report.log 2019-12-05 13:49:38  loga.py  writeLog [line:134] INFO 行号:57   PASS   模拟输入[send_keys]  用时:0.043s  
20191205_13_48_53_451181_7832report.log 2019-12-05 13:49:39  loga.py  writeLog [line:134] INFO 行号:58   PASS   查找元素[find_element]  用时:0.008s  
20191205_13_48_53_451181_7832report.log 2019-12-05 13:49:40  loga.py  writeLog [line:134] INFO 行号:58   PASS   模拟输入[send_keys]  用时:0.022s  
20191205_13_48_53_451181_7832report.log 2019-12-05 13:49:41  loga.py  writeLog [line:134] INFO 行号:62   PASS   查找元素[find_element]  用时:0.009s  
20191205_13_48_53_451181_7832report.log 2019-12-05 13:49:41  loga.py  writeLog [line:134] INFO 行号:63   PASS   查找元素[find_element]  用时:0.006s  
20191205_13_48_53_451181_7832report.log 2019-12-05 13:49:42  loga.py  writeLog [line:134] INFO 行号:64   TRUE   断言：实例[assertIsInstance] 用时:0.000s TRUE.
20191205_13_48_53_451181_7832report.log 2019-12-05 13:49:42  loga.py  writeLog [line:134] INFO 行号:64   TRUE   断言：实例[assertIsInstance] 用时:0.000s TRUE.
20191205_13_48_53_451181_7832report.log 2019-12-05 13:49:42  loga.py  writeLog [line:134] INFO 行号:64   TRUE   断言：相等[assertEqual] 用时:0.001s TRUE.
20191205_13_48_53_451181_7832report.log 2019-12-05 13:49:42  loga.py  writeLog [line:134] INFO 行号:68   PASS   查找元素[find_element]  用时:0.009s  
20191205_13_48_53_451181_7832report.log 2019-12-05 13:49:42  loga.py  writeLog [line:134] INFO 行号:69   PASS   查找元素[find_element]  用时:0.008s  
20191205_13_48_53_451181_7832report.log 2019-12-05 13:49:43  loga.py  writeLog [line:134] INFO 行号:69   PASS   左键单击[click]  用时:0.104s  
20191205_13_48_53_451181_7832report.log 2019-12-05 13:49:44  loga.py  writeLog [line:134] INFO 行号:73   PASS   查找元素[find_element]  用时:0.010s  
20191205_13_48_53_451181_7832report.log 2019-12-05 13:49:44  loga.py  writeLog [line:134] INFO 行号:75   PASS   查找元素[find_element]  用时:0.006s  
20191205_13_48_53_451181_7832report.log 2019-12-05 13:49:45  loga.py  writeLog [line:134] INFO 行号:0    ERROR  [runTest]  用时:  测试用例脚本发生错误，请检查脚本代码：wrapper() missing 1 required positional argument: 'alias'
20191205_13_48_53_451181_7832report.log 2019-12-05 13:49:45  loga.py  putSystemLog [line:74] INFO 脚本运行完毕...
20191205_13_48_53_451181_7832report.log 2019-12-05 13:49:45  loga.py  putSystemLog [line:74] INFO 开始运行脚本<class 'script.testCase.U8EX项目.公共.U8EX登出.EasyCase'>
20191205_13_48_53_451181_7832report.log 2019-12-05 13:49:45  loga.py  writeLog [line:134] INFO 行号:24   PASS   刷新页面[refresh]  用时:0.014s  
20191205_13_48_53_451181_7832report.log 2019-12-05 13:49:47  loga.py  writeLog [line:134] INFO 行号:26   PASS   查找元素[find_element]  用时:0.012s  
20191205_13_48_53_451181_7832report.log 2019-12-05 13:49:47  loga.py  writeLog [line:134] INFO 行号:26   PASS   左键单击[click]  用时:0.048s  
20191205_13_48_53_451181_7832report.log 2019-12-05 13:49:48  loga.py  writeLog [line:134] INFO 行号:27   PASS   查找元素[find_element]  用时:0.012s  
20191205_13_48_53_451181_7832report.log 2019-12-05 13:49:49  loga.py  writeLog [line:134] INFO 行号:27   PASS   左键单击[click]  用时:0.573s  
20191205_13_48_53_451181_7832report.log 2019-12-05 13:49:50  loga.py  putSystemLog [line:74] INFO 脚本运行完毕...
20191205_13_48_53_451181_7832report.log 2019-12-05 13:49:51  loga.py  writeLog [line:134] INFO 行号:0    PASS   关闭浏览器[quit]  用时:0.197s  
20191205_13_48_53_451181_7832report.log 2019-12-05 13:49:54  loga.py  putSystemLog [line:74] INFO 场景<1>结束.用时:60.946s.
20191205_13_48_53_451181_7832report.log 2019-12-05 13:49:54  loga.py  putSystemLog [line:74] INFO 场景统计结果：PASS: 55(98.21%),FAIL:  0(0.00%),ERROR:  1(1.79%),TRUE:  3,FALSE:  0

20191205_13_48_53_451181_7832report.log 2019-12-05 13:49:54  loga.py  putSystemLog [line:74] INFO ----------------------------------------
20191205_13_48_53_451181_7832report.log 2019-12-05 13:49:54  loga.py  putSystemLog [line:74] INFO End.
20191205_13_48_53_451181_7832report.log 2019-12-05 13:49:54  loga.py  putSystemLog [line:74] INFO 测试方案统计结果:
                    场景<1>:PASS: 55(98.21%),FAIL:  0(0.00%),ERROR:  1(1.79%),TRUE:  3,FALSE:  0
                    总   计:PASS: 55(98.21%),FAIL:  0(0.00%),ERROR:  1(1.79%),TRUE:  3,FALSE:  0

