20191205_09_46_03_430410_18932report.log 2019-12-05 09:46:03  loga.py  putSystemLog [line:74] INFO Start.
20191205_09_46_03_430410_18932report.log 2019-12-05 09:46:03  loga.py  putSystemLog [line:74] INFO 场景<1>开始.
20191205_09_46_03_430410_18932report.log 2019-12-05 09:46:07  loga.py  writeLog [line:134] INFO 行号:0    PASS   最大化浏览器窗口[maximize_window]  用时:1.116s  
20191205_09_46_03_430410_18932report.log 2019-12-05 09:46:08  loga.py  putSystemLog [line:74] INFO chrome浏览器启动成功.
20191205_09_46_03_430410_18932report.log 2019-12-05 09:46:08  loga.py  putSystemLog [line:74] INFO 开始加载脚本...
20191205_09_46_03_430410_18932report.log 2019-12-05 09:46:08  loga.py  putSystemLog [line:74] INFO 脚本<1>：U8EX登录 加载成功.脚本路径：script/testCase/U8EX项目/公共/U8EX登录
20191205_09_46_03_430410_18932report.log 2019-12-05 09:46:08  loga.py  putSystemLog [line:74] INFO 脚本<2>：申请控制 加载成功.脚本路径：script/testCase/Y3me项目/数字化建模/费用管理/申请控制
20191205_09_46_03_430410_18932report.log 2019-12-05 09:46:08  loga.py  putSystemLog [line:74] INFO 脚本<3>：U8EX登出 加载成功.脚本路径：script/testCase/U8EX项目/公共/U8EX登出
20191205_09_46_03_430410_18932report.log 2019-12-05 09:46:08  loga.py  putSystemLog [line:74] INFO 脚本加载完成...
20191205_09_46_03_430410_18932report.log 2019-12-05 09:46:08  loga.py  putSystemLog [line:74] INFO 开始运行脚本<class 'script.testCase.U8EX项目.公共.U8EX登录.EasyCase'>
20191205_09_46_03_430410_18932report.log 2019-12-05 09:46:09  loga.py  writeLog [line:134] INFO 行号:27   PASS   访问页面[get]  用时:1.431s  
20191205_09_46_03_430410_18932report.log 2019-12-05 09:46:10  loga.py  writeLog [line:134] INFO 行号:29   PASS   查找元素[find_element]  用时:0.010s  
20191205_09_46_03_430410_18932report.log 2019-12-05 09:46:11  loga.py  writeLog [line:134] INFO 行号:30   PASS   查找元素[find_element]  用时:0.006s  
20191205_09_46_03_430410_18932report.log 2019-12-05 09:46:11  loga.py  writeLog [line:134] INFO 行号:30   PASS   左键单击[click]  用时:0.050s  
20191205_09_46_03_430410_18932report.log 2019-12-05 09:46:12  loga.py  writeLog [line:134] INFO 行号:34   PASS   查找元素[find_element]  用时:0.009s  
20191205_09_46_03_430410_18932report.log 2019-12-05 09:46:13  loga.py  writeLog [line:134] INFO 行号:35   PASS   查找元素[find_element]  用时:0.006s  
20191205_09_46_03_430410_18932report.log 2019-12-05 09:46:13  loga.py  writeLog [line:134] INFO 行号:36   PASS   切换到表单[frame]  用时:0.018s  
20191205_09_46_03_430410_18932report.log 2019-12-05 09:46:15  loga.py  writeLog [line:134] INFO 行号:39   PASS   查找元素[find_element]  用时:0.009s  
20191205_09_46_03_430410_18932report.log 2019-12-05 09:46:16  loga.py  writeLog [line:134] INFO 行号:40   PASS   查找元素[find_element]  用时:0.006s  
20191205_09_46_03_430410_18932report.log 2019-12-05 09:46:16  loga.py  writeLog [line:134] INFO 行号:40   PASS   清除文本[clear]  用时:0.018s  
20191205_09_46_03_430410_18932report.log 2019-12-05 09:46:17  loga.py  writeLog [line:134] INFO 行号:41   PASS   查找元素[find_element]  用时:0.007s  
20191205_09_46_03_430410_18932report.log 2019-12-05 09:46:18  loga.py  writeLog [line:134] INFO 行号:41   PASS   模拟输入[send_keys]  用时:0.089s  
20191205_09_46_03_430410_18932report.log 2019-12-05 09:46:19  loga.py  writeLog [line:134] INFO 行号:42   PASS   查找元素[find_element]  用时:0.010s  
20191205_09_46_03_430410_18932report.log 2019-12-05 09:46:19  loga.py  writeLog [line:134] INFO 行号:42   PASS   清除文本[clear]  用时:0.042s  
20191205_09_46_03_430410_18932report.log 2019-12-05 09:46:20  loga.py  writeLog [line:134] INFO 行号:43   PASS   查找元素[find_element]  用时:0.007s  
20191205_09_46_03_430410_18932report.log 2019-12-05 09:46:21  loga.py  writeLog [line:134] INFO 行号:43   PASS   模拟输入[send_keys]  用时:0.059s  
20191205_09_46_03_430410_18932report.log 2019-12-05 09:46:22  loga.py  writeLog [line:134] INFO 行号:45   PASS   查找元素[find_element]  用时:0.030s  
20191205_09_46_03_430410_18932report.log 2019-12-05 09:46:23  loga.py  writeLog [line:134] INFO 行号:46   PASS   查找元素[find_element]  用时:0.006s  
20191205_09_46_03_430410_18932report.log 2019-12-05 09:46:23  loga.py  writeLog [line:134] INFO 行号:46   PASS   左键单击[click]  用时:0.083s  
20191205_09_46_03_430410_18932report.log 2019-12-05 09:46:24  loga.py  writeLog [line:134] INFO 行号:52   PASS   查找元素[find_element]  用时:0.011s  
20191205_09_46_03_430410_18932report.log 2019-12-05 09:46:25  loga.py  writeLog [line:134] INFO 行号:53   PASS   查找元素[find_element]  用时:0.007s  
20191205_09_46_03_430410_18932report.log 2019-12-05 09:46:25  loga.py  writeLog [line:134] INFO 行号:53   PASS   左键单击[click]  用时:0.112s  
20191205_09_46_03_430410_18932report.log 2019-12-05 09:46:26  loga.py  writeLog [line:134] INFO 行号:54   PASS   查找元素[find_element]  用时:0.010s  
20191205_09_46_03_430410_18932report.log 2019-12-05 09:46:27  loga.py  writeLog [line:134] INFO 行号:54   PASS   左键单击[click]  用时:0.086s  
20191205_09_46_03_430410_18932report.log 2019-12-05 09:46:28  loga.py  writeLog [line:134] INFO 行号:56   PASS   查找元素[find_element]  用时:0.009s  
20191205_09_46_03_430410_18932report.log 2019-12-05 09:46:29  loga.py  writeLog [line:134] INFO 行号:56   PASS   左键单击[click]  用时:0.341s  
20191205_09_46_03_430410_18932report.log 2019-12-05 09:46:30  loga.py  putSystemLog [line:74] INFO 脚本运行完毕...
20191205_09_46_03_430410_18932report.log 2019-12-05 09:46:30  loga.py  putSystemLog [line:74] INFO 开始运行脚本<class 'script.testCase.Y3me项目.数字化建模.费用管理.申请控制.EasyCase'>
20191205_09_46_03_430410_18932report.log 2019-12-05 09:46:30  loga.py  writeLog [line:134] INFO 行号:24   PASS   刷新页面[refresh]  用时:0.016s  
20191205_09_46_03_430410_18932report.log 2019-12-05 09:46:31  loga.py  writeLog [line:134] INFO 行号:26   PASS   查找元素[find_element]  用时:0.009s  
20191205_09_46_03_430410_18932report.log 2019-12-05 09:46:31  loga.py  writeLog [line:134] INFO 行号:26   PASS   左键单击[click]  用时:0.056s  
20191205_09_46_03_430410_18932report.log 2019-12-05 09:46:33  loga.py  writeLog [line:134] INFO 行号:29   PASS   查找元素[find_element]  用时:0.011s  
20191205_09_46_03_430410_18932report.log 2019-12-05 09:46:34  loga.py  writeLog [line:134] INFO 行号:29   PASS   左键单击[click]  用时:0.088s  
20191205_09_46_03_430410_18932report.log 2019-12-05 09:46:36  loga.py  writeLog [line:134] INFO 行号:32   PASS   查找元素[find_element]  用时:0.009s  
20191205_09_46_03_430410_18932report.log 2019-12-05 09:46:38  loga.py  writeLog [line:134] INFO 行号:39   PASS   查找元素[find_element]  用时:0.009s  
20191205_09_46_03_430410_18932report.log 2019-12-05 09:46:42  loga.py  writeLog [line:134] INFO 行号:46   PASS   查找元素[find_element]  用时:0.010s  
20191205_09_46_03_430410_18932report.log 2019-12-05 09:46:44  loga.py  writeLog [line:134] INFO 行号:49   PASS   查找元素[find_element]  用时:0.015s  
20191205_09_46_03_430410_18932report.log 2019-12-05 09:46:44  loga.py  writeLog [line:134] INFO 行号:50   PASS   切换到表单[frame]  用时:0.016s  
20191205_09_46_03_430410_18932report.log 2019-12-05 09:46:47  loga.py  writeLog [line:134] INFO 行号:53   PASS   查找元素[find_element]  用时:2.214s  
20191205_09_46_03_430410_18932report.log 2019-12-05 09:46:48  loga.py  writeLog [line:134] INFO 行号:54   PASS   查找元素[find_element]  用时:0.006s  
20191205_09_46_03_430410_18932report.log 2019-12-05 09:46:48  loga.py  writeLog [line:134] INFO 行号:54   PASS   左键单击[click]  用时:0.130s  
20191205_09_46_03_430410_18932report.log 2019-12-05 09:46:49  loga.py  writeLog [line:134] INFO 行号:56   PASS   查找元素[find_element]  用时:0.008s  
20191205_09_46_03_430410_18932report.log 2019-12-05 09:46:50  loga.py  writeLog [line:134] INFO 行号:56   PASS   左键单击[click]  用时:0.066s  
20191205_09_46_03_430410_18932report.log 2019-12-05 09:46:51  loga.py  writeLog [line:134] INFO 行号:57   PASS   查找元素[find_element]  用时:0.011s  
20191205_09_46_03_430410_18932report.log 2019-12-05 09:46:52  loga.py  writeLog [line:134] INFO 行号:58   PASS   执行JS代码[execute_script]  用时:0.028s  
20191205_09_46_03_430410_18932report.log 2019-12-05 09:46:53  loga.py  writeLog [line:134] INFO 行号:61   PASS   查找元素[find_element]  用时:0.013s  
20191205_09_46_03_430410_18932report.log 2019-12-05 09:46:53  loga.py  writeLog [line:134] INFO 行号:62   PASS   查找元素[find_element]  用时:0.005s  
20191205_09_46_03_430410_18932report.log 2019-12-05 09:46:54  loga.py  writeLog [line:134] INFO 行号:62   PASS   左键单击[click]  用时:0.114s  
20191205_09_46_03_430410_18932report.log 2019-12-05 09:46:55  loga.py  writeLog [line:134] INFO 行号:66   PASS   查找元素[find_element]  用时:0.011s  
20191205_09_46_03_430410_18932report.log 2019-12-05 09:46:55  loga.py  writeLog [line:134] INFO 行号:67   PASS   查找元素[find_element]  用时:0.006s  
20191205_09_46_03_430410_18932report.log 2019-12-05 09:46:56  loga.py  writeLog [line:134] INFO 行号:67   PASS   左键单击[click]  用时:0.097s  
20191205_09_46_03_430410_18932report.log 2019-12-05 09:46:57  loga.py  writeLog [line:134] INFO 行号:72   PASS   查找元素[find_element]  用时:0.020s  
20191205_09_46_03_430410_18932report.log 2019-12-05 09:46:57  loga.py  writeLog [line:134] INFO 行号:74   PASS   查找元素[find_element]  用时:0.005s  
20191205_09_46_03_430410_18932report.log 2019-12-05 09:46:58  loga.py  writeLog [line:134] INFO 行号:74   PASS   左键单击[click]  用时:0.096s  
20191205_09_46_03_430410_18932report.log 2019-12-05 09:46:59  loga.py  writeLog [line:134] INFO 行号:78   PASS   查找元素[find_element]  用时:0.010s  
20191205_09_46_03_430410_18932report.log 2019-12-05 09:47:00  loga.py  writeLog [line:134] INFO 行号:79   PASS   查找元素[find_element]  用时:0.008s  
20191205_09_46_03_430410_18932report.log 2019-12-05 09:47:00  loga.py  writeLog [line:134] INFO 行号:79   PASS   左键单击[click]  用时:0.100s  
20191205_09_46_03_430410_18932report.log 2019-12-05 09:47:01  loga.py  writeLog [line:134] INFO 行号:84   PASS   查找元素[find_element]  用时:0.007s  
20191205_09_46_03_430410_18932report.log 2019-12-05 09:47:02  loga.py  writeLog [line:134] INFO 行号:86   PASS   查找元素[find_element]  用时:0.006s  
20191205_09_46_03_430410_18932report.log 2019-12-05 09:47:02  loga.py  writeLog [line:134] INFO 行号:86   PASS   左键单击[click]  用时:0.089s  
20191205_09_46_03_430410_18932report.log 2019-12-05 09:47:03  loga.py  writeLog [line:134] INFO 行号:89   PASS   查找元素[find_element]  用时:0.009s  
20191205_09_46_03_430410_18932report.log 2019-12-05 09:47:04  loga.py  writeLog [line:134] INFO 行号:91   PASS   查找元素[find_element]  用时:0.007s  
20191205_09_46_03_430410_18932report.log 2019-12-05 09:47:04  loga.py  writeLog [line:134] INFO 行号:91   PASS   左键单击[click]  用时:0.056s  
20191205_09_46_03_430410_18932report.log 2019-12-05 09:47:05  loga.py  writeLog [line:134] INFO 行号:96   PASS   查找元素[find_element]  用时:0.016s  
20191205_09_46_03_430410_18932report.log 2019-12-05 09:47:13  loga.py  writeLog [line:134] INFO 行号:0    ERROR  [runTest]  用时:  测试用例脚本发生错误，请检查脚本代码：stale element reference: element is not attached to the page document
20191205_09_46_03_430410_18932report.log 2019-12-05 09:47:13  loga.py  putSystemLog [line:74] INFO 脚本运行完毕...
20191205_09_46_03_430410_18932report.log 2019-12-05 09:47:13  loga.py  putSystemLog [line:74] INFO 开始运行脚本<class 'script.testCase.U8EX项目.公共.U8EX登出.EasyCase'>
20191205_09_46_03_430410_18932report.log 2019-12-05 09:47:13  loga.py  writeLog [line:134] INFO 行号:24   PASS   刷新页面[refresh]  用时:0.005s  
20191205_09_46_03_430410_18932report.log 2019-12-05 09:47:15  loga.py  writeLog [line:134] INFO 行号:26   PASS   查找元素[find_element]  用时:0.011s  
20191205_09_46_03_430410_18932report.log 2019-12-05 09:47:15  loga.py  writeLog [line:134] INFO 行号:26   PASS   左键单击[click]  用时:0.069s  
20191205_09_46_03_430410_18932report.log 2019-12-05 09:47:16  loga.py  writeLog [line:134] INFO 行号:27   PASS   查找元素[find_element]  用时:0.016s  
20191205_09_46_03_430410_18932report.log 2019-12-05 09:47:17  loga.py  writeLog [line:134] INFO 行号:27   PASS   左键单击[click]  用时:0.379s  
20191205_09_46_03_430410_18932report.log 2019-12-05 09:47:18  loga.py  putSystemLog [line:74] INFO 脚本运行完毕...
20191205_09_46_03_430410_18932report.log 2019-12-05 09:47:18  loga.py  writeLog [line:134] INFO 行号:0    PASS   关闭浏览器[quit]  用时:0.232s  
20191205_09_46_03_430410_18932report.log 2019-12-05 09:47:21  loga.py  putSystemLog [line:74] INFO 场景<1>结束.用时:78.284s.
20191205_09_46_03_430410_18932report.log 2019-12-05 09:47:21  loga.py  putSystemLog [line:74] INFO 场景统计结果：PASS: 69(98.57%),FAIL:  0(0.00%),ERROR:  1(1.43%),TRUE:  0,FALSE:  0

20191205_09_46_03_430410_18932report.log 2019-12-05 09:47:21  loga.py  putSystemLog [line:74] INFO ----------------------------------------
20191205_09_46_03_430410_18932report.log 2019-12-05 09:47:21  loga.py  putSystemLog [line:74] INFO End.
20191205_09_46_03_430410_18932report.log 2019-12-05 09:47:21  loga.py  putSystemLog [line:74] INFO 测试方案统计结果:
                    场景<1>:PASS: 69(98.57%),FAIL:  0(0.00%),ERROR:  1(1.43%),TRUE:  0,FALSE:  0
                    总   计:PASS: 69(98.57%),FAIL:  0(0.00%),ERROR:  1(1.43%),TRUE:  0,FALSE:  0

