20191205_11_26_49_173116_3532report.log 2019-12-05 11:26:49  loga.py  putSystemLog [line:74] INFO Start.
20191205_11_26_49_173116_3532report.log 2019-12-05 11:26:49  loga.py  putSystemLog [line:74] INFO 场景<1>开始.
20191205_11_26_49_173116_3532report.log 2019-12-05 11:26:52  loga.py  writeLog [line:134] INFO 行号:0    PASS   最大化浏览器窗口[maximize_window]  用时:1.114s  
20191205_11_26_49_173116_3532report.log 2019-12-05 11:26:53  loga.py  putSystemLog [line:74] INFO chrome浏览器启动成功.
20191205_11_26_49_173116_3532report.log 2019-12-05 11:26:53  loga.py  putSystemLog [line:74] INFO 开始加载脚本...
20191205_11_26_49_173116_3532report.log 2019-12-05 11:26:53  loga.py  putSystemLog [line:74] INFO 脚本<1>：U8EX登录 加载成功.脚本路径：script/testCase/U8EX项目/公共/U8EX登录
20191205_11_26_49_173116_3532report.log 2019-12-05 11:26:53  loga.py  putSystemLog [line:74] INFO 脚本<2>：单据可用项目设置 加载成功.脚本路径：script/testCase/Y3me项目/数字化建模/费用管理/单据可用项目设置
20191205_11_26_49_173116_3532report.log 2019-12-05 11:26:53  loga.py  putSystemLog [line:74] INFO 脚本<3>：U8EX登出 加载成功.脚本路径：script/testCase/U8EX项目/公共/U8EX登出
20191205_11_26_49_173116_3532report.log 2019-12-05 11:26:53  loga.py  putSystemLog [line:74] INFO 脚本加载完成...
20191205_11_26_49_173116_3532report.log 2019-12-05 11:26:53  loga.py  putSystemLog [line:74] INFO 开始运行脚本<class 'script.testCase.U8EX项目.公共.U8EX登录.EasyCase'>
20191205_11_26_49_173116_3532report.log 2019-12-05 11:26:55  loga.py  writeLog [line:134] INFO 行号:27   PASS   访问页面[get]  用时:1.355s  
20191205_11_26_49_173116_3532report.log 2019-12-05 11:26:56  loga.py  writeLog [line:134] INFO 行号:29   PASS   查找元素[find_element]  用时:0.013s  
20191205_11_26_49_173116_3532report.log 2019-12-05 11:26:56  loga.py  writeLog [line:134] INFO 行号:30   PASS   查找元素[find_element]  用时:0.007s  
20191205_11_26_49_173116_3532report.log 2019-12-05 11:26:57  loga.py  writeLog [line:134] INFO 行号:30   PASS   左键单击[click]  用时:0.044s  
20191205_11_26_49_173116_3532report.log 2019-12-05 11:26:58  loga.py  writeLog [line:134] INFO 行号:34   PASS   查找元素[find_element]  用时:0.009s  
20191205_11_26_49_173116_3532report.log 2019-12-05 11:26:58  loga.py  writeLog [line:134] INFO 行号:35   PASS   查找元素[find_element]  用时:0.007s  
20191205_11_26_49_173116_3532report.log 2019-12-05 11:26:59  loga.py  writeLog [line:134] INFO 行号:36   PASS   切换到表单[frame]  用时:0.017s  
20191205_11_26_49_173116_3532report.log 2019-12-05 11:27:01  loga.py  writeLog [line:134] INFO 行号:39   PASS   查找元素[find_element]  用时:0.013s  
20191205_11_26_49_173116_3532report.log 2019-12-05 11:27:01  loga.py  writeLog [line:134] INFO 行号:40   PASS   查找元素[find_element]  用时:0.006s  
20191205_11_26_49_173116_3532report.log 2019-12-05 11:27:02  loga.py  writeLog [line:134] INFO 行号:40   PASS   清除文本[clear]  用时:0.039s  
20191205_11_26_49_173116_3532report.log 2019-12-05 11:27:03  loga.py  writeLog [line:134] INFO 行号:41   PASS   查找元素[find_element]  用时:0.007s  
20191205_11_26_49_173116_3532report.log 2019-12-05 11:27:04  loga.py  writeLog [line:134] INFO 行号:41   PASS   模拟输入[send_keys]  用时:0.089s  
20191205_11_26_49_173116_3532report.log 2019-12-05 11:27:05  loga.py  writeLog [line:134] INFO 行号:42   PASS   查找元素[find_element]  用时:0.010s  
20191205_11_26_49_173116_3532report.log 2019-12-05 11:27:05  loga.py  writeLog [line:134] INFO 行号:42   PASS   清除文本[clear]  用时:0.018s  
20191205_11_26_49_173116_3532report.log 2019-12-05 11:27:06  loga.py  writeLog [line:134] INFO 行号:43   PASS   查找元素[find_element]  用时:0.006s  
20191205_11_26_49_173116_3532report.log 2019-12-05 11:27:07  loga.py  writeLog [line:134] INFO 行号:43   PASS   模拟输入[send_keys]  用时:0.088s  
20191205_11_26_49_173116_3532report.log 2019-12-05 11:27:08  loga.py  writeLog [line:134] INFO 行号:45   PASS   查找元素[find_element]  用时:0.009s  
20191205_11_26_49_173116_3532report.log 2019-12-05 11:27:08  loga.py  writeLog [line:134] INFO 行号:46   PASS   查找元素[find_element]  用时:0.009s  
20191205_11_26_49_173116_3532report.log 2019-12-05 11:27:09  loga.py  writeLog [line:134] INFO 行号:46   PASS   左键单击[click]  用时:0.081s  
20191205_11_26_49_173116_3532report.log 2019-12-05 11:27:11  loga.py  writeLog [line:134] INFO 行号:52   PASS   查找元素[find_element]  用时:0.011s  
20191205_11_26_49_173116_3532report.log 2019-12-05 11:27:11  loga.py  writeLog [line:134] INFO 行号:53   PASS   查找元素[find_element]  用时:0.005s  
20191205_11_26_49_173116_3532report.log 2019-12-05 11:27:12  loga.py  writeLog [line:134] INFO 行号:53   PASS   左键单击[click]  用时:0.075s  
20191205_11_26_49_173116_3532report.log 2019-12-05 11:27:13  loga.py  writeLog [line:134] INFO 行号:54   PASS   查找元素[find_element]  用时:0.011s  
20191205_11_26_49_173116_3532report.log 2019-12-05 11:27:14  loga.py  writeLog [line:134] INFO 行号:54   PASS   左键单击[click]  用时:0.117s  
20191205_11_26_49_173116_3532report.log 2019-12-05 11:27:15  loga.py  writeLog [line:134] INFO 行号:56   PASS   查找元素[find_element]  用时:0.010s  
20191205_11_26_49_173116_3532report.log 2019-12-05 11:27:15  loga.py  writeLog [line:134] INFO 行号:56   PASS   左键单击[click]  用时:0.414s  
20191205_11_26_49_173116_3532report.log 2019-12-05 11:27:16  loga.py  putSystemLog [line:74] INFO 脚本运行完毕...
20191205_11_26_49_173116_3532report.log 2019-12-05 11:27:16  loga.py  putSystemLog [line:74] INFO 开始运行脚本<class 'script.testCase.Y3me项目.数字化建模.费用管理.单据可用项目设置.EasyCase'>
20191205_11_26_49_173116_3532report.log 2019-12-05 11:27:17  loga.py  writeLog [line:134] INFO 行号:24   PASS   刷新页面[refresh]  用时:0.225s  
20191205_11_26_49_173116_3532report.log 2019-12-05 11:27:18  loga.py  writeLog [line:134] INFO 行号:26   PASS   查找元素[find_element]  用时:0.015s  
20191205_11_26_49_173116_3532report.log 2019-12-05 11:27:18  loga.py  writeLog [line:134] INFO 行号:26   PASS   左键单击[click]  用时:0.070s  
20191205_11_26_49_173116_3532report.log 2019-12-05 11:27:20  loga.py  writeLog [line:134] INFO 行号:29   PASS   查找元素[find_element]  用时:0.010s  
20191205_11_26_49_173116_3532report.log 2019-12-05 11:27:21  loga.py  writeLog [line:134] INFO 行号:29   PASS   左键单击[click]  用时:0.061s  
20191205_11_26_49_173116_3532report.log 2019-12-05 11:27:23  loga.py  writeLog [line:134] INFO 行号:32   PASS   查找元素[find_element]  用时:0.010s  
20191205_11_26_49_173116_3532report.log 2019-12-05 11:27:25  loga.py  writeLog [line:134] INFO 行号:39   PASS   查找元素[find_element]  用时:0.009s  
20191205_11_26_49_173116_3532report.log 2019-12-05 11:27:30  loga.py  writeLog [line:134] INFO 行号:46   PASS   查找元素[find_element]  用时:0.009s  
20191205_11_26_49_173116_3532report.log 2019-12-05 11:27:33  loga.py  writeLog [line:134] INFO 行号:49   PASS   查找元素[find_element]  用时:0.010s  
20191205_11_26_49_173116_3532report.log 2019-12-05 11:27:33  loga.py  writeLog [line:134] INFO 行号:50   PASS   切换到表单[frame]  用时:0.017s  
20191205_11_26_49_173116_3532report.log 2019-12-05 11:27:34  loga.py  writeLog [line:134] INFO 行号:53   PASS   查找元素[find_element]  用时:0.009s  
20191205_11_26_49_173116_3532report.log 2019-12-05 11:27:35  loga.py  writeLog [line:134] INFO 行号:54   PASS   查找元素[find_element]  用时:0.006s  
20191205_11_26_49_173116_3532report.log 2019-12-05 11:27:35  loga.py  writeLog [line:134] INFO 行号:54   PASS   左键单击[click]  用时:0.093s  
20191205_11_26_49_173116_3532report.log 2019-12-05 11:27:36  loga.py  writeLog [line:134] INFO 行号:57   PASS   查找元素[find_element]  用时:0.010s  
20191205_11_26_49_173116_3532report.log 2019-12-05 11:27:37  loga.py  writeLog [line:134] INFO 行号:58   PASS   查找元素[find_element]  用时:0.010s  
20191205_11_26_49_173116_3532report.log 2019-12-05 11:27:37  loga.py  writeLog [line:134] INFO 行号:58   PASS   左键单击[click]  用时:0.066s  
20191205_11_26_49_173116_3532report.log 2019-12-05 11:27:38  loga.py  writeLog [line:134] INFO 行号:61   PASS   查找元素[find_element]  用时:0.015s  
20191205_11_26_49_173116_3532report.log 2019-12-05 11:27:39  loga.py  writeLog [line:134] INFO 行号:62   PASS   查找元素[find_element]  用时:0.007s  
20191205_11_26_49_173116_3532report.log 2019-12-05 11:27:39  loga.py  writeLog [line:134] INFO 行号:62   PASS   左键单击[click]  用时:0.080s  
20191205_11_26_49_173116_3532report.log 2019-12-05 11:27:40  loga.py  writeLog [line:134] INFO 行号:67   PASS   查找元素[find_element]  用时:0.010s  
20191205_11_26_49_173116_3532report.log 2019-12-05 11:27:41  loga.py  writeLog [line:134] INFO 行号:68   PASS   查找元素[find_element]  用时:0.005s  
20191205_11_26_49_173116_3532report.log 2019-12-05 11:27:41  loga.py  writeLog [line:134] INFO 行号:68   PASS   左键单击[click]  用时:0.077s  
20191205_11_26_49_173116_3532report.log 2019-12-05 11:27:42  loga.py  writeLog [line:134] INFO 行号:73   PASS   查找元素[find_element]  用时:0.022s  
20191205_11_26_49_173116_3532report.log 2019-12-05 11:27:43  loga.py  writeLog [line:134] INFO 行号:75   PASS   查找元素[find_element]  用时:0.006s  
20191205_11_26_49_173116_3532report.log 2019-12-05 11:27:44  loga.py  writeLog [line:134] INFO 行号:75   PASS   左键单击[click]  用时:0.109s  
20191205_11_26_49_173116_3532report.log 2019-12-05 11:27:45  loga.py  writeLog [line:134] INFO 行号:80   PASS   查找元素[find_element]  用时:0.016s  
20191205_11_26_49_173116_3532report.log 2019-12-05 11:27:45  loga.py  writeLog [line:134] INFO 行号:81   PASS   查找元素[find_element]  用时:0.007s  
20191205_11_26_49_173116_3532report.log 2019-12-05 11:27:46  loga.py  writeLog [line:134] INFO 行号:81   PASS   左键单击[click]  用时:0.077s  
20191205_11_26_49_173116_3532report.log 2019-12-05 11:27:47  loga.py  writeLog [line:134] INFO 行号:86   PASS   查找元素[find_element]  用时:0.013s  
20191205_11_26_49_173116_3532report.log 2019-12-05 11:27:47  loga.py  writeLog [line:134] INFO 行号:88   PASS   查找元素[find_element]  用时:0.006s  
20191205_11_26_49_173116_3532report.log 2019-12-05 11:27:48  loga.py  writeLog [line:134] INFO 行号:88   PASS   左键单击[click]  用时:0.066s  
20191205_11_26_49_173116_3532report.log 2019-12-05 11:27:49  loga.py  writeLog [line:134] INFO 行号:93   PASS   查找元素[find_element]  用时:0.010s  
20191205_11_26_49_173116_3532report.log 2019-12-05 11:27:49  loga.py  writeLog [line:134] INFO 行号:94   PASS   查找元素[find_element]  用时:0.007s  
20191205_11_26_49_173116_3532report.log 2019-12-05 11:27:50  loga.py  writeLog [line:134] INFO 行号:94   PASS   左键单击[click]  用时:0.071s  
20191205_11_26_49_173116_3532report.log 2019-12-05 11:27:51  loga.py  writeLog [line:134] INFO 行号:99   PASS   查找元素[find_element]  用时:0.021s  
20191205_11_26_49_173116_3532report.log 2019-12-05 11:27:51  loga.py  writeLog [line:134] INFO 行号:101  PASS   查找元素[find_element]  用时:0.005s  
20191205_11_26_49_173116_3532report.log 2019-12-05 11:27:52  loga.py  writeLog [line:134] INFO 行号:101  PASS   左键单击[click]  用时:0.071s  
20191205_11_26_49_173116_3532report.log 2019-12-05 11:27:53  loga.py  writeLog [line:134] INFO 行号:105  PASS   查找元素[find_element]  用时:0.010s  
20191205_11_26_49_173116_3532report.log 2019-12-05 11:27:54  loga.py  writeLog [line:134] INFO 行号:106  PASS   查找元素[find_element]  用时:0.006s  
20191205_11_26_49_173116_3532report.log 2019-12-05 11:27:54  loga.py  writeLog [line:134] INFO 行号:106  PASS   左键单击[click]  用时:0.079s  
20191205_11_26_49_173116_3532report.log 2019-12-05 11:27:55  loga.py  writeLog [line:134] INFO 行号:111  PASS   查找元素[find_element]  用时:0.018s  
20191205_11_26_49_173116_3532report.log 2019-12-05 11:27:56  loga.py  writeLog [line:134] INFO 行号:113  PASS   查找元素[find_element]  用时:0.006s  
20191205_11_26_49_173116_3532report.log 2019-12-05 11:27:56  loga.py  writeLog [line:134] INFO 行号:114  TRUE   断言：非None对象[assertIsNotNone] 用时:0.000s TRUE.
20191205_11_26_49_173116_3532report.log 2019-12-05 11:27:56  loga.py  writeLog [line:134] INFO 行号:119  PASS   查找元素[find_element]  用时:0.017s  
20191205_11_26_49_173116_3532report.log 2019-12-05 11:27:57  loga.py  writeLog [line:134] INFO 行号:121  PASS   查找元素[find_element]  用时:0.007s  
20191205_11_26_49_173116_3532report.log 2019-12-05 11:27:57  loga.py  writeLog [line:134] INFO 行号:121  PASS   左键单击[click]  用时:0.065s  
20191205_11_26_49_173116_3532report.log 2019-12-05 11:27:58  loga.py  writeLog [line:134] INFO 行号:125  PASS   查找元素[find_element]  用时:0.006s  
20191205_11_26_49_173116_3532report.log 2019-12-05 11:27:59  loga.py  writeLog [line:134] INFO 行号:126  PASS   查找元素[find_element]  用时:0.006s  
20191205_11_26_49_173116_3532report.log 2019-12-05 11:27:59  loga.py  writeLog [line:134] INFO 行号:126  PASS   左键单击[click]  用时:0.058s  
20191205_11_26_49_173116_3532report.log 2019-12-05 11:28:00  loga.py  writeLog [line:134] INFO 行号:131  PASS   查找元素[find_element]  用时:0.010s  
20191205_11_26_49_173116_3532report.log 2019-12-05 11:28:01  loga.py  writeLog [line:134] INFO 行号:133  PASS   查找元素[find_element]  用时:0.008s  
20191205_11_26_49_173116_3532report.log 2019-12-05 11:28:01  loga.py  writeLog [line:134] INFO 行号:133  PASS   左键单击[click]  用时:0.065s  
20191205_11_26_49_173116_3532report.log 2019-12-05 11:28:02  loga.py  writeLog [line:134] INFO 行号:138  PASS   查找元素[find_element]  用时:0.009s  
20191205_11_26_49_173116_3532report.log 2019-12-05 11:28:03  loga.py  writeLog [line:134] INFO 行号:140  PASS   查找元素[find_element]  用时:0.007s  
20191205_11_26_49_173116_3532report.log 2019-12-05 11:28:04  loga.py  writeLog [line:134] INFO 行号:140  PASS   左键单击[click]  用时:0.059s  
20191205_11_26_49_173116_3532report.log 2019-12-05 11:28:05  loga.py  writeLog [line:134] INFO 行号:143  PASS   查找元素[find_element]  用时:0.007s  
20191205_11_26_49_173116_3532report.log 2019-12-05 11:28:05  loga.py  writeLog [line:134] INFO 行号:143  PASS   左键单击[click]  用时:0.051s  
20191205_11_26_49_173116_3532report.log 2019-12-05 11:28:09  loga.py  writeLog [line:134] INFO 行号:145  PASS   查找元素[find_element]  用时:0.008s  
20191205_11_26_49_173116_3532report.log 2019-12-05 11:28:10  loga.py  writeLog [line:134] INFO 行号:145  PASS   左键单击[click]  用时:0.051s  
20191205_11_26_49_173116_3532report.log 2019-12-05 11:28:14  loga.py  putSystemLog [line:74] INFO 脚本运行完毕...
20191205_11_26_49_173116_3532report.log 2019-12-05 11:28:14  loga.py  putSystemLog [line:74] INFO 开始运行脚本<class 'script.testCase.U8EX项目.公共.U8EX登出.EasyCase'>
20191205_11_26_49_173116_3532report.log 2019-12-05 11:28:14  loga.py  writeLog [line:134] INFO 行号:24   PASS   刷新页面[refresh]  用时:0.013s  
20191205_11_26_49_173116_3532report.log 2019-12-05 11:28:16  loga.py  writeLog [line:134] INFO 行号:26   PASS   查找元素[find_element]  用时:0.012s  
20191205_11_26_49_173116_3532report.log 2019-12-05 11:28:16  loga.py  writeLog [line:134] INFO 行号:26   PASS   左键单击[click]  用时:0.049s  
20191205_11_26_49_173116_3532report.log 2019-12-05 11:28:17  loga.py  writeLog [line:134] INFO 行号:27   PASS   查找元素[find_element]  用时:0.011s  
20191205_11_26_49_173116_3532report.log 2019-12-05 11:28:18  loga.py  writeLog [line:134] INFO 行号:27   PASS   左键单击[click]  用时:0.564s  
20191205_11_26_49_173116_3532report.log 2019-12-05 11:28:19  loga.py  putSystemLog [line:74] INFO 脚本运行完毕...
20191205_11_26_49_173116_3532report.log 2019-12-05 11:28:20  loga.py  writeLog [line:134] INFO 行号:0    PASS   关闭浏览器[quit]  用时:0.234s  
20191205_11_26_49_173116_3532report.log 2019-12-05 11:28:23  loga.py  putSystemLog [line:74] INFO 场景<1>结束.用时:93.882s.
20191205_11_26_49_173116_3532report.log 2019-12-05 11:28:23  loga.py  putSystemLog [line:74] INFO 场景统计结果：PASS: 91(100.00%),FAIL:  0(0.00%),ERROR:  0(0.00%),TRUE:  1,FALSE:  0

20191205_11_26_49_173116_3532report.log 2019-12-05 11:28:23  loga.py  putSystemLog [line:74] INFO ----------------------------------------
20191205_11_26_49_173116_3532report.log 2019-12-05 11:28:23  loga.py  putSystemLog [line:74] INFO End.
20191205_11_26_49_173116_3532report.log 2019-12-05 11:28:23  loga.py  putSystemLog [line:74] INFO 测试方案统计结果:
                    场景<1>:PASS: 91(100.00%),FAIL:  0(0.00%),ERROR:  0(0.00%),TRUE:  1,FALSE:  0
                    总   计:PASS: 91(100.00%),FAIL:  0(0.00%),ERROR:  0(0.00%),TRUE:  1,FALSE:  0

