20191205_09_39_45_773779_20156report.log 2019-12-05 09:39:45  loga.py  putSystemLog [line:74] INFO Start.
20191205_09_39_45_773779_20156report.log 2019-12-05 09:39:45  loga.py  putSystemLog [line:74] INFO 场景<1>开始.
20191205_09_39_45_773779_20156report.log 2019-12-05 09:39:49  loga.py  writeLog [line:134] INFO 行号:0    PASS   最大化浏览器窗口[maximize_window]  用时:1.116s  
20191205_09_39_45_773779_20156report.log 2019-12-05 09:39:50  loga.py  putSystemLog [line:74] INFO chrome浏览器启动成功.
20191205_09_39_45_773779_20156report.log 2019-12-05 09:39:50  loga.py  putSystemLog [line:74] INFO 开始加载脚本...
20191205_09_39_45_773779_20156report.log 2019-12-05 09:39:50  loga.py  putSystemLog [line:74] INFO 脚本<1>：U8EX登录 加载成功.脚本路径：script/testCase/U8EX项目/公共/U8EX登录
20191205_09_39_45_773779_20156report.log 2019-12-05 09:39:50  loga.py  putSystemLog [line:74] INFO 脚本<2>：申请控制 加载成功.脚本路径：script/testCase/Y3me项目/数字化建模/费用管理/申请控制
20191205_09_39_45_773779_20156report.log 2019-12-05 09:39:50  loga.py  putSystemLog [line:74] INFO 脚本<3>：U8EX登出 加载成功.脚本路径：script/testCase/U8EX项目/公共/U8EX登出
20191205_09_39_45_773779_20156report.log 2019-12-05 09:39:50  loga.py  putSystemLog [line:74] INFO 脚本加载完成...
20191205_09_39_45_773779_20156report.log 2019-12-05 09:39:50  loga.py  putSystemLog [line:74] INFO 开始运行脚本<class 'script.testCase.U8EX项目.公共.U8EX登录.EasyCase'>
20191205_09_39_45_773779_20156report.log 2019-12-05 09:39:51  loga.py  writeLog [line:134] INFO 行号:27   PASS   访问页面[get]  用时:0.566s  
20191205_09_39_45_773779_20156report.log 2019-12-05 09:39:52  loga.py  writeLog [line:134] INFO 行号:29   PASS   查找元素[find_element]  用时:0.010s  
20191205_09_39_45_773779_20156report.log 2019-12-05 09:39:52  loga.py  writeLog [line:134] INFO 行号:30   PASS   查找元素[find_element]  用时:0.007s  
20191205_09_39_45_773779_20156report.log 2019-12-05 09:39:53  loga.py  writeLog [line:134] INFO 行号:30   PASS   左键单击[click]  用时:0.051s  
20191205_09_39_45_773779_20156report.log 2019-12-05 09:39:54  loga.py  writeLog [line:134] INFO 行号:34   PASS   查找元素[find_element]  用时:0.029s  
20191205_09_39_45_773779_20156report.log 2019-12-05 09:39:55  loga.py  writeLog [line:134] INFO 行号:35   PASS   查找元素[find_element]  用时:0.007s  
20191205_09_39_45_773779_20156report.log 2019-12-05 09:39:55  loga.py  writeLog [line:134] INFO 行号:36   PASS   切换到表单[frame]  用时:0.018s  
20191205_09_39_45_773779_20156report.log 2019-12-05 09:39:57  loga.py  writeLog [line:134] INFO 行号:39   PASS   查找元素[find_element]  用时:0.010s  
20191205_09_39_45_773779_20156report.log 2019-12-05 09:39:58  loga.py  writeLog [line:134] INFO 行号:40   PASS   查找元素[find_element]  用时:0.006s  
20191205_09_39_45_773779_20156report.log 2019-12-05 09:39:58  loga.py  writeLog [line:134] INFO 行号:40   PASS   清除文本[clear]  用时:0.017s  
20191205_09_39_45_773779_20156report.log 2019-12-05 09:39:59  loga.py  writeLog [line:134] INFO 行号:41   PASS   查找元素[find_element]  用时:0.006s  
20191205_09_39_45_773779_20156report.log 2019-12-05 09:40:00  loga.py  writeLog [line:134] INFO 行号:41   PASS   模拟输入[send_keys]  用时:0.080s  
20191205_09_39_45_773779_20156report.log 2019-12-05 09:40:01  loga.py  writeLog [line:134] INFO 行号:42   PASS   查找元素[find_element]  用时:0.032s  
20191205_09_39_45_773779_20156report.log 2019-12-05 09:40:01  loga.py  writeLog [line:134] INFO 行号:42   PASS   清除文本[clear]  用时:0.017s  
20191205_09_39_45_773779_20156report.log 2019-12-05 09:40:02  loga.py  writeLog [line:134] INFO 行号:43   PASS   查找元素[find_element]  用时:0.008s  
20191205_09_39_45_773779_20156report.log 2019-12-05 09:40:03  loga.py  writeLog [line:134] INFO 行号:43   PASS   模拟输入[send_keys]  用时:0.064s  
20191205_09_39_45_773779_20156report.log 2019-12-05 09:40:04  loga.py  writeLog [line:134] INFO 行号:45   PASS   查找元素[find_element]  用时:0.009s  
20191205_09_39_45_773779_20156report.log 2019-12-05 09:40:04  loga.py  writeLog [line:134] INFO 行号:46   PASS   查找元素[find_element]  用时:0.006s  
20191205_09_39_45_773779_20156report.log 2019-12-05 09:40:05  loga.py  writeLog [line:134] INFO 行号:46   PASS   左键单击[click]  用时:0.082s  
20191205_09_39_45_773779_20156report.log 2019-12-05 09:40:06  loga.py  writeLog [line:134] INFO 行号:52   PASS   查找元素[find_element]  用时:0.011s  
20191205_09_39_45_773779_20156report.log 2019-12-05 09:40:06  loga.py  writeLog [line:134] INFO 行号:53   PASS   查找元素[find_element]  用时:0.006s  
20191205_09_39_45_773779_20156report.log 2019-12-05 09:40:07  loga.py  writeLog [line:134] INFO 行号:53   PASS   左键单击[click]  用时:0.075s  
20191205_09_39_45_773779_20156report.log 2019-12-05 09:40:08  loga.py  writeLog [line:134] INFO 行号:54   PASS   查找元素[find_element]  用时:0.017s  
20191205_09_39_45_773779_20156report.log 2019-12-05 09:40:09  loga.py  writeLog [line:134] INFO 行号:54   PASS   左键单击[click]  用时:0.079s  
20191205_09_39_45_773779_20156report.log 2019-12-05 09:40:10  loga.py  writeLog [line:134] INFO 行号:56   PASS   查找元素[find_element]  用时:0.009s  
20191205_09_39_45_773779_20156report.log 2019-12-05 09:40:11  loga.py  writeLog [line:134] INFO 行号:56   PASS   左键单击[click]  用时:0.423s  
20191205_09_39_45_773779_20156report.log 2019-12-05 09:40:12  loga.py  putSystemLog [line:74] INFO 脚本运行完毕...
20191205_09_39_45_773779_20156report.log 2019-12-05 09:40:12  loga.py  putSystemLog [line:74] INFO 开始运行脚本<class 'script.testCase.Y3me项目.数字化建模.费用管理.申请控制.EasyCase'>
20191205_09_39_45_773779_20156report.log 2019-12-05 09:40:12  loga.py  writeLog [line:134] INFO 行号:24   PASS   刷新页面[refresh]  用时:0.006s  
20191205_09_39_45_773779_20156report.log 2019-12-05 09:40:13  loga.py  writeLog [line:134] INFO 行号:26   PASS   查找元素[find_element]  用时:0.010s  
20191205_09_39_45_773779_20156report.log 2019-12-05 09:40:13  loga.py  writeLog [line:134] INFO 行号:26   PASS   左键单击[click]  用时:0.062s  
20191205_09_39_45_773779_20156report.log 2019-12-05 09:40:15  loga.py  writeLog [line:134] INFO 行号:29   PASS   查找元素[find_element]  用时:0.012s  
20191205_09_39_45_773779_20156report.log 2019-12-05 09:40:16  loga.py  writeLog [line:134] INFO 行号:29   PASS   左键单击[click]  用时:0.051s  
20191205_09_39_45_773779_20156report.log 2019-12-05 09:40:18  loga.py  writeLog [line:134] INFO 行号:32   PASS   查找元素[find_element]  用时:0.012s  
20191205_09_39_45_773779_20156report.log 2019-12-05 09:40:20  loga.py  writeLog [line:134] INFO 行号:39   PASS   查找元素[find_element]  用时:0.016s  
20191205_09_39_45_773779_20156report.log 2019-12-05 09:40:24  loga.py  writeLog [line:134] INFO 行号:46   PASS   查找元素[find_element]  用时:0.009s  
20191205_09_39_45_773779_20156report.log 2019-12-05 09:40:25  loga.py  writeLog [line:134] INFO 行号:49   PASS   查找元素[find_element]  用时:0.009s  
20191205_09_39_45_773779_20156report.log 2019-12-05 09:40:26  loga.py  writeLog [line:134] INFO 行号:50   PASS   切换到表单[frame]  用时:0.380s  
20191205_09_39_45_773779_20156report.log 2019-12-05 09:40:27  loga.py  writeLog [line:134] INFO 行号:53   PASS   查找元素[find_element]  用时:0.027s  
20191205_09_39_45_773779_20156report.log 2019-12-05 09:40:28  loga.py  writeLog [line:134] INFO 行号:54   PASS   查找元素[find_element]  用时:0.006s  
20191205_09_39_45_773779_20156report.log 2019-12-05 09:40:28  loga.py  writeLog [line:134] INFO 行号:54   PASS   左键单击[click]  用时:0.131s  
20191205_09_39_45_773779_20156report.log 2019-12-05 09:40:30  loga.py  writeLog [line:134] INFO 行号:56   PASS   查找元素[find_element]  用时:0.025s  
20191205_09_39_45_773779_20156report.log 2019-12-05 09:40:30  loga.py  writeLog [line:134] INFO 行号:56   PASS   左键单击[click]  用时:0.061s  
20191205_09_39_45_773779_20156report.log 2019-12-05 09:40:31  loga.py  writeLog [line:134] INFO 行号:57   PASS   查找元素[find_element]  用时:0.009s  
20191205_09_39_45_773779_20156report.log 2019-12-05 09:40:32  loga.py  writeLog [line:134] INFO 行号:58   PASS   执行JS代码[execute_script]  用时:0.032s  
20191205_09_39_45_773779_20156report.log 2019-12-05 09:40:33  loga.py  writeLog [line:134] INFO 行号:61   PASS   查找元素[find_element]  用时:0.008s  
20191205_09_39_45_773779_20156report.log 2019-12-05 09:40:33  loga.py  writeLog [line:134] INFO 行号:62   PASS   查找元素[find_element]  用时:0.006s  
20191205_09_39_45_773779_20156report.log 2019-12-05 09:40:34  loga.py  writeLog [line:134] INFO 行号:62   PASS   左键单击[click]  用时:0.113s  
20191205_09_39_45_773779_20156report.log 2019-12-05 09:40:35  loga.py  writeLog [line:134] INFO 行号:66   PASS   查找元素[find_element]  用时:0.009s  
20191205_09_39_45_773779_20156report.log 2019-12-05 09:40:35  loga.py  writeLog [line:134] INFO 行号:67   PASS   查找元素[find_element]  用时:0.006s  
20191205_09_39_45_773779_20156report.log 2019-12-05 09:40:36  loga.py  writeLog [line:134] INFO 行号:67   PASS   左键单击[click]  用时:0.080s  
20191205_09_39_45_773779_20156report.log 2019-12-05 09:40:37  loga.py  writeLog [line:134] INFO 行号:72   PASS   查找元素[find_element]  用时:0.009s  
20191205_09_39_45_773779_20156report.log 2019-12-05 09:40:37  loga.py  writeLog [line:134] INFO 行号:74   PASS   查找元素[find_element]  用时:0.006s  
20191205_09_39_45_773779_20156report.log 2019-12-05 09:40:38  loga.py  writeLog [line:134] INFO 行号:74   PASS   左键单击[click]  用时:0.088s  
20191205_09_39_45_773779_20156report.log 2019-12-05 09:40:39  loga.py  writeLog [line:134] INFO 行号:78   PASS   查找元素[find_element]  用时:0.010s  
20191205_09_39_45_773779_20156report.log 2019-12-05 09:40:40  loga.py  writeLog [line:134] INFO 行号:79   PASS   查找元素[find_element]  用时:0.006s  
20191205_09_39_45_773779_20156report.log 2019-12-05 09:40:40  loga.py  writeLog [line:134] INFO 行号:79   PASS   左键单击[click]  用时:0.103s  
20191205_09_39_45_773779_20156report.log 2019-12-05 09:40:41  loga.py  writeLog [line:134] INFO 行号:84   PASS   查找元素[find_element]  用时:0.015s  
20191205_09_39_45_773779_20156report.log 2019-12-05 09:40:42  loga.py  writeLog [line:134] INFO 行号:86   PASS   查找元素[find_element]  用时:0.005s  
20191205_09_39_45_773779_20156report.log 2019-12-05 09:40:42  loga.py  writeLog [line:134] INFO 行号:86   PASS   左键单击[click]  用时:0.091s  
20191205_09_39_45_773779_20156report.log 2019-12-05 09:40:43  loga.py  writeLog [line:134] INFO 行号:89   PASS   查找元素[find_element]  用时:0.011s  
20191205_09_39_45_773779_20156report.log 2019-12-05 09:40:44  loga.py  writeLog [line:134] INFO 行号:91   PASS   查找元素[find_element]  用时:0.006s  
20191205_09_39_45_773779_20156report.log 2019-12-05 09:40:44  loga.py  writeLog [line:134] INFO 行号:91   PASS   左键单击[click]  用时:0.052s  
20191205_09_39_45_773779_20156report.log 2019-12-05 09:40:45  loga.py  writeLog [line:134] INFO 行号:0    ERROR  [runTest]  用时:  测试用例脚本发生错误，请检查脚本代码：find_element_by_xpath() missing 1 required positional argument: 'xpath'
20191205_09_39_45_773779_20156report.log 2019-12-05 09:40:45  loga.py  putSystemLog [line:74] INFO 脚本运行完毕...
20191205_09_39_45_773779_20156report.log 2019-12-05 09:40:45  loga.py  putSystemLog [line:74] INFO 开始运行脚本<class 'script.testCase.U8EX项目.公共.U8EX登出.EasyCase'>
20191205_09_39_45_773779_20156report.log 2019-12-05 09:40:45  loga.py  writeLog [line:134] INFO 行号:24   PASS   刷新页面[refresh]  用时:0.011s  
20191205_09_39_45_773779_20156report.log 2019-12-05 09:40:47  loga.py  writeLog [line:134] INFO 行号:26   PASS   查找元素[find_element]  用时:0.010s  
20191205_09_39_45_773779_20156report.log 2019-12-05 09:40:48  loga.py  writeLog [line:134] INFO 行号:26   PASS   左键单击[click]  用时:0.098s  
20191205_09_39_45_773779_20156report.log 2019-12-05 09:40:49  loga.py  writeLog [line:134] INFO 行号:27   PASS   查找元素[find_element]  用时:0.009s  
20191205_09_39_45_773779_20156report.log 2019-12-05 09:40:50  loga.py  writeLog [line:134] INFO 行号:27   PASS   左键单击[click]  用时:0.447s  
20191205_09_39_45_773779_20156report.log 2019-12-05 09:40:51  loga.py  putSystemLog [line:74] INFO 脚本运行完毕...
20191205_09_39_45_773779_20156report.log 2019-12-05 09:40:51  loga.py  writeLog [line:134] INFO 行号:0    PASS   关闭浏览器[quit]  用时:0.242s  
20191205_09_39_45_773779_20156report.log 2019-12-05 09:40:54  loga.py  putSystemLog [line:74] INFO 场景<1>结束.用时:68.867s.
20191205_09_39_45_773779_20156report.log 2019-12-05 09:40:54  loga.py  putSystemLog [line:74] INFO 场景统计结果：PASS: 68(98.55%),FAIL:  0(0.00%),ERROR:  1(1.45%),TRUE:  0,FALSE:  0

20191205_09_39_45_773779_20156report.log 2019-12-05 09:40:54  loga.py  putSystemLog [line:74] INFO ----------------------------------------
20191205_09_39_45_773779_20156report.log 2019-12-05 09:40:54  loga.py  putSystemLog [line:74] INFO End.
20191205_09_39_45_773779_20156report.log 2019-12-05 09:40:54  loga.py  putSystemLog [line:74] INFO 测试方案统计结果:
                    场景<1>:PASS: 68(98.55%),FAIL:  0(0.00%),ERROR:  1(1.45%),TRUE:  0,FALSE:  0
                    总   计:PASS: 68(98.55%),FAIL:  0(0.00%),ERROR:  1(1.45%),TRUE:  0,FALSE:  0

