20191205_10_12_03_878489_19672report.log 2019-12-05 10:12:03  loga.py  putSystemLog [line:74] INFO Start.
20191205_10_12_03_878489_19672report.log 2019-12-05 10:12:03  loga.py  putSystemLog [line:74] INFO 场景<1>开始.
20191205_10_12_03_878489_19672report.log 2019-12-05 10:12:07  loga.py  writeLog [line:134] INFO 行号:0    PASS   最大化浏览器窗口[maximize_window]  用时:1.113s  
20191205_10_12_03_878489_19672report.log 2019-12-05 10:12:08  loga.py  putSystemLog [line:74] INFO chrome浏览器启动成功.
20191205_10_12_03_878489_19672report.log 2019-12-05 10:12:08  loga.py  putSystemLog [line:74] INFO 开始加载脚本...
20191205_10_12_03_878489_19672report.log 2019-12-05 10:12:08  loga.py  putSystemLog [line:74] INFO 脚本<1>：U8EX登录 加载成功.脚本路径：script/testCase/U8EX项目/公共/U8EX登录
20191205_10_12_03_878489_19672report.log 2019-12-05 10:12:08  loga.py  putSystemLog [line:74] INFO 脚本<2>：申请控制 加载成功.脚本路径：script/testCase/Y3me项目/数字化建模/费用管理/申请控制
20191205_10_12_03_878489_19672report.log 2019-12-05 10:12:08  loga.py  putSystemLog [line:74] INFO 脚本<3>：U8EX登出 加载成功.脚本路径：script/testCase/U8EX项目/公共/U8EX登出
20191205_10_12_03_878489_19672report.log 2019-12-05 10:12:08  loga.py  putSystemLog [line:74] INFO 脚本加载完成...
20191205_10_12_03_878489_19672report.log 2019-12-05 10:12:08  loga.py  putSystemLog [line:74] INFO 开始运行脚本<class 'script.testCase.U8EX项目.公共.U8EX登录.EasyCase'>
20191205_10_12_03_878489_19672report.log 2019-12-05 10:12:09  loga.py  writeLog [line:134] INFO 行号:27   PASS   访问页面[get]  用时:0.966s  
20191205_10_12_03_878489_19672report.log 2019-12-05 10:12:10  loga.py  writeLog [line:134] INFO 行号:29   PASS   查找元素[find_element]  用时:0.011s  
20191205_10_12_03_878489_19672report.log 2019-12-05 10:12:11  loga.py  writeLog [line:134] INFO 行号:30   PASS   查找元素[find_element]  用时:0.008s  
20191205_10_12_03_878489_19672report.log 2019-12-05 10:12:11  loga.py  writeLog [line:134] INFO 行号:30   PASS   左键单击[click]  用时:0.049s  
20191205_10_12_03_878489_19672report.log 2019-12-05 10:12:12  loga.py  writeLog [line:134] INFO 行号:34   PASS   查找元素[find_element]  用时:0.010s  
20191205_10_12_03_878489_19672report.log 2019-12-05 10:12:13  loga.py  writeLog [line:134] INFO 行号:35   PASS   查找元素[find_element]  用时:0.008s  
20191205_10_12_03_878489_19672report.log 2019-12-05 10:12:13  loga.py  writeLog [line:134] INFO 行号:36   PASS   切换到表单[frame]  用时:0.016s  
20191205_10_12_03_878489_19672report.log 2019-12-05 10:12:15  loga.py  writeLog [line:134] INFO 行号:39   PASS   查找元素[find_element]  用时:0.012s  
20191205_10_12_03_878489_19672report.log 2019-12-05 10:12:16  loga.py  writeLog [line:134] INFO 行号:40   PASS   查找元素[find_element]  用时:0.010s  
20191205_10_12_03_878489_19672report.log 2019-12-05 10:12:16  loga.py  writeLog [line:134] INFO 行号:40   PASS   清除文本[clear]  用时:0.044s  
20191205_10_12_03_878489_19672report.log 2019-12-05 10:12:17  loga.py  writeLog [line:134] INFO 行号:41   PASS   查找元素[find_element]  用时:0.008s  
20191205_10_12_03_878489_19672report.log 2019-12-05 10:12:18  loga.py  writeLog [line:134] INFO 行号:41   PASS   模拟输入[send_keys]  用时:0.075s  
20191205_10_12_03_878489_19672report.log 2019-12-05 10:12:19  loga.py  writeLog [line:134] INFO 行号:42   PASS   查找元素[find_element]  用时:0.029s  
20191205_10_12_03_878489_19672report.log 2019-12-05 10:12:19  loga.py  writeLog [line:134] INFO 行号:42   PASS   清除文本[clear]  用时:0.018s  
20191205_10_12_03_878489_19672report.log 2019-12-05 10:12:20  loga.py  writeLog [line:134] INFO 行号:43   PASS   查找元素[find_element]  用时:0.017s  
20191205_10_12_03_878489_19672report.log 2019-12-05 10:12:21  loga.py  writeLog [line:134] INFO 行号:43   PASS   模拟输入[send_keys]  用时:0.079s  
20191205_10_12_03_878489_19672report.log 2019-12-05 10:12:22  loga.py  writeLog [line:134] INFO 行号:45   PASS   查找元素[find_element]  用时:0.030s  
20191205_10_12_03_878489_19672report.log 2019-12-05 10:12:23  loga.py  writeLog [line:134] INFO 行号:46   PASS   查找元素[find_element]  用时:0.005s  
20191205_10_12_03_878489_19672report.log 2019-12-05 10:12:23  loga.py  writeLog [line:134] INFO 行号:46   PASS   左键单击[click]  用时:0.134s  
20191205_10_12_03_878489_19672report.log 2019-12-05 10:12:24  loga.py  writeLog [line:134] INFO 行号:52   PASS   查找元素[find_element]  用时:0.010s  
20191205_10_12_03_878489_19672report.log 2019-12-05 10:12:25  loga.py  writeLog [line:134] INFO 行号:53   PASS   查找元素[find_element]  用时:0.006s  
20191205_10_12_03_878489_19672report.log 2019-12-05 10:12:25  loga.py  writeLog [line:134] INFO 行号:53   PASS   左键单击[click]  用时:0.068s  
20191205_10_12_03_878489_19672report.log 2019-12-05 10:12:26  loga.py  writeLog [line:134] INFO 行号:54   PASS   查找元素[find_element]  用时:0.014s  
20191205_10_12_03_878489_19672report.log 2019-12-05 10:12:27  loga.py  writeLog [line:134] INFO 行号:54   PASS   左键单击[click]  用时:0.159s  
20191205_10_12_03_878489_19672report.log 2019-12-05 10:12:28  loga.py  writeLog [line:134] INFO 行号:56   PASS   查找元素[find_element]  用时:0.010s  
20191205_10_12_03_878489_19672report.log 2019-12-05 10:12:29  loga.py  writeLog [line:134] INFO 行号:56   PASS   左键单击[click]  用时:0.377s  
20191205_10_12_03_878489_19672report.log 2019-12-05 10:12:30  loga.py  putSystemLog [line:74] INFO 脚本运行完毕...
20191205_10_12_03_878489_19672report.log 2019-12-05 10:12:30  loga.py  putSystemLog [line:74] INFO 开始运行脚本<class 'script.testCase.Y3me项目.数字化建模.费用管理.申请控制.EasyCase'>
20191205_10_12_03_878489_19672report.log 2019-12-05 10:12:30  loga.py  writeLog [line:134] INFO 行号:24   PASS   刷新页面[refresh]  用时:0.009s  
20191205_10_12_03_878489_19672report.log 2019-12-05 10:12:31  loga.py  writeLog [line:134] INFO 行号:26   PASS   查找元素[find_element]  用时:0.012s  
20191205_10_12_03_878489_19672report.log 2019-12-05 10:12:31  loga.py  writeLog [line:134] INFO 行号:26   PASS   左键单击[click]  用时:0.066s  
20191205_10_12_03_878489_19672report.log 2019-12-05 10:12:33  loga.py  writeLog [line:134] INFO 行号:29   PASS   查找元素[find_element]  用时:0.010s  
20191205_10_12_03_878489_19672report.log 2019-12-05 10:12:34  loga.py  writeLog [line:134] INFO 行号:29   PASS   左键单击[click]  用时:0.058s  
20191205_10_12_03_878489_19672report.log 2019-12-05 10:12:36  loga.py  writeLog [line:134] INFO 行号:32   PASS   查找元素[find_element]  用时:0.017s  
20191205_10_12_03_878489_19672report.log 2019-12-05 10:12:39  loga.py  writeLog [line:134] INFO 行号:39   PASS   查找元素[find_element]  用时:0.016s  
20191205_10_12_03_878489_19672report.log 2019-12-05 10:12:42  loga.py  writeLog [line:134] INFO 行号:46   PASS   查找元素[find_element]  用时:0.029s  
20191205_10_12_03_878489_19672report.log 2019-12-05 10:12:44  loga.py  writeLog [line:134] INFO 行号:49   PASS   查找元素[find_element]  用时:0.009s  
20191205_10_12_03_878489_19672report.log 2019-12-05 10:12:44  loga.py  writeLog [line:134] INFO 行号:50   PASS   切换到表单[frame]  用时:0.017s  
20191205_10_12_03_878489_19672report.log 2019-12-05 10:12:45  loga.py  writeLog [line:134] INFO 行号:53   PASS   查找元素[find_element]  用时:0.175s  
20191205_10_12_03_878489_19672report.log 2019-12-05 10:12:46  loga.py  writeLog [line:134] INFO 行号:54   PASS   查找元素[find_element]  用时:0.007s  
20191205_10_12_03_878489_19672report.log 2019-12-05 10:12:47  loga.py  writeLog [line:134] INFO 行号:54   PASS   左键单击[click]  用时:0.139s  
20191205_10_12_03_878489_19672report.log 2019-12-05 10:12:48  loga.py  writeLog [line:134] INFO 行号:56   PASS   查找元素[find_element]  用时:0.009s  
20191205_10_12_03_878489_19672report.log 2019-12-05 10:12:48  loga.py  writeLog [line:134] INFO 行号:56   PASS   左键单击[click]  用时:0.069s  
20191205_10_12_03_878489_19672report.log 2019-12-05 10:12:49  loga.py  writeLog [line:134] INFO 行号:57   PASS   查找元素[find_element]  用时:0.011s  
20191205_10_12_03_878489_19672report.log 2019-12-05 10:12:50  loga.py  writeLog [line:134] INFO 行号:58   PASS   执行JS代码[execute_script]  用时:0.030s  
20191205_10_12_03_878489_19672report.log 2019-12-05 10:12:51  loga.py  writeLog [line:134] INFO 行号:61   PASS   查找元素[find_element]  用时:0.013s  
20191205_10_12_03_878489_19672report.log 2019-12-05 10:12:51  loga.py  writeLog [line:134] INFO 行号:62   PASS   查找元素[find_element]  用时:0.006s  
20191205_10_12_03_878489_19672report.log 2019-12-05 10:12:52  loga.py  writeLog [line:134] INFO 行号:62   PASS   左键单击[click]  用时:0.114s  
20191205_10_12_03_878489_19672report.log 2019-12-05 10:12:53  loga.py  writeLog [line:134] INFO 行号:66   PASS   查找元素[find_element]  用时:0.009s  
20191205_10_12_03_878489_19672report.log 2019-12-05 10:12:53  loga.py  writeLog [line:134] INFO 行号:67   PASS   查找元素[find_element]  用时:0.006s  
20191205_10_12_03_878489_19672report.log 2019-12-05 10:12:54  loga.py  writeLog [line:134] INFO 行号:67   PASS   左键单击[click]  用时:0.080s  
20191205_10_12_03_878489_19672report.log 2019-12-05 10:12:55  loga.py  writeLog [line:134] INFO 行号:72   PASS   查找元素[find_element]  用时:0.008s  
20191205_10_12_03_878489_19672report.log 2019-12-05 10:12:56  loga.py  writeLog [line:134] INFO 行号:74   PASS   查找元素[find_element]  用时:0.005s  
20191205_10_12_03_878489_19672report.log 2019-12-05 10:12:56  loga.py  writeLog [line:134] INFO 行号:74   PASS   左键单击[click]  用时:0.114s  
20191205_10_12_03_878489_19672report.log 2019-12-05 10:12:57  loga.py  writeLog [line:134] INFO 行号:78   PASS   查找元素[find_element]  用时:0.029s  
20191205_10_12_03_878489_19672report.log 2019-12-05 10:12:58  loga.py  writeLog [line:134] INFO 行号:79   PASS   查找元素[find_element]  用时:0.008s  
20191205_10_12_03_878489_19672report.log 2019-12-05 10:12:58  loga.py  writeLog [line:134] INFO 行号:79   PASS   左键单击[click]  用时:0.059s  
20191205_10_12_03_878489_19672report.log 2019-12-05 10:12:59  loga.py  writeLog [line:134] INFO 行号:84   PASS   查找元素[find_element]  用时:0.007s  
20191205_10_12_03_878489_19672report.log 2019-12-05 10:13:00  loga.py  writeLog [line:134] INFO 行号:86   PASS   查找元素[find_element]  用时:0.006s  
20191205_10_12_03_878489_19672report.log 2019-12-05 10:13:00  loga.py  writeLog [line:134] INFO 行号:86   PASS   左键单击[click]  用时:0.102s  
20191205_10_12_03_878489_19672report.log 2019-12-05 10:13:01  loga.py  writeLog [line:134] INFO 行号:89   PASS   查找元素[find_element]  用时:0.010s  
20191205_10_12_03_878489_19672report.log 2019-12-05 10:13:02  loga.py  writeLog [line:134] INFO 行号:91   PASS   查找元素[find_element]  用时:0.006s  
20191205_10_12_03_878489_19672report.log 2019-12-05 10:13:02  loga.py  writeLog [line:134] INFO 行号:91   PASS   左键单击[click]  用时:0.059s  
20191205_10_12_03_878489_19672report.log 2019-12-05 10:13:03  loga.py  writeLog [line:134] INFO 行号:96   PASS   查找元素[find_element]  用时:0.016s  
20191205_10_12_03_878489_19672report.log 2019-12-05 10:13:04  loga.py  writeLog [line:134] INFO 行号:98   PASS   查找元素[find_element]  用时:0.006s  
20191205_10_12_03_878489_19672report.log 2019-12-05 10:13:05  loga.py  writeLog [line:134] INFO 行号:99   TRUE   断言：非None对象[assertIsNotNone] 用时:0.000s TRUE.
20191205_10_12_03_878489_19672report.log 2019-12-05 10:13:05  loga.py  writeLog [line:134] INFO 行号:104  PASS   查找元素[find_element]  用时:0.009s  
20191205_10_12_03_878489_19672report.log 2019-12-05 10:13:05  loga.py  writeLog [line:134] INFO 行号:106  PASS   查找元素[find_element]  用时:0.008s  
20191205_10_12_03_878489_19672report.log 2019-12-05 10:13:06  loga.py  writeLog [line:134] INFO 行号:106  PASS   左键单击[click]  用时:0.131s  
20191205_10_12_03_878489_19672report.log 2019-12-05 10:13:07  loga.py  writeLog [line:134] INFO 行号:110  PASS   查找元素[find_element]  用时:0.010s  
20191205_10_12_03_878489_19672report.log 2019-12-05 10:13:17  loga.py  writeLog [line:134] INFO 行号:0    ERROR  [runTest]  用时:  测试用例脚本发生错误，请检查脚本代码：
20191205_10_12_03_878489_19672report.log 2019-12-05 10:13:17  loga.py  putSystemLog [line:74] INFO 脚本运行完毕...
20191205_10_12_03_878489_19672report.log 2019-12-05 10:13:17  loga.py  putSystemLog [line:74] INFO 开始运行脚本<class 'script.testCase.U8EX项目.公共.U8EX登出.EasyCase'>
20191205_10_12_03_878489_19672report.log 2019-12-05 10:13:17  loga.py  writeLog [line:134] INFO 行号:24   PASS   刷新页面[refresh]  用时:0.013s  
20191205_10_12_03_878489_19672report.log 2019-12-05 10:13:19  loga.py  writeLog [line:134] INFO 行号:26   PASS   查找元素[find_element]  用时:0.011s  
20191205_10_12_03_878489_19672report.log 2019-12-05 10:13:20  loga.py  writeLog [line:134] INFO 行号:26   PASS   左键单击[click]  用时:0.046s  
20191205_10_12_03_878489_19672report.log 2019-12-05 10:13:21  loga.py  writeLog [line:134] INFO 行号:27   PASS   查找元素[find_element]  用时:0.011s  
20191205_10_12_03_878489_19672report.log 2019-12-05 10:13:22  loga.py  writeLog [line:134] INFO 行号:27   PASS   左键单击[click]  用时:0.489s  
20191205_10_12_03_878489_19672report.log 2019-12-05 10:13:23  loga.py  putSystemLog [line:74] INFO 脚本运行完毕...
20191205_10_12_03_878489_19672report.log 2019-12-05 10:13:23  loga.py  writeLog [line:134] INFO 行号:0    PASS   关闭浏览器[quit]  用时:0.236s  
20191205_10_12_03_878489_19672report.log 2019-12-05 10:13:26  loga.py  putSystemLog [line:74] INFO 场景<1>结束.用时:82.783s.
20191205_10_12_03_878489_19672report.log 2019-12-05 10:13:26  loga.py  putSystemLog [line:74] INFO 场景统计结果：PASS: 74(98.67%),FAIL:  0(0.00%),ERROR:  1(1.33%),TRUE:  1,FALSE:  0

20191205_10_12_03_878489_19672report.log 2019-12-05 10:13:26  loga.py  putSystemLog [line:74] INFO ----------------------------------------
20191205_10_12_03_878489_19672report.log 2019-12-05 10:13:26  loga.py  putSystemLog [line:74] INFO End.
20191205_10_12_03_878489_19672report.log 2019-12-05 10:13:26  loga.py  putSystemLog [line:74] INFO 测试方案统计结果:
                    场景<1>:PASS: 74(98.67%),FAIL:  0(0.00%),ERROR:  1(1.33%),TRUE:  1,FALSE:  0
                    总   计:PASS: 74(98.67%),FAIL:  0(0.00%),ERROR:  1(1.33%),TRUE:  1,FALSE:  0

