20191205_09_47_32_286243_21000report.log 2019-12-05 09:47:32  loga.py  putSystemLog [line:74] INFO Start.
20191205_09_47_32_286243_21000report.log 2019-12-05 09:47:32  loga.py  putSystemLog [line:74] INFO 场景<1>开始.
20191205_09_47_32_286243_21000report.log 2019-12-05 09:47:36  loga.py  writeLog [line:134] INFO 行号:0    PASS   最大化浏览器窗口[maximize_window]  用时:1.118s  
20191205_09_47_32_286243_21000report.log 2019-12-05 09:47:37  loga.py  putSystemLog [line:74] INFO chrome浏览器启动成功.
20191205_09_47_32_286243_21000report.log 2019-12-05 09:47:37  loga.py  putSystemLog [line:74] INFO 开始加载脚本...
20191205_09_47_32_286243_21000report.log 2019-12-05 09:47:37  loga.py  putSystemLog [line:74] INFO 脚本<1>：U8EX登录 加载成功.脚本路径：script/testCase/U8EX项目/公共/U8EX登录
20191205_09_47_32_286243_21000report.log 2019-12-05 09:47:37  loga.py  putSystemLog [line:74] INFO 脚本<2>：申请控制 加载成功.脚本路径：script/testCase/Y3me项目/数字化建模/费用管理/申请控制
20191205_09_47_32_286243_21000report.log 2019-12-05 09:47:37  loga.py  putSystemLog [line:74] INFO 脚本<3>：U8EX登出 加载成功.脚本路径：script/testCase/U8EX项目/公共/U8EX登出
20191205_09_47_32_286243_21000report.log 2019-12-05 09:47:37  loga.py  putSystemLog [line:74] INFO 脚本加载完成...
20191205_09_47_32_286243_21000report.log 2019-12-05 09:47:37  loga.py  putSystemLog [line:74] INFO 开始运行脚本<class 'script.testCase.U8EX项目.公共.U8EX登录.EasyCase'>
20191205_09_47_32_286243_21000report.log 2019-12-05 09:47:38  loga.py  writeLog [line:134] INFO 行号:27   PASS   访问页面[get]  用时:0.992s  
20191205_09_47_32_286243_21000report.log 2019-12-05 09:47:39  loga.py  writeLog [line:134] INFO 行号:29   PASS   查找元素[find_element]  用时:0.018s  
20191205_09_47_32_286243_21000report.log 2019-12-05 09:47:39  loga.py  writeLog [line:134] INFO 行号:30   PASS   查找元素[find_element]  用时:0.009s  
20191205_09_47_32_286243_21000report.log 2019-12-05 09:47:40  loga.py  writeLog [line:134] INFO 行号:30   PASS   左键单击[click]  用时:0.074s  
20191205_09_47_32_286243_21000report.log 2019-12-05 09:47:41  loga.py  writeLog [line:134] INFO 行号:34   PASS   查找元素[find_element]  用时:0.010s  
20191205_09_47_32_286243_21000report.log 2019-12-05 09:47:41  loga.py  writeLog [line:134] INFO 行号:35   PASS   查找元素[find_element]  用时:0.007s  
20191205_09_47_32_286243_21000report.log 2019-12-05 09:47:42  loga.py  writeLog [line:134] INFO 行号:36   PASS   切换到表单[frame]  用时:0.016s  
20191205_09_47_32_286243_21000report.log 2019-12-05 09:47:44  loga.py  writeLog [line:134] INFO 行号:39   PASS   查找元素[find_element]  用时:0.009s  
20191205_09_47_32_286243_21000report.log 2019-12-05 09:47:44  loga.py  writeLog [line:134] INFO 行号:40   PASS   查找元素[find_element]  用时:0.006s  
20191205_09_47_32_286243_21000report.log 2019-12-05 09:47:45  loga.py  writeLog [line:134] INFO 行号:40   PASS   清除文本[clear]  用时:0.017s  
20191205_09_47_32_286243_21000report.log 2019-12-05 09:47:46  loga.py  writeLog [line:134] INFO 行号:41   PASS   查找元素[find_element]  用时:0.007s  
20191205_09_47_32_286243_21000report.log 2019-12-05 09:47:46  loga.py  writeLog [line:134] INFO 行号:41   PASS   模拟输入[send_keys]  用时:0.079s  
20191205_09_47_32_286243_21000report.log 2019-12-05 09:47:47  loga.py  writeLog [line:134] INFO 行号:42   PASS   查找元素[find_element]  用时:0.012s  
20191205_09_47_32_286243_21000report.log 2019-12-05 09:47:48  loga.py  writeLog [line:134] INFO 行号:42   PASS   清除文本[clear]  用时:0.018s  
20191205_09_47_32_286243_21000report.log 2019-12-05 09:47:49  loga.py  writeLog [line:134] INFO 行号:43   PASS   查找元素[find_element]  用时:0.006s  
20191205_09_47_32_286243_21000report.log 2019-12-05 09:47:49  loga.py  writeLog [line:134] INFO 行号:43   PASS   模拟输入[send_keys]  用时:0.062s  
20191205_09_47_32_286243_21000report.log 2019-12-05 09:47:50  loga.py  writeLog [line:134] INFO 行号:45   PASS   查找元素[find_element]  用时:0.013s  
20191205_09_47_32_286243_21000report.log 2019-12-05 09:47:51  loga.py  writeLog [line:134] INFO 行号:46   PASS   查找元素[find_element]  用时:0.006s  
20191205_09_47_32_286243_21000report.log 2019-12-05 09:47:52  loga.py  writeLog [line:134] INFO 行号:46   PASS   左键单击[click]  用时:0.079s  
20191205_09_47_32_286243_21000report.log 2019-12-05 09:47:53  loga.py  writeLog [line:134] INFO 行号:52   PASS   查找元素[find_element]  用时:0.012s  
20191205_09_47_32_286243_21000report.log 2019-12-05 09:47:53  loga.py  writeLog [line:134] INFO 行号:53   PASS   查找元素[find_element]  用时:0.006s  
20191205_09_47_32_286243_21000report.log 2019-12-05 09:47:54  loga.py  writeLog [line:134] INFO 行号:53   PASS   左键单击[click]  用时:0.069s  
20191205_09_47_32_286243_21000report.log 2019-12-05 09:47:55  loga.py  writeLog [line:134] INFO 行号:54   PASS   查找元素[find_element]  用时:0.011s  
20191205_09_47_32_286243_21000report.log 2019-12-05 09:47:55  loga.py  writeLog [line:134] INFO 行号:54   PASS   左键单击[click]  用时:0.089s  
20191205_09_47_32_286243_21000report.log 2019-12-05 09:47:56  loga.py  writeLog [line:134] INFO 行号:56   PASS   查找元素[find_element]  用时:0.009s  
20191205_09_47_32_286243_21000report.log 2019-12-05 09:47:57  loga.py  writeLog [line:134] INFO 行号:56   PASS   左键单击[click]  用时:0.372s  
20191205_09_47_32_286243_21000report.log 2019-12-05 09:47:58  loga.py  putSystemLog [line:74] INFO 脚本运行完毕...
20191205_09_47_32_286243_21000report.log 2019-12-05 09:47:58  loga.py  putSystemLog [line:74] INFO 开始运行脚本<class 'script.testCase.Y3me项目.数字化建模.费用管理.申请控制.EasyCase'>
20191205_09_47_32_286243_21000report.log 2019-12-05 09:47:58  loga.py  writeLog [line:134] INFO 行号:24   PASS   刷新页面[refresh]  用时:0.008s  
20191205_09_47_32_286243_21000report.log 2019-12-05 09:47:59  loga.py  writeLog [line:134] INFO 行号:26   PASS   查找元素[find_element]  用时:0.009s  
20191205_09_47_32_286243_21000report.log 2019-12-05 09:48:00  loga.py  writeLog [line:134] INFO 行号:26   PASS   左键单击[click]  用时:0.062s  
20191205_09_47_32_286243_21000report.log 2019-12-05 09:48:02  loga.py  writeLog [line:134] INFO 行号:29   PASS   查找元素[find_element]  用时:0.012s  
20191205_09_47_32_286243_21000report.log 2019-12-05 09:48:02  loga.py  writeLog [line:134] INFO 行号:29   PASS   左键单击[click]  用时:0.044s  
20191205_09_47_32_286243_21000report.log 2019-12-05 09:48:04  loga.py  writeLog [line:134] INFO 行号:32   PASS   查找元素[find_element]  用时:0.008s  
20191205_09_47_32_286243_21000report.log 2019-12-05 09:48:07  loga.py  writeLog [line:134] INFO 行号:39   PASS   查找元素[find_element]  用时:0.010s  
20191205_09_47_32_286243_21000report.log 2019-12-05 09:48:10  loga.py  writeLog [line:134] INFO 行号:46   PASS   查找元素[find_element]  用时:0.010s  
20191205_09_47_32_286243_21000report.log 2019-12-05 09:48:12  loga.py  writeLog [line:134] INFO 行号:49   PASS   查找元素[find_element]  用时:0.011s  
20191205_09_47_32_286243_21000report.log 2019-12-05 09:48:12  loga.py  writeLog [line:134] INFO 行号:50   PASS   切换到表单[frame]  用时:0.042s  
20191205_09_47_32_286243_21000report.log 2019-12-05 09:48:14  loga.py  writeLog [line:134] INFO 行号:53   PASS   查找元素[find_element]  用时:0.249s  
20191205_09_47_32_286243_21000report.log 2019-12-05 09:48:14  loga.py  writeLog [line:134] INFO 行号:54   PASS   查找元素[find_element]  用时:0.007s  
20191205_09_47_32_286243_21000report.log 2019-12-05 09:48:15  loga.py  writeLog [line:134] INFO 行号:54   PASS   左键单击[click]  用时:0.137s  
20191205_09_47_32_286243_21000report.log 2019-12-05 09:48:16  loga.py  writeLog [line:134] INFO 行号:56   PASS   查找元素[find_element]  用时:0.009s  
20191205_09_47_32_286243_21000report.log 2019-12-05 09:48:16  loga.py  writeLog [line:134] INFO 行号:56   PASS   左键单击[click]  用时:0.067s  
20191205_09_47_32_286243_21000report.log 2019-12-05 09:48:17  loga.py  writeLog [line:134] INFO 行号:57   PASS   查找元素[find_element]  用时:0.014s  
20191205_09_47_32_286243_21000report.log 2019-12-05 09:48:18  loga.py  writeLog [line:134] INFO 行号:58   PASS   执行JS代码[execute_script]  用时:0.026s  
20191205_09_47_32_286243_21000report.log 2019-12-05 09:48:19  loga.py  writeLog [line:134] INFO 行号:61   PASS   查找元素[find_element]  用时:0.008s  
20191205_09_47_32_286243_21000report.log 2019-12-05 09:48:20  loga.py  writeLog [line:134] INFO 行号:62   PASS   查找元素[find_element]  用时:0.008s  
20191205_09_47_32_286243_21000report.log 2019-12-05 09:48:20  loga.py  writeLog [line:134] INFO 行号:62   PASS   左键单击[click]  用时:0.111s  
20191205_09_47_32_286243_21000report.log 2019-12-05 09:48:21  loga.py  writeLog [line:134] INFO 行号:66   PASS   查找元素[find_element]  用时:0.009s  
20191205_09_47_32_286243_21000report.log 2019-12-05 09:48:22  loga.py  writeLog [line:134] INFO 行号:67   PASS   查找元素[find_element]  用时:0.006s  
20191205_09_47_32_286243_21000report.log 2019-12-05 09:48:22  loga.py  writeLog [line:134] INFO 行号:67   PASS   左键单击[click]  用时:0.075s  
20191205_09_47_32_286243_21000report.log 2019-12-05 09:48:23  loga.py  writeLog [line:134] INFO 行号:72   PASS   查找元素[find_element]  用时:0.017s  
20191205_09_47_32_286243_21000report.log 2019-12-05 09:48:24  loga.py  writeLog [line:134] INFO 行号:74   PASS   查找元素[find_element]  用时:0.006s  
20191205_09_47_32_286243_21000report.log 2019-12-05 09:48:24  loga.py  writeLog [line:134] INFO 行号:74   PASS   左键单击[click]  用时:0.111s  
20191205_09_47_32_286243_21000report.log 2019-12-05 09:48:25  loga.py  writeLog [line:134] INFO 行号:78   PASS   查找元素[find_element]  用时:0.010s  
20191205_09_47_32_286243_21000report.log 2019-12-05 09:48:26  loga.py  writeLog [line:134] INFO 行号:79   PASS   查找元素[find_element]  用时:0.006s  
20191205_09_47_32_286243_21000report.log 2019-12-05 09:48:27  loga.py  writeLog [line:134] INFO 行号:79   PASS   左键单击[click]  用时:0.090s  
20191205_09_47_32_286243_21000report.log 2019-12-05 09:48:28  loga.py  writeLog [line:134] INFO 行号:84   PASS   查找元素[find_element]  用时:0.006s  
20191205_09_47_32_286243_21000report.log 2019-12-05 09:48:28  loga.py  writeLog [line:134] INFO 行号:86   PASS   查找元素[find_element]  用时:0.006s  
20191205_09_47_32_286243_21000report.log 2019-12-05 09:48:29  loga.py  writeLog [line:134] INFO 行号:86   PASS   左键单击[click]  用时:0.094s  
20191205_09_47_32_286243_21000report.log 2019-12-05 09:48:30  loga.py  writeLog [line:134] INFO 行号:89   PASS   查找元素[find_element]  用时:0.016s  
20191205_09_47_32_286243_21000report.log 2019-12-05 09:48:30  loga.py  writeLog [line:134] INFO 行号:91   PASS   查找元素[find_element]  用时:0.007s  
20191205_09_47_32_286243_21000report.log 2019-12-05 09:48:31  loga.py  writeLog [line:134] INFO 行号:91   PASS   左键单击[click]  用时:0.055s  
20191205_09_47_32_286243_21000report.log 2019-12-05 09:48:32  loga.py  writeLog [line:134] INFO 行号:96   PASS   查找元素[find_element]  用时:0.011s  
20191205_09_47_32_286243_21000report.log 2019-12-05 09:48:32  loga.py  writeLog [line:134] INFO 行号:98   PASS   查找元素[find_element]  用时:0.006s  
20191205_09_47_32_286243_21000report.log 2019-12-05 09:48:33  loga.py  writeLog [line:134] INFO 行号:98   PASS   左键单击[click]  用时:0.149s  
20191205_09_47_32_286243_21000report.log 2019-12-05 09:48:34  loga.py  writeLog [line:134] INFO 行号:102  PASS   查找元素[find_element]  用时:0.006s  
20191205_09_47_32_286243_21000report.log 2019-12-05 09:48:34  loga.py  writeLog [line:134] INFO 行号:103  PASS   查找元素[find_element]  用时:0.006s  
20191205_09_47_32_286243_21000report.log 2019-12-05 09:48:35  loga.py  writeLog [line:134] INFO 行号:103  PASS   左键单击[click]  用时:0.086s  
20191205_09_47_32_286243_21000report.log 2019-12-05 09:48:36  loga.py  writeLog [line:134] INFO 行号:108  PASS   查找元素[find_element]  用时:0.016s  
20191205_09_47_32_286243_21000report.log 2019-12-05 09:48:37  loga.py  writeLog [line:134] INFO 行号:110  PASS   查找元素[find_element]  用时:0.007s  
20191205_09_47_32_286243_21000report.log 2019-12-05 09:48:37  loga.py  writeLog [line:134] INFO 行号:110  PASS   左键单击[click]  用时:0.060s  
20191205_09_47_32_286243_21000report.log 2019-12-05 09:48:38  loga.py  writeLog [line:134] INFO 行号:114  PASS   查找元素[find_element]  用时:0.009s  
20191205_09_47_32_286243_21000report.log 2019-12-05 09:48:39  loga.py  writeLog [line:134] INFO 行号:115  PASS   查找元素[find_element]  用时:0.005s  
20191205_09_47_32_286243_21000report.log 2019-12-05 09:48:39  loga.py  writeLog [line:134] INFO 行号:115  PASS   左键单击[click]  用时:0.068s  
20191205_09_47_32_286243_21000report.log 2019-12-05 09:48:40  loga.py  writeLog [line:134] INFO 行号:118  PASS   查找元素[find_element]  用时:0.014s  
20191205_09_47_32_286243_21000report.log 2019-12-05 09:48:41  loga.py  writeLog [line:134] INFO 行号:118  PASS   左键单击[click]  用时:0.053s  
20191205_09_47_32_286243_21000report.log 2019-12-05 09:48:43  loga.py  writeLog [line:134] INFO 行号:120  PASS   查找元素[find_element]  用时:0.008s  
20191205_09_47_32_286243_21000report.log 2019-12-05 09:48:43  loga.py  writeLog [line:134] INFO 行号:120  PASS   左键单击[click]  用时:0.050s  
20191205_09_47_32_286243_21000report.log 2019-12-05 09:48:44  loga.py  putSystemLog [line:74] INFO 脚本运行完毕...
20191205_09_47_32_286243_21000report.log 2019-12-05 09:48:44  loga.py  putSystemLog [line:74] INFO 开始运行脚本<class 'script.testCase.U8EX项目.公共.U8EX登出.EasyCase'>
20191205_09_47_32_286243_21000report.log 2019-12-05 09:48:44  loga.py  writeLog [line:134] INFO 行号:24   PASS   刷新页面[refresh]  用时:0.009s  
20191205_09_47_32_286243_21000report.log 2019-12-05 09:48:46  loga.py  writeLog [line:134] INFO 行号:26   PASS   查找元素[find_element]  用时:0.022s  
20191205_09_47_32_286243_21000report.log 2019-12-05 09:48:47  loga.py  writeLog [line:134] INFO 行号:26   PASS   左键单击[click]  用时:0.038s  
20191205_09_47_32_286243_21000report.log 2019-12-05 09:48:48  loga.py  writeLog [line:134] INFO 行号:27   PASS   查找元素[find_element]  用时:0.010s  
20191205_09_47_32_286243_21000report.log 2019-12-05 09:48:49  loga.py  writeLog [line:134] INFO 行号:27   PASS   左键单击[click]  用时:0.421s  
20191205_09_47_32_286243_21000report.log 2019-12-05 09:48:50  loga.py  putSystemLog [line:74] INFO 脚本运行完毕...
20191205_09_47_32_286243_21000report.log 2019-12-05 09:48:50  loga.py  writeLog [line:134] INFO 行号:0    PASS   关闭浏览器[quit]  用时:0.236s  
20191205_09_47_32_286243_21000report.log 2019-12-05 09:48:53  loga.py  putSystemLog [line:74] INFO 场景<1>结束.用时:81.271s.
20191205_09_47_32_286243_21000report.log 2019-12-05 09:48:53  loga.py  putSystemLog [line:74] INFO 场景统计结果：PASS: 84(100.00%),FAIL:  0(0.00%),ERROR:  0(0.00%),TRUE:  0,FALSE:  0

20191205_09_47_32_286243_21000report.log 2019-12-05 09:48:53  loga.py  putSystemLog [line:74] INFO ----------------------------------------
20191205_09_47_32_286243_21000report.log 2019-12-05 09:48:53  loga.py  putSystemLog [line:74] INFO End.
20191205_09_47_32_286243_21000report.log 2019-12-05 09:48:53  loga.py  putSystemLog [line:74] INFO 测试方案统计结果:
                    场景<1>:PASS: 84(100.00%),FAIL:  0(0.00%),ERROR:  0(0.00%),TRUE:  0,FALSE:  0
                    总   计:PASS: 84(100.00%),FAIL:  0(0.00%),ERROR:  0(0.00%),TRUE:  0,FALSE:  0

