20191205_10_19_56_466106_19404report.log 2019-12-05 10:19:56  loga.py  putSystemLog [line:74] INFO Start.
20191205_10_19_56_466106_19404report.log 2019-12-05 10:19:56  loga.py  putSystemLog [line:74] INFO 场景<1>开始.
20191205_10_19_56_466106_19404report.log 2019-12-05 10:20:00  loga.py  writeLog [line:134] INFO 行号:0    PASS   最大化浏览器窗口[maximize_window]  用时:1.113s  
20191205_10_19_56_466106_19404report.log 2019-12-05 10:20:01  loga.py  putSystemLog [line:74] INFO chrome浏览器启动成功.
20191205_10_19_56_466106_19404report.log 2019-12-05 10:20:01  loga.py  putSystemLog [line:74] INFO 开始加载脚本...
20191205_10_19_56_466106_19404report.log 2019-12-05 10:20:01  loga.py  putSystemLog [line:74] INFO 脚本<1>：U8EX登录 加载成功.脚本路径：script/testCase/U8EX项目/公共/U8EX登录
20191205_10_19_56_466106_19404report.log 2019-12-05 10:20:01  loga.py  putSystemLog [line:74] INFO 脚本<2>：申请控制 加载成功.脚本路径：script/testCase/Y3me项目/数字化建模/费用管理/申请控制
20191205_10_19_56_466106_19404report.log 2019-12-05 10:20:01  loga.py  putSystemLog [line:74] INFO 脚本<3>：U8EX登出 加载成功.脚本路径：script/testCase/U8EX项目/公共/U8EX登出
20191205_10_19_56_466106_19404report.log 2019-12-05 10:20:01  loga.py  putSystemLog [line:74] INFO 脚本加载完成...
20191205_10_19_56_466106_19404report.log 2019-12-05 10:20:01  loga.py  putSystemLog [line:74] INFO 开始运行脚本<class 'script.testCase.U8EX项目.公共.U8EX登录.EasyCase'>
20191205_10_19_56_466106_19404report.log 2019-12-05 10:20:02  loga.py  writeLog [line:134] INFO 行号:27   PASS   访问页面[get]  用时:1.015s  
20191205_10_19_56_466106_19404report.log 2019-12-05 10:20:03  loga.py  writeLog [line:134] INFO 行号:29   PASS   查找元素[find_element]  用时:0.011s  
20191205_10_19_56_466106_19404report.log 2019-12-05 10:20:03  loga.py  writeLog [line:134] INFO 行号:30   PASS   查找元素[find_element]  用时:0.007s  
20191205_10_19_56_466106_19404report.log 2019-12-05 10:20:04  loga.py  writeLog [line:134] INFO 行号:30   PASS   左键单击[click]  用时:0.052s  
20191205_10_19_56_466106_19404report.log 2019-12-05 10:20:05  loga.py  writeLog [line:134] INFO 行号:34   PASS   查找元素[find_element]  用时:0.011s  
20191205_10_19_56_466106_19404report.log 2019-12-05 10:20:05  loga.py  writeLog [line:134] INFO 行号:35   PASS   查找元素[find_element]  用时:0.007s  
20191205_10_19_56_466106_19404report.log 2019-12-05 10:20:06  loga.py  writeLog [line:134] INFO 行号:36   PASS   切换到表单[frame]  用时:0.018s  
20191205_10_19_56_466106_19404report.log 2019-12-05 10:20:08  loga.py  writeLog [line:134] INFO 行号:39   PASS   查找元素[find_element]  用时:0.030s  
20191205_10_19_56_466106_19404report.log 2019-12-05 10:20:08  loga.py  writeLog [line:134] INFO 行号:40   PASS   查找元素[find_element]  用时:0.007s  
20191205_10_19_56_466106_19404report.log 2019-12-05 10:20:09  loga.py  writeLog [line:134] INFO 行号:40   PASS   清除文本[clear]  用时:0.017s  
20191205_10_19_56_466106_19404report.log 2019-12-05 10:20:10  loga.py  writeLog [line:134] INFO 行号:41   PASS   查找元素[find_element]  用时:0.006s  
20191205_10_19_56_466106_19404report.log 2019-12-05 10:20:11  loga.py  writeLog [line:134] INFO 行号:41   PASS   模拟输入[send_keys]  用时:0.083s  
20191205_10_19_56_466106_19404report.log 2019-12-05 10:20:12  loga.py  writeLog [line:134] INFO 行号:42   PASS   查找元素[find_element]  用时:0.009s  
20191205_10_19_56_466106_19404report.log 2019-12-05 10:20:12  loga.py  writeLog [line:134] INFO 行号:42   PASS   清除文本[clear]  用时:0.017s  
20191205_10_19_56_466106_19404report.log 2019-12-05 10:20:13  loga.py  writeLog [line:134] INFO 行号:43   PASS   查找元素[find_element]  用时:0.012s  
20191205_10_19_56_466106_19404report.log 2019-12-05 10:20:14  loga.py  writeLog [line:134] INFO 行号:43   PASS   模拟输入[send_keys]  用时:0.062s  
20191205_10_19_56_466106_19404report.log 2019-12-05 10:20:15  loga.py  writeLog [line:134] INFO 行号:45   PASS   查找元素[find_element]  用时:0.009s  
20191205_10_19_56_466106_19404report.log 2019-12-05 10:20:15  loga.py  writeLog [line:134] INFO 行号:46   PASS   查找元素[find_element]  用时:0.007s  
20191205_10_19_56_466106_19404report.log 2019-12-05 10:20:16  loga.py  writeLog [line:134] INFO 行号:46   PASS   左键单击[click]  用时:0.079s  
20191205_10_19_56_466106_19404report.log 2019-12-05 10:20:17  loga.py  writeLog [line:134] INFO 行号:52   PASS   查找元素[find_element]  用时:0.012s  
20191205_10_19_56_466106_19404report.log 2019-12-05 10:20:17  loga.py  writeLog [line:134] INFO 行号:53   PASS   查找元素[find_element]  用时:0.006s  
20191205_10_19_56_466106_19404report.log 2019-12-05 10:20:18  loga.py  writeLog [line:134] INFO 行号:53   PASS   左键单击[click]  用时:0.068s  
20191205_10_19_56_466106_19404report.log 2019-12-05 10:20:19  loga.py  writeLog [line:134] INFO 行号:54   PASS   查找元素[find_element]  用时:0.010s  
20191205_10_19_56_466106_19404report.log 2019-12-05 10:20:19  loga.py  writeLog [line:134] INFO 行号:54   PASS   左键单击[click]  用时:0.083s  
20191205_10_19_56_466106_19404report.log 2019-12-05 10:20:20  loga.py  writeLog [line:134] INFO 行号:56   PASS   查找元素[find_element]  用时:0.009s  
20191205_10_19_56_466106_19404report.log 2019-12-05 10:20:21  loga.py  writeLog [line:134] INFO 行号:56   PASS   左键单击[click]  用时:0.397s  
20191205_10_19_56_466106_19404report.log 2019-12-05 10:20:22  loga.py  putSystemLog [line:74] INFO 脚本运行完毕...
20191205_10_19_56_466106_19404report.log 2019-12-05 10:20:22  loga.py  putSystemLog [line:74] INFO 开始运行脚本<class 'script.testCase.Y3me项目.数字化建模.费用管理.申请控制.EasyCase'>
20191205_10_19_56_466106_19404report.log 2019-12-05 10:20:22  loga.py  writeLog [line:134] INFO 行号:24   PASS   刷新页面[refresh]  用时:0.010s  
20191205_10_19_56_466106_19404report.log 2019-12-05 10:20:23  loga.py  writeLog [line:134] INFO 行号:26   PASS   查找元素[find_element]  用时:0.012s  
20191205_10_19_56_466106_19404report.log 2019-12-05 10:20:24  loga.py  writeLog [line:134] INFO 行号:26   PASS   左键单击[click]  用时:0.054s  
20191205_10_19_56_466106_19404report.log 2019-12-05 10:20:26  loga.py  writeLog [line:134] INFO 行号:29   PASS   查找元素[find_element]  用时:0.019s  
20191205_10_19_56_466106_19404report.log 2019-12-05 10:20:26  loga.py  writeLog [line:134] INFO 行号:29   PASS   左键单击[click]  用时:0.049s  
20191205_10_19_56_466106_19404report.log 2019-12-05 10:20:28  loga.py  writeLog [line:134] INFO 行号:32   PASS   查找元素[find_element]  用时:0.017s  
20191205_10_19_56_466106_19404report.log 2019-12-05 10:20:31  loga.py  writeLog [line:134] INFO 行号:39   PASS   查找元素[find_element]  用时:0.010s  
20191205_10_19_56_466106_19404report.log 2019-12-05 10:20:35  loga.py  writeLog [line:134] INFO 行号:46   PASS   查找元素[find_element]  用时:0.011s  
20191205_10_19_56_466106_19404report.log 2019-12-05 10:20:36  loga.py  writeLog [line:134] INFO 行号:49   PASS   查找元素[find_element]  用时:0.008s  
20191205_10_19_56_466106_19404report.log 2019-12-05 10:20:37  loga.py  writeLog [line:134] INFO 行号:50   PASS   切换到表单[frame]  用时:0.015s  
20191205_10_19_56_466106_19404report.log 2019-12-05 10:20:39  loga.py  writeLog [line:134] INFO 行号:53   PASS   查找元素[find_element]  用时:1.572s  
20191205_10_19_56_466106_19404report.log 2019-12-05 10:20:40  loga.py  writeLog [line:134] INFO 行号:54   PASS   查找元素[find_element]  用时:0.007s  
20191205_10_19_56_466106_19404report.log 2019-12-05 10:20:40  loga.py  writeLog [line:134] INFO 行号:54   PASS   左键单击[click]  用时:0.137s  
20191205_10_19_56_466106_19404report.log 2019-12-05 10:20:41  loga.py  writeLog [line:134] INFO 行号:56   PASS   查找元素[find_element]  用时:0.010s  
20191205_10_19_56_466106_19404report.log 2019-12-05 10:20:42  loga.py  writeLog [line:134] INFO 行号:56   PASS   左键单击[click]  用时:0.087s  
20191205_10_19_56_466106_19404report.log 2019-12-05 10:20:43  loga.py  writeLog [line:134] INFO 行号:57   PASS   查找元素[find_element]  用时:0.016s  
20191205_10_19_56_466106_19404report.log 2019-12-05 10:20:44  loga.py  writeLog [line:134] INFO 行号:58   PASS   执行JS代码[execute_script]  用时:0.028s  
20191205_10_19_56_466106_19404report.log 2019-12-05 10:20:45  loga.py  writeLog [line:134] INFO 行号:61   PASS   查找元素[find_element]  用时:0.009s  
20191205_10_19_56_466106_19404report.log 2019-12-05 10:20:45  loga.py  writeLog [line:134] INFO 行号:62   PASS   查找元素[find_element]  用时:0.006s  
20191205_10_19_56_466106_19404report.log 2019-12-05 10:20:46  loga.py  writeLog [line:134] INFO 行号:62   PASS   左键单击[click]  用时:0.112s  
20191205_10_19_56_466106_19404report.log 2019-12-05 10:20:47  loga.py  writeLog [line:134] INFO 行号:66   PASS   查找元素[find_element]  用时:0.016s  
20191205_10_19_56_466106_19404report.log 2019-12-05 10:20:47  loga.py  writeLog [line:134] INFO 行号:67   PASS   查找元素[find_element]  用时:0.008s  
20191205_10_19_56_466106_19404report.log 2019-12-05 10:20:48  loga.py  writeLog [line:134] INFO 行号:67   PASS   左键单击[click]  用时:0.108s  
20191205_10_19_56_466106_19404report.log 2019-12-05 10:20:49  loga.py  writeLog [line:134] INFO 行号:72   PASS   查找元素[find_element]  用时:0.009s  
20191205_10_19_56_466106_19404report.log 2019-12-05 10:20:49  loga.py  writeLog [line:134] INFO 行号:74   PASS   查找元素[find_element]  用时:0.006s  
20191205_10_19_56_466106_19404report.log 2019-12-05 10:20:50  loga.py  writeLog [line:134] INFO 行号:74   PASS   左键单击[click]  用时:0.092s  
20191205_10_19_56_466106_19404report.log 2019-12-05 10:20:51  loga.py  writeLog [line:134] INFO 行号:78   PASS   查找元素[find_element]  用时:0.009s  
20191205_10_19_56_466106_19404report.log 2019-12-05 10:20:51  loga.py  writeLog [line:134] INFO 行号:79   PASS   查找元素[find_element]  用时:0.007s  
20191205_10_19_56_466106_19404report.log 2019-12-05 10:20:52  loga.py  writeLog [line:134] INFO 行号:79   PASS   左键单击[click]  用时:0.085s  
20191205_10_19_56_466106_19404report.log 2019-12-05 10:20:53  loga.py  writeLog [line:134] INFO 行号:84   PASS   查找元素[find_element]  用时:0.006s  
20191205_10_19_56_466106_19404report.log 2019-12-05 10:20:54  loga.py  writeLog [line:134] INFO 行号:86   PASS   查找元素[find_element]  用时:0.006s  
20191205_10_19_56_466106_19404report.log 2019-12-05 10:20:54  loga.py  writeLog [line:134] INFO 行号:86   PASS   左键单击[click]  用时:0.089s  
20191205_10_19_56_466106_19404report.log 2019-12-05 10:20:55  loga.py  writeLog [line:134] INFO 行号:89   PASS   查找元素[find_element]  用时:0.010s  
20191205_10_19_56_466106_19404report.log 2019-12-05 10:20:56  loga.py  writeLog [line:134] INFO 行号:91   PASS   查找元素[find_element]  用时:0.006s  
20191205_10_19_56_466106_19404report.log 2019-12-05 10:20:56  loga.py  writeLog [line:134] INFO 行号:91   PASS   左键单击[click]  用时:0.057s  
20191205_10_19_56_466106_19404report.log 2019-12-05 10:20:57  loga.py  writeLog [line:134] INFO 行号:96   PASS   查找元素[find_element]  用时:0.020s  
20191205_10_19_56_466106_19404report.log 2019-12-05 10:21:02  loga.py  writeLog [line:134] INFO 行号:0    ERROR  [runTest]  用时:  测试用例脚本发生错误，请检查脚本代码：stale element reference: element is not attached to the page document
20191205_10_19_56_466106_19404report.log 2019-12-05 10:21:02  loga.py  putSystemLog [line:74] INFO 脚本运行完毕...
20191205_10_19_56_466106_19404report.log 2019-12-05 10:21:02  loga.py  putSystemLog [line:74] INFO 开始运行脚本<class 'script.testCase.U8EX项目.公共.U8EX登出.EasyCase'>
20191205_10_19_56_466106_19404report.log 2019-12-05 10:21:02  loga.py  writeLog [line:134] INFO 行号:24   PASS   刷新页面[refresh]  用时:0.004s  
20191205_10_19_56_466106_19404report.log 2019-12-05 10:21:04  loga.py  writeLog [line:134] INFO 行号:26   PASS   查找元素[find_element]  用时:0.340s  
20191205_10_19_56_466106_19404report.log 2019-12-05 10:21:05  loga.py  writeLog [line:134] INFO 行号:26   PASS   左键单击[click]  用时:0.051s  
20191205_10_19_56_466106_19404report.log 2019-12-05 10:21:06  loga.py  writeLog [line:134] INFO 行号:27   PASS   查找元素[find_element]  用时:0.010s  
20191205_10_19_56_466106_19404report.log 2019-12-05 10:21:07  loga.py  writeLog [line:134] INFO 行号:27   PASS   左键单击[click]  用时:0.645s  
20191205_10_19_56_466106_19404report.log 2019-12-05 10:21:08  loga.py  putSystemLog [line:74] INFO 脚本运行完毕...
20191205_10_19_56_466106_19404report.log 2019-12-05 10:21:08  loga.py  writeLog [line:134] INFO 行号:0    PASS   关闭浏览器[quit]  用时:0.192s  
20191205_10_19_56_466106_19404report.log 2019-12-05 10:21:11  loga.py  putSystemLog [line:74] INFO 场景<1>结束.用时:75.117s.
20191205_10_19_56_466106_19404report.log 2019-12-05 10:21:11  loga.py  putSystemLog [line:74] INFO 场景统计结果：PASS: 69(98.57%),FAIL:  0(0.00%),ERROR:  1(1.43%),TRUE:  0,FALSE:  0

20191205_10_19_56_466106_19404report.log 2019-12-05 10:21:11  loga.py  putSystemLog [line:74] INFO ----------------------------------------
20191205_10_19_56_466106_19404report.log 2019-12-05 10:21:11  loga.py  putSystemLog [line:74] INFO End.
20191205_10_19_56_466106_19404report.log 2019-12-05 10:21:11  loga.py  putSystemLog [line:74] INFO 测试方案统计结果:
                    场景<1>:PASS: 69(98.57%),FAIL:  0(0.00%),ERROR:  1(1.43%),TRUE:  0,FALSE:  0
                    总   计:PASS: 69(98.57%),FAIL:  0(0.00%),ERROR:  1(1.43%),TRUE:  0,FALSE:  0

