20191205_14_41_10_143583_16876report.log 2019-12-05 14:41:10  loga.py  putSystemLog [line:74] INFO Start.
20191205_14_41_10_143583_16876report.log 2019-12-05 14:41:10  loga.py  putSystemLog [line:74] INFO 场景<1>开始.
20191205_14_41_10_143583_16876report.log 2019-12-05 14:41:13  loga.py  writeLog [line:134] INFO 行号:0    PASS   最大化浏览器窗口[maximize_window]  用时:1.115s  
20191205_14_41_10_143583_16876report.log 2019-12-05 14:41:14  loga.py  putSystemLog [line:74] INFO chrome浏览器启动成功.
20191205_14_41_10_143583_16876report.log 2019-12-05 14:41:14  loga.py  putSystemLog [line:74] INFO 开始加载脚本...
20191205_14_41_10_143583_16876report.log 2019-12-05 14:41:14  loga.py  putSystemLog [line:74] INFO 脚本<1>：U8EX登录 加载成功.脚本路径：script/testCase/U8EX项目/公共/U8EX登录
20191205_14_41_10_143583_16876report.log 2019-12-05 14:41:14  loga.py  putSystemLog [line:74] INFO 脚本<2>：城市分级 加载成功.脚本路径：script/testCase/Y3me项目/数字化建模/费用管理/城市分级
20191205_14_41_10_143583_16876report.log 2019-12-05 14:41:14  loga.py  putSystemLog [line:74] INFO 脚本<3>：U8EX登出 加载成功.脚本路径：script/testCase/U8EX项目/公共/U8EX登出
20191205_14_41_10_143583_16876report.log 2019-12-05 14:41:14  loga.py  putSystemLog [line:74] INFO 脚本加载完成...
20191205_14_41_10_143583_16876report.log 2019-12-05 14:41:14  loga.py  putSystemLog [line:74] INFO 开始运行脚本<class 'script.testCase.U8EX项目.公共.U8EX登录.EasyCase'>
20191205_14_41_10_143583_16876report.log 2019-12-05 14:41:16  loga.py  writeLog [line:134] INFO 行号:27   PASS   访问页面[get]  用时:1.460s  
20191205_14_41_10_143583_16876report.log 2019-12-05 14:41:17  loga.py  writeLog [line:134] INFO 行号:29   PASS   查找元素[find_element]  用时:0.011s  
20191205_14_41_10_143583_16876report.log 2019-12-05 14:41:17  loga.py  writeLog [line:134] INFO 行号:30   PASS   查找元素[find_element]  用时:0.008s  
20191205_14_41_10_143583_16876report.log 2019-12-05 14:41:18  loga.py  writeLog [line:134] INFO 行号:30   PASS   左键单击[click]  用时:0.074s  
20191205_14_41_10_143583_16876report.log 2019-12-05 14:41:19  loga.py  writeLog [line:134] INFO 行号:34   PASS   查找元素[find_element]  用时:0.010s  
20191205_14_41_10_143583_16876report.log 2019-12-05 14:41:19  loga.py  writeLog [line:134] INFO 行号:35   PASS   查找元素[find_element]  用时:0.005s  
20191205_14_41_10_143583_16876report.log 2019-12-05 14:41:20  loga.py  writeLog [line:134] INFO 行号:36   PASS   切换到表单[frame]  用时:0.017s  
20191205_14_41_10_143583_16876report.log 2019-12-05 14:41:22  loga.py  writeLog [line:134] INFO 行号:39   PASS   查找元素[find_element]  用时:0.011s  
20191205_14_41_10_143583_16876report.log 2019-12-05 14:41:23  loga.py  writeLog [line:134] INFO 行号:40   PASS   查找元素[find_element]  用时:0.005s  
20191205_14_41_10_143583_16876report.log 2019-12-05 14:41:23  loga.py  writeLog [line:134] INFO 行号:40   PASS   清除文本[clear]  用时:0.018s  
20191205_14_41_10_143583_16876report.log 2019-12-05 14:41:24  loga.py  writeLog [line:134] INFO 行号:41   PASS   查找元素[find_element]  用时:0.008s  
20191205_14_41_10_143583_16876report.log 2019-12-05 14:41:25  loga.py  writeLog [line:134] INFO 行号:41   PASS   模拟输入[send_keys]  用时:0.077s  
20191205_14_41_10_143583_16876report.log 2019-12-05 14:41:26  loga.py  writeLog [line:134] INFO 行号:42   PASS   查找元素[find_element]  用时:0.009s  
20191205_14_41_10_143583_16876report.log 2019-12-05 14:41:26  loga.py  writeLog [line:134] INFO 行号:42   PASS   清除文本[clear]  用时:0.042s  
20191205_14_41_10_143583_16876report.log 2019-12-05 14:41:27  loga.py  writeLog [line:134] INFO 行号:43   PASS   查找元素[find_element]  用时:0.008s  
20191205_14_41_10_143583_16876report.log 2019-12-05 14:41:28  loga.py  writeLog [line:134] INFO 行号:43   PASS   模拟输入[send_keys]  用时:0.064s  
20191205_14_41_10_143583_16876report.log 2019-12-05 14:41:29  loga.py  writeLog [line:134] INFO 行号:45   PASS   查找元素[find_element]  用时:0.030s  
20191205_14_41_10_143583_16876report.log 2019-12-05 14:41:29  loga.py  writeLog [line:134] INFO 行号:46   PASS   查找元素[find_element]  用时:0.005s  
20191205_14_41_10_143583_16876report.log 2019-12-05 14:41:30  loga.py  writeLog [line:134] INFO 行号:46   PASS   左键单击[click]  用时:0.079s  
20191205_14_41_10_143583_16876report.log 2019-12-05 14:41:31  loga.py  writeLog [line:134] INFO 行号:52   PASS   查找元素[find_element]  用时:0.027s  
20191205_14_41_10_143583_16876report.log 2019-12-05 14:41:32  loga.py  writeLog [line:134] INFO 行号:53   PASS   查找元素[find_element]  用时:0.007s  
20191205_14_41_10_143583_16876report.log 2019-12-05 14:41:32  loga.py  writeLog [line:134] INFO 行号:53   PASS   左键单击[click]  用时:0.077s  
20191205_14_41_10_143583_16876report.log 2019-12-05 14:41:33  loga.py  writeLog [line:134] INFO 行号:54   PASS   查找元素[find_element]  用时:0.010s  
20191205_14_41_10_143583_16876report.log 2019-12-05 14:41:34  loga.py  writeLog [line:134] INFO 行号:54   PASS   左键单击[click]  用时:0.094s  
20191205_14_41_10_143583_16876report.log 2019-12-05 14:41:35  loga.py  writeLog [line:134] INFO 行号:56   PASS   查找元素[find_element]  用时:0.011s  
20191205_14_41_10_143583_16876report.log 2019-12-05 14:41:36  loga.py  writeLog [line:134] INFO 行号:56   PASS   左键单击[click]  用时:0.392s  
20191205_14_41_10_143583_16876report.log 2019-12-05 14:41:37  loga.py  putSystemLog [line:74] INFO 脚本运行完毕...
20191205_14_41_10_143583_16876report.log 2019-12-05 14:41:37  loga.py  putSystemLog [line:74] INFO 开始运行脚本<class 'script.testCase.Y3me项目.数字化建模.费用管理.城市分级.EasyCase'>
20191205_14_41_10_143583_16876report.log 2019-12-05 14:41:37  loga.py  writeLog [line:134] INFO 行号:26   PASS   刷新页面[refresh]  用时:0.007s  
20191205_14_41_10_143583_16876report.log 2019-12-05 14:41:38  loga.py  writeLog [line:134] INFO 行号:28   PASS   查找元素[find_element]  用时:0.009s  
20191205_14_41_10_143583_16876report.log 2019-12-05 14:41:38  loga.py  writeLog [line:134] INFO 行号:28   PASS   左键单击[click]  用时:0.072s  
20191205_14_41_10_143583_16876report.log 2019-12-05 14:41:40  loga.py  writeLog [line:134] INFO 行号:31   PASS   查找元素[find_element]  用时:0.011s  
20191205_14_41_10_143583_16876report.log 2019-12-05 14:41:41  loga.py  writeLog [line:134] INFO 行号:31   PASS   左键单击[click]  用时:0.062s  
20191205_14_41_10_143583_16876report.log 2019-12-05 14:41:43  loga.py  writeLog [line:134] INFO 行号:34   PASS   查找元素[find_element]  用时:0.009s  
20191205_14_41_10_143583_16876report.log 2019-12-05 14:41:45  loga.py  writeLog [line:134] INFO 行号:41   PASS   查找元素[find_element]  用时:0.010s  
20191205_14_41_10_143583_16876report.log 2019-12-05 14:41:50  loga.py  writeLog [line:134] INFO 行号:48   PASS   查找元素[find_element]  用时:0.009s  
20191205_14_41_10_143583_16876report.log 2019-12-05 14:41:52  loga.py  writeLog [line:134] INFO 行号:51   PASS   查找元素[find_element]  用时:0.009s  
20191205_14_41_10_143583_16876report.log 2019-12-05 14:41:53  loga.py  writeLog [line:134] INFO 行号:52   PASS   切换到表单[frame]  用时:0.016s  
20191205_14_41_10_143583_16876report.log 2019-12-05 14:41:54  loga.py  writeLog [line:134] INFO 行号:56   PASS   查找元素[find_element]  用时:0.091s  
20191205_14_41_10_143583_16876report.log 2019-12-05 14:41:55  loga.py  writeLog [line:134] INFO 行号:57   PASS   查找元素[find_element]  用时:0.006s  
20191205_14_41_10_143583_16876report.log 2019-12-05 14:41:55  loga.py  writeLog [line:134] INFO 行号:57   PASS   模拟输入[send_keys]  用时:0.040s  
20191205_14_41_10_143583_16876report.log 2019-12-05 14:41:56  loga.py  writeLog [line:134] INFO 行号:58   PASS   查找元素[find_element]  用时:0.006s  
20191205_14_41_10_143583_16876report.log 2019-12-05 14:41:57  loga.py  writeLog [line:134] INFO 行号:58   PASS   模拟输入[send_keys]  用时:0.024s  
20191205_14_41_10_143583_16876report.log 2019-12-05 14:41:58  loga.py  writeLog [line:134] INFO 行号:62   PASS   查找元素[find_element]  用时:0.009s  
20191205_14_41_10_143583_16876report.log 2019-12-05 14:41:58  loga.py  writeLog [line:134] INFO 行号:63   PASS   查找元素[find_element]  用时:0.012s  
20191205_14_41_10_143583_16876report.log 2019-12-05 14:41:59  loga.py  writeLog [line:134] INFO 行号:64   TRUE   断言：实例[assertIsInstance] 用时:0.000s TRUE.
20191205_14_41_10_143583_16876report.log 2019-12-05 14:41:59  loga.py  writeLog [line:134] INFO 行号:64   TRUE   断言：实例[assertIsInstance] 用时:0.000s TRUE.
20191205_14_41_10_143583_16876report.log 2019-12-05 14:41:59  loga.py  writeLog [line:134] INFO 行号:64   TRUE   断言：相等[assertEqual] 用时:0.000s TRUE.
20191205_14_41_10_143583_16876report.log 2019-12-05 14:41:59  loga.py  writeLog [line:134] INFO 行号:68   PASS   查找元素[find_element]  用时:0.009s  
20191205_14_41_10_143583_16876report.log 2019-12-05 14:41:59  loga.py  writeLog [line:134] INFO 行号:69   PASS   查找元素[find_element]  用时:0.006s  
20191205_14_41_10_143583_16876report.log 2019-12-05 14:42:00  loga.py  writeLog [line:134] INFO 行号:69   PASS   左键单击[click]  用时:0.090s  
20191205_14_41_10_143583_16876report.log 2019-12-05 14:42:01  loga.py  writeLog [line:134] INFO 行号:73   PASS   查找元素[find_element]  用时:0.010s  
20191205_14_41_10_143583_16876report.log 2019-12-05 14:42:01  loga.py  writeLog [line:134] INFO 行号:78   PASS   查找元素[find_element]  用时:0.009s  
20191205_14_41_10_143583_16876report.log 2019-12-05 14:42:02  loga.py  writeLog [line:134] INFO 行号:78   PASS   左键单击[click]  用时:0.029s  
20191205_14_41_10_143583_16876report.log 2019-12-05 14:42:03  loga.py  writeLog [line:134] INFO 行号:82   PASS   查找元素[find_element]  用时:0.017s  
20191205_14_41_10_143583_16876report.log 2019-12-05 14:42:03  loga.py  writeLog [line:134] INFO 行号:83   PASS   查找元素[find_element]  用时:0.006s  
20191205_14_41_10_143583_16876report.log 2019-12-05 14:42:04  loga.py  writeLog [line:134] INFO 行号:83   PASS   左键单击[click]  用时:0.061s  
20191205_14_41_10_143583_16876report.log 2019-12-05 14:42:05  loga.py  writeLog [line:134] INFO 行号:87   PASS   查找元素[find_element]  用时:0.010s  
20191205_14_41_10_143583_16876report.log 2019-12-05 14:42:05  loga.py  writeLog [line:134] INFO 行号:88   PASS   查找元素[find_element]  用时:0.007s  
20191205_14_41_10_143583_16876report.log 2019-12-05 14:42:06  loga.py  writeLog [line:134] INFO 行号:89   TRUE   断言：实例[assertIsInstance] 用时:0.000s TRUE.
20191205_14_41_10_143583_16876report.log 2019-12-05 14:42:06  loga.py  writeLog [line:134] INFO 行号:89   TRUE   断言：实例[assertIsInstance] 用时:0.000s TRUE.
20191205_14_41_10_143583_16876report.log 2019-12-05 14:42:06  loga.py  writeLog [line:134] INFO 行号:89   TRUE   断言：相等[assertEqual] 用时:0.000s TRUE.
20191205_14_41_10_143583_16876report.log 2019-12-05 14:42:06  loga.py  writeLog [line:134] INFO 行号:93   PASS   查找元素[find_element]  用时:0.006s  
20191205_14_41_10_143583_16876report.log 2019-12-05 14:42:07  loga.py  writeLog [line:134] INFO 行号:94   PASS   查找元素[find_element]  用时:0.007s  
20191205_14_41_10_143583_16876report.log 2019-12-05 14:42:07  loga.py  writeLog [line:134] INFO 行号:94   PASS   左键单击[click]  用时:0.076s  
20191205_14_41_10_143583_16876report.log 2019-12-05 14:42:08  loga.py  writeLog [line:134] INFO 行号:98   PASS   查找元素[find_element]  用时:0.006s  
20191205_14_41_10_143583_16876report.log 2019-12-05 14:42:09  loga.py  writeLog [line:134] INFO 行号:103  PASS   查找元素[find_element]  用时:0.008s  
20191205_14_41_10_143583_16876report.log 2019-12-05 14:42:09  loga.py  writeLog [line:134] INFO 行号:103  PASS   左键单击[click]  用时:0.029s  
20191205_14_41_10_143583_16876report.log 2019-12-05 14:42:10  loga.py  writeLog [line:134] INFO 行号:107  PASS   查找元素[find_element]  用时:0.016s  
20191205_14_41_10_143583_16876report.log 2019-12-05 14:42:11  loga.py  writeLog [line:134] INFO 行号:108  PASS   查找元素[find_element]  用时:0.006s  
20191205_14_41_10_143583_16876report.log 2019-12-05 14:42:11  loga.py  writeLog [line:134] INFO 行号:108  PASS   左键单击[click]  用时:0.069s  
20191205_14_41_10_143583_16876report.log 2019-12-05 14:42:12  loga.py  writeLog [line:134] INFO 行号:111  PASS   查找元素[find_element]  用时:0.009s  
20191205_14_41_10_143583_16876report.log 2019-12-05 14:42:13  loga.py  writeLog [line:134] INFO 行号:111  PASS   左键单击[click]  用时:0.064s  
20191205_14_41_10_143583_16876report.log 2019-12-05 14:42:15  loga.py  writeLog [line:134] INFO 行号:113  PASS   查找元素[find_element]  用时:0.009s  
20191205_14_41_10_143583_16876report.log 2019-12-05 14:42:15  loga.py  writeLog [line:134] INFO 行号:113  PASS   左键单击[click]  用时:0.051s  
20191205_14_41_10_143583_16876report.log 2019-12-05 14:42:16  loga.py  putSystemLog [line:74] INFO 脚本运行完毕...
20191205_14_41_10_143583_16876report.log 2019-12-05 14:42:16  loga.py  putSystemLog [line:74] INFO 开始运行脚本<class 'script.testCase.U8EX项目.公共.U8EX登出.EasyCase'>
20191205_14_41_10_143583_16876report.log 2019-12-05 14:42:17  loga.py  writeLog [line:134] INFO 行号:24   PASS   刷新页面[refresh]  用时:0.308s  
20191205_14_41_10_143583_16876report.log 2019-12-05 14:42:19  loga.py  writeLog [line:134] INFO 行号:26   PASS   查找元素[find_element]  用时:0.021s  
20191205_14_41_10_143583_16876report.log 2019-12-05 14:42:19  loga.py  writeLog [line:134] INFO 行号:26   PASS   左键单击[click]  用时:0.072s  
20191205_14_41_10_143583_16876report.log 2019-12-05 14:42:20  loga.py  writeLog [line:134] INFO 行号:27   PASS   查找元素[find_element]  用时:0.011s  
20191205_14_41_10_143583_16876report.log 2019-12-05 14:42:21  loga.py  writeLog [line:134] INFO 行号:27   PASS   左键单击[click]  用时:0.349s  
20191205_14_41_10_143583_16876report.log 2019-12-05 14:42:22  loga.py  putSystemLog [line:74] INFO 脚本运行完毕...
20191205_14_41_10_143583_16876report.log 2019-12-05 14:42:22  loga.py  writeLog [line:134] INFO 行号:0    PASS   关闭浏览器[quit]  用时:0.192s  
20191205_14_41_10_143583_16876report.log 2019-12-05 14:42:25  loga.py  putSystemLog [line:74] INFO 场景<1>结束.用时:75.719s.
20191205_14_41_10_143583_16876report.log 2019-12-05 14:42:25  loga.py  putSystemLog [line:74] INFO 场景统计结果：PASS: 74(100.00%),FAIL:  0(0.00%),ERROR:  0(0.00%),TRUE:  6,FALSE:  0

20191205_14_41_10_143583_16876report.log 2019-12-05 14:42:25  loga.py  putSystemLog [line:74] INFO ----------------------------------------
20191205_14_41_10_143583_16876report.log 2019-12-05 14:42:25  loga.py  putSystemLog [line:74] INFO End.
20191205_14_41_10_143583_16876report.log 2019-12-05 14:42:25  loga.py  putSystemLog [line:74] INFO 测试方案统计结果:
                    场景<1>:PASS: 74(100.00%),FAIL:  0(0.00%),ERROR:  0(0.00%),TRUE:  6,FALSE:  0
                    总   计:PASS: 74(100.00%),FAIL:  0(0.00%),ERROR:  0(0.00%),TRUE:  6,FALSE:  0

