20191205_13_30_59_441552_8520report.log 2019-12-05 13:30:59  loga.py  putSystemLog [line:74] INFO Start.
20191205_13_30_59_441552_8520report.log 2019-12-05 13:30:59  loga.py  putSystemLog [line:74] INFO 场景<1>开始.
20191205_13_30_59_441552_8520report.log 2019-12-05 13:31:05  loga.py  writeLog [line:134] INFO 行号:0    PASS   最大化浏览器窗口[maximize_window]  用时:1.115s  
20191205_13_30_59_441552_8520report.log 2019-12-05 13:31:06  loga.py  putSystemLog [line:74] INFO chrome浏览器启动成功.
20191205_13_30_59_441552_8520report.log 2019-12-05 13:31:06  loga.py  putSystemLog [line:74] INFO 开始加载脚本...
20191205_13_30_59_441552_8520report.log 2019-12-05 13:31:06  loga.py  putSystemLog [line:74] INFO 脚本<1>：U8EX登录 加载成功.脚本路径：script/testCase/U8EX项目/公共/U8EX登录
20191205_13_30_59_441552_8520report.log 2019-12-05 13:31:06  loga.py  putSystemLog [line:74] INFO 脚本<2>：城市分级 加载成功.脚本路径：script/testCase/Y3me项目/数字化建模/费用管理/城市分级
20191205_13_30_59_441552_8520report.log 2019-12-05 13:31:06  loga.py  putSystemLog [line:74] INFO 脚本<3>：U8EX登出 加载成功.脚本路径：script/testCase/U8EX项目/公共/U8EX登出
20191205_13_30_59_441552_8520report.log 2019-12-05 13:31:06  loga.py  putSystemLog [line:74] INFO 脚本加载完成...
20191205_13_30_59_441552_8520report.log 2019-12-05 13:31:06  loga.py  putSystemLog [line:74] INFO 开始运行脚本<class 'script.testCase.U8EX项目.公共.U8EX登录.EasyCase'>
20191205_13_30_59_441552_8520report.log 2019-12-05 13:31:07  loga.py  writeLog [line:134] INFO 行号:27   PASS   访问页面[get]  用时:1.099s  
20191205_13_30_59_441552_8520report.log 2019-12-05 13:31:08  loga.py  writeLog [line:134] INFO 行号:29   PASS   查找元素[find_element]  用时:0.012s  
20191205_13_30_59_441552_8520report.log 2019-12-05 13:31:08  loga.py  writeLog [line:134] INFO 行号:30   PASS   查找元素[find_element]  用时:0.011s  
20191205_13_30_59_441552_8520report.log 2019-12-05 13:31:09  loga.py  writeLog [line:134] INFO 行号:30   PASS   左键单击[click]  用时:0.058s  
20191205_13_30_59_441552_8520report.log 2019-12-05 13:31:10  loga.py  writeLog [line:134] INFO 行号:34   PASS   查找元素[find_element]  用时:0.010s  
20191205_13_30_59_441552_8520report.log 2019-12-05 13:31:10  loga.py  writeLog [line:134] INFO 行号:35   PASS   查找元素[find_element]  用时:0.009s  
20191205_13_30_59_441552_8520report.log 2019-12-05 13:31:11  loga.py  writeLog [line:134] INFO 行号:36   PASS   切换到表单[frame]  用时:0.015s  
20191205_13_30_59_441552_8520report.log 2019-12-05 13:31:13  loga.py  writeLog [line:134] INFO 行号:39   PASS   查找元素[find_element]  用时:0.011s  
20191205_13_30_59_441552_8520report.log 2019-12-05 13:31:13  loga.py  writeLog [line:134] INFO 行号:40   PASS   查找元素[find_element]  用时:0.006s  
20191205_13_30_59_441552_8520report.log 2019-12-05 13:31:14  loga.py  writeLog [line:134] INFO 行号:40   PASS   清除文本[clear]  用时:0.019s  
20191205_13_30_59_441552_8520report.log 2019-12-05 13:31:15  loga.py  writeLog [line:134] INFO 行号:41   PASS   查找元素[find_element]  用时:0.006s  
20191205_13_30_59_441552_8520report.log 2019-12-05 13:31:16  loga.py  writeLog [line:134] INFO 行号:41   PASS   模拟输入[send_keys]  用时:0.080s  
20191205_13_30_59_441552_8520report.log 2019-12-05 13:31:17  loga.py  writeLog [line:134] INFO 行号:42   PASS   查找元素[find_element]  用时:0.009s  
20191205_13_30_59_441552_8520report.log 2019-12-05 13:31:17  loga.py  writeLog [line:134] INFO 行号:42   PASS   清除文本[clear]  用时:0.039s  
20191205_13_30_59_441552_8520report.log 2019-12-05 13:31:18  loga.py  writeLog [line:134] INFO 行号:43   PASS   查找元素[find_element]  用时:0.008s  
20191205_13_30_59_441552_8520report.log 2019-12-05 13:31:19  loga.py  writeLog [line:134] INFO 行号:43   PASS   模拟输入[send_keys]  用时:0.114s  
20191205_13_30_59_441552_8520report.log 2019-12-05 13:31:20  loga.py  writeLog [line:134] INFO 行号:45   PASS   查找元素[find_element]  用时:0.010s  
20191205_13_30_59_441552_8520report.log 2019-12-05 13:31:20  loga.py  writeLog [line:134] INFO 行号:46   PASS   查找元素[find_element]  用时:0.005s  
20191205_13_30_59_441552_8520report.log 2019-12-05 13:31:21  loga.py  writeLog [line:134] INFO 行号:46   PASS   左键单击[click]  用时:0.082s  
20191205_13_30_59_441552_8520report.log 2019-12-05 13:31:22  loga.py  writeLog [line:134] INFO 行号:52   PASS   查找元素[find_element]  用时:0.010s  
20191205_13_30_59_441552_8520report.log 2019-12-05 13:31:22  loga.py  writeLog [line:134] INFO 行号:53   PASS   查找元素[find_element]  用时:0.006s  
20191205_13_30_59_441552_8520report.log 2019-12-05 13:31:23  loga.py  writeLog [line:134] INFO 行号:53   PASS   左键单击[click]  用时:0.077s  
20191205_13_30_59_441552_8520report.log 2019-12-05 13:31:24  loga.py  writeLog [line:134] INFO 行号:54   PASS   查找元素[find_element]  用时:0.010s  
20191205_13_30_59_441552_8520report.log 2019-12-05 13:31:25  loga.py  writeLog [line:134] INFO 行号:54   PASS   左键单击[click]  用时:0.084s  
20191205_13_30_59_441552_8520report.log 2019-12-05 13:31:26  loga.py  writeLog [line:134] INFO 行号:56   PASS   查找元素[find_element]  用时:0.010s  
20191205_13_30_59_441552_8520report.log 2019-12-05 13:31:26  loga.py  writeLog [line:134] INFO 行号:56   PASS   左键单击[click]  用时:0.402s  
20191205_13_30_59_441552_8520report.log 2019-12-05 13:31:27  loga.py  putSystemLog [line:74] INFO 脚本运行完毕...
20191205_13_30_59_441552_8520report.log 2019-12-05 13:31:27  loga.py  putSystemLog [line:74] INFO 开始运行脚本<class 'script.testCase.Y3me项目.数字化建模.费用管理.城市分级.EasyCase'>
20191205_13_30_59_441552_8520report.log 2019-12-05 13:31:27  loga.py  writeLog [line:134] INFO 行号:26   PASS   刷新页面[refresh]  用时:0.008s  
20191205_13_30_59_441552_8520report.log 2019-12-05 13:31:28  loga.py  writeLog [line:134] INFO 行号:28   PASS   查找元素[find_element]  用时:0.010s  
20191205_13_30_59_441552_8520report.log 2019-12-05 13:31:29  loga.py  writeLog [line:134] INFO 行号:28   PASS   左键单击[click]  用时:0.081s  
20191205_13_30_59_441552_8520report.log 2019-12-05 13:31:31  loga.py  writeLog [line:134] INFO 行号:31   PASS   查找元素[find_element]  用时:0.012s  
20191205_13_30_59_441552_8520report.log 2019-12-05 13:31:32  loga.py  writeLog [line:134] INFO 行号:31   PASS   左键单击[click]  用时:0.047s  
20191205_13_30_59_441552_8520report.log 2019-12-05 13:31:34  loga.py  writeLog [line:134] INFO 行号:34   PASS   查找元素[find_element]  用时:0.009s  
20191205_13_30_59_441552_8520report.log 2019-12-05 13:31:36  loga.py  writeLog [line:134] INFO 行号:41   PASS   查找元素[find_element]  用时:0.009s  
20191205_13_30_59_441552_8520report.log 2019-12-05 13:31:41  loga.py  writeLog [line:134] INFO 行号:48   PASS   查找元素[find_element]  用时:0.009s  
20191205_13_30_59_441552_8520report.log 2019-12-05 13:31:43  loga.py  writeLog [line:134] INFO 行号:51   PASS   查找元素[find_element]  用时:0.011s  
20191205_13_30_59_441552_8520report.log 2019-12-05 13:31:44  loga.py  writeLog [line:134] INFO 行号:52   PASS   切换到表单[frame]  用时:0.016s  
20191205_13_30_59_441552_8520report.log 2019-12-05 13:31:45  loga.py  writeLog [line:134] INFO 行号:56   PASS   查找元素[find_element]  用时:0.009s  
20191205_13_30_59_441552_8520report.log 2019-12-05 13:31:45  loga.py  writeLog [line:134] INFO 行号:57   PASS   查找元素[find_element]  用时:0.007s  
20191205_13_30_59_441552_8520report.log 2019-12-05 13:31:46  loga.py  writeLog [line:134] INFO 行号:57   PASS   模拟输入[send_keys]  用时:0.042s  
20191205_13_30_59_441552_8520report.log 2019-12-05 13:31:47  loga.py  writeLog [line:134] INFO 行号:58   PASS   查找元素[find_element]  用时:0.006s  
20191205_13_30_59_441552_8520report.log 2019-12-05 13:31:47  loga.py  writeLog [line:134] INFO 行号:58   PASS   模拟输入[send_keys]  用时:0.023s  
20191205_13_30_59_441552_8520report.log 2019-12-05 13:31:48  loga.py  writeLog [line:134] INFO 行号:62   PASS   查找元素[find_element]  用时:0.008s  
20191205_13_30_59_441552_8520report.log 2019-12-05 13:31:49  loga.py  writeLog [line:134] INFO 行号:63   PASS   查找元素[find_element]  用时:0.007s  
20191205_13_30_59_441552_8520report.log 2019-12-05 13:31:49  loga.py  writeLog [line:134] INFO 行号:64   TRUE   断言：实例[assertIsInstance] 用时:0.000s TRUE.
20191205_13_30_59_441552_8520report.log 2019-12-05 13:31:49  loga.py  writeLog [line:134] INFO 行号:64   TRUE   断言：实例[assertIsInstance] 用时:0.000s TRUE.
20191205_13_30_59_441552_8520report.log 2019-12-05 13:31:49  loga.py  writeLog [line:134] INFO 行号:64   TRUE   断言：相等[assertEqual] 用时:0.000s TRUE.
20191205_13_30_59_441552_8520report.log 2019-12-05 13:31:49  loga.py  writeLog [line:134] INFO 行号:68   PASS   查找元素[find_element]  用时:0.010s  
20191205_13_30_59_441552_8520report.log 2019-12-05 13:31:50  loga.py  writeLog [line:134] INFO 行号:69   PASS   查找元素[find_element]  用时:0.006s  
20191205_13_30_59_441552_8520report.log 2019-12-05 13:31:51  loga.py  writeLog [line:134] INFO 行号:69   PASS   左键单击[click]  用时:0.103s  
20191205_13_30_59_441552_8520report.log 2019-12-05 13:31:52  loga.py  writeLog [line:134] INFO 行号:73   PASS   查找元素[find_element]  用时:0.009s  
20191205_13_30_59_441552_8520report.log 2019-12-05 13:31:52  loga.py  writeLog [line:134] INFO 行号:74   PASS   查找元素[find_element]  用时:0.006s  
20191205_13_30_59_441552_8520report.log 2019-12-05 13:31:53  loga.py  writeLog [line:134] INFO 行号:0    ERROR  [runTest]  用时:  测试用例脚本发生错误，请检查脚本代码：wrapper() missing 1 required positional argument: 'alias'
20191205_13_30_59_441552_8520report.log 2019-12-05 13:31:53  loga.py  putSystemLog [line:74] INFO 脚本运行完毕...
20191205_13_30_59_441552_8520report.log 2019-12-05 13:31:53  loga.py  putSystemLog [line:74] INFO 开始运行脚本<class 'script.testCase.U8EX项目.公共.U8EX登出.EasyCase'>
20191205_13_30_59_441552_8520report.log 2019-12-05 13:31:53  loga.py  writeLog [line:134] INFO 行号:24   PASS   刷新页面[refresh]  用时:0.012s  
20191205_13_30_59_441552_8520report.log 2019-12-05 13:31:55  loga.py  writeLog [line:134] INFO 行号:26   PASS   查找元素[find_element]  用时:0.010s  
20191205_13_30_59_441552_8520report.log 2019-12-05 13:31:55  loga.py  writeLog [line:134] INFO 行号:26   PASS   左键单击[click]  用时:0.049s  
20191205_13_30_59_441552_8520report.log 2019-12-05 13:31:56  loga.py  writeLog [line:134] INFO 行号:27   PASS   查找元素[find_element]  用时:0.008s  
20191205_13_30_59_441552_8520report.log 2019-12-05 13:31:57  loga.py  writeLog [line:134] INFO 行号:27   PASS   左键单击[click]  用时:0.467s  
20191205_13_30_59_441552_8520report.log 2019-12-05 13:31:58  loga.py  putSystemLog [line:74] INFO 脚本运行完毕...
20191205_13_30_59_441552_8520report.log 2019-12-05 13:31:58  loga.py  writeLog [line:134] INFO 行号:0    PASS   关闭浏览器[quit]  用时:0.279s  
20191205_13_30_59_441552_8520report.log 2019-12-05 13:32:01  loga.py  putSystemLog [line:74] INFO 场景<1>结束.用时:62.453s.
20191205_13_30_59_441552_8520report.log 2019-12-05 13:32:01  loga.py  putSystemLog [line:74] INFO 场景统计结果：PASS: 55(98.21%),FAIL:  0(0.00%),ERROR:  1(1.79%),TRUE:  3,FALSE:  0

20191205_13_30_59_441552_8520report.log 2019-12-05 13:32:01  loga.py  putSystemLog [line:74] INFO ----------------------------------------
20191205_13_30_59_441552_8520report.log 2019-12-05 13:32:01  loga.py  putSystemLog [line:74] INFO End.
20191205_13_30_59_441552_8520report.log 2019-12-05 13:32:01  loga.py  putSystemLog [line:74] INFO 测试方案统计结果:
                    场景<1>:PASS: 55(98.21%),FAIL:  0(0.00%),ERROR:  1(1.79%),TRUE:  3,FALSE:  0
                    总   计:PASS: 55(98.21%),FAIL:  0(0.00%),ERROR:  1(1.79%),TRUE:  3,FALSE:  0

