20191203_15_17_50_214801_584report.log 2019-12-03 15:17:50  loga.py  putSystemLog [line:74] INFO Start.
20191203_15_17_50_214801_584report.log 2019-12-03 15:17:50  loga.py  putSystemLog [line:74] INFO 场景<1>开始.
20191203_15_17_50_214801_584report.log 2019-12-03 15:17:53  loga.py  writeLog [line:134] INFO 行号:0    PASS   最大化浏览器窗口[maximize_window]  用时:1.125s  
20191203_15_17_50_214801_584report.log 2019-12-03 15:17:54  loga.py  putSystemLog [line:74] INFO chrome浏览器启动成功.
20191203_15_17_50_214801_584report.log 2019-12-03 15:17:54  loga.py  putSystemLog [line:74] INFO 开始加载脚本...
20191203_15_17_50_214801_584report.log 2019-12-03 15:17:54  loga.py  putSystemLog [line:74] INFO 脚本<1>：U8EX登录 加载成功.脚本路径：script/testCase/U8EX项目/公共/U8EX登录
20191203_15_17_50_214801_584report.log 2019-12-03 15:17:54  loga.py  putSystemLog [line:74] INFO 脚本<2>：记事类型配置 加载成功.脚本路径：script/testCase/Y3me项目/数字化建模/费用管理/记事类型配置
20191203_15_17_50_214801_584report.log 2019-12-03 15:17:54  loga.py  putSystemLog [line:74] INFO 脚本<3>：U8EX登出 加载成功.脚本路径：script/testCase/U8EX项目/公共/U8EX登出
20191203_15_17_50_214801_584report.log 2019-12-03 15:17:54  loga.py  putSystemLog [line:74] INFO 脚本加载完成...
20191203_15_17_50_214801_584report.log 2019-12-03 15:17:54  loga.py  putSystemLog [line:74] INFO 开始运行脚本<class 'script.testCase.U8EX项目.公共.U8EX登录.EasyCase'>
20191203_15_17_50_214801_584report.log 2019-12-03 15:17:56  loga.py  writeLog [line:134] INFO 行号:27   PASS   访问页面[get]  用时:1.201s  
20191203_15_17_50_214801_584report.log 2019-12-03 15:17:57  loga.py  writeLog [line:134] INFO 行号:29   PASS   查找元素[find_element]  用时:0.011s  
20191203_15_17_50_214801_584report.log 2019-12-03 15:17:57  loga.py  writeLog [line:134] INFO 行号:30   PASS   查找元素[find_element]  用时:0.007s  
20191203_15_17_50_214801_584report.log 2019-12-03 15:17:58  loga.py  writeLog [line:134] INFO 行号:30   PASS   左键单击[click]  用时:0.084s  
20191203_15_17_50_214801_584report.log 2019-12-03 15:17:59  loga.py  writeLog [line:134] INFO 行号:34   PASS   查找元素[find_element]  用时:0.032s  
20191203_15_17_50_214801_584report.log 2019-12-03 15:17:59  loga.py  writeLog [line:134] INFO 行号:35   PASS   查找元素[find_element]  用时:0.006s  
20191203_15_17_50_214801_584report.log 2019-12-03 15:18:00  loga.py  writeLog [line:134] INFO 行号:36   PASS   切换到表单[frame]  用时:0.043s  
20191203_15_17_50_214801_584report.log 2019-12-03 15:18:02  loga.py  writeLog [line:134] INFO 行号:39   PASS   查找元素[find_element]  用时:0.032s  
20191203_15_17_50_214801_584report.log 2019-12-03 15:18:02  loga.py  writeLog [line:134] INFO 行号:40   PASS   查找元素[find_element]  用时:0.009s  
20191203_15_17_50_214801_584report.log 2019-12-03 15:18:03  loga.py  writeLog [line:134] INFO 行号:40   PASS   清除文本[clear]  用时:0.022s  
20191203_15_17_50_214801_584report.log 2019-12-03 15:18:04  loga.py  writeLog [line:134] INFO 行号:41   PASS   查找元素[find_element]  用时:0.010s  
20191203_15_17_50_214801_584report.log 2019-12-03 15:18:05  loga.py  writeLog [line:134] INFO 行号:41   PASS   模拟输入[send_keys]  用时:0.135s  
20191203_15_17_50_214801_584report.log 2019-12-03 15:18:06  loga.py  writeLog [line:134] INFO 行号:42   PASS   查找元素[find_element]  用时:0.016s  
20191203_15_17_50_214801_584report.log 2019-12-03 15:18:06  loga.py  writeLog [line:134] INFO 行号:42   PASS   清除文本[clear]  用时:0.021s  
20191203_15_17_50_214801_584report.log 2019-12-03 15:18:07  loga.py  writeLog [line:134] INFO 行号:43   PASS   查找元素[find_element]  用时:0.017s  
20191203_15_17_50_214801_584report.log 2019-12-03 15:18:08  loga.py  writeLog [line:134] INFO 行号:43   PASS   模拟输入[send_keys]  用时:0.075s  
20191203_15_17_50_214801_584report.log 2019-12-03 15:18:09  loga.py  writeLog [line:134] INFO 行号:45   PASS   查找元素[find_element]  用时:0.013s  
20191203_15_17_50_214801_584report.log 2019-12-03 15:18:09  loga.py  writeLog [line:134] INFO 行号:46   PASS   查找元素[find_element]  用时:0.009s  
20191203_15_17_50_214801_584report.log 2019-12-03 15:18:10  loga.py  writeLog [line:134] INFO 行号:46   PASS   左键单击[click]  用时:0.093s  
20191203_15_17_50_214801_584report.log 2019-12-03 15:18:11  loga.py  writeLog [line:134] INFO 行号:52   PASS   查找元素[find_element]  用时:0.012s  
20191203_15_17_50_214801_584report.log 2019-12-03 15:18:11  loga.py  writeLog [line:134] INFO 行号:53   PASS   查找元素[find_element]  用时:0.005s  
20191203_15_17_50_214801_584report.log 2019-12-03 15:18:12  loga.py  writeLog [line:134] INFO 行号:53   PASS   左键单击[click]  用时:0.096s  
20191203_15_17_50_214801_584report.log 2019-12-03 15:18:13  loga.py  writeLog [line:134] INFO 行号:54   PASS   查找元素[find_element]  用时:0.013s  
20191203_15_17_50_214801_584report.log 2019-12-03 15:18:14  loga.py  writeLog [line:134] INFO 行号:54   PASS   左键单击[click]  用时:0.086s  
20191203_15_17_50_214801_584report.log 2019-12-03 15:18:15  loga.py  writeLog [line:134] INFO 行号:56   PASS   查找元素[find_element]  用时:0.016s  
20191203_15_17_50_214801_584report.log 2019-12-03 15:18:16  loga.py  writeLog [line:134] INFO 行号:56   PASS   左键单击[click]  用时:0.446s  
20191203_15_17_50_214801_584report.log 2019-12-03 15:18:17  loga.py  putSystemLog [line:74] INFO 脚本运行完毕...
20191203_15_17_50_214801_584report.log 2019-12-03 15:18:17  loga.py  putSystemLog [line:74] INFO 开始运行脚本<class 'script.testCase.Y3me项目.数字化建模.费用管理.记事类型配置.EasyCase'>
20191203_15_17_50_214801_584report.log 2019-12-03 15:18:17  loga.py  writeLog [line:134] INFO 行号:26   PASS   刷新页面[refresh]  用时:0.011s  
20191203_15_17_50_214801_584report.log 2019-12-03 15:18:18  loga.py  writeLog [line:134] INFO 行号:28   PASS   查找元素[find_element]  用时:0.013s  
20191203_15_17_50_214801_584report.log 2019-12-03 15:18:18  loga.py  writeLog [line:134] INFO 行号:28   PASS   左键单击[click]  用时:0.075s  
20191203_15_17_50_214801_584report.log 2019-12-03 15:18:20  loga.py  writeLog [line:134] INFO 行号:31   PASS   查找元素[find_element]  用时:0.010s  
20191203_15_17_50_214801_584report.log 2019-12-03 15:18:21  loga.py  writeLog [line:134] INFO 行号:31   PASS   左键单击[click]  用时:0.056s  
20191203_15_17_50_214801_584report.log 2019-12-03 15:18:23  loga.py  writeLog [line:134] INFO 行号:34   PASS   查找元素[find_element]  用时:0.016s  
20191203_15_17_50_214801_584report.log 2019-12-03 15:18:25  loga.py  writeLog [line:134] INFO 行号:41   PASS   查找元素[find_element]  用时:0.016s  
20191203_15_17_50_214801_584report.log 2019-12-03 15:18:29  loga.py  writeLog [line:134] INFO 行号:48   PASS   查找元素[find_element]  用时:0.023s  
20191203_15_17_50_214801_584report.log 2019-12-03 15:18:31  loga.py  writeLog [line:134] INFO 行号:51   PASS   查找元素[find_element]  用时:0.024s  
20191203_15_17_50_214801_584report.log 2019-12-03 15:18:32  loga.py  writeLog [line:134] INFO 行号:52   PASS   切换到表单[frame]  用时:0.033s  
20191203_15_17_50_214801_584report.log 2019-12-03 15:18:57  loga.py  writeLog [line:134] INFO 行号:56   PASS   查找元素[find_element]  用时:24.205s  
20191203_15_17_50_214801_584report.log 2019-12-03 15:18:58  loga.py  writeLog [line:134] INFO 行号:57   PASS   查找元素[find_element]  用时:0.007s  
20191203_15_17_50_214801_584report.log 2019-12-03 15:18:58  loga.py  writeLog [line:134] INFO 行号:57   PASS   左键单击[click]  用时:0.085s  
20191203_15_17_50_214801_584report.log 2019-12-03 15:18:59  loga.py  writeLog [line:134] INFO 行号:63   PASS   查找元素[find_element]  用时:0.019s  
20191203_15_17_50_214801_584report.log 2019-12-03 15:19:00  loga.py  writeLog [line:134] INFO 行号:64   PASS   查找元素[find_element]  用时:0.006s  
20191203_15_17_50_214801_584report.log 2019-12-03 15:19:01  loga.py  writeLog [line:134] INFO 行号:64   PASS   模拟输入[send_keys]  用时:0.116s  
20191203_15_17_50_214801_584report.log 2019-12-03 15:19:02  loga.py  writeLog [line:134] INFO 行号:70   PASS   查找元素[find_element]  用时:0.013s  
20191203_15_17_50_214801_584report.log 2019-12-03 15:19:02  loga.py  writeLog [line:134] INFO 行号:71   PASS   查找元素[find_element]  用时:0.006s  
20191203_15_17_50_214801_584report.log 2019-12-03 15:19:03  loga.py  writeLog [line:134] INFO 行号:71   PASS   模拟输入[send_keys]  用时:0.142s  
20191203_15_17_50_214801_584report.log 2019-12-03 15:19:04  loga.py  writeLog [line:134] INFO 行号:75   PASS   查找元素[find_element]  用时:0.014s  
20191203_15_17_50_214801_584report.log 2019-12-03 15:19:04  loga.py  writeLog [line:134] INFO 行号:76   PASS   查找元素[find_element]  用时:0.010s  
20191203_15_17_50_214801_584report.log 2019-12-03 15:19:05  loga.py  writeLog [line:134] INFO 行号:76   PASS   左键单击[click]  用时:0.074s  
20191203_15_17_50_214801_584report.log 2019-12-03 15:19:06  loga.py  writeLog [line:134] INFO 行号:81   PASS   查找元素[find_element]  用时:0.016s  
20191203_15_17_50_214801_584report.log 2019-12-03 15:19:06  loga.py  writeLog [line:134] INFO 行号:83   PASS   查找元素[find_element]  用时:0.009s  
20191203_15_17_50_214801_584report.log 2019-12-03 15:19:07  loga.py  writeLog [line:134] INFO 行号:83   PASS   左键单击[click]  用时:0.063s  
20191203_15_17_50_214801_584report.log 2019-12-03 15:19:08  loga.py  writeLog [line:134] INFO 行号:87   PASS   查找元素[find_element]  用时:0.017s  
20191203_15_17_50_214801_584report.log 2019-12-03 15:19:09  loga.py  writeLog [line:134] INFO 行号:88   PASS   查找元素[find_element]  用时:0.006s  
20191203_15_17_50_214801_584report.log 2019-12-03 15:19:09  loga.py  writeLog [line:134] INFO 行号:88   PASS   左键单击[click]  用时:0.098s  
20191203_15_17_50_214801_584report.log 2019-12-03 15:19:10  loga.py  writeLog [line:134] INFO 行号:90   TRUE   断言：包含[assertIn] 用时:0.000s TRUE.
20191203_15_17_50_214801_584report.log 2019-12-03 15:19:10  loga.py  writeLog [line:134] INFO 行号:93   PASS   查找元素[find_element]  用时:0.023s  
20191203_15_17_50_214801_584report.log 2019-12-03 15:19:11  loga.py  writeLog [line:134] INFO 行号:93   PASS   模拟输入[send_keys]  用时:0.054s  
20191203_15_17_50_214801_584report.log 2019-12-03 15:19:12  loga.py  writeLog [line:134] INFO 行号:94   PASS   查找元素[find_element]  用时:0.014s  
20191203_15_17_50_214801_584report.log 2019-12-03 15:19:12  loga.py  writeLog [line:134] INFO 行号:94   PASS   模拟输入[send_keys]  用时:0.058s  
20191203_15_17_50_214801_584report.log 2019-12-03 15:19:13  loga.py  writeLog [line:134] INFO 行号:97   PASS   查找元素[find_element]  用时:0.016s  
20191203_15_17_50_214801_584report.log 2019-12-03 15:19:14  loga.py  writeLog [line:134] INFO 行号:97   PASS   左键单击[click]  用时:0.049s  
20191203_15_17_50_214801_584report.log 2019-12-03 15:19:16  loga.py  writeLog [line:134] INFO 行号:99   PASS   查找元素[find_element]  用时:0.028s  
20191203_15_17_50_214801_584report.log 2019-12-03 15:19:16  loga.py  writeLog [line:134] INFO 行号:99   PASS   左键单击[click]  用时:0.064s  
20191203_15_17_50_214801_584report.log 2019-12-03 15:19:17  loga.py  putSystemLog [line:74] INFO 脚本运行完毕...
20191203_15_17_50_214801_584report.log 2019-12-03 15:19:17  loga.py  putSystemLog [line:74] INFO 开始运行脚本<class 'script.testCase.U8EX项目.公共.U8EX登出.EasyCase'>
20191203_15_17_50_214801_584report.log 2019-12-03 15:19:17  loga.py  writeLog [line:134] INFO 行号:24   PASS   刷新页面[refresh]  用时:0.007s  
20191203_15_17_50_214801_584report.log 2019-12-03 15:19:19  loga.py  writeLog [line:134] INFO 行号:26   PASS   查找元素[find_element]  用时:0.009s  
20191203_15_17_50_214801_584report.log 2019-12-03 15:19:20  loga.py  writeLog [line:134] INFO 行号:26   PASS   左键单击[click]  用时:0.057s  
20191203_15_17_50_214801_584report.log 2019-12-03 15:19:21  loga.py  writeLog [line:134] INFO 行号:27   PASS   查找元素[find_element]  用时:0.009s  
20191203_15_17_50_214801_584report.log 2019-12-03 15:19:22  loga.py  writeLog [line:134] INFO 行号:27   PASS   左键单击[click]  用时:0.451s  
20191203_15_17_50_214801_584report.log 2019-12-03 15:19:23  loga.py  putSystemLog [line:74] INFO 脚本运行完毕...
20191203_15_17_50_214801_584report.log 2019-12-03 15:19:23  loga.py  writeLog [line:134] INFO 行号:0    PASS   关闭浏览器[quit]  用时:0.250s  
20191203_15_17_50_214801_584report.log 2019-12-03 15:19:26  loga.py  putSystemLog [line:74] INFO 场景<1>结束.用时:96.507s.
20191203_15_17_50_214801_584report.log 2019-12-03 15:19:26  loga.py  putSystemLog [line:74] INFO 场景统计结果：PASS: 69(100.00%),FAIL:  0(0.00%),ERROR:  0(0.00%),TRUE:  1,FALSE:  0

20191203_15_17_50_214801_584report.log 2019-12-03 15:19:26  loga.py  putSystemLog [line:74] INFO ----------------------------------------
20191203_15_17_50_214801_584report.log 2019-12-03 15:19:26  loga.py  putSystemLog [line:74] INFO End.
20191203_15_17_50_214801_584report.log 2019-12-03 15:19:26  loga.py  putSystemLog [line:74] INFO 测试方案统计结果:
                    场景<1>:PASS: 69(100.00%),FAIL:  0(0.00%),ERROR:  0(0.00%),TRUE:  1,FALSE:  0
                    总   计:PASS: 69(100.00%),FAIL:  0(0.00%),ERROR:  0(0.00%),TRUE:  1,FALSE:  0

