20191203_13_49_08_192668_4064report.log 2019-12-03 13:49:08  loga.py  putSystemLog [line:74] INFO Start.
20191203_13_49_08_192668_4064report.log 2019-12-03 13:49:08  loga.py  putSystemLog [line:74] INFO 场景<1>开始.
20191203_13_49_08_192668_4064report.log 2019-12-03 13:49:14  loga.py  writeLog [line:134] INFO 行号:0    PASS   最大化浏览器窗口[maximize_window]  用时:1.115s  
20191203_13_49_08_192668_4064report.log 2019-12-03 13:49:15  loga.py  putSystemLog [line:74] INFO chrome浏览器启动成功.
20191203_13_49_08_192668_4064report.log 2019-12-03 13:49:15  loga.py  putSystemLog [line:74] INFO 开始加载脚本...
20191203_13_49_08_192668_4064report.log 2019-12-03 13:49:15  loga.py  putSystemLog [line:74] INFO 脚本<1>：U8EX登录 加载成功.脚本路径：script/testCase/U8EX项目/公共/U8EX登录
20191203_13_49_08_192668_4064report.log 2019-12-03 13:49:15  loga.py  putSystemLog [line:74] INFO 脚本<2>：报账模板管理 加载成功.脚本路径：script/testCase/Y3me项目/数字化建模/费用管理/报账模板管理
20191203_13_49_08_192668_4064report.log 2019-12-03 13:49:15  loga.py  putSystemLog [line:74] INFO 脚本<3>：U8EX登出 加载成功.脚本路径：script/testCase/U8EX项目/公共/U8EX登出
20191203_13_49_08_192668_4064report.log 2019-12-03 13:49:15  loga.py  putSystemLog [line:74] INFO 脚本加载完成...
20191203_13_49_08_192668_4064report.log 2019-12-03 13:49:15  loga.py  putSystemLog [line:74] INFO 开始运行脚本<class 'script.testCase.U8EX项目.公共.U8EX登录.EasyCase'>
20191203_13_49_08_192668_4064report.log 2019-12-03 13:49:16  loga.py  writeLog [line:134] INFO 行号:27   PASS   访问页面[get]  用时:1.341s  
20191203_13_49_08_192668_4064report.log 2019-12-03 13:49:17  loga.py  writeLog [line:134] INFO 行号:29   PASS   查找元素[find_element]  用时:0.014s  
20191203_13_49_08_192668_4064report.log 2019-12-03 13:49:18  loga.py  writeLog [line:134] INFO 行号:30   PASS   查找元素[find_element]  用时:0.006s  
20191203_13_49_08_192668_4064report.log 2019-12-03 13:49:18  loga.py  writeLog [line:134] INFO 行号:30   PASS   左键单击[click]  用时:0.050s  
20191203_13_49_08_192668_4064report.log 2019-12-03 13:49:19  loga.py  writeLog [line:134] INFO 行号:34   PASS   查找元素[find_element]  用时:0.028s  
20191203_13_49_08_192668_4064report.log 2019-12-03 13:49:20  loga.py  writeLog [line:134] INFO 行号:35   PASS   查找元素[find_element]  用时:0.006s  
20191203_13_49_08_192668_4064report.log 2019-12-03 13:49:21  loga.py  writeLog [line:134] INFO 行号:36   PASS   切换到表单[frame]  用时:0.037s  
20191203_13_49_08_192668_4064report.log 2019-12-03 13:49:23  loga.py  writeLog [line:134] INFO 行号:39   PASS   查找元素[find_element]  用时:0.010s  
20191203_13_49_08_192668_4064report.log 2019-12-03 13:49:23  loga.py  writeLog [line:134] INFO 行号:40   PASS   查找元素[find_element]  用时:0.009s  
20191203_13_49_08_192668_4064report.log 2019-12-03 13:49:24  loga.py  writeLog [line:134] INFO 行号:40   PASS   清除文本[clear]  用时:0.018s  
20191203_13_49_08_192668_4064report.log 2019-12-03 13:49:25  loga.py  writeLog [line:134] INFO 行号:41   PASS   查找元素[find_element]  用时:0.007s  
20191203_13_49_08_192668_4064report.log 2019-12-03 13:49:25  loga.py  writeLog [line:134] INFO 行号:41   PASS   模拟输入[send_keys]  用时:0.124s  
20191203_13_49_08_192668_4064report.log 2019-12-03 13:49:26  loga.py  writeLog [line:134] INFO 行号:42   PASS   查找元素[find_element]  用时:0.032s  
20191203_13_49_08_192668_4064report.log 2019-12-03 13:49:27  loga.py  writeLog [line:134] INFO 行号:42   PASS   清除文本[clear]  用时:0.046s  
20191203_13_49_08_192668_4064report.log 2019-12-03 13:49:28  loga.py  writeLog [line:134] INFO 行号:43   PASS   查找元素[find_element]  用时:0.012s  
20191203_13_49_08_192668_4064report.log 2019-12-03 13:49:28  loga.py  writeLog [line:134] INFO 行号:43   PASS   模拟输入[send_keys]  用时:0.107s  
20191203_13_49_08_192668_4064report.log 2019-12-03 13:49:29  loga.py  writeLog [line:134] INFO 行号:45   PASS   查找元素[find_element]  用时:0.035s  
20191203_13_49_08_192668_4064report.log 2019-12-03 13:49:30  loga.py  writeLog [line:134] INFO 行号:46   PASS   查找元素[find_element]  用时:0.008s  
20191203_13_49_08_192668_4064report.log 2019-12-03 13:49:31  loga.py  writeLog [line:134] INFO 行号:46   PASS   左键单击[click]  用时:0.128s  
20191203_13_49_08_192668_4064report.log 2019-12-03 13:49:32  loga.py  writeLog [line:134] INFO 行号:52   PASS   查找元素[find_element]  用时:0.011s  
20191203_13_49_08_192668_4064report.log 2019-12-03 13:49:32  loga.py  writeLog [line:134] INFO 行号:53   PASS   查找元素[find_element]  用时:0.012s  
20191203_13_49_08_192668_4064report.log 2019-12-03 13:49:33  loga.py  writeLog [line:134] INFO 行号:53   PASS   左键单击[click]  用时:0.077s  
20191203_13_49_08_192668_4064report.log 2019-12-03 13:49:34  loga.py  writeLog [line:134] INFO 行号:54   PASS   查找元素[find_element]  用时:0.018s  
20191203_13_49_08_192668_4064report.log 2019-12-03 13:49:34  loga.py  writeLog [line:134] INFO 行号:54   PASS   左键单击[click]  用时:0.087s  
20191203_13_49_08_192668_4064report.log 2019-12-03 13:49:35  loga.py  writeLog [line:134] INFO 行号:56   PASS   查找元素[find_element]  用时:0.009s  
20191203_13_49_08_192668_4064report.log 2019-12-03 13:49:36  loga.py  writeLog [line:134] INFO 行号:56   PASS   左键单击[click]  用时:0.424s  
20191203_13_49_08_192668_4064report.log 2019-12-03 13:49:37  loga.py  putSystemLog [line:74] INFO 脚本运行完毕...
20191203_13_49_08_192668_4064report.log 2019-12-03 13:49:37  loga.py  putSystemLog [line:74] INFO 开始运行脚本<class 'script.testCase.Y3me项目.数字化建模.费用管理.报账模板管理.EasyCase'>
20191203_13_49_08_192668_4064report.log 2019-12-03 13:49:37  loga.py  writeLog [line:134] INFO 行号:25   PASS   刷新页面[refresh]  用时:0.008s  
20191203_13_49_08_192668_4064report.log 2019-12-03 13:49:38  loga.py  writeLog [line:134] INFO 行号:27   PASS   查找元素[find_element]  用时:0.042s  
20191203_13_49_08_192668_4064report.log 2019-12-03 13:49:39  loga.py  writeLog [line:134] INFO 行号:27   PASS   左键单击[click]  用时:0.102s  
20191203_13_49_08_192668_4064report.log 2019-12-03 13:49:41  loga.py  writeLog [line:134] INFO 行号:30   PASS   查找元素[find_element]  用时:0.025s  
20191203_13_49_08_192668_4064report.log 2019-12-03 13:49:42  loga.py  writeLog [line:134] INFO 行号:30   PASS   左键单击[click]  用时:0.064s  
20191203_13_49_08_192668_4064report.log 2019-12-03 13:49:44  loga.py  writeLog [line:134] INFO 行号:33   PASS   查找元素[find_element]  用时:0.011s  
20191203_13_49_08_192668_4064report.log 2019-12-03 13:49:46  loga.py  writeLog [line:134] INFO 行号:40   PASS   查找元素[find_element]  用时:0.027s  
20191203_13_49_08_192668_4064report.log 2019-12-03 13:49:51  loga.py  writeLog [line:134] INFO 行号:47   PASS   查找元素[find_element]  用时:0.030s  
20191203_13_49_08_192668_4064report.log 2019-12-03 13:49:52  loga.py  writeLog [line:134] INFO 行号:50   PASS   查找元素[find_element]  用时:0.017s  
20191203_13_49_08_192668_4064report.log 2019-12-03 13:49:53  loga.py  writeLog [line:134] INFO 行号:51   PASS   切换到表单[frame]  用时:0.018s  
20191203_13_49_08_192668_4064report.log 2019-12-03 13:50:05  loga.py  writeLog [line:134] INFO 行号:54   PASS   查找元素[find_element]  用时:11.402s  
20191203_13_49_08_192668_4064report.log 2019-12-03 13:50:06  loga.py  writeLog [line:134] INFO 行号:54   PASS   左键单击[click]  用时:0.270s  
20191203_13_49_08_192668_4064report.log 2019-12-03 13:50:07  loga.py  writeLog [line:134] INFO 行号:61   PASS   查找元素[find_element]  用时:0.034s  
20191203_13_49_08_192668_4064report.log 2019-12-03 13:50:08  loga.py  writeLog [line:134] INFO 行号:62   PASS   查找元素[find_element]  用时:0.010s  
20191203_13_49_08_192668_4064report.log 2019-12-03 13:50:09  loga.py  writeLog [line:134] INFO 行号:62   PASS   模拟输入[send_keys]  用时:0.660s  
20191203_13_49_08_192668_4064report.log 2019-12-03 13:50:10  loga.py  writeLog [line:134] INFO 行号:70   PASS   查找元素[find_element]  用时:0.023s  
20191203_13_49_08_192668_4064report.log 2019-12-03 13:50:10  loga.py  writeLog [line:134] INFO 行号:71   PASS   查找元素[find_element]  用时:0.007s  
20191203_13_49_08_192668_4064report.log 2019-12-03 13:50:11  loga.py  writeLog [line:134] INFO 行号:71   PASS   模拟输入[send_keys]  用时:0.433s  
20191203_13_49_08_192668_4064report.log 2019-12-03 13:50:12  loga.py  writeLog [line:134] INFO 行号:75   PASS   查找元素[find_element]  用时:0.026s  
20191203_13_49_08_192668_4064report.log 2019-12-03 13:50:13  loga.py  writeLog [line:134] INFO 行号:76   PASS   查找元素[find_element]  用时:0.006s  
20191203_13_49_08_192668_4064report.log 2019-12-03 13:50:13  loga.py  writeLog [line:134] INFO 行号:76   PASS   左键单击[click]  用时:0.187s  
20191203_13_49_08_192668_4064report.log 2019-12-03 13:50:15  loga.py  writeLog [line:134] INFO 行号:78   TRUE   断言：不包含[assertNotIn] 用时:0.000s TRUE.
20191203_13_49_08_192668_4064report.log 2019-12-03 13:50:45  loga.py  writeLog [line:134] INFO 行号:82   FAIL   查找元素[find_element]  用时:30.053s  参数:{'list': '', 'dict': {'xpath': '//td[text()="{}"]/parent::tr//a[text()="编辑"]'}} 页面中没有该元素.NoSuchElementException
20191203_13_49_08_192668_4064report.log 2019-12-03 13:50:55  loga.py  writeLog [line:134] INFO 行号:0    ERROR  [runTest]  用时:  测试用例脚本发生错误，请检查脚本代码：
20191203_13_49_08_192668_4064report.log 2019-12-03 13:50:55  loga.py  putSystemLog [line:74] INFO 脚本运行完毕...
20191203_13_49_08_192668_4064report.log 2019-12-03 13:50:55  loga.py  putSystemLog [line:74] INFO 开始运行脚本<class 'script.testCase.U8EX项目.公共.U8EX登出.EasyCase'>
20191203_13_49_08_192668_4064report.log 2019-12-03 13:50:55  loga.py  writeLog [line:134] INFO 行号:24   PASS   刷新页面[refresh]  用时:0.005s  
20191203_13_49_08_192668_4064report.log 2019-12-03 13:50:57  loga.py  writeLog [line:134] INFO 行号:26   PASS   查找元素[find_element]  用时:0.028s  
20191203_13_49_08_192668_4064report.log 2019-12-03 13:51:03  loga.py  writeLog [line:134] INFO 行号:26   PASS   左键单击[click]  用时:5.070s  
20191203_13_49_08_192668_4064report.log 2019-12-03 13:51:34  loga.py  writeLog [line:134] INFO 行号:27   FAIL   查找元素[find_element]  用时:30.024s  参数:{'list': '', 'dict': {'xpath': '//span[text()="注销"]'}} 页面中没有该元素.NoSuchElementException
20191203_13_49_08_192668_4064report.log 2019-12-03 13:51:34  loga.py  writeLog [line:134] INFO 行号:27   ERROR  左键单击[click]  用时:0.000s  由于未找到元素，操作失败
20191203_13_49_08_192668_4064report.log 2019-12-03 13:51:35  loga.py  putSystemLog [line:74] INFO 脚本运行完毕...
20191203_13_49_08_192668_4064report.log 2019-12-03 13:51:35  loga.py  writeLog [line:134] INFO 行号:0    PASS   关闭浏览器[quit]  用时:0.163s  
20191203_13_49_08_192668_4064report.log 2019-12-03 13:51:38  loga.py  putSystemLog [line:74] INFO 场景<1>结束.用时:150.732s.
20191203_13_49_08_192668_4064report.log 2019-12-03 13:51:38  loga.py  putSystemLog [line:74] INFO 场景统计结果：PASS: 52(92.86%),FAIL:  2(3.57%),ERROR:  2(3.57%),TRUE:  1,FALSE:  0

20191203_13_49_08_192668_4064report.log 2019-12-03 13:51:38  loga.py  putSystemLog [line:74] INFO ----------------------------------------
20191203_13_49_08_192668_4064report.log 2019-12-03 13:51:38  loga.py  putSystemLog [line:74] INFO End.
20191203_13_49_08_192668_4064report.log 2019-12-03 13:51:38  loga.py  putSystemLog [line:74] INFO 测试方案统计结果:
                    场景<1>:PASS: 52(92.86%),FAIL:  2(3.57%),ERROR:  2(3.57%),TRUE:  1,FALSE:  0
                    总   计:PASS: 52(92.86%),FAIL:  2(3.57%),ERROR:  2(3.57%),TRUE:  1,FALSE:  0

