20191203_16_35_17_212406_16840report.log 2019-12-03 16:35:17  loga.py  putSystemLog [line:74] INFO Start.
20191203_16_35_17_212406_16840report.log 2019-12-03 16:35:17  loga.py  putSystemLog [line:74] INFO 场景<1>开始.
20191203_16_35_17_212406_16840report.log 2019-12-03 16:35:20  loga.py  writeLog [line:134] INFO 行号:0    PASS   最大化浏览器窗口[maximize_window]  用时:1.114s  
20191203_16_35_17_212406_16840report.log 2019-12-03 16:35:21  loga.py  putSystemLog [line:74] INFO chrome浏览器启动成功.
20191203_16_35_17_212406_16840report.log 2019-12-03 16:35:21  loga.py  putSystemLog [line:74] INFO 开始加载脚本...
20191203_16_35_17_212406_16840report.log 2019-12-03 16:35:21  loga.py  putSystemLog [line:74] INFO 脚本<1>：U8EX登录 加载成功.脚本路径：script/testCase/U8EX项目/公共/U8EX登录
20191203_16_35_17_212406_16840report.log 2019-12-03 16:35:21  loga.py  putSystemLog [line:74] INFO 脚本<2>：代理报销 加载成功.脚本路径：script/testCase/Y3me项目/数字化建模/费用管理/代理报销
20191203_16_35_17_212406_16840report.log 2019-12-03 16:35:21  loga.py  putSystemLog [line:74] INFO 脚本<3>：U8EX登出 加载成功.脚本路径：script/testCase/U8EX项目/公共/U8EX登出
20191203_16_35_17_212406_16840report.log 2019-12-03 16:35:21  loga.py  putSystemLog [line:74] INFO 脚本加载完成...
20191203_16_35_17_212406_16840report.log 2019-12-03 16:35:21  loga.py  putSystemLog [line:74] INFO 开始运行脚本<class 'script.testCase.U8EX项目.公共.U8EX登录.EasyCase'>
20191203_16_35_17_212406_16840report.log 2019-12-03 16:35:25  loga.py  writeLog [line:134] INFO 行号:27   PASS   访问页面[get]  用时:3.053s  
20191203_16_35_17_212406_16840report.log 2019-12-03 16:35:26  loga.py  writeLog [line:134] INFO 行号:29   PASS   查找元素[find_element]  用时:0.012s  
20191203_16_35_17_212406_16840report.log 2019-12-03 16:35:26  loga.py  writeLog [line:134] INFO 行号:30   PASS   查找元素[find_element]  用时:0.005s  
20191203_16_35_17_212406_16840report.log 2019-12-03 16:35:27  loga.py  writeLog [line:134] INFO 行号:30   PASS   左键单击[click]  用时:0.046s  
20191203_16_35_17_212406_16840report.log 2019-12-03 16:35:28  loga.py  writeLog [line:134] INFO 行号:34   PASS   查找元素[find_element]  用时:0.010s  
20191203_16_35_17_212406_16840report.log 2019-12-03 16:35:28  loga.py  writeLog [line:134] INFO 行号:35   PASS   查找元素[find_element]  用时:0.006s  
20191203_16_35_17_212406_16840report.log 2019-12-03 16:35:29  loga.py  writeLog [line:134] INFO 行号:36   PASS   切换到表单[frame]  用时:0.016s  
20191203_16_35_17_212406_16840report.log 2019-12-03 16:35:31  loga.py  writeLog [line:134] INFO 行号:39   PASS   查找元素[find_element]  用时:0.009s  
20191203_16_35_17_212406_16840report.log 2019-12-03 16:35:31  loga.py  writeLog [line:134] INFO 行号:40   PASS   查找元素[find_element]  用时:0.006s  
20191203_16_35_17_212406_16840report.log 2019-12-03 16:35:32  loga.py  writeLog [line:134] INFO 行号:40   PASS   清除文本[clear]  用时:0.017s  
20191203_16_35_17_212406_16840report.log 2019-12-03 16:35:33  loga.py  writeLog [line:134] INFO 行号:41   PASS   查找元素[find_element]  用时:0.008s  
20191203_16_35_17_212406_16840report.log 2019-12-03 16:35:33  loga.py  writeLog [line:134] INFO 行号:41   PASS   模拟输入[send_keys]  用时:0.078s  
20191203_16_35_17_212406_16840report.log 2019-12-03 16:35:34  loga.py  writeLog [line:134] INFO 行号:42   PASS   查找元素[find_element]  用时:0.033s  
20191203_16_35_17_212406_16840report.log 2019-12-03 16:35:35  loga.py  writeLog [line:134] INFO 行号:42   PASS   清除文本[clear]  用时:0.018s  
20191203_16_35_17_212406_16840report.log 2019-12-03 16:35:36  loga.py  writeLog [line:134] INFO 行号:43   PASS   查找元素[find_element]  用时:0.013s  
20191203_16_35_17_212406_16840report.log 2019-12-03 16:35:36  loga.py  writeLog [line:134] INFO 行号:43   PASS   模拟输入[send_keys]  用时:0.109s  
20191203_16_35_17_212406_16840report.log 2019-12-03 16:35:37  loga.py  writeLog [line:134] INFO 行号:45   PASS   查找元素[find_element]  用时:0.009s  
20191203_16_35_17_212406_16840report.log 2019-12-03 16:35:38  loga.py  writeLog [line:134] INFO 行号:46   PASS   查找元素[find_element]  用时:0.006s  
20191203_16_35_17_212406_16840report.log 2019-12-03 16:35:39  loga.py  writeLog [line:134] INFO 行号:46   PASS   左键单击[click]  用时:0.078s  
20191203_16_35_17_212406_16840report.log 2019-12-03 16:35:40  loga.py  writeLog [line:134] INFO 行号:52   PASS   查找元素[find_element]  用时:0.013s  
20191203_16_35_17_212406_16840report.log 2019-12-03 16:35:40  loga.py  writeLog [line:134] INFO 行号:53   PASS   查找元素[find_element]  用时:0.015s  
20191203_16_35_17_212406_16840report.log 2019-12-03 16:35:41  loga.py  writeLog [line:134] INFO 行号:53   PASS   左键单击[click]  用时:0.098s  
20191203_16_35_17_212406_16840report.log 2019-12-03 16:35:42  loga.py  writeLog [line:134] INFO 行号:54   PASS   查找元素[find_element]  用时:0.017s  
20191203_16_35_17_212406_16840report.log 2019-12-03 16:35:42  loga.py  writeLog [line:134] INFO 行号:54   PASS   左键单击[click]  用时:0.076s  
20191203_16_35_17_212406_16840report.log 2019-12-03 16:35:43  loga.py  writeLog [line:134] INFO 行号:56   PASS   查找元素[find_element]  用时:0.014s  
20191203_16_35_17_212406_16840report.log 2019-12-03 16:35:44  loga.py  writeLog [line:134] INFO 行号:56   PASS   左键单击[click]  用时:0.418s  
20191203_16_35_17_212406_16840report.log 2019-12-03 16:35:45  loga.py  putSystemLog [line:74] INFO 脚本运行完毕...
20191203_16_35_17_212406_16840report.log 2019-12-03 16:35:45  loga.py  putSystemLog [line:74] INFO 开始运行脚本<class 'script.testCase.Y3me项目.数字化建模.费用管理.代理报销.EasyCase'>
20191203_16_35_17_212406_16840report.log 2019-12-03 16:35:45  loga.py  writeLog [line:134] INFO 行号:28   PASS   刷新页面[refresh]  用时:0.014s  
20191203_16_35_17_212406_16840report.log 2019-12-03 16:35:46  loga.py  writeLog [line:134] INFO 行号:30   PASS   查找元素[find_element]  用时:0.036s  
20191203_16_35_17_212406_16840report.log 2019-12-03 16:35:47  loga.py  writeLog [line:134] INFO 行号:30   PASS   左键单击[click]  用时:0.101s  
20191203_16_35_17_212406_16840report.log 2019-12-03 16:35:49  loga.py  writeLog [line:134] INFO 行号:33   PASS   查找元素[find_element]  用时:0.011s  
20191203_16_35_17_212406_16840report.log 2019-12-03 16:35:49  loga.py  writeLog [line:134] INFO 行号:33   PASS   左键单击[click]  用时:0.041s  
20191203_16_35_17_212406_16840report.log 2019-12-03 16:35:51  loga.py  writeLog [line:134] INFO 行号:36   PASS   查找元素[find_element]  用时:0.009s  
20191203_16_35_17_212406_16840report.log 2019-12-03 16:35:54  loga.py  writeLog [line:134] INFO 行号:43   PASS   查找元素[find_element]  用时:0.011s  
20191203_16_35_17_212406_16840report.log 2019-12-03 16:35:59  loga.py  writeLog [line:134] INFO 行号:50   PASS   查找元素[find_element]  用时:0.018s  
20191203_16_35_17_212406_16840report.log 2019-12-03 16:36:00  loga.py  writeLog [line:134] INFO 行号:53   PASS   查找元素[find_element]  用时:0.009s  
20191203_16_35_17_212406_16840report.log 2019-12-03 16:36:01  loga.py  writeLog [line:134] INFO 行号:54   PASS   切换到表单[frame]  用时:0.022s  
20191203_16_35_17_212406_16840report.log 2019-12-03 16:36:02  loga.py  writeLog [line:134] INFO 行号:58   PASS   查找元素[find_element]  用时:0.339s  
20191203_16_35_17_212406_16840report.log 2019-12-03 16:36:03  loga.py  writeLog [line:134] INFO 行号:59   PASS   查找元素[find_element]  用时:0.006s  
20191203_16_35_17_212406_16840report.log 2019-12-03 16:36:03  loga.py  writeLog [line:134] INFO 行号:59   PASS   左键单击[click]  用时:0.109s  
20191203_16_35_17_212406_16840report.log 2019-12-03 16:36:04  loga.py  writeLog [line:134] INFO 行号:63   PASS   查找元素[find_element]  用时:0.018s  
20191203_16_35_17_212406_16840report.log 2019-12-03 16:36:05  loga.py  writeLog [line:134] INFO 行号:64   PASS   查找元素[find_element]  用时:0.006s  
20191203_16_35_17_212406_16840report.log 2019-12-03 16:36:05  loga.py  writeLog [line:134] INFO 行号:64   PASS   左键单击[click]  用时:0.096s  
20191203_16_35_17_212406_16840report.log 2019-12-03 16:36:06  loga.py  writeLog [line:134] INFO 行号:68   PASS   查找元素[find_element]  用时:0.009s  
20191203_16_35_17_212406_16840report.log 2019-12-03 16:36:07  loga.py  writeLog [line:134] INFO 行号:69   PASS   查找元素[find_element]  用时:0.006s  
20191203_16_35_17_212406_16840report.log 2019-12-03 16:36:07  loga.py  writeLog [line:134] INFO 行号:69   PASS   左键单击[click]  用时:0.080s  
20191203_16_35_17_212406_16840report.log 2019-12-03 16:36:08  loga.py  writeLog [line:134] INFO 行号:74   PASS   查找元素[find_element]  用时:0.010s  
20191203_16_35_17_212406_16840report.log 2019-12-03 16:36:09  loga.py  writeLog [line:134] INFO 行号:75   PASS   查找元素[find_element]  用时:0.006s  
20191203_16_35_17_212406_16840report.log 2019-12-03 16:36:10  loga.py  writeLog [line:134] INFO 行号:75   PASS   左键单击[click]  用时:0.079s  
20191203_16_35_17_212406_16840report.log 2019-12-03 16:36:11  loga.py  writeLog [line:134] INFO 行号:79   PASS   查找元素[find_element]  用时:0.016s  
20191203_16_35_17_212406_16840report.log 2019-12-03 16:36:11  loga.py  writeLog [line:134] INFO 行号:80   PASS   查找元素[find_element]  用时:0.006s  
20191203_16_35_17_212406_16840report.log 2019-12-03 16:36:12  loga.py  writeLog [line:134] INFO 行号:80   PASS   左键单击[click]  用时:0.067s  
20191203_16_35_17_212406_16840report.log 2019-12-03 16:36:13  loga.py  writeLog [line:134] INFO 行号:84   PASS   查找元素[find_element]  用时:0.009s  
20191203_16_35_17_212406_16840report.log 2019-12-03 16:36:13  loga.py  writeLog [line:134] INFO 行号:85   PASS   查找元素[find_element]  用时:0.006s  
20191203_16_35_17_212406_16840report.log 2019-12-03 16:36:14  loga.py  writeLog [line:134] INFO 行号:85   PASS   左键单击[click]  用时:0.085s  
20191203_16_35_17_212406_16840report.log 2019-12-03 16:36:15  loga.py  writeLog [line:134] INFO 行号:89   PASS   查找元素[find_element]  用时:0.006s  
20191203_16_35_17_212406_16840report.log 2019-12-03 16:36:15  loga.py  writeLog [line:134] INFO 行号:90   PASS   查找元素[find_element]  用时:0.006s  
20191203_16_35_17_212406_16840report.log 2019-12-03 16:36:16  loga.py  writeLog [line:134] INFO 行号:90   PASS   左键单击[click]  用时:0.075s  
20191203_16_35_17_212406_16840report.log 2019-12-03 16:36:17  loga.py  writeLog [line:134] INFO 行号:95   PASS   查找元素[find_element]  用时:0.013s  
20191203_16_35_17_212406_16840report.log 2019-12-03 16:36:17  loga.py  writeLog [line:134] INFO 行号:96   PASS   查找元素[find_element]  用时:0.007s  
20191203_16_35_17_212406_16840report.log 2019-12-03 16:36:18  loga.py  writeLog [line:134] INFO 行号:96   PASS   左键单击[click]  用时:0.079s  
20191203_16_35_17_212406_16840report.log 2019-12-03 16:36:19  loga.py  writeLog [line:134] INFO 行号:100  PASS   查找元素[find_element]  用时:0.015s  
20191203_16_35_17_212406_16840report.log 2019-12-03 16:36:19  loga.py  writeLog [line:134] INFO 行号:101  PASS   查找元素[find_element]  用时:0.006s  
20191203_16_35_17_212406_16840report.log 2019-12-03 16:36:20  loga.py  writeLog [line:134] INFO 行号:101  PASS   左键单击[click]  用时:0.075s  
20191203_16_35_17_212406_16840report.log 2019-12-03 16:36:21  loga.py  writeLog [line:134] INFO 行号:105  PASS   查找元素[find_element]  用时:0.018s  
20191203_16_35_17_212406_16840report.log 2019-12-03 16:36:22  loga.py  writeLog [line:134] INFO 行号:106  PASS   查找元素[find_element]  用时:0.006s  
20191203_16_35_17_212406_16840report.log 2019-12-03 16:36:22  loga.py  writeLog [line:134] INFO 行号:106  PASS   左键单击[click]  用时:0.084s  
20191203_16_35_17_212406_16840report.log 2019-12-03 16:36:23  loga.py  writeLog [line:134] INFO 行号:111  PASS   查找元素[find_element]  用时:0.010s  
20191203_16_35_17_212406_16840report.log 2019-12-03 16:36:34  loga.py  writeLog [line:134] INFO 行号:0    ERROR  [runTest]  用时:  测试用例脚本发生错误，请检查脚本代码：
20191203_16_35_17_212406_16840report.log 2019-12-03 16:36:34  loga.py  putSystemLog [line:74] INFO 脚本运行完毕...
20191203_16_35_17_212406_16840report.log 2019-12-03 16:36:34  loga.py  putSystemLog [line:74] INFO 开始运行脚本<class 'script.testCase.U8EX项目.公共.U8EX登出.EasyCase'>
20191203_16_35_17_212406_16840report.log 2019-12-03 16:36:34  loga.py  writeLog [line:134] INFO 行号:24   PASS   刷新页面[refresh]  用时:0.020s  
20191203_16_35_17_212406_16840report.log 2019-12-03 16:36:36  loga.py  writeLog [line:134] INFO 行号:26   PASS   查找元素[find_element]  用时:0.010s  
20191203_16_35_17_212406_16840report.log 2019-12-03 16:36:36  loga.py  writeLog [line:134] INFO 行号:26   PASS   左键单击[click]  用时:0.055s  
20191203_16_35_17_212406_16840report.log 2019-12-03 16:36:37  loga.py  writeLog [line:134] INFO 行号:27   PASS   查找元素[find_element]  用时:0.009s  
20191203_16_35_17_212406_16840report.log 2019-12-03 16:36:39  loga.py  writeLog [line:134] INFO 行号:27   PASS   左键单击[click]  用时:0.591s  
20191203_16_35_17_212406_16840report.log 2019-12-03 16:36:40  loga.py  putSystemLog [line:74] INFO 脚本运行完毕...
20191203_16_35_17_212406_16840report.log 2019-12-03 16:36:40  loga.py  writeLog [line:134] INFO 行号:0    PASS   关闭浏览器[quit]  用时:0.199s  
20191203_16_35_17_212406_16840report.log 2019-12-03 16:36:43  loga.py  putSystemLog [line:74] INFO 场景<1>结束.用时:86.054s.
20191203_16_35_17_212406_16840report.log 2019-12-03 16:36:43  loga.py  putSystemLog [line:74] INFO 场景统计结果：PASS: 74(98.67%),FAIL:  0(0.00%),ERROR:  1(1.33%),TRUE:  0,FALSE:  0

20191203_16_35_17_212406_16840report.log 2019-12-03 16:36:43  loga.py  putSystemLog [line:74] INFO ----------------------------------------
20191203_16_35_17_212406_16840report.log 2019-12-03 16:36:43  loga.py  putSystemLog [line:74] INFO End.
20191203_16_35_17_212406_16840report.log 2019-12-03 16:36:43  loga.py  putSystemLog [line:74] INFO 测试方案统计结果:
                    场景<1>:PASS: 74(98.67%),FAIL:  0(0.00%),ERROR:  1(1.33%),TRUE:  0,FALSE:  0
                    总   计:PASS: 74(98.67%),FAIL:  0(0.00%),ERROR:  1(1.33%),TRUE:  0,FALSE:  0

