20191203_10_00_26_623794_19024report.log 2019-12-03 10:00:26  loga.py  putSystemLog [line:74] INFO Start.
20191203_10_00_26_623794_19024report.log 2019-12-03 10:00:26  loga.py  putSystemLog [line:74] INFO 场景<1>开始.
20191203_10_00_26_623794_19024report.log 2019-12-03 10:00:30  loga.py  writeLog [line:134] INFO 行号:0    PASS   最大化浏览器窗口[maximize_window]  用时:1.133s  
20191203_10_00_26_623794_19024report.log 2019-12-03 10:00:31  loga.py  putSystemLog [line:74] INFO chrome浏览器启动成功.
20191203_10_00_26_623794_19024report.log 2019-12-03 10:00:31  loga.py  putSystemLog [line:74] INFO 开始加载脚本...
20191203_10_00_26_623794_19024report.log 2019-12-03 10:00:31  loga.py  putSystemLog [line:74] INFO 脚本<1>：U8EX登录 加载成功.脚本路径：script/testCase/U8EX项目/公共/U8EX登录
20191203_10_00_26_623794_19024report.log 2019-12-03 10:00:31  loga.py  putSystemLog [line:74] INFO 脚本<2>：劳动合同续签 加载成功.脚本路径：script/testCase/Y3me项目/人力资源/劳动合同/劳动合同续签
20191203_10_00_26_623794_19024report.log 2019-12-03 10:00:31  loga.py  putSystemLog [line:74] INFO 脚本<3>：审批中心_审批合同 加载成功.脚本路径：script/testCase/Y3me项目/人力资源/劳动合同/审批中心_审批合同
20191203_10_00_26_623794_19024report.log 2019-12-03 10:00:31  loga.py  putSystemLog [line:74] INFO 脚本<4>：U8EX登出 加载成功.脚本路径：script/testCase/U8EX项目/公共/U8EX登出
20191203_10_00_26_623794_19024report.log 2019-12-03 10:00:31  loga.py  putSystemLog [line:74] INFO 脚本加载完成...
20191203_10_00_26_623794_19024report.log 2019-12-03 10:00:31  loga.py  putSystemLog [line:74] INFO 开始运行脚本<class 'script.testCase.U8EX项目.公共.U8EX登录.EasyCase'>
20191203_10_00_26_623794_19024report.log 2019-12-03 10:00:32  loga.py  writeLog [line:134] INFO 行号:27   PASS   访问页面[get]  用时:1.365s  
20191203_10_00_26_623794_19024report.log 2019-12-03 10:00:33  loga.py  writeLog [line:134] INFO 行号:29   PASS   查找元素[find_element]  用时:0.014s  
20191203_10_00_26_623794_19024report.log 2019-12-03 10:00:34  loga.py  writeLog [line:134] INFO 行号:30   PASS   查找元素[find_element]  用时:0.007s  
20191203_10_00_26_623794_19024report.log 2019-12-03 10:00:34  loga.py  writeLog [line:134] INFO 行号:30   PASS   左键单击[click]  用时:0.046s  
20191203_10_00_26_623794_19024report.log 2019-12-03 10:00:35  loga.py  writeLog [line:134] INFO 行号:34   PASS   查找元素[find_element]  用时:0.010s  
20191203_10_00_26_623794_19024report.log 2019-12-03 10:00:36  loga.py  writeLog [line:134] INFO 行号:35   PASS   查找元素[find_element]  用时:0.010s  
20191203_10_00_26_623794_19024report.log 2019-12-03 10:00:37  loga.py  writeLog [line:134] INFO 行号:36   PASS   切换到表单[frame]  用时:0.042s  
20191203_10_00_26_623794_19024report.log 2019-12-03 10:00:39  loga.py  writeLog [line:134] INFO 行号:39   PASS   查找元素[find_element]  用时:0.033s  
20191203_10_00_26_623794_19024report.log 2019-12-03 10:00:39  loga.py  writeLog [line:134] INFO 行号:40   PASS   查找元素[find_element]  用时:0.007s  
20191203_10_00_26_623794_19024report.log 2019-12-03 10:00:40  loga.py  writeLog [line:134] INFO 行号:40   PASS   清除文本[clear]  用时:0.047s  
20191203_10_00_26_623794_19024report.log 2019-12-03 10:00:41  loga.py  writeLog [line:134] INFO 行号:41   PASS   查找元素[find_element]  用时:0.019s  
20191203_10_00_26_623794_19024report.log 2019-12-03 10:00:41  loga.py  writeLog [line:134] INFO 行号:41   PASS   模拟输入[send_keys]  用时:0.109s  
20191203_10_00_26_623794_19024report.log 2019-12-03 10:00:42  loga.py  writeLog [line:134] INFO 行号:42   PASS   查找元素[find_element]  用时:0.013s  
20191203_10_00_26_623794_19024report.log 2019-12-03 10:00:43  loga.py  writeLog [line:134] INFO 行号:42   PASS   清除文本[clear]  用时:0.027s  
20191203_10_00_26_623794_19024report.log 2019-12-03 10:00:44  loga.py  writeLog [line:134] INFO 行号:43   PASS   查找元素[find_element]  用时:0.023s  
20191203_10_00_26_623794_19024report.log 2019-12-03 10:00:44  loga.py  writeLog [line:134] INFO 行号:43   PASS   模拟输入[send_keys]  用时:0.102s  
20191203_10_00_26_623794_19024report.log 2019-12-03 10:00:45  loga.py  writeLog [line:134] INFO 行号:45   PASS   查找元素[find_element]  用时:0.026s  
20191203_10_00_26_623794_19024report.log 2019-12-03 10:00:46  loga.py  writeLog [line:134] INFO 行号:46   PASS   查找元素[find_element]  用时:0.011s  
20191203_10_00_26_623794_19024report.log 2019-12-03 10:00:47  loga.py  writeLog [line:134] INFO 行号:46   PASS   左键单击[click]  用时:0.124s  
20191203_10_00_26_623794_19024report.log 2019-12-03 10:00:48  loga.py  writeLog [line:134] INFO 行号:52   PASS   查找元素[find_element]  用时:0.013s  
20191203_10_00_26_623794_19024report.log 2019-12-03 10:00:48  loga.py  writeLog [line:134] INFO 行号:53   PASS   查找元素[find_element]  用时:0.006s  
20191203_10_00_26_623794_19024report.log 2019-12-03 10:00:49  loga.py  writeLog [line:134] INFO 行号:53   PASS   左键单击[click]  用时:0.108s  
20191203_10_00_26_623794_19024report.log 2019-12-03 10:00:50  loga.py  writeLog [line:134] INFO 行号:54   PASS   查找元素[find_element]  用时:0.036s  
20191203_10_00_26_623794_19024report.log 2019-12-03 10:00:50  loga.py  writeLog [line:134] INFO 行号:54   PASS   左键单击[click]  用时:0.107s  
20191203_10_00_26_623794_19024report.log 2019-12-03 10:00:51  loga.py  writeLog [line:134] INFO 行号:56   PASS   查找元素[find_element]  用时:0.016s  
20191203_10_00_26_623794_19024report.log 2019-12-03 10:00:52  loga.py  writeLog [line:134] INFO 行号:56   PASS   左键单击[click]  用时:0.402s  
20191203_10_00_26_623794_19024report.log 2019-12-03 10:00:53  loga.py  putSystemLog [line:74] INFO 脚本运行完毕...
20191203_10_00_26_623794_19024report.log 2019-12-03 10:00:53  loga.py  putSystemLog [line:74] INFO 开始运行脚本<class 'script.testCase.Y3me项目.人力资源.劳动合同.劳动合同续签.EasyCase'>
20191203_10_00_26_623794_19024report.log 2019-12-03 10:00:54  loga.py  writeLog [line:134] INFO 行号:25   PASS   刷新页面[refresh]  用时:0.267s  
20191203_10_00_26_623794_19024report.log 2019-12-03 10:00:55  loga.py  writeLog [line:134] INFO 行号:31   PASS   查找元素[find_element]  用时:0.019s  
20191203_10_00_26_623794_19024report.log 2019-12-03 10:00:55  loga.py  writeLog [line:134] INFO 行号:31   PASS   左键单击[click]  用时:0.072s  
20191203_10_00_26_623794_19024report.log 2019-12-03 10:00:58  loga.py  writeLog [line:134] INFO 行号:34   PASS   查找元素[find_element]  用时:0.019s  
20191203_10_00_26_623794_19024report.log 2019-12-03 10:00:59  loga.py  writeLog [line:134] INFO 行号:34   PASS   左键单击[click]  用时:0.074s  
20191203_10_00_26_623794_19024report.log 2019-12-03 10:01:02  loga.py  writeLog [line:134] INFO 行号:37   PASS   查找元素[find_element]  用时:0.015s  
20191203_10_00_26_623794_19024report.log 2019-12-03 10:01:05  loga.py  writeLog [line:134] INFO 行号:44   PASS   查找元素[find_element]  用时:0.009s  
20191203_10_00_26_623794_19024report.log 2019-12-03 10:01:06  loga.py  writeLog [line:134] INFO 行号:44   PASS   左键单击[click]  用时:0.054s  
20191203_10_00_26_623794_19024report.log 2019-12-03 10:01:09  loga.py  writeLog [line:134] INFO 行号:48   PASS   查找元素[find_element]  用时:0.011s  
20191203_10_00_26_623794_19024report.log 2019-12-03 10:01:10  loga.py  writeLog [line:134] INFO 行号:50   PASS   切换到表单[frame]  用时:0.023s  
20191203_10_00_26_623794_19024report.log 2019-12-03 10:01:13  loga.py  writeLog [line:134] INFO 行号:54   PASS   查找元素[find_element]  用时:0.017s  
20191203_10_00_26_623794_19024report.log 2019-12-03 10:01:13  loga.py  writeLog [line:134] INFO 行号:54   PASS   左键单击[click]  用时:0.082s  
20191203_10_00_26_623794_19024report.log 2019-12-03 10:01:16  loga.py  writeLog [line:134] INFO 行号:57   PASS   查找元素[find_element]  用时:0.009s  
20191203_10_00_26_623794_19024report.log 2019-12-03 10:01:17  loga.py  writeLog [line:134] INFO 行号:57   ERROR  模拟输入[send_keys]  用时:0.006s  [decorator.elementAction_dec]:object of type 'NoneType' has no len()
20191203_10_00_26_623794_19024report.log 2019-12-03 10:01:20  loga.py  writeLog [line:134] INFO 行号:61   PASS   查找元素[find_element]  用时:0.014s  
20191203_10_00_26_623794_19024report.log 2019-12-03 10:01:20  loga.py  writeLog [line:134] INFO 行号:61   PASS   模拟输入[send_keys]  用时:0.105s  
20191203_10_00_26_623794_19024report.log 2019-12-03 10:01:21  loga.py  writeLog [line:134] INFO 行号:62   PASS   查找元素[find_element]  用时:0.017s  
20191203_10_00_26_623794_19024report.log 2019-12-03 10:01:22  loga.py  writeLog [line:134] INFO 行号:62   PASS   左键单击[click]  用时:0.084s  
20191203_10_00_26_623794_19024report.log 2019-12-03 10:01:24  loga.py  writeLog [line:134] INFO 行号:66   PASS   查找元素[find_element]  用时:0.016s  
20191203_10_00_26_623794_19024report.log 2019-12-03 10:01:25  loga.py  writeLog [line:134] INFO 行号:66   PASS   左键单击[click]  用时:0.639s  
20191203_10_00_26_623794_19024report.log 2019-12-03 10:01:26  loga.py  writeLog [line:134] INFO 行号:69   PASS   查找元素[find_element]  用时:0.226s  
20191203_10_00_26_623794_19024report.log 2019-12-03 10:01:27  loga.py  writeLog [line:134] INFO 行号:69   PASS   左键单击[click]  用时:0.080s  
20191203_10_00_26_623794_19024report.log 2019-12-03 10:01:28  loga.py  writeLog [line:134] INFO 行号:70   PASS   查找元素[find_element]  用时:0.018s  
20191203_10_00_26_623794_19024report.log 2019-12-03 10:01:28  loga.py  writeLog [line:134] INFO 行号:70   PASS   左键单击[click]  用时:0.092s  
20191203_10_00_26_623794_19024report.log 2019-12-03 10:01:30  loga.py  writeLog [line:134] INFO 行号:72   PASS   查找元素[find_element]  用时:0.012s  
20191203_10_00_26_623794_19024report.log 2019-12-03 10:01:31  loga.py  writeLog [line:134] INFO 行号:72   PASS   左键单击[click]  用时:0.070s  
20191203_10_00_26_623794_19024report.log 2019-12-03 10:01:32  loga.py  writeLog [line:134] INFO 行号:74   PASS   查找元素[find_element]  用时:0.014s  
20191203_10_00_26_623794_19024report.log 2019-12-03 10:01:33  loga.py  writeLog [line:134] INFO 行号:74   PASS   左键单击[click]  用时:0.094s  
20191203_10_00_26_623794_19024report.log 2019-12-03 10:01:34  loga.py  writeLog [line:134] INFO 行号:77   PASS   查找元素[find_element]  用时:0.018s  
20191203_10_00_26_623794_19024report.log 2019-12-03 10:01:35  loga.py  writeLog [line:134] INFO 行号:77   PASS   左键单击[click]  用时:0.089s  
20191203_10_00_26_623794_19024report.log 2019-12-03 10:01:36  loga.py  writeLog [line:134] INFO 行号:80   PASS   查找元素[find_element]  用时:0.018s  
20191203_10_00_26_623794_19024report.log 2019-12-03 10:01:36  loga.py  writeLog [line:134] INFO 行号:80   PASS   左键单击[click]  用时:0.061s  
20191203_10_00_26_623794_19024report.log 2019-12-03 10:01:37  loga.py  writeLog [line:134] INFO 行号:81   PASS   查找元素[find_element]  用时:0.017s  
20191203_10_00_26_623794_19024report.log 2019-12-03 10:01:38  loga.py  writeLog [line:134] INFO 行号:81   PASS   左键单击[click]  用时:0.066s  
20191203_10_00_26_623794_19024report.log 2019-12-03 10:02:09  loga.py  writeLog [line:134] INFO 行号:83   FAIL   查找元素[find_element]  用时:30.043s  参数:{'list': '', 'dict': {'xpath': '//*[@id="edit_20180621192735yOPB73tQ1J"]/div/div/div[1]/div/div/div[2]/div[12]'}} 页面中没有该元素.NoSuchElementException
20191203_10_00_26_623794_19024report.log 2019-12-03 10:02:10  loga.py  writeLog [line:134] INFO 行号:83   ERROR  左键单击[click]  用时:0.000s  由于未找到元素，操作失败
20191203_10_00_26_623794_19024report.log 2019-12-03 10:02:41  loga.py  writeLog [line:134] INFO 行号:85   FAIL   查找元素[find_element]  用时:30.030s  参数:{'list': '', 'dict': {'xpath': '//*[@id="edit_20180621192735yOPB73tQ1J"]/div/div/div[1]/div/div/div[2]/div[12]'}} 页面中没有该元素.NoSuchElementException
20191203_10_00_26_623794_19024report.log 2019-12-03 10:02:42  loga.py  writeLog [line:134] INFO 行号:85   ERROR  左键单击[click]  用时:0.000s  由于未找到元素，操作失败
20191203_10_00_26_623794_19024report.log 2019-12-03 10:03:14  loga.py  writeLog [line:134] INFO 行号:88   FAIL   查找元素[find_element]  用时:30.046s  参数:{'list': '', 'dict': {'xpath': '//*[@id="edit_20180621192744bUtHIJSxgW"]//div[@class="u-date-panel is-visible"]//div[@class="u-date-cell current"]'}} 页面中没有该元素.NoSuchElementException
20191203_10_00_26_623794_19024report.log 2019-12-03 10:03:14  loga.py  writeLog [line:134] INFO 行号:88   ERROR  左键单击[click]  用时:0.000s  由于未找到元素，操作失败
20191203_10_00_26_623794_19024report.log 2019-12-03 10:03:15  loga.py  writeLog [line:134] INFO 行号:91   PASS   查找元素[find_element]  用时:0.010s  
20191203_10_00_26_623794_19024report.log 2019-12-03 10:03:16  loga.py  writeLog [line:134] INFO 行号:91   PASS   模拟输入[send_keys]  用时:0.081s  
20191203_10_00_26_623794_19024report.log 2019-12-03 10:03:17  loga.py  writeLog [line:134] INFO 行号:94   PASS   查找元素[find_element]  用时:0.016s  
20191203_10_00_26_623794_19024report.log 2019-12-03 10:03:17  loga.py  writeLog [line:134] INFO 行号:94   PASS   左键单击[click]  用时:0.165s  
20191203_10_00_26_623794_19024report.log 2019-12-03 10:03:18  loga.py  writeLog [line:134] INFO 行号:98   PASS   查找元素[find_element]  用时:0.022s  
