20191203_18_08_28_185129_7184report.log 2019-12-03 18:08:28  loga.py  putSystemLog [line:74] INFO Start.
20191203_18_08_28_185129_7184report.log 2019-12-03 18:08:28  loga.py  putSystemLog [line:74] INFO 场景<1>开始.
20191203_18_08_28_185129_7184report.log 2019-12-03 18:08:32  loga.py  writeLog [line:134] INFO 行号:0    PASS   最大化浏览器窗口[maximize_window]  用时:1.126s  
20191203_18_08_28_185129_7184report.log 2019-12-03 18:08:33  loga.py  putSystemLog [line:74] INFO chrome浏览器启动成功.
20191203_18_08_28_185129_7184report.log 2019-12-03 18:08:33  loga.py  putSystemLog [line:74] INFO 开始加载脚本...
20191203_18_08_28_185129_7184report.log 2019-12-03 18:08:33  loga.py  putSystemLog [line:74] INFO 脚本<1>：U8EX登录 加载成功.脚本路径：script/testCase/U8EX项目/公共/U8EX登录
20191203_18_08_28_185129_7184report.log 2019-12-03 18:08:33  loga.py  putSystemLog [line:74] INFO 脚本<2>：入离职交接项配置 加载成功.脚本路径：script/testCase/Y3me项目/数字化建模/人力基础/入离职交接项配置
20191203_18_08_28_185129_7184report.log 2019-12-03 18:08:33  loga.py  putSystemLog [line:74] INFO 脚本<3>：U8EX登出 加载成功.脚本路径：script/testCase/U8EX项目/公共/U8EX登出
20191203_18_08_28_185129_7184report.log 2019-12-03 18:08:33  loga.py  putSystemLog [line:74] INFO 脚本加载完成...
20191203_18_08_28_185129_7184report.log 2019-12-03 18:08:33  loga.py  putSystemLog [line:74] INFO 开始运行脚本<class 'script.testCase.U8EX项目.公共.U8EX登录.EasyCase'>
20191203_18_08_28_185129_7184report.log 2019-12-03 18:08:34  loga.py  writeLog [line:134] INFO 行号:27   PASS   访问页面[get]  用时:1.080s  
20191203_18_08_28_185129_7184report.log 2019-12-03 18:08:35  loga.py  writeLog [line:134] INFO 行号:29   PASS   查找元素[find_element]  用时:0.011s  
20191203_18_08_28_185129_7184report.log 2019-12-03 18:08:35  loga.py  writeLog [line:134] INFO 行号:30   PASS   查找元素[find_element]  用时:0.007s  
20191203_18_08_28_185129_7184report.log 2019-12-03 18:08:36  loga.py  writeLog [line:134] INFO 行号:30   PASS   左键单击[click]  用时:0.040s  
20191203_18_08_28_185129_7184report.log 2019-12-03 18:08:37  loga.py  writeLog [line:134] INFO 行号:34   PASS   查找元素[find_element]  用时:0.012s  
20191203_18_08_28_185129_7184report.log 2019-12-03 18:08:37  loga.py  writeLog [line:134] INFO 行号:35   PASS   查找元素[find_element]  用时:0.007s  
20191203_18_08_28_185129_7184report.log 2019-12-03 18:08:38  loga.py  writeLog [line:134] INFO 行号:36   PASS   切换到表单[frame]  用时:0.017s  
20191203_18_08_28_185129_7184report.log 2019-12-03 18:08:40  loga.py  writeLog [line:134] INFO 行号:39   PASS   查找元素[find_element]  用时:0.009s  
20191203_18_08_28_185129_7184report.log 2019-12-03 18:08:40  loga.py  writeLog [line:134] INFO 行号:40   PASS   查找元素[find_element]  用时:0.006s  
20191203_18_08_28_185129_7184report.log 2019-12-03 18:08:41  loga.py  writeLog [line:134] INFO 行号:40   PASS   清除文本[clear]  用时:0.017s  
20191203_18_08_28_185129_7184report.log 2019-12-03 18:08:42  loga.py  writeLog [line:134] INFO 行号:41   PASS   查找元素[find_element]  用时:0.017s  
20191203_18_08_28_185129_7184report.log 2019-12-03 18:08:42  loga.py  writeLog [line:134] INFO 行号:41   PASS   模拟输入[send_keys]  用时:0.082s  
20191203_18_08_28_185129_7184report.log 2019-12-03 18:08:43  loga.py  writeLog [line:134] INFO 行号:42   PASS   查找元素[find_element]  用时:0.020s  
20191203_18_08_28_185129_7184report.log 2019-12-03 18:08:44  loga.py  writeLog [line:134] INFO 行号:42   PASS   清除文本[clear]  用时:0.018s  
20191203_18_08_28_185129_7184report.log 2019-12-03 18:08:45  loga.py  writeLog [line:134] INFO 行号:43   PASS   查找元素[find_element]  用时:0.006s  
20191203_18_08_28_185129_7184report.log 2019-12-03 18:08:45  loga.py  writeLog [line:134] INFO 行号:43   PASS   模拟输入[send_keys]  用时:0.068s  
20191203_18_08_28_185129_7184report.log 2019-12-03 18:08:46  loga.py  writeLog [line:134] INFO 行号:45   PASS   查找元素[find_element]  用时:0.009s  
20191203_18_08_28_185129_7184report.log 2019-12-03 18:08:47  loga.py  writeLog [line:134] INFO 行号:46   PASS   查找元素[find_element]  用时:0.006s  
20191203_18_08_28_185129_7184report.log 2019-12-03 18:08:48  loga.py  writeLog [line:134] INFO 行号:46   PASS   左键单击[click]  用时:0.084s  
20191203_18_08_28_185129_7184report.log 2019-12-03 18:08:49  loga.py  writeLog [line:134] INFO 行号:52   PASS   查找元素[find_element]  用时:0.012s  
20191203_18_08_28_185129_7184report.log 2019-12-03 18:08:49  loga.py  writeLog [line:134] INFO 行号:53   PASS   查找元素[find_element]  用时:0.013s  
20191203_18_08_28_185129_7184report.log 2019-12-03 18:08:50  loga.py  writeLog [line:134] INFO 行号:53   PASS   左键单击[click]  用时:0.073s  
20191203_18_08_28_185129_7184report.log 2019-12-03 18:08:51  loga.py  writeLog [line:134] INFO 行号:54   PASS   查找元素[find_element]  用时:0.011s  
20191203_18_08_28_185129_7184report.log 2019-12-03 18:08:51  loga.py  writeLog [line:134] INFO 行号:54   PASS   左键单击[click]  用时:0.082s  
20191203_18_08_28_185129_7184report.log 2019-12-03 18:08:52  loga.py  writeLog [line:134] INFO 行号:56   PASS   查找元素[find_element]  用时:0.016s  
20191203_18_08_28_185129_7184report.log 2019-12-03 18:08:53  loga.py  writeLog [line:134] INFO 行号:56   PASS   左键单击[click]  用时:0.407s  
20191203_18_08_28_185129_7184report.log 2019-12-03 18:08:54  loga.py  putSystemLog [line:74] INFO 脚本运行完毕...
20191203_18_08_28_185129_7184report.log 2019-12-03 18:08:54  loga.py  putSystemLog [line:74] INFO 开始运行脚本<class 'script.testCase.Y3me项目.数字化建模.人力基础.入离职交接项配置.EasyCase'>
20191203_18_08_28_185129_7184report.log 2019-12-03 18:08:54  loga.py  writeLog [line:134] INFO 行号:22   PASS   刷新页面[refresh]  用时:0.007s  
20191203_18_08_28_185129_7184report.log 2019-12-03 18:08:55  loga.py  writeLog [line:134] INFO 行号:24   PASS   查找元素[find_element]  用时:0.012s  
20191203_18_08_28_185129_7184report.log 2019-12-03 18:08:56  loga.py  writeLog [line:134] INFO 行号:24   PASS   左键单击[click]  用时:0.057s  
20191203_18_08_28_185129_7184report.log 2019-12-03 18:08:58  loga.py  writeLog [line:134] INFO 行号:27   PASS   查找元素[find_element]  用时:0.012s  
20191203_18_08_28_185129_7184report.log 2019-12-03 18:08:58  loga.py  writeLog [line:134] INFO 行号:27   PASS   左键单击[click]  用时:0.061s  
20191203_18_08_28_185129_7184report.log 2019-12-03 18:09:00  loga.py  writeLog [line:134] INFO 行号:30   PASS   查找元素[find_element]  用时:0.031s  
20191203_18_08_28_185129_7184report.log 2019-12-03 18:09:03  loga.py  writeLog [line:134] INFO 行号:37   PASS   查找元素[find_element]  用时:0.009s  
20191203_18_08_28_185129_7184report.log 2019-12-03 18:09:08  loga.py  writeLog [line:134] INFO 行号:44   PASS   查找元素[find_element]  用时:0.313s  
20191203_18_08_28_185129_7184report.log 2019-12-03 18:09:10  loga.py  writeLog [line:134] INFO 行号:47   PASS   查找元素[find_element]  用时:0.018s  
20191203_18_08_28_185129_7184report.log 2019-12-03 18:09:11  loga.py  writeLog [line:134] INFO 行号:48   PASS   切换到表单[frame]  用时:0.015s  
20191203_18_08_28_185129_7184report.log 2019-12-03 18:09:12  loga.py  writeLog [line:134] INFO 行号:51   PASS   查找元素[find_element]  用时:0.011s  
20191203_18_08_28_185129_7184report.log 2019-12-03 18:09:13  loga.py  writeLog [line:134] INFO 行号:51   PASS   左键单击[click]  用时:0.077s  
20191203_18_08_28_185129_7184report.log 2019-12-03 18:09:16  loga.py  writeLog [line:134] INFO 行号:54   PASS   查找元素[find_element]  用时:0.011s  
20191203_18_08_28_185129_7184report.log 2019-12-03 18:09:16  loga.py  writeLog [line:134] INFO 行号:54   PASS   左键单击[click]  用时:0.097s  
20191203_18_08_28_185129_7184report.log 2019-12-03 18:09:18  loga.py  writeLog [line:134] INFO 行号:57   PASS   查找元素[find_element]  用时:0.009s  
20191203_18_08_28_185129_7184report.log 2019-12-03 18:09:18  loga.py  writeLog [line:134] INFO 行号:57   PASS   左键单击[click]  用时:0.086s  
20191203_18_08_28_185129_7184report.log 2019-12-03 18:09:22  loga.py  writeLog [line:134] INFO 行号:59   PASS   查找元素[find_element]  用时:2.403s  
20191203_18_08_28_185129_7184report.log 2019-12-03 18:09:23  loga.py  writeLog [line:134] INFO 行号:59   PASS   左键单击[click]  用时:0.057s  
20191203_18_08_28_185129_7184report.log 2019-12-03 18:09:24  loga.py  writeLog [line:134] INFO 行号:61   PASS   查找元素[find_element]  用时:0.010s  
20191203_18_08_28_185129_7184report.log 2019-12-03 18:09:24  loga.py  writeLog [line:134] INFO 行号:61   PASS   左键单击[click]  用时:0.067s  
20191203_18_08_28_185129_7184report.log 2019-12-03 18:09:25  loga.py  writeLog [line:134] INFO 行号:64   PASS   查找元素[find_element]  用时:0.010s  
20191203_18_08_28_185129_7184report.log 2019-12-03 18:09:26  loga.py  writeLog [line:134] INFO 行号:64   PASS   左键单击[click]  用时:0.107s  
20191203_18_08_28_185129_7184report.log 2019-12-03 18:09:27  loga.py  writeLog [line:134] INFO 行号:67   PASS   查找元素[find_element]  用时:0.009s  
20191203_18_08_28_185129_7184report.log 2019-12-03 18:09:27  loga.py  writeLog [line:134] INFO 行号:67   PASS   左键单击[click]  用时:0.055s  
20191203_18_08_28_185129_7184report.log 2019-12-03 18:09:28  loga.py  writeLog [line:134] INFO 行号:70   PASS   查找元素[find_element]  用时:0.008s  
20191203_18_08_28_185129_7184report.log 2019-12-03 18:09:29  loga.py  writeLog [line:134] INFO 行号:70   PASS   左键单击[click]  用时:0.093s  
20191203_18_08_28_185129_7184report.log 2019-12-03 18:09:30  loga.py  writeLog [line:134] INFO 行号:74   PASS   查找元素[find_element]  用时:0.010s  
20191203_18_08_28_185129_7184report.log 2019-12-03 18:09:31  loga.py  writeLog [line:134] INFO 行号:74   PASS   左键单击[click]  用时:0.082s  
20191203_18_08_28_185129_7184report.log 2019-12-03 18:09:32  loga.py  writeLog [line:134] INFO 行号:77   PASS   查找元素[find_element]  用时:0.007s  
20191203_18_08_28_185129_7184report.log 2019-12-03 18:09:32  loga.py  writeLog [line:134] INFO 行号:77   PASS   左键单击[click]  用时:0.050s  
20191203_18_08_28_185129_7184report.log 2019-12-03 18:09:33  loga.py  writeLog [line:134] INFO 行号:80   PASS   查找元素[find_element]  用时:0.007s  
20191203_18_08_28_185129_7184report.log 2019-12-03 18:09:34  loga.py  writeLog [line:134] INFO 行号:80   PASS   左键单击[click]  用时:0.052s  
20191203_18_08_28_185129_7184report.log 2019-12-03 18:09:35  loga.py  writeLog [line:134] INFO 行号:84   PASS   查找元素[find_element]  用时:0.025s  
20191203_18_08_28_185129_7184report.log 2019-12-03 18:09:35  loga.py  writeLog [line:134] INFO 行号:84   PASS   左键单击[click]  用时:0.087s  
20191203_18_08_28_185129_7184report.log 2019-12-03 18:09:36  loga.py  writeLog [line:134] INFO 行号:87   PASS   查找元素[find_element]  用时:0.007s  
20191203_18_08_28_185129_7184report.log 2019-12-03 18:09:37  loga.py  writeLog [line:134] INFO 行号:87   PASS   左键单击[click]  用时:0.050s  
20191203_18_08_28_185129_7184report.log 2019-12-03 18:09:38  loga.py  writeLog [line:134] INFO 行号:90   PASS   查找元素[find_element]  用时:0.008s  
20191203_18_08_28_185129_7184report.log 2019-12-03 18:09:39  loga.py  writeLog [line:134] INFO 行号:90   PASS   左键单击[click]  用时:0.102s  
20191203_18_08_28_185129_7184report.log 2019-12-03 18:09:40  loga.py  writeLog [line:134] INFO 行号:92   PASS   查找元素[find_element]  用时:0.010s  
20191203_18_08_28_185129_7184report.log 2019-12-03 18:09:40  loga.py  writeLog [line:134] INFO 行号:92   PASS   左键单击[click]  用时:0.070s  
20191203_18_08_28_185129_7184report.log 2019-12-03 18:09:41  loga.py  writeLog [line:134] INFO 行号:93   PASS   查找元素[find_element]  用时:0.008s  
20191203_18_08_28_185129_7184report.log 2019-12-03 18:09:42  loga.py  writeLog [line:134] INFO 行号:93   PASS   模拟输入[send_keys]  用时:0.061s  
20191203_18_08_28_185129_7184report.log 2019-12-03 18:09:43  loga.py  writeLog [line:134] INFO 行号:94   PASS   查找元素[find_element]  用时:0.007s  
20191203_18_08_28_185129_7184report.log 2019-12-03 18:09:43  loga.py  writeLog [line:134] INFO 行号:94   PASS   模拟输入[send_keys]  用时:0.023s  
20191203_18_08_28_185129_7184report.log 2019-12-03 18:09:45  loga.py  writeLog [line:134] INFO 行号:117  PASS   查找元素[find_element]  用时:0.009s  
20191203_18_08_28_185129_7184report.log 2019-12-03 18:09:46  loga.py  writeLog [line:134] INFO 行号:117  PASS   左键单击[click]  用时:0.075s  
