20191203_09_57_06_982889_2756report.log 2019-12-03 09:57:06  loga.py  putSystemLog [line:74] INFO Start.
20191203_09_57_06_982889_2756report.log 2019-12-03 09:57:07  loga.py  putSystemLog [line:74] INFO 场景<1>开始.
20191203_09_57_06_982889_2756report.log 2019-12-03 09:57:11  loga.py  writeLog [line:134] INFO 行号:0    PASS   最大化浏览器窗口[maximize_window]  用时:1.125s  
20191203_09_57_06_982889_2756report.log 2019-12-03 09:57:12  loga.py  putSystemLog [line:74] INFO chrome浏览器启动成功.
20191203_09_57_06_982889_2756report.log 2019-12-03 09:57:12  loga.py  putSystemLog [line:74] INFO 开始加载脚本...
20191203_09_57_06_982889_2756report.log 2019-12-03 09:57:12  loga.py  putSystemLog [line:74] INFO 脚本<1>：U8EX登录 加载成功.脚本路径：script/testCase/U8EX项目/公共/U8EX登录
20191203_09_57_06_982889_2756report.log 2019-12-03 09:57:12  loga.py  putSystemLog [line:74] INFO 脚本<2>：劳动合同续签 加载成功.脚本路径：script/testCase/Y3me项目/人力资源/劳动合同/劳动合同续签
20191203_09_57_06_982889_2756report.log 2019-12-03 09:57:12  loga.py  putSystemLog [line:74] INFO 脚本<3>：审批中心_审批合同 加载成功.脚本路径：script/testCase/Y3me项目/人力资源/劳动合同/审批中心_审批合同
20191203_09_57_06_982889_2756report.log 2019-12-03 09:57:12  loga.py  putSystemLog [line:74] INFO 脚本<4>：U8EX登出 加载成功.脚本路径：script/testCase/U8EX项目/公共/U8EX登出
20191203_09_57_06_982889_2756report.log 2019-12-03 09:57:12  loga.py  putSystemLog [line:74] INFO 脚本加载完成...
20191203_09_57_06_982889_2756report.log 2019-12-03 09:57:12  loga.py  putSystemLog [line:74] INFO 开始运行脚本<class 'script.testCase.U8EX项目.公共.U8EX登录.EasyCase'>
20191203_09_57_06_982889_2756report.log 2019-12-03 09:57:13  loga.py  writeLog [line:134] INFO 行号:27   PASS   访问页面[get]  用时:1.043s  
20191203_09_57_06_982889_2756report.log 2019-12-03 09:57:14  loga.py  writeLog [line:134] INFO 行号:29   PASS   查找元素[find_element]  用时:0.011s  
20191203_09_57_06_982889_2756report.log 2019-12-03 09:57:14  loga.py  writeLog [line:134] INFO 行号:30   PASS   查找元素[find_element]  用时:0.006s  
20191203_09_57_06_982889_2756report.log 2019-12-03 09:57:15  loga.py  writeLog [line:134] INFO 行号:30   PASS   左键单击[click]  用时:0.061s  
20191203_09_57_06_982889_2756report.log 2019-12-03 09:57:16  loga.py  writeLog [line:134] INFO 行号:34   PASS   查找元素[find_element]  用时:0.011s  
20191203_09_57_06_982889_2756report.log 2019-12-03 09:57:16  loga.py  writeLog [line:134] INFO 行号:35   PASS   查找元素[find_element]  用时:0.007s  
20191203_09_57_06_982889_2756report.log 2019-12-03 09:57:17  loga.py  writeLog [line:134] INFO 行号:36   PASS   切换到表单[frame]  用时:0.016s  
20191203_09_57_06_982889_2756report.log 2019-12-03 09:57:19  loga.py  writeLog [line:134] INFO 行号:39   PASS   查找元素[find_element]  用时:0.010s  
20191203_09_57_06_982889_2756report.log 2019-12-03 09:57:19  loga.py  writeLog [line:134] INFO 行号:40   PASS   查找元素[find_element]  用时:0.006s  
20191203_09_57_06_982889_2756report.log 2019-12-03 09:57:20  loga.py  writeLog [line:134] INFO 行号:40   PASS   清除文本[clear]  用时:0.057s  
20191203_09_57_06_982889_2756report.log 2019-12-03 09:57:21  loga.py  writeLog [line:134] INFO 行号:41   PASS   查找元素[find_element]  用时:0.018s  
20191203_09_57_06_982889_2756report.log 2019-12-03 09:57:22  loga.py  writeLog [line:134] INFO 行号:41   PASS   模拟输入[send_keys]  用时:0.129s  
20191203_09_57_06_982889_2756report.log 2019-12-03 09:57:23  loga.py  writeLog [line:134] INFO 行号:42   PASS   查找元素[find_element]  用时:0.011s  
20191203_09_57_06_982889_2756report.log 2019-12-03 09:57:23  loga.py  writeLog [line:134] INFO 行号:42   PASS   清除文本[clear]  用时:0.020s  
20191203_09_57_06_982889_2756report.log 2019-12-03 09:57:24  loga.py  writeLog [line:134] INFO 行号:43   PASS   查找元素[find_element]  用时:0.024s  
20191203_09_57_06_982889_2756report.log 2019-12-03 09:57:25  loga.py  writeLog [line:134] INFO 行号:43   PASS   模拟输入[send_keys]  用时:0.093s  
20191203_09_57_06_982889_2756report.log 2019-12-03 09:57:26  loga.py  writeLog [line:134] INFO 行号:45   PASS   查找元素[find_element]  用时:0.030s  
20191203_09_57_06_982889_2756report.log 2019-12-03 09:57:26  loga.py  writeLog [line:134] INFO 行号:46   PASS   查找元素[find_element]  用时:0.010s  
20191203_09_57_06_982889_2756report.log 2019-12-03 09:57:27  loga.py  writeLog [line:134] INFO 行号:46   PASS   左键单击[click]  用时:0.095s  
20191203_09_57_06_982889_2756report.log 2019-12-03 09:57:28  loga.py  writeLog [line:134] INFO 行号:52   PASS   查找元素[find_element]  用时:0.088s  
20191203_09_57_06_982889_2756report.log 2019-12-03 09:57:29  loga.py  writeLog [line:134] INFO 行号:53   PASS   查找元素[find_element]  用时:0.011s  
20191203_09_57_06_982889_2756report.log 2019-12-03 09:57:29  loga.py  writeLog [line:134] INFO 行号:53   PASS   左键单击[click]  用时:0.082s  
20191203_09_57_06_982889_2756report.log 2019-12-03 09:57:30  loga.py  writeLog [line:134] INFO 行号:54   PASS   查找元素[find_element]  用时:0.011s  
20191203_09_57_06_982889_2756report.log 2019-12-03 09:57:31  loga.py  writeLog [line:134] INFO 行号:54   PASS   左键单击[click]  用时:0.094s  
20191203_09_57_06_982889_2756report.log 2019-12-03 09:57:32  loga.py  writeLog [line:134] INFO 行号:56   PASS   查找元素[find_element]  用时:0.015s  
20191203_09_57_06_982889_2756report.log 2019-12-03 09:57:33  loga.py  writeLog [line:134] INFO 行号:56   PASS   左键单击[click]  用时:0.544s  
20191203_09_57_06_982889_2756report.log 2019-12-03 09:57:34  loga.py  putSystemLog [line:74] INFO 脚本运行完毕...
20191203_09_57_06_982889_2756report.log 2019-12-03 09:57:34  loga.py  putSystemLog [line:74] INFO 开始运行脚本<class 'script.testCase.Y3me项目.人力资源.劳动合同.劳动合同续签.EasyCase'>
20191203_09_57_06_982889_2756report.log 2019-12-03 09:57:34  loga.py  writeLog [line:134] INFO 行号:25   PASS   刷新页面[refresh]  用时:0.273s  
20191203_09_57_06_982889_2756report.log 2019-12-03 09:57:35  loga.py  writeLog [line:134] INFO 行号:31   PASS   查找元素[find_element]  用时:0.018s  
20191203_09_57_06_982889_2756report.log 2019-12-03 09:57:36  loga.py  writeLog [line:134] INFO 行号:31   PASS   左键单击[click]  用时:0.061s  
20191203_09_57_06_982889_2756report.log 2019-12-03 09:57:39  loga.py  writeLog [line:134] INFO 行号:34   PASS   查找元素[find_element]  用时:0.011s  
20191203_09_57_06_982889_2756report.log 2019-12-03 09:57:39  loga.py  writeLog [line:134] INFO 行号:34   PASS   左键单击[click]  用时:0.050s  
20191203_09_57_06_982889_2756report.log 2019-12-03 09:57:42  loga.py  writeLog [line:134] INFO 行号:37   PASS   查找元素[find_element]  用时:0.015s  
20191203_09_57_06_982889_2756report.log 2019-12-03 09:57:46  loga.py  writeLog [line:134] INFO 行号:44   PASS   查找元素[find_element]  用时:0.018s  
20191203_09_57_06_982889_2756report.log 2019-12-03 09:57:47  loga.py  writeLog [line:134] INFO 行号:44   PASS   左键单击[click]  用时:0.089s  
20191203_09_57_06_982889_2756report.log 2019-12-03 09:57:50  loga.py  writeLog [line:134] INFO 行号:48   PASS   查找元素[find_element]  用时:0.018s  
20191203_09_57_06_982889_2756report.log 2019-12-03 09:57:50  loga.py  writeLog [line:134] INFO 行号:50   PASS   切换到表单[frame]  用时:0.016s  
20191203_09_57_06_982889_2756report.log 2019-12-03 09:57:53  loga.py  writeLog [line:134] INFO 行号:54   PASS   查找元素[find_element]  用时:0.017s  
20191203_09_57_06_982889_2756report.log 2019-12-03 09:57:54  loga.py  writeLog [line:134] INFO 行号:54   PASS   左键单击[click]  用时:0.084s  
20191203_09_57_06_982889_2756report.log 2019-12-03 09:57:57  loga.py  writeLog [line:134] INFO 行号:57   PASS   查找元素[find_element]  用时:0.011s  
20191203_09_57_06_982889_2756report.log 2019-12-03 09:57:57  loga.py  writeLog [line:134] INFO 行号:57   ERROR  模拟输入[send_keys]  用时:0.017s  [decorator.elementAction_dec]:object of type 'NoneType' has no len()
20191203_09_57_06_982889_2756report.log 2019-12-03 09:58:00  loga.py  writeLog [line:134] INFO 行号:61   PASS   查找元素[find_element]  用时:0.013s  
20191203_09_57_06_982889_2756report.log 2019-12-03 09:58:01  loga.py  writeLog [line:134] INFO 行号:61   PASS   模拟输入[send_keys]  用时:0.080s  
20191203_09_57_06_982889_2756report.log 2019-12-03 09:58:02  loga.py  writeLog [line:134] INFO 行号:62   PASS   查找元素[find_element]  用时:0.009s  
20191203_09_57_06_982889_2756report.log 2019-12-03 09:58:02  loga.py  writeLog [line:134] INFO 行号:62   PASS   左键单击[click]  用时:0.062s  
20191203_09_57_06_982889_2756report.log 2019-12-03 09:58:05  loga.py  writeLog [line:134] INFO 行号:66   PASS   查找元素[find_element]  用时:0.034s  
20191203_09_57_06_982889_2756report.log 2019-12-03 09:58:06  loga.py  writeLog [line:134] INFO 行号:66   PASS   左键单击[click]  用时:0.626s  
20191203_09_57_06_982889_2756report.log 2019-12-03 09:58:07  loga.py  writeLog [line:134] INFO 行号:69   PASS   查找元素[find_element]  用时:0.182s  
20191203_09_57_06_982889_2756report.log 2019-12-03 09:58:07  loga.py  writeLog [line:134] INFO 行号:69   PASS   左键单击[click]  用时:0.092s  
20191203_09_57_06_982889_2756report.log 2019-12-03 09:58:08  loga.py  writeLog [line:134] INFO 行号:70   PASS   查找元素[find_element]  用时:0.010s  
20191203_09_57_06_982889_2756report.log 2019-12-03 09:58:09  loga.py  writeLog [line:134] INFO 行号:70   PASS   左键单击[click]  用时:0.054s  
20191203_09_57_06_982889_2756report.log 2019-12-03 09:58:11  loga.py  writeLog [line:134] INFO 行号:72   PASS   查找元素[find_element]  用时:0.017s  
20191203_09_57_06_982889_2756report.log 2019-12-03 09:58:11  loga.py  writeLog [line:134] INFO 行号:72   PASS   左键单击[click]  用时:0.073s  
20191203_09_57_06_982889_2756report.log 2019-12-03 09:58:13  loga.py  writeLog [line:134] INFO 行号:74   PASS   查找元素[find_element]  用时:0.014s  
20191203_09_57_06_982889_2756report.log 2019-12-03 09:58:13  loga.py  writeLog [line:134] INFO 行号:74   PASS   左键单击[click]  用时:0.052s  
20191203_09_57_06_982889_2756report.log 2019-12-03 09:58:15  loga.py  writeLog [line:134] INFO 行号:77   PASS   查找元素[find_element]  用时:0.017s  
20191203_09_57_06_982889_2756report.log 2019-12-03 09:58:15  loga.py  writeLog [line:134] INFO 行号:77   PASS   左键单击[click]  用时:0.097s  
20191203_09_57_06_982889_2756report.log 2019-12-03 09:58:16  loga.py  writeLog [line:134] INFO 行号:81   PASS   查找元素[find_element]  用时:0.017s  
20191203_09_57_06_982889_2756report.log 2019-12-03 09:58:17  loga.py  writeLog [line:134] INFO 行号:81   PASS   左键单击[click]  用时:0.081s  
20191203_09_57_06_982889_2756report.log 2019-12-03 09:58:18  loga.py  writeLog [line:134] INFO 行号:82   PASS   查找元素[find_element]  用时:0.008s  
