20191203_15_16_21_531557_18588report.log 2019-12-03 15:16:21  loga.py  putSystemLog [line:74] INFO Start.
20191203_15_16_21_531557_18588report.log 2019-12-03 15:16:21  loga.py  putSystemLog [line:74] INFO 场景<1>开始.
20191203_15_16_21_531557_18588report.log 2019-12-03 15:16:25  loga.py  writeLog [line:134] INFO 行号:0    PASS   最大化浏览器窗口[maximize_window]  用时:1.123s  
20191203_15_16_21_531557_18588report.log 2019-12-03 15:16:26  loga.py  putSystemLog [line:74] INFO chrome浏览器启动成功.
20191203_15_16_21_531557_18588report.log 2019-12-03 15:16:26  loga.py  putSystemLog [line:74] INFO 开始加载脚本...
20191203_15_16_21_531557_18588report.log 2019-12-03 15:16:26  loga.py  putSystemLog [line:74] INFO 脚本<1>：U8EX登录 加载成功.脚本路径：script/testCase/U8EX项目/公共/U8EX登录
20191203_15_16_21_531557_18588report.log 2019-12-03 15:16:26  loga.py  putSystemLog [line:74] INFO 脚本<2>：记事类型配置 加载成功.脚本路径：script/testCase/Y3me项目/数字化建模/费用管理/记事类型配置
20191203_15_16_21_531557_18588report.log 2019-12-03 15:16:26  loga.py  putSystemLog [line:74] INFO 脚本<3>：U8EX登出 加载成功.脚本路径：script/testCase/U8EX项目/公共/U8EX登出
20191203_15_16_21_531557_18588report.log 2019-12-03 15:16:26  loga.py  putSystemLog [line:74] INFO 脚本加载完成...
20191203_15_16_21_531557_18588report.log 2019-12-03 15:16:26  loga.py  putSystemLog [line:74] INFO 开始运行脚本<class 'script.testCase.U8EX项目.公共.U8EX登录.EasyCase'>
20191203_15_16_21_531557_18588report.log 2019-12-03 15:16:27  loga.py  writeLog [line:134] INFO 行号:27   PASS   访问页面[get]  用时:0.956s  
20191203_15_16_21_531557_18588report.log 2019-12-03 15:16:28  loga.py  writeLog [line:134] INFO 行号:29   PASS   查找元素[find_element]  用时:0.012s  
20191203_15_16_21_531557_18588report.log 2019-12-03 15:16:28  loga.py  writeLog [line:134] INFO 行号:30   PASS   查找元素[find_element]  用时:0.006s  
20191203_15_16_21_531557_18588report.log 2019-12-03 15:16:29  loga.py  writeLog [line:134] INFO 行号:30   PASS   左键单击[click]  用时:0.056s  
20191203_15_16_21_531557_18588report.log 2019-12-03 15:16:30  loga.py  writeLog [line:134] INFO 行号:34   PASS   查找元素[find_element]  用时:0.009s  
20191203_15_16_21_531557_18588report.log 2019-12-03 15:16:30  loga.py  writeLog [line:134] INFO 行号:35   PASS   查找元素[find_element]  用时:0.006s  
20191203_15_16_21_531557_18588report.log 2019-12-03 15:16:31  loga.py  writeLog [line:134] INFO 行号:36   PASS   切换到表单[frame]  用时:0.016s  
20191203_15_16_21_531557_18588report.log 2019-12-03 15:16:33  loga.py  writeLog [line:134] INFO 行号:39   PASS   查找元素[find_element]  用时:0.025s  
20191203_15_16_21_531557_18588report.log 2019-12-03 15:16:33  loga.py  writeLog [line:134] INFO 行号:40   PASS   查找元素[find_element]  用时:0.010s  
20191203_15_16_21_531557_18588report.log 2019-12-03 15:16:34  loga.py  writeLog [line:134] INFO 行号:40   PASS   清除文本[clear]  用时:0.055s  
20191203_15_16_21_531557_18588report.log 2019-12-03 15:16:35  loga.py  writeLog [line:134] INFO 行号:41   PASS   查找元素[find_element]  用时:0.014s  
20191203_15_16_21_531557_18588report.log 2019-12-03 15:16:36  loga.py  writeLog [line:134] INFO 行号:41   PASS   模拟输入[send_keys]  用时:0.128s  
20191203_15_16_21_531557_18588report.log 2019-12-03 15:16:37  loga.py  writeLog [line:134] INFO 行号:42   PASS   查找元素[find_element]  用时:0.017s  
20191203_15_16_21_531557_18588report.log 2019-12-03 15:16:37  loga.py  writeLog [line:134] INFO 行号:42   PASS   清除文本[clear]  用时:0.044s  
20191203_15_16_21_531557_18588report.log 2019-12-03 15:16:38  loga.py  writeLog [line:134] INFO 行号:43   PASS   查找元素[find_element]  用时:0.022s  
20191203_15_16_21_531557_18588report.log 2019-12-03 15:16:39  loga.py  writeLog [line:134] INFO 行号:43   PASS   模拟输入[send_keys]  用时:0.122s  
20191203_15_16_21_531557_18588report.log 2019-12-03 15:16:40  loga.py  writeLog [line:134] INFO 行号:45   PASS   查找元素[find_element]  用时:0.031s  
20191203_15_16_21_531557_18588report.log 2019-12-03 15:16:40  loga.py  writeLog [line:134] INFO 行号:46   PASS   查找元素[find_element]  用时:0.005s  
20191203_15_16_21_531557_18588report.log 2019-12-03 15:16:41  loga.py  writeLog [line:134] INFO 行号:46   PASS   左键单击[click]  用时:0.098s  
20191203_15_16_21_531557_18588report.log 2019-12-03 15:16:42  loga.py  writeLog [line:134] INFO 行号:52   PASS   查找元素[find_element]  用时:0.012s  
20191203_15_16_21_531557_18588report.log 2019-12-03 15:16:42  loga.py  writeLog [line:134] INFO 行号:53   PASS   查找元素[find_element]  用时:0.006s  
20191203_15_16_21_531557_18588report.log 2019-12-03 15:16:43  loga.py  writeLog [line:134] INFO 行号:53   PASS   左键单击[click]  用时:0.090s  
20191203_15_16_21_531557_18588report.log 2019-12-03 15:16:44  loga.py  writeLog [line:134] INFO 行号:54   PASS   查找元素[find_element]  用时:0.021s  
20191203_15_16_21_531557_18588report.log 2019-12-03 15:16:45  loga.py  writeLog [line:134] INFO 行号:54   PASS   左键单击[click]  用时:0.120s  
20191203_15_16_21_531557_18588report.log 2019-12-03 15:16:46  loga.py  writeLog [line:134] INFO 行号:56   PASS   查找元素[find_element]  用时:0.017s  
20191203_15_16_21_531557_18588report.log 2019-12-03 15:16:47  loga.py  writeLog [line:134] INFO 行号:56   PASS   左键单击[click]  用时:0.477s  
20191203_15_16_21_531557_18588report.log 2019-12-03 15:16:48  loga.py  putSystemLog [line:74] INFO 脚本运行完毕...
20191203_15_16_21_531557_18588report.log 2019-12-03 15:16:48  loga.py  putSystemLog [line:74] INFO 开始运行脚本<class 'script.testCase.Y3me项目.数字化建模.费用管理.记事类型配置.EasyCase'>
20191203_15_16_21_531557_18588report.log 2019-12-03 15:16:48  loga.py  writeLog [line:134] INFO 行号:26   PASS   刷新页面[refresh]  用时:0.024s  
20191203_15_16_21_531557_18588report.log 2019-12-03 15:16:49  loga.py  writeLog [line:134] INFO 行号:28   PASS   查找元素[find_element]  用时:0.020s  
20191203_15_16_21_531557_18588report.log 2019-12-03 15:16:49  loga.py  writeLog [line:134] INFO 行号:28   PASS   左键单击[click]  用时:0.061s  
20191203_15_16_21_531557_18588report.log 2019-12-03 15:16:51  loga.py  writeLog [line:134] INFO 行号:31   PASS   查找元素[find_element]  用时:0.018s  
20191203_15_16_21_531557_18588report.log 2019-12-03 15:16:52  loga.py  writeLog [line:134] INFO 行号:31   PASS   左键单击[click]  用时:0.051s  
20191203_15_16_21_531557_18588report.log 2019-12-03 15:16:54  loga.py  writeLog [line:134] INFO 行号:34   PASS   查找元素[find_element]  用时:0.016s  
20191203_15_16_21_531557_18588report.log 2019-12-03 15:16:57  loga.py  writeLog [line:134] INFO 行号:41   PASS   查找元素[find_element]  用时:0.014s  
20191203_15_16_21_531557_18588report.log 2019-12-03 15:17:00  loga.py  writeLog [line:134] INFO 行号:48   PASS   查找元素[find_element]  用时:0.009s  
20191203_15_16_21_531557_18588report.log 2019-12-03 15:17:03  loga.py  writeLog [line:134] INFO 行号:51   PASS   查找元素[find_element]  用时:0.460s  
20191203_15_16_21_531557_18588report.log 2019-12-03 15:17:04  loga.py  writeLog [line:134] INFO 行号:52   PASS   切换到表单[frame]  用时:0.016s  
20191203_15_16_21_531557_18588report.log 2019-12-03 15:17:05  loga.py  writeLog [line:134] INFO 行号:56   PASS   查找元素[find_element]  用时:0.021s  
20191203_15_16_21_531557_18588report.log 2019-12-03 15:17:05  loga.py  writeLog [line:134] INFO 行号:57   PASS   查找元素[find_element]  用时:0.006s  
20191203_15_16_21_531557_18588report.log 2019-12-03 15:17:06  loga.py  writeLog [line:134] INFO 行号:57   PASS   左键单击[click]  用时:0.102s  
20191203_15_16_21_531557_18588report.log 2019-12-03 15:17:07  loga.py  writeLog [line:134] INFO 行号:63   PASS   查找元素[find_element]  用时:0.018s  
20191203_15_16_21_531557_18588report.log 2019-12-03 15:17:07  loga.py  writeLog [line:134] INFO 行号:64   PASS   查找元素[find_element]  用时:0.006s  
20191203_15_16_21_531557_18588report.log 2019-12-03 15:17:08  loga.py  writeLog [line:134] INFO 行号:64   PASS   模拟输入[send_keys]  用时:0.085s  
20191203_15_16_21_531557_18588report.log 2019-12-03 15:17:09  loga.py  writeLog [line:134] INFO 行号:70   PASS   查找元素[find_element]  用时:0.030s  
20191203_15_16_21_531557_18588report.log 2019-12-03 15:17:09  loga.py  writeLog [line:134] INFO 行号:71   PASS   查找元素[find_element]  用时:0.010s  
20191203_15_16_21_531557_18588report.log 2019-12-03 15:17:10  loga.py  writeLog [line:134] INFO 行号:71   PASS   模拟输入[send_keys]  用时:0.145s  
20191203_15_16_21_531557_18588report.log 2019-12-03 15:17:11  loga.py  writeLog [line:134] INFO 行号:75   PASS   查找元素[find_element]  用时:0.010s  
20191203_15_16_21_531557_18588report.log 2019-12-03 15:17:12  loga.py  writeLog [line:134] INFO 行号:76   PASS   查找元素[find_element]  用时:0.006s  
20191203_15_16_21_531557_18588report.log 2019-12-03 15:17:12  loga.py  writeLog [line:134] INFO 行号:76   PASS   左键单击[click]  用时:0.062s  
20191203_15_16_21_531557_18588report.log 2019-12-03 15:17:13  loga.py  writeLog [line:134] INFO 行号:81   PASS   查找元素[find_element]  用时:0.011s  
20191203_15_16_21_531557_18588report.log 2019-12-03 15:17:14  loga.py  writeLog [line:134] INFO 行号:83   PASS   查找元素[find_element]  用时:0.006s  
20191203_15_16_21_531557_18588report.log 2019-12-03 15:17:14  loga.py  writeLog [line:134] INFO 行号:83   PASS   左键单击[click]  用时:0.084s  
20191203_15_16_21_531557_18588report.log 2019-12-03 15:17:15  loga.py  writeLog [line:134] INFO 行号:87   PASS   查找元素[find_element]  用时:0.027s  
20191203_15_16_21_531557_18588report.log 2019-12-03 15:17:16  loga.py  writeLog [line:134] INFO 行号:88   PASS   查找元素[find_element]  用时:0.006s  
20191203_15_16_21_531557_18588report.log 2019-12-03 15:17:16  loga.py  writeLog [line:134] INFO 行号:88   PASS   左键单击[click]  用时:0.080s  
20191203_15_16_21_531557_18588report.log 2019-12-03 15:17:17  loga.py  writeLog [line:134] INFO 行号:90   TRUE   断言：包含[assertIn] 用时:0.000s TRUE.
20191203_15_16_21_531557_18588report.log 2019-12-03 15:17:17  loga.py  writeLog [line:134] INFO 行号:93   PASS   查找元素[find_element]  用时:0.010s  
20191203_15_16_21_531557_18588report.log 2019-12-03 15:17:18  loga.py  writeLog [line:134] INFO 行号:93   PASS   模拟输入[send_keys]  用时:0.046s  
20191203_15_16_21_531557_18588report.log 2019-12-03 15:17:19  loga.py  writeLog [line:134] INFO 行号:94   PASS   查找元素[find_element]  用时:0.007s  
20191203_15_16_21_531557_18588report.log 2019-12-03 15:17:20  loga.py  writeLog [line:134] INFO 行号:94   PASS   模拟输入[send_keys]  用时:0.052s  
20191203_15_16_21_531557_18588report.log 2019-12-03 15:17:21  loga.py  writeLog [line:134] INFO 行号:97   PASS   查找元素[find_element]  用时:0.030s  
20191203_15_16_21_531557_18588report.log 2019-12-03 15:17:21  loga.py  writeLog [line:134] INFO 行号:97   PASS   左键单击[click]  用时:0.049s  
20191203_15_16_21_531557_18588report.log 2019-12-03 15:17:23  loga.py  writeLog [line:134] INFO 行号:99   PASS   查找元素[find_element]  用时:0.008s  
20191203_15_16_21_531557_18588report.log 2019-12-03 15:17:24  loga.py  writeLog [line:134] INFO 行号:99   PASS   左键单击[click]  用时:0.044s  
20191203_15_16_21_531557_18588report.log 2019-12-03 15:17:25  loga.py  putSystemLog [line:74] INFO 脚本运行完毕...
20191203_15_16_21_531557_18588report.log 2019-12-03 15:17:25  loga.py  putSystemLog [line:74] INFO 开始运行脚本<class 'script.testCase.U8EX项目.公共.U8EX登出.EasyCase'>
20191203_15_16_21_531557_18588report.log 2019-12-03 15:17:25  loga.py  writeLog [line:134] INFO 行号:24   PASS   刷新页面[refresh]  用时:0.016s  
20191203_15_16_21_531557_18588report.log 2019-12-03 15:17:27  loga.py  writeLog [line:134] INFO 行号:26   PASS   查找元素[find_element]  用时:0.012s  
20191203_15_16_21_531557_18588report.log 2019-12-03 15:17:27  loga.py  writeLog [line:134] INFO 行号:26   PASS   左键单击[click]  用时:0.043s  
20191203_15_16_21_531557_18588report.log 2019-12-03 15:17:28  loga.py  writeLog [line:134] INFO 行号:27   PASS   查找元素[find_element]  用时:0.017s  
20191203_15_16_21_531557_18588report.log 2019-12-03 15:17:29  loga.py  writeLog [line:134] INFO 行号:27   PASS   左键单击[click]  用时:0.440s  
20191203_15_16_21_531557_18588report.log 2019-12-03 15:17:30  loga.py  putSystemLog [line:74] INFO 脚本运行完毕...
20191203_15_16_21_531557_18588report.log 2019-12-03 15:17:30  loga.py  writeLog [line:134] INFO 行号:0    PASS   关闭浏览器[quit]  用时:0.208s  
20191203_15_16_21_531557_18588report.log 2019-12-03 15:17:33  loga.py  putSystemLog [line:74] INFO 场景<1>结束.用时:72.437s.
20191203_15_16_21_531557_18588report.log 2019-12-03 15:17:33  loga.py  putSystemLog [line:74] INFO 场景统计结果：PASS: 69(100.00%),FAIL:  0(0.00%),ERROR:  0(0.00%),TRUE:  1,FALSE:  0

20191203_15_16_21_531557_18588report.log 2019-12-03 15:17:33  loga.py  putSystemLog [line:74] INFO ----------------------------------------
20191203_15_16_21_531557_18588report.log 2019-12-03 15:17:33  loga.py  putSystemLog [line:74] INFO End.
20191203_15_16_21_531557_18588report.log 2019-12-03 15:17:33  loga.py  putSystemLog [line:74] INFO 测试方案统计结果:
                    场景<1>:PASS: 69(100.00%),FAIL:  0(0.00%),ERROR:  0(0.00%),TRUE:  1,FALSE:  0
                    总   计:PASS: 69(100.00%),FAIL:  0(0.00%),ERROR:  0(0.00%),TRUE:  1,FALSE:  0

