20191203_10_03_22_717494_1976report.log 2019-12-03 10:03:22  loga.py  putSystemLog [line:74] INFO Start.
20191203_10_03_22_717494_1976report.log 2019-12-03 10:03:22  loga.py  putSystemLog [line:74] INFO 场景<1>开始.
20191203_10_03_22_717494_1976report.log 2019-12-03 10:03:26  loga.py  writeLog [line:134] INFO 行号:0    PASS   最大化浏览器窗口[maximize_window]  用时:1.119s  
20191203_10_03_22_717494_1976report.log 2019-12-03 10:03:27  loga.py  putSystemLog [line:74] INFO chrome浏览器启动成功.
20191203_10_03_22_717494_1976report.log 2019-12-03 10:03:27  loga.py  putSystemLog [line:74] INFO 开始加载脚本...
20191203_10_03_22_717494_1976report.log 2019-12-03 10:03:27  loga.py  putSystemLog [line:74] INFO 脚本<1>：U8EX登录 加载成功.脚本路径：script/testCase/U8EX项目/公共/U8EX登录
20191203_10_03_22_717494_1976report.log 2019-12-03 10:03:27  loga.py  putSystemLog [line:74] INFO 脚本<2>：劳动合同续签 加载成功.脚本路径：script/testCase/Y3me项目/人力资源/劳动合同/劳动合同续签
20191203_10_03_22_717494_1976report.log 2019-12-03 10:03:27  loga.py  putSystemLog [line:74] INFO 脚本<3>：审批中心_审批合同 加载成功.脚本路径：script/testCase/Y3me项目/人力资源/劳动合同/审批中心_审批合同
20191203_10_03_22_717494_1976report.log 2019-12-03 10:03:27  loga.py  putSystemLog [line:74] INFO 脚本<4>：U8EX登出 加载成功.脚本路径：script/testCase/U8EX项目/公共/U8EX登出
20191203_10_03_22_717494_1976report.log 2019-12-03 10:03:27  loga.py  putSystemLog [line:74] INFO 脚本加载完成...
20191203_10_03_22_717494_1976report.log 2019-12-03 10:03:27  loga.py  putSystemLog [line:74] INFO 开始运行脚本<class 'script.testCase.U8EX项目.公共.U8EX登录.EasyCase'>
20191203_10_03_22_717494_1976report.log 2019-12-03 10:03:28  loga.py  writeLog [line:134] INFO 行号:27   PASS   访问页面[get]  用时:1.048s  
20191203_10_03_22_717494_1976report.log 2019-12-03 10:03:29  loga.py  writeLog [line:134] INFO 行号:29   PASS   查找元素[find_element]  用时:0.011s  
20191203_10_03_22_717494_1976report.log 2019-12-03 10:03:30  loga.py  writeLog [line:134] INFO 行号:30   PASS   查找元素[find_element]  用时:0.006s  
20191203_10_03_22_717494_1976report.log 2019-12-03 10:03:30  loga.py  writeLog [line:134] INFO 行号:30   PASS   左键单击[click]  用时:0.095s  
20191203_10_03_22_717494_1976report.log 2019-12-03 10:03:31  loga.py  writeLog [line:134] INFO 行号:34   PASS   查找元素[find_element]  用时:0.010s  
20191203_10_03_22_717494_1976report.log 2019-12-03 10:03:32  loga.py  writeLog [line:134] INFO 行号:35   PASS   查找元素[find_element]  用时:0.010s  
20191203_10_03_22_717494_1976report.log 2019-12-03 10:03:32  loga.py  writeLog [line:134] INFO 行号:36   PASS   切换到表单[frame]  用时:0.018s  
20191203_10_03_22_717494_1976report.log 2019-12-03 10:03:34  loga.py  writeLog [line:134] INFO 行号:39   PASS   查找元素[find_element]  用时:0.034s  
20191203_10_03_22_717494_1976report.log 2019-12-03 10:03:35  loga.py  writeLog [line:134] INFO 行号:40   PASS   查找元素[find_element]  用时:0.006s  
20191203_10_03_22_717494_1976report.log 2019-12-03 10:03:36  loga.py  writeLog [line:134] INFO 行号:40   PASS   清除文本[clear]  用时:0.021s  
20191203_10_03_22_717494_1976report.log 2019-12-03 10:03:37  loga.py  writeLog [line:134] INFO 行号:41   PASS   查找元素[find_element]  用时:0.023s  
20191203_10_03_22_717494_1976report.log 2019-12-03 10:03:37  loga.py  writeLog [line:134] INFO 行号:41   PASS   模拟输入[send_keys]  用时:0.146s  
20191203_10_03_22_717494_1976report.log 2019-12-03 10:03:38  loga.py  writeLog [line:134] INFO 行号:42   PASS   查找元素[find_element]  用时:0.034s  
20191203_10_03_22_717494_1976report.log 2019-12-03 10:03:39  loga.py  writeLog [line:134] INFO 行号:42   PASS   清除文本[clear]  用时:0.044s  
20191203_10_03_22_717494_1976report.log 2019-12-03 10:03:40  loga.py  writeLog [line:134] INFO 行号:43   PASS   查找元素[find_element]  用时:0.018s  
20191203_10_03_22_717494_1976report.log 2019-12-03 10:03:40  loga.py  writeLog [line:134] INFO 行号:43   PASS   模拟输入[send_keys]  用时:0.074s  
20191203_10_03_22_717494_1976report.log 2019-12-03 10:03:41  loga.py  writeLog [line:134] INFO 行号:45   PASS   查找元素[find_element]  用时:0.034s  
20191203_10_03_22_717494_1976report.log 2019-12-03 10:03:42  loga.py  writeLog [line:134] INFO 行号:46   PASS   查找元素[find_element]  用时:0.010s  
20191203_10_03_22_717494_1976report.log 2019-12-03 10:03:43  loga.py  writeLog [line:134] INFO 行号:46   PASS   左键单击[click]  用时:0.105s  
20191203_10_03_22_717494_1976report.log 2019-12-03 10:03:44  loga.py  writeLog [line:134] INFO 行号:52   PASS   查找元素[find_element]  用时:0.012s  
20191203_10_03_22_717494_1976report.log 2019-12-03 10:03:44  loga.py  writeLog [line:134] INFO 行号:53   PASS   查找元素[find_element]  用时:0.006s  
20191203_10_03_22_717494_1976report.log 2019-12-03 10:03:45  loga.py  writeLog [line:134] INFO 行号:53   PASS   左键单击[click]  用时:0.078s  
20191203_10_03_22_717494_1976report.log 2019-12-03 10:03:46  loga.py  writeLog [line:134] INFO 行号:54   PASS   查找元素[find_element]  用时:0.037s  
20191203_10_03_22_717494_1976report.log 2019-12-03 10:03:46  loga.py  writeLog [line:134] INFO 行号:54   PASS   左键单击[click]  用时:0.086s  
20191203_10_03_22_717494_1976report.log 2019-12-03 10:03:47  loga.py  writeLog [line:134] INFO 行号:56   PASS   查找元素[find_element]  用时:0.024s  
20191203_10_03_22_717494_1976report.log 2019-12-03 10:03:48  loga.py  writeLog [line:134] INFO 行号:56   PASS   左键单击[click]  用时:0.438s  
20191203_10_03_22_717494_1976report.log 2019-12-03 10:03:49  loga.py  putSystemLog [line:74] INFO 脚本运行完毕...
20191203_10_03_22_717494_1976report.log 2019-12-03 10:03:49  loga.py  putSystemLog [line:74] INFO 开始运行脚本<class 'script.testCase.Y3me项目.人力资源.劳动合同.劳动合同续签.EasyCase'>
20191203_10_03_22_717494_1976report.log 2019-12-03 10:03:50  loga.py  writeLog [line:134] INFO 行号:25   PASS   刷新页面[refresh]  用时:0.249s  
20191203_10_03_22_717494_1976report.log 2019-12-03 10:03:51  loga.py  writeLog [line:134] INFO 行号:31   PASS   查找元素[find_element]  用时:0.025s  
20191203_10_03_22_717494_1976report.log 2019-12-03 10:03:51  loga.py  writeLog [line:134] INFO 行号:31   PASS   左键单击[click]  用时:0.078s  
20191203_10_03_22_717494_1976report.log 2019-12-03 10:03:54  loga.py  writeLog [line:134] INFO 行号:34   PASS   查找元素[find_element]  用时:0.019s  
20191203_10_03_22_717494_1976report.log 2019-12-03 10:03:55  loga.py  writeLog [line:134] INFO 行号:34   PASS   左键单击[click]  用时:0.073s  
20191203_10_03_22_717494_1976report.log 2019-12-03 10:03:58  loga.py  writeLog [line:134] INFO 行号:37   PASS   查找元素[find_element]  用时:0.025s  
20191203_10_03_22_717494_1976report.log 2019-12-03 10:04:01  loga.py  writeLog [line:134] INFO 行号:44   PASS   查找元素[find_element]  用时:0.010s  
20191203_10_03_22_717494_1976report.log 2019-12-03 10:04:02  loga.py  writeLog [line:134] INFO 行号:44   PASS   左键单击[click]  用时:0.071s  
20191203_10_03_22_717494_1976report.log 2019-12-03 10:04:05  loga.py  writeLog [line:134] INFO 行号:48   PASS   查找元素[find_element]  用时:0.038s  
20191203_10_03_22_717494_1976report.log 2019-12-03 10:04:06  loga.py  writeLog [line:134] INFO 行号:50   PASS   切换到表单[frame]  用时:0.019s  
20191203_10_03_22_717494_1976report.log 2019-12-03 10:04:09  loga.py  writeLog [line:134] INFO 行号:54   PASS   查找元素[find_element]  用时:0.009s  
20191203_10_03_22_717494_1976report.log 2019-12-03 10:04:09  loga.py  writeLog [line:134] INFO 行号:54   PASS   左键单击[click]  用时:0.082s  
20191203_10_03_22_717494_1976report.log 2019-12-03 10:04:12  loga.py  writeLog [line:134] INFO 行号:57   PASS   查找元素[find_element]  用时:0.009s  
20191203_10_03_22_717494_1976report.log 2019-12-03 10:04:13  loga.py  writeLog [line:134] INFO 行号:57   ERROR  模拟输入[send_keys]  用时:0.014s  [decorator.elementAction_dec]:object of type 'NoneType' has no len()
20191203_10_03_22_717494_1976report.log 2019-12-03 10:04:16  loga.py  writeLog [line:134] INFO 行号:61   PASS   查找元素[find_element]  用时:0.014s  
20191203_10_03_22_717494_1976report.log 2019-12-03 10:04:16  loga.py  writeLog [line:134] INFO 行号:61   PASS   模拟输入[send_keys]  用时:0.047s  
20191203_10_03_22_717494_1976report.log 2019-12-03 10:04:17  loga.py  writeLog [line:134] INFO 行号:62   PASS   查找元素[find_element]  用时:0.017s  
20191203_10_03_22_717494_1976report.log 2019-12-03 10:04:18  loga.py  writeLog [line:134] INFO 行号:62   PASS   左键单击[click]  用时:0.076s  
20191203_10_03_22_717494_1976report.log 2019-12-03 10:04:20  loga.py  writeLog [line:134] INFO 行号:66   PASS   查找元素[find_element]  用时:0.017s  
20191203_10_03_22_717494_1976report.log 2019-12-03 10:04:21  loga.py  writeLog [line:134] INFO 行号:66   PASS   左键单击[click]  用时:0.680s  
20191203_10_03_22_717494_1976report.log 2019-12-03 10:04:22  loga.py  writeLog [line:134] INFO 行号:69   PASS   查找元素[find_element]  用时:0.188s  
20191203_10_03_22_717494_1976report.log 2019-12-03 10:04:23  loga.py  writeLog [line:134] INFO 行号:69   PASS   左键单击[click]  用时:0.084s  
20191203_10_03_22_717494_1976report.log 2019-12-03 10:04:24  loga.py  writeLog [line:134] INFO 行号:70   PASS   查找元素[find_element]  用时:0.024s  
20191203_10_03_22_717494_1976report.log 2019-12-03 10:04:24  loga.py  writeLog [line:134] INFO 行号:70   PASS   左键单击[click]  用时:0.066s  
20191203_10_03_22_717494_1976report.log 2019-12-03 10:04:26  loga.py  writeLog [line:134] INFO 行号:72   PASS   查找元素[find_element]  用时:0.017s  
20191203_10_03_22_717494_1976report.log 2019-12-03 10:04:26  loga.py  writeLog [line:134] INFO 行号:72   PASS   左键单击[click]  用时:0.084s  
20191203_10_03_22_717494_1976report.log 2019-12-03 10:04:28  loga.py  writeLog [line:134] INFO 行号:74   PASS   查找元素[find_element]  用时:0.028s  
20191203_10_03_22_717494_1976report.log 2019-12-03 10:04:29  loga.py  writeLog [line:134] INFO 行号:74   PASS   左键单击[click]  用时:0.077s  
20191203_10_03_22_717494_1976report.log 2019-12-03 10:04:30  loga.py  writeLog [line:134] INFO 行号:77   PASS   查找元素[find_element]  用时:0.010s  
20191203_10_03_22_717494_1976report.log 2019-12-03 10:04:31  loga.py  writeLog [line:134] INFO 行号:77   PASS   左键单击[click]  用时:0.106s  
20191203_10_03_22_717494_1976report.log 2019-12-03 10:04:32  loga.py  writeLog [line:134] INFO 行号:80   PASS   查找元素[find_element]  用时:0.034s  
20191203_10_03_22_717494_1976report.log 2019-12-03 10:04:32  loga.py  writeLog [line:134] INFO 行号:80   PASS   左键单击[click]  用时:0.095s  
20191203_10_03_22_717494_1976report.log 2019-12-03 10:04:33  loga.py  writeLog [line:134] INFO 行号:81   PASS   查找元素[find_element]  用时:0.010s  
20191203_10_03_22_717494_1976report.log 2019-12-03 10:04:34  loga.py  writeLog [line:134] INFO 行号:81   PASS   左键单击[click]  用时:0.070s  
20191203_10_03_22_717494_1976report.log 2019-12-03 10:04:35  loga.py  writeLog [line:134] INFO 行号:83   PASS   查找元素[find_element]  用时:0.013s  
20191203_10_03_22_717494_1976report.log 2019-12-03 10:04:36  loga.py  writeLog [line:134] INFO 行号:83   PASS   左键单击[click]  用时:0.078s  
20191203_10_03_22_717494_1976report.log 2019-12-03 10:04:38  loga.py  writeLog [line:134] INFO 行号:85   PASS   查找元素[find_element]  用时:0.021s  
20191203_10_03_22_717494_1976report.log 2019-12-03 10:04:38  loga.py  writeLog [line:134] INFO 行号:85   PASS   左键单击[click]  用时:0.061s  
20191203_10_03_22_717494_1976report.log 2019-12-03 10:04:40  loga.py  writeLog [line:134] INFO 行号:88   PASS   查找元素[find_element]  用时:0.025s  
20191203_10_03_22_717494_1976report.log 2019-12-03 10:04:40  loga.py  writeLog [line:134] INFO 行号:88   PASS   左键单击[click]  用时:0.075s  
20191203_10_03_22_717494_1976report.log 2019-12-03 10:04:41  loga.py  writeLog [line:134] INFO 行号:91   PASS   查找元素[find_element]  用时:0.017s  
20191203_10_03_22_717494_1976report.log 2019-12-03 10:04:42  loga.py  writeLog [line:134] INFO 行号:91   PASS   模拟输入[send_keys]  用时:0.075s  
20191203_10_03_22_717494_1976report.log 2019-12-03 10:04:43  loga.py  writeLog [line:134] INFO 行号:94   PASS   查找元素[find_element]  用时:0.017s  
20191203_10_03_22_717494_1976report.log 2019-12-03 10:04:43  loga.py  writeLog [line:134] INFO 行号:94   PASS   左键单击[click]  用时:0.107s  
20191203_10_03_22_717494_1976report.log 2019-12-03 10:04:44  loga.py  writeLog [line:134] INFO 行号:98   PASS   查找元素[find_element]  用时:0.018s  
20191203_10_03_22_717494_1976report.log 2019-12-03 10:04:45  loga.py  writeLog [line:134] INFO 行号:98   PASS   左键单击[click]  用时:0.069s  
20191203_10_03_22_717494_1976report.log 2019-12-03 10:04:46  loga.py  writeLog [line:134] INFO 行号:100  PASS   查找元素[find_element]  用时:0.027s  
20191203_10_03_22_717494_1976report.log 2019-12-03 10:04:47  loga.py  writeLog [line:134] INFO 行号:100  PASS   左键单击[click]  用时:0.121s  
20191203_10_03_22_717494_1976report.log 2019-12-03 10:04:48  loga.py  writeLog [line:134] INFO 行号:104  PASS   查找元素[find_element]  用时:0.017s  
20191203_10_03_22_717494_1976report.log 2019-12-03 10:04:48  loga.py  writeLog [line:134] INFO 行号:104  PASS   左键单击[click]  用时:0.060s  
20191203_10_03_22_717494_1976report.log 2019-12-03 10:04:49  loga.py  writeLog [line:134] INFO 行号:108  PASS   查找元素[find_element]  用时:0.018s  
20191203_10_03_22_717494_1976report.log 2019-12-03 10:04:50  loga.py  writeLog [line:134] INFO 行号:108  PASS   模拟输入[send_keys]  用时:0.077s  
20191203_10_03_22_717494_1976report.log 2019-12-03 10:04:51  loga.py  writeLog [line:134] INFO 行号:111  PASS   查找元素[find_element]  用时:0.019s  
20191203_10_03_22_717494_1976report.log 2019-12-03 10:04:51  loga.py  writeLog [line:134] INFO 行号:111  PASS   左键单击[click]  用时:0.094s  
20191203_10_03_22_717494_1976report.log 2019-12-03 10:04:55  loga.py  writeLog [line:134] INFO 行号:113  PASS   查找元素[find_element]  用时:0.017s  
20191203_10_03_22_717494_1976report.log 2019-12-03 10:04:56  loga.py  writeLog [line:134] INFO 行号:114  TRUE   断言：实例[assertIsInstance] 用时:0.000s TRUE.
20191203_10_03_22_717494_1976report.log 2019-12-03 10:04:56  loga.py  writeLog [line:134] INFO 行号:114  TRUE   断言：实例[assertIsInstance] 用时:0.000s TRUE.
20191203_10_03_22_717494_1976report.log 2019-12-03 10:04:56  loga.py  writeLog [line:134] INFO 行号:114  TRUE   断言：相等[assertEqual] 用时:0.000s TRUE.
20191203_10_03_22_717494_1976report.log 2019-12-03 10:04:56  loga.py  writeLog [line:134] INFO 行号:117  PASS   查找元素[find_element]  用时:0.010s  
20191203_10_03_22_717494_1976report.log 2019-12-03 10:04:57  loga.py  writeLog [line:134] INFO 行号:117  PASS   左键单击[click]  用时:0.076s  
20191203_10_03_22_717494_1976report.log 2019-12-03 10:05:01  loga.py  writeLog [line:134] INFO 行号:122  PASS   查找元素[find_element]  用时:0.034s  
20191203_10_03_22_717494_1976report.log 2019-12-03 10:05:01  loga.py  writeLog [line:134] INFO 行号:122  PASS   左键单击[click]  用时:0.086s  
20191203_10_03_22_717494_1976report.log 2019-12-03 10:05:02  loga.py  putSystemLog [line:74] INFO 脚本运行完毕...
20191203_10_03_22_717494_1976report.log 2019-12-03 10:05:02  loga.py  putSystemLog [line:74] INFO 开始运行脚本<class 'script.testCase.Y3me项目.人力资源.劳动合同.审批中心_审批合同.EasyCase'>
20191203_10_03_22_717494_1976report.log 2019-12-03 10:05:02  loga.py  writeLog [line:134] INFO 行号:18   PASS   刷新页面[refresh]  用时:0.019s  
20191203_10_03_22_717494_1976report.log 2019-12-03 10:05:03  loga.py  writeLog [line:134] INFO 行号:25   PASS   查找元素[find_element]  用时:0.013s  
20191203_10_03_22_717494_1976report.log 2019-12-03 10:05:04  loga.py  writeLog [line:134] INFO 行号:25   PASS   左键单击[click]  用时:0.091s  
20191203_10_03_22_717494_1976report.log 2019-12-03 10:05:05  loga.py  writeLog [line:134] INFO 行号:28   PASS   查找元素[find_element]  用时:0.012s  
20191203_10_03_22_717494_1976report.log 2019-12-03 10:05:05  loga.py  writeLog [line:134] INFO 行号:29   PASS   切换到表单[frame]  用时:0.046s  
20191203_10_03_22_717494_1976report.log 2019-12-03 10:05:08  loga.py  writeLog [line:134] INFO 行号:33   PASS   查找元素[find_element]  用时:0.014s  
20191203_10_03_22_717494_1976report.log 2019-12-03 10:05:09  loga.py  writeLog [line:134] INFO 行号:33   PASS   左键单击[click]  用时:0.071s  
20191203_10_03_22_717494_1976report.log 2019-12-03 10:05:13  loga.py  writeLog [line:134] INFO 行号:42   PASS   查找元素[find_element]  用时:0.012s  
20191203_10_03_22_717494_1976report.log 2019-12-03 10:05:14  loga.py  writeLog [line:134] INFO 行号:42   PASS   左键单击[click]  用时:0.058s  
20191203_10_03_22_717494_1976report.log 2019-12-03 10:05:15  loga.py  putSystemLog [line:74] INFO 脚本运行完毕...
20191203_10_03_22_717494_1976report.log 2019-12-03 10:05:15  loga.py  putSystemLog [line:74] INFO 开始运行脚本<class 'script.testCase.U8EX项目.公共.U8EX登出.EasyCase'>
20191203_10_03_22_717494_1976report.log 2019-12-03 10:05:15  loga.py  writeLog [line:134] INFO 行号:24   PASS   刷新页面[refresh]  用时:0.343s  
20191203_10_03_22_717494_1976report.log 2019-12-03 10:05:17  loga.py  writeLog [line:134] INFO 行号:26   PASS   查找元素[find_element]  用时:0.053s  
20191203_10_03_22_717494_1976report.log 2019-12-03 10:05:17  loga.py  writeLog [line:134] INFO 行号:26   PASS   左键单击[click]  用时:0.041s  
20191203_10_03_22_717494_1976report.log 2019-12-03 10:05:18  loga.py  writeLog [line:134] INFO 行号:27   PASS   查找元素[find_element]  用时:0.023s  
20191203_10_03_22_717494_1976report.log 2019-12-03 10:05:19  loga.py  writeLog [line:134] INFO 行号:27   PASS   左键单击[click]  用时:0.407s  
20191203_10_03_22_717494_1976report.log 2019-12-03 10:05:20  loga.py  putSystemLog [line:74] INFO 脚本运行完毕...
20191203_10_03_22_717494_1976report.log 2019-12-03 10:05:21  loga.py  writeLog [line:134] INFO 行号:0    PASS   关闭浏览器[quit]  用时:0.295s  
20191203_10_03_22_717494_1976report.log 2019-12-03 10:05:24  loga.py  putSystemLog [line:74] INFO 场景<1>结束.用时:121.300s.
20191203_10_03_22_717494_1976report.log 2019-12-03 10:05:24  loga.py  putSystemLog [line:74] INFO 场景统计结果：PASS:100(99.01%),FAIL:  0(0.00%),ERROR:  1(0.99%),TRUE:  3,FALSE:  0

20191203_10_03_22_717494_1976report.log 2019-12-03 10:05:24  loga.py  putSystemLog [line:74] INFO ----------------------------------------
20191203_10_03_22_717494_1976report.log 2019-12-03 10:05:24  loga.py  putSystemLog [line:74] INFO End.
20191203_10_03_22_717494_1976report.log 2019-12-03 10:05:24  loga.py  putSystemLog [line:74] INFO 测试方案统计结果:
                    场景<1>:PASS:100(99.01%),FAIL:  0(0.00%),ERROR:  1(0.99%),TRUE:  3,FALSE:  0
                    总   计:PASS:100(99.01%),FAIL:  0(0.00%),ERROR:  1(0.99%),TRUE:  3,FALSE:  0

