20191203_17_12_11_301005_16136report.log 2019-12-03 17:12:11  loga.py  putSystemLog [line:74] INFO Start.
20191203_17_12_11_301005_16136report.log 2019-12-03 17:12:11  loga.py  putSystemLog [line:74] INFO 场景<1>开始.
20191203_17_12_11_301005_16136report.log 2019-12-03 17:12:15  loga.py  writeLog [line:134] INFO 行号:0    PASS   最大化浏览器窗口[maximize_window]  用时:1.117s  
20191203_17_12_11_301005_16136report.log 2019-12-03 17:12:16  loga.py  putSystemLog [line:74] INFO chrome浏览器启动成功.
20191203_17_12_11_301005_16136report.log 2019-12-03 17:12:16  loga.py  putSystemLog [line:74] INFO 开始加载脚本...
20191203_17_12_11_301005_16136report.log 2019-12-03 17:12:16  loga.py  putSystemLog [line:74] INFO 脚本<1>：U8EX登录 加载成功.脚本路径：script/testCase/U8EX项目/公共/U8EX登录
20191203_17_12_11_301005_16136report.log 2019-12-03 17:12:16  loga.py  putSystemLog [line:74] INFO 脚本<2>：入离职交接项配置 加载成功.脚本路径：script/testCase/Y3me项目/数字化建模/人力基础/入离职交接项配置
20191203_17_12_11_301005_16136report.log 2019-12-03 17:12:16  loga.py  putSystemLog [line:74] INFO 脚本<3>：U8EX登出 加载成功.脚本路径：script/testCase/U8EX项目/公共/U8EX登出
20191203_17_12_11_301005_16136report.log 2019-12-03 17:12:16  loga.py  putSystemLog [line:74] INFO 脚本加载完成...
20191203_17_12_11_301005_16136report.log 2019-12-03 17:12:16  loga.py  putSystemLog [line:74] INFO 开始运行脚本<class 'script.testCase.U8EX项目.公共.U8EX登录.EasyCase'>
20191203_17_12_11_301005_16136report.log 2019-12-03 17:12:17  loga.py  writeLog [line:134] INFO 行号:27   PASS   访问页面[get]  用时:1.071s  
20191203_17_12_11_301005_16136report.log 2019-12-03 17:12:18  loga.py  writeLog [line:134] INFO 行号:29   PASS   查找元素[find_element]  用时:0.011s  
20191203_17_12_11_301005_16136report.log 2019-12-03 17:12:18  loga.py  writeLog [line:134] INFO 行号:30   PASS   查找元素[find_element]  用时:0.006s  
20191203_17_12_11_301005_16136report.log 2019-12-03 17:12:19  loga.py  writeLog [line:134] INFO 行号:30   PASS   左键单击[click]  用时:0.049s  
20191203_17_12_11_301005_16136report.log 2019-12-03 17:12:20  loga.py  writeLog [line:134] INFO 行号:34   PASS   查找元素[find_element]  用时:0.010s  
20191203_17_12_11_301005_16136report.log 2019-12-03 17:12:20  loga.py  writeLog [line:134] INFO 行号:35   PASS   查找元素[find_element]  用时:0.005s  
20191203_17_12_11_301005_16136report.log 2019-12-03 17:12:21  loga.py  writeLog [line:134] INFO 行号:36   PASS   切换到表单[frame]  用时:0.016s  
20191203_17_12_11_301005_16136report.log 2019-12-03 17:12:23  loga.py  writeLog [line:134] INFO 行号:39   PASS   查找元素[find_element]  用时:0.010s  
20191203_17_12_11_301005_16136report.log 2019-12-03 17:12:23  loga.py  writeLog [line:134] INFO 行号:40   PASS   查找元素[find_element]  用时:0.006s  
20191203_17_12_11_301005_16136report.log 2019-12-03 17:12:24  loga.py  writeLog [line:134] INFO 行号:40   PASS   清除文本[clear]  用时:0.027s  
20191203_17_12_11_301005_16136report.log 2019-12-03 17:12:25  loga.py  writeLog [line:134] INFO 行号:41   PASS   查找元素[find_element]  用时:0.024s  
20191203_17_12_11_301005_16136report.log 2019-12-03 17:12:25  loga.py  writeLog [line:134] INFO 行号:41   PASS   模拟输入[send_keys]  用时:0.127s  
20191203_17_12_11_301005_16136report.log 2019-12-03 17:12:27  loga.py  writeLog [line:134] INFO 行号:42   PASS   查找元素[find_element]  用时:0.017s  
20191203_17_12_11_301005_16136report.log 2019-12-03 17:12:27  loga.py  writeLog [line:134] INFO 行号:42   PASS   清除文本[clear]  用时:0.016s  
20191203_17_12_11_301005_16136report.log 2019-12-03 17:12:28  loga.py  writeLog [line:134] INFO 行号:43   PASS   查找元素[find_element]  用时:0.008s  
20191203_17_12_11_301005_16136report.log 2019-12-03 17:12:29  loga.py  writeLog [line:134] INFO 行号:43   PASS   模拟输入[send_keys]  用时:0.062s  
20191203_17_12_11_301005_16136report.log 2019-12-03 17:12:30  loga.py  writeLog [line:134] INFO 行号:45   PASS   查找元素[find_element]  用时:0.012s  
20191203_17_12_11_301005_16136report.log 2019-12-03 17:12:30  loga.py  writeLog [line:134] INFO 行号:46   PASS   查找元素[find_element]  用时:0.007s  
20191203_17_12_11_301005_16136report.log 2019-12-03 17:12:31  loga.py  writeLog [line:134] INFO 行号:46   PASS   左键单击[click]  用时:0.080s  
20191203_17_12_11_301005_16136report.log 2019-12-03 17:12:32  loga.py  writeLog [line:134] INFO 行号:52   PASS   查找元素[find_element]  用时:0.012s  
20191203_17_12_11_301005_16136report.log 2019-12-03 17:12:32  loga.py  writeLog [line:134] INFO 行号:53   PASS   查找元素[find_element]  用时:0.006s  
20191203_17_12_11_301005_16136report.log 2019-12-03 17:12:33  loga.py  writeLog [line:134] INFO 行号:53   PASS   左键单击[click]  用时:0.085s  
20191203_17_12_11_301005_16136report.log 2019-12-03 17:12:34  loga.py  writeLog [line:134] INFO 行号:54   PASS   查找元素[find_element]  用时:0.013s  
20191203_17_12_11_301005_16136report.log 2019-12-03 17:12:34  loga.py  writeLog [line:134] INFO 行号:54   PASS   左键单击[click]  用时:0.079s  
20191203_17_12_11_301005_16136report.log 2019-12-03 17:12:35  loga.py  writeLog [line:134] INFO 行号:56   PASS   查找元素[find_element]  用时:0.010s  
20191203_17_12_11_301005_16136report.log 2019-12-03 17:12:36  loga.py  writeLog [line:134] INFO 行号:56   PASS   左键单击[click]  用时:0.341s  
20191203_17_12_11_301005_16136report.log 2019-12-03 17:12:37  loga.py  putSystemLog [line:74] INFO 脚本运行完毕...
20191203_17_12_11_301005_16136report.log 2019-12-03 17:12:37  loga.py  putSystemLog [line:74] INFO 开始运行脚本<class 'script.testCase.Y3me项目.数字化建模.人力基础.入离职交接项配置.EasyCase'>
20191203_17_12_11_301005_16136report.log 2019-12-03 17:12:38  loga.py  writeLog [line:134] INFO 行号:21   PASS   刷新页面[refresh]  用时:0.256s  
20191203_17_12_11_301005_16136report.log 2019-12-03 17:12:39  loga.py  writeLog [line:134] INFO 行号:23   PASS   查找元素[find_element]  用时:0.018s  
20191203_17_12_11_301005_16136report.log 2019-12-03 17:12:39  loga.py  writeLog [line:134] INFO 行号:23   PASS   左键单击[click]  用时:0.056s  
20191203_17_12_11_301005_16136report.log 2019-12-03 17:12:41  loga.py  writeLog [line:134] INFO 行号:26   PASS   查找元素[find_element]  用时:0.010s  
20191203_17_12_11_301005_16136report.log 2019-12-03 17:12:42  loga.py  writeLog [line:134] INFO 行号:26   PASS   左键单击[click]  用时:0.081s  
20191203_17_12_11_301005_16136report.log 2019-12-03 17:12:44  loga.py  writeLog [line:134] INFO 行号:29   PASS   查找元素[find_element]  用时:0.009s  
20191203_17_12_11_301005_16136report.log 2019-12-03 17:12:46  loga.py  writeLog [line:134] INFO 行号:36   PASS   查找元素[find_element]  用时:0.008s  
20191203_17_12_11_301005_16136report.log 2019-12-03 17:12:51  loga.py  writeLog [line:134] INFO 行号:43   PASS   查找元素[find_element]  用时:0.184s  
20191203_17_12_11_301005_16136report.log 2019-12-03 17:12:54  loga.py  writeLog [line:134] INFO 行号:46   PASS   查找元素[find_element]  用时:0.009s  
20191203_17_12_11_301005_16136report.log 2019-12-03 17:12:54  loga.py  writeLog [line:134] INFO 行号:47   PASS   切换到表单[frame]  用时:0.017s  
20191203_17_12_11_301005_16136report.log 2019-12-03 17:12:55  loga.py  writeLog [line:134] INFO 行号:50   PASS   查找元素[find_element]  用时:0.010s  
20191203_17_12_11_301005_16136report.log 2019-12-03 17:12:56  loga.py  writeLog [line:134] INFO 行号:50   PASS   左键单击[click]  用时:0.071s  
20191203_17_12_11_301005_16136report.log 2019-12-03 17:12:59  loga.py  writeLog [line:134] INFO 行号:53   PASS   查找元素[find_element]  用时:0.010s  
20191203_17_12_11_301005_16136report.log 2019-12-03 17:12:59  loga.py  writeLog [line:134] INFO 行号:53   PASS   左键单击[click]  用时:0.083s  
20191203_17_12_11_301005_16136report.log 2019-12-03 17:13:01  loga.py  writeLog [line:134] INFO 行号:56   PASS   查找元素[find_element]  用时:0.009s  
20191203_17_12_11_301005_16136report.log 2019-12-03 17:13:01  loga.py  writeLog [line:134] INFO 行号:56   PASS   左键单击[click]  用时:0.069s  
20191203_17_12_11_301005_16136report.log 2019-12-03 17:13:03  loga.py  writeLog [line:134] INFO 行号:58   PASS   查找元素[find_element]  用时:0.067s  
20191203_17_12_11_301005_16136report.log 2019-12-03 17:13:03  loga.py  writeLog [line:134] INFO 行号:58   PASS   左键单击[click]  用时:0.072s  
20191203_17_12_11_301005_16136report.log 2019-12-03 17:13:05  loga.py  writeLog [line:134] INFO 行号:60   PASS   查找元素[find_element]  用时:0.030s  
20191203_17_12_11_301005_16136report.log 2019-12-03 17:13:05  loga.py  writeLog [line:134] INFO 行号:60   PASS   左键单击[click]  用时:0.098s  
20191203_17_12_11_301005_16136report.log 2019-12-03 17:13:06  loga.py  writeLog [line:134] INFO 行号:63   PASS   查找元素[find_element]  用时:0.010s  
20191203_17_12_11_301005_16136report.log 2019-12-03 17:13:07  loga.py  writeLog [line:134] INFO 行号:63   PASS   左键单击[click]  用时:0.088s  
20191203_17_12_11_301005_16136report.log 2019-12-03 17:13:08  loga.py  writeLog [line:134] INFO 行号:66   PASS   查找元素[find_element]  用时:0.009s  
20191203_17_12_11_301005_16136report.log 2019-12-03 17:13:08  loga.py  writeLog [line:134] INFO 行号:66   PASS   左键单击[click]  用时:0.075s  
20191203_17_12_11_301005_16136report.log 2019-12-03 17:13:09  loga.py  writeLog [line:134] INFO 行号:69   PASS   查找元素[find_element]  用时:0.006s  
20191203_17_12_11_301005_16136report.log 2019-12-03 17:13:10  loga.py  writeLog [line:134] INFO 行号:69   PASS   左键单击[click]  用时:0.055s  
20191203_17_12_11_301005_16136report.log 2019-12-03 17:13:11  loga.py  writeLog [line:134] INFO 行号:73   PASS   查找元素[find_element]  用时:0.010s  
20191203_17_12_11_301005_16136report.log 2019-12-03 17:13:11  loga.py  writeLog [line:134] INFO 行号:73   PASS   左键单击[click]  用时:0.092s  
20191203_17_12_11_301005_16136report.log 2019-12-03 17:13:13  loga.py  writeLog [line:134] INFO 行号:76   PASS   查找元素[find_element]  用时:0.149s  
20191203_17_12_11_301005_16136report.log 2019-12-03 17:13:13  loga.py  writeLog [line:134] INFO 行号:76   PASS   左键单击[click]  用时:0.050s  
20191203_17_12_11_301005_16136report.log 2019-12-03 17:13:14  loga.py  writeLog [line:134] INFO 行号:79   PASS   查找元素[find_element]  用时:0.006s  
20191203_17_12_11_301005_16136report.log 2019-12-03 17:13:15  loga.py  writeLog [line:134] INFO 行号:79   PASS   左键单击[click]  用时:0.056s  
20191203_17_12_11_301005_16136report.log 2019-12-03 17:13:16  loga.py  writeLog [line:134] INFO 行号:83   PASS   查找元素[find_element]  用时:0.010s  
20191203_17_12_11_301005_16136report.log 2019-12-03 17:13:16  loga.py  writeLog [line:134] INFO 行号:83   PASS   左键单击[click]  用时:0.082s  
20191203_17_12_11_301005_16136report.log 2019-12-03 17:13:17  loga.py  writeLog [line:134] INFO 行号:86   PASS   查找元素[find_element]  用时:0.013s  
20191203_17_12_11_301005_16136report.log 2019-12-03 17:13:18  loga.py  writeLog [line:134] INFO 行号:86   PASS   左键单击[click]  用时:0.050s  
20191203_17_12_11_301005_16136report.log 2019-12-03 17:13:19  loga.py  writeLog [line:134] INFO 行号:89   PASS   查找元素[find_element]  用时:0.007s  
20191203_17_12_11_301005_16136report.log 2019-12-03 17:13:19  loga.py  writeLog [line:134] INFO 行号:89   PASS   左键单击[click]  用时:0.057s  
20191203_17_12_11_301005_16136report.log 2019-12-03 17:13:20  loga.py  writeLog [line:134] INFO 行号:93   PASS   查找元素[find_element]  用时:0.010s  
20191203_17_12_11_301005_16136report.log 2019-12-03 17:13:21  loga.py  writeLog [line:134] INFO 行号:93   PASS   左键单击[click]  用时:0.112s  
20191203_17_12_11_301005_16136report.log 2019-12-03 17:13:24  loga.py  writeLog [line:134] INFO 行号:97   PASS   查找元素[find_element]  用时:0.011s  
20191203_17_12_11_301005_16136report.log 2019-12-03 17:13:25  loga.py  writeLog [line:134] INFO 行号:97   PASS   左键单击[click]  用时:0.066s  
20191203_17_12_11_301005_16136report.log 2019-12-03 17:13:26  loga.py  writeLog [line:134] INFO 行号:101  PASS   查找元素[find_element]  用时:0.011s  
20191203_17_12_11_301005_16136report.log 2019-12-03 17:13:27  loga.py  writeLog [line:134] INFO 行号:101  PASS   左键单击[click]  用时:0.082s  
20191203_17_12_11_301005_16136report.log 2019-12-03 17:13:29  loga.py  writeLog [line:134] INFO 行号:105  PASS   查找元素[find_element]  用时:0.010s  
20191203_17_12_11_301005_16136report.log 2019-12-03 17:13:29  loga.py  writeLog [line:134] INFO 行号:105  PASS   左键单击[click]  用时:0.062s  
20191203_17_12_11_301005_16136report.log 2019-12-03 17:13:30  loga.py  writeLog [line:134] INFO 行号:109  PASS   查找元素[find_element]  用时:0.010s  
20191203_17_12_11_301005_16136report.log 2019-12-03 17:13:31  loga.py  writeLog [line:134] INFO 行号:109  PASS   左键单击[click]  用时:0.081s  
20191203_17_12_11_301005_16136report.log 2019-12-03 17:13:33  loga.py  writeLog [line:134] INFO 行号:112  PASS   查找元素[find_element]  用时:0.022s  
20191203_17_12_11_301005_16136report.log 2019-12-03 17:13:34  loga.py  writeLog [line:134] INFO 行号:112  PASS   左键单击[click]  用时:0.086s  
20191203_17_12_11_301005_16136report.log 2019-12-03 17:13:37  loga.py  writeLog [line:134] INFO 行号:116  PASS   查找元素[find_element]  用时:0.012s  
20191203_17_12_11_301005_16136report.log 2019-12-03 17:13:37  loga.py  writeLog [line:134] INFO 行号:116  PASS   左键单击[click]  用时:0.103s  
20191203_17_12_11_301005_16136report.log 2019-12-03 17:13:39  loga.py  writeLog [line:134] INFO 行号:120  PASS   查找元素[find_element]  用时:0.011s  
20191203_17_12_11_301005_16136report.log 2019-12-03 17:13:40  loga.py  writeLog [line:134] INFO 行号:120  PASS   左键单击[click]  用时:0.061s  
20191203_17_12_11_301005_16136report.log 2019-12-03 17:13:41  loga.py  writeLog [line:134] INFO 行号:127  PASS   查找元素[find_element]  用时:0.010s  
20191203_17_12_11_301005_16136report.log 2019-12-03 17:13:41  loga.py  writeLog [line:134] INFO 行号:127  PASS   左键单击[click]  用时:0.063s  
20191203_17_12_11_301005_16136report.log 2019-12-03 17:13:43  loga.py  writeLog [line:134] INFO 行号:129  PASS   查找元素[find_element]  用时:0.012s  
20191203_17_12_11_301005_16136report.log 2019-12-03 17:13:44  loga.py  writeLog [line:134] INFO 行号:129  PASS   左键单击[click]  用时:0.049s  
20191203_17_12_11_301005_16136report.log 2019-12-03 17:13:45  loga.py  putSystemLog [line:74] INFO 脚本运行完毕...
20191203_17_12_11_301005_16136report.log 2019-12-03 17:13:45  loga.py  putSystemLog [line:74] INFO 开始运行脚本<class 'script.testCase.U8EX项目.公共.U8EX登出.EasyCase'>
20191203_17_12_11_301005_16136report.log 2019-12-03 17:13:45  loga.py  writeLog [line:134] INFO 行号:24   PASS   刷新页面[refresh]  用时:0.011s  
20191203_17_12_11_301005_16136report.log 2019-12-03 17:13:47  loga.py  writeLog [line:134] INFO 行号:26   PASS   查找元素[find_element]  用时:0.010s  
20191203_17_12_11_301005_16136report.log 2019-12-03 17:13:47  loga.py  writeLog [line:134] INFO 行号:26   PASS   左键单击[click]  用时:0.051s  
20191203_17_12_11_301005_16136report.log 2019-12-03 17:13:48  loga.py  writeLog [line:134] INFO 行号:27   PASS   查找元素[find_element]  用时:0.037s  
20191203_17_12_11_301005_16136report.log 2019-12-03 17:13:49  loga.py  writeLog [line:134] INFO 行号:27   PASS   左键单击[click]  用时:0.497s  
20191203_17_12_11_301005_16136report.log 2019-12-03 17:13:50  loga.py  putSystemLog [line:74] INFO 脚本运行完毕...
20191203_17_12_11_301005_16136report.log 2019-12-03 17:13:51  loga.py  writeLog [line:134] INFO 行号:0    PASS   关闭浏览器[quit]  用时:0.201s  
20191203_17_12_11_301005_16136report.log 2019-12-03 17:13:54  loga.py  putSystemLog [line:74] INFO 场景<1>结束.用时:102.843s.
20191203_17_12_11_301005_16136report.log 2019-12-03 17:13:54  loga.py  putSystemLog [line:74] INFO 场景统计结果：PASS: 91(100.00%),FAIL:  0(0.00%),ERROR:  0(0.00%),TRUE:  0,FALSE:  0

20191203_17_12_11_301005_16136report.log 2019-12-03 17:13:54  loga.py  putSystemLog [line:74] INFO ----------------------------------------
20191203_17_12_11_301005_16136report.log 2019-12-03 17:13:54  loga.py  putSystemLog [line:74] INFO End.
20191203_17_12_11_301005_16136report.log 2019-12-03 17:13:54  loga.py  putSystemLog [line:74] INFO 测试方案统计结果:
                    场景<1>:PASS: 91(100.00%),FAIL:  0(0.00%),ERROR:  0(0.00%),TRUE:  0,FALSE:  0
                    总   计:PASS: 91(100.00%),FAIL:  0(0.00%),ERROR:  0(0.00%),TRUE:  0,FALSE:  0

