20191203_18_19_14_461972_18412report.log 2019-12-03 18:19:14  loga.py  putSystemLog [line:74] INFO Start.
20191203_18_19_14_461972_18412report.log 2019-12-03 18:19:14  loga.py  putSystemLog [line:74] INFO 场景<1>开始.
20191203_18_19_14_461972_18412report.log 2019-12-03 18:19:18  loga.py  writeLog [line:134] INFO 行号:0    PASS   最大化浏览器窗口[maximize_window]  用时:1.121s  
20191203_18_19_14_461972_18412report.log 2019-12-03 18:19:19  loga.py  putSystemLog [line:74] INFO chrome浏览器启动成功.
20191203_18_19_14_461972_18412report.log 2019-12-03 18:19:19  loga.py  putSystemLog [line:74] INFO 开始加载脚本...
20191203_18_19_14_461972_18412report.log 2019-12-03 18:19:19  loga.py  putSystemLog [line:74] INFO 脚本<1>：U8EX登录 加载成功.脚本路径：script/testCase/U8EX项目/公共/U8EX登录
20191203_18_19_14_461972_18412report.log 2019-12-03 18:19:19  loga.py  putSystemLog [line:74] INFO 脚本<2>：入离职交接项配置 加载成功.脚本路径：script/testCase/Y3me项目/数字化建模/人力基础/入离职交接项配置
20191203_18_19_14_461972_18412report.log 2019-12-03 18:19:19  loga.py  putSystemLog [line:74] INFO 脚本<3>：U8EX登出 加载成功.脚本路径：script/testCase/U8EX项目/公共/U8EX登出
20191203_18_19_14_461972_18412report.log 2019-12-03 18:19:19  loga.py  putSystemLog [line:74] INFO 脚本加载完成...
20191203_18_19_14_461972_18412report.log 2019-12-03 18:19:19  loga.py  putSystemLog [line:74] INFO 开始运行脚本<class 'script.testCase.U8EX项目.公共.U8EX登录.EasyCase'>
20191203_18_19_14_461972_18412report.log 2019-12-03 18:19:20  loga.py  writeLog [line:134] INFO 行号:27   PASS   访问页面[get]  用时:1.419s  
20191203_18_19_14_461972_18412report.log 2019-12-03 18:19:21  loga.py  writeLog [line:134] INFO 行号:29   PASS   查找元素[find_element]  用时:0.011s  
20191203_18_19_14_461972_18412report.log 2019-12-03 18:19:22  loga.py  writeLog [line:134] INFO 行号:30   PASS   查找元素[find_element]  用时:0.007s  
20191203_18_19_14_461972_18412report.log 2019-12-03 18:19:22  loga.py  writeLog [line:134] INFO 行号:30   PASS   左键单击[click]  用时:0.052s  
20191203_18_19_14_461972_18412report.log 2019-12-03 18:19:23  loga.py  writeLog [line:134] INFO 行号:34   PASS   查找元素[find_element]  用时:0.008s  
20191203_18_19_14_461972_18412report.log 2019-12-03 18:19:24  loga.py  writeLog [line:134] INFO 行号:35   PASS   查找元素[find_element]  用时:0.006s  
20191203_18_19_14_461972_18412report.log 2019-12-03 18:19:24  loga.py  writeLog [line:134] INFO 行号:36   PASS   切换到表单[frame]  用时:0.016s  
20191203_18_19_14_461972_18412report.log 2019-12-03 18:19:26  loga.py  writeLog [line:134] INFO 行号:39   PASS   查找元素[find_element]  用时:0.010s  
20191203_18_19_14_461972_18412report.log 2019-12-03 18:19:27  loga.py  writeLog [line:134] INFO 行号:40   PASS   查找元素[find_element]  用时:0.005s  
20191203_18_19_14_461972_18412report.log 2019-12-03 18:19:27  loga.py  writeLog [line:134] INFO 行号:40   PASS   清除文本[clear]  用时:0.018s  
20191203_18_19_14_461972_18412report.log 2019-12-03 18:19:28  loga.py  writeLog [line:134] INFO 行号:41   PASS   查找元素[find_element]  用时:0.006s  
20191203_18_19_14_461972_18412report.log 2019-12-03 18:19:29  loga.py  writeLog [line:134] INFO 行号:41   PASS   模拟输入[send_keys]  用时:0.084s  
20191203_18_19_14_461972_18412report.log 2019-12-03 18:19:30  loga.py  writeLog [line:134] INFO 行号:42   PASS   查找元素[find_element]  用时:0.011s  
20191203_18_19_14_461972_18412report.log 2019-12-03 18:19:30  loga.py  writeLog [line:134] INFO 行号:42   PASS   清除文本[clear]  用时:0.018s  
20191203_18_19_14_461972_18412report.log 2019-12-03 18:19:31  loga.py  writeLog [line:134] INFO 行号:43   PASS   查找元素[find_element]  用时:0.006s  
20191203_18_19_14_461972_18412report.log 2019-12-03 18:19:32  loga.py  writeLog [line:134] INFO 行号:43   PASS   模拟输入[send_keys]  用时:0.082s  
20191203_18_19_14_461972_18412report.log 2019-12-03 18:19:33  loga.py  writeLog [line:134] INFO 行号:45   PASS   查找元素[find_element]  用时:0.009s  
20191203_18_19_14_461972_18412report.log 2019-12-03 18:19:34  loga.py  writeLog [line:134] INFO 行号:46   PASS   查找元素[find_element]  用时:0.007s  
20191203_18_19_14_461972_18412report.log 2019-12-03 18:19:34  loga.py  writeLog [line:134] INFO 行号:46   PASS   左键单击[click]  用时:0.083s  
20191203_18_19_14_461972_18412report.log 2019-12-03 18:19:35  loga.py  writeLog [line:134] INFO 行号:52   PASS   查找元素[find_element]  用时:0.011s  
20191203_18_19_14_461972_18412report.log 2019-12-03 18:19:36  loga.py  writeLog [line:134] INFO 行号:53   PASS   查找元素[find_element]  用时:0.007s  
20191203_18_19_14_461972_18412report.log 2019-12-03 18:19:36  loga.py  writeLog [line:134] INFO 行号:53   PASS   左键单击[click]  用时:0.076s  
20191203_18_19_14_461972_18412report.log 2019-12-03 18:19:37  loga.py  writeLog [line:134] INFO 行号:54   PASS   查找元素[find_element]  用时:0.010s  
20191203_18_19_14_461972_18412report.log 2019-12-03 18:19:38  loga.py  writeLog [line:134] INFO 行号:54   PASS   左键单击[click]  用时:0.098s  
20191203_18_19_14_461972_18412report.log 2019-12-03 18:19:39  loga.py  writeLog [line:134] INFO 行号:56   PASS   查找元素[find_element]  用时:0.011s  
20191203_18_19_14_461972_18412report.log 2019-12-03 18:19:40  loga.py  writeLog [line:134] INFO 行号:56   PASS   左键单击[click]  用时:0.433s  
20191203_18_19_14_461972_18412report.log 2019-12-03 18:19:41  loga.py  putSystemLog [line:74] INFO 脚本运行完毕...
20191203_18_19_14_461972_18412report.log 2019-12-03 18:19:41  loga.py  putSystemLog [line:74] INFO 开始运行脚本<class 'script.testCase.Y3me项目.数字化建模.人力基础.入离职交接项配置.EasyCase'>
20191203_18_19_14_461972_18412report.log 2019-12-03 18:19:41  loga.py  writeLog [line:134] INFO 行号:22   PASS   刷新页面[refresh]  用时:0.007s  
20191203_18_19_14_461972_18412report.log 2019-12-03 18:19:42  loga.py  writeLog [line:134] INFO 行号:24   PASS   查找元素[find_element]  用时:0.010s  
20191203_18_19_14_461972_18412report.log 2019-12-03 18:19:42  loga.py  writeLog [line:134] INFO 行号:24   PASS   左键单击[click]  用时:0.103s  
20191203_18_19_14_461972_18412report.log 2019-12-03 18:19:44  loga.py  writeLog [line:134] INFO 行号:27   PASS   查找元素[find_element]  用时:0.010s  
20191203_18_19_14_461972_18412report.log 2019-12-03 18:19:45  loga.py  writeLog [line:134] INFO 行号:27   PASS   左键单击[click]  用时:0.051s  
20191203_18_19_14_461972_18412report.log 2019-12-03 18:19:47  loga.py  writeLog [line:134] INFO 行号:30   PASS   查找元素[find_element]  用时:0.028s  
20191203_18_19_14_461972_18412report.log 2019-12-03 18:19:50  loga.py  writeLog [line:134] INFO 行号:37   PASS   查找元素[find_element]  用时:0.010s  
20191203_18_19_14_461972_18412report.log 2019-12-03 18:19:54  loga.py  writeLog [line:134] INFO 行号:44   PASS   查找元素[find_element]  用时:0.013s  
20191203_18_19_14_461972_18412report.log 2019-12-03 18:19:57  loga.py  writeLog [line:134] INFO 行号:47   PASS   查找元素[find_element]  用时:0.025s  
20191203_18_19_14_461972_18412report.log 2019-12-03 18:19:57  loga.py  writeLog [line:134] INFO 行号:48   PASS   切换到表单[frame]  用时:0.016s  
20191203_18_19_14_461972_18412report.log 2019-12-03 18:19:58  loga.py  writeLog [line:134] INFO 行号:51   PASS   查找元素[find_element]  用时:0.009s  
20191203_18_19_14_461972_18412report.log 2019-12-03 18:19:59  loga.py  writeLog [line:134] INFO 行号:51   PASS   左键单击[click]  用时:0.108s  
20191203_18_19_14_461972_18412report.log 2019-12-03 18:20:02  loga.py  writeLog [line:134] INFO 行号:54   PASS   查找元素[find_element]  用时:0.022s  
20191203_18_19_14_461972_18412report.log 2019-12-03 18:20:02  loga.py  writeLog [line:134] INFO 行号:54   PASS   左键单击[click]  用时:0.077s  
20191203_18_19_14_461972_18412report.log 2019-12-03 18:20:04  loga.py  writeLog [line:134] INFO 行号:57   PASS   查找元素[find_element]  用时:0.013s  
20191203_18_19_14_461972_18412report.log 2019-12-03 18:20:05  loga.py  writeLog [line:134] INFO 行号:57   PASS   左键单击[click]  用时:0.083s  
20191203_18_19_14_461972_18412report.log 2019-12-03 18:20:06  loga.py  writeLog [line:134] INFO 行号:59   PASS   查找元素[find_element]  用时:0.011s  
20191203_18_19_14_461972_18412report.log 2019-12-03 18:20:07  loga.py  writeLog [line:134] INFO 行号:59   PASS   左键单击[click]  用时:0.058s  
20191203_18_19_14_461972_18412report.log 2019-12-03 18:20:08  loga.py  writeLog [line:134] INFO 行号:61   PASS   查找元素[find_element]  用时:0.010s  
20191203_18_19_14_461972_18412report.log 2019-12-03 18:20:08  loga.py  writeLog [line:134] INFO 行号:61   PASS   左键单击[click]  用时:0.082s  
20191203_18_19_14_461972_18412report.log 2019-12-03 18:20:09  loga.py  writeLog [line:134] INFO 行号:64   PASS   查找元素[find_element]  用时:0.017s  
20191203_18_19_14_461972_18412report.log 2019-12-03 18:20:10  loga.py  writeLog [line:134] INFO 行号:64   PASS   左键单击[click]  用时:0.088s  
20191203_18_19_14_461972_18412report.log 2019-12-03 18:20:11  loga.py  writeLog [line:134] INFO 行号:67   PASS   查找元素[find_element]  用时:0.009s  
20191203_18_19_14_461972_18412report.log 2019-12-03 18:20:11  loga.py  writeLog [line:134] INFO 行号:67   PASS   左键单击[click]  用时:0.073s  
20191203_18_19_14_461972_18412report.log 2019-12-03 18:20:12  loga.py  writeLog [line:134] INFO 行号:70   PASS   查找元素[find_element]  用时:0.019s  
20191203_18_19_14_461972_18412report.log 2019-12-03 18:20:13  loga.py  writeLog [line:134] INFO 行号:70   PASS   左键单击[click]  用时:0.071s  
20191203_18_19_14_461972_18412report.log 2019-12-03 18:20:14  loga.py  writeLog [line:134] INFO 行号:74   PASS   查找元素[find_element]  用时:0.009s  
20191203_18_19_14_461972_18412report.log 2019-12-03 18:20:15  loga.py  writeLog [line:134] INFO 行号:74   PASS   左键单击[click]  用时:0.087s  
20191203_18_19_14_461972_18412report.log 2019-12-03 18:20:16  loga.py  writeLog [line:134] INFO 行号:77   PASS   查找元素[find_element]  用时:0.014s  
20191203_18_19_14_461972_18412report.log 2019-12-03 18:20:16  loga.py  writeLog [line:134] INFO 行号:77   PASS   左键单击[click]  用时:0.048s  
20191203_18_19_14_461972_18412report.log 2019-12-03 18:20:17  loga.py  writeLog [line:134] INFO 行号:80   PASS   查找元素[find_element]  用时:0.007s  
20191203_18_19_14_461972_18412report.log 2019-12-03 18:20:18  loga.py  writeLog [line:134] INFO 行号:80   PASS   左键单击[click]  用时:0.062s  
20191203_18_19_14_461972_18412report.log 2019-12-03 18:20:19  loga.py  writeLog [line:134] INFO 行号:84   PASS   查找元素[find_element]  用时:0.017s  
20191203_18_19_14_461972_18412report.log 2019-12-03 18:20:19  loga.py  writeLog [line:134] INFO 行号:84   PASS   左键单击[click]  用时:0.080s  
20191203_18_19_14_461972_18412report.log 2019-12-03 18:20:20  loga.py  writeLog [line:134] INFO 行号:87   PASS   查找元素[find_element]  用时:0.007s  
20191203_18_19_14_461972_18412report.log 2019-12-03 18:20:21  loga.py  writeLog [line:134] INFO 行号:87   PASS   左键单击[click]  用时:0.049s  
20191203_18_19_14_461972_18412report.log 2019-12-03 18:20:22  loga.py  writeLog [line:134] INFO 行号:90   PASS   查找元素[find_element]  用时:0.006s  
20191203_18_19_14_461972_18412report.log 2019-12-03 18:20:22  loga.py  writeLog [line:134] INFO 行号:90   PASS   左键单击[click]  用时:0.059s  
20191203_18_19_14_461972_18412report.log 2019-12-03 18:20:23  loga.py  writeLog [line:134] INFO 行号:93   PASS   查找元素[find_element]  用时:0.009s  
20191203_18_19_14_461972_18412report.log 2019-12-03 18:20:24  loga.py  writeLog [line:134] INFO 行号:93   PASS   左键单击[click]  用时:0.074s  
20191203_18_19_14_461972_18412report.log 2019-12-03 18:20:25  loga.py  writeLog [line:134] INFO 行号:95   PASS   查找元素[find_element]  用时:0.007s  
20191203_18_19_14_461972_18412report.log 2019-12-03 18:20:26  loga.py  writeLog [line:134] INFO 行号:96   PASS   模拟输入[send_keys]  用时:0.044s  
20191203_18_19_14_461972_18412report.log 2019-12-03 18:20:29  loga.py  writeLog [line:134] INFO 行号:98   PASS   查找元素[find_element]  用时:0.010s  
20191203_18_19_14_461972_18412report.log 2019-12-03 18:20:29  loga.py  writeLog [line:134] INFO 行号:98   PASS   左键单击[click]  用时:0.075s  
20191203_18_19_14_461972_18412report.log 2019-12-03 18:20:31  loga.py  writeLog [line:134] INFO 行号:120  PASS   查找元素[find_element]  用时:0.010s  
20191203_18_19_14_461972_18412report.log 2019-12-03 18:20:32  loga.py  writeLog [line:134] INFO 行号:120  PASS   左键单击[click]  用时:0.079s  
20191203_18_19_14_461972_18412report.log 2019-12-03 18:20:45  loga.py  writeLog [line:134] INFO 行号:124  PASS   查找元素[find_element]  用时:10.517s  
20191203_18_19_14_461972_18412report.log 2019-12-03 18:20:46  loga.py  writeLog [line:134] INFO 行号:124  PASS   左键单击[click]  用时:0.134s  
20191203_18_19_14_461972_18412report.log 2019-12-03 18:20:48  loga.py  writeLog [line:134] INFO 行号:128  PASS   查找元素[find_element]  用时:0.017s  
20191203_18_19_14_461972_18412report.log 2019-12-03 18:20:49  loga.py  writeLog [line:134] INFO 行号:128  PASS   左键单击[click]  用时:0.069s  
20191203_18_19_14_461972_18412report.log 2019-12-03 18:20:50  loga.py  writeLog [line:134] INFO 行号:135  PASS   查找元素[find_element]  用时:0.028s  
20191203_18_19_14_461972_18412report.log 2019-12-03 18:20:50  loga.py  writeLog [line:134] INFO 行号:135  PASS   左键单击[click]  用时:0.061s  
20191203_18_19_14_461972_18412report.log 2019-12-03 18:20:52  loga.py  writeLog [line:134] INFO 行号:137  PASS   查找元素[find_element]  用时:0.008s  
20191203_18_19_14_461972_18412report.log 2019-12-03 18:20:53  loga.py  writeLog [line:134] INFO 行号:137  PASS   左键单击[click]  用时:0.050s  
20191203_18_19_14_461972_18412report.log 2019-12-03 18:20:54  loga.py  putSystemLog [line:74] INFO 脚本运行完毕...
20191203_18_19_14_461972_18412report.log 2019-12-03 18:20:54  loga.py  putSystemLog [line:74] INFO 开始运行脚本<class 'script.testCase.U8EX项目.公共.U8EX登出.EasyCase'>
20191203_18_19_14_461972_18412report.log 2019-12-03 18:20:54  loga.py  writeLog [line:134] INFO 行号:24   PASS   刷新页面[refresh]  用时:0.016s  
20191203_18_19_14_461972_18412report.log 2019-12-03 18:20:56  loga.py  writeLog [line:134] INFO 行号:26   PASS   查找元素[find_element]  用时:0.010s  
20191203_18_19_14_461972_18412report.log 2019-12-03 18:20:56  loga.py  writeLog [line:134] INFO 行号:26   PASS   左键单击[click]  用时:0.049s  
20191203_18_19_14_461972_18412report.log 2019-12-03 18:20:57  loga.py  writeLog [line:134] INFO 行号:27   PASS   查找元素[find_element]  用时:0.012s  
20191203_18_19_14_461972_18412report.log 2019-12-03 18:20:58  loga.py  writeLog [line:134] INFO 行号:27   PASS   左键单击[click]  用时:0.518s  
20191203_18_19_14_461972_18412report.log 2019-12-03 18:20:59  loga.py  putSystemLog [line:74] INFO 脚本运行完毕...
20191203_18_19_14_461972_18412report.log 2019-12-03 18:21:00  loga.py  writeLog [line:134] INFO 行号:0    PASS   关闭浏览器[quit]  用时:0.407s  
20191203_18_19_14_461972_18412report.log 2019-12-03 18:21:03  loga.py  putSystemLog [line:74] INFO 场景<1>结束.用时:108.729s.
20191203_18_19_14_461972_18412report.log 2019-12-03 18:21:03  loga.py  putSystemLog [line:74] INFO 场景统计结果：PASS: 87(100.00%),FAIL:  0(0.00%),ERROR:  0(0.00%),TRUE:  0,FALSE:  0

20191203_18_19_14_461972_18412report.log 2019-12-03 18:21:03  loga.py  putSystemLog [line:74] INFO ----------------------------------------
20191203_18_19_14_461972_18412report.log 2019-12-03 18:21:03  loga.py  putSystemLog [line:74] INFO End.
20191203_18_19_14_461972_18412report.log 2019-12-03 18:21:03  loga.py  putSystemLog [line:74] INFO 测试方案统计结果:
                    场景<1>:PASS: 87(100.00%),FAIL:  0(0.00%),ERROR:  0(0.00%),TRUE:  0,FALSE:  0
                    总   计:PASS: 87(100.00%),FAIL:  0(0.00%),ERROR:  0(0.00%),TRUE:  0,FALSE:  0

