20191203_14_15_06_289112_8292report.log 2019-12-03 14:15:06  loga.py  putSystemLog [line:74] INFO Start.
20191203_14_15_06_289112_8292report.log 2019-12-03 14:15:06  loga.py  putSystemLog [line:74] INFO 场景<1>开始.
20191203_14_15_06_289112_8292report.log 2019-12-03 14:15:09  loga.py  writeLog [line:134] INFO 行号:0    PASS   最大化浏览器窗口[maximize_window]  用时:1.113s  
20191203_14_15_06_289112_8292report.log 2019-12-03 14:15:10  loga.py  putSystemLog [line:74] INFO chrome浏览器启动成功.
20191203_14_15_06_289112_8292report.log 2019-12-03 14:15:10  loga.py  putSystemLog [line:74] INFO 开始加载脚本...
20191203_14_15_06_289112_8292report.log 2019-12-03 14:15:10  loga.py  putSystemLog [line:74] INFO 脚本<1>：U8EX登录 加载成功.脚本路径：script/testCase/U8EX项目/公共/U8EX登录
20191203_14_15_06_289112_8292report.log 2019-12-03 14:15:10  loga.py  putSystemLog [line:74] INFO 脚本<2>：报账模板管理 加载成功.脚本路径：script/testCase/Y3me项目/数字化建模/费用管理/报账模板管理
20191203_14_15_06_289112_8292report.log 2019-12-03 14:15:10  loga.py  putSystemLog [line:74] INFO 脚本<3>：U8EX登出 加载成功.脚本路径：script/testCase/U8EX项目/公共/U8EX登出
20191203_14_15_06_289112_8292report.log 2019-12-03 14:15:10  loga.py  putSystemLog [line:74] INFO 脚本加载完成...
20191203_14_15_06_289112_8292report.log 2019-12-03 14:15:10  loga.py  putSystemLog [line:74] INFO 开始运行脚本<class 'script.testCase.U8EX项目.公共.U8EX登录.EasyCase'>
20191203_14_15_06_289112_8292report.log 2019-12-03 14:15:12  loga.py  writeLog [line:134] INFO 行号:27   PASS   访问页面[get]  用时:1.404s  
20191203_14_15_06_289112_8292report.log 2019-12-03 14:15:13  loga.py  writeLog [line:134] INFO 行号:29   PASS   查找元素[find_element]  用时:0.011s  
20191203_14_15_06_289112_8292report.log 2019-12-03 14:15:13  loga.py  writeLog [line:134] INFO 行号:30   PASS   查找元素[find_element]  用时:0.007s  
20191203_14_15_06_289112_8292report.log 2019-12-03 14:15:14  loga.py  writeLog [line:134] INFO 行号:30   PASS   左键单击[click]  用时:0.050s  
20191203_14_15_06_289112_8292report.log 2019-12-03 14:15:15  loga.py  writeLog [line:134] INFO 行号:34   PASS   查找元素[find_element]  用时:0.026s  
20191203_14_15_06_289112_8292report.log 2019-12-03 14:15:16  loga.py  writeLog [line:134] INFO 行号:35   PASS   查找元素[find_element]  用时:0.013s  
20191203_14_15_06_289112_8292report.log 2019-12-03 14:15:16  loga.py  writeLog [line:134] INFO 行号:36   PASS   切换到表单[frame]  用时:0.024s  
20191203_14_15_06_289112_8292report.log 2019-12-03 14:15:18  loga.py  writeLog [line:134] INFO 行号:39   PASS   查找元素[find_element]  用时:0.012s  
20191203_14_15_06_289112_8292report.log 2019-12-03 14:15:19  loga.py  writeLog [line:134] INFO 行号:40   PASS   查找元素[find_element]  用时:0.007s  
20191203_14_15_06_289112_8292report.log 2019-12-03 14:15:19  loga.py  writeLog [line:134] INFO 行号:40   PASS   清除文本[clear]  用时:0.033s  
20191203_14_15_06_289112_8292report.log 2019-12-03 14:15:20  loga.py  writeLog [line:134] INFO 行号:41   PASS   查找元素[find_element]  用时:0.007s  
20191203_14_15_06_289112_8292report.log 2019-12-03 14:15:21  loga.py  writeLog [line:134] INFO 行号:41   PASS   模拟输入[send_keys]  用时:0.120s  
20191203_14_15_06_289112_8292report.log 2019-12-03 14:15:22  loga.py  writeLog [line:134] INFO 行号:42   PASS   查找元素[find_element]  用时:0.009s  
20191203_14_15_06_289112_8292report.log 2019-12-03 14:15:22  loga.py  writeLog [line:134] INFO 行号:42   PASS   清除文本[clear]  用时:0.039s  
20191203_14_15_06_289112_8292report.log 2019-12-03 14:15:23  loga.py  writeLog [line:134] INFO 行号:43   PASS   查找元素[find_element]  用时:0.007s  
20191203_14_15_06_289112_8292report.log 2019-12-03 14:15:24  loga.py  writeLog [line:134] INFO 行号:43   PASS   模拟输入[send_keys]  用时:0.099s  
20191203_14_15_06_289112_8292report.log 2019-12-03 14:15:25  loga.py  writeLog [line:134] INFO 行号:45   PASS   查找元素[find_element]  用时:0.010s  
20191203_14_15_06_289112_8292report.log 2019-12-03 14:15:25  loga.py  writeLog [line:134] INFO 行号:46   PASS   查找元素[find_element]  用时:0.010s  
20191203_14_15_06_289112_8292report.log 2019-12-03 14:15:26  loga.py  writeLog [line:134] INFO 行号:46   PASS   左键单击[click]  用时:0.129s  
20191203_14_15_06_289112_8292report.log 2019-12-03 14:15:28  loga.py  writeLog [line:134] INFO 行号:52   PASS   查找元素[find_element]  用时:0.026s  
20191203_14_15_06_289112_8292report.log 2019-12-03 14:15:28  loga.py  writeLog [line:134] INFO 行号:53   PASS   查找元素[find_element]  用时:0.011s  
20191203_14_15_06_289112_8292report.log 2019-12-03 14:15:29  loga.py  writeLog [line:134] INFO 行号:53   PASS   左键单击[click]  用时:0.065s  
20191203_14_15_06_289112_8292report.log 2019-12-03 14:15:30  loga.py  writeLog [line:134] INFO 行号:54   PASS   查找元素[find_element]  用时:0.035s  
20191203_14_15_06_289112_8292report.log 2019-12-03 14:15:30  loga.py  writeLog [line:134] INFO 行号:54   PASS   左键单击[click]  用时:0.124s  
20191203_14_15_06_289112_8292report.log 2019-12-03 14:15:31  loga.py  writeLog [line:134] INFO 行号:56   PASS   查找元素[find_element]  用时:0.017s  
20191203_14_15_06_289112_8292report.log 2019-12-03 14:15:32  loga.py  writeLog [line:134] INFO 行号:56   PASS   左键单击[click]  用时:0.513s  
20191203_14_15_06_289112_8292report.log 2019-12-03 14:15:33  loga.py  putSystemLog [line:74] INFO 脚本运行完毕...
20191203_14_15_06_289112_8292report.log 2019-12-03 14:15:33  loga.py  putSystemLog [line:74] INFO 开始运行脚本<class 'script.testCase.Y3me项目.数字化建模.费用管理.报账模板管理.EasyCase'>
20191203_14_15_06_289112_8292report.log 2019-12-03 14:15:33  loga.py  writeLog [line:134] INFO 行号:25   PASS   刷新页面[refresh]  用时:0.023s  
20191203_14_15_06_289112_8292report.log 2019-12-03 14:15:34  loga.py  writeLog [line:134] INFO 行号:27   PASS   查找元素[find_element]  用时:0.035s  
20191203_14_15_06_289112_8292report.log 2019-12-03 14:15:35  loga.py  writeLog [line:134] INFO 行号:27   PASS   左键单击[click]  用时:0.060s  
20191203_14_15_06_289112_8292report.log 2019-12-03 14:15:37  loga.py  writeLog [line:134] INFO 行号:30   PASS   查找元素[find_element]  用时:0.018s  
20191203_14_15_06_289112_8292report.log 2019-12-03 14:15:37  loga.py  writeLog [line:134] INFO 行号:30   PASS   左键单击[click]  用时:0.051s  
20191203_14_15_06_289112_8292report.log 2019-12-03 14:15:40  loga.py  writeLog [line:134] INFO 行号:33   PASS   查找元素[find_element]  用时:0.026s  
20191203_14_15_06_289112_8292report.log 2019-12-03 14:15:42  loga.py  writeLog [line:134] INFO 行号:40   PASS   查找元素[find_element]  用时:0.009s  
20191203_14_15_06_289112_8292report.log 2019-12-03 14:15:47  loga.py  writeLog [line:134] INFO 行号:47   PASS   查找元素[find_element]  用时:0.009s  
20191203_14_15_06_289112_8292report.log 2019-12-03 14:15:49  loga.py  writeLog [line:134] INFO 行号:50   PASS   查找元素[find_element]  用时:0.404s  
20191203_14_15_06_289112_8292report.log 2019-12-03 14:15:49  loga.py  writeLog [line:134] INFO 行号:51   PASS   切换到表单[frame]  用时:0.019s  
20191203_14_15_06_289112_8292report.log 2019-12-03 14:15:50  loga.py  writeLog [line:134] INFO 行号:54   PASS   查找元素[find_element]  用时:0.012s  
20191203_14_15_06_289112_8292report.log 2019-12-03 14:15:51  loga.py  writeLog [line:134] INFO 行号:54   PASS   左键单击[click]  用时:0.128s  
20191203_14_15_06_289112_8292report.log 2019-12-03 14:15:52  loga.py  writeLog [line:134] INFO 行号:61   PASS   查找元素[find_element]  用时:0.033s  
20191203_14_15_06_289112_8292report.log 2019-12-03 14:15:52  loga.py  writeLog [line:134] INFO 行号:62   PASS   查找元素[find_element]  用时:0.006s  
20191203_14_15_06_289112_8292report.log 2019-12-03 14:15:53  loga.py  writeLog [line:134] INFO 行号:62   PASS   模拟输入[send_keys]  用时:0.674s  
20191203_14_15_06_289112_8292report.log 2019-12-03 14:15:54  loga.py  writeLog [line:134] INFO 行号:70   PASS   查找元素[find_element]  用时:0.015s  
20191203_14_15_06_289112_8292report.log 2019-12-03 14:15:55  loga.py  writeLog [line:134] INFO 行号:71   PASS   查找元素[find_element]  用时:0.013s  
20191203_14_15_06_289112_8292report.log 2019-12-03 14:15:56  loga.py  writeLog [line:134] INFO 行号:71   PASS   模拟输入[send_keys]  用时:0.429s  
20191203_14_15_06_289112_8292report.log 2019-12-03 14:15:57  loga.py  writeLog [line:134] INFO 行号:75   PASS   查找元素[find_element]  用时:0.038s  
20191203_14_15_06_289112_8292report.log 2019-12-03 14:15:58  loga.py  writeLog [line:134] INFO 行号:76   PASS   查找元素[find_element]  用时:0.006s  
20191203_14_15_06_289112_8292report.log 2019-12-03 14:15:58  loga.py  writeLog [line:134] INFO 行号:76   PASS   左键单击[click]  用时:0.173s  
20191203_14_15_06_289112_8292report.log 2019-12-03 14:15:59  loga.py  writeLog [line:134] INFO 行号:78   TRUE   断言：不包含[assertNotIn] 用时:0.001s TRUE.
20191203_14_15_06_289112_8292report.log 2019-12-03 14:16:00  loga.py  writeLog [line:134] INFO 行号:82   PASS   查找元素[find_element]  用时:0.925s  
20191203_14_15_06_289112_8292report.log 2019-12-03 14:16:01  loga.py  writeLog [line:134] INFO 行号:83   PASS   查找元素[find_element]  用时:0.006s  
20191203_14_15_06_289112_8292report.log 2019-12-03 14:16:02  loga.py  writeLog [line:134] INFO 行号:83   PASS   左键单击[click]  用时:0.380s  
20191203_14_15_06_289112_8292report.log 2019-12-03 14:16:03  loga.py  writeLog [line:134] INFO 行号:87   PASS   查找元素[find_element]  用时:0.013s  
20191203_14_15_06_289112_8292report.log 2019-12-03 14:16:03  loga.py  writeLog [line:134] INFO 行号:88   PASS   查找元素[find_element]  用时:0.007s  
20191203_14_15_06_289112_8292report.log 2019-12-03 14:16:04  loga.py  writeLog [line:134] INFO 行号:88   PASS   左键单击[click]  用时:0.071s  
20191203_14_15_06_289112_8292report.log 2019-12-03 14:16:05  loga.py  writeLog [line:134] INFO 行号:92   PASS   查找元素[find_element]  用时:0.027s  
20191203_14_15_06_289112_8292report.log 2019-12-03 14:16:05  loga.py  writeLog [line:134] INFO 行号:93   PASS   查找元素[find_element]  用时:0.006s  
20191203_14_15_06_289112_8292report.log 2019-12-03 14:16:06  loga.py  writeLog [line:134] INFO 行号:93   PASS   左键单击[click]  用时:0.179s  
20191203_14_15_06_289112_8292report.log 2019-12-03 14:16:07  loga.py  writeLog [line:134] INFO 行号:97   PASS   查找元素[find_element]  用时:0.018s  
20191203_14_15_06_289112_8292report.log 2019-12-03 14:16:07  loga.py  writeLog [line:134] INFO 行号:98   PASS   查找元素[find_element]  用时:0.007s  
20191203_14_15_06_289112_8292report.log 2019-12-03 14:16:08  loga.py  writeLog [line:134] INFO 行号:98   PASS   左键单击[click]  用时:0.145s  
20191203_14_15_06_289112_8292report.log 2019-12-03 14:16:09  loga.py  writeLog [line:134] INFO 行号:101  PASS   查找元素[find_element]  用时:0.013s  
20191203_14_15_06_289112_8292report.log 2019-12-03 14:16:10  loga.py  writeLog [line:134] INFO 行号:101  PASS   左键单击[click]  用时:0.063s  
20191203_14_15_06_289112_8292report.log 2019-12-03 14:16:12  loga.py  writeLog [line:134] INFO 行号:103  PASS   查找元素[find_element]  用时:0.011s  
20191203_14_15_06_289112_8292report.log 2019-12-03 14:16:12  loga.py  writeLog [line:134] INFO 行号:103  PASS   左键单击[click]  用时:0.051s  
20191203_14_15_06_289112_8292report.log 2019-12-03 14:16:13  loga.py  putSystemLog [line:74] INFO 脚本运行完毕...
20191203_14_15_06_289112_8292report.log 2019-12-03 14:16:13  loga.py  putSystemLog [line:74] INFO 开始运行脚本<class 'script.testCase.U8EX项目.公共.U8EX登出.EasyCase'>
20191203_14_15_06_289112_8292report.log 2019-12-03 14:16:13  loga.py  writeLog [line:134] INFO 行号:24   PASS   刷新页面[refresh]  用时:0.020s  
20191203_14_15_06_289112_8292report.log 2019-12-03 14:16:15  loga.py  writeLog [line:134] INFO 行号:26   PASS   查找元素[find_element]  用时:0.013s  
20191203_14_15_06_289112_8292report.log 2019-12-03 14:16:16  loga.py  writeLog [line:134] INFO 行号:26   PASS   左键单击[click]  用时:0.047s  
20191203_14_15_06_289112_8292report.log 2019-12-03 14:16:17  loga.py  writeLog [line:134] INFO 行号:27   PASS   查找元素[find_element]  用时:0.027s  
20191203_14_15_06_289112_8292report.log 2019-12-03 14:16:18  loga.py  writeLog [line:134] INFO 行号:27   PASS   左键单击[click]  用时:0.440s  
20191203_14_15_06_289112_8292report.log 2019-12-03 14:16:19  loga.py  putSystemLog [line:74] INFO 脚本运行完毕...
20191203_14_15_06_289112_8292report.log 2019-12-03 14:16:19  loga.py  writeLog [line:134] INFO 行号:0    PASS   关闭浏览器[quit]  用时:0.202s  
20191203_14_15_06_289112_8292report.log 2019-12-03 14:16:22  loga.py  putSystemLog [line:74] INFO 场景<1>结束.用时:76.259s.
20191203_14_15_06_289112_8292report.log 2019-12-03 14:16:22  loga.py  putSystemLog [line:74] INFO 场景统计结果：PASS: 70(100.00%),FAIL:  0(0.00%),ERROR:  0(0.00%),TRUE:  1,FALSE:  0

20191203_14_15_06_289112_8292report.log 2019-12-03 14:16:22  loga.py  putSystemLog [line:74] INFO ----------------------------------------
20191203_14_15_06_289112_8292report.log 2019-12-03 14:16:22  loga.py  putSystemLog [line:74] INFO End.
20191203_14_15_06_289112_8292report.log 2019-12-03 14:16:22  loga.py  putSystemLog [line:74] INFO 测试方案统计结果:
                    场景<1>:PASS: 70(100.00%),FAIL:  0(0.00%),ERROR:  0(0.00%),TRUE:  1,FALSE:  0
                    总   计:PASS: 70(100.00%),FAIL:  0(0.00%),ERROR:  0(0.00%),TRUE:  1,FALSE:  0

