20191203_18_16_26_269106_15560report.log 2019-12-03 18:16:26  loga.py  putSystemLog [line:74] INFO Start.
20191203_18_16_26_269106_15560report.log 2019-12-03 18:16:26  loga.py  putSystemLog [line:74] INFO 场景<1>开始.
20191203_18_16_26_269106_15560report.log 2019-12-03 18:16:30  loga.py  writeLog [line:134] INFO 行号:0    PASS   最大化浏览器窗口[maximize_window]  用时:1.121s  
20191203_18_16_26_269106_15560report.log 2019-12-03 18:16:31  loga.py  putSystemLog [line:74] INFO chrome浏览器启动成功.
20191203_18_16_26_269106_15560report.log 2019-12-03 18:16:31  loga.py  putSystemLog [line:74] INFO 开始加载脚本...
20191203_18_16_26_269106_15560report.log 2019-12-03 18:16:31  loga.py  putSystemLog [line:74] INFO 脚本<1>：U8EX登录 加载成功.脚本路径：script/testCase/U8EX项目/公共/U8EX登录
20191203_18_16_26_269106_15560report.log 2019-12-03 18:16:31  loga.py  putSystemLog [line:74] INFO 脚本<2>：入离职交接项配置 加载成功.脚本路径：script/testCase/Y3me项目/数字化建模/人力基础/入离职交接项配置
20191203_18_16_26_269106_15560report.log 2019-12-03 18:16:31  loga.py  putSystemLog [line:74] INFO 脚本<3>：U8EX登出 加载成功.脚本路径：script/testCase/U8EX项目/公共/U8EX登出
20191203_18_16_26_269106_15560report.log 2019-12-03 18:16:31  loga.py  putSystemLog [line:74] INFO 脚本加载完成...
20191203_18_16_26_269106_15560report.log 2019-12-03 18:16:31  loga.py  putSystemLog [line:74] INFO 开始运行脚本<class 'script.testCase.U8EX项目.公共.U8EX登录.EasyCase'>
20191203_18_16_26_269106_15560report.log 2019-12-03 18:16:33  loga.py  writeLog [line:134] INFO 行号:27   PASS   访问页面[get]  用时:2.310s  
20191203_18_16_26_269106_15560report.log 2019-12-03 18:16:34  loga.py  writeLog [line:134] INFO 行号:29   PASS   查找元素[find_element]  用时:0.011s  
20191203_18_16_26_269106_15560report.log 2019-12-03 18:16:34  loga.py  writeLog [line:134] INFO 行号:30   PASS   查找元素[find_element]  用时:0.005s  
20191203_18_16_26_269106_15560report.log 2019-12-03 18:16:35  loga.py  writeLog [line:134] INFO 行号:30   PASS   左键单击[click]  用时:0.051s  
20191203_18_16_26_269106_15560report.log 2019-12-03 18:16:36  loga.py  writeLog [line:134] INFO 行号:34   PASS   查找元素[find_element]  用时:0.010s  
20191203_18_16_26_269106_15560report.log 2019-12-03 18:16:37  loga.py  writeLog [line:134] INFO 行号:35   PASS   查找元素[find_element]  用时:0.006s  
20191203_18_16_26_269106_15560report.log 2019-12-03 18:16:37  loga.py  writeLog [line:134] INFO 行号:36   PASS   切换到表单[frame]  用时:0.015s  
20191203_18_16_26_269106_15560report.log 2019-12-03 18:16:39  loga.py  writeLog [line:134] INFO 行号:39   PASS   查找元素[find_element]  用时:0.011s  
20191203_18_16_26_269106_15560report.log 2019-12-03 18:16:40  loga.py  writeLog [line:134] INFO 行号:40   PASS   查找元素[find_element]  用时:0.008s  
20191203_18_16_26_269106_15560report.log 2019-12-03 18:16:40  loga.py  writeLog [line:134] INFO 行号:40   PASS   清除文本[clear]  用时:0.019s  
20191203_18_16_26_269106_15560report.log 2019-12-03 18:16:41  loga.py  writeLog [line:134] INFO 行号:41   PASS   查找元素[find_element]  用时:0.006s  
20191203_18_16_26_269106_15560report.log 2019-12-03 18:16:42  loga.py  writeLog [line:134] INFO 行号:41   PASS   模拟输入[send_keys]  用时:0.061s  
20191203_18_16_26_269106_15560report.log 2019-12-03 18:16:43  loga.py  writeLog [line:134] INFO 行号:42   PASS   查找元素[find_element]  用时:0.027s  
20191203_18_16_26_269106_15560report.log 2019-12-03 18:16:43  loga.py  writeLog [line:134] INFO 行号:42   PASS   清除文本[clear]  用时:0.018s  
20191203_18_16_26_269106_15560report.log 2019-12-03 18:16:44  loga.py  writeLog [line:134] INFO 行号:43   PASS   查找元素[find_element]  用时:0.008s  
20191203_18_16_26_269106_15560report.log 2019-12-03 18:16:45  loga.py  writeLog [line:134] INFO 行号:43   PASS   模拟输入[send_keys]  用时:0.050s  
20191203_18_16_26_269106_15560report.log 2019-12-03 18:16:46  loga.py  writeLog [line:134] INFO 行号:45   PASS   查找元素[find_element]  用时:0.010s  
20191203_18_16_26_269106_15560report.log 2019-12-03 18:16:46  loga.py  writeLog [line:134] INFO 行号:46   PASS   查找元素[find_element]  用时:0.007s  
20191203_18_16_26_269106_15560report.log 2019-12-03 18:16:47  loga.py  writeLog [line:134] INFO 行号:46   PASS   左键单击[click]  用时:0.084s  
20191203_18_16_26_269106_15560report.log 2019-12-03 18:16:48  loga.py  writeLog [line:134] INFO 行号:52   PASS   查找元素[find_element]  用时:0.011s  
20191203_18_16_26_269106_15560report.log 2019-12-03 18:16:48  loga.py  writeLog [line:134] INFO 行号:53   PASS   查找元素[find_element]  用时:0.009s  
20191203_18_16_26_269106_15560report.log 2019-12-03 18:16:49  loga.py  writeLog [line:134] INFO 行号:53   PASS   左键单击[click]  用时:0.065s  
20191203_18_16_26_269106_15560report.log 2019-12-03 18:16:50  loga.py  writeLog [line:134] INFO 行号:54   PASS   查找元素[find_element]  用时:0.010s  
20191203_18_16_26_269106_15560report.log 2019-12-03 18:16:51  loga.py  writeLog [line:134] INFO 行号:54   PASS   左键单击[click]  用时:0.163s  
20191203_18_16_26_269106_15560report.log 2019-12-03 18:16:52  loga.py  writeLog [line:134] INFO 行号:56   PASS   查找元素[find_element]  用时:0.009s  
20191203_18_16_26_269106_15560report.log 2019-12-03 18:16:53  loga.py  writeLog [line:134] INFO 行号:56   PASS   左键单击[click]  用时:0.342s  
20191203_18_16_26_269106_15560report.log 2019-12-03 18:16:54  loga.py  putSystemLog [line:74] INFO 脚本运行完毕...
20191203_18_16_26_269106_15560report.log 2019-12-03 18:16:54  loga.py  putSystemLog [line:74] INFO 开始运行脚本<class 'script.testCase.Y3me项目.数字化建模.人力基础.入离职交接项配置.EasyCase'>
20191203_18_16_26_269106_15560report.log 2019-12-03 18:16:54  loga.py  writeLog [line:134] INFO 行号:22   PASS   刷新页面[refresh]  用时:0.007s  
20191203_18_16_26_269106_15560report.log 2019-12-03 18:16:55  loga.py  writeLog [line:134] INFO 行号:24   PASS   查找元素[find_element]  用时:0.009s  
20191203_18_16_26_269106_15560report.log 2019-12-03 18:16:55  loga.py  writeLog [line:134] INFO 行号:24   PASS   左键单击[click]  用时:0.085s  
20191203_18_16_26_269106_15560report.log 2019-12-03 18:16:57  loga.py  writeLog [line:134] INFO 行号:27   PASS   查找元素[find_element]  用时:0.010s  
20191203_18_16_26_269106_15560report.log 2019-12-03 18:16:58  loga.py  writeLog [line:134] INFO 行号:27   PASS   左键单击[click]  用时:0.049s  
20191203_18_16_26_269106_15560report.log 2019-12-03 18:17:00  loga.py  writeLog [line:134] INFO 行号:30   PASS   查找元素[find_element]  用时:0.010s  
20191203_18_16_26_269106_15560report.log 2019-12-03 18:17:02  loga.py  writeLog [line:134] INFO 行号:37   PASS   查找元素[find_element]  用时:0.010s  
20191203_18_16_26_269106_15560report.log 2019-12-03 18:17:07  loga.py  writeLog [line:134] INFO 行号:44   PASS   查找元素[find_element]  用时:0.011s  
20191203_18_16_26_269106_15560report.log 2019-12-03 18:17:09  loga.py  writeLog [line:134] INFO 行号:47   PASS   查找元素[find_element]  用时:0.018s  
20191203_18_16_26_269106_15560report.log 2019-12-03 18:17:10  loga.py  writeLog [line:134] INFO 行号:48   PASS   切换到表单[frame]  用时:0.016s  
20191203_18_16_26_269106_15560report.log 2019-12-03 18:17:11  loga.py  writeLog [line:134] INFO 行号:51   PASS   查找元素[find_element]  用时:0.009s  
20191203_18_16_26_269106_15560report.log 2019-12-03 18:17:11  loga.py  writeLog [line:134] INFO 行号:51   PASS   左键单击[click]  用时:0.086s  
20191203_18_16_26_269106_15560report.log 2019-12-03 18:17:14  loga.py  writeLog [line:134] INFO 行号:54   PASS   查找元素[find_element]  用时:0.010s  
20191203_18_16_26_269106_15560report.log 2019-12-03 18:17:15  loga.py  writeLog [line:134] INFO 行号:54   PASS   左键单击[click]  用时:0.088s  
20191203_18_16_26_269106_15560report.log 2019-12-03 18:17:17  loga.py  writeLog [line:134] INFO 行号:57   PASS   查找元素[find_element]  用时:0.010s  
20191203_18_16_26_269106_15560report.log 2019-12-03 18:17:17  loga.py  writeLog [line:134] INFO 行号:57   PASS   左键单击[click]  用时:0.076s  
20191203_18_16_26_269106_15560report.log 2019-12-03 18:17:19  loga.py  writeLog [line:134] INFO 行号:59   PASS   查找元素[find_element]  用时:0.011s  
20191203_18_16_26_269106_15560report.log 2019-12-03 18:17:19  loga.py  writeLog [line:134] INFO 行号:59   PASS   左键单击[click]  用时:0.056s  
20191203_18_16_26_269106_15560report.log 2019-12-03 18:17:20  loga.py  writeLog [line:134] INFO 行号:61   PASS   查找元素[find_element]  用时:0.010s  
20191203_18_16_26_269106_15560report.log 2019-12-03 18:17:21  loga.py  writeLog [line:134] INFO 行号:61   PASS   左键单击[click]  用时:0.067s  
20191203_18_16_26_269106_15560report.log 2019-12-03 18:17:22  loga.py  writeLog [line:134] INFO 行号:64   PASS   查找元素[find_element]  用时:0.009s  
20191203_18_16_26_269106_15560report.log 2019-12-03 18:17:22  loga.py  writeLog [line:134] INFO 行号:64   PASS   左键单击[click]  用时:0.087s  
20191203_18_16_26_269106_15560report.log 2019-12-03 18:17:23  loga.py  writeLog [line:134] INFO 行号:67   PASS   查找元素[find_element]  用时:0.009s  
20191203_18_16_26_269106_15560report.log 2019-12-03 18:17:24  loga.py  writeLog [line:134] INFO 行号:67   PASS   左键单击[click]  用时:0.053s  
20191203_18_16_26_269106_15560report.log 2019-12-03 18:17:25  loga.py  writeLog [line:134] INFO 行号:70   PASS   查找元素[find_element]  用时:0.016s  
20191203_18_16_26_269106_15560report.log 2019-12-03 18:17:26  loga.py  writeLog [line:134] INFO 行号:70   PASS   左键单击[click]  用时:0.062s  
20191203_18_16_26_269106_15560report.log 2019-12-03 18:17:27  loga.py  writeLog [line:134] INFO 行号:74   PASS   查找元素[find_element]  用时:0.011s  
20191203_18_16_26_269106_15560report.log 2019-12-03 18:17:27  loga.py  writeLog [line:134] INFO 行号:74   PASS   左键单击[click]  用时:0.088s  
20191203_18_16_26_269106_15560report.log 2019-12-03 18:17:28  loga.py  writeLog [line:134] INFO 行号:77   PASS   查找元素[find_element]  用时:0.006s  
20191203_18_16_26_269106_15560report.log 2019-12-03 18:17:29  loga.py  writeLog [line:134] INFO 行号:77   PASS   左键单击[click]  用时:0.048s  
20191203_18_16_26_269106_15560report.log 2019-12-03 18:17:30  loga.py  writeLog [line:134] INFO 行号:80   PASS   查找元素[find_element]  用时:0.007s  
20191203_18_16_26_269106_15560report.log 2019-12-03 18:17:30  loga.py  writeLog [line:134] INFO 行号:80   PASS   左键单击[click]  用时:0.056s  
20191203_18_16_26_269106_15560report.log 2019-12-03 18:17:31  loga.py  writeLog [line:134] INFO 行号:84   PASS   查找元素[find_element]  用时:0.010s  
20191203_18_16_26_269106_15560report.log 2019-12-03 18:17:32  loga.py  writeLog [line:134] INFO 行号:84   PASS   左键单击[click]  用时:0.096s  
20191203_18_16_26_269106_15560report.log 2019-12-03 18:17:33  loga.py  writeLog [line:134] INFO 行号:87   PASS   查找元素[find_element]  用时:0.008s  
20191203_18_16_26_269106_15560report.log 2019-12-03 18:17:33  loga.py  writeLog [line:134] INFO 行号:87   PASS   左键单击[click]  用时:0.048s  
20191203_18_16_26_269106_15560report.log 2019-12-03 18:17:34  loga.py  writeLog [line:134] INFO 行号:90   PASS   查找元素[find_element]  用时:0.007s  
20191203_18_16_26_269106_15560report.log 2019-12-03 18:17:35  loga.py  writeLog [line:134] INFO 行号:90   PASS   左键单击[click]  用时:0.068s  
20191203_18_16_26_269106_15560report.log 2019-12-03 18:17:36  loga.py  writeLog [line:134] INFO 行号:93   PASS   查找元素[find_element]  用时:0.010s  
20191203_18_16_26_269106_15560report.log 2019-12-03 18:17:37  loga.py  writeLog [line:134] INFO 行号:93   PASS   左键单击[click]  用时:0.074s  
20191203_18_16_26_269106_15560report.log 2019-12-03 18:17:38  loga.py  writeLog [line:134] INFO 行号:95   PASS   查找元素[find_element]  用时:0.007s  
20191203_18_16_26_269106_15560report.log 2019-12-03 18:17:38  loga.py  writeLog [line:134] INFO 行号:96   PASS   模拟输入[send_keys]  用时:0.044s  
20191203_18_16_26_269106_15560report.log 2019-12-03 18:18:11  loga.py  writeLog [line:134] INFO 行号:98   FAIL   查找元素[find_element]  用时:30.052s  参数:{'list': '', 'dict': {'xpath': '//body/div[8]/div/div//ul[1]'}} 页面中没有该元素.NoSuchElementException
20191203_18_16_26_269106_15560report.log 2019-12-03 18:18:12  loga.py  writeLog [line:134] INFO 行号:98   ERROR  左键单击[click]  用时:0.000s  由于未找到元素，操作失败
20191203_18_16_26_269106_15560report.log 2019-12-03 18:18:14  loga.py  writeLog [line:134] INFO 行号:120  PASS   查找元素[find_element]  用时:0.013s  
20191203_18_16_26_269106_15560report.log 2019-12-03 18:18:14  loga.py  writeLog [line:134] INFO 行号:120  PASS   左键单击[click]  用时:0.108s  
