20191203_15_54_00_036614_4180report.log 2019-12-03 15:54:00  loga.py  putSystemLog [line:74] INFO Start.
20191203_15_54_00_036614_4180report.log 2019-12-03 15:54:00  loga.py  putSystemLog [line:74] INFO 场景<1>开始.
20191203_15_54_00_036614_4180report.log 2019-12-03 15:54:03  loga.py  writeLog [line:134] INFO 行号:0    PASS   最大化浏览器窗口[maximize_window]  用时:1.124s  
20191203_15_54_00_036614_4180report.log 2019-12-03 15:54:04  loga.py  putSystemLog [line:74] INFO chrome浏览器启动成功.
20191203_15_54_00_036614_4180report.log 2019-12-03 15:54:04  loga.py  putSystemLog [line:74] INFO 开始加载脚本...
20191203_15_54_00_036614_4180report.log 2019-12-03 15:54:04  loga.py  putSystemLog [line:74] INFO 脚本<1>：U8EX登录 加载成功.脚本路径：script/testCase/U8EX项目/公共/U8EX登录
20191203_15_54_00_036614_4180report.log 2019-12-03 15:54:04  loga.py  putSystemLog [line:74] INFO 脚本<2>：报账移动端配置 加载成功.脚本路径：script/testCase/Y3me项目/数字化建模/费用管理/报账移动端配置
20191203_15_54_00_036614_4180report.log 2019-12-03 15:54:04  loga.py  putSystemLog [line:74] INFO 脚本<3>：U8EX登出 加载成功.脚本路径：script/testCase/U8EX项目/公共/U8EX登出
20191203_15_54_00_036614_4180report.log 2019-12-03 15:54:04  loga.py  putSystemLog [line:74] INFO 脚本加载完成...
20191203_15_54_00_036614_4180report.log 2019-12-03 15:54:04  loga.py  putSystemLog [line:74] INFO 开始运行脚本<class 'script.testCase.U8EX项目.公共.U8EX登录.EasyCase'>
20191203_15_54_00_036614_4180report.log 2019-12-03 15:54:05  loga.py  writeLog [line:134] INFO 行号:27   PASS   访问页面[get]  用时:1.167s  
20191203_15_54_00_036614_4180report.log 2019-12-03 15:54:06  loga.py  writeLog [line:134] INFO 行号:29   PASS   查找元素[find_element]  用时:0.011s  
20191203_15_54_00_036614_4180report.log 2019-12-03 15:54:07  loga.py  writeLog [line:134] INFO 行号:30   PASS   查找元素[find_element]  用时:0.009s  
20191203_15_54_00_036614_4180report.log 2019-12-03 15:54:08  loga.py  writeLog [line:134] INFO 行号:30   PASS   左键单击[click]  用时:0.051s  
20191203_15_54_00_036614_4180report.log 2019-12-03 15:54:09  loga.py  writeLog [line:134] INFO 行号:34   PASS   查找元素[find_element]  用时:0.010s  
20191203_15_54_00_036614_4180report.log 2019-12-03 15:54:09  loga.py  writeLog [line:134] INFO 行号:35   PASS   查找元素[find_element]  用时:0.011s  
20191203_15_54_00_036614_4180report.log 2019-12-03 15:54:10  loga.py  writeLog [line:134] INFO 行号:36   PASS   切换到表单[frame]  用时:0.016s  
20191203_15_54_00_036614_4180report.log 2019-12-03 15:54:12  loga.py  writeLog [line:134] INFO 行号:39   PASS   查找元素[find_element]  用时:0.010s  
20191203_15_54_00_036614_4180report.log 2019-12-03 15:54:12  loga.py  writeLog [line:134] INFO 行号:40   PASS   查找元素[find_element]  用时:0.013s  
20191203_15_54_00_036614_4180report.log 2019-12-03 15:54:13  loga.py  writeLog [line:134] INFO 行号:40   PASS   清除文本[clear]  用时:0.021s  
20191203_15_54_00_036614_4180report.log 2019-12-03 15:54:14  loga.py  writeLog [line:134] INFO 行号:41   PASS   查找元素[find_element]  用时:0.023s  
20191203_15_54_00_036614_4180report.log 2019-12-03 15:54:14  loga.py  writeLog [line:134] INFO 行号:41   PASS   模拟输入[send_keys]  用时:0.113s  
20191203_15_54_00_036614_4180report.log 2019-12-03 15:54:15  loga.py  writeLog [line:134] INFO 行号:42   PASS   查找元素[find_element]  用时:0.017s  
20191203_15_54_00_036614_4180report.log 2019-12-03 15:54:16  loga.py  writeLog [line:134] INFO 行号:42   PASS   清除文本[clear]  用时:0.017s  
20191203_15_54_00_036614_4180report.log 2019-12-03 15:54:17  loga.py  writeLog [line:134] INFO 行号:43   PASS   查找元素[find_element]  用时:0.024s  
20191203_15_54_00_036614_4180report.log 2019-12-03 15:54:18  loga.py  writeLog [line:134] INFO 行号:43   PASS   模拟输入[send_keys]  用时:0.097s  
20191203_15_54_00_036614_4180report.log 2019-12-03 15:54:19  loga.py  writeLog [line:134] INFO 行号:45   PASS   查找元素[find_element]  用时:0.031s  
20191203_15_54_00_036614_4180report.log 2019-12-03 15:54:19  loga.py  writeLog [line:134] INFO 行号:46   PASS   查找元素[find_element]  用时:0.006s  
20191203_15_54_00_036614_4180report.log 2019-12-03 15:54:20  loga.py  writeLog [line:134] INFO 行号:46   PASS   左键单击[click]  用时:0.080s  
20191203_15_54_00_036614_4180report.log 2019-12-03 15:54:21  loga.py  writeLog [line:134] INFO 行号:52   PASS   查找元素[find_element]  用时:0.011s  
20191203_15_54_00_036614_4180report.log 2019-12-03 15:54:21  loga.py  writeLog [line:134] INFO 行号:53   PASS   查找元素[find_element]  用时:0.006s  
20191203_15_54_00_036614_4180report.log 2019-12-03 15:54:22  loga.py  writeLog [line:134] INFO 行号:53   PASS   左键单击[click]  用时:0.077s  
20191203_15_54_00_036614_4180report.log 2019-12-03 15:54:23  loga.py  writeLog [line:134] INFO 行号:54   PASS   查找元素[find_element]  用时:0.018s  
20191203_15_54_00_036614_4180report.log 2019-12-03 15:54:23  loga.py  writeLog [line:134] INFO 行号:54   PASS   左键单击[click]  用时:0.123s  
20191203_15_54_00_036614_4180report.log 2019-12-03 15:54:24  loga.py  writeLog [line:134] INFO 行号:56   PASS   查找元素[find_element]  用时:0.017s  
20191203_15_54_00_036614_4180report.log 2019-12-03 15:54:25  loga.py  writeLog [line:134] INFO 行号:56   PASS   左键单击[click]  用时:0.448s  
20191203_15_54_00_036614_4180report.log 2019-12-03 15:54:26  loga.py  putSystemLog [line:74] INFO 脚本运行完毕...
20191203_15_54_00_036614_4180report.log 2019-12-03 15:54:26  loga.py  putSystemLog [line:74] INFO 开始运行脚本<class 'script.testCase.Y3me项目.数字化建模.费用管理.报账移动端配置.EasyCase'>
20191203_15_54_00_036614_4180report.log 2019-12-03 15:54:27  loga.py  writeLog [line:134] INFO 行号:24   PASS   刷新页面[refresh]  用时:0.253s  
20191203_15_54_00_036614_4180report.log 2019-12-03 15:54:28  loga.py  writeLog [line:134] INFO 行号:26   PASS   查找元素[find_element]  用时:0.017s  
20191203_15_54_00_036614_4180report.log 2019-12-03 15:54:28  loga.py  writeLog [line:134] INFO 行号:26   PASS   左键单击[click]  用时:0.064s  
20191203_15_54_00_036614_4180report.log 2019-12-03 15:54:30  loga.py  writeLog [line:134] INFO 行号:29   PASS   查找元素[find_element]  用时:0.036s  
20191203_15_54_00_036614_4180report.log 2019-12-03 15:54:31  loga.py  writeLog [line:134] INFO 行号:29   PASS   左键单击[click]  用时:0.056s  
20191203_15_54_00_036614_4180report.log 2019-12-03 15:54:33  loga.py  writeLog [line:134] INFO 行号:32   PASS   查找元素[find_element]  用时:0.010s  
20191203_15_54_00_036614_4180report.log 2019-12-03 15:54:35  loga.py  writeLog [line:134] INFO 行号:39   PASS   查找元素[find_element]  用时:0.031s  
20191203_15_54_00_036614_4180report.log 2019-12-03 15:54:39  loga.py  writeLog [line:134] INFO 行号:46   PASS   查找元素[find_element]  用时:0.053s  
20191203_15_54_00_036614_4180report.log 2019-12-03 15:54:41  loga.py  writeLog [line:134] INFO 行号:49   PASS   查找元素[find_element]  用时:0.009s  
20191203_15_54_00_036614_4180report.log 2019-12-03 15:54:42  loga.py  writeLog [line:134] INFO 行号:50   PASS   切换到表单[frame]  用时:0.553s  
20191203_15_54_00_036614_4180report.log 2019-12-03 15:54:44  loga.py  writeLog [line:134] INFO 行号:53   PASS   查找元素[find_element]  用时:0.974s  
20191203_15_54_00_036614_4180report.log 2019-12-03 15:54:44  loga.py  writeLog [line:134] INFO 行号:53   PASS   左键单击[click]  用时:0.139s  
20191203_15_54_00_036614_4180report.log 2019-12-03 15:54:45  loga.py  writeLog [line:134] INFO 行号:55   PASS   查找元素[find_element]  用时:0.016s  
20191203_15_54_00_036614_4180report.log 2019-12-03 15:54:46  loga.py  writeLog [line:134] INFO 行号:56   PASS   执行JS代码[execute_script]  用时:0.012s  
20191203_15_54_00_036614_4180report.log 2019-12-03 15:54:47  loga.py  writeLog [line:134] INFO 行号:59   PASS   查找元素[find_element]  用时:0.012s  
20191203_15_54_00_036614_4180report.log 2019-12-03 15:54:47  loga.py  writeLog [line:134] INFO 行号:60   PASS   查找元素[find_element]  用时:0.006s  
20191203_15_54_00_036614_4180report.log 2019-12-03 15:54:48  loga.py  writeLog [line:134] INFO 行号:61   TRUE   断言：非None对象[assertIsNotNone] 用时:0.000s TRUE.
20191203_15_54_00_036614_4180report.log 2019-12-03 15:54:48  loga.py  writeLog [line:134] INFO 行号:64   PASS   查找元素[find_element]  用时:0.023s  
20191203_15_54_00_036614_4180report.log 2019-12-03 15:54:48  loga.py  writeLog [line:134] INFO 行号:64   PASS   左键单击[click]  用时:0.074s  
20191203_15_54_00_036614_4180report.log 2019-12-03 15:54:50  loga.py  writeLog [line:134] INFO 行号:66   PASS   查找元素[find_element]  用时:0.011s  
20191203_15_54_00_036614_4180report.log 2019-12-03 15:54:51  loga.py  writeLog [line:134] INFO 行号:66   PASS   左键单击[click]  用时:0.050s  
20191203_15_54_00_036614_4180report.log 2019-12-03 15:54:52  loga.py  putSystemLog [line:74] INFO 脚本运行完毕...
20191203_15_54_00_036614_4180report.log 2019-12-03 15:54:52  loga.py  putSystemLog [line:74] INFO 开始运行脚本<class 'script.testCase.U8EX项目.公共.U8EX登出.EasyCase'>
20191203_15_54_00_036614_4180report.log 2019-12-03 15:54:52  loga.py  writeLog [line:134] INFO 行号:24   PASS   刷新页面[refresh]  用时:0.300s  
20191203_15_54_00_036614_4180report.log 2019-12-03 15:54:54  loga.py  writeLog [line:134] INFO 行号:26   PASS   查找元素[find_element]  用时:0.016s  
20191203_15_54_00_036614_4180report.log 2019-12-03 15:54:55  loga.py  writeLog [line:134] INFO 行号:26   PASS   左键单击[click]  用时:0.050s  
20191203_15_54_00_036614_4180report.log 2019-12-03 15:54:56  loga.py  writeLog [line:134] INFO 行号:27   PASS   查找元素[find_element]  用时:0.017s  
20191203_15_54_00_036614_4180report.log 2019-12-03 15:54:57  loga.py  writeLog [line:134] INFO 行号:27   PASS   左键单击[click]  用时:0.505s  
20191203_15_54_00_036614_4180report.log 2019-12-03 15:54:58  loga.py  putSystemLog [line:74] INFO 脚本运行完毕...
20191203_15_54_00_036614_4180report.log 2019-12-03 15:54:58  loga.py  writeLog [line:134] INFO 行号:0    PASS   关闭浏览器[quit]  用时:0.184s  
20191203_15_54_00_036614_4180report.log 2019-12-03 15:55:01  loga.py  putSystemLog [line:74] INFO 场景<1>结束.用时:61.532s.
20191203_15_54_00_036614_4180report.log 2019-12-03 15:55:01  loga.py  putSystemLog [line:74] INFO 场景统计结果：PASS: 53(100.00%),FAIL:  0(0.00%),ERROR:  0(0.00%),TRUE:  1,FALSE:  0

20191203_15_54_00_036614_4180report.log 2019-12-03 15:55:01  loga.py  putSystemLog [line:74] INFO ----------------------------------------
20191203_15_54_00_036614_4180report.log 2019-12-03 15:55:01  loga.py  putSystemLog [line:74] INFO End.
20191203_15_54_00_036614_4180report.log 2019-12-03 15:55:01  loga.py  putSystemLog [line:74] INFO 测试方案统计结果:
                    场景<1>:PASS: 53(100.00%),FAIL:  0(0.00%),ERROR:  0(0.00%),TRUE:  1,FALSE:  0
                    总   计:PASS: 53(100.00%),FAIL:  0(0.00%),ERROR:  0(0.00%),TRUE:  1,FALSE:  0

