20191203_13_55_38_643165_3588report.log 2019-12-03 13:55:38  loga.py  putSystemLog [line:74] INFO Start.
20191203_13_55_38_643165_3588report.log 2019-12-03 13:55:38  loga.py  putSystemLog [line:74] INFO 场景<1>开始.
20191203_13_55_38_643165_3588report.log 2019-12-03 13:55:42  loga.py  writeLog [line:134] INFO 行号:0    PASS   最大化浏览器窗口[maximize_window]  用时:1.129s  
20191203_13_55_38_643165_3588report.log 2019-12-03 13:55:43  loga.py  putSystemLog [line:74] INFO chrome浏览器启动成功.
20191203_13_55_38_643165_3588report.log 2019-12-03 13:55:43  loga.py  putSystemLog [line:74] INFO 开始加载脚本...
20191203_13_55_38_643165_3588report.log 2019-12-03 13:55:43  loga.py  putSystemLog [line:74] INFO 脚本<1>：U8EX登录 加载成功.脚本路径：script/testCase/U8EX项目/公共/U8EX登录
20191203_13_55_38_643165_3588report.log 2019-12-03 13:55:43  loga.py  putSystemLog [line:74] INFO 脚本<2>：报账模板管理 加载成功.脚本路径：script/testCase/Y3me项目/数字化建模/费用管理/报账模板管理
20191203_13_55_38_643165_3588report.log 2019-12-03 13:55:43  loga.py  putSystemLog [line:74] INFO 脚本<3>：U8EX登出 加载成功.脚本路径：script/testCase/U8EX项目/公共/U8EX登出
20191203_13_55_38_643165_3588report.log 2019-12-03 13:55:43  loga.py  putSystemLog [line:74] INFO 脚本加载完成...
20191203_13_55_38_643165_3588report.log 2019-12-03 13:55:43  loga.py  putSystemLog [line:74] INFO 开始运行脚本<class 'script.testCase.U8EX项目.公共.U8EX登录.EasyCase'>
20191203_13_55_38_643165_3588report.log 2019-12-03 13:55:44  loga.py  writeLog [line:134] INFO 行号:27   PASS   访问页面[get]  用时:1.361s  
20191203_13_55_38_643165_3588report.log 2019-12-03 13:55:45  loga.py  writeLog [line:134] INFO 行号:29   PASS   查找元素[find_element]  用时:0.011s  
20191203_13_55_38_643165_3588report.log 2019-12-03 13:55:46  loga.py  writeLog [line:134] INFO 行号:30   PASS   查找元素[find_element]  用时:0.007s  
20191203_13_55_38_643165_3588report.log 2019-12-03 13:55:46  loga.py  writeLog [line:134] INFO 行号:30   PASS   左键单击[click]  用时:0.047s  
20191203_13_55_38_643165_3588report.log 2019-12-03 13:55:47  loga.py  writeLog [line:134] INFO 行号:34   PASS   查找元素[find_element]  用时:0.024s  
20191203_13_55_38_643165_3588report.log 2019-12-03 13:55:48  loga.py  writeLog [line:134] INFO 行号:35   PASS   查找元素[find_element]  用时:0.007s  
20191203_13_55_38_643165_3588report.log 2019-12-03 13:55:48  loga.py  writeLog [line:134] INFO 行号:36   PASS   切换到表单[frame]  用时:0.016s  
20191203_13_55_38_643165_3588report.log 2019-12-03 13:55:50  loga.py  writeLog [line:134] INFO 行号:39   PASS   查找元素[find_element]  用时:0.010s  
20191203_13_55_38_643165_3588report.log 2019-12-03 13:55:51  loga.py  writeLog [line:134] INFO 行号:40   PASS   查找元素[find_element]  用时:0.006s  
20191203_13_55_38_643165_3588report.log 2019-12-03 13:55:51  loga.py  writeLog [line:134] INFO 行号:40   PASS   清除文本[clear]  用时:0.017s  
20191203_13_55_38_643165_3588report.log 2019-12-03 13:55:52  loga.py  writeLog [line:134] INFO 行号:41   PASS   查找元素[find_element]  用时:0.010s  
20191203_13_55_38_643165_3588report.log 2019-12-03 13:55:53  loga.py  writeLog [line:134] INFO 行号:41   PASS   模拟输入[send_keys]  用时:0.141s  
20191203_13_55_38_643165_3588report.log 2019-12-03 13:55:54  loga.py  writeLog [line:134] INFO 行号:42   PASS   查找元素[find_element]  用时:0.010s  
20191203_13_55_38_643165_3588report.log 2019-12-03 13:55:55  loga.py  writeLog [line:134] INFO 行号:42   PASS   清除文本[clear]  用时:0.047s  
20191203_13_55_38_643165_3588report.log 2019-12-03 13:55:56  loga.py  writeLog [line:134] INFO 行号:43   PASS   查找元素[find_element]  用时:0.006s  
20191203_13_55_38_643165_3588report.log 2019-12-03 13:55:56  loga.py  writeLog [line:134] INFO 行号:43   PASS   模拟输入[send_keys]  用时:0.071s  
20191203_13_55_38_643165_3588report.log 2019-12-03 13:55:57  loga.py  writeLog [line:134] INFO 行号:45   PASS   查找元素[find_element]  用时:0.032s  
20191203_13_55_38_643165_3588report.log 2019-12-03 13:55:58  loga.py  writeLog [line:134] INFO 行号:46   PASS   查找元素[find_element]  用时:0.005s  
20191203_13_55_38_643165_3588report.log 2019-12-03 13:55:58  loga.py  writeLog [line:134] INFO 行号:46   PASS   左键单击[click]  用时:0.082s  
20191203_13_55_38_643165_3588report.log 2019-12-03 13:55:59  loga.py  writeLog [line:134] INFO 行号:52   PASS   查找元素[find_element]  用时:0.012s  
20191203_13_55_38_643165_3588report.log 2019-12-03 13:56:00  loga.py  writeLog [line:134] INFO 行号:53   PASS   查找元素[find_element]  用时:0.007s  
20191203_13_55_38_643165_3588report.log 2019-12-03 13:56:00  loga.py  writeLog [line:134] INFO 行号:53   PASS   左键单击[click]  用时:0.085s  
20191203_13_55_38_643165_3588report.log 2019-12-03 13:56:01  loga.py  writeLog [line:134] INFO 行号:54   PASS   查找元素[find_element]  用时:0.036s  
20191203_13_55_38_643165_3588report.log 2019-12-03 13:56:02  loga.py  writeLog [line:134] INFO 行号:54   PASS   左键单击[click]  用时:0.115s  
20191203_13_55_38_643165_3588report.log 2019-12-03 13:56:03  loga.py  writeLog [line:134] INFO 行号:56   PASS   查找元素[find_element]  用时:0.010s  
20191203_13_55_38_643165_3588report.log 2019-12-03 13:56:04  loga.py  writeLog [line:134] INFO 行号:56   PASS   左键单击[click]  用时:0.450s  
20191203_13_55_38_643165_3588report.log 2019-12-03 13:56:05  loga.py  putSystemLog [line:74] INFO 脚本运行完毕...
20191203_13_55_38_643165_3588report.log 2019-12-03 13:56:05  loga.py  putSystemLog [line:74] INFO 开始运行脚本<class 'script.testCase.Y3me项目.数字化建模.费用管理.报账模板管理.EasyCase'>
20191203_13_55_38_643165_3588report.log 2019-12-03 13:56:05  loga.py  writeLog [line:134] INFO 行号:25   PASS   刷新页面[refresh]  用时:0.007s  
20191203_13_55_38_643165_3588report.log 2019-12-03 13:56:06  loga.py  writeLog [line:134] INFO 行号:27   PASS   查找元素[find_element]  用时:0.020s  
20191203_13_55_38_643165_3588report.log 2019-12-03 13:56:07  loga.py  writeLog [line:134] INFO 行号:27   PASS   左键单击[click]  用时:0.070s  
20191203_13_55_38_643165_3588report.log 2019-12-03 13:56:09  loga.py  writeLog [line:134] INFO 行号:30   PASS   查找元素[find_element]  用时:0.011s  
20191203_13_55_38_643165_3588report.log 2019-12-03 13:56:09  loga.py  writeLog [line:134] INFO 行号:30   PASS   左键单击[click]  用时:0.071s  
20191203_13_55_38_643165_3588report.log 2019-12-03 13:56:11  loga.py  writeLog [line:134] INFO 行号:33   PASS   查找元素[find_element]  用时:0.009s  
20191203_13_55_38_643165_3588report.log 2019-12-03 13:56:14  loga.py  writeLog [line:134] INFO 行号:40   PASS   查找元素[find_element]  用时:0.011s  
20191203_13_55_38_643165_3588report.log 2019-12-03 13:56:18  loga.py  writeLog [line:134] INFO 行号:47   PASS   查找元素[find_element]  用时:0.010s  
20191203_13_55_38_643165_3588report.log 2019-12-03 13:56:20  loga.py  writeLog [line:134] INFO 行号:50   PASS   查找元素[find_element]  用时:0.009s  
20191203_13_55_38_643165_3588report.log 2019-12-03 13:56:21  loga.py  writeLog [line:134] INFO 行号:51   PASS   切换到表单[frame]  用时:0.238s  
20191203_13_55_38_643165_3588report.log 2019-12-03 13:56:22  loga.py  writeLog [line:134] INFO 行号:54   PASS   查找元素[find_element]  用时:0.013s  
20191203_13_55_38_643165_3588report.log 2019-12-03 13:56:22  loga.py  writeLog [line:134] INFO 行号:54   PASS   左键单击[click]  用时:0.155s  
20191203_13_55_38_643165_3588report.log 2019-12-03 13:56:23  loga.py  writeLog [line:134] INFO 行号:61   PASS   查找元素[find_element]  用时:0.042s  
20191203_13_55_38_643165_3588report.log 2019-12-03 13:56:24  loga.py  writeLog [line:134] INFO 行号:62   PASS   查找元素[find_element]  用时:0.006s  
20191203_13_55_38_643165_3588report.log 2019-12-03 13:56:25  loga.py  writeLog [line:134] INFO 行号:62   PASS   模拟输入[send_keys]  用时:0.723s  
20191203_13_55_38_643165_3588report.log 2019-12-03 13:56:26  loga.py  writeLog [line:134] INFO 行号:70   PASS   查找元素[find_element]  用时:0.017s  
20191203_13_55_38_643165_3588report.log 2019-12-03 13:56:27  loga.py  writeLog [line:134] INFO 行号:71   PASS   查找元素[find_element]  用时:0.006s  
20191203_13_55_38_643165_3588report.log 2019-12-03 13:56:28  loga.py  writeLog [line:134] INFO 行号:71   PASS   模拟输入[send_keys]  用时:0.408s  
20191203_13_55_38_643165_3588report.log 2019-12-03 13:56:29  loga.py  writeLog [line:134] INFO 行号:75   PASS   查找元素[find_element]  用时:0.010s  
20191203_13_55_38_643165_3588report.log 2019-12-03 13:56:29  loga.py  writeLog [line:134] INFO 行号:76   PASS   查找元素[find_element]  用时:0.007s  
20191203_13_55_38_643165_3588report.log 2019-12-03 13:56:30  loga.py  writeLog [line:134] INFO 行号:76   PASS   左键单击[click]  用时:0.140s  
20191203_13_55_38_643165_3588report.log 2019-12-03 13:56:31  loga.py  writeLog [line:134] INFO 行号:78   TRUE   断言：不包含[assertNotIn] 用时:0.000s TRUE.
20191203_13_55_38_643165_3588report.log 2019-12-03 13:56:33  loga.py  writeLog [line:134] INFO 行号:82   PASS   查找元素[find_element]  用时:1.970s  
20191203_13_55_38_643165_3588report.log 2019-12-03 13:56:33  loga.py  writeLog [line:134] INFO 行号:83   PASS   查找元素[find_element]  用时:0.011s  
20191203_13_55_38_643165_3588report.log 2019-12-03 13:56:35  loga.py  writeLog [line:134] INFO 行号:83   PASS   左键单击[click]  用时:0.735s  
20191203_13_55_38_643165_3588report.log 2019-12-03 13:56:36  loga.py  writeLog [line:134] INFO 行号:87   PASS   查找元素[find_element]  用时:0.008s  
20191203_13_55_38_643165_3588report.log 2019-12-03 13:56:36  loga.py  writeLog [line:134] INFO 行号:88   PASS   查找元素[find_element]  用时:0.007s  
20191203_13_55_38_643165_3588report.log 2019-12-03 13:56:37  loga.py  writeLog [line:134] INFO 行号:88   PASS   左键单击[click]  用时:0.128s  
20191203_13_55_38_643165_3588report.log 2019-12-03 13:56:38  loga.py  writeLog [line:134] INFO 行号:91   PASS   查找元素[find_element]  用时:0.011s  
20191203_13_55_38_643165_3588report.log 2019-12-03 13:56:38  loga.py  writeLog [line:134] INFO 行号:91   PASS   左键单击[click]  用时:0.060s  
20191203_13_55_38_643165_3588report.log 2019-12-03 13:56:40  loga.py  writeLog [line:134] INFO 行号:93   PASS   查找元素[find_element]  用时:0.017s  
20191203_13_55_38_643165_3588report.log 2019-12-03 13:56:41  loga.py  writeLog [line:134] INFO 行号:93   PASS   左键单击[click]  用时:0.062s  
20191203_13_55_38_643165_3588report.log 2019-12-03 13:56:42  loga.py  putSystemLog [line:74] INFO 脚本运行完毕...
20191203_13_55_38_643165_3588report.log 2019-12-03 13:56:42  loga.py  putSystemLog [line:74] INFO 开始运行脚本<class 'script.testCase.U8EX项目.公共.U8EX登出.EasyCase'>
20191203_13_55_38_643165_3588report.log 2019-12-03 13:56:42  loga.py  writeLog [line:134] INFO 行号:24   PASS   刷新页面[refresh]  用时:0.019s  
20191203_13_55_38_643165_3588report.log 2019-12-03 13:56:44  loga.py  writeLog [line:134] INFO 行号:26   PASS   查找元素[find_element]  用时:0.015s  
20191203_13_55_38_643165_3588report.log 2019-12-03 13:56:45  loga.py  writeLog [line:134] INFO 行号:26   PASS   左键单击[click]  用时:0.048s  
20191203_13_55_38_643165_3588report.log 2019-12-03 13:56:46  loga.py  writeLog [line:134] INFO 行号:27   PASS   查找元素[find_element]  用时:0.010s  
20191203_13_55_38_643165_3588report.log 2019-12-03 13:56:47  loga.py  writeLog [line:134] INFO 行号:27   PASS   左键单击[click]  用时:0.423s  
20191203_13_55_38_643165_3588report.log 2019-12-03 13:56:48  loga.py  putSystemLog [line:74] INFO 脚本运行完毕...
20191203_13_55_38_643165_3588report.log 2019-12-03 13:56:48  loga.py  writeLog [line:134] INFO 行号:0    PASS   关闭浏览器[quit]  用时:0.248s  
20191203_13_55_38_643165_3588report.log 2019-12-03 13:56:51  loga.py  putSystemLog [line:74] INFO 场景<1>结束.用时:72.636s.
20191203_13_55_38_643165_3588report.log 2019-12-03 13:56:51  loga.py  putSystemLog [line:74] INFO 场景统计结果：PASS: 64(100.00%),FAIL:  0(0.00%),ERROR:  0(0.00%),TRUE:  1,FALSE:  0

20191203_13_55_38_643165_3588report.log 2019-12-03 13:56:51  loga.py  putSystemLog [line:74] INFO ----------------------------------------
20191203_13_55_38_643165_3588report.log 2019-12-03 13:56:51  loga.py  putSystemLog [line:74] INFO End.
20191203_13_55_38_643165_3588report.log 2019-12-03 13:56:51  loga.py  putSystemLog [line:74] INFO 测试方案统计结果:
                    场景<1>:PASS: 64(100.00%),FAIL:  0(0.00%),ERROR:  0(0.00%),TRUE:  1,FALSE:  0
                    总   计:PASS: 64(100.00%),FAIL:  0(0.00%),ERROR:  0(0.00%),TRUE:  1,FALSE:  0

