20191203_16_43_18_177595_15596report.log 2019-12-03 16:43:18  loga.py  putSystemLog [line:74] INFO Start.
20191203_16_43_18_177595_15596report.log 2019-12-03 16:43:18  loga.py  putSystemLog [line:74] INFO 场景<1>开始.
20191203_16_43_18_177595_15596report.log 2019-12-03 16:43:21  loga.py  writeLog [line:134] INFO 行号:0    PASS   最大化浏览器窗口[maximize_window]  用时:1.113s  
20191203_16_43_18_177595_15596report.log 2019-12-03 16:43:22  loga.py  putSystemLog [line:74] INFO chrome浏览器启动成功.
20191203_16_43_18_177595_15596report.log 2019-12-03 16:43:22  loga.py  putSystemLog [line:74] INFO 开始加载脚本...
20191203_16_43_18_177595_15596report.log 2019-12-03 16:43:22  loga.py  putSystemLog [line:74] INFO 脚本<1>：U8EX登录 加载成功.脚本路径：script/testCase/U8EX项目/公共/U8EX登录
20191203_16_43_18_177595_15596report.log 2019-12-03 16:43:22  loga.py  putSystemLog [line:74] INFO 脚本<2>：代理报销 加载成功.脚本路径：script/testCase/Y3me项目/数字化建模/费用管理/代理报销
20191203_16_43_18_177595_15596report.log 2019-12-03 16:43:22  loga.py  putSystemLog [line:74] INFO 脚本<3>：U8EX登出 加载成功.脚本路径：script/testCase/U8EX项目/公共/U8EX登出
20191203_16_43_18_177595_15596report.log 2019-12-03 16:43:22  loga.py  putSystemLog [line:74] INFO 脚本加载完成...
20191203_16_43_18_177595_15596report.log 2019-12-03 16:43:22  loga.py  putSystemLog [line:74] INFO 开始运行脚本<class 'script.testCase.U8EX项目.公共.U8EX登录.EasyCase'>
20191203_16_43_18_177595_15596report.log 2019-12-03 16:43:23  loga.py  writeLog [line:134] INFO 行号:27   PASS   访问页面[get]  用时:0.980s  
20191203_16_43_18_177595_15596report.log 2019-12-03 16:43:24  loga.py  writeLog [line:134] INFO 行号:29   PASS   查找元素[find_element]  用时:0.012s  
20191203_16_43_18_177595_15596report.log 2019-12-03 16:43:25  loga.py  writeLog [line:134] INFO 行号:30   PASS   查找元素[find_element]  用时:0.006s  
20191203_16_43_18_177595_15596report.log 2019-12-03 16:43:25  loga.py  writeLog [line:134] INFO 行号:30   PASS   左键单击[click]  用时:0.054s  
20191203_16_43_18_177595_15596report.log 2019-12-03 16:43:27  loga.py  writeLog [line:134] INFO 行号:34   PASS   查找元素[find_element]  用时:0.017s  
20191203_16_43_18_177595_15596report.log 2019-12-03 16:43:27  loga.py  writeLog [line:134] INFO 行号:35   PASS   查找元素[find_element]  用时:0.006s  
20191203_16_43_18_177595_15596report.log 2019-12-03 16:43:28  loga.py  writeLog [line:134] INFO 行号:36   PASS   切换到表单[frame]  用时:0.016s  
20191203_16_43_18_177595_15596report.log 2019-12-03 16:43:30  loga.py  writeLog [line:134] INFO 行号:39   PASS   查找元素[find_element]  用时:0.018s  
20191203_16_43_18_177595_15596report.log 2019-12-03 16:43:30  loga.py  writeLog [line:134] INFO 行号:40   PASS   查找元素[find_element]  用时:0.006s  
20191203_16_43_18_177595_15596report.log 2019-12-03 16:43:31  loga.py  writeLog [line:134] INFO 行号:40   PASS   清除文本[clear]  用时:0.018s  
20191203_16_43_18_177595_15596report.log 2019-12-03 16:43:32  loga.py  writeLog [line:134] INFO 行号:41   PASS   查找元素[find_element]  用时:0.014s  
20191203_16_43_18_177595_15596report.log 2019-12-03 16:43:32  loga.py  writeLog [line:134] INFO 行号:41   PASS   模拟输入[send_keys]  用时:0.080s  
20191203_16_43_18_177595_15596report.log 2019-12-03 16:43:33  loga.py  writeLog [line:134] INFO 行号:42   PASS   查找元素[find_element]  用时:0.009s  
20191203_16_43_18_177595_15596report.log 2019-12-03 16:43:34  loga.py  writeLog [line:134] INFO 行号:42   PASS   清除文本[clear]  用时:0.019s  
20191203_16_43_18_177595_15596report.log 2019-12-03 16:43:35  loga.py  writeLog [line:134] INFO 行号:43   PASS   查找元素[find_element]  用时:0.015s  
20191203_16_43_18_177595_15596report.log 2019-12-03 16:43:35  loga.py  writeLog [line:134] INFO 行号:43   PASS   模拟输入[send_keys]  用时:0.062s  
20191203_16_43_18_177595_15596report.log 2019-12-03 16:43:36  loga.py  writeLog [line:134] INFO 行号:45   PASS   查找元素[find_element]  用时:0.011s  
20191203_16_43_18_177595_15596report.log 2019-12-03 16:43:37  loga.py  writeLog [line:134] INFO 行号:46   PASS   查找元素[find_element]  用时:0.006s  
20191203_16_43_18_177595_15596report.log 2019-12-03 16:43:37  loga.py  writeLog [line:134] INFO 行号:46   PASS   左键单击[click]  用时:0.077s  
20191203_16_43_18_177595_15596report.log 2019-12-03 16:43:38  loga.py  writeLog [line:134] INFO 行号:52   PASS   查找元素[find_element]  用时:0.011s  
20191203_16_43_18_177595_15596report.log 2019-12-03 16:43:39  loga.py  writeLog [line:134] INFO 行号:53   PASS   查找元素[find_element]  用时:0.006s  
20191203_16_43_18_177595_15596report.log 2019-12-03 16:43:40  loga.py  writeLog [line:134] INFO 行号:53   PASS   左键单击[click]  用时:0.089s  
20191203_16_43_18_177595_15596report.log 2019-12-03 16:43:41  loga.py  writeLog [line:134] INFO 行号:54   PASS   查找元素[find_element]  用时:0.017s  
20191203_16_43_18_177595_15596report.log 2019-12-03 16:43:41  loga.py  writeLog [line:134] INFO 行号:54   PASS   左键单击[click]  用时:0.078s  
20191203_16_43_18_177595_15596report.log 2019-12-03 16:43:42  loga.py  writeLog [line:134] INFO 行号:56   PASS   查找元素[find_element]  用时:0.009s  
20191203_16_43_18_177595_15596report.log 2019-12-03 16:43:43  loga.py  writeLog [line:134] INFO 行号:56   PASS   左键单击[click]  用时:0.450s  
20191203_16_43_18_177595_15596report.log 2019-12-03 16:43:44  loga.py  putSystemLog [line:74] INFO 脚本运行完毕...
20191203_16_43_18_177595_15596report.log 2019-12-03 16:43:44  loga.py  putSystemLog [line:74] INFO 开始运行脚本<class 'script.testCase.Y3me项目.数字化建模.费用管理.代理报销.EasyCase'>
20191203_16_43_18_177595_15596report.log 2019-12-03 16:43:44  loga.py  writeLog [line:134] INFO 行号:28   PASS   刷新页面[refresh]  用时:0.009s  
20191203_16_43_18_177595_15596report.log 2019-12-03 16:43:45  loga.py  writeLog [line:134] INFO 行号:30   PASS   查找元素[find_element]  用时:0.034s  
20191203_16_43_18_177595_15596report.log 2019-12-03 16:43:46  loga.py  writeLog [line:134] INFO 行号:30   PASS   左键单击[click]  用时:0.078s  
20191203_16_43_18_177595_15596report.log 2019-12-03 16:43:48  loga.py  writeLog [line:134] INFO 行号:33   PASS   查找元素[find_element]  用时:0.012s  
20191203_16_43_18_177595_15596report.log 2019-12-03 16:43:48  loga.py  writeLog [line:134] INFO 行号:33   PASS   左键单击[click]  用时:0.043s  
20191203_16_43_18_177595_15596report.log 2019-12-03 16:43:50  loga.py  writeLog [line:134] INFO 行号:36   PASS   查找元素[find_element]  用时:0.009s  
20191203_16_43_18_177595_15596report.log 2019-12-03 16:43:53  loga.py  writeLog [line:134] INFO 行号:43   PASS   查找元素[find_element]  用时:0.010s  
20191203_16_43_18_177595_15596report.log 2019-12-03 16:43:57  loga.py  writeLog [line:134] INFO 行号:50   PASS   查找元素[find_element]  用时:0.017s  
20191203_16_43_18_177595_15596report.log 2019-12-03 16:43:59  loga.py  writeLog [line:134] INFO 行号:53   PASS   查找元素[find_element]  用时:0.009s  
20191203_16_43_18_177595_15596report.log 2019-12-03 16:44:00  loga.py  writeLog [line:134] INFO 行号:54   PASS   切换到表单[frame]  用时:0.028s  
20191203_16_43_18_177595_15596report.log 2019-12-03 16:44:01  loga.py  writeLog [line:134] INFO 行号:58   PASS   查找元素[find_element]  用时:0.011s  
20191203_16_43_18_177595_15596report.log 2019-12-03 16:44:01  loga.py  writeLog [line:134] INFO 行号:59   PASS   查找元素[find_element]  用时:0.007s  
20191203_16_43_18_177595_15596report.log 2019-12-03 16:44:02  loga.py  writeLog [line:134] INFO 行号:59   PASS   左键单击[click]  用时:0.076s  
20191203_16_43_18_177595_15596report.log 2019-12-03 16:44:03  loga.py  writeLog [line:134] INFO 行号:63   PASS   查找元素[find_element]  用时:0.012s  
20191203_16_43_18_177595_15596report.log 2019-12-03 16:44:03  loga.py  writeLog [line:134] INFO 行号:64   PASS   查找元素[find_element]  用时:0.013s  
20191203_16_43_18_177595_15596report.log 2019-12-03 16:44:04  loga.py  writeLog [line:134] INFO 行号:64   PASS   左键单击[click]  用时:0.076s  
20191203_16_43_18_177595_15596report.log 2019-12-03 16:44:05  loga.py  writeLog [line:134] INFO 行号:68   PASS   查找元素[find_element]  用时:0.009s  
20191203_16_43_18_177595_15596report.log 2019-12-03 16:44:06  loga.py  writeLog [line:134] INFO 行号:69   PASS   查找元素[find_element]  用时:0.007s  
20191203_16_43_18_177595_15596report.log 2019-12-03 16:44:06  loga.py  writeLog [line:134] INFO 行号:69   PASS   左键单击[click]  用时:0.097s  
20191203_16_43_18_177595_15596report.log 2019-12-03 16:44:07  loga.py  writeLog [line:134] INFO 行号:74   PASS   查找元素[find_element]  用时:0.010s  
20191203_16_43_18_177595_15596report.log 2019-12-03 16:44:08  loga.py  writeLog [line:134] INFO 行号:75   PASS   查找元素[find_element]  用时:0.005s  
20191203_16_43_18_177595_15596report.log 2019-12-03 16:44:08  loga.py  writeLog [line:134] INFO 行号:75   PASS   左键单击[click]  用时:0.101s  
20191203_16_43_18_177595_15596report.log 2019-12-03 16:44:09  loga.py  writeLog [line:134] INFO 行号:79   PASS   查找元素[find_element]  用时:0.011s  
20191203_16_43_18_177595_15596report.log 2019-12-03 16:44:10  loga.py  writeLog [line:134] INFO 行号:80   PASS   查找元素[find_element]  用时:0.006s  
20191203_16_43_18_177595_15596report.log 2019-12-03 16:44:10  loga.py  writeLog [line:134] INFO 行号:80   PASS   左键单击[click]  用时:0.065s  
20191203_16_43_18_177595_15596report.log 2019-12-03 16:44:11  loga.py  writeLog [line:134] INFO 行号:84   PASS   查找元素[find_element]  用时:0.012s  
20191203_16_43_18_177595_15596report.log 2019-12-03 16:44:12  loga.py  writeLog [line:134] INFO 行号:85   PASS   查找元素[find_element]  用时:0.006s  
20191203_16_43_18_177595_15596report.log 2019-12-03 16:44:12  loga.py  writeLog [line:134] INFO 行号:85   PASS   左键单击[click]  用时:0.074s  
20191203_16_43_18_177595_15596report.log 2019-12-03 16:44:13  loga.py  writeLog [line:134] INFO 行号:89   PASS   查找元素[find_element]  用时:0.021s  
20191203_16_43_18_177595_15596report.log 2019-12-03 16:44:14  loga.py  writeLog [line:134] INFO 行号:90   PASS   查找元素[find_element]  用时:0.006s  
20191203_16_43_18_177595_15596report.log 2019-12-03 16:44:15  loga.py  writeLog [line:134] INFO 行号:90   PASS   左键单击[click]  用时:0.067s  
20191203_16_43_18_177595_15596report.log 2019-12-03 16:44:16  loga.py  writeLog [line:134] INFO 行号:95   PASS   查找元素[find_element]  用时:0.006s  
20191203_16_43_18_177595_15596report.log 2019-12-03 16:44:16  loga.py  writeLog [line:134] INFO 行号:96   PASS   查找元素[find_element]  用时:0.005s  
20191203_16_43_18_177595_15596report.log 2019-12-03 16:44:17  loga.py  writeLog [line:134] INFO 行号:96   PASS   左键单击[click]  用时:0.069s  
20191203_16_43_18_177595_15596report.log 2019-12-03 16:44:18  loga.py  writeLog [line:134] INFO 行号:100  PASS   查找元素[find_element]  用时:0.006s  
20191203_16_43_18_177595_15596report.log 2019-12-03 16:44:18  loga.py  writeLog [line:134] INFO 行号:101  PASS   查找元素[find_element]  用时:0.006s  
20191203_16_43_18_177595_15596report.log 2019-12-03 16:44:19  loga.py  writeLog [line:134] INFO 行号:101  PASS   左键单击[click]  用时:0.064s  
20191203_16_43_18_177595_15596report.log 2019-12-03 16:44:20  loga.py  writeLog [line:134] INFO 行号:105  PASS   查找元素[find_element]  用时:0.009s  
20191203_16_43_18_177595_15596report.log 2019-12-03 16:44:20  loga.py  writeLog [line:134] INFO 行号:106  PASS   查找元素[find_element]  用时:0.007s  
20191203_16_43_18_177595_15596report.log 2019-12-03 16:44:21  loga.py  writeLog [line:134] INFO 行号:106  PASS   左键单击[click]  用时:0.061s  
20191203_16_43_18_177595_15596report.log 2019-12-03 16:44:22  loga.py  writeLog [line:134] INFO 行号:111  PASS   查找元素[find_element]  用时:0.009s  
20191203_16_43_18_177595_15596report.log 2019-12-03 16:44:22  loga.py  writeLog [line:134] INFO 行号:113  PASS   查找元素[find_element]  用时:0.006s  
20191203_16_43_18_177595_15596report.log 2019-12-03 16:44:23  loga.py  writeLog [line:134] INFO 行号:113  PASS   左键单击[click]  用时:0.079s  
20191203_16_43_18_177595_15596report.log 2019-12-03 16:44:24  loga.py  writeLog [line:134] INFO 行号:117  PASS   查找元素[find_element]  用时:0.016s  
20191203_16_43_18_177595_15596report.log 2019-12-03 16:44:25  loga.py  writeLog [line:134] INFO 行号:118  PASS   查找元素[find_element]  用时:0.010s  
20191203_16_43_18_177595_15596report.log 2019-12-03 16:44:25  loga.py  writeLog [line:134] INFO 行号:118  PASS   左键单击[click]  用时:0.057s  
20191203_16_43_18_177595_15596report.log 2019-12-03 16:44:26  loga.py  writeLog [line:134] INFO 行号:121  PASS   查找元素[find_element]  用时:0.008s  
20191203_16_43_18_177595_15596report.log 2019-12-03 16:44:27  loga.py  writeLog [line:134] INFO 行号:121  PASS   左键单击[click]  用时:0.049s  
20191203_16_43_18_177595_15596report.log 2019-12-03 16:44:29  loga.py  writeLog [line:134] INFO 行号:123  PASS   查找元素[find_element]  用时:0.010s  
20191203_16_43_18_177595_15596report.log 2019-12-03 16:44:29  loga.py  writeLog [line:134] INFO 行号:123  PASS   左键单击[click]  用时:0.047s  
20191203_16_43_18_177595_15596report.log 2019-12-03 16:44:30  loga.py  putSystemLog [line:74] INFO 脚本运行完毕...
20191203_16_43_18_177595_15596report.log 2019-12-03 16:44:30  loga.py  putSystemLog [line:74] INFO 开始运行脚本<class 'script.testCase.U8EX项目.公共.U8EX登出.EasyCase'>
20191203_16_43_18_177595_15596report.log 2019-12-03 16:44:30  loga.py  writeLog [line:134] INFO 行号:24   PASS   刷新页面[refresh]  用时:0.011s  
20191203_16_43_18_177595_15596report.log 2019-12-03 16:44:32  loga.py  writeLog [line:134] INFO 行号:26   PASS   查找元素[find_element]  用时:0.013s  
20191203_16_43_18_177595_15596report.log 2019-12-03 16:44:33  loga.py  writeLog [line:134] INFO 行号:26   PASS   左键单击[click]  用时:0.054s  
20191203_16_43_18_177595_15596report.log 2019-12-03 16:44:34  loga.py  writeLog [line:134] INFO 行号:27   PASS   查找元素[find_element]  用时:0.019s  
20191203_16_43_18_177595_15596report.log 2019-12-03 16:44:35  loga.py  writeLog [line:134] INFO 行号:27   PASS   左键单击[click]  用时:0.505s  
20191203_16_43_18_177595_15596report.log 2019-12-03 16:44:36  loga.py  putSystemLog [line:74] INFO 脚本运行完毕...
20191203_16_43_18_177595_15596report.log 2019-12-03 16:44:36  loga.py  writeLog [line:134] INFO 行号:0    PASS   关闭浏览器[quit]  用时:0.233s  
20191203_16_43_18_177595_15596report.log 2019-12-03 16:44:39  loga.py  putSystemLog [line:74] INFO 场景<1>结束.用时:81.362s.
20191203_16_43_18_177595_15596report.log 2019-12-03 16:44:39  loga.py  putSystemLog [line:74] INFO 场景统计结果：PASS: 83(100.00%),FAIL:  0(0.00%),ERROR:  0(0.00%),TRUE:  0,FALSE:  0

20191203_16_43_18_177595_15596report.log 2019-12-03 16:44:39  loga.py  putSystemLog [line:74] INFO ----------------------------------------
20191203_16_43_18_177595_15596report.log 2019-12-03 16:44:39  loga.py  putSystemLog [line:74] INFO End.
20191203_16_43_18_177595_15596report.log 2019-12-03 16:44:39  loga.py  putSystemLog [line:74] INFO 测试方案统计结果:
                    场景<1>:PASS: 83(100.00%),FAIL:  0(0.00%),ERROR:  0(0.00%),TRUE:  0,FALSE:  0
                    总   计:PASS: 83(100.00%),FAIL:  0(0.00%),ERROR:  0(0.00%),TRUE:  0,FALSE:  0

