sys.log 2019-12-03 09:57:06  loga.py  putSystemLog [line:82] INFO 程序启动.人力资源-劳动合同.xml
sys.log 2019-12-03 09:57:06  loga.py  putSystemLog [line:82] INFO Start.
sys.log 2019-12-03 10:00:26  loga.py  putSystemLog [line:82] INFO 程序启动.人力资源-劳动合同.xml
sys.log 2019-12-03 10:00:26  loga.py  putSystemLog [line:82] INFO Start.
sys.log 2019-12-03 10:03:22  loga.py  putSystemLog [line:82] INFO 程序启动.人力资源-劳动合同.xml
sys.log 2019-12-03 10:03:22  loga.py  putSystemLog [line:82] INFO Start.
sys.log 2019-12-03 10:05:24  loga.py  putSystemLog [line:82] INFO End.
sys.log 2019-12-03 10:05:24  loga.py  putSystemLog [line:82] INFO 程序结束.人力资源-劳动合同.xml

sys.log 2019-12-03 13:49:07  loga.py  putSystemLog [line:82] INFO 程序启动.基本脚本录制.xml
sys.log 2019-12-03 13:49:08  loga.py  putSystemLog [line:82] INFO Start.
sys.log 2019-12-03 13:51:38  loga.py  putSystemLog [line:82] INFO End.
sys.log 2019-12-03 13:51:38  loga.py  putSystemLog [line:82] INFO 程序结束.基本脚本录制.xml

sys.log 2019-12-03 13:53:19  loga.py  putSystemLog [line:82] INFO 程序启动.基本脚本录制.xml
sys.log 2019-12-03 13:53:20  loga.py  putSystemLog [line:82] INFO Start.
sys.log 2019-12-03 13:54:35  loga.py  putSystemLog [line:82] INFO End.
sys.log 2019-12-03 13:54:35  loga.py  putSystemLog [line:82] INFO 程序结束.基本脚本录制.xml

sys.log 2019-12-03 13:55:37  loga.py  putSystemLog [line:82] INFO 程序启动.基本脚本录制.xml
sys.log 2019-12-03 13:55:38  loga.py  putSystemLog [line:82] INFO Start.
sys.log 2019-12-03 13:56:51  loga.py  putSystemLog [line:82] INFO End.
sys.log 2019-12-03 13:56:51  loga.py  putSystemLog [line:82] INFO 程序结束.基本脚本录制.xml

sys.log 2019-12-03 14:15:05  loga.py  putSystemLog [line:82] INFO 程序启动.基本脚本录制.xml
sys.log 2019-12-03 14:15:06  loga.py  putSystemLog [line:82] INFO Start.
sys.log 2019-12-03 14:16:22  loga.py  putSystemLog [line:82] INFO End.
sys.log 2019-12-03 14:16:22  loga.py  putSystemLog [line:82] INFO 程序结束.基本脚本录制.xml

sys.log 2019-12-03 15:14:37  loga.py  putSystemLog [line:82] INFO 程序启动.基本脚本录制.xml
sys.log 2019-12-03 15:14:37  loga.py  putSystemLog [line:82] INFO Start.
sys.log 2019-12-03 15:15:50  loga.py  putSystemLog [line:82] INFO End.
sys.log 2019-12-03 15:15:50  loga.py  putSystemLog [line:82] INFO 程序结束.基本脚本录制.xml

sys.log 2019-12-03 15:16:20  loga.py  putSystemLog [line:82] INFO 程序启动.基本脚本录制.xml
sys.log 2019-12-03 15:16:21  loga.py  putSystemLog [line:82] INFO Start.
sys.log 2019-12-03 15:17:33  loga.py  putSystemLog [line:82] INFO End.
sys.log 2019-12-03 15:17:33  loga.py  putSystemLog [line:82] INFO 程序结束.基本脚本录制.xml

sys.log 2019-12-03 15:17:49  loga.py  putSystemLog [line:82] INFO 程序启动.基本脚本录制.xml
sys.log 2019-12-03 15:17:50  loga.py  putSystemLog [line:82] INFO Start.
sys.log 2019-12-03 15:19:26  loga.py  putSystemLog [line:82] INFO End.
sys.log 2019-12-03 15:19:26  loga.py  putSystemLog [line:82] INFO 程序结束.基本脚本录制.xml

sys.log 2019-12-03 15:53:59  loga.py  putSystemLog [line:82] INFO 程序启动.基本脚本录制.xml
sys.log 2019-12-03 15:54:00  loga.py  putSystemLog [line:82] INFO Start.
sys.log 2019-12-03 15:55:01  loga.py  putSystemLog [line:82] INFO End.
sys.log 2019-12-03 15:55:01  loga.py  putSystemLog [line:82] INFO 程序结束.基本脚本录制.xml

sys.log 2019-12-03 16:35:17  loga.py  putSystemLog [line:82] INFO 程序启动.基本脚本录制.xml
sys.log 2019-12-03 16:35:17  loga.py  putSystemLog [line:82] INFO Start.
sys.log 2019-12-03 16:36:43  loga.py  putSystemLog [line:82] INFO End.
sys.log 2019-12-03 16:36:43  loga.py  putSystemLog [line:82] INFO 程序结束.基本脚本录制.xml

sys.log 2019-12-03 16:38:12  loga.py  putSystemLog [line:82] INFO 程序启动.基本脚本录制.xml
sys.log 2019-12-03 16:38:13  loga.py  putSystemLog [line:82] INFO Start.
sys.log 2019-12-03 16:39:39  loga.py  putSystemLog [line:82] INFO End.
sys.log 2019-12-03 16:39:39  loga.py  putSystemLog [line:82] INFO 程序结束.基本脚本录制.xml

sys.log 2019-12-03 16:41:51  loga.py  putSystemLog [line:82] INFO 程序启动.基本脚本录制.xml
sys.log 2019-12-03 16:41:51  loga.py  putSystemLog [line:82] INFO Start.
sys.log 2019-12-03 16:43:17  loga.py  putSystemLog [line:82] INFO 程序启动.基本脚本录制.xml
sys.log 2019-12-03 16:43:18  loga.py  putSystemLog [line:82] INFO Start.
sys.log 2019-12-03 16:44:39  loga.py  putSystemLog [line:82] INFO End.
sys.log 2019-12-03 16:44:39  loga.py  putSystemLog [line:82] INFO 程序结束.基本脚本录制.xml

sys.log 2019-12-03 17:12:10  loga.py  putSystemLog [line:82] INFO 程序启动.基本脚本录制.xml
sys.log 2019-12-03 17:12:11  loga.py  putSystemLog [line:82] INFO Start.
sys.log 2019-12-03 17:13:54  loga.py  putSystemLog [line:82] INFO End.
sys.log 2019-12-03 17:13:54  loga.py  putSystemLog [line:82] INFO 程序结束.基本脚本录制.xml

sys.log 2019-12-03 18:08:28  loga.py  putSystemLog [line:82] INFO 程序启动.基本脚本录制.xml
sys.log 2019-12-03 18:08:28  loga.py  putSystemLog [line:82] INFO Start.
sys.log 2019-12-03 18:16:25  loga.py  putSystemLog [line:82] INFO 程序启动.基本脚本录制.xml
sys.log 2019-12-03 18:16:26  loga.py  putSystemLog [line:82] INFO Start.
sys.log 2019-12-03 18:19:13  loga.py  putSystemLog [line:82] INFO 程序启动.基本脚本录制.xml
sys.log 2019-12-03 18:19:14  loga.py  putSystemLog [line:82] INFO Start.
sys.log 2019-12-03 18:21:03  loga.py  putSystemLog [line:82] INFO End.
sys.log 2019-12-03 18:21:03  loga.py  putSystemLog [line:82] INFO 程序结束.基本脚本录制.xml

