20191210_10_22_40_669791_22652report.log 2019-12-10 10:22:40  loga.py  putSystemLog [line:74] INFO Start.
20191210_10_22_40_669791_22652report.log 2019-12-10 10:22:40  loga.py  putSystemLog [line:74] INFO 场景<1>开始.
20191210_10_22_40_669791_22652report.log 2019-12-10 10:22:44  loga.py  writeLog [line:134] INFO 行号:0    PASS   最大化浏览器窗口[maximize_window]  用时:1.114s  
20191210_10_22_40_669791_22652report.log 2019-12-10 10:22:45  loga.py  putSystemLog [line:74] INFO chrome浏览器启动成功.
20191210_10_22_40_669791_22652report.log 2019-12-10 10:22:45  loga.py  putSystemLog [line:74] INFO 开始加载脚本...
20191210_10_22_40_669791_22652report.log 2019-12-10 10:22:45  loga.py  putSystemLog [line:74] INFO 脚本<1>：U8EX登录 加载成功.脚本路径：script/testCase/U8EX项目/公共/U8EX登录
20191210_10_22_40_669791_22652report.log 2019-12-10 10:22:45  loga.py  putSystemLog [line:74] INFO 脚本<2>：费用预算 加载成功.脚本路径：script/testCase/Y3me项目/数字化建模/费用管理/费用预算
20191210_10_22_40_669791_22652report.log 2019-12-10 10:22:45  loga.py  putSystemLog [line:74] INFO 脚本<3>：U8EX登出 加载成功.脚本路径：script/testCase/U8EX项目/公共/U8EX登出
20191210_10_22_40_669791_22652report.log 2019-12-10 10:22:45  loga.py  putSystemLog [line:74] INFO 脚本加载完成...
20191210_10_22_40_669791_22652report.log 2019-12-10 10:22:45  loga.py  putSystemLog [line:74] INFO 开始运行脚本<class 'script.testCase.U8EX项目.公共.U8EX登录.EasyCase'>
20191210_10_22_40_669791_22652report.log 2019-12-10 10:22:46  loga.py  writeLog [line:134] INFO 行号:27   PASS   访问页面[get]  用时:1.226s  
20191210_10_22_40_669791_22652report.log 2019-12-10 10:22:47  loga.py  writeLog [line:134] INFO 行号:29   PASS   查找元素[find_element]  用时:0.012s  
20191210_10_22_40_669791_22652report.log 2019-12-10 10:22:48  loga.py  writeLog [line:134] INFO 行号:30   PASS   查找元素[find_element]  用时:0.006s  
20191210_10_22_40_669791_22652report.log 2019-12-10 10:22:48  loga.py  writeLog [line:134] INFO 行号:30   PASS   左键单击[click]  用时:0.058s  
20191210_10_22_40_669791_22652report.log 2019-12-10 10:22:49  loga.py  writeLog [line:134] INFO 行号:34   PASS   查找元素[find_element]  用时:0.010s  
20191210_10_22_40_669791_22652report.log 2019-12-10 10:22:50  loga.py  writeLog [line:134] INFO 行号:35   PASS   查找元素[find_element]  用时:0.007s  
20191210_10_22_40_669791_22652report.log 2019-12-10 10:22:50  loga.py  writeLog [line:134] INFO 行号:36   PASS   切换到表单[frame]  用时:0.022s  
20191210_10_22_40_669791_22652report.log 2019-12-10 10:22:52  loga.py  writeLog [line:134] INFO 行号:39   PASS   查找元素[find_element]  用时:0.030s  
20191210_10_22_40_669791_22652report.log 2019-12-10 10:22:53  loga.py  writeLog [line:134] INFO 行号:40   PASS   查找元素[find_element]  用时:0.007s  
20191210_10_22_40_669791_22652report.log 2019-12-10 10:22:53  loga.py  writeLog [line:134] INFO 行号:40   PASS   清除文本[clear]  用时:0.017s  
20191210_10_22_40_669791_22652report.log 2019-12-10 10:22:54  loga.py  writeLog [line:134] INFO 行号:41   PASS   查找元素[find_element]  用时:0.025s  
20191210_10_22_40_669791_22652report.log 2019-12-10 10:22:55  loga.py  writeLog [line:134] INFO 行号:41   PASS   模拟输入[send_keys]  用时:0.116s  
20191210_10_22_40_669791_22652report.log 2019-12-10 10:22:56  loga.py  writeLog [line:134] INFO 行号:42   PASS   查找元素[find_element]  用时:0.009s  
20191210_10_22_40_669791_22652report.log 2019-12-10 10:22:56  loga.py  writeLog [line:134] INFO 行号:42   PASS   清除文本[clear]  用时:0.017s  
20191210_10_22_40_669791_22652report.log 2019-12-10 10:22:58  loga.py  writeLog [line:134] INFO 行号:43   PASS   查找元素[find_element]  用时:0.015s  
20191210_10_22_40_669791_22652report.log 2019-12-10 10:22:58  loga.py  writeLog [line:134] INFO 行号:43   PASS   模拟输入[send_keys]  用时:0.066s  
20191210_10_22_40_669791_22652report.log 2019-12-10 10:22:59  loga.py  writeLog [line:134] INFO 行号:45   PASS   查找元素[find_element]  用时:0.009s  
20191210_10_22_40_669791_22652report.log 2019-12-10 10:23:00  loga.py  writeLog [line:134] INFO 行号:46   PASS   查找元素[find_element]  用时:0.014s  
20191210_10_22_40_669791_22652report.log 2019-12-10 10:23:00  loga.py  writeLog [line:134] INFO 行号:46   PASS   左键单击[click]  用时:0.103s  
20191210_10_22_40_669791_22652report.log 2019-12-10 10:23:01  loga.py  writeLog [line:134] INFO 行号:52   PASS   查找元素[find_element]  用时:0.042s  
20191210_10_22_40_669791_22652report.log 2019-12-10 10:23:02  loga.py  writeLog [line:134] INFO 行号:53   PASS   查找元素[find_element]  用时:0.007s  
20191210_10_22_40_669791_22652report.log 2019-12-10 10:23:02  loga.py  writeLog [line:134] INFO 行号:53   PASS   左键单击[click]  用时:0.067s  
20191210_10_22_40_669791_22652report.log 2019-12-10 10:23:03  loga.py  writeLog [line:134] INFO 行号:54   PASS   查找元素[find_element]  用时:0.010s  
20191210_10_22_40_669791_22652report.log 2019-12-10 10:23:04  loga.py  writeLog [line:134] INFO 行号:54   PASS   左键单击[click]  用时:0.093s  
20191210_10_22_40_669791_22652report.log 2019-12-10 10:23:05  loga.py  writeLog [line:134] INFO 行号:56   PASS   查找元素[find_element]  用时:0.012s  
20191210_10_22_40_669791_22652report.log 2019-12-10 10:23:06  loga.py  writeLog [line:134] INFO 行号:56   PASS   左键单击[click]  用时:0.366s  
20191210_10_22_40_669791_22652report.log 2019-12-10 10:23:07  loga.py  putSystemLog [line:74] INFO 脚本运行完毕...
20191210_10_22_40_669791_22652report.log 2019-12-10 10:23:07  loga.py  putSystemLog [line:74] INFO 开始运行脚本<class 'script.testCase.Y3me项目.数字化建模.费用管理.费用预算.EasyCase'>
20191210_10_22_40_669791_22652report.log 2019-12-10 10:23:07  loga.py  writeLog [line:134] INFO 行号:25   PASS   刷新页面[refresh]  用时:0.236s  
20191210_10_22_40_669791_22652report.log 2019-12-10 10:23:08  loga.py  writeLog [line:134] INFO 行号:27   PASS   查找元素[find_element]  用时:0.011s  
20191210_10_22_40_669791_22652report.log 2019-12-10 10:23:09  loga.py  writeLog [line:134] INFO 行号:27   PASS   左键单击[click]  用时:0.098s  
20191210_10_22_40_669791_22652report.log 2019-12-10 10:23:11  loga.py  writeLog [line:134] INFO 行号:30   PASS   查找元素[find_element]  用时:0.027s  
20191210_10_22_40_669791_22652report.log 2019-12-10 10:23:11  loga.py  writeLog [line:134] INFO 行号:30   PASS   左键单击[click]  用时:0.078s  
20191210_10_22_40_669791_22652report.log 2019-12-10 10:23:13  loga.py  writeLog [line:134] INFO 行号:33   PASS   查找元素[find_element]  用时:0.017s  
20191210_10_22_40_669791_22652report.log 2019-12-10 10:23:16  loga.py  writeLog [line:134] INFO 行号:40   PASS   查找元素[find_element]  用时:0.009s  
20191210_10_22_40_669791_22652report.log 2019-12-10 10:23:20  loga.py  writeLog [line:134] INFO 行号:47   PASS   查找元素[find_element]  用时:0.010s  
20191210_10_22_40_669791_22652report.log 2019-12-10 10:23:21  loga.py  writeLog [line:134] INFO 行号:50   PASS   查找元素[find_element]  用时:0.009s  
20191210_10_22_40_669791_22652report.log 2019-12-10 10:23:22  loga.py  writeLog [line:134] INFO 行号:51   PASS   切换到表单[frame]  用时:0.016s  
20191210_10_22_40_669791_22652report.log 2019-12-10 10:23:23  loga.py  writeLog [line:134] INFO 行号:55   PASS   查找元素[find_element]  用时:0.606s  
20191210_10_22_40_669791_22652report.log 2019-12-10 10:23:24  loga.py  writeLog [line:134] INFO 行号:56   PASS   查找元素[find_element]  用时:0.010s  
20191210_10_22_40_669791_22652report.log 2019-12-10 10:23:24  loga.py  writeLog [line:134] INFO 行号:56   PASS   左键单击[click]  用时:0.125s  
20191210_10_22_40_669791_22652report.log 2019-12-10 10:23:25  loga.py  writeLog [line:134] INFO 行号:60   PASS   查找元素[find_element]  用时:0.010s  
20191210_10_22_40_669791_22652report.log 2019-12-10 10:23:26  loga.py  writeLog [line:134] INFO 行号:61   PASS   查找元素[find_element]  用时:0.009s  
20191210_10_22_40_669791_22652report.log 2019-12-10 10:23:26  loga.py  writeLog [line:134] INFO 行号:61   PASS   左键单击[click]  用时:0.112s  
20191210_10_22_40_669791_22652report.log 2019-12-10 10:23:27  loga.py  writeLog [line:134] INFO 行号:65   PASS   查找元素[find_element]  用时:0.008s  
20191210_10_22_40_669791_22652report.log 2019-12-10 10:23:28  loga.py  writeLog [line:134] INFO 行号:66   PASS   查找元素[find_element]  用时:0.006s  
20191210_10_22_40_669791_22652report.log 2019-12-10 10:23:29  loga.py  writeLog [line:134] INFO 行号:66   PASS   左键单击[click]  用时:0.070s  
20191210_10_22_40_669791_22652report.log 2019-12-10 10:23:30  loga.py  writeLog [line:134] INFO 行号:72   PASS   查找元素[find_element]  用时:0.010s  
20191210_10_22_40_669791_22652report.log 2019-12-10 10:23:30  loga.py  writeLog [line:134] INFO 行号:73   PASS   查找元素[find_element]  用时:0.006s  
20191210_10_22_40_669791_22652report.log 2019-12-10 10:23:31  loga.py  writeLog [line:134] INFO 行号:73   PASS   模拟输入[send_keys]  用时:0.153s  
20191210_10_22_40_669791_22652report.log 2019-12-10 10:23:32  loga.py  writeLog [line:134] INFO 行号:79   PASS   查找元素[find_element]  用时:0.011s  
20191210_10_22_40_669791_22652report.log 2019-12-10 10:23:32  loga.py  writeLog [line:134] INFO 行号:80   PASS   查找元素[find_element]  用时:0.006s  
20191210_10_22_40_669791_22652report.log 2019-12-10 10:23:33  loga.py  writeLog [line:134] INFO 行号:80   PASS   模拟输入[send_keys]  用时:0.124s  
20191210_10_22_40_669791_22652report.log 2019-12-10 10:23:34  loga.py  writeLog [line:134] INFO 行号:84   PASS   查找元素[find_element]  用时:0.016s  
20191210_10_22_40_669791_22652report.log 2019-12-10 10:23:34  loga.py  writeLog [line:134] INFO 行号:85   PASS   查找元素[find_element]  用时:0.007s  
20191210_10_22_40_669791_22652report.log 2019-12-10 10:23:35  loga.py  writeLog [line:134] INFO 行号:85   PASS   左键单击[click]  用时:0.089s  
20191210_10_22_40_669791_22652report.log 2019-12-10 10:23:36  loga.py  writeLog [line:134] INFO 行号:90   PASS   查找元素[find_element]  用时:0.010s  
20191210_10_22_40_669791_22652report.log 2019-12-10 10:23:37  loga.py  writeLog [line:134] INFO 行号:91   PASS   查找元素[find_element]  用时:0.007s  
20191210_10_22_40_669791_22652report.log 2019-12-10 10:23:37  loga.py  writeLog [line:134] INFO 行号:91   PASS   左键单击[click]  用时:0.072s  
20191210_10_22_40_669791_22652report.log 2019-12-10 10:23:38  loga.py  writeLog [line:134] INFO 行号:96   PASS   查找元素[find_element]  用时:0.010s  
20191210_10_22_40_669791_22652report.log 2019-12-10 10:23:39  loga.py  writeLog [line:134] INFO 行号:97   PASS   查找元素[find_element]  用时:0.006s  
20191210_10_22_40_669791_22652report.log 2019-12-10 10:23:39  loga.py  writeLog [line:134] INFO 行号:97   PASS   左键单击[click]  用时:0.139s  
20191210_10_22_40_669791_22652report.log 2019-12-10 10:23:40  loga.py  writeLog [line:134] INFO 行号:102  PASS   查找元素[find_element]  用时:0.010s  
20191210_10_22_40_669791_22652report.log 2019-12-10 10:23:41  loga.py  writeLog [line:134] INFO 行号:103  PASS   查找元素[find_element]  用时:0.006s  
20191210_10_22_40_669791_22652report.log 2019-12-10 10:23:41  loga.py  writeLog [line:134] INFO 行号:103  PASS   左键单击[click]  用时:0.078s  
20191210_10_22_40_669791_22652report.log 2019-12-10 10:23:42  loga.py  writeLog [line:134] INFO 行号:108  PASS   查找元素[find_element]  用时:0.009s  
20191210_10_22_40_669791_22652report.log 2019-12-10 10:23:43  loga.py  writeLog [line:134] INFO 行号:109  PASS   查找元素[find_element]  用时:0.006s  
20191210_10_22_40_669791_22652report.log 2019-12-10 10:23:43  loga.py  writeLog [line:134] INFO 行号:109  PASS   左键单击[click]  用时:0.092s  
20191210_10_22_40_669791_22652report.log 2019-12-10 10:23:44  loga.py  writeLog [line:134] INFO 行号:114  PASS   查找元素[find_element]  用时:0.010s  
20191210_10_22_40_669791_22652report.log 2019-12-10 10:23:45  loga.py  writeLog [line:134] INFO 行号:115  PASS   查找元素[find_element]  用时:0.006s  
20191210_10_22_40_669791_22652report.log 2019-12-10 10:23:46  loga.py  writeLog [line:134] INFO 行号:115  PASS   左键单击[click]  用时:0.112s  
20191210_10_22_40_669791_22652report.log 2019-12-10 10:23:49  loga.py  writeLog [line:134] INFO 行号:122  PASS   查找元素[find_element]  用时:0.006s  
20191210_10_22_40_669791_22652report.log 2019-12-10 10:26:24  loga.py  writeLog [line:134] INFO 行号:122  ERROR  左键单击[click]  用时:155.243s  5次重新定位元素后，元素行为执行仍然失败，请检查元素是否准确定位
20191210_10_22_40_669791_22652report.log 2019-12-10 10:26:25  loga.py  writeLog [line:134] INFO 行号:127  PASS   查找元素[find_element]  用时:0.010s  
20191210_10_22_40_669791_22652report.log 2019-12-10 10:26:26  loga.py  writeLog [line:134] INFO 行号:128  PASS   查找元素[find_element]  用时:0.007s  
20191210_10_22_40_669791_22652report.log 2019-12-10 10:26:32  loga.py  writeLog [line:134] INFO 行号:128  PASS   左键单击[click]  用时:5.127s  
20191210_10_22_40_669791_22652report.log 2019-12-10 10:26:33  loga.py  writeLog [line:134] INFO 行号:133  PASS   查找元素[find_element]  用时:0.010s  
20191210_10_22_40_669791_22652report.log 2019-12-10 10:26:33  loga.py  writeLog [line:134] INFO 行号:134  PASS   查找元素[find_element]  用时:0.007s  
20191210_10_22_40_669791_22652report.log 2019-12-10 10:26:39  loga.py  writeLog [line:134] INFO 行号:134  PASS   左键单击[click]  用时:5.080s  
20191210_10_22_40_669791_22652report.log 2019-12-10 10:26:40  loga.py  writeLog [line:134] INFO 行号:139  PASS   查找元素[find_element]  用时:0.009s  
20191210_10_22_40_669791_22652report.log 2019-12-10 10:27:10  loga.py  writeLog [line:134] INFO 行号:140  FAIL   查找元素[find_element]  用时:30.053s  参数:{'list': '', 'dict': {'xpath': '//div[text()="预算名称8651"]/ancestor::tr//a[text()=""]'}} 页面中没有该元素.NoSuchElementException
20191210_10_22_40_669791_22652report.log 2019-12-10 10:27:11  loga.py  writeLog [line:134] INFO 行号:140  ERROR  左键单击[click]  用时:0.000s  由于未找到元素，操作失败
20191210_10_22_40_669791_22652report.log 2019-12-10 10:27:42  loga.py  writeLog [line:134] INFO 行号:145  FAIL   查找元素[find_element]  用时:30.052s  参数:{'list': '', 'dict': {'xpath': '//span[text()="预算维度："]/following-sibling::div[1]//input'}} 页面中没有该元素.NoSuchElementException
20191210_10_22_40_669791_22652report.log 2019-12-10 10:28:13  loga.py  writeLog [line:134] INFO 行号:0    ERROR  [runTest]  用时:  测试用例脚本发生错误，请检查脚本代码：
20191210_10_22_40_669791_22652report.log 2019-12-10 10:28:13  loga.py  putSystemLog [line:74] INFO 脚本运行完毕...
20191210_10_22_40_669791_22652report.log 2019-12-10 10:28:13  loga.py  putSystemLog [line:74] INFO 开始运行脚本<class 'script.testCase.U8EX项目.公共.U8EX登出.EasyCase'>
20191210_10_22_40_669791_22652report.log 2019-12-10 10:28:13  loga.py  writeLog [line:134] INFO 行号:24   PASS   刷新页面[refresh]  用时:0.007s  
20191210_10_22_40_669791_22652report.log 2019-12-10 10:28:15  loga.py  writeLog [line:134] INFO 行号:26   PASS   查找元素[find_element]  用时:0.009s  
20191210_10_22_40_669791_22652report.log 2019-12-10 10:28:20  loga.py  writeLog [line:134] INFO 行号:26   PASS   左键单击[click]  用时:5.062s  
20191210_10_22_40_669791_22652report.log 2019-12-10 10:28:51  loga.py  writeLog [line:134] INFO 行号:27   FAIL   查找元素[find_element]  用时:30.039s  参数:{'list': '', 'dict': {'xpath': '//span[text()="注销"]'}} 页面中没有该元素.NoSuchElementException
20191210_10_22_40_669791_22652report.log 2019-12-10 10:28:52  loga.py  writeLog [line:134] INFO 行号:27   ERROR  左键单击[click]  用时:0.000s  由于未找到元素，操作失败
20191210_10_22_40_669791_22652report.log 2019-12-10 10:28:53  loga.py  putSystemLog [line:74] INFO 脚本运行完毕...
20191210_10_22_40_669791_22652report.log 2019-12-10 10:28:53  loga.py  writeLog [line:134] INFO 行号:0    PASS   关闭浏览器[quit]  用时:0.161s  
20191210_10_22_40_669791_22652report.log 2019-12-10 10:28:56  loga.py  putSystemLog [line:74] INFO 场景<1>结束.用时:375.633s.
20191210_10_22_40_669791_22652report.log 2019-12-10 10:28:56  loga.py  putSystemLog [line:74] INFO 场景统计结果：PASS: 82(92.13%),FAIL:  3(3.37%),ERROR:  4(4.49%),TRUE:  0,FALSE:  0

20191210_10_22_40_669791_22652report.log 2019-12-10 10:28:56  loga.py  putSystemLog [line:74] INFO ----------------------------------------
20191210_10_22_40_669791_22652report.log 2019-12-10 10:28:56  loga.py  putSystemLog [line:74] INFO End.
20191210_10_22_40_669791_22652report.log 2019-12-10 10:28:56  loga.py  putSystemLog [line:74] INFO 测试方案统计结果:
                    场景<1>:PASS: 82(92.13%),FAIL:  3(3.37%),ERROR:  4(4.49%),TRUE:  0,FALSE:  0
                    总   计:PASS: 82(92.13%),FAIL:  3(3.37%),ERROR:  4(4.49%),TRUE:  0,FALSE:  0

