20191210_13_48_29_972026_5376report.log 2019-12-10 13:48:29  loga.py  putSystemLog [line:74] INFO Start.
20191210_13_48_29_972026_5376report.log 2019-12-10 13:48:29  loga.py  putSystemLog [line:74] INFO 场景<1>开始.
20191210_13_48_29_972026_5376report.log 2019-12-10 13:48:33  loga.py  writeLog [line:134] INFO 行号:0    PASS   最大化浏览器窗口[maximize_window]  用时:1.136s  
20191210_13_48_29_972026_5376report.log 2019-12-10 13:48:34  loga.py  putSystemLog [line:74] INFO chrome浏览器启动成功.
20191210_13_48_29_972026_5376report.log 2019-12-10 13:48:34  loga.py  putSystemLog [line:74] INFO 开始加载脚本...
20191210_13_48_29_972026_5376report.log 2019-12-10 13:48:34  loga.py  putSystemLog [line:74] INFO 脚本<1>：U8EX登录 加载成功.脚本路径：script/testCase/U8EX项目/公共/U8EX登录
20191210_13_48_29_972026_5376report.log 2019-12-10 13:48:34  loga.py  putSystemLog [line:74] INFO 脚本<2>：应收参数 加载成功.脚本路径：script/testCase/Y3me项目/数字化建模/应收管理/应收参数
20191210_13_48_29_972026_5376report.log 2019-12-10 13:48:34  loga.py  putSystemLog [line:74] INFO 脚本<3>：U8EX登出 加载成功.脚本路径：script/testCase/U8EX项目/公共/U8EX登出
20191210_13_48_29_972026_5376report.log 2019-12-10 13:48:34  loga.py  putSystemLog [line:74] INFO 脚本加载完成...
20191210_13_48_29_972026_5376report.log 2019-12-10 13:48:34  loga.py  putSystemLog [line:74] INFO 开始运行脚本<class 'script.testCase.U8EX项目.公共.U8EX登录.EasyCase'>
20191210_13_48_29_972026_5376report.log 2019-12-10 13:48:35  loga.py  writeLog [line:134] INFO 行号:27   PASS   访问页面[get]  用时:0.988s  
20191210_13_48_29_972026_5376report.log 2019-12-10 13:48:36  loga.py  writeLog [line:134] INFO 行号:29   PASS   查找元素[find_element]  用时:0.010s  
20191210_13_48_29_972026_5376report.log 2019-12-10 13:48:37  loga.py  writeLog [line:134] INFO 行号:30   PASS   查找元素[find_element]  用时:0.006s  
20191210_13_48_29_972026_5376report.log 2019-12-10 13:48:37  loga.py  writeLog [line:134] INFO 行号:30   PASS   左键单击[click]  用时:0.042s  
20191210_13_48_29_972026_5376report.log 2019-12-10 13:48:38  loga.py  writeLog [line:134] INFO 行号:34   PASS   查找元素[find_element]  用时:0.013s  
20191210_13_48_29_972026_5376report.log 2019-12-10 13:48:39  loga.py  writeLog [line:134] INFO 行号:35   PASS   查找元素[find_element]  用时:0.007s  
20191210_13_48_29_972026_5376report.log 2019-12-10 13:48:39  loga.py  writeLog [line:134] INFO 行号:36   PASS   切换到表单[frame]  用时:0.015s  
20191210_13_48_29_972026_5376report.log 2019-12-10 13:48:41  loga.py  writeLog [line:134] INFO 行号:39   PASS   查找元素[find_element]  用时:0.036s  
20191210_13_48_29_972026_5376report.log 2019-12-10 13:48:42  loga.py  writeLog [line:134] INFO 行号:40   PASS   查找元素[find_element]  用时:0.006s  
20191210_13_48_29_972026_5376report.log 2019-12-10 13:48:42  loga.py  writeLog [line:134] INFO 行号:40   PASS   清除文本[clear]  用时:0.018s  
20191210_13_48_29_972026_5376report.log 2019-12-10 13:48:43  loga.py  writeLog [line:134] INFO 行号:41   PASS   查找元素[find_element]  用时:0.007s  
20191210_13_48_29_972026_5376report.log 2019-12-10 13:48:44  loga.py  writeLog [line:134] INFO 行号:41   PASS   模拟输入[send_keys]  用时:0.118s  
20191210_13_48_29_972026_5376report.log 2019-12-10 13:48:45  loga.py  writeLog [line:134] INFO 行号:42   PASS   查找元素[find_element]  用时:0.009s  
20191210_13_48_29_972026_5376report.log 2019-12-10 13:48:46  loga.py  writeLog [line:134] INFO 行号:42   PASS   清除文本[clear]  用时:0.018s  
20191210_13_48_29_972026_5376report.log 2019-12-10 13:48:47  loga.py  writeLog [line:134] INFO 行号:43   PASS   查找元素[find_element]  用时:0.005s  
20191210_13_48_29_972026_5376report.log 2019-12-10 13:48:47  loga.py  writeLog [line:134] INFO 行号:43   PASS   模拟输入[send_keys]  用时:0.062s  
20191210_13_48_29_972026_5376report.log 2019-12-10 13:48:48  loga.py  writeLog [line:134] INFO 行号:45   PASS   查找元素[find_element]  用时:0.010s  
20191210_13_48_29_972026_5376report.log 2019-12-10 13:48:49  loga.py  writeLog [line:134] INFO 行号:46   PASS   查找元素[find_element]  用时:0.007s  
20191210_13_48_29_972026_5376report.log 2019-12-10 13:48:49  loga.py  writeLog [line:134] INFO 行号:46   PASS   左键单击[click]  用时:0.079s  
20191210_13_48_29_972026_5376report.log 2019-12-10 13:48:50  loga.py  writeLog [line:134] INFO 行号:52   PASS   查找元素[find_element]  用时:0.011s  
20191210_13_48_29_972026_5376report.log 2019-12-10 13:48:51  loga.py  writeLog [line:134] INFO 行号:53   PASS   查找元素[find_element]  用时:0.006s  
20191210_13_48_29_972026_5376report.log 2019-12-10 13:48:51  loga.py  writeLog [line:134] INFO 行号:53   PASS   左键单击[click]  用时:0.097s  
20191210_13_48_29_972026_5376report.log 2019-12-10 13:48:52  loga.py  writeLog [line:134] INFO 行号:54   PASS   查找元素[find_element]  用时:0.010s  
20191210_13_48_29_972026_5376report.log 2019-12-10 13:48:53  loga.py  writeLog [line:134] INFO 行号:54   PASS   左键单击[click]  用时:0.083s  
20191210_13_48_29_972026_5376report.log 2019-12-10 13:48:54  loga.py  writeLog [line:134] INFO 行号:56   PASS   查找元素[find_element]  用时:0.010s  
20191210_13_48_29_972026_5376report.log 2019-12-10 13:48:55  loga.py  writeLog [line:134] INFO 行号:56   PASS   左键单击[click]  用时:0.389s  
20191210_13_48_29_972026_5376report.log 2019-12-10 13:48:56  loga.py  putSystemLog [line:74] INFO 脚本运行完毕...
20191210_13_48_29_972026_5376report.log 2019-12-10 13:48:56  loga.py  putSystemLog [line:74] INFO 开始运行脚本<class 'script.testCase.Y3me项目.数字化建模.应收管理.应收参数.EasyCase'>
20191210_13_48_29_972026_5376report.log 2019-12-10 13:48:56  loga.py  writeLog [line:134] INFO 行号:30   PASS   刷新页面[refresh]  用时:0.007s  
20191210_13_48_29_972026_5376report.log 2019-12-10 13:48:57  loga.py  writeLog [line:134] INFO 行号:32   PASS   查找元素[find_element]  用时:0.010s  
20191210_13_48_29_972026_5376report.log 2019-12-10 13:48:57  loga.py  writeLog [line:134] INFO 行号:32   PASS   左键单击[click]  用时:0.066s  
20191210_13_48_29_972026_5376report.log 2019-12-10 13:48:59  loga.py  writeLog [line:134] INFO 行号:35   PASS   查找元素[find_element]  用时:0.019s  
20191210_13_48_29_972026_5376report.log 2019-12-10 13:49:00  loga.py  writeLog [line:134] INFO 行号:35   PASS   左键单击[click]  用时:0.053s  
20191210_13_48_29_972026_5376report.log 2019-12-10 13:49:02  loga.py  writeLog [line:134] INFO 行号:38   PASS   查找元素[find_element]  用时:0.009s  
20191210_13_48_29_972026_5376report.log 2019-12-10 13:49:05  loga.py  writeLog [line:134] INFO 行号:45   PASS   查找元素[find_element]  用时:0.020s  
20191210_13_48_29_972026_5376report.log 2019-12-10 13:49:08  loga.py  writeLog [line:134] INFO 行号:52   PASS   查找元素[find_element]  用时:0.010s  
20191210_13_48_29_972026_5376report.log 2019-12-10 13:49:10  loga.py  writeLog [line:134] INFO 行号:55   PASS   查找元素[find_element]  用时:0.009s  
20191210_13_48_29_972026_5376report.log 2019-12-10 13:49:10  loga.py  writeLog [line:134] INFO 行号:56   PASS   切换到表单[frame]  用时:0.015s  
20191210_13_48_29_972026_5376report.log 2019-12-10 13:49:11  loga.py  writeLog [line:134] INFO 行号:60   PASS   查找元素[find_element]  用时:0.011s  
20191210_13_48_29_972026_5376report.log 2019-12-10 13:49:12  loga.py  writeLog [line:134] INFO 行号:61   PASS   查找元素[find_element]  用时:0.006s  
20191210_13_48_29_972026_5376report.log 2019-12-10 13:49:12  loga.py  writeLog [line:134] INFO 行号:61   PASS   左键单击[click]  用时:0.067s  
20191210_13_48_29_972026_5376report.log 2019-12-10 13:49:13  loga.py  writeLog [line:134] INFO 行号:65   PASS   查找元素[find_element]  用时:0.011s  
20191210_13_48_29_972026_5376report.log 2019-12-10 13:49:14  loga.py  writeLog [line:134] INFO 行号:66   PASS   查找元素[find_element]  用时:0.007s  
20191210_13_48_29_972026_5376report.log 2019-12-10 13:49:14  loga.py  writeLog [line:134] INFO 行号:68   TRUE   断言：实例[assertIsInstance] 用时:0.000s TRUE.
20191210_13_48_29_972026_5376report.log 2019-12-10 13:49:14  loga.py  writeLog [line:134] INFO 行号:68   TRUE   断言：实例[assertIsInstance] 用时:0.000s TRUE.
20191210_13_48_29_972026_5376report.log 2019-12-10 13:49:14  loga.py  writeLog [line:134] INFO 行号:68   TRUE   断言：相等[assertEqual] 用时:0.000s TRUE.
20191210_13_48_29_972026_5376report.log 2019-12-10 13:49:14  loga.py  writeLog [line:134] INFO 行号:71   PASS   查找元素[find_element]  用时:0.010s  
20191210_13_48_29_972026_5376report.log 2019-12-10 13:49:15  loga.py  writeLog [line:134] INFO 行号:71   PASS   左键单击[click]  用时:0.072s  
20191210_13_48_29_972026_5376report.log 2019-12-10 13:49:17  loga.py  writeLog [line:134] INFO 行号:73   PASS   查找元素[find_element]  用时:0.009s  
20191210_13_48_29_972026_5376report.log 2019-12-10 13:49:18  loga.py  writeLog [line:134] INFO 行号:73   PASS   左键单击[click]  用时:0.050s  
20191210_13_48_29_972026_5376report.log 2019-12-10 13:49:19  loga.py  putSystemLog [line:74] INFO 脚本运行完毕...
20191210_13_48_29_972026_5376report.log 2019-12-10 13:49:19  loga.py  putSystemLog [line:74] INFO 开始运行脚本<class 'script.testCase.U8EX项目.公共.U8EX登出.EasyCase'>
20191210_13_48_29_972026_5376report.log 2019-12-10 13:49:19  loga.py  writeLog [line:134] INFO 行号:24   PASS   刷新页面[refresh]  用时:0.008s  
20191210_13_48_29_972026_5376report.log 2019-12-10 13:49:21  loga.py  writeLog [line:134] INFO 行号:26   PASS   查找元素[find_element]  用时:0.010s  
20191210_13_48_29_972026_5376report.log 2019-12-10 13:49:21  loga.py  writeLog [line:134] INFO 行号:26   PASS   左键单击[click]  用时:0.130s  
20191210_13_48_29_972026_5376report.log 2019-12-10 13:49:22  loga.py  writeLog [line:134] INFO 行号:27   PASS   查找元素[find_element]  用时:0.009s  
20191210_13_48_29_972026_5376report.log 2019-12-10 13:49:23  loga.py  writeLog [line:134] INFO 行号:27   PASS   左键单击[click]  用时:0.379s  
20191210_13_48_29_972026_5376report.log 2019-12-10 13:49:24  loga.py  putSystemLog [line:74] INFO 脚本运行完毕...
20191210_13_48_29_972026_5376report.log 2019-12-10 13:49:24  loga.py  writeLog [line:134] INFO 行号:0    PASS   关闭浏览器[quit]  用时:0.234s  
20191210_13_48_29_972026_5376report.log 2019-12-10 13:49:27  loga.py  putSystemLog [line:74] INFO 场景<1>结束.用时:57.810s.
20191210_13_48_29_972026_5376report.log 2019-12-10 13:49:27  loga.py  putSystemLog [line:74] INFO 场景统计结果：PASS: 52(100.00%),FAIL:  0(0.00%),ERROR:  0(0.00%),TRUE:  3,FALSE:  0

20191210_13_48_29_972026_5376report.log 2019-12-10 13:49:27  loga.py  putSystemLog [line:74] INFO ----------------------------------------
20191210_13_48_29_972026_5376report.log 2019-12-10 13:49:27  loga.py  putSystemLog [line:74] INFO End.
20191210_13_48_29_972026_5376report.log 2019-12-10 13:49:27  loga.py  putSystemLog [line:74] INFO 测试方案统计结果:
                    场景<1>:PASS: 52(100.00%),FAIL:  0(0.00%),ERROR:  0(0.00%),TRUE:  3,FALSE:  0
                    总   计:PASS: 52(100.00%),FAIL:  0(0.00%),ERROR:  0(0.00%),TRUE:  3,FALSE:  0

