20191210_10_34_20_348602_16852report.log 2019-12-10 10:34:20  loga.py  putSystemLog [line:74] INFO Start.
20191210_10_34_20_348602_16852report.log 2019-12-10 10:34:20  loga.py  putSystemLog [line:74] INFO 场景<1>开始.
20191210_10_34_20_348602_16852report.log 2019-12-10 10:34:24  loga.py  writeLog [line:134] INFO 行号:0    PASS   最大化浏览器窗口[maximize_window]  用时:1.114s  
20191210_10_34_20_348602_16852report.log 2019-12-10 10:34:25  loga.py  putSystemLog [line:74] INFO chrome浏览器启动成功.
20191210_10_34_20_348602_16852report.log 2019-12-10 10:34:25  loga.py  putSystemLog [line:74] INFO 开始加载脚本...
20191210_10_34_20_348602_16852report.log 2019-12-10 10:34:25  loga.py  putSystemLog [line:74] INFO 脚本<1>：U8EX登录 加载成功.脚本路径：script/testCase/U8EX项目/公共/U8EX登录
20191210_10_34_20_348602_16852report.log 2019-12-10 10:34:25  loga.py  putSystemLog [line:74] INFO 脚本<2>：费用预算 加载成功.脚本路径：script/testCase/Y3me项目/数字化建模/费用管理/费用预算
20191210_10_34_20_348602_16852report.log 2019-12-10 10:34:25  loga.py  putSystemLog [line:74] INFO 脚本<3>：U8EX登出 加载成功.脚本路径：script/testCase/U8EX项目/公共/U8EX登出
20191210_10_34_20_348602_16852report.log 2019-12-10 10:34:25  loga.py  putSystemLog [line:74] INFO 脚本加载完成...
20191210_10_34_20_348602_16852report.log 2019-12-10 10:34:25  loga.py  putSystemLog [line:74] INFO 开始运行脚本<class 'script.testCase.U8EX项目.公共.U8EX登录.EasyCase'>
20191210_10_34_20_348602_16852report.log 2019-12-10 10:34:26  loga.py  writeLog [line:134] INFO 行号:27   PASS   访问页面[get]  用时:1.129s  
20191210_10_34_20_348602_16852report.log 2019-12-10 10:34:27  loga.py  writeLog [line:134] INFO 行号:29   PASS   查找元素[find_element]  用时:0.011s  
20191210_10_34_20_348602_16852report.log 2019-12-10 10:34:27  loga.py  writeLog [line:134] INFO 行号:30   PASS   查找元素[find_element]  用时:0.006s  
20191210_10_34_20_348602_16852report.log 2019-12-10 10:34:28  loga.py  writeLog [line:134] INFO 行号:30   PASS   左键单击[click]  用时:0.046s  
20191210_10_34_20_348602_16852report.log 2019-12-10 10:34:29  loga.py  writeLog [line:134] INFO 行号:34   PASS   查找元素[find_element]  用时:0.008s  
20191210_10_34_20_348602_16852report.log 2019-12-10 10:34:29  loga.py  writeLog [line:134] INFO 行号:35   PASS   查找元素[find_element]  用时:0.006s  
20191210_10_34_20_348602_16852report.log 2019-12-10 10:34:30  loga.py  writeLog [line:134] INFO 行号:36   PASS   切换到表单[frame]  用时:0.016s  
20191210_10_34_20_348602_16852report.log 2019-12-10 10:34:32  loga.py  writeLog [line:134] INFO 行号:39   PASS   查找元素[find_element]  用时:0.010s  
20191210_10_34_20_348602_16852report.log 2019-12-10 10:34:32  loga.py  writeLog [line:134] INFO 行号:40   PASS   查找元素[find_element]  用时:0.006s  
20191210_10_34_20_348602_16852report.log 2019-12-10 10:34:33  loga.py  writeLog [line:134] INFO 行号:40   PASS   清除文本[clear]  用时:0.018s  
20191210_10_34_20_348602_16852report.log 2019-12-10 10:34:34  loga.py  writeLog [line:134] INFO 行号:41   PASS   查找元素[find_element]  用时:0.008s  
20191210_10_34_20_348602_16852report.log 2019-12-10 10:34:34  loga.py  writeLog [line:134] INFO 行号:41   PASS   模拟输入[send_keys]  用时:0.078s  
20191210_10_34_20_348602_16852report.log 2019-12-10 10:34:35  loga.py  writeLog [line:134] INFO 行号:42   PASS   查找元素[find_element]  用时:0.009s  
20191210_10_34_20_348602_16852report.log 2019-12-10 10:34:36  loga.py  writeLog [line:134] INFO 行号:42   PASS   清除文本[clear]  用时:0.026s  
20191210_10_34_20_348602_16852report.log 2019-12-10 10:34:37  loga.py  writeLog [line:134] INFO 行号:43   PASS   查找元素[find_element]  用时:0.006s  
20191210_10_34_20_348602_16852report.log 2019-12-10 10:34:38  loga.py  writeLog [line:134] INFO 行号:43   PASS   模拟输入[send_keys]  用时:0.064s  
20191210_10_34_20_348602_16852report.log 2019-12-10 10:34:39  loga.py  writeLog [line:134] INFO 行号:45   PASS   查找元素[find_element]  用时:0.010s  
20191210_10_34_20_348602_16852report.log 2019-12-10 10:34:39  loga.py  writeLog [line:134] INFO 行号:46   PASS   查找元素[find_element]  用时:0.006s  
20191210_10_34_20_348602_16852report.log 2019-12-10 10:34:40  loga.py  writeLog [line:134] INFO 行号:46   PASS   左键单击[click]  用时:0.079s  
20191210_10_34_20_348602_16852report.log 2019-12-10 10:34:41  loga.py  writeLog [line:134] INFO 行号:52   PASS   查找元素[find_element]  用时:0.014s  
20191210_10_34_20_348602_16852report.log 2019-12-10 10:34:41  loga.py  writeLog [line:134] INFO 行号:53   PASS   查找元素[find_element]  用时:0.009s  
20191210_10_34_20_348602_16852report.log 2019-12-10 10:34:42  loga.py  writeLog [line:134] INFO 行号:53   PASS   左键单击[click]  用时:0.072s  
20191210_10_34_20_348602_16852report.log 2019-12-10 10:34:43  loga.py  writeLog [line:134] INFO 行号:54   PASS   查找元素[find_element]  用时:0.009s  
20191210_10_34_20_348602_16852report.log 2019-12-10 10:34:43  loga.py  writeLog [line:134] INFO 行号:54   PASS   左键单击[click]  用时:0.083s  
20191210_10_34_20_348602_16852report.log 2019-12-10 10:34:44  loga.py  writeLog [line:134] INFO 行号:56   PASS   查找元素[find_element]  用时:0.015s  
20191210_10_34_20_348602_16852report.log 2019-12-10 10:34:45  loga.py  writeLog [line:134] INFO 行号:56   PASS   左键单击[click]  用时:0.349s  
20191210_10_34_20_348602_16852report.log 2019-12-10 10:34:46  loga.py  putSystemLog [line:74] INFO 脚本运行完毕...
20191210_10_34_20_348602_16852report.log 2019-12-10 10:34:46  loga.py  putSystemLog [line:74] INFO 开始运行脚本<class 'script.testCase.Y3me项目.数字化建模.费用管理.费用预算.EasyCase'>
20191210_10_34_20_348602_16852report.log 2019-12-10 10:34:47  loga.py  writeLog [line:134] INFO 行号:25   PASS   刷新页面[refresh]  用时:0.226s  
20191210_10_34_20_348602_16852report.log 2019-12-10 10:34:48  loga.py  writeLog [line:134] INFO 行号:27   PASS   查找元素[find_element]  用时:0.011s  
20191210_10_34_20_348602_16852report.log 2019-12-10 10:34:48  loga.py  writeLog [line:134] INFO 行号:27   PASS   左键单击[click]  用时:0.067s  
20191210_10_34_20_348602_16852report.log 2019-12-10 10:34:50  loga.py  writeLog [line:134] INFO 行号:30   PASS   查找元素[find_element]  用时:0.011s  
20191210_10_34_20_348602_16852report.log 2019-12-10 10:34:51  loga.py  writeLog [line:134] INFO 行号:30   PASS   左键单击[click]  用时:0.044s  
20191210_10_34_20_348602_16852report.log 2019-12-10 10:34:53  loga.py  writeLog [line:134] INFO 行号:33   PASS   查找元素[find_element]  用时:0.009s  
20191210_10_34_20_348602_16852report.log 2019-12-10 10:34:55  loga.py  writeLog [line:134] INFO 行号:40   PASS   查找元素[find_element]  用时:0.011s  
20191210_10_34_20_348602_16852report.log 2019-12-10 10:34:59  loga.py  writeLog [line:134] INFO 行号:47   PASS   查找元素[find_element]  用时:0.009s  
20191210_10_34_20_348602_16852report.log 2019-12-10 10:35:00  loga.py  writeLog [line:134] INFO 行号:50   PASS   查找元素[find_element]  用时:0.009s  
20191210_10_34_20_348602_16852report.log 2019-12-10 10:35:01  loga.py  writeLog [line:134] INFO 行号:51   PASS   切换到表单[frame]  用时:0.016s  
20191210_10_34_20_348602_16852report.log 2019-12-10 10:35:03  loga.py  writeLog [line:134] INFO 行号:55   PASS   查找元素[find_element]  用时:0.925s  
20191210_10_34_20_348602_16852report.log 2019-12-10 10:35:03  loga.py  writeLog [line:134] INFO 行号:56   PASS   查找元素[find_element]  用时:0.010s  
20191210_10_34_20_348602_16852report.log 2019-12-10 10:35:04  loga.py  writeLog [line:134] INFO 行号:56   PASS   左键单击[click]  用时:0.143s  
20191210_10_34_20_348602_16852report.log 2019-12-10 10:35:05  loga.py  writeLog [line:134] INFO 行号:60   PASS   查找元素[find_element]  用时:0.010s  
20191210_10_34_20_348602_16852report.log 2019-12-10 10:35:05  loga.py  writeLog [line:134] INFO 行号:61   PASS   查找元素[find_element]  用时:0.013s  
20191210_10_34_20_348602_16852report.log 2019-12-10 10:35:06  loga.py  writeLog [line:134] INFO 行号:61   PASS   左键单击[click]  用时:0.085s  
20191210_10_34_20_348602_16852report.log 2019-12-10 10:35:07  loga.py  writeLog [line:134] INFO 行号:65   PASS   查找元素[find_element]  用时:0.006s  
20191210_10_34_20_348602_16852report.log 2019-12-10 10:35:08  loga.py  writeLog [line:134] INFO 行号:66   PASS   查找元素[find_element]  用时:0.006s  
20191210_10_34_20_348602_16852report.log 2019-12-10 10:35:08  loga.py  writeLog [line:134] INFO 行号:66   PASS   左键单击[click]  用时:0.095s  
20191210_10_34_20_348602_16852report.log 2019-12-10 10:35:09  loga.py  writeLog [line:134] INFO 行号:72   PASS   查找元素[find_element]  用时:0.010s  
20191210_10_34_20_348602_16852report.log 2019-12-10 10:35:10  loga.py  writeLog [line:134] INFO 行号:73   PASS   查找元素[find_element]  用时:0.006s  
20191210_10_34_20_348602_16852report.log 2019-12-10 10:35:10  loga.py  writeLog [line:134] INFO 行号:73   PASS   模拟输入[send_keys]  用时:0.156s  
20191210_10_34_20_348602_16852report.log 2019-12-10 10:35:11  loga.py  writeLog [line:134] INFO 行号:79   PASS   查找元素[find_element]  用时:0.012s  
20191210_10_34_20_348602_16852report.log 2019-12-10 10:35:12  loga.py  writeLog [line:134] INFO 行号:80   PASS   查找元素[find_element]  用时:0.007s  
20191210_10_34_20_348602_16852report.log 2019-12-10 10:35:13  loga.py  writeLog [line:134] INFO 行号:80   PASS   模拟输入[send_keys]  用时:0.133s  
20191210_10_34_20_348602_16852report.log 2019-12-10 10:35:14  loga.py  writeLog [line:134] INFO 行号:84   PASS   查找元素[find_element]  用时:0.018s  
20191210_10_34_20_348602_16852report.log 2019-12-10 10:35:14  loga.py  writeLog [line:134] INFO 行号:85   PASS   查找元素[find_element]  用时:0.007s  
20191210_10_34_20_348602_16852report.log 2019-12-10 10:35:15  loga.py  writeLog [line:134] INFO 行号:85   PASS   左键单击[click]  用时:0.074s  
20191210_10_34_20_348602_16852report.log 2019-12-10 10:35:16  loga.py  writeLog [line:134] INFO 行号:90   PASS   查找元素[find_element]  用时:0.009s  
20191210_10_34_20_348602_16852report.log 2019-12-10 10:35:16  loga.py  writeLog [line:134] INFO 行号:91   PASS   查找元素[find_element]  用时:0.006s  
20191210_10_34_20_348602_16852report.log 2019-12-10 10:35:17  loga.py  writeLog [line:134] INFO 行号:91   PASS   左键单击[click]  用时:0.063s  
20191210_10_34_20_348602_16852report.log 2019-12-10 10:35:18  loga.py  writeLog [line:134] INFO 行号:96   PASS   查找元素[find_element]  用时:0.011s  
20191210_10_34_20_348602_16852report.log 2019-12-10 10:35:18  loga.py  writeLog [line:134] INFO 行号:97   PASS   查找元素[find_element]  用时:0.006s  
20191210_10_34_20_348602_16852report.log 2019-12-10 10:35:19  loga.py  writeLog [line:134] INFO 行号:97   PASS   左键单击[click]  用时:0.104s  
20191210_10_34_20_348602_16852report.log 2019-12-10 10:35:20  loga.py  writeLog [line:134] INFO 行号:102  PASS   查找元素[find_element]  用时:0.010s  
20191210_10_34_20_348602_16852report.log 2019-12-10 10:35:20  loga.py  writeLog [line:134] INFO 行号:103  PASS   查找元素[find_element]  用时:0.006s  
20191210_10_34_20_348602_16852report.log 2019-12-10 10:35:21  loga.py  writeLog [line:134] INFO 行号:103  PASS   左键单击[click]  用时:0.078s  
20191210_10_34_20_348602_16852report.log 2019-12-10 10:35:22  loga.py  writeLog [line:134] INFO 行号:108  PASS   查找元素[find_element]  用时:0.023s  
20191210_10_34_20_348602_16852report.log 2019-12-10 10:35:22  loga.py  writeLog [line:134] INFO 行号:109  PASS   查找元素[find_element]  用时:0.006s  
20191210_10_34_20_348602_16852report.log 2019-12-10 10:35:23  loga.py  writeLog [line:134] INFO 行号:109  PASS   左键单击[click]  用时:0.053s  
20191210_10_34_20_348602_16852report.log 2019-12-10 10:35:24  loga.py  writeLog [line:134] INFO 行号:114  PASS   查找元素[find_element]  用时:0.016s  
20191210_10_34_20_348602_16852report.log 2019-12-10 10:35:25  loga.py  writeLog [line:134] INFO 行号:115  PASS   查找元素[find_element]  用时:0.007s  
20191210_10_34_20_348602_16852report.log 2019-12-10 10:35:25  loga.py  writeLog [line:134] INFO 行号:115  PASS   左键单击[click]  用时:0.111s  
20191210_10_34_20_348602_16852report.log 2019-12-10 10:35:28  loga.py  writeLog [line:134] INFO 行号:122  PASS   查找元素[find_element]  用时:0.009s  
20191210_10_34_20_348602_16852report.log 2019-12-10 10:35:29  loga.py  writeLog [line:134] INFO 行号:122  PASS   左键单击[click]  用时:0.092s  
20191210_10_34_20_348602_16852report.log 2019-12-10 10:35:30  loga.py  writeLog [line:134] INFO 行号:127  PASS   查找元素[find_element]  用时:0.013s  
20191210_10_34_20_348602_16852report.log 2019-12-10 10:35:30  loga.py  writeLog [line:134] INFO 行号:128  PASS   查找元素[find_element]  用时:0.006s  
20191210_10_34_20_348602_16852report.log 2019-12-10 10:35:31  loga.py  writeLog [line:134] INFO 行号:128  PASS   左键单击[click]  用时:0.044s  
20191210_10_34_20_348602_16852report.log 2019-12-10 10:35:32  loga.py  writeLog [line:134] INFO 行号:133  PASS   查找元素[find_element]  用时:0.010s  
20191210_10_34_20_348602_16852report.log 2019-12-10 10:35:32  loga.py  writeLog [line:134] INFO 行号:134  PASS   查找元素[find_element]  用时:0.006s  
20191210_10_34_20_348602_16852report.log 2019-12-10 10:35:33  loga.py  writeLog [line:134] INFO 行号:134  PASS   左键单击[click]  用时:0.051s  
20191210_10_34_20_348602_16852report.log 2019-12-10 10:35:34  loga.py  writeLog [line:134] INFO 行号:139  PASS   查找元素[find_element]  用时:0.009s  
20191210_10_34_20_348602_16852report.log 2019-12-10 10:36:05  loga.py  writeLog [line:134] INFO 行号:140  FAIL   查找元素[find_element]  用时:30.042s  参数:{'list': '', 'dict': {'xpath': '//div[text()="预算名称7840"]/ancestor::tr//a[text()=""]'}} 页面中没有该元素.NoSuchElementException
20191210_10_34_20_348602_16852report.log 2019-12-10 10:36:05  loga.py  writeLog [line:134] INFO 行号:140  ERROR  左键单击[click]  用时:0.000s  由于未找到元素，操作失败
20191210_10_34_20_348602_16852report.log 2019-12-10 10:36:36  loga.py  writeLog [line:134] INFO 行号:145  FAIL   查找元素[find_element]  用时:30.005s  参数:{'list': '', 'dict': {'xpath': '//span[text()="预算维度："]/following-sibling::div[1]//input'}} 页面中没有该元素.NoSuchElementException
