20191210_13_45_40_543052_7656report.log 2019-12-10 13:45:40  loga.py  putSystemLog [line:74] INFO Start.
20191210_13_45_40_543052_7656report.log 2019-12-10 13:45:40  loga.py  putSystemLog [line:74] INFO 场景<1>开始.
20191210_13_45_40_543052_7656report.log 2019-12-10 13:45:44  loga.py  writeLog [line:134] INFO 行号:0    PASS   最大化浏览器窗口[maximize_window]  用时:1.113s  
20191210_13_45_40_543052_7656report.log 2019-12-10 13:45:45  loga.py  putSystemLog [line:74] INFO chrome浏览器启动成功.
20191210_13_45_40_543052_7656report.log 2019-12-10 13:45:45  loga.py  putSystemLog [line:74] INFO 开始加载脚本...
20191210_13_45_40_543052_7656report.log 2019-12-10 13:45:45  loga.py  putSystemLog [line:74] INFO 脚本<1>：U8EX登录 加载成功.脚本路径：script/testCase/U8EX项目/公共/U8EX登录
20191210_13_45_40_543052_7656report.log 2019-12-10 13:45:45  loga.py  putSystemLog [line:74] INFO 脚本<2>：应收参数 加载成功.脚本路径：script/testCase/Y3me项目/数字化建模/应收管理/应收参数
20191210_13_45_40_543052_7656report.log 2019-12-10 13:45:45  loga.py  putSystemLog [line:74] INFO 脚本<3>：U8EX登出 加载成功.脚本路径：script/testCase/U8EX项目/公共/U8EX登出
20191210_13_45_40_543052_7656report.log 2019-12-10 13:45:45  loga.py  putSystemLog [line:74] INFO 脚本加载完成...
20191210_13_45_40_543052_7656report.log 2019-12-10 13:45:45  loga.py  putSystemLog [line:74] INFO 开始运行脚本<class 'script.testCase.U8EX项目.公共.U8EX登录.EasyCase'>
20191210_13_45_40_543052_7656report.log 2019-12-10 13:45:46  loga.py  writeLog [line:134] INFO 行号:27   PASS   访问页面[get]  用时:1.034s  
20191210_13_45_40_543052_7656report.log 2019-12-10 13:45:47  loga.py  writeLog [line:134] INFO 行号:29   PASS   查找元素[find_element]  用时:0.011s  
20191210_13_45_40_543052_7656report.log 2019-12-10 13:45:47  loga.py  writeLog [line:134] INFO 行号:30   PASS   查找元素[find_element]  用时:0.007s  
20191210_13_45_40_543052_7656report.log 2019-12-10 13:45:48  loga.py  writeLog [line:134] INFO 行号:30   PASS   左键单击[click]  用时:0.048s  
20191210_13_45_40_543052_7656report.log 2019-12-10 13:45:49  loga.py  writeLog [line:134] INFO 行号:34   PASS   查找元素[find_element]  用时:0.011s  
20191210_13_45_40_543052_7656report.log 2019-12-10 13:45:49  loga.py  writeLog [line:134] INFO 行号:35   PASS   查找元素[find_element]  用时:0.007s  
20191210_13_45_40_543052_7656report.log 2019-12-10 13:45:50  loga.py  writeLog [line:134] INFO 行号:36   PASS   切换到表单[frame]  用时:0.015s  
20191210_13_45_40_543052_7656report.log 2019-12-10 13:45:52  loga.py  writeLog [line:134] INFO 行号:39   PASS   查找元素[find_element]  用时:0.010s  
20191210_13_45_40_543052_7656report.log 2019-12-10 13:45:52  loga.py  writeLog [line:134] INFO 行号:40   PASS   查找元素[find_element]  用时:0.007s  
20191210_13_45_40_543052_7656report.log 2019-12-10 13:45:53  loga.py  writeLog [line:134] INFO 行号:40   PASS   清除文本[clear]  用时:0.018s  
20191210_13_45_40_543052_7656report.log 2019-12-10 13:45:54  loga.py  writeLog [line:134] INFO 行号:41   PASS   查找元素[find_element]  用时:0.006s  
20191210_13_45_40_543052_7656report.log 2019-12-10 13:45:55  loga.py  writeLog [line:134] INFO 行号:41   PASS   模拟输入[send_keys]  用时:0.115s  
20191210_13_45_40_543052_7656report.log 2019-12-10 13:45:56  loga.py  writeLog [line:134] INFO 行号:42   PASS   查找元素[find_element]  用时:0.009s  
20191210_13_45_40_543052_7656report.log 2019-12-10 13:45:56  loga.py  writeLog [line:134] INFO 行号:42   PASS   清除文本[clear]  用时:0.020s  
20191210_13_45_40_543052_7656report.log 2019-12-10 13:45:57  loga.py  writeLog [line:134] INFO 行号:43   PASS   查找元素[find_element]  用时:0.018s  
20191210_13_45_40_543052_7656report.log 2019-12-10 13:45:58  loga.py  writeLog [line:134] INFO 行号:43   PASS   模拟输入[send_keys]  用时:0.063s  
20191210_13_45_40_543052_7656report.log 2019-12-10 13:45:59  loga.py  writeLog [line:134] INFO 行号:45   PASS   查找元素[find_element]  用时:0.009s  
20191210_13_45_40_543052_7656report.log 2019-12-10 13:45:59  loga.py  writeLog [line:134] INFO 行号:46   PASS   查找元素[find_element]  用时:0.006s  
20191210_13_45_40_543052_7656report.log 2019-12-10 13:46:00  loga.py  writeLog [line:134] INFO 行号:46   PASS   左键单击[click]  用时:0.082s  
20191210_13_45_40_543052_7656report.log 2019-12-10 13:46:01  loga.py  writeLog [line:134] INFO 行号:52   PASS   查找元素[find_element]  用时:0.011s  
20191210_13_45_40_543052_7656report.log 2019-12-10 13:46:01  loga.py  writeLog [line:134] INFO 行号:53   PASS   查找元素[find_element]  用时:0.007s  
20191210_13_45_40_543052_7656report.log 2019-12-10 13:46:02  loga.py  writeLog [line:134] INFO 行号:53   PASS   左键单击[click]  用时:0.085s  
20191210_13_45_40_543052_7656report.log 2019-12-10 13:46:03  loga.py  writeLog [line:134] INFO 行号:54   PASS   查找元素[find_element]  用时:0.051s  
20191210_13_45_40_543052_7656report.log 2019-12-10 13:46:04  loga.py  writeLog [line:134] INFO 行号:54   PASS   左键单击[click]  用时:0.086s  
20191210_13_45_40_543052_7656report.log 2019-12-10 13:46:05  loga.py  writeLog [line:134] INFO 行号:56   PASS   查找元素[find_element]  用时:0.010s  
20191210_13_45_40_543052_7656report.log 2019-12-10 13:46:05  loga.py  writeLog [line:134] INFO 行号:56   PASS   左键单击[click]  用时:0.369s  
20191210_13_45_40_543052_7656report.log 2019-12-10 13:46:06  loga.py  putSystemLog [line:74] INFO 脚本运行完毕...
20191210_13_45_40_543052_7656report.log 2019-12-10 13:46:06  loga.py  putSystemLog [line:74] INFO 开始运行脚本<class 'script.testCase.Y3me项目.数字化建模.应收管理.应收参数.EasyCase'>
20191210_13_45_40_543052_7656report.log 2019-12-10 13:46:07  loga.py  writeLog [line:134] INFO 行号:30   PASS   刷新页面[refresh]  用时:0.237s  
20191210_13_45_40_543052_7656report.log 2019-12-10 13:46:08  loga.py  writeLog [line:134] INFO 行号:32   PASS   查找元素[find_element]  用时:0.010s  
20191210_13_45_40_543052_7656report.log 2019-12-10 13:46:08  loga.py  writeLog [line:134] INFO 行号:32   PASS   左键单击[click]  用时:0.071s  
20191210_13_45_40_543052_7656report.log 2019-12-10 13:46:10  loga.py  writeLog [line:134] INFO 行号:35   PASS   查找元素[find_element]  用时:0.011s  
20191210_13_45_40_543052_7656report.log 2019-12-10 13:46:11  loga.py  writeLog [line:134] INFO 行号:35   PASS   左键单击[click]  用时:0.047s  
20191210_13_45_40_543052_7656report.log 2019-12-10 13:46:13  loga.py  writeLog [line:134] INFO 行号:38   PASS   查找元素[find_element]  用时:0.008s  
20191210_13_45_40_543052_7656report.log 2019-12-10 13:46:15  loga.py  writeLog [line:134] INFO 行号:45   PASS   查找元素[find_element]  用时:0.009s  
20191210_13_45_40_543052_7656report.log 2019-12-10 13:46:19  loga.py  writeLog [line:134] INFO 行号:52   PASS   查找元素[find_element]  用时:0.018s  
20191210_13_45_40_543052_7656report.log 2019-12-10 13:46:21  loga.py  writeLog [line:134] INFO 行号:55   PASS   查找元素[find_element]  用时:0.352s  
20191210_13_45_40_543052_7656report.log 2019-12-10 13:46:21  loga.py  writeLog [line:134] INFO 行号:56   PASS   切换到表单[frame]  用时:0.045s  
20191210_13_45_40_543052_7656report.log 2019-12-10 13:46:52  loga.py  writeLog [line:134] INFO 行号:60   FAIL   查找元素[find_element]  用时:30.026s  参数:{'list': '', 'dict': {'xpath': '//button[text()="保存"]'}} 页面中没有该元素.NoSuchElementException
20191210_13_45_40_543052_7656report.log 2019-12-10 13:47:23  loga.py  writeLog [line:134] INFO 行号:0    ERROR  [runTest]  用时:  测试用例脚本发生错误，请检查脚本代码：
20191210_13_45_40_543052_7656report.log 2019-12-10 13:47:23  loga.py  putSystemLog [line:74] INFO 脚本运行完毕...
20191210_13_45_40_543052_7656report.log 2019-12-10 13:47:23  loga.py  putSystemLog [line:74] INFO 开始运行脚本<class 'script.testCase.U8EX项目.公共.U8EX登出.EasyCase'>
20191210_13_45_40_543052_7656report.log 2019-12-10 13:47:23  loga.py  writeLog [line:134] INFO 行号:24   PASS   刷新页面[refresh]  用时:0.021s  
20191210_13_45_40_543052_7656report.log 2019-12-10 13:47:25  loga.py  writeLog [line:134] INFO 行号:26   PASS   查找元素[find_element]  用时:0.010s  
20191210_13_45_40_543052_7656report.log 2019-12-10 13:47:26  loga.py  writeLog [line:134] INFO 行号:26   PASS   左键单击[click]  用时:0.042s  
20191210_13_45_40_543052_7656report.log 2019-12-10 13:47:27  loga.py  writeLog [line:134] INFO 行号:27   PASS   查找元素[find_element]  用时:0.013s  
20191210_13_45_40_543052_7656report.log 2019-12-10 13:47:28  loga.py  writeLog [line:134] INFO 行号:27   PASS   左键单击[click]  用时:0.422s  
20191210_13_45_40_543052_7656report.log 2019-12-10 13:47:29  loga.py  putSystemLog [line:74] INFO 脚本运行完毕...
20191210_13_45_40_543052_7656report.log 2019-12-10 13:47:29  loga.py  writeLog [line:134] INFO 行号:0    PASS   关闭浏览器[quit]  用时:0.205s  
20191210_13_45_40_543052_7656report.log 2019-12-10 13:47:32  loga.py  putSystemLog [line:74] INFO 场景<1>结束.用时:111.827s.
20191210_13_45_40_543052_7656report.log 2019-12-10 13:47:32  loga.py  putSystemLog [line:74] INFO 场景统计结果：PASS: 43(95.56%),FAIL:  1(2.22%),ERROR:  1(2.22%),TRUE:  0,FALSE:  0

20191210_13_45_40_543052_7656report.log 2019-12-10 13:47:32  loga.py  putSystemLog [line:74] INFO ----------------------------------------
20191210_13_45_40_543052_7656report.log 2019-12-10 13:47:32  loga.py  putSystemLog [line:74] INFO End.
20191210_13_45_40_543052_7656report.log 2019-12-10 13:47:32  loga.py  putSystemLog [line:74] INFO 测试方案统计结果:
                    场景<1>:PASS: 43(95.56%),FAIL:  1(2.22%),ERROR:  1(2.22%),TRUE:  0,FALSE:  0
                    总   计:PASS: 43(95.56%),FAIL:  1(2.22%),ERROR:  1(2.22%),TRUE:  0,FALSE:  0

