20191210_17_04_04_853654_21740report.log 2019-12-10 17:04:04  loga.py  putSystemLog [line:74] INFO Start.
20191210_17_04_04_853654_21740report.log 2019-12-10 17:04:04  loga.py  putSystemLog [line:74] INFO 场景<1>开始.
20191210_17_04_04_853654_21740report.log 2019-12-10 17:04:08  loga.py  writeLog [line:134] INFO 行号:0    PASS   最大化浏览器窗口[maximize_window]  用时:1.118s  
20191210_17_04_04_853654_21740report.log 2019-12-10 17:04:09  loga.py  putSystemLog [line:74] INFO chrome浏览器启动成功.
20191210_17_04_04_853654_21740report.log 2019-12-10 17:04:09  loga.py  putSystemLog [line:74] INFO 开始加载脚本...
20191210_17_04_04_853654_21740report.log 2019-12-10 17:04:09  loga.py  putSystemLog [line:74] INFO 脚本<1>：U8EX登录 加载成功.脚本路径：script/testCase/U8EX项目/公共/U8EX登录
20191210_17_04_04_853654_21740report.log 2019-12-10 17:04:09  loga.py  putSystemLog [line:74] INFO 脚本<2>：资产类别 加载成功.脚本路径：script/testCase/Y3me项目/数字化建模/固定资产/资产类别
20191210_17_04_04_853654_21740report.log 2019-12-10 17:04:09  loga.py  putSystemLog [line:74] INFO 脚本<3>：U8EX登出 加载成功.脚本路径：script/testCase/U8EX项目/公共/U8EX登出
20191210_17_04_04_853654_21740report.log 2019-12-10 17:04:09  loga.py  putSystemLog [line:74] INFO 脚本加载完成...
20191210_17_04_04_853654_21740report.log 2019-12-10 17:04:09  loga.py  putSystemLog [line:74] INFO 开始运行脚本<class 'script.testCase.U8EX项目.公共.U8EX登录.EasyCase'>
20191210_17_04_04_853654_21740report.log 2019-12-10 17:04:10  loga.py  writeLog [line:134] INFO 行号:27   PASS   访问页面[get]  用时:1.038s  
20191210_17_04_04_853654_21740report.log 2019-12-10 17:04:11  loga.py  writeLog [line:134] INFO 行号:29   PASS   查找元素[find_element]  用时:0.011s  
20191210_17_04_04_853654_21740report.log 2019-12-10 17:04:12  loga.py  writeLog [line:134] INFO 行号:30   PASS   查找元素[find_element]  用时:0.006s  
20191210_17_04_04_853654_21740report.log 2019-12-10 17:04:12  loga.py  writeLog [line:134] INFO 行号:30   PASS   左键单击[click]  用时:0.049s  
20191210_17_04_04_853654_21740report.log 2019-12-10 17:04:13  loga.py  writeLog [line:134] INFO 行号:34   PASS   查找元素[find_element]  用时:0.010s  
20191210_17_04_04_853654_21740report.log 2019-12-10 17:04:14  loga.py  writeLog [line:134] INFO 行号:35   PASS   查找元素[find_element]  用时:0.007s  
20191210_17_04_04_853654_21740report.log 2019-12-10 17:04:14  loga.py  writeLog [line:134] INFO 行号:36   PASS   切换到表单[frame]  用时:0.017s  
20191210_17_04_04_853654_21740report.log 2019-12-10 17:04:16  loga.py  writeLog [line:134] INFO 行号:39   PASS   查找元素[find_element]  用时:0.010s  
20191210_17_04_04_853654_21740report.log 2019-12-10 17:04:17  loga.py  writeLog [line:134] INFO 行号:40   PASS   查找元素[find_element]  用时:0.005s  
20191210_17_04_04_853654_21740report.log 2019-12-10 17:04:17  loga.py  writeLog [line:134] INFO 行号:40   PASS   清除文本[clear]  用时:0.018s  
20191210_17_04_04_853654_21740report.log 2019-12-10 17:04:18  loga.py  writeLog [line:134] INFO 行号:41   PASS   查找元素[find_element]  用时:0.008s  
20191210_17_04_04_853654_21740report.log 2019-12-10 17:04:19  loga.py  writeLog [line:134] INFO 行号:41   PASS   模拟输入[send_keys]  用时:0.083s  
20191210_17_04_04_853654_21740report.log 2019-12-10 17:04:20  loga.py  writeLog [line:134] INFO 行号:42   PASS   查找元素[find_element]  用时:0.033s  
20191210_17_04_04_853654_21740report.log 2019-12-10 17:04:20  loga.py  writeLog [line:134] INFO 行号:42   PASS   清除文本[clear]  用时:0.018s  
20191210_17_04_04_853654_21740report.log 2019-12-10 17:04:21  loga.py  writeLog [line:134] INFO 行号:43   PASS   查找元素[find_element]  用时:0.023s  
20191210_17_04_04_853654_21740report.log 2019-12-10 17:04:22  loga.py  writeLog [line:134] INFO 行号:43   PASS   模拟输入[send_keys]  用时:0.065s  
20191210_17_04_04_853654_21740report.log 2019-12-10 17:04:23  loga.py  writeLog [line:134] INFO 行号:45   PASS   查找元素[find_element]  用时:0.011s  
20191210_17_04_04_853654_21740report.log 2019-12-10 17:04:24  loga.py  writeLog [line:134] INFO 行号:46   PASS   查找元素[find_element]  用时:0.007s  
20191210_17_04_04_853654_21740report.log 2019-12-10 17:04:24  loga.py  writeLog [line:134] INFO 行号:46   PASS   左键单击[click]  用时:0.082s  
20191210_17_04_04_853654_21740report.log 2019-12-10 17:04:25  loga.py  writeLog [line:134] INFO 行号:52   PASS   查找元素[find_element]  用时:0.014s  
20191210_17_04_04_853654_21740report.log 2019-12-10 17:04:26  loga.py  writeLog [line:134] INFO 行号:53   PASS   查找元素[find_element]  用时:0.007s  
20191210_17_04_04_853654_21740report.log 2019-12-10 17:04:26  loga.py  writeLog [line:134] INFO 行号:53   PASS   左键单击[click]  用时:0.063s  
20191210_17_04_04_853654_21740report.log 2019-12-10 17:04:27  loga.py  writeLog [line:134] INFO 行号:54   PASS   查找元素[find_element]  用时:0.009s  
20191210_17_04_04_853654_21740report.log 2019-12-10 17:04:28  loga.py  writeLog [line:134] INFO 行号:54   PASS   左键单击[click]  用时:0.095s  
20191210_17_04_04_853654_21740report.log 2019-12-10 17:04:29  loga.py  writeLog [line:134] INFO 行号:56   PASS   查找元素[find_element]  用时:0.012s  
20191210_17_04_04_853654_21740report.log 2019-12-10 17:04:30  loga.py  writeLog [line:134] INFO 行号:56   PASS   左键单击[click]  用时:0.336s  
20191210_17_04_04_853654_21740report.log 2019-12-10 17:04:31  loga.py  putSystemLog [line:74] INFO 脚本运行完毕...
20191210_17_04_04_853654_21740report.log 2019-12-10 17:04:31  loga.py  putSystemLog [line:74] INFO 开始运行脚本<class 'script.testCase.Y3me项目.数字化建模.固定资产.资产类别.EasyCase'>
20191210_17_04_04_853654_21740report.log 2019-12-10 17:04:31  loga.py  writeLog [line:134] INFO 行号:25   PASS   刷新页面[refresh]  用时:0.012s  
20191210_17_04_04_853654_21740report.log 2019-12-10 17:04:32  loga.py  writeLog [line:134] INFO 行号:27   PASS   查找元素[find_element]  用时:0.010s  
20191210_17_04_04_853654_21740report.log 2019-12-10 17:04:32  loga.py  writeLog [line:134] INFO 行号:27   PASS   左键单击[click]  用时:0.066s  
20191210_17_04_04_853654_21740report.log 2019-12-10 17:04:34  loga.py  writeLog [line:134] INFO 行号:30   PASS   查找元素[find_element]  用时:0.011s  
20191210_17_04_04_853654_21740report.log 2019-12-10 17:04:35  loga.py  writeLog [line:134] INFO 行号:30   PASS   左键单击[click]  用时:0.047s  
20191210_17_04_04_853654_21740report.log 2019-12-10 17:04:37  loga.py  writeLog [line:134] INFO 行号:33   PASS   查找元素[find_element]  用时:0.009s  
20191210_17_04_04_853654_21740report.log 2019-12-10 17:04:39  loga.py  writeLog [line:134] INFO 行号:40   PASS   查找元素[find_element]  用时:0.009s  
20191210_17_04_04_853654_21740report.log 2019-12-10 17:04:43  loga.py  writeLog [line:134] INFO 行号:47   PASS   查找元素[find_element]  用时:0.011s  
20191210_17_04_04_853654_21740report.log 2019-12-10 17:04:45  loga.py  writeLog [line:134] INFO 行号:50   PASS   查找元素[find_element]  用时:0.009s  
20191210_17_04_04_853654_21740report.log 2019-12-10 17:04:45  loga.py  writeLog [line:134] INFO 行号:51   PASS   切换到表单[frame]  用时:0.016s  
20191210_17_04_04_853654_21740report.log 2019-12-10 17:04:46  loga.py  writeLog [line:134] INFO 行号:55   PASS   查找元素[find_element]  用时:0.010s  
20191210_17_04_04_853654_21740report.log 2019-12-10 17:04:47  loga.py  writeLog [line:134] INFO 行号:56   PASS   查找元素[find_element]  用时:0.006s  
20191210_17_04_04_853654_21740report.log 2019-12-10 17:04:48  loga.py  writeLog [line:134] INFO 行号:56   PASS   左键单击[click]  用时:0.096s  
20191210_17_04_04_853654_21740report.log 2019-12-10 17:04:49  loga.py  writeLog [line:134] INFO 行号:60   PASS   查找元素[find_element]  用时:0.008s  
20191210_17_04_04_853654_21740report.log 2019-12-10 17:04:49  loga.py  writeLog [line:134] INFO 行号:61   PASS   查找元素[find_element]  用时:0.005s  
20191210_17_04_04_853654_21740report.log 2019-12-10 17:04:50  loga.py  writeLog [line:134] INFO 行号:61   PASS   左键单击[click]  用时:0.056s  
20191210_17_04_04_853654_21740report.log 2019-12-10 17:04:51  loga.py  writeLog [line:134] INFO 行号:65   PASS   查找元素[find_element]  用时:0.011s  
20191210_17_04_04_853654_21740report.log 2019-12-10 17:04:51  loga.py  writeLog [line:134] INFO 行号:66   PASS   查找元素[find_element]  用时:0.007s  
20191210_17_04_04_853654_21740report.log 2019-12-10 17:04:52  loga.py  writeLog [line:134] INFO 行号:66   PASS   左键单击[click]  用时:0.057s  
20191210_17_04_04_853654_21740report.log 2019-12-10 17:04:53  loga.py  writeLog [line:134] INFO 行号:70   PASS   查找元素[find_element]  用时:0.011s  
20191210_17_04_04_853654_21740report.log 2019-12-10 17:04:53  loga.py  writeLog [line:134] INFO 行号:71   PASS   查找元素[find_element]  用时:0.006s  
20191210_17_04_04_853654_21740report.log 2019-12-10 17:04:54  loga.py  writeLog [line:134] INFO 行号:71   PASS   左键单击[click]  用时:0.091s  
20191210_17_04_04_853654_21740report.log 2019-12-10 17:04:55  loga.py  writeLog [line:134] INFO 行号:75   PASS   查找元素[find_element]  用时:0.010s  
20191210_17_04_04_853654_21740report.log 2019-12-10 17:04:55  loga.py  writeLog [line:134] INFO 行号:76   PASS   查找元素[find_element]  用时:0.005s  
20191210_17_04_04_853654_21740report.log 2019-12-10 17:04:56  loga.py  writeLog [line:134] INFO 行号:76   PASS   左键单击[click]  用时:0.055s  
20191210_17_04_04_853654_21740report.log 2019-12-10 17:04:57  loga.py  writeLog [line:134] INFO 行号:83   PASS   查找元素[find_element]  用时:0.016s  
20191210_17_04_04_853654_21740report.log 2019-12-10 17:04:57  loga.py  writeLog [line:134] INFO 行号:84   PASS   查找元素[find_element]  用时:0.006s  
20191210_17_04_04_853654_21740report.log 2019-12-10 17:04:58  loga.py  writeLog [line:134] INFO 行号:84   PASS   模拟输入[send_keys]  用时:0.067s  
20191210_17_04_04_853654_21740report.log 2019-12-10 17:04:59  loga.py  writeLog [line:134] INFO 行号:91   PASS   查找元素[find_element]  用时:0.010s  
20191210_17_04_04_853654_21740report.log 2019-12-10 17:05:00  loga.py  writeLog [line:134] INFO 行号:92   PASS   查找元素[find_element]  用时:0.006s  
20191210_17_04_04_853654_21740report.log 2019-12-10 17:05:00  loga.py  writeLog [line:134] INFO 行号:92   PASS   模拟输入[send_keys]  用时:0.049s  
20191210_17_04_04_853654_21740report.log 2019-12-10 17:05:01  loga.py  writeLog [line:134] INFO 行号:97   PASS   查找元素[find_element]  用时:0.009s  
20191210_17_04_04_853654_21740report.log 2019-12-10 17:05:02  loga.py  writeLog [line:134] INFO 行号:98   PASS   查找元素[find_element]  用时:0.007s  
20191210_17_04_04_853654_21740report.log 2019-12-10 17:05:02  loga.py  writeLog [line:134] INFO 行号:98   PASS   左键单击[click]  用时:0.060s  
20191210_17_04_04_853654_21740report.log 2019-12-10 17:05:03  loga.py  writeLog [line:134] INFO 行号:103  PASS   查找元素[find_element]  用时:0.013s  
20191210_17_04_04_853654_21740report.log 2019-12-10 17:05:04  loga.py  writeLog [line:134] INFO 行号:104  PASS   查找元素[find_element]  用时:0.008s  
20191210_17_04_04_853654_21740report.log 2019-12-10 17:05:04  loga.py  writeLog [line:134] INFO 行号:105  TRUE   断言：非None对象[assertIsNotNone] 用时:0.000s TRUE.
20191210_17_04_04_853654_21740report.log 2019-12-10 17:05:04  loga.py  writeLog [line:134] INFO 行号:110  PASS   查找元素[find_element]  用时:0.011s  
20191210_17_04_04_853654_21740report.log 2019-12-10 17:05:05  loga.py  writeLog [line:134] INFO 行号:111  PASS   查找元素[find_element]  用时:0.007s  
20191210_17_04_04_853654_21740report.log 2019-12-10 17:05:05  loga.py  writeLog [line:134] INFO 行号:111  PASS   左键单击[click]  用时:0.058s  
20191210_17_04_04_853654_21740report.log 2019-12-10 17:05:06  loga.py  writeLog [line:134] INFO 行号:116  PASS   查找元素[find_element]  用时:0.009s  
20191210_17_04_04_853654_21740report.log 2019-12-10 17:05:07  loga.py  writeLog [line:134] INFO 行号:117  PASS   查找元素[find_element]  用时:0.007s  
20191210_17_04_04_853654_21740report.log 2019-12-10 17:05:07  loga.py  writeLog [line:134] INFO 行号:117  PASS   左键单击[click]  用时:0.094s  
20191210_17_04_04_853654_21740report.log 2019-12-10 17:05:08  loga.py  writeLog [line:134] INFO 行号:120  PASS   查找元素[find_element]  用时:0.008s  
20191210_17_04_04_853654_21740report.log 2019-12-10 17:05:09  loga.py  writeLog [line:134] INFO 行号:120  PASS   左键单击[click]  用时:0.053s  
20191210_17_04_04_853654_21740report.log 2019-12-10 17:05:11  loga.py  writeLog [line:134] INFO 行号:122  PASS   查找元素[find_element]  用时:0.008s  
20191210_17_04_04_853654_21740report.log 2019-12-10 17:05:12  loga.py  writeLog [line:134] INFO 行号:122  PASS   左键单击[click]  用时:0.051s  
20191210_17_04_04_853654_21740report.log 2019-12-10 17:05:13  loga.py  putSystemLog [line:74] INFO 脚本运行完毕...
20191210_17_04_04_853654_21740report.log 2019-12-10 17:05:13  loga.py  putSystemLog [line:74] INFO 开始运行脚本<class 'script.testCase.U8EX项目.公共.U8EX登出.EasyCase'>
20191210_17_04_04_853654_21740report.log 2019-12-10 17:05:13  loga.py  writeLog [line:134] INFO 行号:24   PASS   刷新页面[refresh]  用时:0.030s  
20191210_17_04_04_853654_21740report.log 2019-12-10 17:05:15  loga.py  writeLog [line:134] INFO 行号:26   PASS   查找元素[find_element]  用时:0.010s  
20191210_17_04_04_853654_21740report.log 2019-12-10 17:05:15  loga.py  writeLog [line:134] INFO 行号:26   PASS   左键单击[click]  用时:0.170s  
20191210_17_04_04_853654_21740report.log 2019-12-10 17:05:16  loga.py  writeLog [line:134] INFO 行号:27   PASS   查找元素[find_element]  用时:0.009s  
20191210_17_04_04_853654_21740report.log 2019-12-10 17:05:17  loga.py  writeLog [line:134] INFO 行号:27   PASS   左键单击[click]  用时:0.429s  
20191210_17_04_04_853654_21740report.log 2019-12-10 17:05:18  loga.py  putSystemLog [line:74] INFO 脚本运行完毕...
20191210_17_04_04_853654_21740report.log 2019-12-10 17:05:19  loga.py  writeLog [line:134] INFO 行号:0    PASS   关闭浏览器[quit]  用时:0.251s  
20191210_17_04_04_853654_21740report.log 2019-12-10 17:05:22  loga.py  putSystemLog [line:74] INFO 场景<1>结束.用时:77.165s.
20191210_17_04_04_853654_21740report.log 2019-12-10 17:05:22  loga.py  putSystemLog [line:74] INFO 场景统计结果：PASS: 79(100.00%),FAIL:  0(0.00%),ERROR:  0(0.00%),TRUE:  1,FALSE:  0

20191210_17_04_04_853654_21740report.log 2019-12-10 17:05:22  loga.py  putSystemLog [line:74] INFO ----------------------------------------
20191210_17_04_04_853654_21740report.log 2019-12-10 17:05:22  loga.py  putSystemLog [line:74] INFO End.
20191210_17_04_04_853654_21740report.log 2019-12-10 17:05:22  loga.py  putSystemLog [line:74] INFO 测试方案统计结果:
                    场景<1>:PASS: 79(100.00%),FAIL:  0(0.00%),ERROR:  0(0.00%),TRUE:  1,FALSE:  0
                    总   计:PASS: 79(100.00%),FAIL:  0(0.00%),ERROR:  0(0.00%),TRUE:  1,FALSE:  0

