20191210_10_16_55_410975_23340report.log 2019-12-10 10:16:55  loga.py  putSystemLog [line:74] INFO Start.
20191210_10_16_55_410975_23340report.log 2019-12-10 10:16:55  loga.py  putSystemLog [line:74] INFO 场景<1>开始.
20191210_10_16_55_410975_23340report.log 2019-12-10 10:17:09  loga.py  writeLog [line:134] INFO 行号:0    PASS   最大化浏览器窗口[maximize_window]  用时:1.114s  
20191210_10_16_55_410975_23340report.log 2019-12-10 10:17:10  loga.py  putSystemLog [line:74] INFO chrome浏览器启动成功.
20191210_10_16_55_410975_23340report.log 2019-12-10 10:17:10  loga.py  putSystemLog [line:74] INFO 开始加载脚本...
20191210_10_16_55_410975_23340report.log 2019-12-10 10:17:10  loga.py  putSystemLog [line:74] INFO 脚本<1>：U8EX登录 加载成功.脚本路径：script/testCase/U8EX项目/公共/U8EX登录
20191210_10_16_55_410975_23340report.log 2019-12-10 10:17:10  loga.py  putSystemLog [line:74] INFO 脚本<2>：费用预算 加载成功.脚本路径：script/testCase/Y3me项目/数字化建模/费用管理/费用预算
20191210_10_16_55_410975_23340report.log 2019-12-10 10:17:10  loga.py  putSystemLog [line:74] INFO 脚本<3>：U8EX登出 加载成功.脚本路径：script/testCase/U8EX项目/公共/U8EX登出
20191210_10_16_55_410975_23340report.log 2019-12-10 10:17:10  loga.py  putSystemLog [line:74] INFO 脚本加载完成...
20191210_10_16_55_410975_23340report.log 2019-12-10 10:17:10  loga.py  putSystemLog [line:74] INFO 开始运行脚本<class 'script.testCase.U8EX项目.公共.U8EX登录.EasyCase'>
20191210_10_16_55_410975_23340report.log 2019-12-10 10:17:12  loga.py  writeLog [line:134] INFO 行号:27   PASS   访问页面[get]  用时:1.422s  
20191210_10_16_55_410975_23340report.log 2019-12-10 10:17:13  loga.py  writeLog [line:134] INFO 行号:29   PASS   查找元素[find_element]  用时:0.011s  
20191210_10_16_55_410975_23340report.log 2019-12-10 10:17:13  loga.py  writeLog [line:134] INFO 行号:30   PASS   查找元素[find_element]  用时:0.007s  
20191210_10_16_55_410975_23340report.log 2019-12-10 10:17:14  loga.py  writeLog [line:134] INFO 行号:30   PASS   左键单击[click]  用时:0.050s  
20191210_10_16_55_410975_23340report.log 2019-12-10 10:17:15  loga.py  writeLog [line:134] INFO 行号:34   PASS   查找元素[find_element]  用时:0.011s  
20191210_10_16_55_410975_23340report.log 2019-12-10 10:17:15  loga.py  writeLog [line:134] INFO 行号:35   PASS   查找元素[find_element]  用时:0.006s  
20191210_10_16_55_410975_23340report.log 2019-12-10 10:17:16  loga.py  writeLog [line:134] INFO 行号:36   PASS   切换到表单[frame]  用时:0.023s  
20191210_10_16_55_410975_23340report.log 2019-12-10 10:17:18  loga.py  writeLog [line:134] INFO 行号:39   PASS   查找元素[find_element]  用时:0.035s  
20191210_10_16_55_410975_23340report.log 2019-12-10 10:17:18  loga.py  writeLog [line:134] INFO 行号:40   PASS   查找元素[find_element]  用时:0.006s  
20191210_10_16_55_410975_23340report.log 2019-12-10 10:17:19  loga.py  writeLog [line:134] INFO 行号:40   PASS   清除文本[clear]  用时:0.017s  
20191210_10_16_55_410975_23340report.log 2019-12-10 10:17:20  loga.py  writeLog [line:134] INFO 行号:41   PASS   查找元素[find_element]  用时:0.020s  
20191210_10_16_55_410975_23340report.log 2019-12-10 10:17:21  loga.py  writeLog [line:134] INFO 行号:41   PASS   模拟输入[send_keys]  用时:0.076s  
20191210_10_16_55_410975_23340report.log 2019-12-10 10:17:22  loga.py  writeLog [line:134] INFO 行号:42   PASS   查找元素[find_element]  用时:0.017s  
20191210_10_16_55_410975_23340report.log 2019-12-10 10:17:22  loga.py  writeLog [line:134] INFO 行号:42   PASS   清除文本[clear]  用时:0.017s  
20191210_10_16_55_410975_23340report.log 2019-12-10 10:17:23  loga.py  writeLog [line:134] INFO 行号:43   PASS   查找元素[find_element]  用时:0.007s  
20191210_10_16_55_410975_23340report.log 2019-12-10 10:17:24  loga.py  writeLog [line:134] INFO 行号:43   PASS   模拟输入[send_keys]  用时:0.065s  
20191210_10_16_55_410975_23340report.log 2019-12-10 10:17:25  loga.py  writeLog [line:134] INFO 行号:45   PASS   查找元素[find_element]  用时:0.008s  
20191210_10_16_55_410975_23340report.log 2019-12-10 10:17:25  loga.py  writeLog [line:134] INFO 行号:46   PASS   查找元素[find_element]  用时:0.005s  
20191210_10_16_55_410975_23340report.log 2019-12-10 10:17:26  loga.py  writeLog [line:134] INFO 行号:46   PASS   左键单击[click]  用时:0.082s  
20191210_10_16_55_410975_23340report.log 2019-12-10 10:17:27  loga.py  writeLog [line:134] INFO 行号:52   PASS   查找元素[find_element]  用时:0.011s  
20191210_10_16_55_410975_23340report.log 2019-12-10 10:17:27  loga.py  writeLog [line:134] INFO 行号:53   PASS   查找元素[find_element]  用时:0.006s  
20191210_10_16_55_410975_23340report.log 2019-12-10 10:17:28  loga.py  writeLog [line:134] INFO 行号:53   PASS   左键单击[click]  用时:0.084s  
20191210_10_16_55_410975_23340report.log 2019-12-10 10:17:29  loga.py  writeLog [line:134] INFO 行号:54   PASS   查找元素[find_element]  用时:0.009s  
20191210_10_16_55_410975_23340report.log 2019-12-10 10:17:30  loga.py  writeLog [line:134] INFO 行号:54   PASS   左键单击[click]  用时:0.083s  
20191210_10_16_55_410975_23340report.log 2019-12-10 10:17:31  loga.py  writeLog [line:134] INFO 行号:56   PASS   查找元素[find_element]  用时:0.015s  
20191210_10_16_55_410975_23340report.log 2019-12-10 10:17:31  loga.py  writeLog [line:134] INFO 行号:56   PASS   左键单击[click]  用时:0.395s  
20191210_10_16_55_410975_23340report.log 2019-12-10 10:17:32  loga.py  putSystemLog [line:74] INFO 脚本运行完毕...
20191210_10_16_55_410975_23340report.log 2019-12-10 10:17:32  loga.py  putSystemLog [line:74] INFO 开始运行脚本<class 'script.testCase.Y3me项目.数字化建模.费用管理.费用预算.EasyCase'>
20191210_10_16_55_410975_23340report.log 2019-12-10 10:17:32  loga.py  writeLog [line:134] INFO 行号:25   PASS   刷新页面[refresh]  用时:0.006s  
20191210_10_16_55_410975_23340report.log 2019-12-10 10:17:33  loga.py  writeLog [line:134] INFO 行号:27   PASS   查找元素[find_element]  用时:0.010s  
20191210_10_16_55_410975_23340report.log 2019-12-10 10:17:34  loga.py  writeLog [line:134] INFO 行号:27   PASS   左键单击[click]  用时:0.057s  
20191210_10_16_55_410975_23340report.log 2019-12-10 10:17:36  loga.py  writeLog [line:134] INFO 行号:30   PASS   查找元素[find_element]  用时:0.010s  
20191210_10_16_55_410975_23340report.log 2019-12-10 10:17:37  loga.py  writeLog [line:134] INFO 行号:30   PASS   左键单击[click]  用时:0.045s  
20191210_10_16_55_410975_23340report.log 2019-12-10 10:17:39  loga.py  writeLog [line:134] INFO 行号:33   PASS   查找元素[find_element]  用时:0.010s  
20191210_10_16_55_410975_23340report.log 2019-12-10 10:17:41  loga.py  writeLog [line:134] INFO 行号:40   PASS   查找元素[find_element]  用时:0.010s  
20191210_10_16_55_410975_23340report.log 2019-12-10 10:17:45  loga.py  writeLog [line:134] INFO 行号:47   PASS   查找元素[find_element]  用时:0.010s  
20191210_10_16_55_410975_23340report.log 2019-12-10 10:17:46  loga.py  writeLog [line:134] INFO 行号:50   PASS   查找元素[find_element]  用时:0.010s  
20191210_10_16_55_410975_23340report.log 2019-12-10 10:17:47  loga.py  writeLog [line:134] INFO 行号:51   PASS   切换到表单[frame]  用时:0.311s  
20191210_10_16_55_410975_23340report.log 2019-12-10 10:17:49  loga.py  writeLog [line:134] INFO 行号:55   PASS   查找元素[find_element]  用时:0.495s  
20191210_10_16_55_410975_23340report.log 2019-12-10 10:17:49  loga.py  writeLog [line:134] INFO 行号:56   PASS   查找元素[find_element]  用时:0.009s  
20191210_10_16_55_410975_23340report.log 2019-12-10 10:17:50  loga.py  writeLog [line:134] INFO 行号:56   PASS   左键单击[click]  用时:0.123s  
20191210_10_16_55_410975_23340report.log 2019-12-10 10:17:51  loga.py  writeLog [line:134] INFO 行号:60   PASS   查找元素[find_element]  用时:0.009s  
20191210_10_16_55_410975_23340report.log 2019-12-10 10:17:51  loga.py  writeLog [line:134] INFO 行号:61   PASS   查找元素[find_element]  用时:0.008s  
20191210_10_16_55_410975_23340report.log 2019-12-10 10:17:52  loga.py  writeLog [line:134] INFO 行号:61   PASS   左键单击[click]  用时:0.070s  
20191210_10_16_55_410975_23340report.log 2019-12-10 10:17:53  loga.py  writeLog [line:134] INFO 行号:65   PASS   查找元素[find_element]  用时:0.006s  
20191210_10_16_55_410975_23340report.log 2019-12-10 10:17:53  loga.py  writeLog [line:134] INFO 行号:66   PASS   查找元素[find_element]  用时:0.006s  
20191210_10_16_55_410975_23340report.log 2019-12-10 10:17:54  loga.py  writeLog [line:134] INFO 行号:66   PASS   左键单击[click]  用时:0.077s  
20191210_10_16_55_410975_23340report.log 2019-12-10 10:17:55  loga.py  writeLog [line:134] INFO 行号:72   PASS   查找元素[find_element]  用时:0.009s  
20191210_10_16_55_410975_23340report.log 2019-12-10 10:17:55  loga.py  writeLog [line:134] INFO 行号:73   PASS   查找元素[find_element]  用时:0.006s  
20191210_10_16_55_410975_23340report.log 2019-12-10 10:17:56  loga.py  writeLog [line:134] INFO 行号:73   PASS   模拟输入[send_keys]  用时:0.153s  
20191210_10_16_55_410975_23340report.log 2019-12-10 10:17:57  loga.py  writeLog [line:134] INFO 行号:79   PASS   查找元素[find_element]  用时:0.009s  
20191210_10_16_55_410975_23340report.log 2019-12-10 10:17:58  loga.py  writeLog [line:134] INFO 行号:80   PASS   查找元素[find_element]  用时:0.006s  
20191210_10_16_55_410975_23340report.log 2019-12-10 10:17:58  loga.py  writeLog [line:134] INFO 行号:80   PASS   模拟输入[send_keys]  用时:0.185s  
20191210_10_16_55_410975_23340report.log 2019-12-10 10:17:59  loga.py  writeLog [line:134] INFO 行号:84   PASS   查找元素[find_element]  用时:0.012s  
20191210_10_16_55_410975_23340report.log 2019-12-10 10:18:00  loga.py  writeLog [line:134] INFO 行号:85   PASS   查找元素[find_element]  用时:0.006s  
20191210_10_16_55_410975_23340report.log 2019-12-10 10:18:00  loga.py  writeLog [line:134] INFO 行号:85   PASS   左键单击[click]  用时:0.098s  
20191210_10_16_55_410975_23340report.log 2019-12-10 10:18:01  loga.py  writeLog [line:134] INFO 行号:90   PASS   查找元素[find_element]  用时:0.009s  
20191210_10_16_55_410975_23340report.log 2019-12-10 10:18:02  loga.py  writeLog [line:134] INFO 行号:91   PASS   查找元素[find_element]  用时:0.006s  
20191210_10_16_55_410975_23340report.log 2019-12-10 10:18:03  loga.py  writeLog [line:134] INFO 行号:91   PASS   左键单击[click]  用时:0.067s  
20191210_10_16_55_410975_23340report.log 2019-12-10 10:18:04  loga.py  writeLog [line:134] INFO 行号:96   PASS   查找元素[find_element]  用时:0.016s  
20191210_10_16_55_410975_23340report.log 2019-12-10 10:18:04  loga.py  writeLog [line:134] INFO 行号:97   PASS   查找元素[find_element]  用时:0.007s  
20191210_10_16_55_410975_23340report.log 2019-12-10 10:18:05  loga.py  writeLog [line:134] INFO 行号:97   PASS   左键单击[click]  用时:0.122s  
20191210_10_16_55_410975_23340report.log 2019-12-10 10:18:06  loga.py  writeLog [line:134] INFO 行号:102  PASS   查找元素[find_element]  用时:0.011s  
20191210_10_16_55_410975_23340report.log 2019-12-10 10:18:06  loga.py  writeLog [line:134] INFO 行号:103  PASS   查找元素[find_element]  用时:0.005s  
20191210_10_16_55_410975_23340report.log 2019-12-10 10:18:07  loga.py  writeLog [line:134] INFO 行号:103  PASS   左键单击[click]  用时:0.096s  
20191210_10_16_55_410975_23340report.log 2019-12-10 10:18:08  loga.py  writeLog [line:134] INFO 行号:108  PASS   查找元素[find_element]  用时:0.011s  
20191210_10_16_55_410975_23340report.log 2019-12-10 10:18:08  loga.py  writeLog [line:134] INFO 行号:109  PASS   查找元素[find_element]  用时:0.007s  
20191210_10_16_55_410975_23340report.log 2019-12-10 10:18:09  loga.py  writeLog [line:134] INFO 行号:109  PASS   左键单击[click]  用时:0.058s  
20191210_10_16_55_410975_23340report.log 2019-12-10 10:18:10  loga.py  writeLog [line:134] INFO 行号:114  PASS   查找元素[find_element]  用时:0.016s  
20191210_10_16_55_410975_23340report.log 2019-12-10 10:18:10  loga.py  writeLog [line:134] INFO 行号:115  PASS   查找元素[find_element]  用时:0.006s  
20191210_10_16_55_410975_23340report.log 2019-12-10 10:18:11  loga.py  writeLog [line:134] INFO 行号:115  PASS   左键单击[click]  用时:0.137s  
20191210_10_16_55_410975_23340report.log 2019-12-10 10:18:12  loga.py  writeLog [line:134] INFO 行号:120  PASS   查找元素[find_element]  用时:0.007s  
20191210_10_16_55_410975_23340report.log 2019-12-10 10:18:43  loga.py  writeLog [line:134] INFO 行号:0    ERROR  [runTest]  用时:  测试用例脚本发生错误，请检查脚本代码：
20191210_10_16_55_410975_23340report.log 2019-12-10 10:18:43  loga.py  putSystemLog [line:74] INFO 脚本运行完毕...
20191210_10_16_55_410975_23340report.log 2019-12-10 10:18:43  loga.py  putSystemLog [line:74] INFO 开始运行脚本<class 'script.testCase.U8EX项目.公共.U8EX登出.EasyCase'>
20191210_10_16_55_410975_23340report.log 2019-12-10 10:18:43  loga.py  writeLog [line:134] INFO 行号:24   PASS   刷新页面[refresh]  用时:0.014s  
20191210_10_16_55_410975_23340report.log 2019-12-10 10:18:45  loga.py  writeLog [line:134] INFO 行号:26   PASS   查找元素[find_element]  用时:0.036s  
20191210_10_16_55_410975_23340report.log 2019-12-10 10:18:46  loga.py  writeLog [line:134] INFO 行号:26   PASS   左键单击[click]  用时:0.048s  
20191210_10_16_55_410975_23340report.log 2019-12-10 10:18:47  loga.py  writeLog [line:134] INFO 行号:27   PASS   查找元素[find_element]  用时:0.009s  
20191210_10_16_55_410975_23340report.log 2019-12-10 10:18:48  loga.py  writeLog [line:134] INFO 行号:27   PASS   左键单击[click]  用时:0.517s  
20191210_10_16_55_410975_23340report.log 2019-12-10 10:18:49  loga.py  putSystemLog [line:74] INFO 脚本运行完毕...
20191210_10_16_55_410975_23340report.log 2019-12-10 10:18:49  loga.py  writeLog [line:134] INFO 行号:0    PASS   关闭浏览器[quit]  用时:0.215s  
20191210_10_16_55_410975_23340report.log 2019-12-10 10:18:52  loga.py  putSystemLog [line:74] INFO 场景<1>结束.用时:116.885s.
20191210_10_16_55_410975_23340report.log 2019-12-10 10:18:52  loga.py  putSystemLog [line:74] INFO 场景统计结果：PASS: 77(98.72%),FAIL:  0(0.00%),ERROR:  1(1.28%),TRUE:  0,FALSE:  0

20191210_10_16_55_410975_23340report.log 2019-12-10 10:18:52  loga.py  putSystemLog [line:74] INFO ----------------------------------------
20191210_10_16_55_410975_23340report.log 2019-12-10 10:18:52  loga.py  putSystemLog [line:74] INFO End.
20191210_10_16_55_410975_23340report.log 2019-12-10 10:18:52  loga.py  putSystemLog [line:74] INFO 测试方案统计结果:
                    场景<1>:PASS: 77(98.72%),FAIL:  0(0.00%),ERROR:  1(1.28%),TRUE:  0,FALSE:  0
                    总   计:PASS: 77(98.72%),FAIL:  0(0.00%),ERROR:  1(1.28%),TRUE:  0,FALSE:  0

