20191210_10_53_56_761926_5376report.log 2019-12-10 10:53:56  loga.py  putSystemLog [line:74] INFO Start.
20191210_10_53_56_761926_5376report.log 2019-12-10 10:53:56  loga.py  putSystemLog [line:74] INFO 场景<1>开始.
20191210_10_53_56_761926_5376report.log 2019-12-10 10:54:00  loga.py  writeLog [line:134] INFO 行号:0    PASS   最大化浏览器窗口[maximize_window]  用时:1.113s  
20191210_10_53_56_761926_5376report.log 2019-12-10 10:54:01  loga.py  putSystemLog [line:74] INFO chrome浏览器启动成功.
20191210_10_53_56_761926_5376report.log 2019-12-10 10:54:01  loga.py  putSystemLog [line:74] INFO 开始加载脚本...
20191210_10_53_56_761926_5376report.log 2019-12-10 10:54:01  loga.py  putSystemLog [line:74] INFO 脚本<1>：U8EX登录 加载成功.脚本路径：script/testCase/U8EX项目/公共/U8EX登录
20191210_10_53_56_761926_5376report.log 2019-12-10 10:54:01  loga.py  putSystemLog [line:74] INFO 脚本<2>：费用预算 加载成功.脚本路径：script/testCase/Y3me项目/数字化建模/费用管理/费用预算
20191210_10_53_56_761926_5376report.log 2019-12-10 10:54:01  loga.py  putSystemLog [line:74] INFO 脚本<3>：U8EX登出 加载成功.脚本路径：script/testCase/U8EX项目/公共/U8EX登出
20191210_10_53_56_761926_5376report.log 2019-12-10 10:54:01  loga.py  putSystemLog [line:74] INFO 脚本加载完成...
20191210_10_53_56_761926_5376report.log 2019-12-10 10:54:01  loga.py  putSystemLog [line:74] INFO 开始运行脚本<class 'script.testCase.U8EX项目.公共.U8EX登录.EasyCase'>
20191210_10_53_56_761926_5376report.log 2019-12-10 10:54:02  loga.py  writeLog [line:134] INFO 行号:27   PASS   访问页面[get]  用时:1.283s  
20191210_10_53_56_761926_5376report.log 2019-12-10 10:54:03  loga.py  writeLog [line:134] INFO 行号:29   PASS   查找元素[find_element]  用时:0.012s  
20191210_10_53_56_761926_5376report.log 2019-12-10 10:54:04  loga.py  writeLog [line:134] INFO 行号:30   PASS   查找元素[find_element]  用时:0.006s  
20191210_10_53_56_761926_5376report.log 2019-12-10 10:54:04  loga.py  writeLog [line:134] INFO 行号:30   PASS   左键单击[click]  用时:0.055s  
20191210_10_53_56_761926_5376report.log 2019-12-10 10:54:05  loga.py  writeLog [line:134] INFO 行号:34   PASS   查找元素[find_element]  用时:0.011s  
20191210_10_53_56_761926_5376report.log 2019-12-10 10:54:06  loga.py  writeLog [line:134] INFO 行号:35   PASS   查找元素[find_element]  用时:0.006s  
20191210_10_53_56_761926_5376report.log 2019-12-10 10:54:06  loga.py  writeLog [line:134] INFO 行号:36   PASS   切换到表单[frame]  用时:0.015s  
20191210_10_53_56_761926_5376report.log 2019-12-10 10:54:08  loga.py  writeLog [line:134] INFO 行号:39   PASS   查找元素[find_element]  用时:0.010s  
20191210_10_53_56_761926_5376report.log 2019-12-10 10:54:09  loga.py  writeLog [line:134] INFO 行号:40   PASS   查找元素[find_element]  用时:0.006s  
20191210_10_53_56_761926_5376report.log 2019-12-10 10:54:09  loga.py  writeLog [line:134] INFO 行号:40   PASS   清除文本[clear]  用时:0.017s  
20191210_10_53_56_761926_5376report.log 2019-12-10 10:54:10  loga.py  writeLog [line:134] INFO 行号:41   PASS   查找元素[find_element]  用时:0.006s  
20191210_10_53_56_761926_5376report.log 2019-12-10 10:54:11  loga.py  writeLog [line:134] INFO 行号:41   PASS   模拟输入[send_keys]  用时:0.084s  
20191210_10_53_56_761926_5376report.log 2019-12-10 10:54:12  loga.py  writeLog [line:134] INFO 行号:42   PASS   查找元素[find_element]  用时:0.009s  
20191210_10_53_56_761926_5376report.log 2019-12-10 10:54:13  loga.py  writeLog [line:134] INFO 行号:42   PASS   清除文本[clear]  用时:0.018s  
20191210_10_53_56_761926_5376report.log 2019-12-10 10:54:14  loga.py  writeLog [line:134] INFO 行号:43   PASS   查找元素[find_element]  用时:0.007s  
20191210_10_53_56_761926_5376report.log 2019-12-10 10:54:14  loga.py  writeLog [line:134] INFO 行号:43   PASS   模拟输入[send_keys]  用时:0.073s  
20191210_10_53_56_761926_5376report.log 2019-12-10 10:54:15  loga.py  writeLog [line:134] INFO 行号:45   PASS   查找元素[find_element]  用时:0.010s  
20191210_10_53_56_761926_5376report.log 2019-12-10 10:54:16  loga.py  writeLog [line:134] INFO 行号:46   PASS   查找元素[find_element]  用时:0.011s  
20191210_10_53_56_761926_5376report.log 2019-12-10 10:54:16  loga.py  writeLog [line:134] INFO 行号:46   PASS   左键单击[click]  用时:0.101s  
20191210_10_53_56_761926_5376report.log 2019-12-10 10:54:17  loga.py  writeLog [line:134] INFO 行号:52   PASS   查找元素[find_element]  用时:0.011s  
20191210_10_53_56_761926_5376report.log 2019-12-10 10:54:18  loga.py  writeLog [line:134] INFO 行号:53   PASS   查找元素[find_element]  用时:0.014s  
20191210_10_53_56_761926_5376report.log 2019-12-10 10:54:19  loga.py  writeLog [line:134] INFO 行号:53   PASS   左键单击[click]  用时:0.071s  
20191210_10_53_56_761926_5376report.log 2019-12-10 10:54:20  loga.py  writeLog [line:134] INFO 行号:54   PASS   查找元素[find_element]  用时:0.009s  
20191210_10_53_56_761926_5376report.log 2019-12-10 10:54:20  loga.py  writeLog [line:134] INFO 行号:54   PASS   左键单击[click]  用时:0.089s  
20191210_10_53_56_761926_5376report.log 2019-12-10 10:54:21  loga.py  writeLog [line:134] INFO 行号:56   PASS   查找元素[find_element]  用时:0.011s  
20191210_10_53_56_761926_5376report.log 2019-12-10 10:54:22  loga.py  writeLog [line:134] INFO 行号:56   PASS   左键单击[click]  用时:0.405s  
20191210_10_53_56_761926_5376report.log 2019-12-10 10:54:23  loga.py  putSystemLog [line:74] INFO 脚本运行完毕...
20191210_10_53_56_761926_5376report.log 2019-12-10 10:54:23  loga.py  putSystemLog [line:74] INFO 开始运行脚本<class 'script.testCase.Y3me项目.数字化建模.费用管理.费用预算.EasyCase'>
20191210_10_53_56_761926_5376report.log 2019-12-10 10:54:23  loga.py  writeLog [line:134] INFO 行号:25   PASS   刷新页面[refresh]  用时:0.247s  
20191210_10_53_56_761926_5376report.log 2019-12-10 10:54:24  loga.py  writeLog [line:134] INFO 行号:27   PASS   查找元素[find_element]  用时:0.009s  
20191210_10_53_56_761926_5376report.log 2019-12-10 10:54:25  loga.py  writeLog [line:134] INFO 行号:27   PASS   左键单击[click]  用时:0.070s  
20191210_10_53_56_761926_5376report.log 2019-12-10 10:54:27  loga.py  writeLog [line:134] INFO 行号:30   PASS   查找元素[find_element]  用时:0.012s  
20191210_10_53_56_761926_5376report.log 2019-12-10 10:54:27  loga.py  writeLog [line:134] INFO 行号:30   PASS   左键单击[click]  用时:0.047s  
20191210_10_53_56_761926_5376report.log 2019-12-10 10:54:29  loga.py  writeLog [line:134] INFO 行号:33   PASS   查找元素[find_element]  用时:0.011s  
20191210_10_53_56_761926_5376report.log 2019-12-10 10:54:32  loga.py  writeLog [line:134] INFO 行号:40   PASS   查找元素[find_element]  用时:0.009s  
20191210_10_53_56_761926_5376report.log 2019-12-10 10:54:36  loga.py  writeLog [line:134] INFO 行号:47   PASS   查找元素[find_element]  用时:0.009s  
20191210_10_53_56_761926_5376report.log 2019-12-10 10:54:37  loga.py  writeLog [line:134] INFO 行号:50   PASS   查找元素[find_element]  用时:0.009s  
20191210_10_53_56_761926_5376report.log 2019-12-10 10:54:38  loga.py  writeLog [line:134] INFO 行号:51   PASS   切换到表单[frame]  用时:0.016s  
20191210_10_53_56_761926_5376report.log 2019-12-10 10:54:40  loga.py  writeLog [line:134] INFO 行号:55   PASS   查找元素[find_element]  用时:1.150s  
20191210_10_53_56_761926_5376report.log 2019-12-10 10:54:40  loga.py  writeLog [line:134] INFO 行号:56   PASS   查找元素[find_element]  用时:0.012s  
20191210_10_53_56_761926_5376report.log 2019-12-10 10:54:41  loga.py  writeLog [line:134] INFO 行号:56   PASS   左键单击[click]  用时:0.131s  
20191210_10_53_56_761926_5376report.log 2019-12-10 10:54:42  loga.py  writeLog [line:134] INFO 行号:60   PASS   查找元素[find_element]  用时:0.009s  
20191210_10_53_56_761926_5376report.log 2019-12-10 10:54:42  loga.py  writeLog [line:134] INFO 行号:61   PASS   查找元素[find_element]  用时:0.008s  
20191210_10_53_56_761926_5376report.log 2019-12-10 10:54:43  loga.py  writeLog [line:134] INFO 行号:61   PASS   左键单击[click]  用时:0.090s  
20191210_10_53_56_761926_5376report.log 2019-12-10 10:54:44  loga.py  writeLog [line:134] INFO 行号:65   PASS   查找元素[find_element]  用时:0.008s  
20191210_10_53_56_761926_5376report.log 2019-12-10 10:54:45  loga.py  writeLog [line:134] INFO 行号:66   PASS   查找元素[find_element]  用时:0.006s  
20191210_10_53_56_761926_5376report.log 2019-12-10 10:54:45  loga.py  writeLog [line:134] INFO 行号:66   PASS   左键单击[click]  用时:0.070s  
20191210_10_53_56_761926_5376report.log 2019-12-10 10:54:46  loga.py  writeLog [line:134] INFO 行号:72   PASS   查找元素[find_element]  用时:0.030s  
20191210_10_53_56_761926_5376report.log 2019-12-10 10:54:47  loga.py  writeLog [line:134] INFO 行号:73   PASS   查找元素[find_element]  用时:0.007s  
20191210_10_53_56_761926_5376report.log 2019-12-10 10:54:47  loga.py  writeLog [line:134] INFO 行号:73   PASS   模拟输入[send_keys]  用时:0.201s  
20191210_10_53_56_761926_5376report.log 2019-12-10 10:54:48  loga.py  writeLog [line:134] INFO 行号:79   PASS   查找元素[find_element]  用时:0.010s  
20191210_10_53_56_761926_5376report.log 2019-12-10 10:54:49  loga.py  writeLog [line:134] INFO 行号:80   PASS   查找元素[find_element]  用时:0.006s  
20191210_10_53_56_761926_5376report.log 2019-12-10 10:54:50  loga.py  writeLog [line:134] INFO 行号:80   PASS   模拟输入[send_keys]  用时:0.134s  
20191210_10_53_56_761926_5376report.log 2019-12-10 10:54:51  loga.py  writeLog [line:134] INFO 行号:84   PASS   查找元素[find_element]  用时:0.014s  
20191210_10_53_56_761926_5376report.log 2019-12-10 10:54:51  loga.py  writeLog [line:134] INFO 行号:85   PASS   查找元素[find_element]  用时:0.007s  
20191210_10_53_56_761926_5376report.log 2019-12-10 10:54:52  loga.py  writeLog [line:134] INFO 行号:85   PASS   左键单击[click]  用时:0.074s  
20191210_10_53_56_761926_5376report.log 2019-12-10 10:54:53  loga.py  writeLog [line:134] INFO 行号:90   PASS   查找元素[find_element]  用时:0.009s  
20191210_10_53_56_761926_5376report.log 2019-12-10 10:54:53  loga.py  writeLog [line:134] INFO 行号:91   PASS   查找元素[find_element]  用时:0.008s  
20191210_10_53_56_761926_5376report.log 2019-12-10 10:54:54  loga.py  writeLog [line:134] INFO 行号:91   PASS   左键单击[click]  用时:0.064s  
20191210_10_53_56_761926_5376report.log 2019-12-10 10:54:55  loga.py  writeLog [line:134] INFO 行号:96   PASS   查找元素[find_element]  用时:0.009s  
20191210_10_53_56_761926_5376report.log 2019-12-10 10:54:55  loga.py  writeLog [line:134] INFO 行号:97   PASS   查找元素[find_element]  用时:0.007s  
20191210_10_53_56_761926_5376report.log 2019-12-10 10:54:56  loga.py  writeLog [line:134] INFO 行号:97   PASS   左键单击[click]  用时:0.107s  
20191210_10_53_56_761926_5376report.log 2019-12-10 10:54:57  loga.py  writeLog [line:134] INFO 行号:102  PASS   查找元素[find_element]  用时:0.009s  
20191210_10_53_56_761926_5376report.log 2019-12-10 10:54:57  loga.py  writeLog [line:134] INFO 行号:103  PASS   查找元素[find_element]  用时:0.006s  
20191210_10_53_56_761926_5376report.log 2019-12-10 10:54:58  loga.py  writeLog [line:134] INFO 行号:103  PASS   左键单击[click]  用时:0.079s  
20191210_10_53_56_761926_5376report.log 2019-12-10 10:54:59  loga.py  writeLog [line:134] INFO 行号:108  PASS   查找元素[find_element]  用时:0.011s  
20191210_10_53_56_761926_5376report.log 2019-12-10 10:55:00  loga.py  writeLog [line:134] INFO 行号:109  PASS   查找元素[find_element]  用时:0.006s  
20191210_10_53_56_761926_5376report.log 2019-12-10 10:55:00  loga.py  writeLog [line:134] INFO 行号:109  PASS   左键单击[click]  用时:0.051s  
20191210_10_53_56_761926_5376report.log 2019-12-10 10:55:01  loga.py  writeLog [line:134] INFO 行号:114  PASS   查找元素[find_element]  用时:0.010s  
20191210_10_53_56_761926_5376report.log 2019-12-10 10:55:02  loga.py  writeLog [line:134] INFO 行号:115  PASS   查找元素[find_element]  用时:0.006s  
20191210_10_53_56_761926_5376report.log 2019-12-10 10:55:02  loga.py  writeLog [line:134] INFO 行号:115  PASS   左键单击[click]  用时:0.122s  
20191210_10_53_56_761926_5376report.log 2019-12-10 10:55:05  loga.py  writeLog [line:134] INFO 行号:121  PASS   查找元素[find_element]  用时:0.010s  
20191210_10_53_56_761926_5376report.log 2019-12-10 10:55:06  loga.py  writeLog [line:134] INFO 行号:122  PASS   查找元素[find_element]  用时:0.006s  
20191210_10_53_56_761926_5376report.log 2019-12-10 10:55:06  loga.py  writeLog [line:134] INFO 行号:122  PASS   左键单击[click]  用时:0.101s  
20191210_10_53_56_761926_5376report.log 2019-12-10 10:55:07  loga.py  writeLog [line:134] INFO 行号:127  PASS   查找元素[find_element]  用时:0.013s  
20191210_10_53_56_761926_5376report.log 2019-12-10 10:55:08  loga.py  writeLog [line:134] INFO 行号:128  PASS   查找元素[find_element]  用时:0.005s  
20191210_10_53_56_761926_5376report.log 2019-12-10 10:55:08  loga.py  writeLog [line:134] INFO 行号:128  PASS   左键单击[click]  用时:0.040s  
20191210_10_53_56_761926_5376report.log 2019-12-10 10:55:09  loga.py  writeLog [line:134] INFO 行号:133  PASS   查找元素[find_element]  用时:0.010s  
20191210_10_53_56_761926_5376report.log 2019-12-10 10:55:10  loga.py  writeLog [line:134] INFO 行号:134  PASS   查找元素[find_element]  用时:0.006s  
20191210_10_53_56_761926_5376report.log 2019-12-10 10:55:11  loga.py  writeLog [line:134] INFO 行号:134  PASS   左键单击[click]  用时:0.055s  
20191210_10_53_56_761926_5376report.log 2019-12-10 10:55:12  loga.py  writeLog [line:134] INFO 行号:139  PASS   查找元素[find_element]  用时:0.009s  
20191210_10_53_56_761926_5376report.log 2019-12-10 10:55:12  loga.py  writeLog [line:134] INFO 行号:140  PASS   查找元素[find_element]  用时:0.006s  
20191210_10_53_56_761926_5376report.log 2019-12-10 10:55:13  loga.py  writeLog [line:134] INFO 行号:140  PASS   左键单击[click]  用时:0.080s  
20191210_10_53_56_761926_5376report.log 2019-12-10 10:55:14  loga.py  writeLog [line:134] INFO 行号:145  PASS   查找元素[find_element]  用时:0.016s  
20191210_10_53_56_761926_5376report.log 2019-12-10 10:55:14  loga.py  writeLog [line:134] INFO 行号:146  PASS   查找元素[find_element]  用时:0.006s  
20191210_10_53_56_761926_5376report.log 2019-12-10 10:55:15  loga.py  writeLog [line:134] INFO 行号:146  PASS   左键单击[click]  用时:0.072s  
20191210_10_53_56_761926_5376report.log 2019-12-10 10:55:16  loga.py  writeLog [line:134] INFO 行号:151  PASS   查找元素[find_element]  用时:0.011s  
20191210_10_53_56_761926_5376report.log 2019-12-10 10:55:16  loga.py  writeLog [line:134] INFO 行号:152  PASS   查找元素[find_element]  用时:0.006s  
20191210_10_53_56_761926_5376report.log 2019-12-10 10:55:17  loga.py  writeLog [line:134] INFO 行号:152  PASS   左键单击[click]  用时:0.077s  
20191210_10_53_56_761926_5376report.log 2019-12-10 10:55:18  loga.py  writeLog [line:134] INFO 行号:157  PASS   查找元素[find_element]  用时:0.010s  
20191210_10_53_56_761926_5376report.log 2019-12-10 10:55:18  loga.py  writeLog [line:134] INFO 行号:158  PASS   查找元素[find_element]  用时:0.006s  
20191210_10_53_56_761926_5376report.log 2019-12-10 10:55:19  loga.py  writeLog [line:134] INFO 行号:158  PASS   左键单击[click]  用时:0.083s  
20191210_10_53_56_761926_5376report.log 2019-12-10 10:55:20  loga.py  writeLog [line:134] INFO 行号:163  PASS   查找元素[find_element]  用时:0.017s  
20191210_10_53_56_761926_5376report.log 2019-12-10 10:55:21  loga.py  writeLog [line:134] INFO 行号:164  PASS   查找元素[find_element]  用时:0.006s  
20191210_10_53_56_761926_5376report.log 2019-12-10 10:55:21  loga.py  writeLog [line:134] INFO 行号:164  PASS   左键单击[click]  用时:0.061s  
20191210_10_53_56_761926_5376report.log 2019-12-10 10:55:22  loga.py  writeLog [line:134] INFO 行号:170  PASS   查找元素[find_element]  用时:0.013s  
20191210_10_53_56_761926_5376report.log 2019-12-10 10:55:23  loga.py  writeLog [line:134] INFO 行号:172  PASS   查找元素[find_element]  用时:0.005s  
20191210_10_53_56_761926_5376report.log 2019-12-10 10:55:23  loga.py  writeLog [line:134] INFO 行号:172  PASS   左键单击[click]  用时:0.062s  
20191210_10_53_56_761926_5376report.log 2019-12-10 10:55:24  loga.py  writeLog [line:134] INFO 行号:178  PASS   查找元素[find_element]  用时:0.008s  
20191210_10_53_56_761926_5376report.log 2019-12-10 10:55:25  loga.py  writeLog [line:134] INFO 行号:180  PASS   查找元素[find_element]  用时:0.005s  
20191210_10_53_56_761926_5376report.log 2019-12-10 10:55:25  loga.py  writeLog [line:134] INFO 行号:180  PASS   左键单击[click]  用时:0.056s  
20191210_10_53_56_761926_5376report.log 2019-12-10 10:55:26  loga.py  writeLog [line:134] INFO 行号:186  PASS   查找元素[find_element]  用时:0.017s  
20191210_10_53_56_761926_5376report.log 2019-12-10 10:55:27  loga.py  writeLog [line:134] INFO 行号:188  PASS   查找元素[find_element]  用时:0.006s  
20191210_10_53_56_761926_5376report.log 2019-12-10 10:55:27  loga.py  writeLog [line:134] INFO 行号:188  PASS   左键单击[click]  用时:0.059s  
20191210_10_53_56_761926_5376report.log 2019-12-10 10:55:28  loga.py  writeLog [line:134] INFO 行号:192  PASS   查找元素[find_element]  用时:0.008s  
20191210_10_53_56_761926_5376report.log 2019-12-10 10:55:29  loga.py  writeLog [line:134] INFO 行号:194  PASS   查找元素[find_element]  用时:0.005s  
20191210_10_53_56_761926_5376report.log 2019-12-10 10:55:29  loga.py  writeLog [line:134] INFO 行号:194  PASS   模拟输入[send_keys]  用时:0.036s  
20191210_10_53_56_761926_5376report.log 2019-12-10 10:55:30  loga.py  writeLog [line:134] INFO 行号:200  PASS   查找元素[find_element]  用时:0.008s  
20191210_10_53_56_761926_5376report.log 2019-12-10 10:55:31  loga.py  writeLog [line:134] INFO 行号:202  PASS   查找元素[find_element]  用时:0.005s  
20191210_10_53_56_761926_5376report.log 2019-12-10 10:55:32  loga.py  writeLog [line:134] INFO 行号:202  PASS   左键单击[click]  用时:0.062s  
20191210_10_53_56_761926_5376report.log 2019-12-10 10:55:33  loga.py  writeLog [line:134] INFO 行号:206  PASS   查找元素[find_element]  用时:0.009s  
20191210_10_53_56_761926_5376report.log 2019-12-10 10:55:33  loga.py  writeLog [line:134] INFO 行号:208  PASS   查找元素[find_element]  用时:0.006s  
20191210_10_53_56_761926_5376report.log 2019-12-10 10:55:34  loga.py  writeLog [line:134] INFO 行号:208  PASS   模拟输入[send_keys]  用时:0.026s  
20191210_10_53_56_761926_5376report.log 2019-12-10 10:55:35  loga.py  writeLog [line:134] INFO 行号:213  PASS   查找元素[find_element]  用时:0.008s  
20191210_10_53_56_761926_5376report.log 2019-12-10 10:55:35  loga.py  writeLog [line:134] INFO 行号:214  PASS   查找元素[find_element]  用时:0.007s  
20191210_10_53_56_761926_5376report.log 2019-12-10 10:55:36  loga.py  writeLog [line:134] INFO 行号:214  PASS   左键单击[click]  用时:0.069s  
20191210_10_53_56_761926_5376report.log 2019-12-10 10:55:37  loga.py  writeLog [line:134] INFO 行号:219  PASS   查找元素[find_element]  用时:0.009s  
20191210_10_53_56_761926_5376report.log 2019-12-10 10:55:37  loga.py  writeLog [line:134] INFO 行号:220  PASS   查找元素[find_element]  用时:0.006s  
20191210_10_53_56_761926_5376report.log 2019-12-10 10:55:38  loga.py  writeLog [line:134] INFO 行号:220  PASS   左键单击[click]  用时:0.058s  
20191210_10_53_56_761926_5376report.log 2019-12-10 10:55:39  loga.py  writeLog [line:134] INFO 行号:225  PASS   查找元素[find_element]  用时:0.010s  
20191210_10_53_56_761926_5376report.log 2019-12-10 10:55:39  loga.py  writeLog [line:134] INFO 行号:226  PASS   查找元素[find_element]  用时:0.014s  
20191210_10_53_56_761926_5376report.log 2019-12-10 10:55:40  loga.py  writeLog [line:134] INFO 行号:226  PASS   左键单击[click]  用时:0.062s  
20191210_10_53_56_761926_5376report.log 2019-12-10 10:55:41  loga.py  writeLog [line:134] INFO 行号:232  PASS   查找元素[find_element]  用时:0.009s  
20191210_10_53_56_761926_5376report.log 2019-12-10 10:55:41  loga.py  writeLog [line:134] INFO 行号:234  PASS   查找元素[find_element]  用时:0.006s  
20191210_10_53_56_761926_5376report.log 2019-12-10 10:55:42  loga.py  writeLog [line:134] INFO 行号:234  PASS   左键单击[click]  用时:0.059s  
20191210_10_53_56_761926_5376report.log 2019-12-10 10:55:43  loga.py  writeLog [line:134] INFO 行号:240  PASS   查找元素[find_element]  用时:0.010s  
20191210_10_53_56_761926_5376report.log 2019-12-10 10:55:43  loga.py  writeLog [line:134] INFO 行号:242  PASS   查找元素[find_element]  用时:0.005s  
20191210_10_53_56_761926_5376report.log 2019-12-10 10:55:44  loga.py  writeLog [line:134] INFO 行号:242  PASS   模拟输入[send_keys]  用时:0.025s  
20191210_10_53_56_761926_5376report.log 2019-12-10 10:55:45  loga.py  writeLog [line:134] INFO 行号:247  PASS   查找元素[find_element]  用时:0.006s  
20191210_10_53_56_761926_5376report.log 2019-12-10 10:55:46  loga.py  writeLog [line:134] INFO 行号:248  PASS   查找元素[find_element]  用时:0.008s  
20191210_10_53_56_761926_5376report.log 2019-12-10 10:55:46  loga.py  writeLog [line:134] INFO 行号:248  PASS   左键单击[click]  用时:0.067s  
20191210_10_53_56_761926_5376report.log 2019-12-10 10:55:47  loga.py  writeLog [line:134] INFO 行号:253  PASS   查找元素[find_element]  用时:0.010s  
20191210_10_53_56_761926_5376report.log 2019-12-10 10:55:48  loga.py  writeLog [line:134] INFO 行号:254  PASS   查找元素[find_element]  用时:0.006s  
20191210_10_53_56_761926_5376report.log 2019-12-10 10:55:48  loga.py  writeLog [line:134] INFO 行号:255  TRUE   断言：实例[assertIsInstance] 用时:0.000s TRUE.
20191210_10_53_56_761926_5376report.log 2019-12-10 10:55:48  loga.py  writeLog [line:134] INFO 行号:255  TRUE   断言：实例[assertIsInstance] 用时:0.000s TRUE.
20191210_10_53_56_761926_5376report.log 2019-12-10 10:55:48  loga.py  writeLog [line:134] INFO 行号:255  TRUE   断言：相等[assertEqual] 用时:0.000s TRUE.
20191210_10_53_56_761926_5376report.log 2019-12-10 10:55:48  loga.py  writeLog [line:134] INFO 行号:260  PASS   查找元素[find_element]  用时:0.008s  
20191210_10_53_56_761926_5376report.log 2019-12-10 10:55:49  loga.py  writeLog [line:134] INFO 行号:261  PASS   查找元素[find_element]  用时:0.005s  
20191210_10_53_56_761926_5376report.log 2019-12-10 10:55:49  loga.py  writeLog [line:134] INFO 行号:261  PASS   左键单击[click]  用时:0.073s  
20191210_10_53_56_761926_5376report.log 2019-12-10 10:56:20  loga.py  writeLog [line:134] INFO 行号:266  FAIL   查找元素[find_element]  用时:30.042s  参数:{'list': '', 'dict': {'xpath': '//button[@aria-label="Close"]'}} 页面中没有该元素.NoSuchElementException
20191210_10_53_56_761926_5376report.log 2019-12-10 10:56:51  loga.py  writeLog [line:134] INFO 行号:0    ERROR  [runTest]  用时:  测试用例脚本发生错误，请检查脚本代码：
20191210_10_53_56_761926_5376report.log 2019-12-10 10:56:51  loga.py  putSystemLog [line:74] INFO 脚本运行完毕...
20191210_10_53_56_761926_5376report.log 2019-12-10 10:56:51  loga.py  putSystemLog [line:74] INFO 开始运行脚本<class 'script.testCase.U8EX项目.公共.U8EX登出.EasyCase'>
20191210_10_53_56_761926_5376report.log 2019-12-10 10:56:51  loga.py  writeLog [line:134] INFO 行号:24   PASS   刷新页面[refresh]  用时:0.011s  
20191210_10_53_56_761926_5376report.log 2019-12-10 10:56:53  loga.py  writeLog [line:134] INFO 行号:26   PASS   查找元素[find_element]  用时:0.011s  
20191210_10_53_56_761926_5376report.log 2019-12-10 10:56:54  loga.py  writeLog [line:134] INFO 行号:26   PASS   左键单击[click]  用时:0.045s  
20191210_10_53_56_761926_5376report.log 2019-12-10 10:56:55  loga.py  writeLog [line:134] INFO 行号:27   PASS   查找元素[find_element]  用时:0.015s  
20191210_10_53_56_761926_5376report.log 2019-12-10 10:56:56  loga.py  writeLog [line:134] INFO 行号:27   PASS   左键单击[click]  用时:0.481s  
20191210_10_53_56_761926_5376report.log 2019-12-10 10:56:57  loga.py  putSystemLog [line:74] INFO 脚本运行完毕...
20191210_10_53_56_761926_5376report.log 2019-12-10 10:56:57  loga.py  writeLog [line:134] INFO 行号:0    PASS   关闭浏览器[quit]  用时:0.243s  
20191210_10_53_56_761926_5376report.log 2019-12-10 10:57:00  loga.py  putSystemLog [line:74] INFO 场景<1>结束.用时:183.597s.
20191210_10_53_56_761926_5376report.log 2019-12-10 10:57:00  loga.py  putSystemLog [line:74] INFO 场景统计结果：PASS:141(98.60%),FAIL:  1(0.70%),ERROR:  1(0.70%),TRUE:  3,FALSE:  0

20191210_10_53_56_761926_5376report.log 2019-12-10 10:57:00  loga.py  putSystemLog [line:74] INFO ----------------------------------------
20191210_10_53_56_761926_5376report.log 2019-12-10 10:57:00  loga.py  putSystemLog [line:74] INFO End.
20191210_10_53_56_761926_5376report.log 2019-12-10 10:57:00  loga.py  putSystemLog [line:74] INFO 测试方案统计结果:
                    场景<1>:PASS:141(98.60%),FAIL:  1(0.70%),ERROR:  1(0.70%),TRUE:  3,FALSE:  0
                    总   计:PASS:141(98.60%),FAIL:  1(0.70%),ERROR:  1(0.70%),TRUE:  3,FALSE:  0

