20191202_16_35_35_193392_6656report.log 2019-12-02 16:35:35  loga.py  putSystemLog [line:74] INFO Start.
20191202_16_35_35_193392_6656report.log 2019-12-02 16:35:35  loga.py  putSystemLog [line:74] INFO 场景<1>开始.
20191202_16_35_35_193392_6656report.log 2019-12-02 16:35:38  loga.py  writeLog [line:134] INFO 行号:0    PASS   最大化浏览器窗口[maximize_window]  用时:1.122s  
20191202_16_35_35_193392_6656report.log 2019-12-02 16:35:39  loga.py  putSystemLog [line:74] INFO chrome浏览器启动成功.
20191202_16_35_35_193392_6656report.log 2019-12-02 16:35:39  loga.py  putSystemLog [line:74] INFO 开始加载脚本...
20191202_16_35_35_193392_6656report.log 2019-12-02 16:35:39  loga.py  putSystemLog [line:74] INFO 脚本<1>：U8EX登录 加载成功.脚本路径：script/testCase/U8EX项目/公共/U8EX登录
20191202_16_35_35_193392_6656report.log 2019-12-02 16:35:39  loga.py  putSystemLog [line:74] INFO 脚本<2>：报账模板管理 加载成功.脚本路径：script/testCase/Y3me项目/数字化建模/费用管理/报账模板管理
20191202_16_35_35_193392_6656report.log 2019-12-02 16:35:39  loga.py  putSystemLog [line:74] INFO 脚本<3>：U8EX登出 加载成功.脚本路径：script/testCase/U8EX项目/公共/U8EX登出
20191202_16_35_35_193392_6656report.log 2019-12-02 16:35:39  loga.py  putSystemLog [line:74] INFO 脚本加载完成...
20191202_16_35_35_193392_6656report.log 2019-12-02 16:35:39  loga.py  putSystemLog [line:74] INFO 开始运行脚本<class 'script.testCase.U8EX项目.公共.U8EX登录.EasyCase'>
20191202_16_35_35_193392_6656report.log 2019-12-02 16:35:43  loga.py  writeLog [line:134] INFO 行号:27   PASS   访问页面[get]  用时:3.621s  
20191202_16_35_35_193392_6656report.log 2019-12-02 16:35:44  loga.py  writeLog [line:134] INFO 行号:29   PASS   查找元素[find_element]  用时:0.011s  
20191202_16_35_35_193392_6656report.log 2019-12-02 16:35:45  loga.py  writeLog [line:134] INFO 行号:30   PASS   查找元素[find_element]  用时:0.006s  
20191202_16_35_35_193392_6656report.log 2019-12-02 16:35:45  loga.py  writeLog [line:134] INFO 行号:30   PASS   左键单击[click]  用时:0.044s  
20191202_16_35_35_193392_6656report.log 2019-12-02 16:35:46  loga.py  writeLog [line:134] INFO 行号:34   PASS   查找元素[find_element]  用时:0.010s  
20191202_16_35_35_193392_6656report.log 2019-12-02 16:35:47  loga.py  writeLog [line:134] INFO 行号:35   PASS   查找元素[find_element]  用时:0.006s  
20191202_16_35_35_193392_6656report.log 2019-12-02 16:35:47  loga.py  writeLog [line:134] INFO 行号:36   PASS   切换到表单[frame]  用时:0.016s  
20191202_16_35_35_193392_6656report.log 2019-12-02 16:35:49  loga.py  writeLog [line:134] INFO 行号:39   PASS   查找元素[find_element]  用时:0.024s  
20191202_16_35_35_193392_6656report.log 2019-12-02 16:35:50  loga.py  writeLog [line:134] INFO 行号:40   PASS   查找元素[find_element]  用时:0.012s  
20191202_16_35_35_193392_6656report.log 2019-12-02 16:35:50  loga.py  writeLog [line:134] INFO 行号:40   PASS   清除文本[clear]  用时:0.043s  
20191202_16_35_35_193392_6656report.log 2019-12-02 16:35:51  loga.py  writeLog [line:134] INFO 行号:41   PASS   查找元素[find_element]  用时:0.024s  
20191202_16_35_35_193392_6656report.log 2019-12-02 16:35:52  loga.py  writeLog [line:134] INFO 行号:41   PASS   模拟输入[send_keys]  用时:0.136s  
20191202_16_35_35_193392_6656report.log 2019-12-02 16:35:53  loga.py  writeLog [line:134] INFO 行号:42   PASS   查找元素[find_element]  用时:0.029s  
20191202_16_35_35_193392_6656report.log 2019-12-02 16:35:53  loga.py  writeLog [line:134] INFO 行号:42   PASS   清除文本[clear]  用时:0.026s  
20191202_16_35_35_193392_6656report.log 2019-12-02 16:35:54  loga.py  writeLog [line:134] INFO 行号:43   PASS   查找元素[find_element]  用时:0.021s  
20191202_16_35_35_193392_6656report.log 2019-12-02 16:35:55  loga.py  writeLog [line:134] INFO 行号:43   PASS   模拟输入[send_keys]  用时:0.107s  
20191202_16_35_35_193392_6656report.log 2019-12-02 16:35:56  loga.py  writeLog [line:134] INFO 行号:45   PASS   查找元素[find_element]  用时:0.015s  
20191202_16_35_35_193392_6656report.log 2019-12-02 16:35:57  loga.py  writeLog [line:134] INFO 行号:46   PASS   查找元素[find_element]  用时:0.006s  
20191202_16_35_35_193392_6656report.log 2019-12-02 16:35:57  loga.py  writeLog [line:134] INFO 行号:46   PASS   左键单击[click]  用时:0.130s  
20191202_16_35_35_193392_6656report.log 2019-12-02 16:35:59  loga.py  writeLog [line:134] INFO 行号:52   PASS   查找元素[find_element]  用时:0.021s  
20191202_16_35_35_193392_6656report.log 2019-12-02 16:35:59  loga.py  writeLog [line:134] INFO 行号:53   PASS   查找元素[find_element]  用时:0.006s  
20191202_16_35_35_193392_6656report.log 2019-12-02 16:36:00  loga.py  writeLog [line:134] INFO 行号:53   PASS   左键单击[click]  用时:0.091s  
20191202_16_35_35_193392_6656report.log 2019-12-02 16:36:01  loga.py  writeLog [line:134] INFO 行号:54   PASS   查找元素[find_element]  用时:0.030s  
20191202_16_35_35_193392_6656report.log 2019-12-02 16:36:01  loga.py  writeLog [line:134] INFO 行号:54   PASS   左键单击[click]  用时:0.077s  
20191202_16_35_35_193392_6656report.log 2019-12-02 16:36:02  loga.py  writeLog [line:134] INFO 行号:56   PASS   查找元素[find_element]  用时:0.009s  
20191202_16_35_35_193392_6656report.log 2019-12-02 16:36:03  loga.py  writeLog [line:134] INFO 行号:56   PASS   左键单击[click]  用时:0.497s  
20191202_16_35_35_193392_6656report.log 2019-12-02 16:36:04  loga.py  putSystemLog [line:74] INFO 脚本运行完毕...
20191202_16_35_35_193392_6656report.log 2019-12-02 16:36:04  loga.py  putSystemLog [line:74] INFO 开始运行脚本<class 'script.testCase.Y3me项目.数字化建模.费用管理.报账模板管理.EasyCase'>
20191202_16_35_35_193392_6656report.log 2019-12-02 16:36:04  loga.py  writeLog [line:134] INFO 行号:25   PASS   刷新页面[refresh]  用时:0.011s  
20191202_16_35_35_193392_6656report.log 2019-12-02 16:36:05  loga.py  writeLog [line:134] INFO 行号:27   PASS   查找元素[find_element]  用时:0.020s  
20191202_16_35_35_193392_6656report.log 2019-12-02 16:36:06  loga.py  writeLog [line:134] INFO 行号:27   PASS   左键单击[click]  用时:0.063s  
20191202_16_35_35_193392_6656report.log 2019-12-02 16:36:08  loga.py  writeLog [line:134] INFO 行号:30   PASS   查找元素[find_element]  用时:0.027s  
20191202_16_35_35_193392_6656report.log 2019-12-02 16:36:09  loga.py  writeLog [line:134] INFO 行号:30   PASS   左键单击[click]  用时:0.097s  
20191202_16_35_35_193392_6656report.log 2019-12-02 16:36:11  loga.py  writeLog [line:134] INFO 行号:33   PASS   查找元素[find_element]  用时:0.012s  
20191202_16_35_35_193392_6656report.log 2019-12-02 16:36:13  loga.py  writeLog [line:134] INFO 行号:40   PASS   查找元素[find_element]  用时:0.016s  
20191202_16_35_35_193392_6656report.log 2019-12-02 16:36:18  loga.py  writeLog [line:134] INFO 行号:47   PASS   查找元素[find_element]  用时:0.017s  
20191202_16_35_35_193392_6656report.log 2019-12-02 16:36:20  loga.py  writeLog [line:134] INFO 行号:50   PASS   查找元素[find_element]  用时:0.012s  
20191202_16_35_35_193392_6656report.log 2019-12-02 16:36:20  loga.py  writeLog [line:134] INFO 行号:51   PASS   切换到表单[frame]  用时:0.019s  
20191202_16_35_35_193392_6656report.log 2019-12-02 16:36:21  loga.py  writeLog [line:134] INFO 行号:54   PASS   查找元素[find_element]  用时:0.010s  
20191202_16_35_35_193392_6656report.log 2019-12-02 16:36:22  loga.py  writeLog [line:134] INFO 行号:54   PASS   左键单击[click]  用时:0.130s  
20191202_16_35_35_193392_6656report.log 2019-12-02 16:36:23  loga.py  writeLog [line:134] INFO 行号:61   PASS   查找元素[find_element]  用时:0.088s  
20191202_16_35_35_193392_6656report.log 2019-12-02 16:36:23  loga.py  writeLog [line:134] INFO 行号:62   PASS   查找元素[find_element]  用时:0.007s  
20191202_16_35_35_193392_6656report.log 2019-12-02 16:36:25  loga.py  writeLog [line:134] INFO 行号:62   PASS   模拟输入[send_keys]  用时:0.686s  
20191202_16_35_35_193392_6656report.log 2019-12-02 16:36:26  loga.py  writeLog [line:134] INFO 行号:70   PASS   查找元素[find_element]  用时:0.030s  
20191202_16_35_35_193392_6656report.log 2019-12-02 16:36:26  loga.py  writeLog [line:134] INFO 行号:71   PASS   查找元素[find_element]  用时:0.007s  
20191202_16_35_35_193392_6656report.log 2019-12-02 16:36:27  loga.py  writeLog [line:134] INFO 行号:71   PASS   模拟输入[send_keys]  用时:0.458s  
20191202_16_35_35_193392_6656report.log 2019-12-02 16:36:28  loga.py  writeLog [line:134] INFO 行号:75   PASS   查找元素[find_element]  用时:0.017s  
20191202_16_35_35_193392_6656report.log 2019-12-02 16:36:29  loga.py  writeLog [line:134] INFO 行号:76   PASS   查找元素[find_element]  用时:0.007s  
20191202_16_35_35_193392_6656report.log 2019-12-02 16:36:29  loga.py  writeLog [line:134] INFO 行号:76   PASS   左键单击[click]  用时:0.182s  
20191202_16_35_35_193392_6656report.log 2019-12-02 16:36:30  loga.py  writeLog [line:134] INFO 行号:78   TRUE   断言：不包含[assertNotIn] 用时:0.000s TRUE.
20191202_16_35_35_193392_6656report.log 2019-12-02 16:37:00  loga.py  writeLog [line:134] INFO 行号:82   FAIL   查找元素[find_element]  用时:30.013s  参数:{'list': '', 'dict': {'xpath': '//td[text()="{}"]/parent::tr//a[text()="编辑"]'}} 页面中没有该元素.NoSuchElementException
20191202_16_35_35_193392_6656report.log 2019-12-02 16:37:11  loga.py  writeLog [line:134] INFO 行号:0    ERROR  [runTest]  用时:  测试用例脚本发生错误，请检查脚本代码：
20191202_16_35_35_193392_6656report.log 2019-12-02 16:37:11  loga.py  putSystemLog [line:74] INFO 脚本运行完毕...
20191202_16_35_35_193392_6656report.log 2019-12-02 16:37:11  loga.py  putSystemLog [line:74] INFO 开始运行脚本<class 'script.testCase.U8EX项目.公共.U8EX登出.EasyCase'>
20191202_16_35_35_193392_6656report.log 2019-12-02 16:37:11  loga.py  writeLog [line:134] INFO 行号:24   PASS   刷新页面[refresh]  用时:0.034s  
20191202_16_35_35_193392_6656report.log 2019-12-02 16:37:13  loga.py  writeLog [line:134] INFO 行号:26   PASS   查找元素[find_element]  用时:0.022s  
20191202_16_35_35_193392_6656report.log 2019-12-02 16:37:14  loga.py  writeLog [line:134] INFO 行号:26   PASS   左键单击[click]  用时:0.051s  
20191202_16_35_35_193392_6656report.log 2019-12-02 16:37:15  loga.py  writeLog [line:134] INFO 行号:27   PASS   查找元素[find_element]  用时:0.030s  
20191202_16_35_35_193392_6656report.log 2019-12-02 16:37:16  loga.py  writeLog [line:134] INFO 行号:27   PASS   左键单击[click]  用时:0.577s  
20191202_16_35_35_193392_6656report.log 2019-12-02 16:37:17  loga.py  putSystemLog [line:74] INFO 脚本运行完毕...
20191202_16_35_35_193392_6656report.log 2019-12-02 16:37:17  loga.py  writeLog [line:134] INFO 行号:0    PASS   关闭浏览器[quit]  用时:0.284s  
20191202_16_35_35_193392_6656report.log 2019-12-02 16:37:20  loga.py  putSystemLog [line:74] INFO 场景<1>结束.用时:105.476s.
20191202_16_35_35_193392_6656report.log 2019-12-02 16:37:20  loga.py  putSystemLog [line:74] INFO 场景统计结果：PASS: 54(96.43%),FAIL:  1(1.79%),ERROR:  1(1.79%),TRUE:  1,FALSE:  0

20191202_16_35_35_193392_6656report.log 2019-12-02 16:37:20  loga.py  putSystemLog [line:74] INFO ----------------------------------------
20191202_16_35_35_193392_6656report.log 2019-12-02 16:37:20  loga.py  putSystemLog [line:74] INFO End.
20191202_16_35_35_193392_6656report.log 2019-12-02 16:37:20  loga.py  putSystemLog [line:74] INFO 测试方案统计结果:
                    场景<1>:PASS: 54(96.43%),FAIL:  1(1.79%),ERROR:  1(1.79%),TRUE:  1,FALSE:  0
                    总   计:PASS: 54(96.43%),FAIL:  1(1.79%),ERROR:  1(1.79%),TRUE:  1,FALSE:  0

