20191202_14_42_21_096453_11580report.log 2019-12-02 14:42:21  loga.py  putSystemLog [line:74] INFO Start.
20191202_14_42_21_096453_11580report.log 2019-12-02 14:42:21  loga.py  putSystemLog [line:74] INFO 场景<1>开始.
20191202_14_42_21_096453_11580report.log 2019-12-02 14:42:24  loga.py  writeLog [line:134] INFO 行号:0    PASS   最大化浏览器窗口[maximize_window]  用时:1.121s  
20191202_14_42_21_096453_11580report.log 2019-12-02 14:42:25  loga.py  putSystemLog [line:74] INFO chrome浏览器启动成功.
20191202_14_42_21_096453_11580report.log 2019-12-02 14:42:25  loga.py  putSystemLog [line:74] INFO 开始加载脚本...
20191202_14_42_21_096453_11580report.log 2019-12-02 14:42:25  loga.py  putSystemLog [line:74] INFO 脚本<1>：U8EX登录 加载成功.脚本路径：script/testCase/U8EX项目/公共/U8EX登录
20191202_14_42_21_096453_11580report.log 2019-12-02 14:42:25  loga.py  putSystemLog [line:74] INFO 脚本<2>：利润表 加载成功.脚本路径：script/testCase/Y3me项目/数字化建模/财务报表/利润表
20191202_14_42_21_096453_11580report.log 2019-12-02 14:42:25  loga.py  putSystemLog [line:74] INFO 脚本<3>：U8EX登出 加载成功.脚本路径：script/testCase/U8EX项目/公共/U8EX登出
20191202_14_42_21_096453_11580report.log 2019-12-02 14:42:25  loga.py  putSystemLog [line:74] INFO 脚本加载完成...
20191202_14_42_21_096453_11580report.log 2019-12-02 14:42:25  loga.py  putSystemLog [line:74] INFO 开始运行脚本<class 'script.testCase.U8EX项目.公共.U8EX登录.EasyCase'>
20191202_14_42_21_096453_11580report.log 2019-12-02 14:42:28  loga.py  writeLog [line:134] INFO 行号:27   PASS   访问页面[get]  用时:3.078s  
20191202_14_42_21_096453_11580report.log 2019-12-02 14:42:29  loga.py  writeLog [line:134] INFO 行号:29   PASS   查找元素[find_element]  用时:0.015s  
20191202_14_42_21_096453_11580report.log 2019-12-02 14:42:30  loga.py  writeLog [line:134] INFO 行号:30   PASS   查找元素[find_element]  用时:0.009s  
20191202_14_42_21_096453_11580report.log 2019-12-02 14:42:31  loga.py  writeLog [line:134] INFO 行号:30   PASS   左键单击[click]  用时:0.082s  
20191202_14_42_21_096453_11580report.log 2019-12-02 14:42:32  loga.py  writeLog [line:134] INFO 行号:34   PASS   查找元素[find_element]  用时:0.031s  
20191202_14_42_21_096453_11580report.log 2019-12-02 14:42:32  loga.py  writeLog [line:134] INFO 行号:35   PASS   查找元素[find_element]  用时:0.006s  
20191202_14_42_21_096453_11580report.log 2019-12-02 14:42:33  loga.py  writeLog [line:134] INFO 行号:36   PASS   切换到表单[frame]  用时:0.025s  
20191202_14_42_21_096453_11580report.log 2019-12-02 14:42:35  loga.py  writeLog [line:134] INFO 行号:39   PASS   查找元素[find_element]  用时:0.031s  
20191202_14_42_21_096453_11580report.log 2019-12-02 14:42:35  loga.py  writeLog [line:134] INFO 行号:40   PASS   查找元素[find_element]  用时:0.010s  
20191202_14_42_21_096453_11580report.log 2019-12-02 14:42:36  loga.py  writeLog [line:134] INFO 行号:40   PASS   清除文本[clear]  用时:0.048s  
20191202_14_42_21_096453_11580report.log 2019-12-02 14:42:37  loga.py  writeLog [line:134] INFO 行号:41   PASS   查找元素[find_element]  用时:0.023s  
20191202_14_42_21_096453_11580report.log 2019-12-02 14:42:37  loga.py  writeLog [line:134] INFO 行号:41   PASS   模拟输入[send_keys]  用时:0.144s  
20191202_14_42_21_096453_11580report.log 2019-12-02 14:42:38  loga.py  writeLog [line:134] INFO 行号:42   PASS   查找元素[find_element]  用时:0.034s  
20191202_14_42_21_096453_11580report.log 2019-12-02 14:42:39  loga.py  writeLog [line:134] INFO 行号:42   PASS   清除文本[clear]  用时:0.042s  
20191202_14_42_21_096453_11580report.log 2019-12-02 14:42:40  loga.py  writeLog [line:134] INFO 行号:43   PASS   查找元素[find_element]  用时:0.025s  
20191202_14_42_21_096453_11580report.log 2019-12-02 14:42:41  loga.py  writeLog [line:134] INFO 行号:43   PASS   模拟输入[send_keys]  用时:0.100s  
20191202_14_42_21_096453_11580report.log 2019-12-02 14:42:42  loga.py  writeLog [line:134] INFO 行号:45   PASS   查找元素[find_element]  用时:0.032s  
20191202_14_42_21_096453_11580report.log 2019-12-02 14:42:42  loga.py  writeLog [line:134] INFO 行号:46   PASS   查找元素[find_element]  用时:0.010s  
20191202_14_42_21_096453_11580report.log 2019-12-02 14:42:43  loga.py  writeLog [line:134] INFO 行号:46   PASS   左键单击[click]  用时:0.124s  
20191202_14_42_21_096453_11580report.log 2019-12-02 14:42:44  loga.py  writeLog [line:134] INFO 行号:52   PASS   查找元素[find_element]  用时:0.011s  
20191202_14_42_21_096453_11580report.log 2019-12-02 14:42:44  loga.py  writeLog [line:134] INFO 行号:53   PASS   查找元素[find_element]  用时:0.006s  
20191202_14_42_21_096453_11580report.log 2019-12-02 14:42:45  loga.py  writeLog [line:134] INFO 行号:53   PASS   左键单击[click]  用时:0.073s  
20191202_14_42_21_096453_11580report.log 2019-12-02 14:42:46  loga.py  writeLog [line:134] INFO 行号:54   PASS   查找元素[find_element]  用时:0.016s  
20191202_14_42_21_096453_11580report.log 2019-12-02 14:42:47  loga.py  writeLog [line:134] INFO 行号:54   PASS   左键单击[click]  用时:0.130s  
20191202_14_42_21_096453_11580report.log 2019-12-02 14:42:48  loga.py  writeLog [line:134] INFO 行号:56   PASS   查找元素[find_element]  用时:0.016s  
20191202_14_42_21_096453_11580report.log 2019-12-02 14:42:49  loga.py  writeLog [line:134] INFO 行号:56   PASS   左键单击[click]  用时:0.443s  
20191202_14_42_21_096453_11580report.log 2019-12-02 14:42:50  loga.py  putSystemLog [line:74] INFO 脚本运行完毕...
20191202_14_42_21_096453_11580report.log 2019-12-02 14:42:50  loga.py  putSystemLog [line:74] INFO 开始运行脚本<class 'script.testCase.Y3me项目.数字化建模.财务报表.利润表.EasyCase'>
20191202_14_42_21_096453_11580report.log 2019-12-02 14:42:50  loga.py  writeLog [line:134] INFO 行号:21   PASS   刷新页面[refresh]  用时:0.022s  
20191202_14_42_21_096453_11580report.log 2019-12-02 14:42:51  loga.py  writeLog [line:134] INFO 行号:23   PASS   查找元素[find_element]  用时:0.020s  
20191202_14_42_21_096453_11580report.log 2019-12-02 14:42:51  loga.py  writeLog [line:134] INFO 行号:23   PASS   左键单击[click]  用时:0.095s  
20191202_14_42_21_096453_11580report.log 2019-12-02 14:42:53  loga.py  writeLog [line:134] INFO 行号:26   PASS   查找元素[find_element]  用时:0.018s  
20191202_14_42_21_096453_11580report.log 2019-12-02 14:42:54  loga.py  writeLog [line:134] INFO 行号:26   PASS   左键单击[click]  用时:0.085s  
20191202_14_42_21_096453_11580report.log 2019-12-02 14:42:56  loga.py  writeLog [line:134] INFO 行号:29   PASS   查找元素[find_element]  用时:0.017s  
20191202_14_42_21_096453_11580report.log 2019-12-02 14:42:58  loga.py  writeLog [line:134] INFO 行号:36   PASS   查找元素[find_element]  用时:0.017s  
20191202_14_42_21_096453_11580report.log 2019-12-02 14:43:03  loga.py  writeLog [line:134] INFO 行号:43   PASS   查找元素[find_element]  用时:0.072s  
20191202_14_42_21_096453_11580report.log 2019-12-02 14:43:06  loga.py  writeLog [line:134] INFO 行号:47   PASS   查找元素[find_element]  用时:0.017s  
20191202_14_42_21_096453_11580report.log 2019-12-02 14:43:06  loga.py  writeLog [line:134] INFO 行号:48   PASS   切换到表单[frame]  用时:0.020s  
20191202_14_42_21_096453_11580report.log 2019-12-02 14:43:07  loga.py  writeLog [line:134] INFO 行号:0    ERROR  [runTest]  用时:  测试用例脚本发生错误，请检查脚本代码：name 'WebDriverWait' is not defined
20191202_14_42_21_096453_11580report.log 2019-12-02 14:43:07  loga.py  putSystemLog [line:74] INFO 脚本运行完毕...
20191202_14_42_21_096453_11580report.log 2019-12-02 14:43:07  loga.py  putSystemLog [line:74] INFO 开始运行脚本<class 'script.testCase.U8EX项目.公共.U8EX登出.EasyCase'>
20191202_14_42_21_096453_11580report.log 2019-12-02 14:43:07  loga.py  writeLog [line:134] INFO 行号:24   PASS   刷新页面[refresh]  用时:0.007s  
20191202_14_42_21_096453_11580report.log 2019-12-02 14:43:09  loga.py  writeLog [line:134] INFO 行号:26   PASS   查找元素[find_element]  用时:0.021s  
20191202_14_42_21_096453_11580report.log 2019-12-02 14:43:10  loga.py  writeLog [line:134] INFO 行号:26   PASS   左键单击[click]  用时:0.046s  
20191202_14_42_21_096453_11580report.log 2019-12-02 14:43:11  loga.py  writeLog [line:134] INFO 行号:27   PASS   查找元素[find_element]  用时:0.017s  
20191202_14_42_21_096453_11580report.log 2019-12-02 14:43:12  loga.py  writeLog [line:134] INFO 行号:27   PASS   左键单击[click]  用时:0.540s  
20191202_14_42_21_096453_11580report.log 2019-12-02 14:43:13  loga.py  putSystemLog [line:74] INFO 脚本运行完毕...
20191202_14_42_21_096453_11580report.log 2019-12-02 14:43:13  loga.py  writeLog [line:134] INFO 行号:0    PASS   关闭浏览器[quit]  用时:0.297s  
20191202_14_42_21_096453_11580report.log 2019-12-02 14:43:16  loga.py  putSystemLog [line:74] INFO 场景<1>结束.用时:55.572s.
20191202_14_42_21_096453_11580report.log 2019-12-02 14:43:16  loga.py  putSystemLog [line:74] INFO 场景统计结果：PASS: 43(97.73%),FAIL:  0(0.00%),ERROR:  1(2.27%),TRUE:  0,FALSE:  0

20191202_14_42_21_096453_11580report.log 2019-12-02 14:43:16  loga.py  putSystemLog [line:74] INFO ----------------------------------------
20191202_14_42_21_096453_11580report.log 2019-12-02 14:43:16  loga.py  putSystemLog [line:74] INFO End.
20191202_14_42_21_096453_11580report.log 2019-12-02 14:43:16  loga.py  putSystemLog [line:74] INFO 测试方案统计结果:
                    场景<1>:PASS: 43(97.73%),FAIL:  0(0.00%),ERROR:  1(2.27%),TRUE:  0,FALSE:  0
                    总   计:PASS: 43(97.73%),FAIL:  0(0.00%),ERROR:  1(2.27%),TRUE:  0,FALSE:  0

