20191202_13_36_28_714037_11196report.log 2019-12-02 13:36:28  loga.py  putSystemLog [line:74] INFO Start.
20191202_13_36_28_714037_11196report.log 2019-12-02 13:36:28  loga.py  putSystemLog [line:74] INFO 场景<1>开始.
20191202_13_36_28_714037_11196report.log 2019-12-02 13:36:32  loga.py  writeLog [line:134] INFO 行号:0    PASS   最大化浏览器窗口[maximize_window]  用时:1.123s  
20191202_13_36_28_714037_11196report.log 2019-12-02 13:36:33  loga.py  putSystemLog [line:74] INFO chrome浏览器启动成功.
20191202_13_36_28_714037_11196report.log 2019-12-02 13:36:33  loga.py  putSystemLog [line:74] INFO 开始加载脚本...
20191202_13_36_28_714037_11196report.log 2019-12-02 13:36:33  loga.py  putSystemLog [line:74] INFO 脚本<1>：U8EX登录 加载成功.脚本路径：script/testCase/U8EX项目/公共/U8EX登录
20191202_13_36_28_714037_11196report.log 2019-12-02 13:36:33  loga.py  putSystemLog [line:74] INFO 脚本<2>：报表设计 加载成功.脚本路径：script/testCase/Y3me项目/数字化建模/财务报表/报表设计
20191202_13_36_28_714037_11196report.log 2019-12-02 13:36:33  loga.py  putSystemLog [line:74] INFO 脚本<3>：U8EX登出 加载成功.脚本路径：script/testCase/U8EX项目/公共/U8EX登出
20191202_13_36_28_714037_11196report.log 2019-12-02 13:36:33  loga.py  putSystemLog [line:74] INFO 脚本加载完成...
20191202_13_36_28_714037_11196report.log 2019-12-02 13:36:33  loga.py  putSystemLog [line:74] INFO 开始运行脚本<class 'script.testCase.U8EX项目.公共.U8EX登录.EasyCase'>
20191202_13_36_28_714037_11196report.log 2019-12-02 13:36:34  loga.py  writeLog [line:134] INFO 行号:27   PASS   访问页面[get]  用时:1.430s  
20191202_13_36_28_714037_11196report.log 2019-12-02 13:36:35  loga.py  writeLog [line:134] INFO 行号:29   PASS   查找元素[find_element]  用时:0.013s  
20191202_13_36_28_714037_11196report.log 2019-12-02 13:36:36  loga.py  writeLog [line:134] INFO 行号:30   PASS   查找元素[find_element]  用时:0.006s  
20191202_13_36_28_714037_11196report.log 2019-12-02 13:36:37  loga.py  writeLog [line:134] INFO 行号:30   PASS   左键单击[click]  用时:0.053s  
20191202_13_36_28_714037_11196report.log 2019-12-02 13:36:38  loga.py  writeLog [line:134] INFO 行号:34   PASS   查找元素[find_element]  用时:0.015s  
20191202_13_36_28_714037_11196report.log 2019-12-02 13:36:38  loga.py  writeLog [line:134] INFO 行号:35   PASS   查找元素[find_element]  用时:0.012s  
20191202_13_36_28_714037_11196report.log 2019-12-02 13:36:39  loga.py  writeLog [line:134] INFO 行号:36   PASS   切换到表单[frame]  用时:0.017s  
20191202_13_36_28_714037_11196report.log 2019-12-02 13:36:41  loga.py  writeLog [line:134] INFO 行号:39   PASS   查找元素[find_element]  用时:0.034s  
20191202_13_36_28_714037_11196report.log 2019-12-02 13:36:41  loga.py  writeLog [line:134] INFO 行号:40   PASS   查找元素[find_element]  用时:0.006s  
20191202_13_36_28_714037_11196report.log 2019-12-02 13:36:42  loga.py  writeLog [line:134] INFO 行号:40   PASS   清除文本[clear]  用时:0.047s  
20191202_13_36_28_714037_11196report.log 2019-12-02 13:36:43  loga.py  writeLog [line:134] INFO 行号:41   PASS   查找元素[find_element]  用时:0.015s  
20191202_13_36_28_714037_11196report.log 2019-12-02 13:36:43  loga.py  writeLog [line:134] INFO 行号:41   PASS   模拟输入[send_keys]  用时:0.126s  
20191202_13_36_28_714037_11196report.log 2019-12-02 13:36:44  loga.py  writeLog [line:134] INFO 行号:42   PASS   查找元素[find_element]  用时:0.028s  
20191202_13_36_28_714037_11196report.log 2019-12-02 13:36:45  loga.py  writeLog [line:134] INFO 行号:42   PASS   清除文本[clear]  用时:0.045s  
20191202_13_36_28_714037_11196report.log 2019-12-02 13:36:46  loga.py  writeLog [line:134] INFO 行号:43   PASS   查找元素[find_element]  用时:0.021s  
20191202_13_36_28_714037_11196report.log 2019-12-02 13:36:47  loga.py  writeLog [line:134] INFO 行号:43   PASS   模拟输入[send_keys]  用时:0.135s  
20191202_13_36_28_714037_11196report.log 2019-12-02 13:36:48  loga.py  writeLog [line:134] INFO 行号:45   PASS   查找元素[find_element]  用时:0.030s  
20191202_13_36_28_714037_11196report.log 2019-12-02 13:36:48  loga.py  writeLog [line:134] INFO 行号:46   PASS   查找元素[find_element]  用时:0.006s  
20191202_13_36_28_714037_11196report.log 2019-12-02 13:36:49  loga.py  writeLog [line:134] INFO 行号:46   PASS   左键单击[click]  用时:0.143s  
20191202_13_36_28_714037_11196report.log 2019-12-02 13:36:50  loga.py  writeLog [line:134] INFO 行号:52   PASS   查找元素[find_element]  用时:0.020s  
20191202_13_36_28_714037_11196report.log 2019-12-02 13:36:51  loga.py  writeLog [line:134] INFO 行号:53   PASS   查找元素[find_element]  用时:0.011s  
20191202_13_36_28_714037_11196report.log 2019-12-02 13:36:51  loga.py  writeLog [line:134] INFO 行号:53   PASS   左键单击[click]  用时:0.083s  
20191202_13_36_28_714037_11196report.log 2019-12-02 13:36:52  loga.py  writeLog [line:134] INFO 行号:54   PASS   查找元素[find_element]  用时:0.011s  
20191202_13_36_28_714037_11196report.log 2019-12-02 13:36:53  loga.py  writeLog [line:134] INFO 行号:54   PASS   左键单击[click]  用时:0.122s  
20191202_13_36_28_714037_11196report.log 2019-12-02 13:36:54  loga.py  writeLog [line:134] INFO 行号:56   PASS   查找元素[find_element]  用时:0.030s  
20191202_13_36_28_714037_11196report.log 2019-12-02 13:36:55  loga.py  writeLog [line:134] INFO 行号:56   PASS   左键单击[click]  用时:0.517s  
20191202_13_36_28_714037_11196report.log 2019-12-02 13:36:56  loga.py  putSystemLog [line:74] INFO 脚本运行完毕...
20191202_13_36_28_714037_11196report.log 2019-12-02 13:36:56  loga.py  putSystemLog [line:74] INFO 开始运行脚本<class 'script.testCase.Y3me项目.数字化建模.财务报表.报表设计.EasyCase'>
20191202_13_36_28_714037_11196report.log 2019-12-02 13:36:56  loga.py  writeLog [line:134] INFO 行号:25   PASS   刷新页面[refresh]  用时:0.034s  
20191202_13_36_28_714037_11196report.log 2019-12-02 13:36:57  loga.py  writeLog [line:134] INFO 行号:27   PASS   查找元素[find_element]  用时:0.027s  
20191202_13_36_28_714037_11196report.log 2019-12-02 13:36:58  loga.py  writeLog [line:134] INFO 行号:27   PASS   左键单击[click]  用时:0.071s  
20191202_13_36_28_714037_11196report.log 2019-12-02 13:37:00  loga.py  writeLog [line:134] INFO 行号:30   PASS   查找元素[find_element]  用时:0.018s  
20191202_13_36_28_714037_11196report.log 2019-12-02 13:37:00  loga.py  writeLog [line:134] INFO 行号:30   PASS   左键单击[click]  用时:0.067s  
20191202_13_36_28_714037_11196report.log 2019-12-02 13:37:02  loga.py  writeLog [line:134] INFO 行号:33   PASS   查找元素[find_element]  用时:0.024s  
20191202_13_36_28_714037_11196report.log 2019-12-02 13:37:05  loga.py  writeLog [line:134] INFO 行号:40   PASS   查找元素[find_element]  用时:0.011s  
20191202_13_36_28_714037_11196report.log 2019-12-02 13:37:09  loga.py  writeLog [line:134] INFO 行号:47   PASS   查找元素[find_element]  用时:0.009s  
20191202_13_36_28_714037_11196report.log 2019-12-02 13:37:12  loga.py  writeLog [line:134] INFO 行号:51   PASS   查找元素[find_element]  用时:0.025s  
20191202_13_36_28_714037_11196report.log 2019-12-02 13:37:13  loga.py  writeLog [line:134] INFO 行号:52   PASS   切换到表单[frame]  用时:0.408s  
20191202_13_36_28_714037_11196report.log 2019-12-02 13:37:14  loga.py  writeLog [line:134] INFO 行号:55   PASS   查找元素[find_element]  用时:0.018s  
20191202_13_36_28_714037_11196report.log 2019-12-02 13:37:15  loga.py  writeLog [line:134] INFO 行号:55   PASS   左键单击[click]  用时:0.242s  
20191202_13_36_28_714037_11196report.log 2019-12-02 13:37:16  loga.py  writeLog [line:134] INFO 行号:62   PASS   查找元素[find_element]  用时:0.033s  
20191202_13_36_28_714037_11196report.log 2019-12-02 13:37:16  loga.py  writeLog [line:134] INFO 行号:63   PASS   查找元素[find_element]  用时:0.007s  
20191202_13_36_28_714037_11196report.log 2019-12-02 13:37:17  loga.py  writeLog [line:134] INFO 行号:64   PASS   模拟输入[send_keys]  用时:0.142s  
