20191202_09_40_00_841121_13940report.log 2019-12-02 09:40:00  loga.py  putSystemLog [line:74] INFO Start.
20191202_09_40_00_841121_13940report.log 2019-12-02 09:40:00  loga.py  putSystemLog [line:74] INFO 场景<1>开始.
20191202_09_40_00_841121_13940report.log 2019-12-02 09:40:07  loga.py  writeLog [line:134] INFO 行号:0    PASS   最大化浏览器窗口[maximize_window]  用时:1.151s  
20191202_09_40_00_841121_13940report.log 2019-12-02 09:40:08  loga.py  putSystemLog [line:74] INFO chrome浏览器启动成功.
20191202_09_40_00_841121_13940report.log 2019-12-02 09:40:08  loga.py  putSystemLog [line:74] INFO 开始加载脚本...
20191202_09_40_00_841121_13940report.log 2019-12-02 09:40:08  loga.py  putSystemLog [line:74] INFO 脚本<1>：U8EX登录 加载成功.脚本路径：script/testCase/U8EX项目/公共/U8EX登录
20191202_09_40_00_841121_13940report.log 2019-12-02 09:40:08  loga.py  putSystemLog [line:74] INFO 脚本<2>：报表设计 加载成功.脚本路径：script/testCase/Y3me项目/数字化建模/财务报表/报表设计
20191202_09_40_00_841121_13940report.log 2019-12-02 09:40:08  loga.py  putSystemLog [line:74] INFO 脚本<3>：U8EX登出 加载成功.脚本路径：script/testCase/U8EX项目/公共/U8EX登出
20191202_09_40_00_841121_13940report.log 2019-12-02 09:40:08  loga.py  putSystemLog [line:74] INFO 脚本加载完成...
20191202_09_40_00_841121_13940report.log 2019-12-02 09:40:08  loga.py  putSystemLog [line:74] INFO 开始运行脚本<class 'script.testCase.U8EX项目.公共.U8EX登录.EasyCase'>
20191202_09_40_00_841121_13940report.log 2019-12-02 09:40:09  loga.py  writeLog [line:134] INFO 行号:27   PASS   访问页面[get]  用时:1.359s  
20191202_09_40_00_841121_13940report.log 2019-12-02 09:40:10  loga.py  writeLog [line:134] INFO 行号:29   PASS   查找元素[find_element]  用时:0.039s  
20191202_09_40_00_841121_13940report.log 2019-12-02 09:40:11  loga.py  writeLog [line:134] INFO 行号:30   PASS   查找元素[find_element]  用时:0.013s  
20191202_09_40_00_841121_13940report.log 2019-12-02 09:40:12  loga.py  writeLog [line:134] INFO 行号:30   PASS   左键单击[click]  用时:0.047s  
20191202_09_40_00_841121_13940report.log 2019-12-02 09:40:13  loga.py  writeLog [line:134] INFO 行号:34   PASS   查找元素[find_element]  用时:0.017s  
20191202_09_40_00_841121_13940report.log 2019-12-02 09:40:13  loga.py  writeLog [line:134] INFO 行号:35   PASS   查找元素[find_element]  用时:0.007s  
20191202_09_40_00_841121_13940report.log 2019-12-02 09:40:14  loga.py  writeLog [line:134] INFO 行号:36   PASS   切换到表单[frame]  用时:0.015s  
20191202_09_40_00_841121_13940report.log 2019-12-02 09:40:16  loga.py  writeLog [line:134] INFO 行号:39   PASS   查找元素[find_element]  用时:0.010s  
20191202_09_40_00_841121_13940report.log 2019-12-02 09:40:16  loga.py  writeLog [line:134] INFO 行号:40   PASS   查找元素[find_element]  用时:0.006s  
20191202_09_40_00_841121_13940report.log 2019-12-02 09:40:17  loga.py  writeLog [line:134] INFO 行号:40   PASS   清除文本[clear]  用时:0.017s  
20191202_09_40_00_841121_13940report.log 2019-12-02 09:40:18  loga.py  writeLog [line:134] INFO 行号:41   PASS   查找元素[find_element]  用时:0.019s  
20191202_09_40_00_841121_13940report.log 2019-12-02 09:40:18  loga.py  writeLog [line:134] INFO 行号:41   PASS   模拟输入[send_keys]  用时:0.100s  
20191202_09_40_00_841121_13940report.log 2019-12-02 09:40:19  loga.py  writeLog [line:134] INFO 行号:42   PASS   查找元素[find_element]  用时:0.032s  
20191202_09_40_00_841121_13940report.log 2019-12-02 09:40:20  loga.py  writeLog [line:134] INFO 行号:42   PASS   清除文本[clear]  用时:0.027s  
20191202_09_40_00_841121_13940report.log 2019-12-02 09:40:21  loga.py  writeLog [line:134] INFO 行号:43   PASS   查找元素[find_element]  用时:0.022s  
20191202_09_40_00_841121_13940report.log 2019-12-02 09:40:21  loga.py  writeLog [line:134] INFO 行号:43   PASS   模拟输入[send_keys]  用时:0.099s  
20191202_09_40_00_841121_13940report.log 2019-12-02 09:40:22  loga.py  writeLog [line:134] INFO 行号:45   PASS   查找元素[find_element]  用时:0.024s  
20191202_09_40_00_841121_13940report.log 2019-12-02 09:40:23  loga.py  writeLog [line:134] INFO 行号:46   PASS   查找元素[find_element]  用时:0.006s  
20191202_09_40_00_841121_13940report.log 2019-12-02 09:40:24  loga.py  writeLog [line:134] INFO 行号:46   PASS   左键单击[click]  用时:0.082s  
20191202_09_40_00_841121_13940report.log 2019-12-02 09:40:25  loga.py  writeLog [line:134] INFO 行号:52   PASS   查找元素[find_element]  用时:0.012s  
20191202_09_40_00_841121_13940report.log 2019-12-02 09:40:25  loga.py  writeLog [line:134] INFO 行号:53   PASS   查找元素[find_element]  用时:0.007s  
20191202_09_40_00_841121_13940report.log 2019-12-02 09:40:26  loga.py  writeLog [line:134] INFO 行号:53   PASS   左键单击[click]  用时:0.079s  
20191202_09_40_00_841121_13940report.log 2019-12-02 09:40:27  loga.py  writeLog [line:134] INFO 行号:54   PASS   查找元素[find_element]  用时:0.018s  
20191202_09_40_00_841121_13940report.log 2019-12-02 09:40:27  loga.py  writeLog [line:134] INFO 行号:54   PASS   左键单击[click]  用时:0.114s  
20191202_09_40_00_841121_13940report.log 2019-12-02 09:40:28  loga.py  writeLog [line:134] INFO 行号:56   PASS   查找元素[find_element]  用时:0.028s  
20191202_09_40_00_841121_13940report.log 2019-12-02 09:40:30  loga.py  writeLog [line:134] INFO 行号:56   PASS   左键单击[click]  用时:0.553s  
20191202_09_40_00_841121_13940report.log 2019-12-02 09:40:31  loga.py  putSystemLog [line:74] INFO 脚本运行完毕...
20191202_09_40_00_841121_13940report.log 2019-12-02 09:40:31  loga.py  putSystemLog [line:74] INFO 开始运行脚本<class 'script.testCase.Y3me项目.数字化建模.财务报表.报表设计.EasyCase'>
20191202_09_40_00_841121_13940report.log 2019-12-02 09:40:31  loga.py  writeLog [line:134] INFO 行号:25   PASS   刷新页面[refresh]  用时:0.024s  
20191202_09_40_00_841121_13940report.log 2019-12-02 09:40:32  loga.py  writeLog [line:134] INFO 行号:27   PASS   查找元素[find_element]  用时:0.020s  
20191202_09_40_00_841121_13940report.log 2019-12-02 09:40:32  loga.py  writeLog [line:134] INFO 行号:27   PASS   左键单击[click]  用时:0.081s  
20191202_09_40_00_841121_13940report.log 2019-12-02 09:40:34  loga.py  writeLog [line:134] INFO 行号:30   PASS   查找元素[find_element]  用时:0.026s  
20191202_09_40_00_841121_13940report.log 2019-12-02 09:40:35  loga.py  writeLog [line:134] INFO 行号:30   PASS   左键单击[click]  用时:0.076s  
20191202_09_40_00_841121_13940report.log 2019-12-02 09:40:37  loga.py  writeLog [line:134] INFO 行号:33   PASS   查找元素[find_element]  用时:0.010s  
20191202_09_40_00_841121_13940report.log 2019-12-02 09:40:39  loga.py  writeLog [line:134] INFO 行号:40   PASS   查找元素[find_element]  用时:0.032s  
20191202_09_40_00_841121_13940report.log 2019-12-02 09:40:44  loga.py  writeLog [line:134] INFO 行号:47   PASS   查找元素[find_element]  用时:0.010s  
20191202_09_40_00_841121_13940report.log 2019-12-02 09:40:47  loga.py  writeLog [line:134] INFO 行号:51   PASS   查找元素[find_element]  用时:0.406s  
20191202_09_40_00_841121_13940report.log 2019-12-02 09:40:48  loga.py  writeLog [line:134] INFO 行号:52   PASS   切换到表单[frame]  用时:0.295s  
20191202_09_40_00_841121_13940report.log 2019-12-02 09:40:49  loga.py  writeLog [line:134] INFO 行号:55   PASS   查找元素[find_element]  用时:0.000s  
20191202_09_40_00_841121_13940report.log 2019-12-02 09:40:50  loga.py  writeLog [line:134] INFO 行号:55   PASS   左键单击[click]  用时:0.293s  
20191202_09_40_00_841121_13940report.log 2019-12-02 09:40:51  loga.py  writeLog [line:134] INFO 行号:62   PASS   查找元素[find_element]  用时:0.015s  
20191202_09_40_00_841121_13940report.log 2019-12-02 09:40:51  loga.py  writeLog [line:134] INFO 行号:63   PASS   查找元素[find_element]  用时:0.000s  
20191202_09_40_00_841121_13940report.log 2019-12-02 09:40:52  loga.py  writeLog [line:134] INFO 行号:64   PASS   模拟输入[send_keys]  用时:0.196s  
20191202_09_40_00_841121_13940report.log 2019-12-02 09:40:53  loga.py  writeLog [line:134] INFO 行号:70   PASS   查找元素[find_element]  用时:0.000s  
20191202_09_40_00_841121_13940report.log 2019-12-02 09:40:53  loga.py  writeLog [line:134] INFO 行号:72   PASS   查找元素[find_element]  用时:0.016s  
20191202_09_40_00_841121_13940report.log 2019-12-02 09:40:54  loga.py  writeLog [line:134] INFO 行号:72   PASS   左键单击[click]  用时:0.062s  
20191202_09_40_00_841121_13940report.log 2019-12-02 09:40:55  loga.py  writeLog [line:134] INFO 行号:77   PASS   查找元素[find_element]  用时:0.015s  
20191202_09_40_00_841121_13940report.log 2019-12-02 09:40:55  loga.py  writeLog [line:134] INFO 行号:79   PASS   查找元素[find_element]  用时:0.000s  
20191202_09_40_00_841121_13940report.log 2019-12-02 09:40:56  loga.py  writeLog [line:134] INFO 行号:79   PASS   左键单击[click]  用时:0.068s  
20191202_09_40_00_841121_13940report.log 2019-12-02 09:40:57  loga.py  writeLog [line:134] INFO 行号:85   PASS   查找元素[find_element]  用时:0.015s  
20191202_09_40_00_841121_13940report.log 2019-12-02 09:40:58  loga.py  writeLog [line:134] INFO 行号:87   PASS   查找元素[find_element]  用时:0.015s  
20191202_09_40_00_841121_13940report.log 2019-12-02 09:40:58  loga.py  writeLog [line:134] INFO 行号:87   PASS   左键单击[click]  用时:0.053s  
20191202_09_40_00_841121_13940report.log 2019-12-02 09:40:59  loga.py  writeLog [line:134] INFO 行号:92   PASS   查找元素[find_element]  用时:0.000s  
20191202_09_40_00_841121_13940report.log 2019-12-02 09:41:00  loga.py  writeLog [line:134] INFO 行号:94   PASS   查找元素[find_element]  用时:0.000s  
20191202_09_40_00_841121_13940report.log 2019-12-02 09:41:00  loga.py  writeLog [line:134] INFO 行号:94   PASS   左键单击[click]  用时:0.099s  
20191202_09_40_00_841121_13940report.log 2019-12-02 09:41:01  loga.py  writeLog [line:134] INFO 行号:100  PASS   查找元素[find_element]  用时:0.000s  
20191202_09_40_00_841121_13940report.log 2019-12-02 09:41:02  loga.py  writeLog [line:134] INFO 行号:102  PASS   查找元素[find_element]  用时:0.000s  
20191202_09_40_00_841121_13940report.log 2019-12-02 09:41:02  loga.py  writeLog [line:134] INFO 行号:102  PASS   左键单击[click]  用时:0.088s  
20191202_09_40_00_841121_13940report.log 2019-12-02 09:41:03  loga.py  writeLog [line:134] INFO 行号:107  PASS   查找元素[find_element]  用时:0.015s  
20191202_09_40_00_841121_13940report.log 2019-12-02 09:41:04  loga.py  writeLog [line:134] INFO 行号:109  PASS   查找元素[find_element]  用时:0.000s  
20191202_09_40_00_841121_13940report.log 2019-12-02 09:41:05  loga.py  writeLog [line:134] INFO 行号:109  PASS   左键单击[click]  用时:0.079s  
20191202_09_40_00_841121_13940report.log 2019-12-02 09:41:06  loga.py  writeLog [line:134] INFO 行号:114  PASS   查找元素[find_element]  用时:0.015s  
20191202_09_40_00_841121_13940report.log 2019-12-02 09:41:06  loga.py  writeLog [line:134] INFO 行号:115  PASS   查找元素[find_element]  用时:0.016s  
20191202_09_40_00_841121_13940report.log 2019-12-02 09:41:07  loga.py  writeLog [line:134] INFO 行号:115  PASS   左键单击[click]  用时:0.104s  
20191202_09_40_00_841121_13940report.log 2019-12-02 09:41:08  loga.py  writeLog [line:134] INFO 行号:120  PASS   查找元素[find_element]  用时:0.033s  
20191202_09_40_00_841121_13940report.log 2019-12-02 09:41:08  loga.py  writeLog [line:134] INFO 行号:121  PASS   查找元素[find_element]  用时:0.006s  
20191202_09_40_00_841121_13940report.log 2019-12-02 09:41:09  loga.py  writeLog [line:134] INFO 行号:121  PASS   左键单击[click]  用时:0.086s  
20191202_09_40_00_841121_13940report.log 2019-12-02 09:41:10  loga.py  writeLog [line:134] INFO 行号:123  TRUE   断言：包含[assertIn] 用时:0.000s TRUE.
20191202_09_40_00_841121_13940report.log 2019-12-02 09:41:10  loga.py  writeLog [line:134] INFO 行号:126  PASS   查找元素[find_element]  用时:0.016s  
20191202_09_40_00_841121_13940report.log 2019-12-02 09:41:10  loga.py  writeLog [line:134] INFO 行号:126  PASS   左键单击[click]  用时:0.081s  
20191202_09_40_00_841121_13940report.log 2019-12-02 09:41:12  loga.py  writeLog [line:134] INFO 行号:128  PASS   查找元素[find_element]  用时:0.000s  
20191202_09_40_00_841121_13940report.log 2019-12-02 09:41:13  loga.py  writeLog [line:134] INFO 行号:128  PASS   左键单击[click]  用时:0.075s  
20191202_09_40_00_841121_13940report.log 2019-12-02 09:41:14  loga.py  putSystemLog [line:74] INFO 脚本运行完毕...
20191202_09_40_00_841121_13940report.log 2019-12-02 09:41:14  loga.py  putSystemLog [line:74] INFO 开始运行脚本<class 'script.testCase.U8EX项目.公共.U8EX登出.EasyCase'>
20191202_09_40_00_841121_13940report.log 2019-12-02 09:41:14  loga.py  writeLog [line:134] INFO 行号:24   PASS   刷新页面[refresh]  用时:0.027s  
20191202_09_40_00_841121_13940report.log 2019-12-02 09:41:16  loga.py  writeLog [line:134] INFO 行号:26   PASS   查找元素[find_element]  用时:0.021s  
20191202_09_40_00_841121_13940report.log 2019-12-02 09:41:17  loga.py  writeLog [line:134] INFO 行号:26   PASS   左键单击[click]  用时:0.057s  
20191202_09_40_00_841121_13940report.log 2019-12-02 09:41:18  loga.py  writeLog [line:134] INFO 行号:27   PASS   查找元素[find_element]  用时:0.011s  
20191202_09_40_00_841121_13940report.log 2019-12-02 09:41:19  loga.py  writeLog [line:134] INFO 行号:27   PASS   左键单击[click]  用时:0.496s  
20191202_09_40_00_841121_13940report.log 2019-12-02 09:41:20  loga.py  putSystemLog [line:74] INFO 脚本运行完毕...
20191202_09_40_00_841121_13940report.log 2019-12-02 09:41:20  loga.py  writeLog [line:134] INFO 行号:0    PASS   关闭浏览器[quit]  用时:0.308s  
20191202_09_40_00_841121_13940report.log 2019-12-02 09:41:23  loga.py  putSystemLog [line:74] INFO 场景<1>结束.用时:82.648s.
20191202_09_40_00_841121_13940report.log 2019-12-02 09:41:23  loga.py  putSystemLog [line:74] INFO 场景统计结果：PASS: 76(100.00%),FAIL:  0(0.00%),ERROR:  0(0.00%),TRUE:  1,FALSE:  0

20191202_09_40_00_841121_13940report.log 2019-12-02 09:41:23  loga.py  putSystemLog [line:74] INFO ----------------------------------------
20191202_09_40_00_841121_13940report.log 2019-12-02 09:41:23  loga.py  putSystemLog [line:74] INFO End.
20191202_09_40_00_841121_13940report.log 2019-12-02 09:41:23  loga.py  putSystemLog [line:74] INFO 测试方案统计结果:
                    场景<1>:PASS: 76(100.00%),FAIL:  0(0.00%),ERROR:  0(0.00%),TRUE:  1,FALSE:  0
                    总   计:PASS: 76(100.00%),FAIL:  0(0.00%),ERROR:  0(0.00%),TRUE:  1,FALSE:  0

