20191202_14_33_58_509915_6664report.log 2019-12-02 14:33:58  loga.py  putSystemLog [line:74] INFO Start.
20191202_14_33_58_509915_6664report.log 2019-12-02 14:33:58  loga.py  putSystemLog [line:74] INFO 场景<1>开始.
20191202_14_33_58_509915_6664report.log 2019-12-02 14:34:02  loga.py  writeLog [line:134] INFO 行号:0    PASS   最大化浏览器窗口[maximize_window]  用时:1.130s  
20191202_14_33_58_509915_6664report.log 2019-12-02 14:34:03  loga.py  putSystemLog [line:74] INFO chrome浏览器启动成功.
20191202_14_33_58_509915_6664report.log 2019-12-02 14:34:03  loga.py  putSystemLog [line:74] INFO 开始加载脚本...
20191202_14_33_58_509915_6664report.log 2019-12-02 14:34:03  loga.py  putSystemLog [line:74] INFO 脚本<1>：U8EX登录 加载成功.脚本路径：script/testCase/U8EX项目/公共/U8EX登录
20191202_14_33_58_509915_6664report.log 2019-12-02 14:34:03  loga.py  putSystemLog [line:74] INFO 脚本<2>：资产负债表 加载成功.脚本路径：script/testCase/Y3me项目/数字化建模/财务报表/资产负债表
20191202_14_33_58_509915_6664report.log 2019-12-02 14:34:03  loga.py  putSystemLog [line:74] INFO 脚本<3>：U8EX登出 加载成功.脚本路径：script/testCase/U8EX项目/公共/U8EX登出
20191202_14_33_58_509915_6664report.log 2019-12-02 14:34:03  loga.py  putSystemLog [line:74] INFO 脚本加载完成...
20191202_14_33_58_509915_6664report.log 2019-12-02 14:34:03  loga.py  putSystemLog [line:74] INFO 开始运行脚本<class 'script.testCase.U8EX项目.公共.U8EX登录.EasyCase'>
20191202_14_33_58_509915_6664report.log 2019-12-02 14:34:04  loga.py  writeLog [line:134] INFO 行号:27   PASS   访问页面[get]  用时:0.959s  
20191202_14_33_58_509915_6664report.log 2019-12-02 14:34:05  loga.py  writeLog [line:134] INFO 行号:29   PASS   查找元素[find_element]  用时:0.011s  
20191202_14_33_58_509915_6664report.log 2019-12-02 14:34:05  loga.py  writeLog [line:134] INFO 行号:30   PASS   查找元素[find_element]  用时:0.009s  
20191202_14_33_58_509915_6664report.log 2019-12-02 14:34:06  loga.py  writeLog [line:134] INFO 行号:30   PASS   左键单击[click]  用时:0.047s  
20191202_14_33_58_509915_6664report.log 2019-12-02 14:34:07  loga.py  writeLog [line:134] INFO 行号:34   PASS   查找元素[find_element]  用时:0.009s  
20191202_14_33_58_509915_6664report.log 2019-12-02 14:34:07  loga.py  writeLog [line:134] INFO 行号:35   PASS   查找元素[find_element]  用时:0.009s  
20191202_14_33_58_509915_6664report.log 2019-12-02 14:34:08  loga.py  writeLog [line:134] INFO 行号:36   PASS   切换到表单[frame]  用时:0.015s  
20191202_14_33_58_509915_6664report.log 2019-12-02 14:34:10  loga.py  writeLog [line:134] INFO 行号:39   PASS   查找元素[find_element]  用时:0.011s  
20191202_14_33_58_509915_6664report.log 2019-12-02 14:34:10  loga.py  writeLog [line:134] INFO 行号:40   PASS   查找元素[find_element]  用时:0.006s  
20191202_14_33_58_509915_6664report.log 2019-12-02 14:34:11  loga.py  writeLog [line:134] INFO 行号:40   PASS   清除文本[clear]  用时:0.016s  
20191202_14_33_58_509915_6664report.log 2019-12-02 14:34:12  loga.py  writeLog [line:134] INFO 行号:41   PASS   查找元素[find_element]  用时:0.006s  
20191202_14_33_58_509915_6664report.log 2019-12-02 14:34:12  loga.py  writeLog [line:134] INFO 行号:41   PASS   模拟输入[send_keys]  用时:0.107s  
20191202_14_33_58_509915_6664report.log 2019-12-02 14:34:14  loga.py  writeLog [line:134] INFO 行号:42   PASS   查找元素[find_element]  用时:0.010s  
20191202_14_33_58_509915_6664report.log 2019-12-02 14:34:14  loga.py  writeLog [line:134] INFO 行号:42   PASS   清除文本[clear]  用时:0.017s  
20191202_14_33_58_509915_6664report.log 2019-12-02 14:34:15  loga.py  writeLog [line:134] INFO 行号:43   PASS   查找元素[find_element]  用时:0.007s  
20191202_14_33_58_509915_6664report.log 2019-12-02 14:34:16  loga.py  writeLog [line:134] INFO 行号:43   PASS   模拟输入[send_keys]  用时:0.120s  
20191202_14_33_58_509915_6664report.log 2019-12-02 14:34:17  loga.py  writeLog [line:134] INFO 行号:45   PASS   查找元素[find_element]  用时:0.030s  
20191202_14_33_58_509915_6664report.log 2019-12-02 14:34:17  loga.py  writeLog [line:134] INFO 行号:46   PASS   查找元素[find_element]  用时:0.006s  
20191202_14_33_58_509915_6664report.log 2019-12-02 14:34:18  loga.py  writeLog [line:134] INFO 行号:46   PASS   左键单击[click]  用时:0.132s  
20191202_14_33_58_509915_6664report.log 2019-12-02 14:34:19  loga.py  writeLog [line:134] INFO 行号:52   PASS   查找元素[find_element]  用时:0.013s  
20191202_14_33_58_509915_6664report.log 2019-12-02 14:34:19  loga.py  writeLog [line:134] INFO 行号:53   PASS   查找元素[find_element]  用时:0.006s  
20191202_14_33_58_509915_6664report.log 2019-12-02 14:34:20  loga.py  writeLog [line:134] INFO 行号:53   PASS   左键单击[click]  用时:0.111s  
20191202_14_33_58_509915_6664report.log 2019-12-02 14:34:21  loga.py  writeLog [line:134] INFO 行号:54   PASS   查找元素[find_element]  用时:0.009s  
20191202_14_33_58_509915_6664report.log 2019-12-02 14:34:22  loga.py  writeLog [line:134] INFO 行号:54   PASS   左键单击[click]  用时:0.091s  
20191202_14_33_58_509915_6664report.log 2019-12-02 14:34:23  loga.py  writeLog [line:134] INFO 行号:56   PASS   查找元素[find_element]  用时:0.009s  
20191202_14_33_58_509915_6664report.log 2019-12-02 14:34:24  loga.py  writeLog [line:134] INFO 行号:56   PASS   左键单击[click]  用时:0.459s  
20191202_14_33_58_509915_6664report.log 2019-12-02 14:34:25  loga.py  putSystemLog [line:74] INFO 脚本运行完毕...
20191202_14_33_58_509915_6664report.log 2019-12-02 14:34:25  loga.py  putSystemLog [line:74] INFO 开始运行脚本<class 'script.testCase.Y3me项目.数字化建模.财务报表.资产负债表.EasyCase'>
20191202_14_33_58_509915_6664report.log 2019-12-02 14:34:25  loga.py  writeLog [line:134] INFO 行号:24   PASS   刷新页面[refresh]  用时:0.020s  
20191202_14_33_58_509915_6664report.log 2019-12-02 14:34:26  loga.py  writeLog [line:134] INFO 行号:26   PASS   查找元素[find_element]  用时:0.020s  
20191202_14_33_58_509915_6664report.log 2019-12-02 14:34:26  loga.py  writeLog [line:134] INFO 行号:26   PASS   左键单击[click]  用时:0.067s  
20191202_14_33_58_509915_6664report.log 2019-12-02 14:34:28  loga.py  writeLog [line:134] INFO 行号:29   PASS   查找元素[find_element]  用时:0.027s  
20191202_14_33_58_509915_6664report.log 2019-12-02 14:34:29  loga.py  writeLog [line:134] INFO 行号:29   PASS   左键单击[click]  用时:0.098s  
20191202_14_33_58_509915_6664report.log 2019-12-02 14:34:31  loga.py  writeLog [line:134] INFO 行号:32   PASS   查找元素[find_element]  用时:0.013s  
20191202_14_33_58_509915_6664report.log 2019-12-02 14:34:33  loga.py  writeLog [line:134] INFO 行号:39   PASS   查找元素[find_element]  用时:0.025s  
20191202_14_33_58_509915_6664report.log 2019-12-02 14:34:38  loga.py  writeLog [line:134] INFO 行号:46   PASS   查找元素[find_element]  用时:0.346s  
20191202_14_33_58_509915_6664report.log 2019-12-02 14:34:41  loga.py  writeLog [line:134] INFO 行号:50   PASS   查找元素[find_element]  用时:0.009s  
20191202_14_33_58_509915_6664report.log 2019-12-02 14:34:41  loga.py  writeLog [line:134] INFO 行号:51   PASS   切换到表单[frame]  用时:0.023s  
20191202_14_33_58_509915_6664report.log 2019-12-02 14:34:42  loga.py  writeLog [line:134] INFO 行号:55   PASS   查找元素[find_element]  用时:0.024s  
20191202_14_33_58_509915_6664report.log 2019-12-02 14:34:43  loga.py  writeLog [line:134] INFO 行号:57   PASS   查找元素[find_element]  用时:0.007s  
20191202_14_33_58_509915_6664report.log 2019-12-02 14:34:44  loga.py  writeLog [line:134] INFO 行号:57   PASS   左键单击[click]  用时:0.111s  
20191202_14_33_58_509915_6664report.log 2019-12-02 14:34:45  loga.py  writeLog [line:134] INFO 行号:61   PASS   查找元素[find_element]  用时:0.010s  
20191202_14_33_58_509915_6664report.log 2019-12-02 14:34:45  loga.py  writeLog [line:134] INFO 行号:62   PASS   查找元素[find_element]  用时:0.006s  
20191202_14_33_58_509915_6664report.log 2019-12-02 14:34:46  loga.py  writeLog [line:134] INFO 行号:62   PASS   左键单击[click]  用时:0.101s  
20191202_14_33_58_509915_6664report.log 2019-12-02 14:34:47  loga.py  writeLog [line:134] INFO 行号:67   PASS   查找元素[find_element]  用时:0.024s  
20191202_14_33_58_509915_6664report.log 2019-12-02 14:34:47  loga.py  writeLog [line:134] INFO 行号:69   PASS   查找元素[find_element]  用时:0.006s  
20191202_14_33_58_509915_6664report.log 2019-12-02 14:34:48  loga.py  writeLog [line:134] INFO 行号:69   PASS   左键单击[click]  用时:0.101s  
20191202_14_33_58_509915_6664report.log 2019-12-02 14:34:49  loga.py  writeLog [line:134] INFO 行号:73   PASS   查找元素[find_element]  用时:0.016s  
20191202_14_33_58_509915_6664report.log 2019-12-02 14:34:49  loga.py  writeLog [line:134] INFO 行号:74   PASS   查找元素[find_element]  用时:0.007s  
20191202_14_33_58_509915_6664report.log 2019-12-02 14:34:50  loga.py  writeLog [line:134] INFO 行号:74   PASS   左键单击[click]  用时:0.105s  
20191202_14_33_58_509915_6664report.log 2019-12-02 14:34:51  loga.py  writeLog [line:134] INFO 行号:78   PASS   查找元素[find_element]  用时:0.025s  
20191202_14_33_58_509915_6664report.log 2019-12-02 14:34:52  loga.py  writeLog [line:134] INFO 行号:79   PASS   查找元素[find_element]  用时:0.014s  
20191202_14_33_58_509915_6664report.log 2019-12-02 14:34:52  loga.py  writeLog [line:134] INFO 行号:80   PASS   执行JS代码[execute_script]  用时:0.371s  
20191202_14_33_58_509915_6664report.log 2019-12-02 14:34:54  loga.py  writeLog [line:134] INFO 行号:83   PASS   查找元素[find_element]  用时:0.032s  
20191202_14_33_58_509915_6664report.log 2019-12-02 14:34:54  loga.py  writeLog [line:134] INFO 行号:83   PASS   左键单击[click]  用时:0.111s  
20191202_14_33_58_509915_6664report.log 2019-12-02 14:34:56  loga.py  writeLog [line:134] INFO 行号:85   PASS   查找元素[find_element]  用时:0.058s  
20191202_14_33_58_509915_6664report.log 2019-12-02 14:34:57  loga.py  writeLog [line:134] INFO 行号:85   PASS   左键单击[click]  用时:0.085s  
20191202_14_33_58_509915_6664report.log 2019-12-02 14:34:58  loga.py  putSystemLog [line:74] INFO 脚本运行完毕...
20191202_14_33_58_509915_6664report.log 2019-12-02 14:34:58  loga.py  putSystemLog [line:74] INFO 开始运行脚本<class 'script.testCase.U8EX项目.公共.U8EX登出.EasyCase'>
20191202_14_33_58_509915_6664report.log 2019-12-02 14:34:58  loga.py  writeLog [line:134] INFO 行号:24   PASS   刷新页面[refresh]  用时:0.019s  
20191202_14_33_58_509915_6664report.log 2019-12-02 14:35:00  loga.py  writeLog [line:134] INFO 行号:26   PASS   查找元素[find_element]  用时:0.019s  
20191202_14_33_58_509915_6664report.log 2019-12-02 14:35:00  loga.py  writeLog [line:134] INFO 行号:26   PASS   左键单击[click]  用时:0.040s  
20191202_14_33_58_509915_6664report.log 2019-12-02 14:35:01  loga.py  writeLog [line:134] INFO 行号:27   PASS   查找元素[find_element]  用时:0.017s  
20191202_14_33_58_509915_6664report.log 2019-12-02 14:35:02  loga.py  writeLog [line:134] INFO 行号:27   PASS   左键单击[click]  用时:0.526s  
20191202_14_33_58_509915_6664report.log 2019-12-02 14:35:03  loga.py  putSystemLog [line:74] INFO 脚本运行完毕...
20191202_14_33_58_509915_6664report.log 2019-12-02 14:35:04  loga.py  writeLog [line:134] INFO 行号:0    PASS   关闭浏览器[quit]  用时:0.294s  
20191202_14_33_58_509915_6664report.log 2019-12-02 14:35:07  loga.py  putSystemLog [line:74] INFO 场景<1>结束.用时:68.689s.
20191202_14_33_58_509915_6664report.log 2019-12-02 14:35:07  loga.py  putSystemLog [line:74] INFO 场景统计结果：PASS: 62(100.00%),FAIL:  0(0.00%),ERROR:  0(0.00%),TRUE:  0,FALSE:  0

20191202_14_33_58_509915_6664report.log 2019-12-02 14:35:07  loga.py  putSystemLog [line:74] INFO ----------------------------------------
20191202_14_33_58_509915_6664report.log 2019-12-02 14:35:07  loga.py  putSystemLog [line:74] INFO End.
20191202_14_33_58_509915_6664report.log 2019-12-02 14:35:07  loga.py  putSystemLog [line:74] INFO 测试方案统计结果:
                    场景<1>:PASS: 62(100.00%),FAIL:  0(0.00%),ERROR:  0(0.00%),TRUE:  0,FALSE:  0
                    总   计:PASS: 62(100.00%),FAIL:  0(0.00%),ERROR:  0(0.00%),TRUE:  0,FALSE:  0

