20191202_18_10_31_304690_10620report.log 2019-12-02 18:10:31  loga.py  putSystemLog [line:74] INFO Start.
20191202_18_10_31_304690_10620report.log 2019-12-02 18:10:31  loga.py  putSystemLog [line:74] INFO 场景<1>开始.
20191202_18_10_31_304690_10620report.log 2019-12-02 18:10:35  loga.py  writeLog [line:134] INFO 行号:0    PASS   最大化浏览器窗口[maximize_window]  用时:1.114s  
20191202_18_10_31_304690_10620report.log 2019-12-02 18:10:36  loga.py  putSystemLog [line:74] INFO chrome浏览器启动成功.
20191202_18_10_31_304690_10620report.log 2019-12-02 18:10:36  loga.py  putSystemLog [line:74] INFO 开始加载脚本...
20191202_18_10_31_304690_10620report.log 2019-12-02 18:10:36  loga.py  putSystemLog [line:74] INFO 脚本<1>：U8EX登录 加载成功.脚本路径：script/testCase/U8EX项目/公共/U8EX登录
20191202_18_10_31_304690_10620report.log 2019-12-02 18:10:36  loga.py  putSystemLog [line:74] INFO 脚本<2>：员工信息 加载成功.脚本路径：script/testCase/Y3me项目/人力资源/员工管理/员工信息
20191202_18_10_31_304690_10620report.log 2019-12-02 18:10:36  loga.py  putSystemLog [line:74] INFO 脚本<3>：劳动合同签订 加载成功.脚本路径：script/testCase/Y3me项目/人力资源/劳动合同/劳动合同签订
20191202_18_10_31_304690_10620report.log 2019-12-02 18:10:36  loga.py  putSystemLog [line:74] INFO 脚本<4>：审批中心_审批合同 加载成功.脚本路径：script/testCase/Y3me项目/人力资源/劳动合同/审批中心_审批合同
20191202_18_10_31_304690_10620report.log 2019-12-02 18:10:36  loga.py  putSystemLog [line:74] INFO 脚本<5>：劳动合同变更 加载成功.脚本路径：script/testCase/Y3me项目/人力资源/劳动合同/劳动合同变更
20191202_18_10_31_304690_10620report.log 2019-12-02 18:10:36  loga.py  putSystemLog [line:74] INFO 脚本<6>：审批中心_审批合同 加载成功.脚本路径：script/testCase/Y3me项目/人力资源/劳动合同/审批中心_审批合同
20191202_18_10_31_304690_10620report.log 2019-12-02 18:10:36  loga.py  putSystemLog [line:74] INFO 脚本<7>：劳动合同续签 加载成功.脚本路径：script/testCase/Y3me项目/人力资源/劳动合同/劳动合同续签
20191202_18_10_31_304690_10620report.log 2019-12-02 18:10:36  loga.py  putSystemLog [line:74] INFO 脚本<8>：审批中心_审批合同 加载成功.脚本路径：script/testCase/Y3me项目/人力资源/劳动合同/审批中心_审批合同
20191202_18_10_31_304690_10620report.log 2019-12-02 18:10:36  loga.py  putSystemLog [line:74] INFO 脚本<9>：U8EX登出 加载成功.脚本路径：script/testCase/U8EX项目/公共/U8EX登出
20191202_18_10_31_304690_10620report.log 2019-12-02 18:10:36  loga.py  putSystemLog [line:74] INFO 脚本加载完成...
20191202_18_10_31_304690_10620report.log 2019-12-02 18:10:36  loga.py  putSystemLog [line:74] INFO 开始运行脚本<class 'script.testCase.U8EX项目.公共.U8EX登录.EasyCase'>
20191202_18_10_31_304690_10620report.log 2019-12-02 18:10:37  loga.py  writeLog [line:134] INFO 行号:27   PASS   访问页面[get]  用时:1.041s  
20191202_18_10_31_304690_10620report.log 2019-12-02 18:10:38  loga.py  writeLog [line:134] INFO 行号:29   PASS   查找元素[find_element]  用时:0.011s  
20191202_18_10_31_304690_10620report.log 2019-12-02 18:10:39  loga.py  writeLog [line:134] INFO 行号:30   PASS   查找元素[find_element]  用时:0.009s  
20191202_18_10_31_304690_10620report.log 2019-12-02 18:10:39  loga.py  writeLog [line:134] INFO 行号:30   PASS   左键单击[click]  用时:0.054s  
