20191202_15_07_56_740846_3480report.log 2019-12-02 15:07:56  loga.py  putSystemLog [line:74] INFO Start.
20191202_15_07_56_740846_3480report.log 2019-12-02 15:07:56  loga.py  putSystemLog [line:74] INFO 场景<1>开始.
20191202_15_07_56_740846_3480report.log 2019-12-02 15:08:00  loga.py  writeLog [line:134] INFO 行号:0    PASS   最大化浏览器窗口[maximize_window]  用时:1.115s  
20191202_15_07_56_740846_3480report.log 2019-12-02 15:08:01  loga.py  putSystemLog [line:74] INFO chrome浏览器启动成功.
20191202_15_07_56_740846_3480report.log 2019-12-02 15:08:01  loga.py  putSystemLog [line:74] INFO 开始加载脚本...
20191202_15_07_56_740846_3480report.log 2019-12-02 15:08:01  loga.py  putSystemLog [line:74] INFO 脚本<1>：U8EX登录 加载成功.脚本路径：script/testCase/U8EX项目/公共/U8EX登录
20191202_15_07_56_740846_3480report.log 2019-12-02 15:08:01  loga.py  putSystemLog [line:74] INFO 脚本<2>：现金流量表 加载成功.脚本路径：script/testCase/Y3me项目/数字化建模/财务报表/现金流量表
20191202_15_07_56_740846_3480report.log 2019-12-02 15:08:01  loga.py  putSystemLog [line:74] INFO 脚本<3>：U8EX登出 加载成功.脚本路径：script/testCase/U8EX项目/公共/U8EX登出
20191202_15_07_56_740846_3480report.log 2019-12-02 15:08:01  loga.py  putSystemLog [line:74] INFO 脚本加载完成...
20191202_15_07_56_740846_3480report.log 2019-12-02 15:08:01  loga.py  putSystemLog [line:74] INFO 开始运行脚本<class 'script.testCase.U8EX项目.公共.U8EX登录.EasyCase'>
20191202_15_07_56_740846_3480report.log 2019-12-02 15:08:02  loga.py  writeLog [line:134] INFO 行号:27   PASS   访问页面[get]  用时:1.406s  
20191202_15_07_56_740846_3480report.log 2019-12-02 15:08:03  loga.py  writeLog [line:134] INFO 行号:29   PASS   查找元素[find_element]  用时:0.013s  
20191202_15_07_56_740846_3480report.log 2019-12-02 15:08:04  loga.py  writeLog [line:134] INFO 行号:30   PASS   查找元素[find_element]  用时:0.007s  
20191202_15_07_56_740846_3480report.log 2019-12-02 15:08:04  loga.py  writeLog [line:134] INFO 行号:30   PASS   左键单击[click]  用时:0.080s  
20191202_15_07_56_740846_3480report.log 2019-12-02 15:08:05  loga.py  writeLog [line:134] INFO 行号:34   PASS   查找元素[find_element]  用时:0.024s  
20191202_15_07_56_740846_3480report.log 2019-12-02 15:08:06  loga.py  writeLog [line:134] INFO 行号:35   PASS   查找元素[find_element]  用时:0.007s  
20191202_15_07_56_740846_3480report.log 2019-12-02 15:08:06  loga.py  writeLog [line:134] INFO 行号:36   PASS   切换到表单[frame]  用时:0.018s  
20191202_15_07_56_740846_3480report.log 2019-12-02 15:08:08  loga.py  writeLog [line:134] INFO 行号:39   PASS   查找元素[find_element]  用时:0.009s  
20191202_15_07_56_740846_3480report.log 2019-12-02 15:08:09  loga.py  writeLog [line:134] INFO 行号:40   PASS   查找元素[find_element]  用时:0.007s  
20191202_15_07_56_740846_3480report.log 2019-12-02 15:08:10  loga.py  writeLog [line:134] INFO 行号:40   PASS   清除文本[clear]  用时:0.018s  
20191202_15_07_56_740846_3480report.log 2019-12-02 15:08:11  loga.py  writeLog [line:134] INFO 行号:41   PASS   查找元素[find_element]  用时:0.007s  
20191202_15_07_56_740846_3480report.log 2019-12-02 15:08:11  loga.py  writeLog [line:134] INFO 行号:41   PASS   模拟输入[send_keys]  用时:0.103s  
20191202_15_07_56_740846_3480report.log 2019-12-02 15:08:12  loga.py  writeLog [line:134] INFO 行号:42   PASS   查找元素[find_element]  用时:0.031s  
20191202_15_07_56_740846_3480report.log 2019-12-02 15:08:13  loga.py  writeLog [line:134] INFO 行号:42   PASS   清除文本[clear]  用时:0.045s  
20191202_15_07_56_740846_3480report.log 2019-12-02 15:08:14  loga.py  writeLog [line:134] INFO 行号:43   PASS   查找元素[find_element]  用时:0.021s  
20191202_15_07_56_740846_3480report.log 2019-12-02 15:08:14  loga.py  writeLog [line:134] INFO 行号:43   PASS   模拟输入[send_keys]  用时:0.105s  
20191202_15_07_56_740846_3480report.log 2019-12-02 15:08:15  loga.py  writeLog [line:134] INFO 行号:45   PASS   查找元素[find_element]  用时:0.030s  
20191202_15_07_56_740846_3480report.log 2019-12-02 15:08:16  loga.py  writeLog [line:134] INFO 行号:46   PASS   查找元素[find_element]  用时:0.011s  
20191202_15_07_56_740846_3480report.log 2019-12-02 15:08:17  loga.py  writeLog [line:134] INFO 行号:46   PASS   左键单击[click]  用时:0.120s  
20191202_15_07_56_740846_3480report.log 2019-12-02 15:08:18  loga.py  writeLog [line:134] INFO 行号:52   PASS   查找元素[find_element]  用时:0.011s  
20191202_15_07_56_740846_3480report.log 2019-12-02 15:08:18  loga.py  writeLog [line:134] INFO 行号:53   PASS   查找元素[find_element]  用时:0.006s  
20191202_15_07_56_740846_3480report.log 2019-12-02 15:08:19  loga.py  writeLog [line:134] INFO 行号:53   PASS   左键单击[click]  用时:0.080s  
20191202_15_07_56_740846_3480report.log 2019-12-02 15:08:20  loga.py  writeLog [line:134] INFO 行号:54   PASS   查找元素[find_element]  用时:0.010s  
20191202_15_07_56_740846_3480report.log 2019-12-02 15:08:20  loga.py  writeLog [line:134] INFO 行号:54   PASS   左键单击[click]  用时:0.100s  
20191202_15_07_56_740846_3480report.log 2019-12-02 15:08:21  loga.py  writeLog [line:134] INFO 行号:56   PASS   查找元素[find_element]  用时:0.016s  
20191202_15_07_56_740846_3480report.log 2019-12-02 15:08:22  loga.py  writeLog [line:134] INFO 行号:56   PASS   左键单击[click]  用时:0.462s  
20191202_15_07_56_740846_3480report.log 2019-12-02 15:08:23  loga.py  putSystemLog [line:74] INFO 脚本运行完毕...
20191202_15_07_56_740846_3480report.log 2019-12-02 15:08:23  loga.py  putSystemLog [line:74] INFO 开始运行脚本<class 'script.testCase.Y3me项目.数字化建模.财务报表.现金流量表.EasyCase'>
20191202_15_07_56_740846_3480report.log 2019-12-02 15:08:23  loga.py  writeLog [line:134] INFO 行号:24   PASS   刷新页面[refresh]  用时:0.015s  
20191202_15_07_56_740846_3480report.log 2019-12-02 15:08:24  loga.py  writeLog [line:134] INFO 行号:26   PASS   查找元素[find_element]  用时:0.020s  
20191202_15_07_56_740846_3480report.log 2019-12-02 15:08:25  loga.py  writeLog [line:134] INFO 行号:26   PASS   左键单击[click]  用时:0.083s  
20191202_15_07_56_740846_3480report.log 2019-12-02 15:08:27  loga.py  writeLog [line:134] INFO 行号:29   PASS   查找元素[find_element]  用时:0.010s  
20191202_15_07_56_740846_3480report.log 2019-12-02 15:08:28  loga.py  writeLog [line:134] INFO 行号:29   PASS   左键单击[click]  用时:0.065s  
20191202_15_07_56_740846_3480report.log 2019-12-02 15:08:30  loga.py  writeLog [line:134] INFO 行号:32   PASS   查找元素[find_element]  用时:0.024s  
20191202_15_07_56_740846_3480report.log 2019-12-02 15:08:32  loga.py  writeLog [line:134] INFO 行号:39   PASS   查找元素[find_element]  用时:0.009s  
20191202_15_07_56_740846_3480report.log 2019-12-02 15:08:37  loga.py  writeLog [line:134] INFO 行号:46   PASS   查找元素[find_element]  用时:0.236s  
20191202_15_07_56_740846_3480report.log 2019-12-02 15:08:40  loga.py  writeLog [line:134] INFO 行号:50   PASS   查找元素[find_element]  用时:0.033s  
20191202_15_07_56_740846_3480report.log 2019-12-02 15:08:40  loga.py  writeLog [line:134] INFO 行号:51   PASS   切换到表单[frame]  用时:0.029s  
20191202_15_07_56_740846_3480report.log 2019-12-02 15:08:41  loga.py  writeLog [line:134] INFO 行号:54   PASS   查找元素[find_element]  用时:0.018s  
20191202_15_07_56_740846_3480report.log 2019-12-02 15:08:42  loga.py  writeLog [line:134] INFO 行号:56   PASS   查找元素[find_element]  用时:0.012s  
20191202_15_07_56_740846_3480report.log 2019-12-02 15:08:42  loga.py  writeLog [line:134] INFO 行号:56   PASS   左键单击[click]  用时:0.133s  
20191202_15_07_56_740846_3480report.log 2019-12-02 15:08:43  loga.py  writeLog [line:134] INFO 行号:60   PASS   查找元素[find_element]  用时:0.022s  
20191202_15_07_56_740846_3480report.log 2019-12-02 15:08:44  loga.py  writeLog [line:134] INFO 行号:61   PASS   查找元素[find_element]  用时:0.006s  
20191202_15_07_56_740846_3480report.log 2019-12-02 15:08:44  loga.py  writeLog [line:134] INFO 行号:61   PASS   左键单击[click]  用时:0.116s  
20191202_15_07_56_740846_3480report.log 2019-12-02 15:08:45  loga.py  writeLog [line:134] INFO 行号:66   PASS   查找元素[find_element]  用时:0.017s  
20191202_15_07_56_740846_3480report.log 2019-12-02 15:08:46  loga.py  writeLog [line:134] INFO 行号:68   PASS   查找元素[find_element]  用时:0.006s  
20191202_15_07_56_740846_3480report.log 2019-12-02 15:08:47  loga.py  writeLog [line:134] INFO 行号:68   PASS   左键单击[click]  用时:0.085s  
20191202_15_07_56_740846_3480report.log 2019-12-02 15:08:48  loga.py  writeLog [line:134] INFO 行号:72   PASS   查找元素[find_element]  用时:0.034s  
20191202_15_07_56_740846_3480report.log 2019-12-02 15:08:48  loga.py  writeLog [line:134] INFO 行号:73   PASS   查找元素[find_element]  用时:0.007s  
20191202_15_07_56_740846_3480report.log 2019-12-02 15:08:49  loga.py  writeLog [line:134] INFO 行号:73   PASS   左键单击[click]  用时:0.090s  
20191202_15_07_56_740846_3480report.log 2019-12-02 15:08:50  loga.py  writeLog [line:134] INFO 行号:75   PASS   查找元素[find_element]  用时:0.009s  
20191202_15_07_56_740846_3480report.log 2019-12-02 15:08:50  loga.py  writeLog [line:134] INFO 行号:76   PASS   执行JS代码[execute_script]  用时:0.221s  
20191202_15_07_56_740846_3480report.log 2019-12-02 15:08:51  loga.py  writeLog [line:134] INFO 行号:80   PASS   查找元素[find_element]  用时:0.009s  
20191202_15_07_56_740846_3480report.log 2019-12-02 15:08:52  loga.py  writeLog [line:134] INFO 行号:80   PASS   左键单击[click]  用时:0.151s  
20191202_15_07_56_740846_3480report.log 2019-12-02 15:08:56  loga.py  writeLog [line:134] INFO 行号:82   PASS   查找元素[find_element]  用时:0.017s  
20191202_15_07_56_740846_3480report.log 2019-12-02 15:08:57  loga.py  writeLog [line:134] INFO 行号:82   PASS   左键单击[click]  用时:0.068s  
20191202_15_07_56_740846_3480report.log 2019-12-02 15:09:01  loga.py  putSystemLog [line:74] INFO 脚本运行完毕...
20191202_15_07_56_740846_3480report.log 2019-12-02 15:09:01  loga.py  putSystemLog [line:74] INFO 开始运行脚本<class 'script.testCase.U8EX项目.公共.U8EX登出.EasyCase'>
20191202_15_07_56_740846_3480report.log 2019-12-02 15:09:01  loga.py  writeLog [line:134] INFO 行号:24   PASS   刷新页面[refresh]  用时:0.028s  
20191202_15_07_56_740846_3480report.log 2019-12-02 15:09:03  loga.py  writeLog [line:134] INFO 行号:26   PASS   查找元素[find_element]  用时:0.014s  
20191202_15_07_56_740846_3480report.log 2019-12-02 15:09:08  loga.py  writeLog [line:134] INFO 行号:26   PASS   左键单击[click]  用时:5.052s  
20191202_15_07_56_740846_3480report.log 2019-12-02 15:09:09  loga.py  writeLog [line:134] INFO 行号:27   PASS   查找元素[find_element]  用时:0.010s  
20191202_15_07_56_740846_3480report.log 2019-12-02 15:09:15  loga.py  writeLog [line:134] INFO 行号:27   PASS   左键单击[click]  用时:5.513s  
20191202_15_07_56_740846_3480report.log 2019-12-02 15:09:16  loga.py  putSystemLog [line:74] INFO 脚本运行完毕...
20191202_15_07_56_740846_3480report.log 2019-12-02 15:09:17  loga.py  writeLog [line:134] INFO 行号:0    PASS   关闭浏览器[quit]  用时:0.235s  
20191202_15_07_56_740846_3480report.log 2019-12-02 15:09:20  loga.py  putSystemLog [line:74] INFO 场景<1>结束.用时:83.293s.
20191202_15_07_56_740846_3480report.log 2019-12-02 15:09:20  loga.py  putSystemLog [line:74] INFO 场景统计结果：PASS: 61(100.00%),FAIL:  0(0.00%),ERROR:  0(0.00%),TRUE:  0,FALSE:  0

20191202_15_07_56_740846_3480report.log 2019-12-02 15:09:20  loga.py  putSystemLog [line:74] INFO ----------------------------------------
20191202_15_07_56_740846_3480report.log 2019-12-02 15:09:20  loga.py  putSystemLog [line:74] INFO End.
20191202_15_07_56_740846_3480report.log 2019-12-02 15:09:20  loga.py  putSystemLog [line:74] INFO 测试方案统计结果:
                    场景<1>:PASS: 61(100.00%),FAIL:  0(0.00%),ERROR:  0(0.00%),TRUE:  0,FALSE:  0
                    总   计:PASS: 61(100.00%),FAIL:  0(0.00%),ERROR:  0(0.00%),TRUE:  0,FALSE:  0

