20191202_13_38_12_170269_1976report.log 2019-12-02 13:38:12  loga.py  putSystemLog [line:74] INFO Start.
20191202_13_38_12_170269_1976report.log 2019-12-02 13:38:12  loga.py  putSystemLog [line:74] INFO 场景<1>开始.
20191202_13_38_12_170269_1976report.log 2019-12-02 13:38:15  loga.py  writeLog [line:134] INFO 行号:0    PASS   最大化浏览器窗口[maximize_window]  用时:1.114s  
20191202_13_38_12_170269_1976report.log 2019-12-02 13:38:16  loga.py  putSystemLog [line:74] INFO chrome浏览器启动成功.
20191202_13_38_12_170269_1976report.log 2019-12-02 13:38:16  loga.py  putSystemLog [line:74] INFO 开始加载脚本...
20191202_13_38_12_170269_1976report.log 2019-12-02 13:38:16  loga.py  putSystemLog [line:74] INFO 脚本<1>：U8EX登录 加载成功.脚本路径：script/testCase/U8EX项目/公共/U8EX登录
20191202_13_38_12_170269_1976report.log 2019-12-02 13:38:16  loga.py  putSystemLog [line:74] INFO 脚本<2>：报表数据审核 加载成功.脚本路径：script/testCase/Y3me项目/数字化建模/财务报表/报表数据审核
20191202_13_38_12_170269_1976report.log 2019-12-02 13:38:16  loga.py  putSystemLog [line:74] INFO 脚本<3>：U8EX登出 加载成功.脚本路径：script/testCase/U8EX项目/公共/U8EX登出
20191202_13_38_12_170269_1976report.log 2019-12-02 13:38:16  loga.py  putSystemLog [line:74] INFO 脚本加载完成...
20191202_13_38_12_170269_1976report.log 2019-12-02 13:38:16  loga.py  putSystemLog [line:74] INFO 开始运行脚本<class 'script.testCase.U8EX项目.公共.U8EX登录.EasyCase'>
20191202_13_38_12_170269_1976report.log 2019-12-02 13:38:18  loga.py  writeLog [line:134] INFO 行号:27   PASS   访问页面[get]  用时:1.374s  
20191202_13_38_12_170269_1976report.log 2019-12-02 13:38:19  loga.py  writeLog [line:134] INFO 行号:29   PASS   查找元素[find_element]  用时:0.011s  
20191202_13_38_12_170269_1976report.log 2019-12-02 13:38:19  loga.py  writeLog [line:134] INFO 行号:30   PASS   查找元素[find_element]  用时:0.014s  
20191202_13_38_12_170269_1976report.log 2019-12-02 13:38:20  loga.py  writeLog [line:134] INFO 行号:30   PASS   左键单击[click]  用时:0.085s  
20191202_13_38_12_170269_1976report.log 2019-12-02 13:38:21  loga.py  writeLog [line:134] INFO 行号:34   PASS   查找元素[find_element]  用时:0.010s  
20191202_13_38_12_170269_1976report.log 2019-12-02 13:38:21  loga.py  writeLog [line:134] INFO 行号:35   PASS   查找元素[find_element]  用时:0.013s  
20191202_13_38_12_170269_1976report.log 2019-12-02 13:38:22  loga.py  writeLog [line:134] INFO 行号:36   PASS   切换到表单[frame]  用时:0.042s  
20191202_13_38_12_170269_1976report.log 2019-12-02 13:38:24  loga.py  writeLog [line:134] INFO 行号:39   PASS   查找元素[find_element]  用时:0.033s  
20191202_13_38_12_170269_1976report.log 2019-12-02 13:38:25  loga.py  writeLog [line:134] INFO 行号:40   PASS   查找元素[find_element]  用时:0.009s  
20191202_13_38_12_170269_1976report.log 2019-12-02 13:38:25  loga.py  writeLog [line:134] INFO 行号:40   PASS   清除文本[clear]  用时:0.045s  
20191202_13_38_12_170269_1976report.log 2019-12-02 13:38:26  loga.py  writeLog [line:134] INFO 行号:41   PASS   查找元素[find_element]  用时:0.021s  
20191202_13_38_12_170269_1976report.log 2019-12-02 13:38:27  loga.py  writeLog [line:134] INFO 行号:41   PASS   模拟输入[send_keys]  用时:0.161s  
20191202_13_38_12_170269_1976report.log 2019-12-02 13:38:28  loga.py  writeLog [line:134] INFO 行号:42   PASS   查找元素[find_element]  用时:0.028s  
20191202_13_38_12_170269_1976report.log 2019-12-02 13:38:28  loga.py  writeLog [line:134] INFO 行号:42   PASS   清除文本[clear]  用时:0.032s  
20191202_13_38_12_170269_1976report.log 2019-12-02 13:38:29  loga.py  writeLog [line:134] INFO 行号:43   PASS   查找元素[find_element]  用时:0.023s  
20191202_13_38_12_170269_1976report.log 2019-12-02 13:38:30  loga.py  writeLog [line:134] INFO 行号:43   PASS   模拟输入[send_keys]  用时:0.103s  
20191202_13_38_12_170269_1976report.log 2019-12-02 13:38:31  loga.py  writeLog [line:134] INFO 行号:45   PASS   查找元素[find_element]  用时:0.029s  
20191202_13_38_12_170269_1976report.log 2019-12-02 13:38:32  loga.py  writeLog [line:134] INFO 行号:46   PASS   查找元素[find_element]  用时:0.008s  
20191202_13_38_12_170269_1976report.log 2019-12-02 13:38:32  loga.py  writeLog [line:134] INFO 行号:46   PASS   左键单击[click]  用时:0.079s  
20191202_13_38_12_170269_1976report.log 2019-12-02 13:38:33  loga.py  writeLog [line:134] INFO 行号:52   PASS   查找元素[find_element]  用时:0.032s  
20191202_13_38_12_170269_1976report.log 2019-12-02 13:38:34  loga.py  writeLog [line:134] INFO 行号:53   PASS   查找元素[find_element]  用时:0.012s  
20191202_13_38_12_170269_1976report.log 2019-12-02 13:38:34  loga.py  writeLog [line:134] INFO 行号:53   PASS   左键单击[click]  用时:0.097s  
20191202_13_38_12_170269_1976report.log 2019-12-02 13:38:35  loga.py  writeLog [line:134] INFO 行号:54   PASS   查找元素[find_element]  用时:0.011s  
20191202_13_38_12_170269_1976report.log 2019-12-02 13:38:36  loga.py  writeLog [line:134] INFO 行号:54   PASS   左键单击[click]  用时:0.129s  
20191202_13_38_12_170269_1976report.log 2019-12-02 13:38:37  loga.py  writeLog [line:134] INFO 行号:56   PASS   查找元素[find_element]  用时:0.016s  
20191202_13_38_12_170269_1976report.log 2019-12-02 13:38:38  loga.py  writeLog [line:134] INFO 行号:56   PASS   左键单击[click]  用时:0.480s  
20191202_13_38_12_170269_1976report.log 2019-12-02 13:38:39  loga.py  putSystemLog [line:74] INFO 脚本运行完毕...
20191202_13_38_12_170269_1976report.log 2019-12-02 13:38:39  loga.py  putSystemLog [line:74] INFO 开始运行脚本<class 'script.testCase.Y3me项目.数字化建模.财务报表.报表数据审核.EasyCase'>
20191202_13_38_12_170269_1976report.log 2019-12-02 13:38:39  loga.py  writeLog [line:134] INFO 行号:24   PASS   刷新页面[refresh]  用时:0.019s  
20191202_13_38_12_170269_1976report.log 2019-12-02 13:38:40  loga.py  writeLog [line:134] INFO 行号:26   PASS   查找元素[find_element]  用时:0.021s  
20191202_13_38_12_170269_1976report.log 2019-12-02 13:38:41  loga.py  writeLog [line:134] INFO 行号:26   PASS   左键单击[click]  用时:0.061s  
20191202_13_38_12_170269_1976report.log 2019-12-02 13:38:43  loga.py  writeLog [line:134] INFO 行号:29   PASS   查找元素[find_element]  用时:0.010s  
20191202_13_38_12_170269_1976report.log 2019-12-02 13:38:43  loga.py  writeLog [line:134] INFO 行号:29   PASS   左键单击[click]  用时:0.079s  
20191202_13_38_12_170269_1976report.log 2019-12-02 13:38:45  loga.py  writeLog [line:134] INFO 行号:32   PASS   查找元素[find_element]  用时:0.016s  
20191202_13_38_12_170269_1976report.log 2019-12-02 13:38:48  loga.py  writeLog [line:134] INFO 行号:39   PASS   查找元素[find_element]  用时:0.016s  
20191202_13_38_12_170269_1976report.log 2019-12-02 13:38:51  loga.py  writeLog [line:134] INFO 行号:46   PASS   查找元素[find_element]  用时:0.018s  
20191202_13_38_12_170269_1976report.log 2019-12-02 13:38:53  loga.py  writeLog [line:134] INFO 行号:50   PASS   查找元素[find_element]  用时:0.017s  
20191202_13_38_12_170269_1976report.log 2019-12-02 13:38:53  loga.py  writeLog [line:134] INFO 行号:51   PASS   切换到表单[frame]  用时:0.022s  
20191202_13_38_12_170269_1976report.log 2019-12-02 13:38:56  loga.py  writeLog [line:134] INFO 行号:55   PASS   查找元素[find_element]  用时:1.278s  
20191202_13_38_12_170269_1976report.log 2019-12-02 13:38:56  loga.py  writeLog [line:134] INFO 行号:57   PASS   查找元素[find_element]  用时:0.007s  
20191202_13_38_12_170269_1976report.log 2019-12-02 13:38:57  loga.py  writeLog [line:134] INFO 行号:57   PASS   左键单击[click]  用时:0.110s  
20191202_13_38_12_170269_1976report.log 2019-12-02 13:38:58  loga.py  writeLog [line:134] INFO 行号:60   PASS   查找元素[find_element]  用时:0.033s  
20191202_13_38_12_170269_1976report.log 2019-12-02 13:38:58  loga.py  writeLog [line:134] INFO 行号:62   PASS   查找元素[find_element]  用时:0.006s  
20191202_13_38_12_170269_1976report.log 2019-12-02 13:38:59  loga.py  writeLog [line:134] INFO 行号:62   PASS   左键单击[click]  用时:0.069s  
20191202_13_38_12_170269_1976report.log 2019-12-02 13:39:00  loga.py  writeLog [line:134] INFO 行号:66   PASS   查找元素[find_element]  用时:0.017s  
20191202_13_38_12_170269_1976report.log 2019-12-02 13:39:00  loga.py  writeLog [line:134] INFO 行号:68   PASS   查找元素[find_element]  用时:0.006s  
20191202_13_38_12_170269_1976report.log 2019-12-02 13:39:01  loga.py  writeLog [line:134] INFO 行号:68   PASS   左键单击[click]  用时:0.088s  
20191202_13_38_12_170269_1976report.log 2019-12-02 13:39:02  loga.py  writeLog [line:134] INFO 行号:71   PASS   查找元素[find_element]  用时:0.013s  
20191202_13_38_12_170269_1976report.log 2019-12-02 13:39:03  loga.py  writeLog [line:134] INFO 行号:73   PASS   查找元素[find_element]  用时:0.005s  
20191202_13_38_12_170269_1976report.log 2019-12-02 13:39:03  loga.py  writeLog [line:134] INFO 行号:73   PASS   左键单击[click]  用时:0.075s  
20191202_13_38_12_170269_1976report.log 2019-12-02 13:39:04  loga.py  writeLog [line:134] INFO 行号:77   PASS   查找元素[find_element]  用时:0.034s  
20191202_13_38_12_170269_1976report.log 2019-12-02 13:39:05  loga.py  writeLog [line:134] INFO 行号:79   PASS   查找元素[find_element]  用时:0.007s  
20191202_13_38_12_170269_1976report.log 2019-12-02 13:39:05  loga.py  writeLog [line:134] INFO 行号:79   PASS   左键单击[click]  用时:0.079s  
20191202_13_38_12_170269_1976report.log 2019-12-02 13:39:06  loga.py  writeLog [line:134] INFO 行号:82   PASS   查找元素[find_element]  用时:0.008s  
20191202_13_38_12_170269_1976report.log 2019-12-02 13:39:07  loga.py  writeLog [line:134] INFO 行号:84   PASS   查找元素[find_element]  用时:0.005s  
20191202_13_38_12_170269_1976report.log 2019-12-02 13:39:07  loga.py  writeLog [line:134] INFO 行号:84   PASS   左键单击[click]  用时:0.101s  
20191202_13_38_12_170269_1976report.log 2019-12-02 13:39:08  loga.py  writeLog [line:134] INFO 行号:87   PASS   查找元素[find_element]  用时:0.024s  
20191202_13_38_12_170269_1976report.log 2019-12-02 13:39:09  loga.py  writeLog [line:134] INFO 行号:88   PASS   查找元素[find_element]  用时:0.006s  
20191202_13_38_12_170269_1976report.log 2019-12-02 13:39:10  loga.py  writeLog [line:134] INFO 行号:88   PASS   左键单击[click]  用时:0.096s  
20191202_13_38_12_170269_1976report.log 2019-12-02 13:39:11  loga.py  writeLog [line:134] INFO 行号:93   PASS   查找元素[find_element]  用时:0.032s  
20191202_13_38_12_170269_1976report.log 2019-12-02 13:39:11  loga.py  writeLog [line:134] INFO 行号:93   PASS   左键单击[click]  用时:0.062s  
20191202_13_38_12_170269_1976report.log 2019-12-02 13:39:15  loga.py  writeLog [line:134] INFO 行号:95   PASS   查找元素[find_element]  用时:0.009s  
