20191202_14_43_38_358827_12328report.log 2019-12-02 14:43:38  loga.py  putSystemLog [line:74] INFO Start.
20191202_14_43_38_358827_12328report.log 2019-12-02 14:43:38  loga.py  putSystemLog [line:74] INFO 场景<1>开始.
20191202_14_43_38_358827_12328report.log 2019-12-02 14:43:42  loga.py  writeLog [line:134] INFO 行号:0    PASS   最大化浏览器窗口[maximize_window]  用时:1.128s  
20191202_14_43_38_358827_12328report.log 2019-12-02 14:43:43  loga.py  putSystemLog [line:74] INFO chrome浏览器启动成功.
20191202_14_43_38_358827_12328report.log 2019-12-02 14:43:43  loga.py  putSystemLog [line:74] INFO 开始加载脚本...
20191202_14_43_38_358827_12328report.log 2019-12-02 14:43:43  loga.py  putSystemLog [line:74] INFO 脚本<1>：U8EX登录 加载成功.脚本路径：script/testCase/U8EX项目/公共/U8EX登录
20191202_14_43_38_358827_12328report.log 2019-12-02 14:43:43  loga.py  putSystemLog [line:74] INFO 脚本<2>：利润表 加载成功.脚本路径：script/testCase/Y3me项目/数字化建模/财务报表/利润表
20191202_14_43_38_358827_12328report.log 2019-12-02 14:43:43  loga.py  putSystemLog [line:74] INFO 脚本<3>：U8EX登出 加载成功.脚本路径：script/testCase/U8EX项目/公共/U8EX登出
20191202_14_43_38_358827_12328report.log 2019-12-02 14:43:43  loga.py  putSystemLog [line:74] INFO 脚本加载完成...
20191202_14_43_38_358827_12328report.log 2019-12-02 14:43:43  loga.py  putSystemLog [line:74] INFO 开始运行脚本<class 'script.testCase.U8EX项目.公共.U8EX登录.EasyCase'>
20191202_14_43_38_358827_12328report.log 2019-12-02 14:43:44  loga.py  writeLog [line:134] INFO 行号:27   PASS   访问页面[get]  用时:1.234s  
20191202_14_43_38_358827_12328report.log 2019-12-02 14:43:45  loga.py  writeLog [line:134] INFO 行号:29   PASS   查找元素[find_element]  用时:0.010s  
20191202_14_43_38_358827_12328report.log 2019-12-02 14:43:45  loga.py  writeLog [line:134] INFO 行号:30   PASS   查找元素[find_element]  用时:0.011s  
20191202_14_43_38_358827_12328report.log 2019-12-02 14:43:46  loga.py  writeLog [line:134] INFO 行号:30   PASS   左键单击[click]  用时:0.078s  
20191202_14_43_38_358827_12328report.log 2019-12-02 14:43:47  loga.py  writeLog [line:134] INFO 行号:34   PASS   查找元素[find_element]  用时:0.033s  
20191202_14_43_38_358827_12328report.log 2019-12-02 14:43:47  loga.py  writeLog [line:134] INFO 行号:35   PASS   查找元素[find_element]  用时:0.011s  
20191202_14_43_38_358827_12328report.log 2019-12-02 14:43:48  loga.py  writeLog [line:134] INFO 行号:36   PASS   切换到表单[frame]  用时:0.039s  
20191202_14_43_38_358827_12328report.log 2019-12-02 14:43:50  loga.py  writeLog [line:134] INFO 行号:39   PASS   查找元素[find_element]  用时:0.010s  
20191202_14_43_38_358827_12328report.log 2019-12-02 14:43:51  loga.py  writeLog [line:134] INFO 行号:40   PASS   查找元素[find_element]  用时:0.006s  
20191202_14_43_38_358827_12328report.log 2019-12-02 14:43:51  loga.py  writeLog [line:134] INFO 行号:40   PASS   清除文本[clear]  用时:0.017s  
20191202_14_43_38_358827_12328report.log 2019-12-02 14:43:52  loga.py  writeLog [line:134] INFO 行号:41   PASS   查找元素[find_element]  用时:0.006s  
20191202_14_43_38_358827_12328report.log 2019-12-02 14:43:53  loga.py  writeLog [line:134] INFO 行号:41   PASS   模拟输入[send_keys]  用时:0.099s  
20191202_14_43_38_358827_12328report.log 2019-12-02 14:43:54  loga.py  writeLog [line:134] INFO 行号:42   PASS   查找元素[find_element]  用时:0.009s  
20191202_14_43_38_358827_12328report.log 2019-12-02 14:43:54  loga.py  writeLog [line:134] INFO 行号:42   PASS   清除文本[clear]  用时:0.018s  
20191202_14_43_38_358827_12328report.log 2019-12-02 14:43:55  loga.py  writeLog [line:134] INFO 行号:43   PASS   查找元素[find_element]  用时:0.021s  
20191202_14_43_38_358827_12328report.log 2019-12-02 14:43:56  loga.py  writeLog [line:134] INFO 行号:43   PASS   模拟输入[send_keys]  用时:0.109s  
20191202_14_43_38_358827_12328report.log 2019-12-02 14:43:57  loga.py  writeLog [line:134] INFO 行号:45   PASS   查找元素[find_element]  用时:0.032s  
20191202_14_43_38_358827_12328report.log 2019-12-02 14:43:57  loga.py  writeLog [line:134] INFO 行号:46   PASS   查找元素[find_element]  用时:0.011s  
20191202_14_43_38_358827_12328report.log 2019-12-02 14:43:58  loga.py  writeLog [line:134] INFO 行号:46   PASS   左键单击[click]  用时:0.107s  
20191202_14_43_38_358827_12328report.log 2019-12-02 14:43:59  loga.py  writeLog [line:134] INFO 行号:52   PASS   查找元素[find_element]  用时:0.011s  
20191202_14_43_38_358827_12328report.log 2019-12-02 14:44:00  loga.py  writeLog [line:134] INFO 行号:53   PASS   查找元素[find_element]  用时:0.011s  
20191202_14_43_38_358827_12328report.log 2019-12-02 14:44:00  loga.py  writeLog [line:134] INFO 行号:53   PASS   左键单击[click]  用时:0.095s  
20191202_14_43_38_358827_12328report.log 2019-12-02 14:44:01  loga.py  writeLog [line:134] INFO 行号:54   PASS   查找元素[find_element]  用时:0.093s  
20191202_14_43_38_358827_12328report.log 2019-12-02 14:44:02  loga.py  writeLog [line:134] INFO 行号:54   PASS   左键单击[click]  用时:0.100s  
20191202_14_43_38_358827_12328report.log 2019-12-02 14:44:03  loga.py  writeLog [line:134] INFO 行号:56   PASS   查找元素[find_element]  用时:0.014s  
20191202_14_43_38_358827_12328report.log 2019-12-02 14:44:04  loga.py  writeLog [line:134] INFO 行号:56   PASS   左键单击[click]  用时:0.449s  
20191202_14_43_38_358827_12328report.log 2019-12-02 14:44:05  loga.py  putSystemLog [line:74] INFO 脚本运行完毕...
20191202_14_43_38_358827_12328report.log 2019-12-02 14:44:05  loga.py  putSystemLog [line:74] INFO 开始运行脚本<class 'script.testCase.Y3me项目.数字化建模.财务报表.利润表.EasyCase'>
20191202_14_43_38_358827_12328report.log 2019-12-02 14:44:05  loga.py  writeLog [line:134] INFO 行号:24   PASS   刷新页面[refresh]  用时:0.244s  
20191202_14_43_38_358827_12328report.log 2019-12-02 14:44:06  loga.py  writeLog [line:134] INFO 行号:26   PASS   查找元素[find_element]  用时:0.035s  
20191202_14_43_38_358827_12328report.log 2019-12-02 14:44:07  loga.py  writeLog [line:134] INFO 行号:26   PASS   左键单击[click]  用时:0.074s  
20191202_14_43_38_358827_12328report.log 2019-12-02 14:44:09  loga.py  writeLog [line:134] INFO 行号:29   PASS   查找元素[find_element]  用时:0.018s  
20191202_14_43_38_358827_12328report.log 2019-12-02 14:44:09  loga.py  writeLog [line:134] INFO 行号:29   PASS   左键单击[click]  用时:0.071s  
20191202_14_43_38_358827_12328report.log 2019-12-02 14:44:11  loga.py  writeLog [line:134] INFO 行号:32   PASS   查找元素[find_element]  用时:0.016s  
20191202_14_43_38_358827_12328report.log 2019-12-02 14:44:14  loga.py  writeLog [line:134] INFO 行号:39   PASS   查找元素[find_element]  用时:0.028s  
20191202_14_43_38_358827_12328report.log 2019-12-02 14:44:18  loga.py  writeLog [line:134] INFO 行号:46   PASS   查找元素[find_element]  用时:0.015s  
20191202_14_43_38_358827_12328report.log 2019-12-02 14:44:21  loga.py  writeLog [line:134] INFO 行号:50   PASS   查找元素[find_element]  用时:0.014s  
20191202_14_43_38_358827_12328report.log 2019-12-02 14:44:22  loga.py  writeLog [line:134] INFO 行号:51   PASS   切换到表单[frame]  用时:0.021s  
20191202_14_43_38_358827_12328report.log 2019-12-02 14:44:23  loga.py  writeLog [line:134] INFO 行号:54   PASS   查找元素[find_element]  用时:0.010s  
20191202_14_43_38_358827_12328report.log 2019-12-02 14:44:23  loga.py  writeLog [line:134] INFO 行号:56   PASS   查找元素[find_element]  用时:0.007s  
20191202_14_43_38_358827_12328report.log 2019-12-02 14:44:24  loga.py  writeLog [line:134] INFO 行号:56   PASS   左键单击[click]  用时:0.118s  
20191202_14_43_38_358827_12328report.log 2019-12-02 14:44:25  loga.py  writeLog [line:134] INFO 行号:60   PASS   查找元素[find_element]  用时:0.035s  
20191202_14_43_38_358827_12328report.log 2019-12-02 14:44:25  loga.py  writeLog [line:134] INFO 行号:61   PASS   查找元素[find_element]  用时:0.007s  
20191202_14_43_38_358827_12328report.log 2019-12-02 14:44:26  loga.py  writeLog [line:134] INFO 行号:61   PASS   左键单击[click]  用时:0.092s  
20191202_14_43_38_358827_12328report.log 2019-12-02 14:44:27  loga.py  writeLog [line:134] INFO 行号:66   PASS   查找元素[find_element]  用时:0.025s  
20191202_14_43_38_358827_12328report.log 2019-12-02 14:44:28  loga.py  writeLog [line:134] INFO 行号:68   PASS   查找元素[find_element]  用时:0.007s  
20191202_14_43_38_358827_12328report.log 2019-12-02 14:44:28  loga.py  writeLog [line:134] INFO 行号:68   PASS   左键单击[click]  用时:0.073s  
20191202_14_43_38_358827_12328report.log 2019-12-02 14:44:29  loga.py  writeLog [line:134] INFO 行号:72   PASS   查找元素[find_element]  用时:0.017s  
20191202_14_43_38_358827_12328report.log 2019-12-02 14:44:30  loga.py  writeLog [line:134] INFO 行号:73   PASS   查找元素[find_element]  用时:0.006s  
20191202_14_43_38_358827_12328report.log 2019-12-02 14:44:30  loga.py  writeLog [line:134] INFO 行号:73   PASS   左键单击[click]  用时:0.101s  
20191202_14_43_38_358827_12328report.log 2019-12-02 14:44:31  loga.py  writeLog [line:134] INFO 行号:75   PASS   查找元素[find_element]  用时:0.018s  
20191202_14_43_38_358827_12328report.log 2019-12-02 14:44:32  loga.py  writeLog [line:134] INFO 行号:76   PASS   执行JS代码[execute_script]  用时:0.276s  
20191202_14_43_38_358827_12328report.log 2019-12-02 14:44:33  loga.py  writeLog [line:134] INFO 行号:80   PASS   查找元素[find_element]  用时:0.009s  
20191202_14_43_38_358827_12328report.log 2019-12-02 14:44:34  loga.py  writeLog [line:134] INFO 行号:81   PASS   查找元素[find_element]  用时:0.007s  
20191202_14_43_38_358827_12328report.log 2019-12-02 14:44:34  loga.py  writeLog [line:134] INFO 行号:81   PASS   左键单击[click]  用时:0.059s  
20191202_14_43_38_358827_12328report.log 2019-12-02 14:44:36  loga.py  writeLog [line:134] INFO 行号:83   PASS   查找元素[find_element]  用时:0.016s  
20191202_14_43_38_358827_12328report.log 2019-12-02 14:44:37  loga.py  writeLog [line:134] INFO 行号:83   PASS   左键单击[click]  用时:0.069s  
20191202_14_43_38_358827_12328report.log 2019-12-02 14:44:38  loga.py  putSystemLog [line:74] INFO 脚本运行完毕...
20191202_14_43_38_358827_12328report.log 2019-12-02 14:44:38  loga.py  putSystemLog [line:74] INFO 开始运行脚本<class 'script.testCase.U8EX项目.公共.U8EX登出.EasyCase'>
20191202_14_43_38_358827_12328report.log 2019-12-02 14:44:38  loga.py  writeLog [line:134] INFO 行号:24   PASS   刷新页面[refresh]  用时:0.037s  
20191202_14_43_38_358827_12328report.log 2019-12-02 14:44:40  loga.py  writeLog [line:134] INFO 行号:26   PASS   查找元素[find_element]  用时:0.029s  
20191202_14_43_38_358827_12328report.log 2019-12-02 14:44:40  loga.py  writeLog [line:134] INFO 行号:26   PASS   左键单击[click]  用时:0.062s  
20191202_14_43_38_358827_12328report.log 2019-12-02 14:44:42  loga.py  writeLog [line:134] INFO 行号:27   PASS   查找元素[find_element]  用时:0.037s  
20191202_14_43_38_358827_12328report.log 2019-12-02 14:44:43  loga.py  writeLog [line:134] INFO 行号:27   PASS   左键单击[click]  用时:0.531s  
20191202_14_43_38_358827_12328report.log 2019-12-02 14:44:44  loga.py  putSystemLog [line:74] INFO 脚本运行完毕...
20191202_14_43_38_358827_12328report.log 2019-12-02 14:44:44  loga.py  writeLog [line:134] INFO 行号:0    PASS   关闭浏览器[quit]  用时:0.267s  
20191202_14_43_38_358827_12328report.log 2019-12-02 14:44:47  loga.py  putSystemLog [line:74] INFO 场景<1>结束.用时:68.958s.
20191202_14_43_38_358827_12328report.log 2019-12-02 14:44:47  loga.py  putSystemLog [line:74] INFO 场景统计结果：PASS: 62(100.00%),FAIL:  0(0.00%),ERROR:  0(0.00%),TRUE:  0,FALSE:  0

20191202_14_43_38_358827_12328report.log 2019-12-02 14:44:47  loga.py  putSystemLog [line:74] INFO ----------------------------------------
20191202_14_43_38_358827_12328report.log 2019-12-02 14:44:47  loga.py  putSystemLog [line:74] INFO End.
20191202_14_43_38_358827_12328report.log 2019-12-02 14:44:47  loga.py  putSystemLog [line:74] INFO 测试方案统计结果:
                    场景<1>:PASS: 62(100.00%),FAIL:  0(0.00%),ERROR:  0(0.00%),TRUE:  0,FALSE:  0
                    总   计:PASS: 62(100.00%),FAIL:  0(0.00%),ERROR:  0(0.00%),TRUE:  0,FALSE:  0

