20191202_18_54_14_673313_6860report.log 2019-12-02 18:54:14  loga.py  putSystemLog [line:74] INFO Start.
20191202_18_54_14_673313_6860report.log 2019-12-02 18:54:14  loga.py  putSystemLog [line:74] INFO 场景<1>开始.
20191202_18_54_14_673313_6860report.log 2019-12-02 18:54:18  loga.py  writeLog [line:134] INFO 行号:0    PASS   最大化浏览器窗口[maximize_window]  用时:1.124s  
20191202_18_54_14_673313_6860report.log 2019-12-02 18:54:19  loga.py  putSystemLog [line:74] INFO chrome浏览器启动成功.
20191202_18_54_14_673313_6860report.log 2019-12-02 18:54:19  loga.py  putSystemLog [line:74] INFO 开始加载脚本...
20191202_18_54_14_673313_6860report.log 2019-12-02 18:54:19  loga.py  putSystemLog [line:74] INFO 脚本<1>：U8EX登录 加载成功.脚本路径：script/testCase/U8EX项目/公共/U8EX登录
20191202_18_54_14_673313_6860report.log 2019-12-02 18:54:19  loga.py  putSystemLog [line:74] INFO 脚本<2>：劳动合同续签 加载成功.脚本路径：script/testCase/Y3me项目/人力资源/劳动合同/劳动合同续签
20191202_18_54_14_673313_6860report.log 2019-12-02 18:54:19  loga.py  putSystemLog [line:74] INFO 脚本<3>：审批中心_审批合同 加载成功.脚本路径：script/testCase/Y3me项目/人力资源/劳动合同/审批中心_审批合同
20191202_18_54_14_673313_6860report.log 2019-12-02 18:54:19  loga.py  putSystemLog [line:74] INFO 脚本<4>：U8EX登出 加载成功.脚本路径：script/testCase/U8EX项目/公共/U8EX登出
20191202_18_54_14_673313_6860report.log 2019-12-02 18:54:19  loga.py  putSystemLog [line:74] INFO 脚本加载完成...
20191202_18_54_14_673313_6860report.log 2019-12-02 18:54:19  loga.py  putSystemLog [line:74] INFO 开始运行脚本<class 'script.testCase.U8EX项目.公共.U8EX登录.EasyCase'>
20191202_18_54_14_673313_6860report.log 2019-12-02 18:54:23  loga.py  writeLog [line:134] INFO 行号:27   PASS   访问页面[get]  用时:3.595s  
20191202_18_54_14_673313_6860report.log 2019-12-02 18:54:24  loga.py  writeLog [line:134] INFO 行号:29   PASS   查找元素[find_element]  用时:0.011s  
20191202_18_54_14_673313_6860report.log 2019-12-02 18:54:24  loga.py  writeLog [line:134] INFO 行号:30   PASS   查找元素[find_element]  用时:0.009s  
20191202_18_54_14_673313_6860report.log 2019-12-02 18:54:25  loga.py  writeLog [line:134] INFO 行号:30   PASS   左键单击[click]  用时:0.046s  
20191202_18_54_14_673313_6860report.log 2019-12-02 18:54:26  loga.py  writeLog [line:134] INFO 行号:34   PASS   查找元素[find_element]  用时:0.030s  
20191202_18_54_14_673313_6860report.log 2019-12-02 18:54:26  loga.py  writeLog [line:134] INFO 行号:35   PASS   查找元素[find_element]  用时:0.008s  
20191202_18_54_14_673313_6860report.log 2019-12-02 18:54:27  loga.py  writeLog [line:134] INFO 行号:36   PASS   切换到表单[frame]  用时:0.016s  
20191202_18_54_14_673313_6860report.log 2019-12-02 18:54:29  loga.py  writeLog [line:134] INFO 行号:39   PASS   查找元素[find_element]  用时:0.032s  
20191202_18_54_14_673313_6860report.log 2019-12-02 18:54:29  loga.py  writeLog [line:134] INFO 行号:40   PASS   查找元素[find_element]  用时:0.006s  
20191202_18_54_14_673313_6860report.log 2019-12-02 18:54:30  loga.py  writeLog [line:134] INFO 行号:40   PASS   清除文本[clear]  用时:0.037s  
20191202_18_54_14_673313_6860report.log 2019-12-02 18:54:31  loga.py  writeLog [line:134] INFO 行号:41   PASS   查找元素[find_element]  用时:0.026s  
20191202_18_54_14_673313_6860report.log 2019-12-02 18:54:32  loga.py  writeLog [line:134] INFO 行号:41   PASS   模拟输入[send_keys]  用时:0.147s  
20191202_18_54_14_673313_6860report.log 2019-12-02 18:54:33  loga.py  writeLog [line:134] INFO 行号:42   PASS   查找元素[find_element]  用时:0.031s  
20191202_18_54_14_673313_6860report.log 2019-12-02 18:54:33  loga.py  writeLog [line:134] INFO 行号:42   PASS   清除文本[clear]  用时:0.049s  
20191202_18_54_14_673313_6860report.log 2019-12-02 18:54:34  loga.py  writeLog [line:134] INFO 行号:43   PASS   查找元素[find_element]  用时:0.006s  
20191202_18_54_14_673313_6860report.log 2019-12-02 18:54:35  loga.py  writeLog [line:134] INFO 行号:43   PASS   模拟输入[send_keys]  用时:0.116s  
20191202_18_54_14_673313_6860report.log 2019-12-02 18:54:36  loga.py  writeLog [line:134] INFO 行号:45   PASS   查找元素[find_element]  用时:0.011s  
20191202_18_54_14_673313_6860report.log 2019-12-02 18:54:36  loga.py  writeLog [line:134] INFO 行号:46   PASS   查找元素[find_element]  用时:0.010s  
20191202_18_54_14_673313_6860report.log 2019-12-02 18:54:37  loga.py  writeLog [line:134] INFO 行号:46   PASS   左键单击[click]  用时:0.146s  
20191202_18_54_14_673313_6860report.log 2019-12-02 18:54:38  loga.py  writeLog [line:134] INFO 行号:52   PASS   查找元素[find_element]  用时:0.014s  
20191202_18_54_14_673313_6860report.log 2019-12-02 18:54:39  loga.py  writeLog [line:134] INFO 行号:53   PASS   查找元素[find_element]  用时:0.011s  
20191202_18_54_14_673313_6860report.log 2019-12-02 18:54:39  loga.py  writeLog [line:134] INFO 行号:53   PASS   左键单击[click]  用时:0.063s  
20191202_18_54_14_673313_6860report.log 2019-12-02 18:54:40  loga.py  writeLog [line:134] INFO 行号:54   PASS   查找元素[find_element]  用时:0.025s  
20191202_18_54_14_673313_6860report.log 2019-12-02 18:54:41  loga.py  writeLog [line:134] INFO 行号:54   PASS   左键单击[click]  用时:0.083s  
20191202_18_54_14_673313_6860report.log 2019-12-02 18:54:42  loga.py  writeLog [line:134] INFO 行号:56   PASS   查找元素[find_element]  用时:0.024s  
20191202_18_54_14_673313_6860report.log 2019-12-02 18:54:43  loga.py  writeLog [line:134] INFO 行号:56   PASS   左键单击[click]  用时:0.451s  
20191202_18_54_14_673313_6860report.log 2019-12-02 18:54:44  loga.py  putSystemLog [line:74] INFO 脚本运行完毕...
20191202_18_54_14_673313_6860report.log 2019-12-02 18:54:44  loga.py  putSystemLog [line:74] INFO 开始运行脚本<class 'script.testCase.Y3me项目.人力资源.劳动合同.劳动合同续签.EasyCase'>
20191202_18_54_14_673313_6860report.log 2019-12-02 18:54:44  loga.py  writeLog [line:134] INFO 行号:25   PASS   刷新页面[refresh]  用时:0.022s  
20191202_18_54_14_673313_6860report.log 2019-12-02 18:54:45  loga.py  writeLog [line:134] INFO 行号:31   PASS   查找元素[find_element]  用时:0.009s  
20191202_18_54_14_673313_6860report.log 2019-12-02 18:54:45  loga.py  writeLog [line:134] INFO 行号:31   PASS   左键单击[click]  用时:0.071s  
20191202_18_54_14_673313_6860report.log 2019-12-02 18:54:48  loga.py  writeLog [line:134] INFO 行号:34   PASS   查找元素[find_element]  用时:0.018s  
20191202_18_54_14_673313_6860report.log 2019-12-02 18:54:49  loga.py  writeLog [line:134] INFO 行号:34   PASS   左键单击[click]  用时:0.079s  
20191202_18_54_14_673313_6860report.log 2019-12-02 18:54:52  loga.py  writeLog [line:134] INFO 行号:37   PASS   查找元素[find_element]  用时:0.016s  
20191202_18_54_14_673313_6860report.log 2019-12-02 18:54:56  loga.py  writeLog [line:134] INFO 行号:44   PASS   查找元素[find_element]  用时:0.028s  
20191202_18_54_14_673313_6860report.log 2019-12-02 18:54:56  loga.py  writeLog [line:134] INFO 行号:44   PASS   左键单击[click]  用时:0.051s  
20191202_18_54_14_673313_6860report.log 2019-12-02 18:54:59  loga.py  writeLog [line:134] INFO 行号:48   PASS   查找元素[find_element]  用时:0.036s  
20191202_18_54_14_673313_6860report.log 2019-12-02 18:55:00  loga.py  writeLog [line:134] INFO 行号:50   PASS   切换到表单[frame]  用时:0.017s  
20191202_18_54_14_673313_6860report.log 2019-12-02 18:55:03  loga.py  writeLog [line:134] INFO 行号:54   PASS   查找元素[find_element]  用时:0.021s  
20191202_18_54_14_673313_6860report.log 2019-12-02 18:55:03  loga.py  writeLog [line:134] INFO 行号:54   PASS   左键单击[click]  用时:0.119s  
20191202_18_54_14_673313_6860report.log 2019-12-02 18:55:06  loga.py  writeLog [line:134] INFO 行号:57   PASS   查找元素[find_element]  用时:0.010s  
20191202_18_54_14_673313_6860report.log 2019-12-02 18:55:07  loga.py  writeLog [line:134] INFO 行号:57   ERROR  模拟输入[send_keys]  用时:0.017s  [decorator.elementAction_dec]:object of type 'NoneType' has no len()
20191202_18_54_14_673313_6860report.log 2019-12-02 18:55:10  loga.py  writeLog [line:134] INFO 行号:61   PASS   查找元素[find_element]  用时:0.014s  
20191202_18_54_14_673313_6860report.log 2019-12-02 18:55:10  loga.py  writeLog [line:134] INFO 行号:61   PASS   模拟输入[send_keys]  用时:0.108s  
20191202_18_54_14_673313_6860report.log 2019-12-02 18:55:14  loga.py  writeLog [line:134] INFO 行号:62   PASS   查找元素[find_element]  用时:2.536s  
20191202_18_54_14_673313_6860report.log 2019-12-02 18:55:15  loga.py  writeLog [line:134] INFO 行号:62   PASS   左键单击[click]  用时:0.081s  
20191202_18_54_14_673313_6860report.log 2019-12-02 18:55:17  loga.py  writeLog [line:134] INFO 行号:66   PASS   查找元素[find_element]  用时:0.017s  
20191202_18_54_14_673313_6860report.log 2019-12-02 18:55:17  loga.py  writeLog [line:134] INFO 行号:66   PASS   左键单击[click]  用时:0.441s  
20191202_18_54_14_673313_6860report.log 2019-12-02 18:55:19  loga.py  writeLog [line:134] INFO 行号:69   PASS   查找元素[find_element]  用时:0.497s  
20191202_18_54_14_673313_6860report.log 2019-12-02 18:55:20  loga.py  writeLog [line:134] INFO 行号:69   PASS   左键单击[click]  用时:0.116s  
20191202_18_54_14_673313_6860report.log 2019-12-02 18:55:21  loga.py  writeLog [line:134] INFO 行号:71   PASS   查找元素[find_element]  用时:0.017s  
20191202_18_54_14_673313_6860report.log 2019-12-02 18:55:21  loga.py  writeLog [line:134] INFO 行号:71   PASS   左键单击[click]  用时:0.057s  
20191202_18_54_14_673313_6860report.log 2019-12-02 18:55:22  loga.py  writeLog [line:134] INFO 行号:74   PASS   查找元素[find_element]  用时:0.017s  
20191202_18_54_14_673313_6860report.log 2019-12-02 18:55:23  loga.py  writeLog [line:134] INFO 行号:74   PASS   模拟输入[send_keys]  用时:0.071s  
20191202_18_54_14_673313_6860report.log 2019-12-02 18:55:24  loga.py  writeLog [line:134] INFO 行号:78   PASS   查找元素[find_element]  用时:0.017s  
20191202_18_54_14_673313_6860report.log 2019-12-02 18:55:24  loga.py  writeLog [line:134] INFO 行号:78   PASS   左键单击[click]  用时:0.081s  
20191202_18_54_14_673313_6860report.log 2019-12-02 18:55:25  loga.py  writeLog [line:134] INFO 行号:80   PASS   查找元素[find_element]  用时:0.023s  
20191202_18_54_14_673313_6860report.log 2019-12-02 18:55:26  loga.py  writeLog [line:134] INFO 行号:80   PASS   左键单击[click]  用时:0.072s  
20191202_18_54_14_673313_6860report.log 2019-12-02 18:55:27  loga.py  writeLog [line:134] INFO 行号:83   PASS   查找元素[find_element]  用时:0.012s  
20191202_18_54_14_673313_6860report.log 2019-12-02 18:55:28  loga.py  writeLog [line:134] INFO 行号:83   PASS   左键单击[click]  用时:0.135s  
20191202_18_54_14_673313_6860report.log 2019-12-02 18:55:29  loga.py  writeLog [line:134] INFO 行号:87   PASS   查找元素[find_element]  用时:0.018s  
20191202_18_54_14_673313_6860report.log 2019-12-02 18:55:29  loga.py  writeLog [line:134] INFO 行号:87   PASS   左键单击[click]  用时:0.098s  
20191202_18_54_14_673313_6860report.log 2019-12-02 18:55:30  loga.py  writeLog [line:134] INFO 行号:91   PASS   查找元素[find_element]  用时:0.017s  
20191202_18_54_14_673313_6860report.log 2019-12-02 18:55:31  loga.py  writeLog [line:134] INFO 行号:91   PASS   模拟输入[send_keys]  用时:0.110s  
20191202_18_54_14_673313_6860report.log 2019-12-02 18:55:32  loga.py  writeLog [line:134] INFO 行号:94   PASS   查找元素[find_element]  用时:0.017s  
20191202_18_54_14_673313_6860report.log 2019-12-02 18:55:32  loga.py  writeLog [line:134] INFO 行号:94   PASS   左键单击[click]  用时:0.064s  
