20191202_15_16_43_310668_11908report.log 2019-12-02 15:16:43  loga.py  putSystemLog [line:74] INFO Start.
20191202_15_16_43_310668_11908report.log 2019-12-02 15:16:43  loga.py  putSystemLog [line:74] INFO 场景<1>开始.
20191202_15_16_43_310668_11908report.log 2019-12-02 15:16:47  loga.py  writeLog [line:134] INFO 行号:0    PASS   最大化浏览器窗口[maximize_window]  用时:1.123s  
20191202_15_16_43_310668_11908report.log 2019-12-02 15:16:48  loga.py  putSystemLog [line:74] INFO chrome浏览器启动成功.
20191202_15_16_43_310668_11908report.log 2019-12-02 15:16:48  loga.py  putSystemLog [line:74] INFO 开始加载脚本...
20191202_15_16_43_310668_11908report.log 2019-12-02 15:16:48  loga.py  putSystemLog [line:74] INFO 脚本<1>：U8EX登录 加载成功.脚本路径：script/testCase/U8EX项目/公共/U8EX登录
20191202_15_16_43_310668_11908report.log 2019-12-02 15:16:48  loga.py  putSystemLog [line:74] INFO 脚本<2>：现金流量附表 加载成功.脚本路径：script/testCase/Y3me项目/数字化建模/财务报表/现金流量附表
20191202_15_16_43_310668_11908report.log 2019-12-02 15:16:48  loga.py  putSystemLog [line:74] INFO 脚本<3>：U8EX登出 加载成功.脚本路径：script/testCase/U8EX项目/公共/U8EX登出
20191202_15_16_43_310668_11908report.log 2019-12-02 15:16:48  loga.py  putSystemLog [line:74] INFO 脚本加载完成...
20191202_15_16_43_310668_11908report.log 2019-12-02 15:16:48  loga.py  putSystemLog [line:74] INFO 开始运行脚本<class 'script.testCase.U8EX项目.公共.U8EX登录.EasyCase'>
20191202_15_16_43_310668_11908report.log 2019-12-02 15:16:51  loga.py  writeLog [line:134] INFO 行号:27   PASS   访问页面[get]  用时:3.225s  
20191202_15_16_43_310668_11908report.log 2019-12-02 15:16:52  loga.py  writeLog [line:134] INFO 行号:29   PASS   查找元素[find_element]  用时:0.011s  
20191202_15_16_43_310668_11908report.log 2019-12-02 15:16:52  loga.py  writeLog [line:134] INFO 行号:30   PASS   查找元素[find_element]  用时:0.017s  
20191202_15_16_43_310668_11908report.log 2019-12-02 15:16:53  loga.py  writeLog [line:134] INFO 行号:30   PASS   左键单击[click]  用时:0.057s  
20191202_15_16_43_310668_11908report.log 2019-12-02 15:16:54  loga.py  writeLog [line:134] INFO 行号:34   PASS   查找元素[find_element]  用时:0.009s  
20191202_15_16_43_310668_11908report.log 2019-12-02 15:16:54  loga.py  writeLog [line:134] INFO 行号:35   PASS   查找元素[find_element]  用时:0.006s  
20191202_15_16_43_310668_11908report.log 2019-12-02 15:16:55  loga.py  writeLog [line:134] INFO 行号:36   PASS   切换到表单[frame]  用时:0.016s  
20191202_15_16_43_310668_11908report.log 2019-12-02 15:16:57  loga.py  writeLog [line:134] INFO 行号:39   PASS   查找元素[find_element]  用时:0.009s  
20191202_15_16_43_310668_11908report.log 2019-12-02 15:16:57  loga.py  writeLog [line:134] INFO 行号:40   PASS   查找元素[find_element]  用时:0.007s  
20191202_15_16_43_310668_11908report.log 2019-12-02 15:16:58  loga.py  writeLog [line:134] INFO 行号:40   PASS   清除文本[clear]  用时:0.030s  
20191202_15_16_43_310668_11908report.log 2019-12-02 15:16:59  loga.py  writeLog [line:134] INFO 行号:41   PASS   查找元素[find_element]  用时:0.023s  
20191202_15_16_43_310668_11908report.log 2019-12-02 15:17:00  loga.py  writeLog [line:134] INFO 行号:41   PASS   模拟输入[send_keys]  用时:0.111s  
20191202_15_16_43_310668_11908report.log 2019-12-02 15:17:01  loga.py  writeLog [line:134] INFO 行号:42   PASS   查找元素[find_element]  用时:0.030s  
20191202_15_16_43_310668_11908report.log 2019-12-02 15:17:01  loga.py  writeLog [line:134] INFO 行号:42   PASS   清除文本[clear]  用时:0.046s  
20191202_15_16_43_310668_11908report.log 2019-12-02 15:17:02  loga.py  writeLog [line:134] INFO 行号:43   PASS   查找元素[find_element]  用时:0.009s  
20191202_15_16_43_310668_11908report.log 2019-12-02 15:17:03  loga.py  writeLog [line:134] INFO 行号:43   PASS   模拟输入[send_keys]  用时:0.109s  
20191202_15_16_43_310668_11908report.log 2019-12-02 15:17:04  loga.py  writeLog [line:134] INFO 行号:45   PASS   查找元素[find_element]  用时:0.019s  
20191202_15_16_43_310668_11908report.log 2019-12-02 15:17:04  loga.py  writeLog [line:134] INFO 行号:46   PASS   查找元素[find_element]  用时:0.010s  
20191202_15_16_43_310668_11908report.log 2019-12-02 15:17:05  loga.py  writeLog [line:134] INFO 行号:46   PASS   左键单击[click]  用时:0.111s  
20191202_15_16_43_310668_11908report.log 2019-12-02 15:17:06  loga.py  writeLog [line:134] INFO 行号:52   PASS   查找元素[find_element]  用时:0.011s  
20191202_15_16_43_310668_11908report.log 2019-12-02 15:17:07  loga.py  writeLog [line:134] INFO 行号:53   PASS   查找元素[find_element]  用时:0.006s  
20191202_15_16_43_310668_11908report.log 2019-12-02 15:17:07  loga.py  writeLog [line:134] INFO 行号:53   PASS   左键单击[click]  用时:0.086s  
20191202_15_16_43_310668_11908report.log 2019-12-02 15:17:08  loga.py  writeLog [line:134] INFO 行号:54   PASS   查找元素[find_element]  用时:0.037s  
20191202_15_16_43_310668_11908report.log 2019-12-02 15:17:09  loga.py  writeLog [line:134] INFO 行号:54   PASS   左键单击[click]  用时:0.072s  
20191202_15_16_43_310668_11908report.log 2019-12-02 15:17:10  loga.py  writeLog [line:134] INFO 行号:56   PASS   查找元素[find_element]  用时:0.034s  
20191202_15_16_43_310668_11908report.log 2019-12-02 15:17:11  loga.py  writeLog [line:134] INFO 行号:56   PASS   左键单击[click]  用时:0.476s  
20191202_15_16_43_310668_11908report.log 2019-12-02 15:17:12  loga.py  putSystemLog [line:74] INFO 脚本运行完毕...
20191202_15_16_43_310668_11908report.log 2019-12-02 15:17:12  loga.py  putSystemLog [line:74] INFO 开始运行脚本<class 'script.testCase.Y3me项目.数字化建模.财务报表.现金流量附表.EasyCase'>
20191202_15_16_43_310668_11908report.log 2019-12-02 15:17:12  loga.py  writeLog [line:134] INFO 行号:24   PASS   刷新页面[refresh]  用时:0.019s  
20191202_15_16_43_310668_11908report.log 2019-12-02 15:17:13  loga.py  writeLog [line:134] INFO 行号:26   PASS   查找元素[find_element]  用时:0.013s  
20191202_15_16_43_310668_11908report.log 2019-12-02 15:17:13  loga.py  writeLog [line:134] INFO 行号:26   PASS   左键单击[click]  用时:0.074s  
20191202_15_16_43_310668_11908report.log 2019-12-02 15:17:15  loga.py  writeLog [line:134] INFO 行号:29   PASS   查找元素[find_element]  用时:0.019s  
20191202_15_16_43_310668_11908report.log 2019-12-02 15:17:16  loga.py  writeLog [line:134] INFO 行号:29   PASS   左键单击[click]  用时:0.088s  
20191202_15_16_43_310668_11908report.log 2019-12-02 15:17:18  loga.py  writeLog [line:134] INFO 行号:32   PASS   查找元素[find_element]  用时:0.018s  
20191202_15_16_43_310668_11908report.log 2019-12-02 15:17:21  loga.py  writeLog [line:134] INFO 行号:39   PASS   查找元素[find_element]  用时:0.024s  
20191202_15_16_43_310668_11908report.log 2019-12-02 15:17:25  loga.py  writeLog [line:134] INFO 行号:46   PASS   查找元素[find_element]  用时:0.022s  
20191202_15_16_43_310668_11908report.log 2019-12-02 15:17:28  loga.py  writeLog [line:134] INFO 行号:50   PASS   查找元素[find_element]  用时:0.017s  
20191202_15_16_43_310668_11908report.log 2019-12-02 15:17:28  loga.py  writeLog [line:134] INFO 行号:51   PASS   切换到表单[frame]  用时:0.023s  
20191202_15_16_43_310668_11908report.log 2019-12-02 15:17:29  loga.py  writeLog [line:134] INFO 行号:54   PASS   查找元素[find_element]  用时:0.010s  
20191202_15_16_43_310668_11908report.log 2019-12-02 15:17:30  loga.py  writeLog [line:134] INFO 行号:56   PASS   查找元素[find_element]  用时:0.007s  
20191202_15_16_43_310668_11908report.log 2019-12-02 15:17:31  loga.py  writeLog [line:134] INFO 行号:56   PASS   左键单击[click]  用时:0.084s  
20191202_15_16_43_310668_11908report.log 2019-12-02 15:17:32  loga.py  writeLog [line:134] INFO 行号:60   PASS   查找元素[find_element]  用时:0.018s  
20191202_15_16_43_310668_11908report.log 2019-12-02 15:17:32  loga.py  writeLog [line:134] INFO 行号:61   PASS   查找元素[find_element]  用时:0.006s  
20191202_15_16_43_310668_11908report.log 2019-12-02 15:17:33  loga.py  writeLog [line:134] INFO 行号:61   PASS   左键单击[click]  用时:0.132s  
20191202_15_16_43_310668_11908report.log 2019-12-02 15:17:34  loga.py  writeLog [line:134] INFO 行号:66   PASS   查找元素[find_element]  用时:0.012s  
20191202_15_16_43_310668_11908report.log 2019-12-02 15:17:34  loga.py  writeLog [line:134] INFO 行号:68   PASS   查找元素[find_element]  用时:0.006s  
20191202_15_16_43_310668_11908report.log 2019-12-02 15:17:35  loga.py  writeLog [line:134] INFO 行号:68   PASS   左键单击[click]  用时:0.118s  
20191202_15_16_43_310668_11908report.log 2019-12-02 15:17:36  loga.py  writeLog [line:134] INFO 行号:72   PASS   查找元素[find_element]  用时:0.017s  
20191202_15_16_43_310668_11908report.log 2019-12-02 15:17:36  loga.py  writeLog [line:134] INFO 行号:73   PASS   查找元素[find_element]  用时:0.006s  
20191202_15_16_43_310668_11908report.log 2019-12-02 15:17:37  loga.py  writeLog [line:134] INFO 行号:73   PASS   左键单击[click]  用时:0.124s  
20191202_15_16_43_310668_11908report.log 2019-12-02 15:17:38  loga.py  writeLog [line:134] INFO 行号:75   PASS   查找元素[find_element]  用时:0.016s  
20191202_15_16_43_310668_11908report.log 2019-12-02 15:17:39  loga.py  writeLog [line:134] INFO 行号:76   PASS   执行JS代码[execute_script]  用时:0.247s  
20191202_15_16_43_310668_11908report.log 2019-12-02 15:17:40  loga.py  writeLog [line:134] INFO 行号:79   PASS   查找元素[find_element]  用时:0.031s  
20191202_15_16_43_310668_11908report.log 2019-12-02 15:17:41  loga.py  writeLog [line:134] INFO 行号:79   PASS   左键单击[click]  用时:0.314s  
20191202_15_16_43_310668_11908report.log 2019-12-02 15:17:43  loga.py  writeLog [line:134] INFO 行号:81   PASS   查找元素[find_element]  用时:0.018s  
20191202_15_16_43_310668_11908report.log 2019-12-02 15:17:43  loga.py  writeLog [line:134] INFO 行号:81   PASS   左键单击[click]  用时:0.090s  
20191202_15_16_43_310668_11908report.log 2019-12-02 15:17:44  loga.py  putSystemLog [line:74] INFO 脚本运行完毕...
20191202_15_16_43_310668_11908report.log 2019-12-02 15:17:44  loga.py  putSystemLog [line:74] INFO 开始运行脚本<class 'script.testCase.U8EX项目.公共.U8EX登出.EasyCase'>
20191202_15_16_43_310668_11908report.log 2019-12-02 15:17:45  loga.py  writeLog [line:134] INFO 行号:24   PASS   刷新页面[refresh]  用时:0.298s  
20191202_15_16_43_310668_11908report.log 2019-12-02 15:17:47  loga.py  writeLog [line:134] INFO 行号:26   PASS   查找元素[find_element]  用时:0.015s  
20191202_15_16_43_310668_11908report.log 2019-12-02 15:17:47  loga.py  writeLog [line:134] INFO 行号:26   PASS   左键单击[click]  用时:0.079s  
20191202_15_16_43_310668_11908report.log 2019-12-02 15:17:48  loga.py  writeLog [line:134] INFO 行号:27   PASS   查找元素[find_element]  用时:0.022s  
20191202_15_16_43_310668_11908report.log 2019-12-02 15:17:49  loga.py  writeLog [line:134] INFO 行号:27   PASS   左键单击[click]  用时:0.525s  
20191202_15_16_43_310668_11908report.log 2019-12-02 15:17:50  loga.py  putSystemLog [line:74] INFO 脚本运行完毕...
20191202_15_16_43_310668_11908report.log 2019-12-02 15:17:51  loga.py  writeLog [line:134] INFO 行号:0    PASS   关闭浏览器[quit]  用时:0.263s  
20191202_15_16_43_310668_11908report.log 2019-12-02 15:17:54  loga.py  putSystemLog [line:74] INFO 场景<1>结束.用时:70.711s.
20191202_15_16_43_310668_11908report.log 2019-12-02 15:17:54  loga.py  putSystemLog [line:74] INFO 场景统计结果：PASS: 61(100.00%),FAIL:  0(0.00%),ERROR:  0(0.00%),TRUE:  0,FALSE:  0

20191202_15_16_43_310668_11908report.log 2019-12-02 15:17:54  loga.py  putSystemLog [line:74] INFO ----------------------------------------
20191202_15_16_43_310668_11908report.log 2019-12-02 15:17:54  loga.py  putSystemLog [line:74] INFO End.
20191202_15_16_43_310668_11908report.log 2019-12-02 15:17:54  loga.py  putSystemLog [line:74] INFO 测试方案统计结果:
                    场景<1>:PASS: 61(100.00%),FAIL:  0(0.00%),ERROR:  0(0.00%),TRUE:  0,FALSE:  0
                    总   计:PASS: 61(100.00%),FAIL:  0(0.00%),ERROR:  0(0.00%),TRUE:  0,FALSE:  0

