sys.log 2019-12-02 09:40:00  loga.py  putSystemLog [line:82] INFO 程序启动.基本脚本录制.xml
sys.log 2019-12-02 09:40:00  loga.py  putSystemLog [line:82] INFO Start.
sys.log 2019-12-02 09:41:23  loga.py  putSystemLog [line:82] INFO End.
sys.log 2019-12-02 09:41:23  loga.py  putSystemLog [line:82] INFO 程序结束.基本脚本录制.xml

sys.log 2019-12-02 10:22:35  loga.py  putSystemLog [line:82] INFO 程序启动.基本脚本录制.xml
sys.log 2019-12-02 10:22:35  loga.py  putSystemLog [line:82] INFO Start.
sys.log 2019-12-02 10:24:21  loga.py  putSystemLog [line:82] INFO End.
sys.log 2019-12-02 10:24:21  loga.py  putSystemLog [line:82] INFO 程序结束.基本脚本录制.xml

sys.log 2019-12-02 10:29:26  loga.py  putSystemLog [line:82] INFO 程序启动.基本脚本录制.xml
sys.log 2019-12-02 10:29:27  loga.py  putSystemLog [line:82] INFO Start.
sys.log 2019-12-02 10:31:13  loga.py  putSystemLog [line:82] INFO End.
sys.log 2019-12-02 10:31:13  loga.py  putSystemLog [line:82] INFO 程序结束.基本脚本录制.xml

sys.log 2019-12-02 10:42:41  loga.py  putSystemLog [line:82] INFO 程序启动.基本脚本录制.xml
sys.log 2019-12-02 10:42:41  loga.py  putSystemLog [line:82] INFO Start.
sys.log 2019-12-02 10:44:22  loga.py  putSystemLog [line:82] INFO End.
sys.log 2019-12-02 10:44:22  loga.py  putSystemLog [line:82] INFO 程序结束.基本脚本录制.xml

sys.log 2019-12-02 13:36:28  loga.py  putSystemLog [line:82] INFO 程序启动.基本脚本录制.xml
sys.log 2019-12-02 13:36:28  loga.py  putSystemLog [line:82] INFO Start.
sys.log 2019-12-02 13:38:11  loga.py  putSystemLog [line:82] INFO 程序启动.基本脚本录制.xml
sys.log 2019-12-02 13:38:12  loga.py  putSystemLog [line:82] INFO Start.
sys.log 2019-12-02 13:46:22  loga.py  putSystemLog [line:82] INFO 程序启动.基本脚本录制.xml
sys.log 2019-12-02 13:46:22  loga.py  putSystemLog [line:82] INFO Start.
sys.log 2019-12-02 13:47:36  loga.py  putSystemLog [line:82] INFO End.
sys.log 2019-12-02 13:47:36  loga.py  putSystemLog [line:82] INFO 程序结束.基本脚本录制.xml

sys.log 2019-12-02 14:32:12  loga.py  putSystemLog [line:82] INFO 程序启动.基本脚本录制.xml
sys.log 2019-12-02 14:32:13  loga.py  putSystemLog [line:82] INFO Start.
sys.log 2019-12-02 14:33:48  loga.py  putSystemLog [line:82] INFO End.
sys.log 2019-12-02 14:33:48  loga.py  putSystemLog [line:82] INFO 程序结束.基本脚本录制.xml

sys.log 2019-12-02 14:33:58  loga.py  putSystemLog [line:82] INFO 程序启动.基本脚本录制.xml
sys.log 2019-12-02 14:33:58  loga.py  putSystemLog [line:82] INFO Start.
sys.log 2019-12-02 14:35:07  loga.py  putSystemLog [line:82] INFO End.
sys.log 2019-12-02 14:35:07  loga.py  putSystemLog [line:82] INFO 程序结束.基本脚本录制.xml

sys.log 2019-12-02 14:42:20  loga.py  putSystemLog [line:82] INFO 程序启动.基本脚本录制.xml
sys.log 2019-12-02 14:42:21  loga.py  putSystemLog [line:82] INFO Start.
sys.log 2019-12-02 14:43:16  loga.py  putSystemLog [line:82] INFO End.
sys.log 2019-12-02 14:43:16  loga.py  putSystemLog [line:82] INFO 程序结束.基本脚本录制.xml

sys.log 2019-12-02 14:43:38  loga.py  putSystemLog [line:82] INFO 程序启动.基本脚本录制.xml
sys.log 2019-12-02 14:43:38  loga.py  putSystemLog [line:82] INFO Start.
sys.log 2019-12-02 14:44:47  loga.py  putSystemLog [line:82] INFO End.
sys.log 2019-12-02 14:44:47  loga.py  putSystemLog [line:82] INFO 程序结束.基本脚本录制.xml

sys.log 2019-12-02 15:07:56  loga.py  putSystemLog [line:82] INFO 程序启动.基本脚本录制.xml
sys.log 2019-12-02 15:07:56  loga.py  putSystemLog [line:82] INFO Start.
sys.log 2019-12-02 15:09:20  loga.py  putSystemLog [line:82] INFO End.
sys.log 2019-12-02 15:09:20  loga.py  putSystemLog [line:82] INFO 程序结束.基本脚本录制.xml

sys.log 2019-12-02 15:16:42  loga.py  putSystemLog [line:82] INFO 程序启动.基本脚本录制.xml
sys.log 2019-12-02 15:16:43  loga.py  putSystemLog [line:82] INFO Start.
sys.log 2019-12-02 15:17:54  loga.py  putSystemLog [line:82] INFO End.
sys.log 2019-12-02 15:17:54  loga.py  putSystemLog [line:82] INFO 程序结束.基本脚本录制.xml

sys.log 2019-12-02 16:35:35  loga.py  putSystemLog [line:82] INFO 程序启动.基本脚本录制.xml
sys.log 2019-12-02 16:35:35  loga.py  putSystemLog [line:82] INFO Start.
sys.log 2019-12-02 16:37:20  loga.py  putSystemLog [line:82] INFO End.
sys.log 2019-12-02 16:37:20  loga.py  putSystemLog [line:82] INFO 程序结束.基本脚本录制.xml

sys.log 2019-12-02 18:10:31  loga.py  putSystemLog [line:82] INFO 程序启动.人力资源-劳动合同.xml
sys.log 2019-12-02 18:10:31  loga.py  putSystemLog [line:82] INFO Start.
sys.log 2019-12-02 18:12:11  loga.py  putSystemLog [line:82] INFO 程序启动.人力资源-劳动合同.xml
sys.log 2019-12-02 18:12:11  loga.py  putSystemLog [line:82] INFO Start.
sys.log 2019-12-02 18:34:59  loga.py  putSystemLog [line:82] INFO 程序启动.人力资源-劳动合同.xml
sys.log 2019-12-02 18:35:00  loga.py  putSystemLog [line:82] INFO Start.
sys.log 2019-12-02 18:54:13  loga.py  putSystemLog [line:82] INFO 程序启动.人力资源-劳动合同.xml
sys.log 2019-12-02 18:54:14  loga.py  putSystemLog [line:82] INFO Start.
