2019-11-28 16:30:23 Start.
2019-11-28 16:30:23 场景<1>开始.
2019-11-28 16:30:27 行号:0    PASS   最大化浏览器窗口[maximize_window]  用时:1.115s  
2019-11-28 16:30:28 chrome浏览器启动成功.
2019-11-28 16:30:28 开始加载脚本...
2019-11-28 16:30:28 脚本<1>：U8EX登录 加载成功.脚本路径：script/testCase/U8EX项目/公共/U8EX登录
2019-11-28 16:30:28 脚本<2>：常用凭证 加载成功.脚本路径：script/testCase/Y3me项目/数字化建模/总账/常用凭证
2019-11-28 16:30:28 脚本<3>：U8EX登出 加载成功.脚本路径：script/testCase/U8EX项目/公共/U8EX登出
2019-11-28 16:30:28 脚本加载完成...
2019-11-28 16:30:28 开始运行脚本<class 'script.testCase.U8EX项目.公共.U8EX登录.EasyCase'>
2019-11-28 16:30:29 行号:28   PASS   访问页面[get]  用时:1.185s  
2019-11-28 16:30:30 行号:29   PASS   查找元素[find_element]  用时:0.010s  
2019-11-28 16:30:31 行号:29   PASS   左键单击[click]  用时:0.055s  
2019-11-28 16:30:32 行号:32   PASS   查找元素[find_element]  用时:0.009s  
2019-11-28 16:30:32 行号:33   PASS   切换到表单[frame]  用时:0.019s  
2019-11-28 16:30:34 行号:36   PASS   查找元素[find_element]  用时:0.011s  
2019-11-28 16:30:35 行号:36   PASS   清除文本[clear]  用时:0.021s  
2019-11-28 16:30:36 行号:37   PASS   查找元素[find_element]  用时:0.007s  
2019-11-28 16:30:36 行号:37   PASS   模拟输入[send_keys]  用时:0.056s  
2019-11-28 16:30:37 行号:38   PASS   查找元素[find_element]  用时:0.011s  
2019-11-28 16:30:38 行号:38   PASS   清除文本[clear]  用时:0.019s  
2019-11-28 16:30:39 行号:39   PASS   查找元素[find_element]  用时:0.008s  
2019-11-28 16:30:40 行号:39   PASS   模拟输入[send_keys]  用时:0.062s  
2019-11-28 16:30:42 行号:41   PASS   查找元素[find_element]  用时:0.010s  
2019-11-28 16:30:42 行号:41   PASS   左键单击[click]  用时:0.081s  
2019-11-28 16:30:44 行号:47   PASS   查找元素[find_element]  用时:0.018s  
2019-11-28 16:30:45 行号:47   PASS   左键单击[click]  用时:0.089s  
2019-11-28 16:30:46 行号:48   PASS   查找元素[find_element]  用时:0.016s  
2019-11-28 16:30:46 行号:48   PASS   左键单击[click]  用时:0.101s  
2019-11-28 16:30:47 行号:50   PASS   查找元素[find_element]  用时:0.009s  
2019-11-28 16:30:48 行号:50   PASS   左键单击[click]  用时:0.398s  
2019-11-28 16:30:49 脚本运行完毕...
2019-11-28 16:30:49 开始运行脚本<class 'script.testCase.Y3me项目.数字化建模.总账.常用凭证.EasyCase'>
2019-11-28 16:30:49 行号:28   PASS   刷新页面[refresh]  用时:0.006s  
2019-11-28 16:30:50 行号:30   PASS   查找元素[find_element]  用时:0.009s  
2019-11-28 16:30:51 行号:30   PASS   左键单击[click]  用时:0.054s  
2019-11-28 16:30:53 行号:33   PASS   查找元素[find_element]  用时:0.012s  
2019-11-28 16:30:53 行号:33   PASS   左键单击[click]  用时:0.045s  
2019-11-28 16:30:55 行号:36   PASS   查找元素[find_element]  用时:0.010s  
2019-11-28 16:30:58 行号:43   PASS   查找元素[find_element]  用时:0.011s  
2019-11-28 16:31:03 行号:50   PASS   查找元素[find_element]  用时:0.009s  
2019-11-28 16:31:05 行号:53   PASS   查找元素[find_element]  用时:0.008s  
2019-11-28 16:31:06 行号:54   PASS   切换到表单[frame]  用时:0.014s  
2019-11-28 16:31:07 行号:57   PASS   查找元素[find_element]  用时:0.712s  
2019-11-28 16:31:08 行号:57   PASS   左键单击[click]  用时:0.085s  
2019-11-28 16:31:09 行号:62   PASS   查找元素[find_element]  用时:0.023s  
2019-11-28 16:31:10 行号:62   PASS   模拟输入[send_keys]  用时:0.163s  
2019-11-28 16:31:11 行号:67   PASS   查找元素[find_element]  用时:0.016s  
2019-11-28 16:31:11 行号:67   PASS   模拟输入[send_keys]  用时:0.143s  
2019-11-28 16:31:12 行号:70   PASS   查找元素[find_element]  用时:0.010s  
2019-11-28 16:31:13 行号:70   PASS   左键单击[click]  用时:0.072s  
2019-11-28 16:31:14 行号:74   PASS   查找元素[find_element]  用时:0.009s  
2019-11-28 16:31:14 行号:74   PASS   左键单击[click]  用时:0.060s  
2019-11-28 16:31:16 行号:78   PASS   查找元素[find_element]  用时:0.010s  
2019-11-28 16:31:16 行号:78   PASS   左键单击[click]  用时:0.065s  
2019-11-28 16:31:17 行号:80   PASS   查找元素[find_element]  用时:0.010s  
2019-11-28 16:31:18 行号:80   PASS   左键单击[click]  用时:0.083s  
2019-11-28 16:31:20 行号:83   PASS   查找元素[find_element]  用时:0.011s  
2019-11-28 16:31:21 行号:83   PASS   左键单击[click]  用时:0.082s  
2019-11-28 16:31:22 行号:86   PASS   查找元素[find_element]  用时:0.011s  
2019-11-28 16:31:22 行号:86   PASS   模拟输入[send_keys]  用时:0.203s  
2019-11-28 16:31:23 行号:89   PASS   查找元素[find_element]  用时:0.012s  
2019-11-28 16:31:24 行号:89   PASS   左键单击[click]  用时:0.059s  
2019-11-28 16:31:27 行号:91   PASS   查找元素[find_element]  用时:0.026s  
2019-11-28 16:31:28 行号:91   PASS   左键单击[click]  用时:0.377s  
2019-11-28 16:31:31 行号:93   TRUE   断言：包含[assertIn] 用时:0.000s TRUE.
2019-11-28 16:31:31 行号:96   PASS   查找元素[find_element]  用时:0.010s  
2019-11-28 16:31:32 行号:102  PASS   查找元素[find_element]  用时:0.011s  
2019-11-28 16:31:33 行号:102  PASS   左键单击[click]  用时:0.416s  
2019-11-28 16:31:35 行号:106  PASS   查找元素[find_element]  用时:0.011s  
2019-11-28 16:31:35 行号:106  PASS   左键单击[click]  用时:0.082s  
2019-11-28 16:31:37 行号:108  PASS   查找元素[find_element]  用时:0.009s  
2019-11-28 16:31:38 行号:108  PASS   左键单击[click]  用时:0.325s  
2019-11-28 16:31:41 行号:111  PASS   查找元素[find_element]  用时:0.010s  
2019-11-28 16:31:42 行号:117  PASS   查找元素[find_element]  用时:0.010s  
2019-11-28 16:31:42 行号:117  PASS   左键单击[click]  用时:0.077s  
2019-11-28 16:31:44 行号:121  PASS   查找元素[find_element]  用时:0.009s  
2019-11-28 16:31:45 行号:121  PASS   左键单击[click]  用时:0.077s  
2019-11-28 16:31:46 行号:122  TRUE   断言：不包含[assertNotIn] 用时:0.000s TRUE.
2019-11-28 16:31:46 行号:125  PASS   查找元素[find_element]  用时:0.009s  
2019-11-28 16:31:47 行号:125  PASS   左键单击[click]  用时:0.051s  
2019-11-28 16:31:49 行号:127  PASS   查找元素[find_element]  用时:0.009s  
2019-11-28 16:31:49 行号:127  PASS   左键单击[click]  用时:0.053s  
2019-11-28 16:31:50 脚本运行完毕...
2019-11-28 16:31:50 开始运行脚本<class 'script.testCase.U8EX项目.公共.U8EX登出.EasyCase'>
2019-11-28 16:31:50 行号:24   PASS   刷新页面[refresh]  用时:0.016s  
2019-11-28 16:31:52 行号:26   PASS   查找元素[find_element]  用时:0.012s  
2019-11-28 16:31:53 行号:26   PASS   左键单击[click]  用时:0.046s  
2019-11-28 16:31:54 行号:27   PASS   查找元素[find_element]  用时:0.011s  
2019-11-28 16:31:55 行号:27   PASS   左键单击[click]  用时:0.471s  
2019-11-28 16:31:56 脚本运行完毕...
2019-11-28 16:31:56 行号:0    PASS   关闭浏览器[quit]  用时:0.263s  
2019-11-28 16:31:59 场景<1>结束.用时:95.815s.
2019-11-28 16:31:59 场景统计结果：PASS: 76(100.00%),FAIL:  0(0.00%),ERROR:  0(0.00%),TRUE:  2,FALSE:  0

2019-11-28 16:31:59 ----------------------------------------
2019-11-28 16:31:59 End.
2019-11-28 16:31:59 测试方案统计结果:
                    场景<1>:PASS: 76(100.00%),FAIL:  0(0.00%),ERROR:  0(0.00%),TRUE:  2,FALSE:  0
                    总   计:PASS: 76(100.00%),FAIL:  0(0.00%),ERROR:  0(0.00%),TRUE:  2,FALSE:  0

