2019-11-28 20:21:42 Start.
2019-11-28 20:21:42 场景<1>开始.
2019-11-28 20:21:46 行号:0    PASS   最大化浏览器窗口[maximize_window]  用时:1.131s  
2019-11-28 20:21:47 chrome浏览器启动成功.
2019-11-28 20:21:47 开始加载脚本...
2019-11-28 20:21:47 脚本<1>：U8EX登录 加载成功.脚本路径：script/testCase/U8EX项目/公共/U8EX登录
2019-11-28 20:21:47 脚本<2>：常用凭证 加载成功.脚本路径：script/testCase/Y3me项目/数字化建模/总账/常用凭证
2019-11-28 20:21:47 脚本<3>：U8EX登出 加载成功.脚本路径：script/testCase/U8EX项目/公共/U8EX登出
2019-11-28 20:21:47 脚本加载完成...
2019-11-28 20:21:47 开始运行脚本<class 'script.testCase.U8EX项目.公共.U8EX登录.EasyCase'>
2019-11-28 20:21:50 行号:28   PASS   访问页面[get]  用时:3.695s  
2019-11-28 20:21:51 行号:29   PASS   查找元素[find_element]  用时:0.014s  
2019-11-28 20:21:52 行号:29   PASS   左键单击[click]  用时:0.077s  
2019-11-28 20:21:53 行号:32   PASS   查找元素[find_element]  用时:0.012s  
2019-11-28 20:21:53 行号:33   PASS   切换到表单[frame]  用时:0.018s  
2019-11-28 20:21:55 行号:36   PASS   查找元素[find_element]  用时:0.012s  
2019-11-28 20:21:56 行号:36   PASS   清除文本[clear]  用时:0.021s  
2019-11-28 20:21:57 行号:37   PASS   查找元素[find_element]  用时:0.008s  
2019-11-28 20:21:58 行号:37   PASS   模拟输入[send_keys]  用时:0.093s  
2019-11-28 20:21:59 行号:38   PASS   查找元素[find_element]  用时:0.010s  
2019-11-28 20:21:59 行号:38   PASS   清除文本[clear]  用时:0.018s  
2019-11-28 20:22:00 行号:39   PASS   查找元素[find_element]  用时:0.006s  
2019-11-28 20:22:01 行号:39   PASS   模拟输入[send_keys]  用时:0.071s  
2019-11-28 20:22:03 行号:41   PASS   查找元素[find_element]  用时:0.008s  
2019-11-28 20:22:03 行号:41   PASS   左键单击[click]  用时:0.079s  
2019-11-28 20:22:05 行号:47   PASS   查找元素[find_element]  用时:0.012s  
2019-11-28 20:22:06 行号:47   PASS   左键单击[click]  用时:0.134s  
2019-11-28 20:22:07 行号:48   PASS   查找元素[find_element]  用时:0.017s  
2019-11-28 20:22:08 行号:48   PASS   左键单击[click]  用时:0.096s  
2019-11-28 20:22:09 行号:50   PASS   查找元素[find_element]  用时:0.008s  
2019-11-28 20:22:09 行号:50   PASS   左键单击[click]  用时:0.370s  
2019-11-28 20:22:10 脚本运行完毕...
2019-11-28 20:22:10 开始运行脚本<class 'script.testCase.Y3me项目.数字化建模.总账.常用凭证.EasyCase'>
2019-11-28 20:22:10 行号:28   PASS   刷新页面[refresh]  用时:0.017s  
2019-11-28 20:22:11 行号:30   PASS   查找元素[find_element]  用时:0.010s  
2019-11-28 20:22:12 行号:30   PASS   左键单击[click]  用时:0.068s  
2019-11-28 20:22:14 行号:33   PASS   查找元素[find_element]  用时:0.012s  
2019-11-28 20:22:15 行号:33   PASS   左键单击[click]  用时:0.051s  
2019-11-28 20:22:17 行号:36   PASS   查找元素[find_element]  用时:0.010s  
2019-11-28 20:22:19 行号:43   PASS   查找元素[find_element]  用时:0.009s  
2019-11-28 20:22:24 行号:50   PASS   查找元素[find_element]  用时:0.009s  
2019-11-28 20:22:26 行号:53   PASS   查找元素[find_element]  用时:0.011s  
2019-11-28 20:22:27 行号:54   PASS   切换到表单[frame]  用时:0.360s  
2019-11-28 20:22:30 行号:57   PASS   查找元素[find_element]  用时:1.456s  
2019-11-28 20:22:31 行号:57   PASS   左键单击[click]  用时:1.116s  在2次重新定位元素后，元素行为执行成功
2019-11-28 20:22:32 行号:62   PASS   查找元素[find_element]  用时:0.010s  
2019-11-28 20:22:33 行号:62   PASS   模拟输入[send_keys]  用时:0.154s  
2019-11-28 20:22:34 行号:67   PASS   查找元素[find_element]  用时:0.010s  
2019-11-28 20:22:35 行号:67   PASS   模拟输入[send_keys]  用时:0.148s  
2019-11-28 20:22:36 行号:70   PASS   查找元素[find_element]  用时:0.012s  
2019-11-28 20:22:36 行号:70   PASS   左键单击[click]  用时:0.068s  
2019-11-28 20:22:37 行号:74   PASS   查找元素[find_element]  用时:0.010s  
2019-11-28 20:22:38 行号:74   PASS   左键单击[click]  用时:0.061s  
2019-11-28 20:22:39 行号:78   PASS   查找元素[find_element]  用时:0.011s  
2019-11-28 20:22:40 行号:78   PASS   左键单击[click]  用时:0.063s  
2019-11-28 20:22:41 行号:80   PASS   查找元素[find_element]  用时:0.009s  
2019-11-28 20:22:41 行号:80   PASS   左键单击[click]  用时:0.089s  
2019-11-28 20:22:43 行号:83   PASS   查找元素[find_element]  用时:0.021s  
2019-11-28 20:22:44 行号:83   PASS   左键单击[click]  用时:0.076s  
2019-11-28 20:22:45 行号:86   PASS   查找元素[find_element]  用时:0.009s  
2019-11-28 20:22:46 行号:86   PASS   模拟输入[send_keys]  用时:0.217s  
2019-11-28 20:22:47 行号:89   PASS   查找元素[find_element]  用时:0.015s  
2019-11-28 20:22:47 行号:89   PASS   左键单击[click]  用时:0.066s  
2019-11-28 20:22:50 行号:91   PASS   查找元素[find_element]  用时:0.009s  
2019-11-28 20:22:51 行号:91   PASS   左键单击[click]  用时:0.389s  
2019-11-28 20:22:54 行号:93   TRUE   断言：包含[assertIn] 用时:0.000s TRUE.
2019-11-28 20:22:54 行号:96   PASS   查找元素[find_element]  用时:0.012s  
2019-11-28 20:22:55 行号:102  PASS   查找元素[find_element]  用时:0.008s  
2019-11-28 20:22:56 行号:102  PASS   左键单击[click]  用时:0.508s  
2019-11-28 20:22:58 行号:106  PASS   查找元素[find_element]  用时:0.009s  
2019-11-28 20:22:59 行号:106  PASS   左键单击[click]  用时:0.102s  
2019-11-28 20:23:01 行号:108  PASS   查找元素[find_element]  用时:0.012s  
2019-11-28 20:23:02 行号:108  PASS   左键单击[click]  用时:0.340s  
2019-11-28 20:23:04 行号:111  PASS   查找元素[find_element]  用时:0.011s  
2019-11-28 20:23:05 行号:117  PASS   查找元素[find_element]  用时:0.011s  
2019-11-28 20:23:06 行号:117  PASS   左键单击[click]  用时:0.078s  
2019-11-28 20:23:08 行号:121  PASS   查找元素[find_element]  用时:0.009s  
2019-11-28 20:23:08 行号:121  PASS   左键单击[click]  用时:0.076s  
2019-11-28 20:23:09 行号:122  TRUE   断言：不包含[assertNotIn] 用时:0.000s TRUE.
2019-11-28 20:23:09 行号:125  PASS   查找元素[find_element]  用时:0.008s  
2019-11-28 20:23:10 行号:125  PASS   左键单击[click]  用时:0.052s  
2019-11-28 20:23:12 行号:127  PASS   查找元素[find_element]  用时:0.010s  
2019-11-28 20:23:13 行号:127  PASS   左键单击[click]  用时:0.047s  
2019-11-28 20:23:14 脚本运行完毕...
2019-11-28 20:23:14 开始运行脚本<class 'script.testCase.U8EX项目.公共.U8EX登出.EasyCase'>
2019-11-28 20:23:14 行号:24   PASS   刷新页面[refresh]  用时:0.016s  
2019-11-28 20:23:16 行号:26   PASS   查找元素[find_element]  用时:0.012s  
2019-11-28 20:23:16 行号:26   PASS   左键单击[click]  用时:0.057s  
2019-11-28 20:23:17 行号:27   PASS   查找元素[find_element]  用时:0.009s  
2019-11-28 20:23:18 行号:27   PASS   左键单击[click]  用时:0.597s  
2019-11-28 20:23:19 脚本运行完毕...
2019-11-28 20:23:20 行号:0    PASS   关闭浏览器[quit]  用时:0.330s  
2019-11-28 20:23:23 场景<1>结束.用时:101.098s.
2019-11-28 20:23:23 场景统计结果：PASS: 76(100.00%),FAIL:  0(0.00%),ERROR:  0(0.00%),TRUE:  2,FALSE:  0

2019-11-28 20:23:23 ----------------------------------------
2019-11-28 20:23:23 End.
2019-11-28 20:23:23 测试方案统计结果:
                    场景<1>:PASS: 76(100.00%),FAIL:  0(0.00%),ERROR:  0(0.00%),TRUE:  2,FALSE:  0
                    总   计:PASS: 76(100.00%),FAIL:  0(0.00%),ERROR:  0(0.00%),TRUE:  2,FALSE:  0

