2019-11-28 21:04:53 Start.
2019-11-28 21:04:53 场景<1>开始.
2019-11-28 21:04:57 行号:0    PASS   最大化浏览器窗口[maximize_window]  用时:1.118s  
2019-11-28 21:04:58 chrome浏览器启动成功.
2019-11-28 21:04:58 开始加载脚本...
2019-11-28 21:04:58 脚本<1>：U8EX登录 加载成功.脚本路径：script/testCase/U8EX项目/公共/U8EX登录
2019-11-28 21:04:58 脚本<2>：常用凭证 加载成功.脚本路径：script/testCase/Y3me项目/数字化建模/总账/常用凭证
2019-11-28 21:04:58 脚本<3>：U8EX登出 加载成功.脚本路径：script/testCase/U8EX项目/公共/U8EX登出
2019-11-28 21:04:58 脚本加载完成...
2019-11-28 21:04:58 开始运行脚本<class 'script.testCase.U8EX项目.公共.U8EX登录.EasyCase'>
2019-11-28 21:04:59 行号:28   PASS   访问页面[get]  用时:1.321s  
2019-11-28 21:05:00 行号:29   PASS   查找元素[find_element]  用时:0.017s  
2019-11-28 21:05:06 行号:29   PASS   左键单击[click]  用时:5.053s  
2019-11-28 21:05:07 行号:32   PASS   查找元素[find_element]  用时:0.009s  
2019-11-28 21:05:07 行号:33   PASS   切换到表单[frame]  用时:0.017s  
2019-11-28 21:05:09 行号:36   PASS   查找元素[find_element]  用时:0.011s  
2019-11-28 21:05:10 行号:36   PASS   清除文本[clear]  用时:0.020s  
2019-11-28 21:05:11 行号:37   PASS   查找元素[find_element]  用时:0.006s  
2019-11-28 21:05:12 行号:37   PASS   模拟输入[send_keys]  用时:0.050s  
2019-11-28 21:05:13 行号:38   PASS   查找元素[find_element]  用时:0.009s  
2019-11-28 21:05:13 行号:38   PASS   清除文本[clear]  用时:0.019s  
2019-11-28 21:05:14 行号:39   PASS   查找元素[find_element]  用时:0.006s  
2019-11-28 21:05:15 行号:39   PASS   模拟输入[send_keys]  用时:0.052s  
2019-11-28 21:05:17 行号:41   PASS   查找元素[find_element]  用时:0.008s  
2019-11-28 21:05:22 行号:41   PASS   左键单击[click]  用时:5.085s  
2019-11-28 21:05:24 行号:47   PASS   查找元素[find_element]  用时:0.012s  
2019-11-28 21:05:30 行号:47   PASS   左键单击[click]  用时:5.028s  
2019-11-28 21:06:01 行号:48   FAIL   查找元素[find_element]  用时:30.041s  参数:{'list': '', 'dict': {'xpath': '//*[@id="home_header"]//div[text()="1114UI测试专属"]'}} 页面中没有该元素.NoSuchElementException
2019-11-28 21:06:01 行号:48   ERROR  左键单击[click]  用时:0.000s  由于未找到元素，操作失败
2019-11-28 21:06:32 行号:50   FAIL   查找元素[find_element]  用时:30.014s  参数:{'list': '', 'dict': {'xpath': '//button[@class="u-button btn__style___37bsb u8c_primary__style___RFibc  btn__style___20DQM "]'}} 页面中没有该元素.NoSuchElementException
2019-11-28 21:06:33 行号:50   ERROR  左键单击[click]  用时:0.000s  由于未找到元素，操作失败
2019-11-28 21:06:34 脚本运行完毕...
2019-11-28 21:06:34 开始运行脚本<class 'script.testCase.Y3me项目.数字化建模.总账.常用凭证.EasyCase'>
2019-11-28 21:06:34 行号:28   PASS   刷新页面[refresh]  用时:0.006s  
2019-11-28 21:06:35 行号:30   PASS   查找元素[find_element]  用时:0.010s  
2019-11-28 21:06:40 行号:30   PASS   左键单击[click]  用时:5.099s  
2019-11-28 21:06:42 行号:33   PASS   查找元素[find_element]  用时:0.010s  
2019-11-28 21:06:48 行号:33   PASS   左键单击[click]  用时:5.044s  
2019-11-28 21:06:50 行号:36   PASS   查找元素[find_element]  用时:0.010s  
2019-11-28 21:07:03 行号:43   PASS   查找元素[find_element]  用时:0.009s  
2019-11-28 21:07:27 行号:50   PASS   查找元素[find_element]  用时:0.010s  
2019-11-28 21:07:30 行号:53   PASS   查找元素[find_element]  用时:0.183s  
2019-11-28 21:07:30 行号:54   PASS   切换到表单[frame]  用时:0.017s  
2019-11-28 21:07:31 行号:57   PASS   查找元素[find_element]  用时:0.011s  
2019-11-28 21:07:37 行号:57   PASS   左键单击[click]  用时:5.112s  
2019-11-28 21:07:38 行号:62   PASS   查找元素[find_element]  用时:0.009s  
2019-11-28 21:07:39 行号:62   PASS   模拟输入[send_keys]  用时:0.161s  
2019-11-28 21:07:40 行号:67   PASS   查找元素[find_element]  用时:0.009s  
2019-11-28 21:07:40 行号:67   PASS   模拟输入[send_keys]  用时:0.125s  
2019-11-28 21:07:41 行号:70   PASS   查找元素[find_element]  用时:0.011s  
2019-11-28 21:07:47 行号:70   PASS   左键单击[click]  用时:5.111s  
2019-11-28 21:07:48 行号:74   PASS   查找元素[find_element]  用时:0.012s  
2019-11-28 21:07:53 行号:74   PASS   左键单击[click]  用时:5.064s  
2019-11-28 21:07:55 行号:78   PASS   查找元素[find_element]  用时:0.011s  
2019-11-28 21:08:01 行号:78   PASS   左键单击[click]  用时:5.075s  
2019-11-28 21:08:02 行号:80   PASS   查找元素[find_element]  用时:0.009s  
2019-11-28 21:08:07 行号:80   PASS   左键单击[click]  用时:5.086s  
2019-11-28 21:08:09 行号:83   PASS   查找元素[find_element]  用时:0.009s  
2019-11-28 21:08:15 行号:83   PASS   左键单击[click]  用时:5.089s  
2019-11-28 21:08:16 行号:86   PASS   查找元素[find_element]  用时:0.012s  
2019-11-28 21:08:16 行号:86   PASS   模拟输入[send_keys]  用时:0.196s  
2019-11-28 21:08:17 行号:89   PASS   查找元素[find_element]  用时:0.011s  
2019-11-28 21:08:23 行号:89   PASS   左键单击[click]  用时:5.082s  
2019-11-28 21:08:26 行号:91   PASS   查找元素[find_element]  用时:0.009s  
2019-11-28 21:08:32 行号:91   PASS   左键单击[click]  用时:5.394s  
2019-11-28 21:08:35 行号:93   TRUE   断言：包含[assertIn] 用时:0.000s TRUE.
2019-11-28 21:08:35 行号:96   PASS   查找元素[find_element]  用时:0.013s  
2019-11-28 21:08:41 行号:102  PASS   查找元素[find_element]  用时:0.010s  
2019-11-28 21:08:47 行号:102  PASS   左键单击[click]  用时:5.621s  
2019-11-28 21:08:49 行号:106  PASS   查找元素[find_element]  用时:0.009s  
2019-11-28 21:08:55 行号:106  PASS   左键单击[click]  用时:5.103s  
2019-11-28 21:08:57 行号:108  PASS   查找元素[find_element]  用时:0.010s  
2019-11-28 21:09:03 行号:108  PASS   左键单击[click]  用时:5.393s  
2019-11-28 21:09:05 行号:111  PASS   查找元素[find_element]  用时:0.010s  
2019-11-28 21:09:11 行号:117  PASS   查找元素[find_element]  用时:0.009s  
2019-11-28 21:09:17 行号:117  PASS   左键单击[click]  用时:5.076s  
2019-11-28 21:09:19 行号:121  PASS   查找元素[find_element]  用时:0.012s  
2019-11-28 21:09:24 行号:121  PASS   左键单击[click]  用时:5.070s  
2019-11-28 21:09:25 行号:122  TRUE   断言：不包含[assertNotIn] 用时:0.001s TRUE.
2019-11-28 21:09:25 行号:125  PASS   查找元素[find_element]  用时:0.011s  
2019-11-28 21:09:31 行号:125  PASS   左键单击[click]  用时:5.061s  
2019-11-28 21:09:33 行号:127  PASS   查找元素[find_element]  用时:0.011s  
2019-11-28 21:09:39 行号:127  PASS   左键单击[click]  用时:5.049s  
2019-11-28 21:09:40 脚本运行完毕...
2019-11-28 21:09:40 开始运行脚本<class 'script.testCase.U8EX项目.公共.U8EX登出.EasyCase'>
2019-11-28 21:09:40 行号:24   PASS   刷新页面[refresh]  用时:0.006s  
2019-11-28 21:09:42 行号:26   PASS   查找元素[find_element]  用时:0.009s  
2019-11-28 21:09:47 行号:26   PASS   左键单击[click]  用时:5.060s  
2019-11-28 21:09:48 行号:27   PASS   查找元素[find_element]  用时:0.009s  
2019-11-28 21:09:54 行号:27   PASS   左键单击[click]  用时:5.516s  
2019-11-28 21:09:55 脚本运行完毕...
2019-11-28 21:09:56 行号:0    PASS   关闭浏览器[quit]  用时:0.301s  
2019-11-28 21:09:59 场景<1>结束.用时:305.323s.
2019-11-28 21:09:59 场景统计结果：PASS: 72(94.74%),FAIL:  2(2.63%),ERROR:  2(2.63%),TRUE:  2,FALSE:  0

2019-11-28 21:09:59 ----------------------------------------
2019-11-28 21:09:59 End.
2019-11-28 21:09:59 测试方案统计结果:
                    场景<1>:PASS: 72(94.74%),FAIL:  2(2.63%),ERROR:  2(2.63%),TRUE:  2,FALSE:  0
                    总   计:PASS: 72(94.74%),FAIL:  2(2.63%),ERROR:  2(2.63%),TRUE:  2,FALSE:  0

