2019-11-28 16:11:47 Start.
2019-11-28 16:11:48 场景<1>开始.
2019-11-28 16:11:51 行号:0    PASS   最大化浏览器窗口[maximize_window]  用时:1.115s  
2019-11-28 16:11:52 chrome浏览器启动成功.
2019-11-28 16:11:52 开始加载脚本...
2019-11-28 16:11:52 脚本<1>：U8EX登录 加载成功.脚本路径：script/testCase/U8EX项目/公共/U8EX登录
2019-11-28 16:11:52 脚本<2>：常用凭证 加载成功.脚本路径：script/testCase/Y3me项目/数字化建模/总账/常用凭证
2019-11-28 16:11:52 脚本<3>：U8EX登出 加载成功.脚本路径：script/testCase/U8EX项目/公共/U8EX登出
2019-11-28 16:11:52 脚本加载完成...
2019-11-28 16:11:52 开始运行脚本<class 'script.testCase.U8EX项目.公共.U8EX登录.EasyCase'>
2019-11-28 16:11:54 行号:28   PASS   访问页面[get]  用时:1.273s  
2019-11-28 16:11:55 行号:29   PASS   查找元素[find_element]  用时:0.015s  
2019-11-28 16:11:55 行号:29   PASS   左键单击[click]  用时:0.077s  
2019-11-28 16:11:56 行号:32   PASS   查找元素[find_element]  用时:0.025s  
2019-11-28 16:11:57 行号:33   PASS   切换到表单[frame]  用时:0.020s  
2019-11-28 16:11:59 行号:36   PASS   查找元素[find_element]  用时:0.011s  
2019-11-28 16:11:59 行号:36   PASS   清除文本[clear]  用时:0.022s  
2019-11-28 16:12:00 行号:37   PASS   查找元素[find_element]  用时:0.020s  
2019-11-28 16:12:01 行号:37   PASS   模拟输入[send_keys]  用时:0.087s  
2019-11-28 16:12:02 行号:38   PASS   查找元素[find_element]  用时:0.017s  
2019-11-28 16:12:03 行号:38   PASS   清除文本[clear]  用时:0.018s  
2019-11-28 16:12:04 行号:39   PASS   查找元素[find_element]  用时:0.007s  
2019-11-28 16:12:04 行号:39   PASS   模拟输入[send_keys]  用时:0.072s  
2019-11-28 16:12:06 行号:41   PASS   查找元素[find_element]  用时:0.010s  
2019-11-28 16:12:07 行号:41   PASS   左键单击[click]  用时:0.091s  
2019-11-28 16:12:09 行号:47   PASS   查找元素[find_element]  用时:0.039s  
2019-11-28 16:12:10 行号:47   PASS   左键单击[click]  用时:0.407s  
2019-11-28 16:12:11 行号:48   PASS   查找元素[find_element]  用时:0.012s  
2019-11-28 16:12:11 行号:48   PASS   左键单击[click]  用时:0.101s  
2019-11-28 16:12:12 行号:50   PASS   查找元素[find_element]  用时:0.009s  
2019-11-28 16:12:13 行号:50   PASS   左键单击[click]  用时:0.500s  
2019-11-28 16:12:14 脚本运行完毕...
2019-11-28 16:12:14 开始运行脚本<class 'script.testCase.Y3me项目.数字化建模.总账.常用凭证.EasyCase'>
2019-11-28 16:12:14 行号:28   PASS   刷新页面[refresh]  用时:0.008s  
2019-11-28 16:12:15 行号:30   PASS   查找元素[find_element]  用时:0.011s  
2019-11-28 16:12:17 行号:30   PASS   左键单击[click]  用时:1.103s  在2次重新定位元素后，元素行为执行成功
2019-11-28 16:12:19 行号:33   PASS   查找元素[find_element]  用时:0.010s  
2019-11-28 16:12:19 行号:33   PASS   左键单击[click]  用时:0.058s  
