2019-11-28 10:25:05 Start.
2019-11-28 10:25:05 场景<1>开始.
2019-11-28 10:25:09 行号:0    PASS   最大化浏览器窗口[maximize_window]  用时:1.113s  
2019-11-28 10:25:10 chrome浏览器启动成功.
2019-11-28 10:25:10 开始加载脚本...
2019-11-28 10:25:10 脚本<1>：U8EX登录 加载成功.脚本路径：script/testCase/U8EX项目/公共/U8EX登录
2019-11-28 10:25:10 脚本<2>：入离职交接项配置 加载成功.脚本路径：script/testCase/Y3me项目/数字化建模/人力基础/入离职交接项配置
2019-11-28 10:25:10 脚本<3>：U8EX登出 加载成功.脚本路径：script/testCase/U8EX项目/公共/U8EX登出
2019-11-28 10:25:10 脚本加载完成...
2019-11-28 10:25:10 开始运行脚本<class 'script.testCase.U8EX项目.公共.U8EX登录.EasyCase'>
2019-11-28 10:25:11 行号:28   PASS   访问页面[get]  用时:1.363s  
2019-11-28 10:25:12 行号:29   PASS   查找元素[find_element]  用时:0.012s  
2019-11-28 10:25:13 行号:29   PASS   左键单击[click]  用时:0.049s  
2019-11-28 10:25:14 行号:32   PASS   查找元素[find_element]  用时:0.022s  
2019-11-28 10:25:14 行号:33   PASS   切换到表单[frame]  用时:0.016s  
2019-11-28 10:25:16 行号:36   PASS   查找元素[find_element]  用时:0.010s  
2019-11-28 10:25:17 行号:36   PASS   清除文本[clear]  用时:0.016s  
2019-11-28 10:25:18 行号:37   PASS   查找元素[find_element]  用时:0.006s  
2019-11-28 10:25:18 行号:37   PASS   模拟输入[send_keys]  用时:0.091s  
2019-11-28 10:25:19 行号:38   PASS   查找元素[find_element]  用时:0.017s  
2019-11-28 10:25:20 行号:38   PASS   清除文本[clear]  用时:0.017s  
2019-11-28 10:25:21 行号:39   PASS   查找元素[find_element]  用时:0.006s  
2019-11-28 10:25:22 行号:39   PASS   模拟输入[send_keys]  用时:0.072s  
2019-11-28 10:25:24 行号:41   PASS   查找元素[find_element]  用时:0.025s  
2019-11-28 10:25:24 行号:41   PASS   左键单击[click]  用时:0.083s  
2019-11-28 10:25:26 行号:47   PASS   查找元素[find_element]  用时:0.012s  
2019-11-28 10:25:27 行号:47   PASS   左键单击[click]  用时:0.128s  
2019-11-28 10:25:28 行号:48   PASS   查找元素[find_element]  用时:0.013s  
2019-11-28 10:25:28 行号:48   PASS   左键单击[click]  用时:0.086s  
2019-11-28 10:25:29 行号:50   PASS   查找元素[find_element]  用时:0.009s  
2019-11-28 10:25:30 行号:50   PASS   左键单击[click]  用时:0.486s  
2019-11-28 10:25:31 脚本运行完毕...
2019-11-28 10:25:31 开始运行脚本<class 'script.testCase.Y3me项目.数字化建模.人力基础.入离职交接项配置.EasyCase'>
2019-11-28 10:25:32 行号:21   PASS   刷新页面[refresh]  用时:0.228s  
2019-11-28 10:25:33 行号:23   PASS   查找元素[find_element]  用时:0.009s  
2019-11-28 10:25:33 行号:23   PASS   左键单击[click]  用时:0.152s  
2019-11-28 10:25:35 行号:26   PASS   查找元素[find_element]  用时:0.019s  
2019-11-28 10:25:36 行号:26   PASS   左键单击[click]  用时:0.054s  
2019-11-28 10:25:38 行号:29   PASS   查找元素[find_element]  用时:0.009s  
2019-11-28 10:25:40 行号:36   PASS   查找元素[find_element]  用时:0.008s  
2019-11-28 10:25:45 行号:43   PASS   查找元素[find_element]  用时:0.098s  
2019-11-28 10:25:48 行号:46   PASS   查找元素[find_element]  用时:0.011s  
2019-11-28 10:25:48 行号:47   PASS   切换到表单[frame]  用时:0.017s  
2019-11-28 10:25:49 行号:50   PASS   查找元素[find_element]  用时:0.009s  
2019-11-28 10:25:50 行号:50   PASS   左键单击[click]  用时:0.090s  
2019-11-28 10:25:53 行号:53   PASS   查找元素[find_element]  用时:0.009s  
2019-11-28 10:25:53 行号:53   PASS   左键单击[click]  用时:0.088s  
2019-11-28 10:25:55 行号:56   PASS   查找元素[find_element]  用时:0.009s  
2019-11-28 10:25:55 行号:56   PASS   左键单击[click]  用时:0.065s  
2019-11-28 10:25:57 行号:58   PASS   查找元素[find_element]  用时:0.010s  
2019-11-28 10:25:57 行号:58   PASS   左键单击[click]  用时:0.081s  
2019-11-28 10:25:58 行号:60   PASS   查找元素[find_element]  用时:0.011s  
2019-11-28 10:25:59 行号:60   PASS   左键单击[click]  用时:0.072s  
2019-11-28 10:26:00 行号:63   PASS   查找元素[find_element]  用时:0.009s  
2019-11-28 10:26:01 行号:63   PASS   左键单击[click]  用时:0.089s  
2019-11-28 10:26:02 行号:66   PASS   查找元素[find_element]  用时:0.009s  
2019-11-28 10:26:02 行号:66   PASS   左键单击[click]  用时:0.054s  
2019-11-28 10:26:03 行号:69   PASS   查找元素[find_element]  用时:0.007s  
2019-11-28 10:26:04 行号:69   PASS   左键单击[click]  用时:0.061s  
2019-11-28 10:26:05 行号:73   PASS   查找元素[find_element]  用时:0.009s  
2019-11-28 10:26:05 行号:73   PASS   左键单击[click]  用时:0.085s  
2019-11-28 10:26:06 行号:76   PASS   查找元素[find_element]  用时:0.007s  
2019-11-28 10:26:07 行号:76   PASS   左键单击[click]  用时:0.052s  
2019-11-28 10:26:08 行号:79   PASS   查找元素[find_element]  用时:0.008s  
2019-11-28 10:26:08 行号:79   PASS   左键单击[click]  用时:0.057s  
2019-11-28 10:26:09 行号:83   PASS   查找元素[find_element]  用时:0.011s  
2019-11-28 10:26:10 行号:83   PASS   左键单击[click]  用时:0.083s  
2019-11-28 10:26:11 行号:86   PASS   查找元素[find_element]  用时:0.007s  
2019-11-28 10:26:12 行号:86   PASS   左键单击[click]  用时:0.049s  
2019-11-28 10:26:13 行号:89   PASS   查找元素[find_element]  用时:0.006s  
2019-11-28 10:26:13 行号:89   PASS   左键单击[click]  用时:0.066s  
2019-11-28 10:26:14 行号:93   PASS   查找元素[find_element]  用时:0.010s  
2019-11-28 10:26:15 行号:93   PASS   左键单击[click]  用时:0.109s  
2019-11-28 10:26:18 行号:97   PASS   查找元素[find_element]  用时:0.016s  
2019-11-28 10:26:18 行号:97   PASS   左键单击[click]  用时:0.060s  
2019-11-28 10:26:20 行号:101  PASS   查找元素[find_element]  用时:0.011s  
2019-11-28 10:26:21 行号:101  PASS   左键单击[click]  用时:0.090s  
2019-11-28 10:26:23 行号:105  PASS   查找元素[find_element]  用时:0.010s  
2019-11-28 10:26:23 行号:105  PASS   左键单击[click]  用时:0.060s  
2019-11-28 10:26:24 行号:109  PASS   查找元素[find_element]  用时:0.011s  
2019-11-28 10:26:25 行号:109  PASS   左键单击[click]  用时:0.078s  
2019-11-28 10:26:27 行号:112  PASS   查找元素[find_element]  用时:0.010s  
2019-11-28 10:26:27 行号:112  PASS   左键单击[click]  用时:0.069s  
2019-11-28 10:26:30 行号:116  PASS   查找元素[find_element]  用时:0.009s  
2019-11-28 10:26:31 行号:116  PASS   左键单击[click]  用时:0.097s  
2019-11-28 10:26:33 行号:120  PASS   查找元素[find_element]  用时:0.009s  
2019-11-28 10:26:33 行号:120  PASS   左键单击[click]  用时:0.054s  
2019-11-28 10:26:34 行号:127  PASS   查找元素[find_element]  用时:0.008s  
2019-11-28 10:26:35 行号:127  PASS   左键单击[click]  用时:0.051s  
2019-11-28 10:26:37 行号:129  PASS   查找元素[find_element]  用时:0.010s  
2019-11-28 10:26:38 行号:129  PASS   左键单击[click]  用时:0.051s  
2019-11-28 10:26:39 脚本运行完毕...
2019-11-28 10:26:39 开始运行脚本<class 'script.testCase.U8EX项目.公共.U8EX登出.EasyCase'>
2019-11-28 10:26:39 行号:24   PASS   刷新页面[refresh]  用时:0.009s  
2019-11-28 10:26:41 行号:26   PASS   查找元素[find_element]  用时:0.014s  
2019-11-28 10:26:41 行号:26   PASS   左键单击[click]  用时:0.046s  
2019-11-28 10:26:42 行号:27   PASS   查找元素[find_element]  用时:0.010s  
2019-11-28 10:26:43 行号:27   PASS   左键单击[click]  用时:0.427s  
2019-11-28 10:26:44 脚本运行完毕...
2019-11-28 10:26:44 行号:0    PASS   关闭浏览器[quit]  用时:0.290s  
2019-11-28 10:26:47 场景<1>结束.用时:102.438s.
2019-11-28 10:26:47 场景统计结果：PASS: 86(100.00%),FAIL:  0(0.00%),ERROR:  0(0.00%),TRUE:  0,FALSE:  0

2019-11-28 10:26:47 ----------------------------------------
2019-11-28 10:26:47 End.
2019-11-28 10:26:47 测试方案统计结果:
                    场景<1>:PASS: 86(100.00%),FAIL:  0(0.00%),ERROR:  0(0.00%),TRUE:  0,FALSE:  0
                    总   计:PASS: 86(100.00%),FAIL:  0(0.00%),ERROR:  0(0.00%),TRUE:  0,FALSE:  0

