2019-11-28 13:57:41 Start.
2019-11-28 13:57:41 场景<1>开始.
2019-11-28 13:57:45 行号:0    PASS   最大化浏览器窗口[maximize_window]  用时:1.113s  
2019-11-28 13:57:46 chrome浏览器启动成功.
2019-11-28 13:57:46 开始加载脚本...
2019-11-28 13:57:46 脚本<1>：U8EX登录 加载成功.脚本路径：script/testCase/U8EX项目/公共/U8EX登录
2019-11-28 13:57:46 脚本<2>：常用凭证 加载成功.脚本路径：script/testCase/Y3me项目/数字化建模/总账/常用凭证
2019-11-28 13:57:46 脚本<3>：U8EX登出 加载成功.脚本路径：script/testCase/U8EX项目/公共/U8EX登出
2019-11-28 13:57:46 脚本加载完成...
2019-11-28 13:57:46 开始运行脚本<class 'script.testCase.U8EX项目.公共.U8EX登录.EasyCase'>
2019-11-28 13:57:47 行号:28   PASS   访问页面[get]  用时:1.098s  
2019-11-28 13:57:48 行号:29   PASS   查找元素[find_element]  用时:0.011s  
2019-11-28 13:57:49 行号:29   PASS   左键单击[click]  用时:0.054s  
2019-11-28 13:57:50 行号:32   PASS   查找元素[find_element]  用时:0.009s  
2019-11-28 13:57:50 行号:33   PASS   切换到表单[frame]  用时:0.017s  
2019-11-28 13:57:52 行号:36   PASS   查找元素[find_element]  用时:0.011s  
2019-11-28 13:57:53 行号:36   PASS   清除文本[clear]  用时:0.017s  
2019-11-28 13:57:54 行号:37   PASS   查找元素[find_element]  用时:0.005s  
2019-11-28 13:57:54 行号:37   PASS   模拟输入[send_keys]  用时:0.090s  
2019-11-28 13:57:55 行号:38   PASS   查找元素[find_element]  用时:0.009s  
2019-11-28 13:57:56 行号:38   PASS   清除文本[clear]  用时:0.019s  
2019-11-28 13:57:57 行号:39   PASS   查找元素[find_element]  用时:0.006s  
2019-11-28 13:57:57 行号:39   PASS   模拟输入[send_keys]  用时:0.077s  
2019-11-28 13:57:59 行号:41   PASS   查找元素[find_element]  用时:0.018s  
2019-11-28 13:58:00 行号:41   PASS   左键单击[click]  用时:0.082s  
2019-11-28 13:58:02 行号:47   PASS   查找元素[find_element]  用时:0.011s  
2019-11-28 13:58:03 行号:47   PASS   左键单击[click]  用时:0.065s  
2019-11-28 13:58:04 行号:48   PASS   查找元素[find_element]  用时:0.010s  
2019-11-28 13:58:04 行号:48   PASS   左键单击[click]  用时:0.094s  
2019-11-28 13:58:05 行号:50   PASS   查找元素[find_element]  用时:0.014s  
2019-11-28 13:58:06 行号:50   PASS   左键单击[click]  用时:0.721s  
2019-11-28 13:58:07 脚本运行完毕...
2019-11-28 13:58:07 开始运行脚本<class 'script.testCase.Y3me项目.数字化建模.总账.常用凭证.EasyCase'>
2019-11-28 13:58:07 行号:22   PASS   刷新页面[refresh]  用时:0.008s  
2019-11-28 13:58:08 行号:24   PASS   查找元素[find_element]  用时:0.011s  
2019-11-28 13:58:09 行号:24   PASS   左键单击[click]  用时:0.052s  
2019-11-28 13:58:11 行号:27   PASS   查找元素[find_element]  用时:0.011s  
2019-11-28 13:58:11 行号:27   PASS   左键单击[click]  用时:0.055s  
2019-11-28 13:58:13 行号:30   PASS   查找元素[find_element]  用时:0.008s  
2019-11-28 13:58:16 行号:37   PASS   查找元素[find_element]  用时:0.008s  
2019-11-28 13:58:21 行号:44   PASS   查找元素[find_element]  用时:0.012s  
2019-11-28 13:58:23 行号:47   PASS   查找元素[find_element]  用时:0.297s  
2019-11-28 13:58:24 行号:48   PASS   切换到表单[frame]  用时:0.015s  
2019-11-28 13:58:25 行号:51   PASS   查找元素[find_element]  用时:0.011s  
2019-11-28 13:58:26 行号:51   PASS   左键单击[click]  用时:0.086s  
2019-11-28 13:58:27 行号:56   PASS   查找元素[find_element]  用时:0.011s  
2019-11-28 13:58:27 行号:56   PASS   模拟输入[send_keys]  用时:0.140s  
2019-11-28 13:58:28 行号:61   PASS   查找元素[find_element]  用时:0.011s  
2019-11-28 13:58:29 行号:61   PASS   模拟输入[send_keys]  用时:0.173s  
2019-11-28 13:58:30 行号:64   PASS   查找元素[find_element]  用时:0.010s  
2019-11-28 13:58:30 行号:64   PASS   左键单击[click]  用时:0.071s  
2019-11-28 13:58:31 行号:68   PASS   查找元素[find_element]  用时:0.010s  
2019-11-28 13:58:32 行号:68   PASS   左键单击[click]  用时:0.058s  
2019-11-28 13:58:34 行号:72   PASS   查找元素[find_element]  用时:0.009s  
2019-11-28 13:58:34 行号:72   PASS   左键单击[click]  用时:0.073s  
2019-11-28 13:58:35 行号:74   PASS   查找元素[find_element]  用时:0.010s  
2019-11-28 13:58:36 行号:74   PASS   左键单击[click]  用时:0.083s  
2019-11-28 13:58:38 行号:77   PASS   查找元素[find_element]  用时:0.010s  
2019-11-28 13:58:38 行号:77   PASS   左键单击[click]  用时:0.091s  
2019-11-28 13:58:39 行号:80   PASS   查找元素[find_element]  用时:0.009s  
2019-11-28 13:58:40 行号:80   PASS   左键单击[click]  用时:0.058s  
2019-11-28 13:58:41 行号:83   PASS   查找元素[find_element]  用时:0.009s  
2019-11-28 13:58:41 行号:83   PASS   左键单击[click]  用时:0.067s  
2019-11-28 13:58:44 行号:85   PASS   查找元素[find_element]  用时:0.010s  
2019-11-28 13:58:45 行号:85   PASS   左键单击[click]  用时:0.376s  
2019-11-28 13:58:48 行号:87   TRUE   断言：包含[assertIn] 用时:0.000s TRUE.
2019-11-28 13:58:48 行号:90   PASS   查找元素[find_element]  用时:0.011s  
2019-11-28 13:58:49 行号:96   PASS   查找元素[find_element]  用时:0.014s  
2019-11-28 13:58:50 行号:96   PASS   左键单击[click]  用时:0.383s  
2019-11-28 13:58:52 行号:100  PASS   查找元素[find_element]  用时:0.012s  
2019-11-28 13:58:53 行号:100  PASS   左键单击[click]  用时:0.081s  
2019-11-28 13:58:55 行号:102  PASS   查找元素[find_element]  用时:0.011s  
2019-11-28 13:58:56 行号:102  PASS   左键单击[click]  用时:0.341s  
2019-11-28 13:58:58 行号:105  PASS   查找元素[find_element]  用时:0.013s  
2019-11-28 13:58:59 行号:111  PASS   查找元素[find_element]  用时:0.010s  
2019-11-28 13:59:00 行号:111  PASS   左键单击[click]  用时:0.072s  
2019-11-28 13:59:02 行号:115  PASS   查找元素[find_element]  用时:0.010s  
2019-11-28 13:59:02 行号:115  PASS   左键单击[click]  用时:0.070s  
2019-11-28 13:59:03 行号:116  TRUE   断言：不包含[assertNotIn] 用时:0.000s TRUE.
2019-11-28 13:59:04 行号:119  PASS   查找元素[find_element]  用时:0.010s  
2019-11-28 13:59:04 行号:119  PASS   左键单击[click]  用时:0.057s  
2019-11-28 13:59:06 行号:121  PASS   查找元素[find_element]  用时:0.009s  
2019-11-28 13:59:07 行号:121  PASS   左键单击[click]  用时:0.046s  
2019-11-28 13:59:08 脚本运行完毕...
2019-11-28 13:59:08 开始运行脚本<class 'script.testCase.U8EX项目.公共.U8EX登出.EasyCase'>
2019-11-28 13:59:08 行号:24   PASS   刷新页面[refresh]  用时:0.005s  
2019-11-28 13:59:10 行号:26   PASS   查找元素[find_element]  用时:0.040s  
2019-11-28 13:59:10 行号:26   PASS   左键单击[click]  用时:0.056s  
2019-11-28 13:59:11 行号:27   PASS   查找元素[find_element]  用时:0.010s  
2019-11-28 13:59:12 行号:27   PASS   左键单击[click]  用时:0.395s  
2019-11-28 13:59:13 脚本运行完毕...
2019-11-28 13:59:13 行号:0    PASS   关闭浏览器[quit]  用时:0.295s  
2019-11-28 13:59:16 场景<1>结束.用时:95.314s.
2019-11-28 13:59:16 场景统计结果：PASS: 76(100.00%),FAIL:  0(0.00%),ERROR:  0(0.00%),TRUE:  2,FALSE:  0

2019-11-28 13:59:16 ----------------------------------------
2019-11-28 13:59:16 End.
2019-11-28 13:59:16 测试方案统计结果:
                    场景<1>:PASS: 76(100.00%),FAIL:  0(0.00%),ERROR:  0(0.00%),TRUE:  2,FALSE:  0
                    总   计:PASS: 76(100.00%),FAIL:  0(0.00%),ERROR:  0(0.00%),TRUE:  2,FALSE:  0

