2019-11-28 09:55:38 Start.
2019-11-28 09:55:38 场景<1>开始.
2019-11-28 09:55:45 行号:0    PASS   最大化浏览器窗口[maximize_window]  用时:1.116s  
2019-11-28 09:55:46 chrome浏览器启动成功.
2019-11-28 09:55:46 开始加载脚本...
2019-11-28 09:55:46 脚本<1>：U8EX登录 加载成功.脚本路径：script/testCase/U8EX项目/公共/U8EX登录
2019-11-28 09:55:46 脚本<2>：常用摘要 加载成功.脚本路径：script/testCase/Y3me项目/数字化建模/总账/常用摘要
2019-11-28 09:55:46 脚本<3>：U8EX登出 加载成功.脚本路径：script/testCase/U8EX项目/公共/U8EX登出
2019-11-28 09:55:46 脚本加载完成...
2019-11-28 09:55:46 开始运行脚本<class 'script.testCase.U8EX项目.公共.U8EX登录.EasyCase'>
2019-11-28 09:55:48 行号:28   PASS   访问页面[get]  用时:2.444s  
2019-11-28 09:55:49 行号:29   PASS   查找元素[find_element]  用时:0.014s  
2019-11-28 09:55:50 行号:29   PASS   左键单击[click]  用时:0.085s  
2019-11-28 09:55:51 行号:32   PASS   查找元素[find_element]  用时:0.009s  
2019-11-28 09:55:51 行号:33   PASS   切换到表单[frame]  用时:0.015s  
2019-11-28 09:55:53 行号:36   PASS   查找元素[find_element]  用时:0.011s  
2019-11-28 09:55:54 行号:36   PASS   清除文本[clear]  用时:0.020s  
2019-11-28 09:55:55 行号:37   PASS   查找元素[find_element]  用时:0.008s  
2019-11-28 09:55:56 行号:37   PASS   模拟输入[send_keys]  用时:0.107s  
2019-11-28 09:55:57 行号:38   PASS   查找元素[find_element]  用时:0.016s  
2019-11-28 09:55:57 行号:38   PASS   清除文本[clear]  用时:0.019s  
2019-11-28 09:55:58 行号:39   PASS   查找元素[find_element]  用时:0.007s  
2019-11-28 09:55:59 行号:39   PASS   模拟输入[send_keys]  用时:0.066s  
2019-11-28 09:56:01 行号:41   PASS   查找元素[find_element]  用时:0.008s  
2019-11-28 09:56:01 行号:41   PASS   左键单击[click]  用时:0.096s  
2019-11-28 09:56:03 行号:47   PASS   查找元素[find_element]  用时:0.012s  
2019-11-28 09:56:05 行号:47   PASS   左键单击[click]  用时:1.136s  在2次重新定位元素后，元素行为执行成功
2019-11-28 09:56:06 行号:48   PASS   查找元素[find_element]  用时:0.011s  
2019-11-28 09:56:07 行号:48   PASS   左键单击[click]  用时:0.131s  
2019-11-28 09:56:08 行号:50   PASS   查找元素[find_element]  用时:0.010s  
2019-11-28 09:56:09 行号:50   PASS   左键单击[click]  用时:0.753s  
2019-11-28 09:56:10 脚本运行完毕...
2019-11-28 09:56:10 开始运行脚本<class 'script.testCase.Y3me项目.数字化建模.总账.常用摘要.EasyCase'>
2019-11-28 09:56:10 行号:27   PASS   刷新页面[refresh]  用时:0.008s  
2019-11-28 09:56:11 行号:29   PASS   查找元素[find_element]  用时:0.009s  
2019-11-28 09:56:13 行号:29   PASS   左键单击[click]  用时:1.082s  在2次重新定位元素后，元素行为执行成功
2019-11-28 09:56:15 行号:32   PASS   查找元素[find_element]  用时:0.009s  
2019-11-28 09:56:15 行号:32   PASS   左键单击[click]  用时:0.038s  
2019-11-28 09:56:17 行号:35   PASS   查找元素[find_element]  用时:0.009s  
2019-11-28 09:56:20 行号:42   PASS   查找元素[find_element]  用时:0.008s  
2019-11-28 09:56:24 行号:49   PASS   查找元素[find_element]  用时:0.009s  
2019-11-28 09:56:27 行号:52   PASS   查找元素[find_element]  用时:0.008s  
2019-11-28 09:56:27 行号:53   PASS   切换到表单[frame]  用时:0.019s  
2019-11-28 09:56:28 行号:56   PASS   查找元素[find_element]  用时:0.078s  
2019-11-28 09:56:29 行号:56   PASS   左键单击[click]  用时:0.143s  
2019-11-28 09:56:30 行号:0    ERROR  [runTest]  用时:  测试用例脚本发生错误，请检查脚本代码：name 'random' is not defined
2019-11-28 09:56:30 脚本运行完毕...
2019-11-28 09:56:30 开始运行脚本<class 'script.testCase.U8EX项目.公共.U8EX登出.EasyCase'>
2019-11-28 09:56:30 行号:24   PASS   刷新页面[refresh]  用时:0.279s  
2019-11-28 09:56:32 行号:26   PASS   查找元素[find_element]  用时:0.010s  
2019-11-28 09:56:33 行号:26   PASS   左键单击[click]  用时:0.041s  
2019-11-28 09:56:34 行号:27   PASS   查找元素[find_element]  用时:0.010s  
2019-11-28 09:56:35 行号:27   PASS   左键单击[click]  用时:0.418s  
2019-11-28 09:56:36 脚本运行完毕...
2019-11-28 09:56:36 行号:0    PASS   关闭浏览器[quit]  用时:0.313s  
2019-11-28 09:56:39 场景<1>结束.用时:60.602s.
2019-11-28 09:56:39 场景统计结果：PASS: 40(97.56%),FAIL:  0(0.00%),ERROR:  1(2.44%),TRUE:  0,FALSE:  0

2019-11-28 09:56:39 ----------------------------------------
2019-11-28 09:56:39 End.
2019-11-28 09:56:39 测试方案统计结果:
                    场景<1>:PASS: 40(97.56%),FAIL:  0(0.00%),ERROR:  1(2.44%),TRUE:  0,FALSE:  0
                    总   计:PASS: 40(97.56%),FAIL:  0(0.00%),ERROR:  1(2.44%),TRUE:  0,FALSE:  0

