2019-11-28 09:56:50 Start.
2019-11-28 09:56:50 场景<1>开始.
2019-11-28 09:56:54 行号:0    PASS   最大化浏览器窗口[maximize_window]  用时:1.116s  
2019-11-28 09:56:55 chrome浏览器启动成功.
2019-11-28 09:56:55 开始加载脚本...
2019-11-28 09:56:55 脚本<1>：U8EX登录 加载成功.脚本路径：script/testCase/U8EX项目/公共/U8EX登录
2019-11-28 09:56:55 脚本<2>：常用摘要 加载成功.脚本路径：script/testCase/Y3me项目/数字化建模/总账/常用摘要
2019-11-28 09:56:55 脚本<3>：U8EX登出 加载成功.脚本路径：script/testCase/U8EX项目/公共/U8EX登出
2019-11-28 09:56:55 脚本加载完成...
2019-11-28 09:56:55 开始运行脚本<class 'script.testCase.U8EX项目.公共.U8EX登录.EasyCase'>
2019-11-28 09:56:56 行号:28   PASS   访问页面[get]  用时:1.136s  
2019-11-28 09:56:57 行号:29   PASS   查找元素[find_element]  用时:0.012s  
2019-11-28 09:56:58 行号:29   PASS   左键单击[click]  用时:0.044s  
2019-11-28 09:56:59 行号:32   PASS   查找元素[find_element]  用时:0.010s  
2019-11-28 09:57:00 行号:33   PASS   切换到表单[frame]  用时:0.021s  
2019-11-28 09:57:02 行号:36   PASS   查找元素[find_element]  用时:0.011s  
2019-11-28 09:57:02 行号:36   PASS   清除文本[clear]  用时:0.018s  
2019-11-28 09:57:03 行号:37   PASS   查找元素[find_element]  用时:0.006s  
2019-11-28 09:57:04 行号:37   PASS   模拟输入[send_keys]  用时:0.090s  
2019-11-28 09:57:05 行号:38   PASS   查找元素[find_element]  用时:0.008s  
2019-11-28 09:57:05 行号:38   PASS   清除文本[clear]  用时:0.016s  
2019-11-28 09:57:06 行号:39   PASS   查找元素[find_element]  用时:0.006s  
2019-11-28 09:57:07 行号:39   PASS   模拟输入[send_keys]  用时:0.062s  
2019-11-28 09:57:09 行号:41   PASS   查找元素[find_element]  用时:0.010s  
2019-11-28 09:57:09 行号:41   PASS   左键单击[click]  用时:0.081s  
2019-11-28 09:57:11 行号:47   PASS   查找元素[find_element]  用时:0.013s  
2019-11-28 09:57:12 行号:47   PASS   左键单击[click]  用时:0.068s  
2019-11-28 09:57:13 行号:48   PASS   查找元素[find_element]  用时:0.009s  
2019-11-28 09:57:14 行号:48   PASS   左键单击[click]  用时:0.080s  
2019-11-28 09:57:15 行号:50   PASS   查找元素[find_element]  用时:0.010s  
2019-11-28 09:57:15 行号:50   PASS   左键单击[click]  用时:0.361s  
2019-11-28 09:57:16 脚本运行完毕...
2019-11-28 09:57:16 开始运行脚本<class 'script.testCase.Y3me项目.数字化建模.总账.常用摘要.EasyCase'>
2019-11-28 09:57:17 行号:28   PASS   刷新页面[refresh]  用时:0.230s  
2019-11-28 09:57:18 行号:30   PASS   查找元素[find_element]  用时:0.009s  
2019-11-28 09:57:18 行号:30   PASS   左键单击[click]  用时:0.067s  
2019-11-28 09:57:20 行号:33   PASS   查找元素[find_element]  用时:0.012s  
2019-11-28 09:57:21 行号:33   PASS   左键单击[click]  用时:0.041s  
2019-11-28 09:57:23 行号:36   PASS   查找元素[find_element]  用时:0.010s  
2019-11-28 09:57:25 行号:43   PASS   查找元素[find_element]  用时:0.010s  
2019-11-28 09:57:30 行号:50   PASS   查找元素[find_element]  用时:0.009s  
2019-11-28 09:57:32 行号:53   PASS   查找元素[find_element]  用时:0.008s  
2019-11-28 09:57:33 行号:54   PASS   切换到表单[frame]  用时:0.014s  
2019-11-28 09:57:34 行号:57   PASS   查找元素[find_element]  用时:0.436s  
2019-11-28 09:57:35 行号:57   PASS   左键单击[click]  用时:0.143s  
2019-11-28 09:57:36 行号:64   PASS   查找元素[find_element]  用时:0.011s  
2019-11-28 09:57:37 行号:64   PASS   模拟输入[send_keys]  用时:0.283s  
2019-11-28 09:57:38 行号:69   PASS   查找元素[find_element]  用时:0.010s  
2019-11-28 09:57:39 行号:69   PASS   模拟输入[send_keys]  用时:0.340s  
2019-11-28 09:57:40 行号:72   PASS   查找元素[find_element]  用时:0.012s  
2019-11-28 09:57:41 行号:78   PASS   查找元素[find_element]  用时:0.009s  
2019-11-28 09:57:41 行号:78   PASS   左键单击[click]  用时:0.081s  
2019-11-28 09:57:44 行号:81   TRUE   断言：包含[assertIn] 用时:0.000s TRUE.
2019-11-28 09:57:44 行号:83   PASS   查找元素[find_element]  用时:0.012s  
2019-11-28 09:57:45 行号:89   PASS   查找元素[find_element]  用时:0.009s  
2019-11-28 09:57:46 行号:89   PASS   左键单击[click]  用时:0.090s  
2019-11-28 09:57:48 行号:92   PASS   查找元素[find_element]  用时:0.007s  
2019-11-28 09:57:49 行号:92   PASS   左键单击[click]  用时:0.060s  
2019-11-28 09:57:50 行号:94   PASS   查找元素[find_element]  用时:0.008s  
2019-11-28 09:57:51 行号:100  PASS   查找元素[find_element]  用时:0.011s  
2019-11-28 09:57:51 行号:100  PASS   左键单击[click]  用时:0.077s  
2019-11-28 09:57:53 行号:104  PASS   查找元素[find_element]  用时:0.009s  
2019-11-28 09:57:54 行号:104  PASS   左键单击[click]  用时:0.071s  
2019-11-28 09:57:55 行号:107  PASS   查找元素[find_element]  用时:0.011s  
2019-11-28 09:57:55 行号:107  PASS   左键单击[click]  用时:0.056s  
2019-11-28 09:57:57 行号:109  PASS   查找元素[find_element]  用时:0.012s  
2019-11-28 09:57:58 行号:109  PASS   左键单击[click]  用时:0.052s  
2019-11-28 09:57:59 脚本运行完毕...
2019-11-28 09:57:59 开始运行脚本<class 'script.testCase.U8EX项目.公共.U8EX登出.EasyCase'>
2019-11-28 09:57:59 行号:24   PASS   刷新页面[refresh]  用时:0.013s  
2019-11-28 09:58:01 行号:26   PASS   查找元素[find_element]  用时:0.012s  
2019-11-28 09:58:01 行号:26   PASS   左键单击[click]  用时:0.043s  
2019-11-28 09:58:02 行号:27   PASS   查找元素[find_element]  用时:0.013s  
2019-11-28 09:58:03 行号:27   PASS   左键单击[click]  用时:0.389s  
2019-11-28 09:58:04 脚本运行完毕...
2019-11-28 09:58:05 行号:0    PASS   关闭浏览器[quit]  用时:0.294s  
2019-11-28 09:58:08 场景<1>结束.用时:77.302s.
2019-11-28 09:58:08 场景统计结果：PASS: 61(100.00%),FAIL:  0(0.00%),ERROR:  0(0.00%),TRUE:  1,FALSE:  0

2019-11-28 09:58:08 ----------------------------------------
2019-11-28 09:58:08 End.
2019-11-28 09:58:08 测试方案统计结果:
                    场景<1>:PASS: 61(100.00%),FAIL:  0(0.00%),ERROR:  0(0.00%),TRUE:  1,FALSE:  0
                    总   计:PASS: 61(100.00%),FAIL:  0(0.00%),ERROR:  0(0.00%),TRUE:  1,FALSE:  0

