2019-11-28 18:49:16 Start.
2019-11-28 18:49:16 场景<1>开始.
2019-11-28 18:49:20 行号:0    PASS   最大化浏览器窗口[maximize_window]  用时:1.121s  
2019-11-28 18:49:21 chrome浏览器启动成功.
2019-11-28 18:49:21 开始加载脚本...
2019-11-28 18:49:21 脚本<1>：U8EX登录 加载成功.脚本路径：script/testCase/U8EX项目/公共/U8EX登录
2019-11-28 18:49:21 脚本<2>：常用凭证 加载成功.脚本路径：script/testCase/Y3me项目/数字化建模/总账/常用凭证
2019-11-28 18:49:21 脚本<3>：U8EX登出 加载成功.脚本路径：script/testCase/U8EX项目/公共/U8EX登出
2019-11-28 18:49:21 脚本加载完成...
2019-11-28 18:49:21 开始运行脚本<class 'script.testCase.U8EX项目.公共.U8EX登录.EasyCase'>
2019-11-28 18:49:22 行号:28   PASS   访问页面[get]  用时:1.308s  
2019-11-28 18:49:23 行号:29   PASS   查找元素[find_element]  用时:0.015s  
2019-11-28 18:49:24 行号:29   PASS   左键单击[click]  用时:0.047s  
2019-11-28 18:49:25 行号:32   PASS   查找元素[find_element]  用时:0.018s  
2019-11-28 18:49:25 行号:33   PASS   切换到表单[frame]  用时:0.020s  
2019-11-28 18:49:27 行号:36   PASS   查找元素[find_element]  用时:0.010s  
2019-11-28 18:49:28 行号:36   PASS   清除文本[clear]  用时:0.020s  
2019-11-28 18:49:29 行号:37   PASS   查找元素[find_element]  用时:0.006s  
2019-11-28 18:49:30 行号:37   PASS   模拟输入[send_keys]  用时:0.062s  
2019-11-28 18:49:31 行号:38   PASS   查找元素[find_element]  用时:0.010s  
2019-11-28 18:49:31 行号:38   PASS   清除文本[clear]  用时:0.017s  
2019-11-28 18:49:32 行号:39   PASS   查找元素[find_element]  用时:0.008s  
2019-11-28 18:49:33 行号:39   PASS   模拟输入[send_keys]  用时:0.052s  
2019-11-28 18:49:35 行号:41   PASS   查找元素[find_element]  用时:0.009s  
2019-11-28 18:49:35 行号:41   PASS   左键单击[click]  用时:0.084s  
2019-11-28 18:49:37 行号:47   PASS   查找元素[find_element]  用时:0.012s  
2019-11-28 18:49:38 行号:47   PASS   左键单击[click]  用时:0.358s  
2019-11-28 18:49:39 行号:48   PASS   查找元素[find_element]  用时:0.011s  
2019-11-28 18:49:40 行号:48   PASS   左键单击[click]  用时:0.098s  
2019-11-28 18:49:41 行号:50   PASS   查找元素[find_element]  用时:0.011s  
2019-11-28 18:49:42 行号:50   PASS   左键单击[click]  用时:0.361s  
2019-11-28 18:49:43 脚本运行完毕...
2019-11-28 18:49:43 开始运行脚本<class 'script.testCase.Y3me项目.数字化建模.总账.常用凭证.EasyCase'>
2019-11-28 18:49:43 行号:28   PASS   刷新页面[refresh]  用时:0.242s  
2019-11-28 18:49:44 行号:30   PASS   查找元素[find_element]  用时:0.009s  
2019-11-28 18:49:44 行号:30   PASS   左键单击[click]  用时:0.052s  
2019-11-28 18:49:46 行号:33   PASS   查找元素[find_element]  用时:0.010s  
2019-11-28 18:49:52 行号:33   PASS   左键单击[click]  用时:5.075s  
2019-11-28 18:49:54 行号:36   PASS   查找元素[find_element]  用时:0.009s  
2019-11-28 18:49:57 行号:43   PASS   查找元素[find_element]  用时:0.009s  
2019-11-28 18:50:07 行号:50   PASS   查找元素[find_element]  用时:0.010s  
2019-11-28 18:50:10 行号:53   PASS   查找元素[find_element]  用时:0.010s  
2019-11-28 18:50:10 行号:54   PASS   切换到表单[frame]  用时:0.271s  
2019-11-28 18:50:12 行号:57   PASS   查找元素[find_element]  用时:0.720s  
2019-11-28 18:50:18 行号:57   PASS   左键单击[click]  用时:5.104s  
2019-11-28 18:50:19 行号:62   PASS   查找元素[find_element]  用时:0.013s  
2019-11-28 18:50:19 行号:62   PASS   模拟输入[send_keys]  用时:0.166s  
2019-11-28 18:50:20 行号:67   PASS   查找元素[find_element]  用时:0.012s  
2019-11-28 18:50:21 行号:67   PASS   模拟输入[send_keys]  用时:0.128s  
2019-11-28 18:50:22 行号:70   PASS   查找元素[find_element]  用时:0.009s  
2019-11-28 18:50:28 行号:70   PASS   左键单击[click]  用时:5.112s  
2019-11-28 18:50:29 行号:74   PASS   查找元素[find_element]  用时:0.010s  
2019-11-28 18:50:34 行号:74   PASS   左键单击[click]  用时:5.069s  
2019-11-28 18:50:36 行号:78   PASS   查找元素[find_element]  用时:0.010s  
2019-11-28 18:50:41 行号:78   PASS   左键单击[click]  用时:5.100s  
2019-11-28 18:50:42 行号:80   PASS   查找元素[find_element]  用时:0.011s  
2019-11-28 18:50:48 行号:80   PASS   左键单击[click]  用时:5.095s  
2019-11-28 18:50:50 行号:83   PASS   查找元素[find_element]  用时:0.011s  
2019-11-28 18:50:56 行号:83   PASS   左键单击[click]  用时:5.094s  
2019-11-28 18:50:57 行号:86   PASS   查找元素[find_element]  用时:0.010s  
2019-11-28 18:50:57 行号:86   PASS   模拟输入[send_keys]  用时:0.196s  
2019-11-28 18:50:58 行号:89   PASS   查找元素[find_element]  用时:0.012s  
2019-11-28 18:51:04 行号:89   PASS   左键单击[click]  用时:5.085s  
2019-11-28 18:51:07 行号:91   PASS   查找元素[find_element]  用时:0.010s  
2019-11-28 18:51:13 行号:91   PASS   左键单击[click]  用时:5.444s  
2019-11-28 18:51:16 行号:93   TRUE   断言：包含[assertIn] 用时:0.000s TRUE.
2019-11-28 18:51:16 行号:96   PASS   查找元素[find_element]  用时:0.014s  
2019-11-28 18:51:22 行号:102  PASS   查找元素[find_element]  用时:0.012s  
2019-11-28 18:51:28 行号:102  PASS   左键单击[click]  用时:5.388s  
2019-11-28 18:51:30 行号:106  PASS   查找元素[find_element]  用时:0.010s  
2019-11-28 18:51:36 行号:106  PASS   左键单击[click]  用时:5.101s  
2019-11-28 18:51:38 行号:108  PASS   查找元素[find_element]  用时:0.011s  
2019-11-28 18:51:43 行号:108  PASS   左键单击[click]  用时:5.388s  
2019-11-28 18:51:46 行号:111  PASS   查找元素[find_element]  用时:0.010s  
2019-11-28 18:51:52 行号:117  PASS   查找元素[find_element]  用时:0.014s  
2019-11-28 18:51:58 行号:117  PASS   左键单击[click]  用时:5.076s  
2019-11-28 18:52:00 行号:121  PASS   查找元素[find_element]  用时:0.011s  
2019-11-28 18:52:05 行号:121  PASS   左键单击[click]  用时:5.071s  
2019-11-28 18:52:06 行号:122  TRUE   断言：不包含[assertNotIn] 用时:0.000s TRUE.
2019-11-28 18:52:06 行号:125  PASS   查找元素[find_element]  用时:0.010s  
2019-11-28 18:52:12 行号:125  PASS   左键单击[click]  用时:5.062s  
2019-11-28 18:52:14 行号:127  PASS   查找元素[find_element]  用时:0.009s  
2019-11-28 18:52:19 行号:127  PASS   左键单击[click]  用时:5.050s  
2019-11-28 18:52:20 脚本运行完毕...
2019-11-28 18:52:20 开始运行脚本<class 'script.testCase.U8EX项目.公共.U8EX登出.EasyCase'>
2019-11-28 18:52:20 行号:24   PASS   刷新页面[refresh]  用时:0.005s  
2019-11-28 18:52:22 行号:26   PASS   查找元素[find_element]  用时:0.021s  
2019-11-28 18:52:28 行号:26   PASS   左键单击[click]  用时:5.035s  
2019-11-28 18:52:59 行号:27   FAIL   查找元素[find_element]  用时:30.042s  参数:{'list': '', 'dict': {'xpath': '//span[text()="注销"]'}} 页面中没有该元素.NoSuchElementException
2019-11-28 18:52:59 行号:27   ERROR  左键单击[click]  用时:0.000s  由于未找到元素，操作失败
2019-11-28 18:53:00 脚本运行完毕...
2019-11-28 18:53:01 行号:0    PASS   关闭浏览器[quit]  用时:0.245s  
2019-11-28 18:53:04 场景<1>结束.用时:227.857s.
2019-11-28 18:53:04 场景统计结果：PASS: 74(97.37%),FAIL:  1(1.32%),ERROR:  1(1.32%),TRUE:  2,FALSE:  0

2019-11-28 18:53:04 ----------------------------------------
2019-11-28 18:53:04 End.
2019-11-28 18:53:04 测试方案统计结果:
                    场景<1>:PASS: 74(97.37%),FAIL:  1(1.32%),ERROR:  1(1.32%),TRUE:  2,FALSE:  0
                    总   计:PASS: 74(97.37%),FAIL:  1(1.32%),ERROR:  1(1.32%),TRUE:  2,FALSE:  0

