2019-11-28 09:55:38 程序启动.财务管理-总账.xml
2019-11-28 09:55:38 Start.
2019-11-28 09:56:39 End.
2019-11-28 09:56:39 程序结束.财务管理-总账.xml

2019-11-28 09:56:49 程序启动.财务管理-总账.xml
2019-11-28 09:56:50 Start.
2019-11-28 09:58:08 End.
2019-11-28 09:58:08 程序结束.财务管理-总账.xml

2019-11-28 10:25:05 程序启动.基本脚本录制.xml
2019-11-28 10:25:05 Start.
2019-11-28 10:26:47 End.
2019-11-28 10:26:47 程序结束.基本脚本录制.xml

2019-11-28 13:56:32 程序启动.财务管理-总账.xml
2019-11-28 13:56:33 Start.
2019-11-28 13:57:30 End.
2019-11-28 13:57:30 程序结束.财务管理-总账.xml

2019-11-28 13:57:41 程序启动.财务管理-总账.xml
2019-11-28 13:57:41 Start.
2019-11-28 13:59:16 End.
2019-11-28 13:59:16 程序结束.财务管理-总账.xml

2019-11-28 16:11:47 程序启动.财务管理-总账.xml
2019-11-28 16:11:47 Start.
2019-11-28 16:30:22 程序启动.财务管理-总账.xml
2019-11-28 16:30:23 Start.
2019-11-28 16:31:59 End.
2019-11-28 16:31:59 程序结束.财务管理-总账.xml

2019-11-28 18:49:15 程序启动.财务管理-总账.xml
2019-11-28 18:49:16 Start.
2019-11-28 18:53:04 End.
2019-11-28 18:53:04 程序结束.财务管理-总账.xml

2019-11-28 20:21:41 程序启动.财务管理-总账.xml
2019-11-28 20:21:42 Start.
2019-11-28 20:23:23 End.
2019-11-28 20:23:23 程序结束.财务管理-总账.xml

2019-11-28 21:04:04 程序启动.财务管理-总账.xml
2019-11-28 21:04:05 Start.
2019-11-28 21:04:52 程序启动.财务管理-总账.xml
2019-11-28 21:04:53 Start.
2019-11-28 21:09:59 End.
2019-11-28 21:09:59 程序结束.财务管理-总账.xml

