20191206_10_34_52_753623_24396report.log 2019-12-06 10:34:52  loga.py  putSystemLog [line:74] INFO Start.
20191206_10_34_52_753623_24396report.log 2019-12-06 10:34:52  loga.py  putSystemLog [line:74] INFO 场景<1>开始.
20191206_10_34_52_753623_24396report.log 2019-12-06 10:34:56  loga.py  writeLog [line:134] INFO 行号:0    PASS   最大化浏览器窗口[maximize_window]  用时:1.123s  
20191206_10_34_52_753623_24396report.log 2019-12-06 10:34:57  loga.py  putSystemLog [line:74] INFO chrome浏览器启动成功.
20191206_10_34_52_753623_24396report.log 2019-12-06 10:34:57  loga.py  putSystemLog [line:74] INFO 开始加载脚本...
20191206_10_34_52_753623_24396report.log 2019-12-06 10:34:57  loga.py  putSystemLog [line:74] INFO 脚本<1>：U8EX登录 加载成功.脚本路径：script/testCase/U8EX项目/公共/U8EX登录
20191206_10_34_52_753623_24396report.log 2019-12-06 10:34:57  loga.py  putSystemLog [line:74] INFO 脚本<2>：报销标准 加载成功.脚本路径：script/testCase/Y3me项目/数字化建模/费用管理/报销标准
20191206_10_34_52_753623_24396report.log 2019-12-06 10:34:57  loga.py  putSystemLog [line:74] INFO 脚本<3>：U8EX登出 加载成功.脚本路径：script/testCase/U8EX项目/公共/U8EX登出
20191206_10_34_52_753623_24396report.log 2019-12-06 10:34:57  loga.py  putSystemLog [line:74] INFO 脚本加载完成...
20191206_10_34_52_753623_24396report.log 2019-12-06 10:34:57  loga.py  putSystemLog [line:74] INFO 开始运行脚本<class 'script.testCase.U8EX项目.公共.U8EX登录.EasyCase'>
20191206_10_34_52_753623_24396report.log 2019-12-06 10:34:59  loga.py  writeLog [line:134] INFO 行号:27   PASS   访问页面[get]  用时:1.733s  
20191206_10_34_52_753623_24396report.log 2019-12-06 10:35:00  loga.py  writeLog [line:134] INFO 行号:29   PASS   查找元素[find_element]  用时:0.039s  
20191206_10_34_52_753623_24396report.log 2019-12-06 10:35:00  loga.py  writeLog [line:134] INFO 行号:30   PASS   查找元素[find_element]  用时:0.008s  
20191206_10_34_52_753623_24396report.log 2019-12-06 10:35:01  loga.py  writeLog [line:134] INFO 行号:30   PASS   左键单击[click]  用时:0.043s  
20191206_10_34_52_753623_24396report.log 2019-12-06 10:35:02  loga.py  writeLog [line:134] INFO 行号:34   PASS   查找元素[find_element]  用时:0.009s  
20191206_10_34_52_753623_24396report.log 2019-12-06 10:35:02  loga.py  writeLog [line:134] INFO 行号:35   PASS   查找元素[find_element]  用时:0.006s  
20191206_10_34_52_753623_24396report.log 2019-12-06 10:35:03  loga.py  writeLog [line:134] INFO 行号:36   PASS   切换到表单[frame]  用时:0.017s  
20191206_10_34_52_753623_24396report.log 2019-12-06 10:35:05  loga.py  writeLog [line:134] INFO 行号:39   PASS   查找元素[find_element]  用时:0.010s  
20191206_10_34_52_753623_24396report.log 2019-12-06 10:35:05  loga.py  writeLog [line:134] INFO 行号:40   PASS   查找元素[find_element]  用时:0.006s  
20191206_10_34_52_753623_24396report.log 2019-12-06 10:35:06  loga.py  writeLog [line:134] INFO 行号:40   PASS   清除文本[clear]  用时:0.017s  
20191206_10_34_52_753623_24396report.log 2019-12-06 10:35:07  loga.py  writeLog [line:134] INFO 行号:41   PASS   查找元素[find_element]  用时:0.007s  
20191206_10_34_52_753623_24396report.log 2019-12-06 10:35:07  loga.py  writeLog [line:134] INFO 行号:41   PASS   模拟输入[send_keys]  用时:0.081s  
20191206_10_34_52_753623_24396report.log 2019-12-06 10:35:09  loga.py  writeLog [line:134] INFO 行号:42   PASS   查找元素[find_element]  用时:0.009s  
20191206_10_34_52_753623_24396report.log 2019-12-06 10:35:09  loga.py  writeLog [line:134] INFO 行号:42   PASS   清除文本[clear]  用时:0.017s  
20191206_10_34_52_753623_24396report.log 2019-12-06 10:35:10  loga.py  writeLog [line:134] INFO 行号:43   PASS   查找元素[find_element]  用时:0.007s  
20191206_10_34_52_753623_24396report.log 2019-12-06 10:35:11  loga.py  writeLog [line:134] INFO 行号:43   PASS   模拟输入[send_keys]  用时:0.060s  
20191206_10_34_52_753623_24396report.log 2019-12-06 10:35:12  loga.py  writeLog [line:134] INFO 行号:45   PASS   查找元素[find_element]  用时:0.014s  
20191206_10_34_52_753623_24396report.log 2019-12-06 10:35:12  loga.py  writeLog [line:134] INFO 行号:46   PASS   查找元素[find_element]  用时:0.007s  
20191206_10_34_52_753623_24396report.log 2019-12-06 10:35:13  loga.py  writeLog [line:134] INFO 行号:46   PASS   左键单击[click]  用时:0.085s  
20191206_10_34_52_753623_24396report.log 2019-12-06 10:35:14  loga.py  writeLog [line:134] INFO 行号:52   PASS   查找元素[find_element]  用时:0.012s  
20191206_10_34_52_753623_24396report.log 2019-12-06 10:35:14  loga.py  writeLog [line:134] INFO 行号:53   PASS   查找元素[find_element]  用时:0.006s  
20191206_10_34_52_753623_24396report.log 2019-12-06 10:35:15  loga.py  writeLog [line:134] INFO 行号:53   PASS   左键单击[click]  用时:0.075s  
20191206_10_34_52_753623_24396report.log 2019-12-06 10:35:16  loga.py  writeLog [line:134] INFO 行号:54   PASS   查找元素[find_element]  用时:0.009s  
20191206_10_34_52_753623_24396report.log 2019-12-06 10:35:16  loga.py  writeLog [line:134] INFO 行号:54   PASS   左键单击[click]  用时:0.088s  
20191206_10_34_52_753623_24396report.log 2019-12-06 10:35:17  loga.py  writeLog [line:134] INFO 行号:56   PASS   查找元素[find_element]  用时:0.011s  
20191206_10_34_52_753623_24396report.log 2019-12-06 10:35:18  loga.py  writeLog [line:134] INFO 行号:56   PASS   左键单击[click]  用时:0.399s  
20191206_10_34_52_753623_24396report.log 2019-12-06 10:35:19  loga.py  putSystemLog [line:74] INFO 脚本运行完毕...
20191206_10_34_52_753623_24396report.log 2019-12-06 10:35:19  loga.py  putSystemLog [line:74] INFO 开始运行脚本<class 'script.testCase.Y3me项目.数字化建模.费用管理.报销标准.EasyCase'>
20191206_10_34_52_753623_24396report.log 2019-12-06 10:35:19  loga.py  writeLog [line:134] INFO 行号:25   PASS   刷新页面[refresh]  用时:0.007s  
20191206_10_34_52_753623_24396report.log 2019-12-06 10:35:20  loga.py  writeLog [line:134] INFO 行号:27   PASS   查找元素[find_element]  用时:0.013s  
20191206_10_34_52_753623_24396report.log 2019-12-06 10:35:21  loga.py  writeLog [line:134] INFO 行号:27   PASS   左键单击[click]  用时:0.072s  
20191206_10_34_52_753623_24396report.log 2019-12-06 10:35:23  loga.py  writeLog [line:134] INFO 行号:30   PASS   查找元素[find_element]  用时:0.009s  
20191206_10_34_52_753623_24396report.log 2019-12-06 10:35:24  loga.py  writeLog [line:134] INFO 行号:30   PASS   左键单击[click]  用时:0.078s  
20191206_10_34_52_753623_24396report.log 2019-12-06 10:35:26  loga.py  writeLog [line:134] INFO 行号:33   PASS   查找元素[find_element]  用时:0.010s  
20191206_10_34_52_753623_24396report.log 2019-12-06 10:35:28  loga.py  writeLog [line:134] INFO 行号:40   PASS   查找元素[find_element]  用时:0.016s  
20191206_10_34_52_753623_24396report.log 2019-12-06 10:35:32  loga.py  writeLog [line:134] INFO 行号:47   PASS   查找元素[find_element]  用时:0.011s  
20191206_10_34_52_753623_24396report.log 2019-12-06 10:35:33  loga.py  writeLog [line:134] INFO 行号:50   PASS   查找元素[find_element]  用时:0.009s  
20191206_10_34_52_753623_24396report.log 2019-12-06 10:35:34  loga.py  writeLog [line:134] INFO 行号:51   PASS   切换到表单[frame]  用时:0.016s  
20191206_10_34_52_753623_24396report.log 2019-12-06 10:35:44  loga.py  writeLog [line:134] INFO 行号:55   PASS   查找元素[find_element]  用时:9.244s  
20191206_10_34_52_753623_24396report.log 2019-12-06 10:35:44  loga.py  writeLog [line:134] INFO 行号:56   PASS   查找元素[find_element]  用时:0.006s  
20191206_10_34_52_753623_24396report.log 2019-12-06 10:35:45  loga.py  writeLog [line:134] INFO 行号:56   PASS   左键单击[click]  用时:0.102s  
20191206_10_34_52_753623_24396report.log 2019-12-06 10:35:46  loga.py  writeLog [line:134] INFO 行号:60   PASS   查找元素[find_element]  用时:0.009s  
20191206_10_34_52_753623_24396report.log 2019-12-06 10:35:47  loga.py  writeLog [line:134] INFO 行号:61   PASS   查找元素[find_element]  用时:0.006s  
20191206_10_34_52_753623_24396report.log 2019-12-06 10:35:47  loga.py  writeLog [line:134] INFO 行号:61   PASS   左键单击[click]  用时:0.073s  
20191206_10_34_52_753623_24396report.log 2019-12-06 10:35:48  loga.py  writeLog [line:134] INFO 行号:65   PASS   查找元素[find_element]  用时:0.019s  
20191206_10_34_52_753623_24396report.log 2019-12-06 10:35:49  loga.py  writeLog [line:134] INFO 行号:66   PASS   查找元素[find_element]  用时:0.008s  
20191206_10_34_52_753623_24396report.log 2019-12-06 10:35:49  loga.py  writeLog [line:134] INFO 行号:66   PASS   左键单击[click]  用时:0.067s  
20191206_10_34_52_753623_24396report.log 2019-12-06 10:35:50  loga.py  writeLog [line:134] INFO 行号:70   PASS   查找元素[find_element]  用时:0.007s  
20191206_10_34_52_753623_24396report.log 2019-12-06 10:35:51  loga.py  writeLog [line:134] INFO 行号:71   PASS   查找元素[find_element]  用时:0.006s  
20191206_10_34_52_753623_24396report.log 2019-12-06 10:35:51  loga.py  writeLog [line:134] INFO 行号:71   PASS   左键单击[click]  用时:0.063s  
20191206_10_34_52_753623_24396report.log 2019-12-06 10:35:52  loga.py  writeLog [line:134] INFO 行号:75   PASS   查找元素[find_element]  用时:0.023s  
20191206_10_34_52_753623_24396report.log 2019-12-06 10:35:53  loga.py  writeLog [line:134] INFO 行号:78   PASS   查找元素[find_element]  用时:0.007s  
20191206_10_34_52_753623_24396report.log 2019-12-06 10:35:54  loga.py  writeLog [line:134] INFO 行号:78   PASS   模拟输入[send_keys]  用时:0.118s  
20191206_10_34_52_753623_24396report.log 2019-12-06 10:35:55  loga.py  writeLog [line:134] INFO 行号:82   PASS   查找元素[find_element]  用时:0.011s  
20191206_10_34_52_753623_24396report.log 2019-12-06 10:35:55  loga.py  writeLog [line:134] INFO 行号:83   PASS   查找元素[find_element]  用时:0.005s  
20191206_10_34_52_753623_24396report.log 2019-12-06 10:35:56  loga.py  writeLog [line:134] INFO 行号:83   PASS   左键单击[click]  用时:0.062s  
20191206_10_34_52_753623_24396report.log 2019-12-06 10:35:57  loga.py  writeLog [line:134] INFO 行号:88   PASS   查找元素[find_element]  用时:0.025s  
20191206_10_34_52_753623_24396report.log 2019-12-06 10:35:57  loga.py  writeLog [line:134] INFO 行号:0    ERROR  [runTest]  用时:  测试用例脚本发生错误，请检查脚本代码：stale element reference: element is not attached to the page document
20191206_10_34_52_753623_24396report.log 2019-12-06 10:35:57  loga.py  putSystemLog [line:74] INFO 脚本运行完毕...
20191206_10_34_52_753623_24396report.log 2019-12-06 10:35:57  loga.py  putSystemLog [line:74] INFO 开始运行脚本<class 'script.testCase.U8EX项目.公共.U8EX登出.EasyCase'>
20191206_10_34_52_753623_24396report.log 2019-12-06 10:35:57  loga.py  writeLog [line:134] INFO 行号:24   PASS   刷新页面[refresh]  用时:0.013s  
20191206_10_34_52_753623_24396report.log 2019-12-06 10:35:59  loga.py  writeLog [line:134] INFO 行号:26   PASS   查找元素[find_element]  用时:0.011s  
20191206_10_34_52_753623_24396report.log 2019-12-06 10:36:00  loga.py  writeLog [line:134] INFO 行号:26   PASS   左键单击[click]  用时:0.054s  
20191206_10_34_52_753623_24396report.log 2019-12-06 10:36:01  loga.py  writeLog [line:134] INFO 行号:27   PASS   查找元素[find_element]  用时:0.012s  
20191206_10_34_52_753623_24396report.log 2019-12-06 10:36:02  loga.py  writeLog [line:134] INFO 行号:27   PASS   左键单击[click]  用时:0.649s  
20191206_10_34_52_753623_24396report.log 2019-12-06 10:36:03  loga.py  putSystemLog [line:74] INFO 脚本运行完毕...
20191206_10_34_52_753623_24396report.log 2019-12-06 10:36:03  loga.py  writeLog [line:134] INFO 行号:0    PASS   关闭浏览器[quit]  用时:0.211s  
20191206_10_34_52_753623_24396report.log 2019-12-06 10:36:06  loga.py  putSystemLog [line:74] INFO 场景<1>结束.用时:73.872s.
20191206_10_34_52_753623_24396report.log 2019-12-06 10:36:06  loga.py  putSystemLog [line:74] INFO 场景统计结果：PASS: 62(98.41%),FAIL:  0(0.00%),ERROR:  1(1.59%),TRUE:  0,FALSE:  0

20191206_10_34_52_753623_24396report.log 2019-12-06 10:36:06  loga.py  putSystemLog [line:74] INFO ----------------------------------------
20191206_10_34_52_753623_24396report.log 2019-12-06 10:36:06  loga.py  putSystemLog [line:74] INFO End.
20191206_10_34_52_753623_24396report.log 2019-12-06 10:36:06  loga.py  putSystemLog [line:74] INFO 测试方案统计结果:
                    场景<1>:PASS: 62(98.41%),FAIL:  0(0.00%),ERROR:  1(1.59%),TRUE:  0,FALSE:  0
                    总   计:PASS: 62(98.41%),FAIL:  0(0.00%),ERROR:  1(1.59%),TRUE:  0,FALSE:  0

