20191206_10_40_06_088697_10284report.log 2019-12-06 10:40:06  loga.py  putSystemLog [line:74] INFO Start.
20191206_10_40_06_088697_10284report.log 2019-12-06 10:40:06  loga.py  putSystemLog [line:74] INFO 场景<1>开始.
20191206_10_40_06_088697_10284report.log 2019-12-06 10:40:09  loga.py  writeLog [line:134] INFO 行号:0    PASS   最大化浏览器窗口[maximize_window]  用时:1.116s  
20191206_10_40_06_088697_10284report.log 2019-12-06 10:40:10  loga.py  putSystemLog [line:74] INFO chrome浏览器启动成功.
20191206_10_40_06_088697_10284report.log 2019-12-06 10:40:10  loga.py  putSystemLog [line:74] INFO 开始加载脚本...
20191206_10_40_06_088697_10284report.log 2019-12-06 10:40:10  loga.py  putSystemLog [line:74] INFO 脚本<1>：U8EX登录 加载成功.脚本路径：script/testCase/U8EX项目/公共/U8EX登录
20191206_10_40_06_088697_10284report.log 2019-12-06 10:40:10  loga.py  putSystemLog [line:74] INFO 脚本<2>：报销标准 加载成功.脚本路径：script/testCase/Y3me项目/数字化建模/费用管理/报销标准
20191206_10_40_06_088697_10284report.log 2019-12-06 10:40:10  loga.py  putSystemLog [line:74] INFO 脚本<3>：U8EX登出 加载成功.脚本路径：script/testCase/U8EX项目/公共/U8EX登出
20191206_10_40_06_088697_10284report.log 2019-12-06 10:40:10  loga.py  putSystemLog [line:74] INFO 脚本加载完成...
20191206_10_40_06_088697_10284report.log 2019-12-06 10:40:10  loga.py  putSystemLog [line:74] INFO 开始运行脚本<class 'script.testCase.U8EX项目.公共.U8EX登录.EasyCase'>
20191206_10_40_06_088697_10284report.log 2019-12-06 10:40:11  loga.py  writeLog [line:134] INFO 行号:27   PASS   访问页面[get]  用时:0.972s  
20191206_10_40_06_088697_10284report.log 2019-12-06 10:40:12  loga.py  writeLog [line:134] INFO 行号:29   PASS   查找元素[find_element]  用时:0.010s  
20191206_10_40_06_088697_10284report.log 2019-12-06 10:40:13  loga.py  writeLog [line:134] INFO 行号:30   PASS   查找元素[find_element]  用时:0.006s  
20191206_10_40_06_088697_10284report.log 2019-12-06 10:40:13  loga.py  writeLog [line:134] INFO 行号:30   PASS   左键单击[click]  用时:0.049s  
20191206_10_40_06_088697_10284report.log 2019-12-06 10:40:14  loga.py  writeLog [line:134] INFO 行号:34   PASS   查找元素[find_element]  用时:0.009s  
20191206_10_40_06_088697_10284report.log 2019-12-06 10:40:15  loga.py  writeLog [line:134] INFO 行号:35   PASS   查找元素[find_element]  用时:0.005s  
20191206_10_40_06_088697_10284report.log 2019-12-06 10:40:15  loga.py  writeLog [line:134] INFO 行号:36   PASS   切换到表单[frame]  用时:0.016s  
20191206_10_40_06_088697_10284report.log 2019-12-06 10:40:17  loga.py  writeLog [line:134] INFO 行号:39   PASS   查找元素[find_element]  用时:0.012s  
20191206_10_40_06_088697_10284report.log 2019-12-06 10:40:18  loga.py  writeLog [line:134] INFO 行号:40   PASS   查找元素[find_element]  用时:0.006s  
20191206_10_40_06_088697_10284report.log 2019-12-06 10:40:18  loga.py  writeLog [line:134] INFO 行号:40   PASS   清除文本[clear]  用时:0.017s  
20191206_10_40_06_088697_10284report.log 2019-12-06 10:40:19  loga.py  writeLog [line:134] INFO 行号:41   PASS   查找元素[find_element]  用时:0.007s  
20191206_10_40_06_088697_10284report.log 2019-12-06 10:40:20  loga.py  writeLog [line:134] INFO 行号:41   PASS   模拟输入[send_keys]  用时:0.074s  
20191206_10_40_06_088697_10284report.log 2019-12-06 10:40:21  loga.py  writeLog [line:134] INFO 行号:42   PASS   查找元素[find_element]  用时:0.010s  
20191206_10_40_06_088697_10284report.log 2019-12-06 10:40:22  loga.py  writeLog [line:134] INFO 行号:42   PASS   清除文本[clear]  用时:0.034s  
20191206_10_40_06_088697_10284report.log 2019-12-06 10:40:23  loga.py  writeLog [line:134] INFO 行号:43   PASS   查找元素[find_element]  用时:0.005s  
20191206_10_40_06_088697_10284report.log 2019-12-06 10:40:23  loga.py  writeLog [line:134] INFO 行号:43   PASS   模拟输入[send_keys]  用时:0.063s  
20191206_10_40_06_088697_10284report.log 2019-12-06 10:40:24  loga.py  writeLog [line:134] INFO 行号:45   PASS   查找元素[find_element]  用时:0.011s  
20191206_10_40_06_088697_10284report.log 2019-12-06 10:40:25  loga.py  writeLog [line:134] INFO 行号:46   PASS   查找元素[find_element]  用时:0.007s  
20191206_10_40_06_088697_10284report.log 2019-12-06 10:40:25  loga.py  writeLog [line:134] INFO 行号:46   PASS   左键单击[click]  用时:0.080s  
20191206_10_40_06_088697_10284report.log 2019-12-06 10:40:29  loga.py  writeLog [line:134] INFO 行号:52   PASS   查找元素[find_element]  用时:0.015s  
20191206_10_40_06_088697_10284report.log 2019-12-06 10:40:30  loga.py  writeLog [line:134] INFO 行号:53   PASS   查找元素[find_element]  用时:0.006s  
20191206_10_40_06_088697_10284report.log 2019-12-06 10:40:30  loga.py  writeLog [line:134] INFO 行号:53   PASS   左键单击[click]  用时:0.079s  
20191206_10_40_06_088697_10284report.log 2019-12-06 10:40:31  loga.py  writeLog [line:134] INFO 行号:54   PASS   查找元素[find_element]  用时:0.011s  
20191206_10_40_06_088697_10284report.log 2019-12-06 10:40:32  loga.py  writeLog [line:134] INFO 行号:54   PASS   左键单击[click]  用时:0.071s  
20191206_10_40_06_088697_10284report.log 2019-12-06 10:40:33  loga.py  writeLog [line:134] INFO 行号:56   PASS   查找元素[find_element]  用时:0.011s  
20191206_10_40_06_088697_10284report.log 2019-12-06 10:40:34  loga.py  writeLog [line:134] INFO 行号:56   PASS   左键单击[click]  用时:0.360s  
20191206_10_40_06_088697_10284report.log 2019-12-06 10:40:35  loga.py  putSystemLog [line:74] INFO 脚本运行完毕...
20191206_10_40_06_088697_10284report.log 2019-12-06 10:40:35  loga.py  putSystemLog [line:74] INFO 开始运行脚本<class 'script.testCase.Y3me项目.数字化建模.费用管理.报销标准.EasyCase'>
20191206_10_40_06_088697_10284report.log 2019-12-06 10:40:35  loga.py  writeLog [line:134] INFO 行号:25   PASS   刷新页面[refresh]  用时:0.445s  
20191206_10_40_06_088697_10284report.log 2019-12-06 10:40:36  loga.py  writeLog [line:134] INFO 行号:27   PASS   查找元素[find_element]  用时:0.009s  
20191206_10_40_06_088697_10284report.log 2019-12-06 10:40:37  loga.py  writeLog [line:134] INFO 行号:27   PASS   左键单击[click]  用时:0.061s  
20191206_10_40_06_088697_10284report.log 2019-12-06 10:40:39  loga.py  writeLog [line:134] INFO 行号:30   PASS   查找元素[find_element]  用时:0.011s  
20191206_10_40_06_088697_10284report.log 2019-12-06 10:40:39  loga.py  writeLog [line:134] INFO 行号:30   PASS   左键单击[click]  用时:0.042s  
20191206_10_40_06_088697_10284report.log 2019-12-06 10:40:41  loga.py  writeLog [line:134] INFO 行号:33   PASS   查找元素[find_element]  用时:0.008s  
20191206_10_40_06_088697_10284report.log 2019-12-06 10:40:44  loga.py  writeLog [line:134] INFO 行号:40   PASS   查找元素[find_element]  用时:0.009s  
20191206_10_40_06_088697_10284report.log 2019-12-06 10:40:47  loga.py  writeLog [line:134] INFO 行号:47   PASS   查找元素[find_element]  用时:0.008s  
20191206_10_40_06_088697_10284report.log 2019-12-06 10:40:49  loga.py  writeLog [line:134] INFO 行号:50   PASS   查找元素[find_element]  用时:0.008s  
20191206_10_40_06_088697_10284report.log 2019-12-06 10:40:50  loga.py  writeLog [line:134] INFO 行号:51   PASS   切换到表单[frame]  用时:0.019s  
20191206_10_40_06_088697_10284report.log 2019-12-06 10:40:53  loga.py  writeLog [line:134] INFO 行号:55   PASS   查找元素[find_element]  用时:2.243s  
20191206_10_40_06_088697_10284report.log 2019-12-06 10:40:53  loga.py  writeLog [line:134] INFO 行号:56   PASS   查找元素[find_element]  用时:0.006s  
20191206_10_40_06_088697_10284report.log 2019-12-06 10:40:54  loga.py  writeLog [line:134] INFO 行号:56   PASS   左键单击[click]  用时:0.093s  
20191206_10_40_06_088697_10284report.log 2019-12-06 10:40:55  loga.py  writeLog [line:134] INFO 行号:60   PASS   查找元素[find_element]  用时:0.009s  
20191206_10_40_06_088697_10284report.log 2019-12-06 10:40:55  loga.py  writeLog [line:134] INFO 行号:61   PASS   查找元素[find_element]  用时:0.007s  
20191206_10_40_06_088697_10284report.log 2019-12-06 10:40:56  loga.py  writeLog [line:134] INFO 行号:61   PASS   左键单击[click]  用时:0.069s  
20191206_10_40_06_088697_10284report.log 2019-12-06 10:40:57  loga.py  writeLog [line:134] INFO 行号:65   PASS   查找元素[find_element]  用时:0.009s  
20191206_10_40_06_088697_10284report.log 2019-12-06 10:40:58  loga.py  writeLog [line:134] INFO 行号:66   PASS   查找元素[find_element]  用时:0.006s  
20191206_10_40_06_088697_10284report.log 2019-12-06 10:40:58  loga.py  writeLog [line:134] INFO 行号:66   PASS   左键单击[click]  用时:0.061s  
20191206_10_40_06_088697_10284report.log 2019-12-06 10:40:59  loga.py  writeLog [line:134] INFO 行号:70   PASS   查找元素[find_element]  用时:0.006s  
20191206_10_40_06_088697_10284report.log 2019-12-06 10:41:00  loga.py  writeLog [line:134] INFO 行号:71   PASS   查找元素[find_element]  用时:0.005s  
20191206_10_40_06_088697_10284report.log 2019-12-06 10:41:00  loga.py  writeLog [line:134] INFO 行号:71   PASS   左键单击[click]  用时:0.066s  
20191206_10_40_06_088697_10284report.log 2019-12-06 10:41:01  loga.py  writeLog [line:134] INFO 行号:75   PASS   查找元素[find_element]  用时:0.010s  
20191206_10_40_06_088697_10284report.log 2019-12-06 10:41:02  loga.py  writeLog [line:134] INFO 行号:78   PASS   查找元素[find_element]  用时:0.006s  
20191206_10_40_06_088697_10284report.log 2019-12-06 10:41:02  loga.py  writeLog [line:134] INFO 行号:78   PASS   模拟输入[send_keys]  用时:0.147s  
20191206_10_40_06_088697_10284report.log 2019-12-06 10:41:03  loga.py  writeLog [line:134] INFO 行号:82   PASS   查找元素[find_element]  用时:0.011s  
20191206_10_40_06_088697_10284report.log 2019-12-06 10:41:04  loga.py  writeLog [line:134] INFO 行号:83   PASS   查找元素[find_element]  用时:0.006s  
20191206_10_40_06_088697_10284report.log 2019-12-06 10:41:04  loga.py  writeLog [line:134] INFO 行号:83   PASS   左键单击[click]  用时:0.059s  
20191206_10_40_06_088697_10284report.log 2019-12-06 10:41:05  loga.py  writeLog [line:134] INFO 行号:88   PASS   查找元素[find_element]  用时:0.009s  
20191206_10_40_06_088697_10284report.log 2019-12-06 10:41:06  loga.py  writeLog [line:134] INFO 行号:0    ERROR  [runTest]  用时:  测试用例脚本发生错误，请检查脚本代码：stale element reference: element is not attached to the page document
20191206_10_40_06_088697_10284report.log 2019-12-06 10:41:06  loga.py  putSystemLog [line:74] INFO 脚本运行完毕...
20191206_10_40_06_088697_10284report.log 2019-12-06 10:41:06  loga.py  putSystemLog [line:74] INFO 开始运行脚本<class 'script.testCase.U8EX项目.公共.U8EX登出.EasyCase'>
20191206_10_40_06_088697_10284report.log 2019-12-06 10:41:06  loga.py  writeLog [line:134] INFO 行号:24   PASS   刷新页面[refresh]  用时:0.012s  
20191206_10_40_06_088697_10284report.log 2019-12-06 10:41:08  loga.py  writeLog [line:134] INFO 行号:26   PASS   查找元素[find_element]  用时:0.011s  
20191206_10_40_06_088697_10284report.log 2019-12-06 10:41:09  loga.py  writeLog [line:134] INFO 行号:26   PASS   左键单击[click]  用时:0.137s  
20191206_10_40_06_088697_10284report.log 2019-12-06 10:41:10  loga.py  writeLog [line:134] INFO 行号:27   PASS   查找元素[find_element]  用时:0.011s  
20191206_10_40_06_088697_10284report.log 2019-12-06 10:41:11  loga.py  writeLog [line:134] INFO 行号:27   PASS   左键单击[click]  用时:0.451s  
20191206_10_40_06_088697_10284report.log 2019-12-06 10:41:12  loga.py  putSystemLog [line:74] INFO 脚本运行完毕...
20191206_10_40_06_088697_10284report.log 2019-12-06 10:41:12  loga.py  writeLog [line:134] INFO 行号:0    PASS   关闭浏览器[quit]  用时:0.224s  
20191206_10_40_06_088697_10284report.log 2019-12-06 10:41:15  loga.py  putSystemLog [line:74] INFO 场景<1>结束.用时:69.189s.
20191206_10_40_06_088697_10284report.log 2019-12-06 10:41:15  loga.py  putSystemLog [line:74] INFO 场景统计结果：PASS: 62(98.41%),FAIL:  0(0.00%),ERROR:  1(1.59%),TRUE:  0,FALSE:  0

20191206_10_40_06_088697_10284report.log 2019-12-06 10:41:15  loga.py  putSystemLog [line:74] INFO ----------------------------------------
20191206_10_40_06_088697_10284report.log 2019-12-06 10:41:15  loga.py  putSystemLog [line:74] INFO End.
20191206_10_40_06_088697_10284report.log 2019-12-06 10:41:15  loga.py  putSystemLog [line:74] INFO 测试方案统计结果:
                    场景<1>:PASS: 62(98.41%),FAIL:  0(0.00%),ERROR:  1(1.59%),TRUE:  0,FALSE:  0
                    总   计:PASS: 62(98.41%),FAIL:  0(0.00%),ERROR:  1(1.59%),TRUE:  0,FALSE:  0

