20191206_10_32_36_133449_10936report.log 2019-12-06 10:32:36  loga.py  putSystemLog [line:74] INFO Start.
20191206_10_32_36_133449_10936report.log 2019-12-06 10:32:36  loga.py  putSystemLog [line:74] INFO 场景<1>开始.
20191206_10_32_36_133449_10936report.log 2019-12-06 10:32:39  loga.py  writeLog [line:134] INFO 行号:0    PASS   最大化浏览器窗口[maximize_window]  用时:1.118s  
20191206_10_32_36_133449_10936report.log 2019-12-06 10:32:40  loga.py  putSystemLog [line:74] INFO chrome浏览器启动成功.
20191206_10_32_36_133449_10936report.log 2019-12-06 10:32:40  loga.py  putSystemLog [line:74] INFO 开始加载脚本...
20191206_10_32_36_133449_10936report.log 2019-12-06 10:32:40  loga.py  putSystemLog [line:74] INFO 脚本<1>：U8EX登录 加载成功.脚本路径：script/testCase/U8EX项目/公共/U8EX登录
20191206_10_32_36_133449_10936report.log 2019-12-06 10:32:40  loga.py  putSystemLog [line:74] INFO 脚本<2>：报销标准 加载成功.脚本路径：script/testCase/Y3me项目/数字化建模/费用管理/报销标准
20191206_10_32_36_133449_10936report.log 2019-12-06 10:32:40  loga.py  putSystemLog [line:74] INFO 脚本<3>：U8EX登出 加载成功.脚本路径：script/testCase/U8EX项目/公共/U8EX登出
20191206_10_32_36_133449_10936report.log 2019-12-06 10:32:40  loga.py  putSystemLog [line:74] INFO 脚本加载完成...
20191206_10_32_36_133449_10936report.log 2019-12-06 10:32:40  loga.py  putSystemLog [line:74] INFO 开始运行脚本<class 'script.testCase.U8EX项目.公共.U8EX登录.EasyCase'>
20191206_10_32_36_133449_10936report.log 2019-12-06 10:32:42  loga.py  writeLog [line:134] INFO 行号:27   PASS   访问页面[get]  用时:1.426s  
20191206_10_32_36_133449_10936report.log 2019-12-06 10:32:43  loga.py  writeLog [line:134] INFO 行号:29   PASS   查找元素[find_element]  用时:0.011s  
20191206_10_32_36_133449_10936report.log 2019-12-06 10:32:43  loga.py  writeLog [line:134] INFO 行号:30   PASS   查找元素[find_element]  用时:0.007s  
20191206_10_32_36_133449_10936report.log 2019-12-06 10:32:44  loga.py  writeLog [line:134] INFO 行号:30   PASS   左键单击[click]  用时:0.048s  
20191206_10_32_36_133449_10936report.log 2019-12-06 10:32:45  loga.py  writeLog [line:134] INFO 行号:34   PASS   查找元素[find_element]  用时:0.009s  
20191206_10_32_36_133449_10936report.log 2019-12-06 10:32:45  loga.py  writeLog [line:134] INFO 行号:35   PASS   查找元素[find_element]  用时:0.007s  
20191206_10_32_36_133449_10936report.log 2019-12-06 10:32:46  loga.py  writeLog [line:134] INFO 行号:36   PASS   切换到表单[frame]  用时:0.016s  
20191206_10_32_36_133449_10936report.log 2019-12-06 10:32:48  loga.py  writeLog [line:134] INFO 行号:39   PASS   查找元素[find_element]  用时:0.017s  
20191206_10_32_36_133449_10936report.log 2019-12-06 10:32:49  loga.py  writeLog [line:134] INFO 行号:40   PASS   查找元素[find_element]  用时:0.007s  
20191206_10_32_36_133449_10936report.log 2019-12-06 10:32:49  loga.py  writeLog [line:134] INFO 行号:40   PASS   清除文本[clear]  用时:0.018s  
20191206_10_32_36_133449_10936report.log 2019-12-06 10:32:50  loga.py  writeLog [line:134] INFO 行号:41   PASS   查找元素[find_element]  用时:0.007s  
20191206_10_32_36_133449_10936report.log 2019-12-06 10:32:51  loga.py  writeLog [line:134] INFO 行号:41   PASS   模拟输入[send_keys]  用时:0.075s  
20191206_10_32_36_133449_10936report.log 2019-12-06 10:32:52  loga.py  writeLog [line:134] INFO 行号:42   PASS   查找元素[find_element]  用时:0.016s  
20191206_10_32_36_133449_10936report.log 2019-12-06 10:32:52  loga.py  writeLog [line:134] INFO 行号:42   PASS   清除文本[clear]  用时:0.022s  
20191206_10_32_36_133449_10936report.log 2019-12-06 10:32:53  loga.py  writeLog [line:134] INFO 行号:43   PASS   查找元素[find_element]  用时:0.006s  
20191206_10_32_36_133449_10936report.log 2019-12-06 10:32:54  loga.py  writeLog [line:134] INFO 行号:43   PASS   模拟输入[send_keys]  用时:0.059s  
20191206_10_32_36_133449_10936report.log 2019-12-06 10:32:55  loga.py  writeLog [line:134] INFO 行号:45   PASS   查找元素[find_element]  用时:0.010s  
20191206_10_32_36_133449_10936report.log 2019-12-06 10:32:55  loga.py  writeLog [line:134] INFO 行号:46   PASS   查找元素[find_element]  用时:0.006s  
20191206_10_32_36_133449_10936report.log 2019-12-06 10:32:56  loga.py  writeLog [line:134] INFO 行号:46   PASS   左键单击[click]  用时:0.079s  
20191206_10_32_36_133449_10936report.log 2019-12-06 10:32:57  loga.py  writeLog [line:134] INFO 行号:52   PASS   查找元素[find_element]  用时:0.011s  
20191206_10_32_36_133449_10936report.log 2019-12-06 10:32:58  loga.py  writeLog [line:134] INFO 行号:53   PASS   查找元素[find_element]  用时:0.007s  
20191206_10_32_36_133449_10936report.log 2019-12-06 10:32:58  loga.py  writeLog [line:134] INFO 行号:53   PASS   左键单击[click]  用时:0.070s  
20191206_10_32_36_133449_10936report.log 2019-12-06 10:32:59  loga.py  writeLog [line:134] INFO 行号:54   PASS   查找元素[find_element]  用时:0.010s  
20191206_10_32_36_133449_10936report.log 2019-12-06 10:33:00  loga.py  writeLog [line:134] INFO 行号:54   PASS   左键单击[click]  用时:0.207s  
20191206_10_32_36_133449_10936report.log 2019-12-06 10:33:01  loga.py  writeLog [line:134] INFO 行号:56   PASS   查找元素[find_element]  用时:0.011s  
20191206_10_32_36_133449_10936report.log 2019-12-06 10:33:02  loga.py  writeLog [line:134] INFO 行号:56   PASS   左键单击[click]  用时:0.395s  
20191206_10_32_36_133449_10936report.log 2019-12-06 10:33:03  loga.py  putSystemLog [line:74] INFO 脚本运行完毕...
20191206_10_32_36_133449_10936report.log 2019-12-06 10:33:03  loga.py  putSystemLog [line:74] INFO 开始运行脚本<class 'script.testCase.Y3me项目.数字化建模.费用管理.报销标准.EasyCase'>
20191206_10_32_36_133449_10936report.log 2019-12-06 10:33:03  loga.py  writeLog [line:134] INFO 行号:25   PASS   刷新页面[refresh]  用时:0.007s  
20191206_10_32_36_133449_10936report.log 2019-12-06 10:33:04  loga.py  writeLog [line:134] INFO 行号:27   PASS   查找元素[find_element]  用时:0.010s  
20191206_10_32_36_133449_10936report.log 2019-12-06 10:33:04  loga.py  writeLog [line:134] INFO 行号:27   PASS   左键单击[click]  用时:0.054s  
20191206_10_32_36_133449_10936report.log 2019-12-06 10:33:06  loga.py  writeLog [line:134] INFO 行号:30   PASS   查找元素[find_element]  用时:0.014s  
20191206_10_32_36_133449_10936report.log 2019-12-06 10:33:07  loga.py  writeLog [line:134] INFO 行号:30   PASS   左键单击[click]  用时:0.043s  
20191206_10_32_36_133449_10936report.log 2019-12-06 10:33:09  loga.py  writeLog [line:134] INFO 行号:33   PASS   查找元素[find_element]  用时:0.009s  
20191206_10_32_36_133449_10936report.log 2019-12-06 10:33:11  loga.py  writeLog [line:134] INFO 行号:40   PASS   查找元素[find_element]  用时:0.010s  
20191206_10_32_36_133449_10936report.log 2019-12-06 10:33:15  loga.py  writeLog [line:134] INFO 行号:47   PASS   查找元素[find_element]  用时:0.009s  
20191206_10_32_36_133449_10936report.log 2019-12-06 10:33:17  loga.py  writeLog [line:134] INFO 行号:50   PASS   查找元素[find_element]  用时:0.009s  
20191206_10_32_36_133449_10936report.log 2019-12-06 10:33:17  loga.py  writeLog [line:134] INFO 行号:51   PASS   切换到表单[frame]  用时:0.015s  
20191206_10_32_36_133449_10936report.log 2019-12-06 10:33:24  loga.py  writeLog [line:134] INFO 行号:55   PASS   查找元素[find_element]  用时:6.047s  
20191206_10_32_36_133449_10936report.log 2019-12-06 10:33:25  loga.py  writeLog [line:134] INFO 行号:56   PASS   查找元素[find_element]  用时:0.006s  
20191206_10_32_36_133449_10936report.log 2019-12-06 10:33:25  loga.py  writeLog [line:134] INFO 行号:56   PASS   左键单击[click]  用时:0.098s  
20191206_10_32_36_133449_10936report.log 2019-12-06 10:33:26  loga.py  writeLog [line:134] INFO 行号:60   PASS   查找元素[find_element]  用时:0.009s  
20191206_10_32_36_133449_10936report.log 2019-12-06 10:33:27  loga.py  writeLog [line:134] INFO 行号:61   PASS   查找元素[find_element]  用时:0.007s  
20191206_10_32_36_133449_10936report.log 2019-12-06 10:33:27  loga.py  writeLog [line:134] INFO 行号:61   PASS   左键单击[click]  用时:0.068s  
20191206_10_32_36_133449_10936report.log 2019-12-06 10:33:28  loga.py  writeLog [line:134] INFO 行号:65   PASS   查找元素[find_element]  用时:0.008s  
20191206_10_32_36_133449_10936report.log 2019-12-06 10:33:59  loga.py  writeLog [line:134] INFO 行号:0    ERROR  [runTest]  用时:  测试用例脚本发生错误，请检查脚本代码：
20191206_10_32_36_133449_10936report.log 2019-12-06 10:33:59  loga.py  putSystemLog [line:74] INFO 脚本运行完毕...
20191206_10_32_36_133449_10936report.log 2019-12-06 10:33:59  loga.py  putSystemLog [line:74] INFO 开始运行脚本<class 'script.testCase.U8EX项目.公共.U8EX登出.EasyCase'>
20191206_10_32_36_133449_10936report.log 2019-12-06 10:33:59  loga.py  writeLog [line:134] INFO 行号:24   PASS   刷新页面[refresh]  用时:0.014s  
20191206_10_32_36_133449_10936report.log 2019-12-06 10:34:01  loga.py  writeLog [line:134] INFO 行号:26   PASS   查找元素[find_element]  用时:0.012s  
20191206_10_32_36_133449_10936report.log 2019-12-06 10:34:02  loga.py  writeLog [line:134] INFO 行号:26   PASS   左键单击[click]  用时:0.053s  
20191206_10_32_36_133449_10936report.log 2019-12-06 10:34:03  loga.py  writeLog [line:134] INFO 行号:27   PASS   查找元素[find_element]  用时:0.010s  
20191206_10_32_36_133449_10936report.log 2019-12-06 10:34:04  loga.py  writeLog [line:134] INFO 行号:27   PASS   左键单击[click]  用时:0.463s  
20191206_10_32_36_133449_10936report.log 2019-12-06 10:34:05  loga.py  putSystemLog [line:74] INFO 脚本运行完毕...
20191206_10_32_36_133449_10936report.log 2019-12-06 10:34:05  loga.py  writeLog [line:134] INFO 行号:0    PASS   关闭浏览器[quit]  用时:0.230s  
20191206_10_32_36_133449_10936report.log 2019-12-06 10:34:08  loga.py  putSystemLog [line:74] INFO 场景<1>结束.用时:92.470s.
20191206_10_32_36_133449_10936report.log 2019-12-06 10:34:08  loga.py  putSystemLog [line:74] INFO 场景统计结果：PASS: 50(98.04%),FAIL:  0(0.00%),ERROR:  1(1.96%),TRUE:  0,FALSE:  0

20191206_10_32_36_133449_10936report.log 2019-12-06 10:34:08  loga.py  putSystemLog [line:74] INFO ----------------------------------------
20191206_10_32_36_133449_10936report.log 2019-12-06 10:34:08  loga.py  putSystemLog [line:74] INFO End.
20191206_10_32_36_133449_10936report.log 2019-12-06 10:34:08  loga.py  putSystemLog [line:74] INFO 测试方案统计结果:
                    场景<1>:PASS: 50(98.04%),FAIL:  0(0.00%),ERROR:  1(1.96%),TRUE:  0,FALSE:  0
                    总   计:PASS: 50(98.04%),FAIL:  0(0.00%),ERROR:  1(1.96%),TRUE:  0,FALSE:  0

