20191206_10_49_00_940794_24228report.log 2019-12-06 10:49:00  loga.py  putSystemLog [line:74] INFO Start.
20191206_10_49_00_940794_24228report.log 2019-12-06 10:49:00  loga.py  putSystemLog [line:74] INFO 场景<1>开始.
20191206_10_49_00_940794_24228report.log 2019-12-06 10:49:04  loga.py  writeLog [line:134] INFO 行号:0    PASS   最大化浏览器窗口[maximize_window]  用时:1.119s  
20191206_10_49_00_940794_24228report.log 2019-12-06 10:49:05  loga.py  putSystemLog [line:74] INFO chrome浏览器启动成功.
20191206_10_49_00_940794_24228report.log 2019-12-06 10:49:05  loga.py  putSystemLog [line:74] INFO 开始加载脚本...
20191206_10_49_00_940794_24228report.log 2019-12-06 10:49:05  loga.py  putSystemLog [line:74] INFO 脚本<1>：U8EX登录 加载成功.脚本路径：script/testCase/U8EX项目/公共/U8EX登录
20191206_10_49_00_940794_24228report.log 2019-12-06 10:49:05  loga.py  putSystemLog [line:74] INFO 脚本<2>：报销标准 加载成功.脚本路径：script/testCase/Y3me项目/数字化建模/费用管理/报销标准
20191206_10_49_00_940794_24228report.log 2019-12-06 10:49:05  loga.py  putSystemLog [line:74] INFO 脚本<3>：U8EX登出 加载成功.脚本路径：script/testCase/U8EX项目/公共/U8EX登出
20191206_10_49_00_940794_24228report.log 2019-12-06 10:49:05  loga.py  putSystemLog [line:74] INFO 脚本加载完成...
20191206_10_49_00_940794_24228report.log 2019-12-06 10:49:05  loga.py  putSystemLog [line:74] INFO 开始运行脚本<class 'script.testCase.U8EX项目.公共.U8EX登录.EasyCase'>
20191206_10_49_00_940794_24228report.log 2019-12-06 10:49:07  loga.py  writeLog [line:134] INFO 行号:27   PASS   访问页面[get]  用时:1.652s  
20191206_10_49_00_940794_24228report.log 2019-12-06 10:49:08  loga.py  writeLog [line:134] INFO 行号:29   PASS   查找元素[find_element]  用时:0.012s  
20191206_10_49_00_940794_24228report.log 2019-12-06 10:49:08  loga.py  writeLog [line:134] INFO 行号:30   PASS   查找元素[find_element]  用时:0.006s  
20191206_10_49_00_940794_24228report.log 2019-12-06 10:49:09  loga.py  writeLog [line:134] INFO 行号:30   PASS   左键单击[click]  用时:0.051s  
20191206_10_49_00_940794_24228report.log 2019-12-06 10:49:10  loga.py  writeLog [line:134] INFO 行号:34   PASS   查找元素[find_element]  用时:0.010s  
20191206_10_49_00_940794_24228report.log 2019-12-06 10:49:10  loga.py  writeLog [line:134] INFO 行号:35   PASS   查找元素[find_element]  用时:0.005s  
20191206_10_49_00_940794_24228report.log 2019-12-06 10:49:11  loga.py  writeLog [line:134] INFO 行号:36   PASS   切换到表单[frame]  用时:0.017s  
20191206_10_49_00_940794_24228report.log 2019-12-06 10:49:13  loga.py  writeLog [line:134] INFO 行号:39   PASS   查找元素[find_element]  用时:0.012s  
20191206_10_49_00_940794_24228report.log 2019-12-06 10:49:14  loga.py  writeLog [line:134] INFO 行号:40   PASS   查找元素[find_element]  用时:0.007s  
20191206_10_49_00_940794_24228report.log 2019-12-06 10:49:14  loga.py  writeLog [line:134] INFO 行号:40   PASS   清除文本[clear]  用时:0.027s  
20191206_10_49_00_940794_24228report.log 2019-12-06 10:49:15  loga.py  writeLog [line:134] INFO 行号:41   PASS   查找元素[find_element]  用时:0.007s  
20191206_10_49_00_940794_24228report.log 2019-12-06 10:49:16  loga.py  writeLog [line:134] INFO 行号:41   PASS   模拟输入[send_keys]  用时:0.081s  
20191206_10_49_00_940794_24228report.log 2019-12-06 10:49:17  loga.py  writeLog [line:134] INFO 行号:42   PASS   查找元素[find_element]  用时:0.018s  
20191206_10_49_00_940794_24228report.log 2019-12-06 10:49:17  loga.py  writeLog [line:134] INFO 行号:42   PASS   清除文本[clear]  用时:0.019s  
20191206_10_49_00_940794_24228report.log 2019-12-06 10:49:18  loga.py  writeLog [line:134] INFO 行号:43   PASS   查找元素[find_element]  用时:0.026s  
20191206_10_49_00_940794_24228report.log 2019-12-06 10:49:19  loga.py  writeLog [line:134] INFO 行号:43   PASS   模拟输入[send_keys]  用时:0.064s  
20191206_10_49_00_940794_24228report.log 2019-12-06 10:49:20  loga.py  writeLog [line:134] INFO 行号:45   PASS   查找元素[find_element]  用时:0.017s  
20191206_10_49_00_940794_24228report.log 2019-12-06 10:49:20  loga.py  writeLog [line:134] INFO 行号:46   PASS   查找元素[find_element]  用时:0.006s  
20191206_10_49_00_940794_24228report.log 2019-12-06 10:49:21  loga.py  writeLog [line:134] INFO 行号:46   PASS   左键单击[click]  用时:0.087s  
20191206_10_49_00_940794_24228report.log 2019-12-06 10:49:22  loga.py  writeLog [line:134] INFO 行号:52   PASS   查找元素[find_element]  用时:0.014s  
20191206_10_49_00_940794_24228report.log 2019-12-06 10:49:23  loga.py  writeLog [line:134] INFO 行号:53   PASS   查找元素[find_element]  用时:0.012s  
20191206_10_49_00_940794_24228report.log 2019-12-06 10:49:23  loga.py  writeLog [line:134] INFO 行号:53   PASS   左键单击[click]  用时:0.079s  
20191206_10_49_00_940794_24228report.log 2019-12-06 10:49:24  loga.py  writeLog [line:134] INFO 行号:54   PASS   查找元素[find_element]  用时:0.024s  
20191206_10_49_00_940794_24228report.log 2019-12-06 10:49:25  loga.py  writeLog [line:134] INFO 行号:54   PASS   左键单击[click]  用时:0.104s  
20191206_10_49_00_940794_24228report.log 2019-12-06 10:49:26  loga.py  writeLog [line:134] INFO 行号:56   PASS   查找元素[find_element]  用时:0.010s  
20191206_10_49_00_940794_24228report.log 2019-12-06 10:49:27  loga.py  writeLog [line:134] INFO 行号:56   PASS   左键单击[click]  用时:0.431s  
20191206_10_49_00_940794_24228report.log 2019-12-06 10:49:28  loga.py  putSystemLog [line:74] INFO 脚本运行完毕...
20191206_10_49_00_940794_24228report.log 2019-12-06 10:49:28  loga.py  putSystemLog [line:74] INFO 开始运行脚本<class 'script.testCase.Y3me项目.数字化建模.费用管理.报销标准.EasyCase'>
20191206_10_49_00_940794_24228report.log 2019-12-06 10:49:28  loga.py  writeLog [line:134] INFO 行号:25   PASS   刷新页面[refresh]  用时:0.006s  
20191206_10_49_00_940794_24228report.log 2019-12-06 10:49:29  loga.py  writeLog [line:134] INFO 行号:27   PASS   查找元素[find_element]  用时:0.020s  
20191206_10_49_00_940794_24228report.log 2019-12-06 10:49:29  loga.py  writeLog [line:134] INFO 行号:27   PASS   左键单击[click]  用时:0.079s  
20191206_10_49_00_940794_24228report.log 2019-12-06 10:49:31  loga.py  writeLog [line:134] INFO 行号:30   PASS   查找元素[find_element]  用时:0.013s  
20191206_10_49_00_940794_24228report.log 2019-12-06 10:49:32  loga.py  writeLog [line:134] INFO 行号:30   PASS   左键单击[click]  用时:0.044s  
20191206_10_49_00_940794_24228report.log 2019-12-06 10:49:34  loga.py  writeLog [line:134] INFO 行号:33   PASS   查找元素[find_element]  用时:0.010s  
20191206_10_49_00_940794_24228report.log 2019-12-06 10:49:36  loga.py  writeLog [line:134] INFO 行号:40   PASS   查找元素[find_element]  用时:0.010s  
20191206_10_49_00_940794_24228report.log 2019-12-06 10:49:40  loga.py  writeLog [line:134] INFO 行号:47   PASS   查找元素[find_element]  用时:0.010s  
20191206_10_49_00_940794_24228report.log 2019-12-06 10:49:42  loga.py  writeLog [line:134] INFO 行号:50   PASS   查找元素[find_element]  用时:0.010s  
20191206_10_49_00_940794_24228report.log 2019-12-06 10:49:42  loga.py  writeLog [line:134] INFO 行号:51   PASS   切换到表单[frame]  用时:0.017s  
20191206_10_49_00_940794_24228report.log 2019-12-06 10:49:44  loga.py  writeLog [line:134] INFO 行号:55   PASS   查找元素[find_element]  用时:1.268s  
20191206_10_49_00_940794_24228report.log 2019-12-06 10:49:45  loga.py  writeLog [line:134] INFO 行号:56   PASS   查找元素[find_element]  用时:0.006s  
20191206_10_49_00_940794_24228report.log 2019-12-06 10:49:45  loga.py  writeLog [line:134] INFO 行号:56   PASS   左键单击[click]  用时:0.117s  
20191206_10_49_00_940794_24228report.log 2019-12-06 10:49:46  loga.py  writeLog [line:134] INFO 行号:60   PASS   查找元素[find_element]  用时:0.009s  
20191206_10_49_00_940794_24228report.log 2019-12-06 10:49:47  loga.py  writeLog [line:134] INFO 行号:61   PASS   查找元素[find_element]  用时:0.006s  
20191206_10_49_00_940794_24228report.log 2019-12-06 10:49:48  loga.py  writeLog [line:134] INFO 行号:61   PASS   左键单击[click]  用时:0.074s  
20191206_10_49_00_940794_24228report.log 2019-12-06 10:49:49  loga.py  writeLog [line:134] INFO 行号:65   PASS   查找元素[find_element]  用时:0.010s  
20191206_10_49_00_940794_24228report.log 2019-12-06 10:49:49  loga.py  writeLog [line:134] INFO 行号:66   PASS   查找元素[find_element]  用时:0.006s  
20191206_10_49_00_940794_24228report.log 2019-12-06 10:49:50  loga.py  writeLog [line:134] INFO 行号:66   PASS   左键单击[click]  用时:0.067s  
20191206_10_49_00_940794_24228report.log 2019-12-06 10:49:51  loga.py  writeLog [line:134] INFO 行号:70   PASS   查找元素[find_element]  用时:0.007s  
20191206_10_49_00_940794_24228report.log 2019-12-06 10:49:51  loga.py  writeLog [line:134] INFO 行号:71   PASS   查找元素[find_element]  用时:0.010s  
20191206_10_49_00_940794_24228report.log 2019-12-06 10:49:52  loga.py  writeLog [line:134] INFO 行号:71   PASS   左键单击[click]  用时:0.063s  
20191206_10_49_00_940794_24228report.log 2019-12-06 10:49:53  loga.py  writeLog [line:134] INFO 行号:75   PASS   查找元素[find_element]  用时:0.009s  
20191206_10_49_00_940794_24228report.log 2019-12-06 10:49:53  loga.py  writeLog [line:134] INFO 行号:78   PASS   查找元素[find_element]  用时:0.006s  
20191206_10_49_00_940794_24228report.log 2019-12-06 10:49:54  loga.py  writeLog [line:134] INFO 行号:78   PASS   模拟输入[send_keys]  用时:0.134s  
20191206_10_49_00_940794_24228report.log 2019-12-06 10:49:55  loga.py  writeLog [line:134] INFO 行号:82   PASS   查找元素[find_element]  用时:0.011s  
20191206_10_49_00_940794_24228report.log 2019-12-06 10:49:55  loga.py  writeLog [line:134] INFO 行号:83   PASS   查找元素[find_element]  用时:0.006s  
20191206_10_49_00_940794_24228report.log 2019-12-06 10:49:56  loga.py  writeLog [line:134] INFO 行号:83   PASS   左键单击[click]  用时:0.065s  
20191206_10_49_00_940794_24228report.log 2019-12-06 10:49:59  loga.py  writeLog [line:134] INFO 行号:88   PASS   查找元素[find_element]  用时:0.011s  
20191206_10_49_00_940794_24228report.log 2019-12-06 10:50:00  loga.py  writeLog [line:134] INFO 行号:91   PASS   查找元素[find_element]  用时:0.007s  
20191206_10_49_00_940794_24228report.log 2019-12-06 10:50:00  loga.py  writeLog [line:134] INFO 行号:91   PASS   左键单击[click]  用时:0.072s  
20191206_10_49_00_940794_24228report.log 2019-12-06 10:50:01  loga.py  writeLog [line:134] INFO 行号:96   PASS   查找元素[find_element]  用时:0.011s  
20191206_10_49_00_940794_24228report.log 2019-12-06 10:50:02  loga.py  writeLog [line:134] INFO 行号:97   PASS   查找元素[find_element]  用时:0.006s  
20191206_10_49_00_940794_24228report.log 2019-12-06 10:50:02  loga.py  writeLog [line:134] INFO 行号:97   PASS   左键单击[click]  用时:0.057s  
20191206_10_49_00_940794_24228report.log 2019-12-06 10:50:03  loga.py  writeLog [line:134] INFO 行号:104  PASS   查找元素[find_element]  用时:0.009s  
20191206_10_49_00_940794_24228report.log 2019-12-06 10:50:04  loga.py  writeLog [line:134] INFO 行号:106  PASS   查找元素[find_element]  用时:0.020s  
20191206_10_49_00_940794_24228report.log 2019-12-06 10:50:04  loga.py  writeLog [line:134] INFO 行号:106  PASS   左键单击[click]  用时:0.071s  
20191206_10_49_00_940794_24228report.log 2019-12-06 10:50:05  loga.py  writeLog [line:134] INFO 行号:111  PASS   查找元素[find_element]  用时:0.009s  
20191206_10_49_00_940794_24228report.log 2019-12-06 10:50:06  loga.py  writeLog [line:134] INFO 行号:113  PASS   查找元素[find_element]  用时:0.011s  
20191206_10_49_00_940794_24228report.log 2019-12-06 10:50:06  loga.py  writeLog [line:134] INFO 行号:113  PASS   左键单击[click]  用时:0.057s  
20191206_10_49_00_940794_24228report.log 2019-12-06 10:50:07  loga.py  writeLog [line:134] INFO 行号:118  PASS   查找元素[find_element]  用时:0.008s  
20191206_10_49_00_940794_24228report.log 2019-12-06 10:50:08  loga.py  writeLog [line:134] INFO 行号:119  PASS   查找元素[find_element]  用时:0.009s  
20191206_10_49_00_940794_24228report.log 2019-12-06 10:50:14  loga.py  writeLog [line:134] INFO 行号:119  ERROR  左键单击[click]  用时:5.144s  5次重新定位元素后，元素行为执行仍然失败，请检查元素是否准确定位
20191206_10_49_00_940794_24228report.log 2019-12-06 10:50:45  loga.py  writeLog [line:134] INFO 行号:124  FAIL   查找元素[find_element]  用时:30.032s  参数:{'list': '', 'dict': {'xpath': '//ul[@role="listbox"]/li[1]'}} 页面中没有该元素.NoSuchElementException
20191206_10_49_00_940794_24228report.log 2019-12-06 10:51:15  loga.py  writeLog [line:134] INFO 行号:0    ERROR  [runTest]  用时:  测试用例脚本发生错误，请检查脚本代码：
20191206_10_49_00_940794_24228report.log 2019-12-06 10:51:15  loga.py  putSystemLog [line:74] INFO 脚本运行完毕...
20191206_10_49_00_940794_24228report.log 2019-12-06 10:51:15  loga.py  putSystemLog [line:74] INFO 开始运行脚本<class 'script.testCase.U8EX项目.公共.U8EX登出.EasyCase'>
20191206_10_49_00_940794_24228report.log 2019-12-06 10:51:15  loga.py  writeLog [line:134] INFO 行号:24   PASS   刷新页面[refresh]  用时:0.011s  
20191206_10_49_00_940794_24228report.log 2019-12-06 10:51:17  loga.py  writeLog [line:134] INFO 行号:26   PASS   查找元素[find_element]  用时:0.010s  
20191206_10_49_00_940794_24228report.log 2019-12-06 10:51:18  loga.py  writeLog [line:134] INFO 行号:26   PASS   左键单击[click]  用时:0.056s  
20191206_10_49_00_940794_24228report.log 2019-12-06 10:51:19  loga.py  writeLog [line:134] INFO 行号:27   PASS   查找元素[find_element]  用时:0.009s  
20191206_10_49_00_940794_24228report.log 2019-12-06 10:51:20  loga.py  writeLog [line:134] INFO 行号:27   PASS   左键单击[click]  用时:0.576s  
20191206_10_49_00_940794_24228report.log 2019-12-06 10:51:21  loga.py  putSystemLog [line:74] INFO 脚本运行完毕...
20191206_10_49_00_940794_24228report.log 2019-12-06 10:51:21  loga.py  writeLog [line:134] INFO 行号:0    PASS   关闭浏览器[quit]  用时:0.194s  
20191206_10_49_00_940794_24228report.log 2019-12-06 10:51:24  loga.py  putSystemLog [line:74] INFO 场景<1>结束.用时:143.748s.
20191206_10_49_00_940794_24228report.log 2019-12-06 10:51:24  loga.py  putSystemLog [line:74] INFO 场景统计结果：PASS: 75(96.15%),FAIL:  1(1.28%),ERROR:  2(2.56%),TRUE:  0,FALSE:  0

20191206_10_49_00_940794_24228report.log 2019-12-06 10:51:24  loga.py  putSystemLog [line:74] INFO ----------------------------------------
20191206_10_49_00_940794_24228report.log 2019-12-06 10:51:24  loga.py  putSystemLog [line:74] INFO End.
20191206_10_49_00_940794_24228report.log 2019-12-06 10:51:24  loga.py  putSystemLog [line:74] INFO 测试方案统计结果:
                    场景<1>:PASS: 75(96.15%),FAIL:  1(1.28%),ERROR:  2(2.56%),TRUE:  0,FALSE:  0
                    总   计:PASS: 75(96.15%),FAIL:  1(1.28%),ERROR:  2(2.56%),TRUE:  0,FALSE:  0

