20191206_10_36_47_786013_24260report.log 2019-12-06 10:36:47  loga.py  putSystemLog [line:74] INFO Start.
20191206_10_36_47_786013_24260report.log 2019-12-06 10:36:47  loga.py  putSystemLog [line:74] INFO 场景<1>开始.
20191206_10_36_47_786013_24260report.log 2019-12-06 10:36:51  loga.py  writeLog [line:134] INFO 行号:0    PASS   最大化浏览器窗口[maximize_window]  用时:1.115s  
20191206_10_36_47_786013_24260report.log 2019-12-06 10:36:52  loga.py  putSystemLog [line:74] INFO chrome浏览器启动成功.
20191206_10_36_47_786013_24260report.log 2019-12-06 10:36:52  loga.py  putSystemLog [line:74] INFO 开始加载脚本...
20191206_10_36_47_786013_24260report.log 2019-12-06 10:36:52  loga.py  putSystemLog [line:74] INFO 脚本<1>：U8EX登录 加载成功.脚本路径：script/testCase/U8EX项目/公共/U8EX登录
20191206_10_36_47_786013_24260report.log 2019-12-06 10:36:52  loga.py  putSystemLog [line:74] INFO 脚本<2>：报销标准 加载成功.脚本路径：script/testCase/Y3me项目/数字化建模/费用管理/报销标准
20191206_10_36_47_786013_24260report.log 2019-12-06 10:36:52  loga.py  putSystemLog [line:74] INFO 脚本<3>：U8EX登出 加载成功.脚本路径：script/testCase/U8EX项目/公共/U8EX登出
20191206_10_36_47_786013_24260report.log 2019-12-06 10:36:52  loga.py  putSystemLog [line:74] INFO 脚本加载完成...
20191206_10_36_47_786013_24260report.log 2019-12-06 10:36:52  loga.py  putSystemLog [line:74] INFO 开始运行脚本<class 'script.testCase.U8EX项目.公共.U8EX登录.EasyCase'>
20191206_10_36_47_786013_24260report.log 2019-12-06 10:36:54  loga.py  writeLog [line:134] INFO 行号:27   PASS   访问页面[get]  用时:2.032s  
20191206_10_36_47_786013_24260report.log 2019-12-06 10:36:55  loga.py  writeLog [line:134] INFO 行号:29   PASS   查找元素[find_element]  用时:0.012s  
20191206_10_36_47_786013_24260report.log 2019-12-06 10:36:56  loga.py  writeLog [line:134] INFO 行号:30   PASS   查找元素[find_element]  用时:0.007s  
20191206_10_36_47_786013_24260report.log 2019-12-06 10:36:56  loga.py  writeLog [line:134] INFO 行号:30   PASS   左键单击[click]  用时:0.056s  
20191206_10_36_47_786013_24260report.log 2019-12-06 10:36:57  loga.py  writeLog [line:134] INFO 行号:34   PASS   查找元素[find_element]  用时:0.009s  
20191206_10_36_47_786013_24260report.log 2019-12-06 10:36:58  loga.py  writeLog [line:134] INFO 行号:35   PASS   查找元素[find_element]  用时:0.007s  
20191206_10_36_47_786013_24260report.log 2019-12-06 10:36:58  loga.py  writeLog [line:134] INFO 行号:36   PASS   切换到表单[frame]  用时:0.015s  
20191206_10_36_47_786013_24260report.log 2019-12-06 10:37:00  loga.py  writeLog [line:134] INFO 行号:39   PASS   查找元素[find_element]  用时:0.010s  
20191206_10_36_47_786013_24260report.log 2019-12-06 10:37:01  loga.py  writeLog [line:134] INFO 行号:40   PASS   查找元素[find_element]  用时:0.007s  
20191206_10_36_47_786013_24260report.log 2019-12-06 10:37:01  loga.py  writeLog [line:134] INFO 行号:40   PASS   清除文本[clear]  用时:0.017s  
20191206_10_36_47_786013_24260report.log 2019-12-06 10:37:02  loga.py  writeLog [line:134] INFO 行号:41   PASS   查找元素[find_element]  用时:0.006s  
20191206_10_36_47_786013_24260report.log 2019-12-06 10:37:03  loga.py  writeLog [line:134] INFO 行号:41   PASS   模拟输入[send_keys]  用时:0.078s  
20191206_10_36_47_786013_24260report.log 2019-12-06 10:37:04  loga.py  writeLog [line:134] INFO 行号:42   PASS   查找元素[find_element]  用时:0.010s  
20191206_10_36_47_786013_24260report.log 2019-12-06 10:37:04  loga.py  writeLog [line:134] INFO 行号:42   PASS   清除文本[clear]  用时:0.020s  
20191206_10_36_47_786013_24260report.log 2019-12-06 10:37:05  loga.py  writeLog [line:134] INFO 行号:43   PASS   查找元素[find_element]  用时:0.007s  
20191206_10_36_47_786013_24260report.log 2019-12-06 10:37:06  loga.py  writeLog [line:134] INFO 行号:43   PASS   模拟输入[send_keys]  用时:0.064s  
20191206_10_36_47_786013_24260report.log 2019-12-06 10:37:07  loga.py  writeLog [line:134] INFO 行号:45   PASS   查找元素[find_element]  用时:0.011s  
20191206_10_36_47_786013_24260report.log 2019-12-06 10:37:07  loga.py  writeLog [line:134] INFO 行号:46   PASS   查找元素[find_element]  用时:0.005s  
20191206_10_36_47_786013_24260report.log 2019-12-06 10:37:08  loga.py  writeLog [line:134] INFO 行号:46   PASS   左键单击[click]  用时:0.081s  
20191206_10_36_47_786013_24260report.log 2019-12-06 10:37:10  loga.py  writeLog [line:134] INFO 行号:52   PASS   查找元素[find_element]  用时:0.011s  
20191206_10_36_47_786013_24260report.log 2019-12-06 10:37:10  loga.py  writeLog [line:134] INFO 行号:53   PASS   查找元素[find_element]  用时:0.006s  
20191206_10_36_47_786013_24260report.log 2019-12-06 10:37:11  loga.py  writeLog [line:134] INFO 行号:53   PASS   左键单击[click]  用时:0.065s  
20191206_10_36_47_786013_24260report.log 2019-12-06 10:37:12  loga.py  writeLog [line:134] INFO 行号:54   PASS   查找元素[find_element]  用时:0.009s  
20191206_10_36_47_786013_24260report.log 2019-12-06 10:37:12  loga.py  writeLog [line:134] INFO 行号:54   PASS   左键单击[click]  用时:0.116s  
20191206_10_36_47_786013_24260report.log 2019-12-06 10:37:13  loga.py  writeLog [line:134] INFO 行号:56   PASS   查找元素[find_element]  用时:0.010s  
20191206_10_36_47_786013_24260report.log 2019-12-06 10:37:14  loga.py  writeLog [line:134] INFO 行号:56   PASS   左键单击[click]  用时:0.362s  
20191206_10_36_47_786013_24260report.log 2019-12-06 10:37:15  loga.py  putSystemLog [line:74] INFO 脚本运行完毕...
20191206_10_36_47_786013_24260report.log 2019-12-06 10:37:15  loga.py  putSystemLog [line:74] INFO 开始运行脚本<class 'script.testCase.Y3me项目.数字化建模.费用管理.报销标准.EasyCase'>
20191206_10_36_47_786013_24260report.log 2019-12-06 10:37:15  loga.py  writeLog [line:134] INFO 行号:25   PASS   刷新页面[refresh]  用时:0.241s  
20191206_10_36_47_786013_24260report.log 2019-12-06 10:37:16  loga.py  writeLog [line:134] INFO 行号:27   PASS   查找元素[find_element]  用时:0.011s  
20191206_10_36_47_786013_24260report.log 2019-12-06 10:37:17  loga.py  writeLog [line:134] INFO 行号:27   PASS   左键单击[click]  用时:0.063s  
20191206_10_36_47_786013_24260report.log 2019-12-06 10:37:19  loga.py  writeLog [line:134] INFO 行号:30   PASS   查找元素[find_element]  用时:0.020s  
20191206_10_36_47_786013_24260report.log 2019-12-06 10:37:20  loga.py  writeLog [line:134] INFO 行号:30   PASS   左键单击[click]  用时:0.044s  
20191206_10_36_47_786013_24260report.log 2019-12-06 10:37:22  loga.py  writeLog [line:134] INFO 行号:33   PASS   查找元素[find_element]  用时:0.009s  
20191206_10_36_47_786013_24260report.log 2019-12-06 10:37:24  loga.py  writeLog [line:134] INFO 行号:40   PASS   查找元素[find_element]  用时:0.009s  
20191206_10_36_47_786013_24260report.log 2019-12-06 10:37:28  loga.py  writeLog [line:134] INFO 行号:47   PASS   查找元素[find_element]  用时:0.009s  
20191206_10_36_47_786013_24260report.log 2019-12-06 10:37:29  loga.py  writeLog [line:134] INFO 行号:50   PASS   查找元素[find_element]  用时:0.009s  
20191206_10_36_47_786013_24260report.log 2019-12-06 10:37:30  loga.py  writeLog [line:134] INFO 行号:51   PASS   切换到表单[frame]  用时:0.015s  
20191206_10_36_47_786013_24260report.log 2019-12-06 10:37:54  loga.py  writeLog [line:134] INFO 行号:55   PASS   查找元素[find_element]  用时:22.980s  
20191206_10_36_47_786013_24260report.log 2019-12-06 10:37:54  loga.py  writeLog [line:134] INFO 行号:56   PASS   查找元素[find_element]  用时:0.006s  
20191206_10_36_47_786013_24260report.log 2019-12-06 10:37:55  loga.py  writeLog [line:134] INFO 行号:56   PASS   左键单击[click]  用时:0.099s  
20191206_10_36_47_786013_24260report.log 2019-12-06 10:37:56  loga.py  writeLog [line:134] INFO 行号:60   PASS   查找元素[find_element]  用时:0.010s  
20191206_10_36_47_786013_24260report.log 2019-12-06 10:37:56  loga.py  writeLog [line:134] INFO 行号:61   PASS   查找元素[find_element]  用时:0.005s  
20191206_10_36_47_786013_24260report.log 2019-12-06 10:37:57  loga.py  writeLog [line:134] INFO 行号:61   PASS   左键单击[click]  用时:0.066s  
20191206_10_36_47_786013_24260report.log 2019-12-06 10:37:58  loga.py  writeLog [line:134] INFO 行号:65   PASS   查找元素[find_element]  用时:0.010s  
20191206_10_36_47_786013_24260report.log 2019-12-06 10:37:58  loga.py  writeLog [line:134] INFO 行号:66   PASS   查找元素[find_element]  用时:0.005s  
20191206_10_36_47_786013_24260report.log 2019-12-06 10:37:59  loga.py  writeLog [line:134] INFO 行号:66   PASS   左键单击[click]  用时:0.070s  
20191206_10_36_47_786013_24260report.log 2019-12-06 10:38:00  loga.py  writeLog [line:134] INFO 行号:70   PASS   查找元素[find_element]  用时:0.009s  
20191206_10_36_47_786013_24260report.log 2019-12-06 10:38:01  loga.py  writeLog [line:134] INFO 行号:71   PASS   查找元素[find_element]  用时:0.006s  
20191206_10_36_47_786013_24260report.log 2019-12-06 10:38:01  loga.py  writeLog [line:134] INFO 行号:71   PASS   左键单击[click]  用时:0.076s  
20191206_10_36_47_786013_24260report.log 2019-12-06 10:38:02  loga.py  writeLog [line:134] INFO 行号:75   PASS   查找元素[find_element]  用时:0.011s  
20191206_10_36_47_786013_24260report.log 2019-12-06 10:38:03  loga.py  writeLog [line:134] INFO 行号:78   PASS   查找元素[find_element]  用时:0.006s  
20191206_10_36_47_786013_24260report.log 2019-12-06 10:38:03  loga.py  writeLog [line:134] INFO 行号:78   PASS   模拟输入[send_keys]  用时:0.138s  
20191206_10_36_47_786013_24260report.log 2019-12-06 10:38:04  loga.py  writeLog [line:134] INFO 行号:82   PASS   查找元素[find_element]  用时:0.009s  
20191206_10_36_47_786013_24260report.log 2019-12-06 10:38:05  loga.py  writeLog [line:134] INFO 行号:83   PASS   查找元素[find_element]  用时:0.006s  
20191206_10_36_47_786013_24260report.log 2019-12-06 10:38:05  loga.py  writeLog [line:134] INFO 行号:83   PASS   左键单击[click]  用时:0.060s  
20191206_10_36_47_786013_24260report.log 2019-12-06 10:38:06  loga.py  writeLog [line:134] INFO 行号:88   PASS   查找元素[find_element]  用时:0.010s  
20191206_10_36_47_786013_24260report.log 2019-12-06 10:38:07  loga.py  writeLog [line:134] INFO 行号:91   PASS   查找元素[find_element]  用时:0.007s  
20191206_10_36_47_786013_24260report.log 2019-12-06 10:38:07  loga.py  writeLog [line:134] INFO 行号:91   PASS   左键单击[click]  用时:0.056s  
20191206_10_36_47_786013_24260report.log 2019-12-06 10:38:08  loga.py  writeLog [line:134] INFO 行号:96   PASS   查找元素[find_element]  用时:0.010s  
20191206_10_36_47_786013_24260report.log 2019-12-06 10:38:09  loga.py  writeLog [line:134] INFO 行号:97   PASS   查找元素[find_element]  用时:0.006s  
20191206_10_36_47_786013_24260report.log 2019-12-06 10:38:10  loga.py  writeLog [line:134] INFO 行号:97   PASS   左键单击[click]  用时:0.059s  
20191206_10_36_47_786013_24260report.log 2019-12-06 10:38:11  loga.py  writeLog [line:134] INFO 行号:104  PASS   查找元素[find_element]  用时:0.008s  
20191206_10_36_47_786013_24260report.log 2019-12-06 10:38:11  loga.py  writeLog [line:134] INFO 行号:106  PASS   查找元素[find_element]  用时:0.007s  
20191206_10_36_47_786013_24260report.log 2019-12-06 10:38:12  loga.py  writeLog [line:134] INFO 行号:106  PASS   左键单击[click]  用时:0.056s  
20191206_10_36_47_786013_24260report.log 2019-12-06 10:38:13  loga.py  writeLog [line:134] INFO 行号:111  PASS   查找元素[find_element]  用时:0.009s  
20191206_10_36_47_786013_24260report.log 2019-12-06 10:38:13  loga.py  writeLog [line:134] INFO 行号:113  PASS   查找元素[find_element]  用时:0.008s  
20191206_10_36_47_786013_24260report.log 2019-12-06 10:38:14  loga.py  writeLog [line:134] INFO 行号:113  PASS   左键单击[click]  用时:0.059s  
20191206_10_36_47_786013_24260report.log 2019-12-06 10:38:45  loga.py  writeLog [line:134] INFO 行号:118  FAIL   查找元素[find_element]  用时:30.032s  参数:{'list': '', 'dict': {'xpath': '//div[text()="按部门、职务、职级设置"]'}} 页面中没有该元素.NoSuchElementException
