20191206_10_42_57_323776_21680report.log 2019-12-06 10:42:57  loga.py  putSystemLog [line:74] INFO Start.
20191206_10_42_57_323776_21680report.log 2019-12-06 10:42:57  loga.py  putSystemLog [line:74] INFO 场景<1>开始.
20191206_10_42_57_323776_21680report.log 2019-12-06 10:43:01  loga.py  writeLog [line:134] INFO 行号:0    PASS   最大化浏览器窗口[maximize_window]  用时:1.115s  
20191206_10_42_57_323776_21680report.log 2019-12-06 10:43:02  loga.py  putSystemLog [line:74] INFO chrome浏览器启动成功.
20191206_10_42_57_323776_21680report.log 2019-12-06 10:43:02  loga.py  putSystemLog [line:74] INFO 开始加载脚本...
20191206_10_42_57_323776_21680report.log 2019-12-06 10:43:02  loga.py  putSystemLog [line:74] INFO 脚本<1>：U8EX登录 加载成功.脚本路径：script/testCase/U8EX项目/公共/U8EX登录
20191206_10_42_57_323776_21680report.log 2019-12-06 10:43:02  loga.py  putSystemLog [line:74] INFO 脚本<2>：报销标准 加载成功.脚本路径：script/testCase/Y3me项目/数字化建模/费用管理/报销标准
20191206_10_42_57_323776_21680report.log 2019-12-06 10:43:02  loga.py  putSystemLog [line:74] INFO 脚本<3>：U8EX登出 加载成功.脚本路径：script/testCase/U8EX项目/公共/U8EX登出
20191206_10_42_57_323776_21680report.log 2019-12-06 10:43:02  loga.py  putSystemLog [line:74] INFO 脚本加载完成...
20191206_10_42_57_323776_21680report.log 2019-12-06 10:43:02  loga.py  putSystemLog [line:74] INFO 开始运行脚本<class 'script.testCase.U8EX项目.公共.U8EX登录.EasyCase'>
20191206_10_42_57_323776_21680report.log 2019-12-06 10:43:08  loga.py  writeLog [line:134] INFO 行号:27   PASS   访问页面[get]  用时:6.770s  
20191206_10_42_57_323776_21680report.log 2019-12-06 10:43:09  loga.py  writeLog [line:134] INFO 行号:29   PASS   查找元素[find_element]  用时:0.010s  
20191206_10_42_57_323776_21680report.log 2019-12-06 10:43:10  loga.py  writeLog [line:134] INFO 行号:30   PASS   查找元素[find_element]  用时:0.007s  
20191206_10_42_57_323776_21680report.log 2019-12-06 10:43:10  loga.py  writeLog [line:134] INFO 行号:30   PASS   左键单击[click]  用时:0.058s  
20191206_10_42_57_323776_21680report.log 2019-12-06 10:43:11  loga.py  writeLog [line:134] INFO 行号:34   PASS   查找元素[find_element]  用时:0.010s  
20191206_10_42_57_323776_21680report.log 2019-12-06 10:43:12  loga.py  writeLog [line:134] INFO 行号:35   PASS   查找元素[find_element]  用时:0.006s  
20191206_10_42_57_323776_21680report.log 2019-12-06 10:43:12  loga.py  writeLog [line:134] INFO 行号:36   PASS   切换到表单[frame]  用时:0.016s  
20191206_10_42_57_323776_21680report.log 2019-12-06 10:43:14  loga.py  writeLog [line:134] INFO 行号:39   PASS   查找元素[find_element]  用时:0.010s  
20191206_10_42_57_323776_21680report.log 2019-12-06 10:43:15  loga.py  writeLog [line:134] INFO 行号:40   PASS   查找元素[find_element]  用时:0.005s  
20191206_10_42_57_323776_21680report.log 2019-12-06 10:43:15  loga.py  writeLog [line:134] INFO 行号:40   PASS   清除文本[clear]  用时:0.018s  
20191206_10_42_57_323776_21680report.log 2019-12-06 10:43:17  loga.py  writeLog [line:134] INFO 行号:41   PASS   查找元素[find_element]  用时:0.017s  
20191206_10_42_57_323776_21680report.log 2019-12-06 10:43:17  loga.py  writeLog [line:134] INFO 行号:41   PASS   模拟输入[send_keys]  用时:0.079s  
20191206_10_42_57_323776_21680report.log 2019-12-06 10:43:18  loga.py  writeLog [line:134] INFO 行号:42   PASS   查找元素[find_element]  用时:0.010s  
20191206_10_42_57_323776_21680report.log 2019-12-06 10:43:19  loga.py  writeLog [line:134] INFO 行号:42   PASS   清除文本[clear]  用时:0.035s  
20191206_10_42_57_323776_21680report.log 2019-12-06 10:43:20  loga.py  writeLog [line:134] INFO 行号:43   PASS   查找元素[find_element]  用时:0.014s  
20191206_10_42_57_323776_21680report.log 2019-12-06 10:43:20  loga.py  writeLog [line:134] INFO 行号:43   PASS   模拟输入[send_keys]  用时:0.079s  
20191206_10_42_57_323776_21680report.log 2019-12-06 10:43:21  loga.py  writeLog [line:134] INFO 行号:45   PASS   查找元素[find_element]  用时:0.010s  
20191206_10_42_57_323776_21680report.log 2019-12-06 10:43:22  loga.py  writeLog [line:134] INFO 行号:46   PASS   查找元素[find_element]  用时:0.005s  
20191206_10_42_57_323776_21680report.log 2019-12-06 10:43:22  loga.py  writeLog [line:134] INFO 行号:46   PASS   左键单击[click]  用时:0.080s  
20191206_10_42_57_323776_21680report.log 2019-12-06 10:43:24  loga.py  writeLog [line:134] INFO 行号:52   PASS   查找元素[find_element]  用时:0.029s  
20191206_10_42_57_323776_21680report.log 2019-12-06 10:43:24  loga.py  writeLog [line:134] INFO 行号:53   PASS   查找元素[find_element]  用时:0.006s  
20191206_10_42_57_323776_21680report.log 2019-12-06 10:43:25  loga.py  writeLog [line:134] INFO 行号:53   PASS   左键单击[click]  用时:0.077s  
20191206_10_42_57_323776_21680report.log 2019-12-06 10:43:26  loga.py  writeLog [line:134] INFO 行号:54   PASS   查找元素[find_element]  用时:0.011s  
20191206_10_42_57_323776_21680report.log 2019-12-06 10:43:26  loga.py  writeLog [line:134] INFO 行号:54   PASS   左键单击[click]  用时:0.083s  
20191206_10_42_57_323776_21680report.log 2019-12-06 10:43:27  loga.py  writeLog [line:134] INFO 行号:56   PASS   查找元素[find_element]  用时:0.009s  
20191206_10_42_57_323776_21680report.log 2019-12-06 10:43:28  loga.py  writeLog [line:134] INFO 行号:56   PASS   左键单击[click]  用时:0.338s  
20191206_10_42_57_323776_21680report.log 2019-12-06 10:43:29  loga.py  putSystemLog [line:74] INFO 脚本运行完毕...
20191206_10_42_57_323776_21680report.log 2019-12-06 10:43:29  loga.py  putSystemLog [line:74] INFO 开始运行脚本<class 'script.testCase.Y3me项目.数字化建模.费用管理.报销标准.EasyCase'>
20191206_10_42_57_323776_21680report.log 2019-12-06 10:43:29  loga.py  writeLog [line:134] INFO 行号:25   PASS   刷新页面[refresh]  用时:0.005s  
20191206_10_42_57_323776_21680report.log 2019-12-06 10:43:30  loga.py  writeLog [line:134] INFO 行号:27   PASS   查找元素[find_element]  用时:0.010s  
20191206_10_42_57_323776_21680report.log 2019-12-06 10:43:31  loga.py  writeLog [line:134] INFO 行号:27   PASS   左键单击[click]  用时:0.069s  
20191206_10_42_57_323776_21680report.log 2019-12-06 10:43:33  loga.py  writeLog [line:134] INFO 行号:30   PASS   查找元素[find_element]  用时:0.017s  
20191206_10_42_57_323776_21680report.log 2019-12-06 10:43:33  loga.py  writeLog [line:134] INFO 行号:30   PASS   左键单击[click]  用时:0.056s  
20191206_10_42_57_323776_21680report.log 2019-12-06 10:43:35  loga.py  writeLog [line:134] INFO 行号:33   PASS   查找元素[find_element]  用时:0.009s  
20191206_10_42_57_323776_21680report.log 2019-12-06 10:43:38  loga.py  writeLog [line:134] INFO 行号:40   PASS   查找元素[find_element]  用时:0.009s  
20191206_10_42_57_323776_21680report.log 2019-12-06 10:43:42  loga.py  writeLog [line:134] INFO 行号:47   PASS   查找元素[find_element]  用时:0.009s  
20191206_10_42_57_323776_21680report.log 2019-12-06 10:43:43  loga.py  writeLog [line:134] INFO 行号:50   PASS   查找元素[find_element]  用时:0.010s  
20191206_10_42_57_323776_21680report.log 2019-12-06 10:43:44  loga.py  writeLog [line:134] INFO 行号:51   PASS   切换到表单[frame]  用时:0.015s  
20191206_10_42_57_323776_21680report.log 2019-12-06 10:43:48  loga.py  writeLog [line:134] INFO 行号:55   PASS   查找元素[find_element]  用时:2.991s  
20191206_10_42_57_323776_21680report.log 2019-12-06 10:43:48  loga.py  writeLog [line:134] INFO 行号:56   PASS   查找元素[find_element]  用时:0.006s  
20191206_10_42_57_323776_21680report.log 2019-12-06 10:43:49  loga.py  writeLog [line:134] INFO 行号:56   PASS   左键单击[click]  用时:0.117s  
20191206_10_42_57_323776_21680report.log 2019-12-06 10:43:50  loga.py  writeLog [line:134] INFO 行号:60   PASS   查找元素[find_element]  用时:0.010s  
20191206_10_42_57_323776_21680report.log 2019-12-06 10:43:50  loga.py  writeLog [line:134] INFO 行号:61   PASS   查找元素[find_element]  用时:0.006s  
20191206_10_42_57_323776_21680report.log 2019-12-06 10:43:51  loga.py  writeLog [line:134] INFO 行号:61   PASS   左键单击[click]  用时:0.073s  
20191206_10_42_57_323776_21680report.log 2019-12-06 10:43:52  loga.py  writeLog [line:134] INFO 行号:65   PASS   查找元素[find_element]  用时:0.010s  
20191206_10_42_57_323776_21680report.log 2019-12-06 10:43:52  loga.py  writeLog [line:134] INFO 行号:66   PASS   查找元素[find_element]  用时:0.005s  
20191206_10_42_57_323776_21680report.log 2019-12-06 10:43:53  loga.py  writeLog [line:134] INFO 行号:66   PASS   左键单击[click]  用时:0.074s  
20191206_10_42_57_323776_21680report.log 2019-12-06 10:43:54  loga.py  writeLog [line:134] INFO 行号:70   PASS   查找元素[find_element]  用时:0.007s  
20191206_10_42_57_323776_21680report.log 2019-12-06 10:43:54  loga.py  writeLog [line:134] INFO 行号:71   PASS   查找元素[find_element]  用时:0.006s  
20191206_10_42_57_323776_21680report.log 2019-12-06 10:43:55  loga.py  writeLog [line:134] INFO 行号:71   PASS   左键单击[click]  用时:0.065s  
20191206_10_42_57_323776_21680report.log 2019-12-06 10:43:56  loga.py  writeLog [line:134] INFO 行号:75   PASS   查找元素[find_element]  用时:0.010s  
20191206_10_42_57_323776_21680report.log 2019-12-06 10:43:57  loga.py  writeLog [line:134] INFO 行号:78   PASS   查找元素[find_element]  用时:0.007s  
20191206_10_42_57_323776_21680report.log 2019-12-06 10:43:57  loga.py  writeLog [line:134] INFO 行号:78   PASS   模拟输入[send_keys]  用时:0.133s  
20191206_10_42_57_323776_21680report.log 2019-12-06 10:43:58  loga.py  writeLog [line:134] INFO 行号:82   PASS   查找元素[find_element]  用时:0.010s  
20191206_10_42_57_323776_21680report.log 2019-12-06 10:43:59  loga.py  writeLog [line:134] INFO 行号:83   PASS   查找元素[find_element]  用时:0.007s  
20191206_10_42_57_323776_21680report.log 2019-12-06 10:43:59  loga.py  writeLog [line:134] INFO 行号:83   PASS   左键单击[click]  用时:0.059s  
20191206_10_42_57_323776_21680report.log 2019-12-06 10:44:02  loga.py  writeLog [line:134] INFO 行号:88   PASS   查找元素[find_element]  用时:0.014s  
20191206_10_42_57_323776_21680report.log 2019-12-06 10:44:03  loga.py  writeLog [line:134] INFO 行号:91   PASS   查找元素[find_element]  用时:0.006s  
20191206_10_42_57_323776_21680report.log 2019-12-06 10:44:03  loga.py  writeLog [line:134] INFO 行号:91   PASS   左键单击[click]  用时:0.066s  
20191206_10_42_57_323776_21680report.log 2019-12-06 10:44:04  loga.py  writeLog [line:134] INFO 行号:96   PASS   查找元素[find_element]  用时:0.009s  
20191206_10_42_57_323776_21680report.log 2019-12-06 10:44:05  loga.py  writeLog [line:134] INFO 行号:97   PASS   查找元素[find_element]  用时:0.006s  
20191206_10_42_57_323776_21680report.log 2019-12-06 10:44:05  loga.py  writeLog [line:134] INFO 行号:97   PASS   左键单击[click]  用时:0.061s  
20191206_10_42_57_323776_21680report.log 2019-12-06 10:44:06  loga.py  writeLog [line:134] INFO 行号:104  PASS   查找元素[find_element]  用时:0.010s  
20191206_10_42_57_323776_21680report.log 2019-12-06 10:44:07  loga.py  writeLog [line:134] INFO 行号:106  PASS   查找元素[find_element]  用时:0.008s  
20191206_10_42_57_323776_21680report.log 2019-12-06 10:44:08  loga.py  writeLog [line:134] INFO 行号:106  PASS   左键单击[click]  用时:0.059s  
20191206_10_42_57_323776_21680report.log 2019-12-06 10:44:09  loga.py  writeLog [line:134] INFO 行号:111  PASS   查找元素[find_element]  用时:0.010s  
20191206_10_42_57_323776_21680report.log 2019-12-06 10:44:09  loga.py  writeLog [line:134] INFO 行号:113  PASS   查找元素[find_element]  用时:0.006s  
20191206_10_42_57_323776_21680report.log 2019-12-06 10:44:10  loga.py  writeLog [line:134] INFO 行号:113  PASS   左键单击[click]  用时:0.060s  
20191206_10_42_57_323776_21680report.log 2019-12-06 10:44:11  loga.py  writeLog [line:134] INFO 行号:118  PASS   查找元素[find_element]  用时:0.010s  
20191206_10_42_57_323776_21680report.log 2019-12-06 10:44:11  loga.py  writeLog [line:134] INFO 行号:119  PASS   查找元素[find_element]  用时:0.005s  
20191206_10_42_57_323776_21680report.log 2019-12-06 10:44:17  loga.py  writeLog [line:134] INFO 行号:119  ERROR  左键单击[click]  用时:5.139s  5次重新定位元素后，元素行为执行仍然失败，请检查元素是否准确定位
20191206_10_42_57_323776_21680report.log 2019-12-06 10:44:48  loga.py  writeLog [line:134] INFO 行号:124  FAIL   查找元素[find_element]  用时:30.004s  参数:{'list': '', 'dict': {'xpath': '//ul[@role="listbox"]/li[1]'}} 页面中没有该元素.NoSuchElementException
20191206_10_42_57_323776_21680report.log 2019-12-06 10:45:19  loga.py  writeLog [line:134] INFO 行号:0    ERROR  [runTest]  用时:  测试用例脚本发生错误，请检查脚本代码：
20191206_10_42_57_323776_21680report.log 2019-12-06 10:45:19  loga.py  putSystemLog [line:74] INFO 脚本运行完毕...
20191206_10_42_57_323776_21680report.log 2019-12-06 10:45:19  loga.py  putSystemLog [line:74] INFO 开始运行脚本<class 'script.testCase.U8EX项目.公共.U8EX登出.EasyCase'>
20191206_10_42_57_323776_21680report.log 2019-12-06 10:45:19  loga.py  writeLog [line:134] INFO 行号:24   PASS   刷新页面[refresh]  用时:0.011s  
20191206_10_42_57_323776_21680report.log 2019-12-06 10:45:21  loga.py  writeLog [line:134] INFO 行号:26   PASS   查找元素[find_element]  用时:0.012s  
20191206_10_42_57_323776_21680report.log 2019-12-06 10:45:21  loga.py  writeLog [line:134] INFO 行号:26   PASS   左键单击[click]  用时:0.049s  
20191206_10_42_57_323776_21680report.log 2019-12-06 10:45:22  loga.py  writeLog [line:134] INFO 行号:27   PASS   查找元素[find_element]  用时:0.010s  
20191206_10_42_57_323776_21680report.log 2019-12-06 10:45:26  loga.py  writeLog [line:134] INFO 行号:27   PASS   左键单击[click]  用时:3.513s  
20191206_10_42_57_323776_21680report.log 2019-12-06 10:45:27  loga.py  putSystemLog [line:74] INFO 脚本运行完毕...
20191206_10_42_57_323776_21680report.log 2019-12-06 10:45:27  loga.py  writeLog [line:134] INFO 行号:0    PASS   关闭浏览器[quit]  用时:0.195s  
20191206_10_42_57_323776_21680report.log 2019-12-06 10:45:30  loga.py  putSystemLog [line:74] INFO 场景<1>结束.用时:153.579s.
20191206_10_42_57_323776_21680report.log 2019-12-06 10:45:30  loga.py  putSystemLog [line:74] INFO 场景统计结果：PASS: 75(96.15%),FAIL:  1(1.28%),ERROR:  2(2.56%),TRUE:  0,FALSE:  0

20191206_10_42_57_323776_21680report.log 2019-12-06 10:45:30  loga.py  putSystemLog [line:74] INFO ----------------------------------------
20191206_10_42_57_323776_21680report.log 2019-12-06 10:45:30  loga.py  putSystemLog [line:74] INFO End.
20191206_10_42_57_323776_21680report.log 2019-12-06 10:45:30  loga.py  putSystemLog [line:74] INFO 测试方案统计结果:
                    场景<1>:PASS: 75(96.15%),FAIL:  1(1.28%),ERROR:  2(2.56%),TRUE:  0,FALSE:  0
                    总   计:PASS: 75(96.15%),FAIL:  1(1.28%),ERROR:  2(2.56%),TRUE:  0,FALSE:  0

