20191206_10_45_48_788984_22832report.log 2019-12-06 10:45:48  loga.py  putSystemLog [line:74] INFO Start.
20191206_10_45_48_788984_22832report.log 2019-12-06 10:45:48  loga.py  putSystemLog [line:74] INFO 场景<1>开始.
20191206_10_45_48_788984_22832report.log 2019-12-06 10:45:52  loga.py  writeLog [line:134] INFO 行号:0    PASS   最大化浏览器窗口[maximize_window]  用时:1.114s  
20191206_10_45_48_788984_22832report.log 2019-12-06 10:45:53  loga.py  putSystemLog [line:74] INFO chrome浏览器启动成功.
20191206_10_45_48_788984_22832report.log 2019-12-06 10:45:53  loga.py  putSystemLog [line:74] INFO 开始加载脚本...
20191206_10_45_48_788984_22832report.log 2019-12-06 10:45:53  loga.py  putSystemLog [line:74] INFO 脚本<1>：U8EX登录 加载成功.脚本路径：script/testCase/U8EX项目/公共/U8EX登录
20191206_10_45_48_788984_22832report.log 2019-12-06 10:45:53  loga.py  putSystemLog [line:74] INFO 脚本<2>：报销标准 加载成功.脚本路径：script/testCase/Y3me项目/数字化建模/费用管理/报销标准
20191206_10_45_48_788984_22832report.log 2019-12-06 10:45:53  loga.py  putSystemLog [line:74] INFO 脚本<3>：U8EX登出 加载成功.脚本路径：script/testCase/U8EX项目/公共/U8EX登出
20191206_10_45_48_788984_22832report.log 2019-12-06 10:45:53  loga.py  putSystemLog [line:74] INFO 脚本加载完成...
20191206_10_45_48_788984_22832report.log 2019-12-06 10:45:53  loga.py  putSystemLog [line:74] INFO 开始运行脚本<class 'script.testCase.U8EX项目.公共.U8EX登录.EasyCase'>
20191206_10_45_48_788984_22832report.log 2019-12-06 10:45:54  loga.py  writeLog [line:134] INFO 行号:27   PASS   访问页面[get]  用时:1.293s  
20191206_10_45_48_788984_22832report.log 2019-12-06 10:45:55  loga.py  writeLog [line:134] INFO 行号:29   PASS   查找元素[find_element]  用时:0.013s  
20191206_10_45_48_788984_22832report.log 2019-12-06 10:45:56  loga.py  writeLog [line:134] INFO 行号:30   PASS   查找元素[find_element]  用时:0.007s  
20191206_10_45_48_788984_22832report.log 2019-12-06 10:45:56  loga.py  writeLog [line:134] INFO 行号:30   PASS   左键单击[click]  用时:0.051s  
20191206_10_45_48_788984_22832report.log 2019-12-06 10:45:57  loga.py  writeLog [line:134] INFO 行号:34   PASS   查找元素[find_element]  用时:0.010s  
20191206_10_45_48_788984_22832report.log 2019-12-06 10:45:58  loga.py  writeLog [line:134] INFO 行号:35   PASS   查找元素[find_element]  用时:0.006s  
20191206_10_45_48_788984_22832report.log 2019-12-06 10:45:58  loga.py  writeLog [line:134] INFO 行号:36   PASS   切换到表单[frame]  用时:0.016s  
20191206_10_45_48_788984_22832report.log 2019-12-06 10:46:04  loga.py  writeLog [line:134] INFO 行号:39   PASS   查找元素[find_element]  用时:3.169s  
20191206_10_45_48_788984_22832report.log 2019-12-06 10:46:04  loga.py  writeLog [line:134] INFO 行号:40   PASS   查找元素[find_element]  用时:0.007s  
20191206_10_45_48_788984_22832report.log 2019-12-06 10:46:05  loga.py  writeLog [line:134] INFO 行号:40   PASS   清除文本[clear]  用时:0.017s  
20191206_10_45_48_788984_22832report.log 2019-12-06 10:46:06  loga.py  writeLog [line:134] INFO 行号:41   PASS   查找元素[find_element]  用时:0.008s  
20191206_10_45_48_788984_22832report.log 2019-12-06 10:46:06  loga.py  writeLog [line:134] INFO 行号:41   PASS   模拟输入[send_keys]  用时:0.076s  
20191206_10_45_48_788984_22832report.log 2019-12-06 10:46:07  loga.py  writeLog [line:134] INFO 行号:42   PASS   查找元素[find_element]  用时:0.011s  
20191206_10_45_48_788984_22832report.log 2019-12-06 10:46:08  loga.py  writeLog [line:134] INFO 行号:42   PASS   清除文本[clear]  用时:0.018s  
20191206_10_45_48_788984_22832report.log 2019-12-06 10:46:09  loga.py  writeLog [line:134] INFO 行号:43   PASS   查找元素[find_element]  用时:0.007s  
20191206_10_45_48_788984_22832report.log 2019-12-06 10:46:09  loga.py  writeLog [line:134] INFO 行号:43   PASS   模拟输入[send_keys]  用时:0.061s  
20191206_10_45_48_788984_22832report.log 2019-12-06 10:46:10  loga.py  writeLog [line:134] INFO 行号:45   PASS   查找元素[find_element]  用时:0.010s  
20191206_10_45_48_788984_22832report.log 2019-12-06 10:46:11  loga.py  writeLog [line:134] INFO 行号:46   PASS   查找元素[find_element]  用时:0.007s  
20191206_10_45_48_788984_22832report.log 2019-12-06 10:46:11  loga.py  writeLog [line:134] INFO 行号:46   PASS   左键单击[click]  用时:0.082s  
20191206_10_45_48_788984_22832report.log 2019-12-06 10:46:13  loga.py  writeLog [line:134] INFO 行号:52   PASS   查找元素[find_element]  用时:0.011s  
20191206_10_45_48_788984_22832report.log 2019-12-06 10:46:13  loga.py  writeLog [line:134] INFO 行号:53   PASS   查找元素[find_element]  用时:0.007s  
20191206_10_45_48_788984_22832report.log 2019-12-06 10:46:14  loga.py  writeLog [line:134] INFO 行号:53   PASS   左键单击[click]  用时:0.069s  
20191206_10_45_48_788984_22832report.log 2019-12-06 10:46:15  loga.py  writeLog [line:134] INFO 行号:54   PASS   查找元素[find_element]  用时:0.010s  
20191206_10_45_48_788984_22832report.log 2019-12-06 10:46:16  loga.py  writeLog [line:134] INFO 行号:54   PASS   左键单击[click]  用时:0.121s  
20191206_10_45_48_788984_22832report.log 2019-12-06 10:46:17  loga.py  writeLog [line:134] INFO 行号:56   PASS   查找元素[find_element]  用时:0.008s  
20191206_10_45_48_788984_22832report.log 2019-12-06 10:46:17  loga.py  writeLog [line:134] INFO 行号:56   PASS   左键单击[click]  用时:0.356s  
20191206_10_45_48_788984_22832report.log 2019-12-06 10:46:18  loga.py  putSystemLog [line:74] INFO 脚本运行完毕...
20191206_10_45_48_788984_22832report.log 2019-12-06 10:46:18  loga.py  putSystemLog [line:74] INFO 开始运行脚本<class 'script.testCase.Y3me项目.数字化建模.费用管理.报销标准.EasyCase'>
20191206_10_45_48_788984_22832report.log 2019-12-06 10:46:18  loga.py  writeLog [line:134] INFO 行号:25   PASS   刷新页面[refresh]  用时:0.007s  
20191206_10_45_48_788984_22832report.log 2019-12-06 10:46:19  loga.py  writeLog [line:134] INFO 行号:27   PASS   查找元素[find_element]  用时:0.014s  
20191206_10_45_48_788984_22832report.log 2019-12-06 10:46:20  loga.py  writeLog [line:134] INFO 行号:27   PASS   左键单击[click]  用时:0.056s  
20191206_10_45_48_788984_22832report.log 2019-12-06 10:46:22  loga.py  writeLog [line:134] INFO 行号:30   PASS   查找元素[find_element]  用时:0.011s  
20191206_10_45_48_788984_22832report.log 2019-12-06 10:46:23  loga.py  writeLog [line:134] INFO 行号:30   PASS   左键单击[click]  用时:0.047s  
20191206_10_45_48_788984_22832report.log 2019-12-06 10:46:25  loga.py  writeLog [line:134] INFO 行号:33   PASS   查找元素[find_element]  用时:0.008s  
20191206_10_45_48_788984_22832report.log 2019-12-06 10:46:27  loga.py  writeLog [line:134] INFO 行号:40   PASS   查找元素[find_element]  用时:0.008s  
20191206_10_45_48_788984_22832report.log 2019-12-06 10:46:31  loga.py  writeLog [line:134] INFO 行号:47   PASS   查找元素[find_element]  用时:0.009s  
20191206_10_45_48_788984_22832report.log 2019-12-06 10:46:32  loga.py  writeLog [line:134] INFO 行号:50   PASS   查找元素[find_element]  用时:0.009s  
20191206_10_45_48_788984_22832report.log 2019-12-06 10:46:33  loga.py  writeLog [line:134] INFO 行号:51   PASS   切换到表单[frame]  用时:0.366s  
20191206_10_45_48_788984_22832report.log 2019-12-06 10:46:34  loga.py  writeLog [line:134] INFO 行号:55   PASS   查找元素[find_element]  用时:0.010s  
20191206_10_45_48_788984_22832report.log 2019-12-06 10:46:35  loga.py  writeLog [line:134] INFO 行号:56   PASS   查找元素[find_element]  用时:0.008s  
20191206_10_45_48_788984_22832report.log 2019-12-06 10:46:35  loga.py  writeLog [line:134] INFO 行号:56   PASS   左键单击[click]  用时:0.107s  
20191206_10_45_48_788984_22832report.log 2019-12-06 10:46:36  loga.py  writeLog [line:134] INFO 行号:60   PASS   查找元素[find_element]  用时:0.009s  
20191206_10_45_48_788984_22832report.log 2019-12-06 10:46:37  loga.py  writeLog [line:134] INFO 行号:61   PASS   查找元素[find_element]  用时:0.006s  
20191206_10_45_48_788984_22832report.log 2019-12-06 10:46:37  loga.py  writeLog [line:134] INFO 行号:61   PASS   左键单击[click]  用时:0.068s  
20191206_10_45_48_788984_22832report.log 2019-12-06 10:46:38  loga.py  writeLog [line:134] INFO 行号:65   PASS   查找元素[find_element]  用时:0.008s  
20191206_10_45_48_788984_22832report.log 2019-12-06 10:46:39  loga.py  writeLog [line:134] INFO 行号:66   PASS   查找元素[find_element]  用时:0.006s  
20191206_10_45_48_788984_22832report.log 2019-12-06 10:46:39  loga.py  writeLog [line:134] INFO 行号:66   PASS   左键单击[click]  用时:0.067s  
20191206_10_45_48_788984_22832report.log 2019-12-06 10:46:40  loga.py  writeLog [line:134] INFO 行号:70   PASS   查找元素[find_element]  用时:0.006s  
20191206_10_45_48_788984_22832report.log 2019-12-06 10:46:41  loga.py  writeLog [line:134] INFO 行号:71   PASS   查找元素[find_element]  用时:0.006s  
20191206_10_45_48_788984_22832report.log 2019-12-06 10:46:42  loga.py  writeLog [line:134] INFO 行号:71   PASS   左键单击[click]  用时:0.063s  
20191206_10_45_48_788984_22832report.log 2019-12-06 10:46:43  loga.py  writeLog [line:134] INFO 行号:75   PASS   查找元素[find_element]  用时:0.010s  
20191206_10_45_48_788984_22832report.log 2019-12-06 10:46:43  loga.py  writeLog [line:134] INFO 行号:78   PASS   查找元素[find_element]  用时:0.007s  
20191206_10_45_48_788984_22832report.log 2019-12-06 10:46:44  loga.py  writeLog [line:134] INFO 行号:78   PASS   模拟输入[send_keys]  用时:0.119s  
20191206_10_45_48_788984_22832report.log 2019-12-06 10:46:45  loga.py  writeLog [line:134] INFO 行号:82   PASS   查找元素[find_element]  用时:0.010s  
20191206_10_45_48_788984_22832report.log 2019-12-06 10:46:45  loga.py  writeLog [line:134] INFO 行号:83   PASS   查找元素[find_element]  用时:0.006s  
20191206_10_45_48_788984_22832report.log 2019-12-06 10:46:46  loga.py  writeLog [line:134] INFO 行号:83   PASS   左键单击[click]  用时:0.073s  
20191206_10_45_48_788984_22832report.log 2019-12-06 10:46:49  loga.py  writeLog [line:134] INFO 行号:88   PASS   查找元素[find_element]  用时:0.010s  
20191206_10_45_48_788984_22832report.log 2019-12-06 10:46:49  loga.py  writeLog [line:134] INFO 行号:91   PASS   查找元素[find_element]  用时:0.007s  
20191206_10_45_48_788984_22832report.log 2019-12-06 10:46:50  loga.py  writeLog [line:134] INFO 行号:91   PASS   左键单击[click]  用时:0.083s  
20191206_10_45_48_788984_22832report.log 2019-12-06 10:46:51  loga.py  writeLog [line:134] INFO 行号:96   PASS   查找元素[find_element]  用时:0.010s  
20191206_10_45_48_788984_22832report.log 2019-12-06 10:46:51  loga.py  writeLog [line:134] INFO 行号:97   PASS   查找元素[find_element]  用时:0.007s  
20191206_10_45_48_788984_22832report.log 2019-12-06 10:46:52  loga.py  writeLog [line:134] INFO 行号:97   PASS   左键单击[click]  用时:0.059s  
20191206_10_45_48_788984_22832report.log 2019-12-06 10:46:53  loga.py  writeLog [line:134] INFO 行号:104  PASS   查找元素[find_element]  用时:0.008s  
20191206_10_45_48_788984_22832report.log 2019-12-06 10:46:53  loga.py  writeLog [line:134] INFO 行号:106  PASS   查找元素[find_element]  用时:0.006s  
20191206_10_45_48_788984_22832report.log 2019-12-06 10:46:54  loga.py  writeLog [line:134] INFO 行号:106  PASS   左键单击[click]  用时:0.057s  
20191206_10_45_48_788984_22832report.log 2019-12-06 10:46:55  loga.py  writeLog [line:134] INFO 行号:111  PASS   查找元素[find_element]  用时:0.009s  
20191206_10_45_48_788984_22832report.log 2019-12-06 10:46:56  loga.py  writeLog [line:134] INFO 行号:113  PASS   查找元素[find_element]  用时:0.007s  
20191206_10_45_48_788984_22832report.log 2019-12-06 10:46:56  loga.py  writeLog [line:134] INFO 行号:113  PASS   左键单击[click]  用时:0.056s  
20191206_10_45_48_788984_22832report.log 2019-12-06 10:46:57  loga.py  writeLog [line:134] INFO 行号:118  PASS   查找元素[find_element]  用时:0.010s  
20191206_10_45_48_788984_22832report.log 2019-12-06 10:46:58  loga.py  writeLog [line:134] INFO 行号:119  PASS   查找元素[find_element]  用时:0.006s  
20191206_10_45_48_788984_22832report.log 2019-12-06 10:47:03  loga.py  writeLog [line:134] INFO 行号:119  ERROR  左键单击[click]  用时:5.142s  5次重新定位元素后，元素行为执行仍然失败，请检查元素是否准确定位
20191206_10_45_48_788984_22832report.log 2019-12-06 10:47:34  loga.py  writeLog [line:134] INFO 行号:124  FAIL   查找元素[find_element]  用时:30.022s  参数:{'list': '', 'dict': {'xpath': '//ul[@role="listbox"]/li[1]'}} 页面中没有该元素.NoSuchElementException
20191206_10_45_48_788984_22832report.log 2019-12-06 10:48:05  loga.py  writeLog [line:134] INFO 行号:0    ERROR  [runTest]  用时:  测试用例脚本发生错误，请检查脚本代码：
20191206_10_45_48_788984_22832report.log 2019-12-06 10:48:05  loga.py  putSystemLog [line:74] INFO 脚本运行完毕...
20191206_10_45_48_788984_22832report.log 2019-12-06 10:48:05  loga.py  putSystemLog [line:74] INFO 开始运行脚本<class 'script.testCase.U8EX项目.公共.U8EX登出.EasyCase'>
20191206_10_45_48_788984_22832report.log 2019-12-06 10:48:05  loga.py  writeLog [line:134] INFO 行号:24   PASS   刷新页面[refresh]  用时:0.014s  
20191206_10_45_48_788984_22832report.log 2019-12-06 10:48:07  loga.py  writeLog [line:134] INFO 行号:26   PASS   查找元素[find_element]  用时:0.011s  
20191206_10_45_48_788984_22832report.log 2019-12-06 10:48:08  loga.py  writeLog [line:134] INFO 行号:26   PASS   左键单击[click]  用时:0.048s  
20191206_10_45_48_788984_22832report.log 2019-12-06 10:48:09  loga.py  writeLog [line:134] INFO 行号:27   PASS   查找元素[find_element]  用时:0.010s  
20191206_10_45_48_788984_22832report.log 2019-12-06 10:48:10  loga.py  writeLog [line:134] INFO 行号:27   PASS   左键单击[click]  用时:0.391s  
20191206_10_45_48_788984_22832report.log 2019-12-06 10:48:11  loga.py  putSystemLog [line:74] INFO 脚本运行完毕...
20191206_10_45_48_788984_22832report.log 2019-12-06 10:48:11  loga.py  writeLog [line:134] INFO 行号:0    PASS   关闭浏览器[quit]  用时:0.198s  
20191206_10_45_48_788984_22832report.log 2019-12-06 10:48:14  loga.py  putSystemLog [line:74] INFO 场景<1>结束.用时:145.459s.
20191206_10_45_48_788984_22832report.log 2019-12-06 10:48:14  loga.py  putSystemLog [line:74] INFO 场景统计结果：PASS: 75(96.15%),FAIL:  1(1.28%),ERROR:  2(2.56%),TRUE:  0,FALSE:  0

20191206_10_45_48_788984_22832report.log 2019-12-06 10:48:14  loga.py  putSystemLog [line:74] INFO ----------------------------------------
20191206_10_45_48_788984_22832report.log 2019-12-06 10:48:14  loga.py  putSystemLog [line:74] INFO End.
20191206_10_45_48_788984_22832report.log 2019-12-06 10:48:14  loga.py  putSystemLog [line:74] INFO 测试方案统计结果:
                    场景<1>:PASS: 75(96.15%),FAIL:  1(1.28%),ERROR:  2(2.56%),TRUE:  0,FALSE:  0
                    总   计:PASS: 75(96.15%),FAIL:  1(1.28%),ERROR:  2(2.56%),TRUE:  0,FALSE:  0

