20191206_10_30_07_180454_20276report.log 2019-12-06 10:30:07  loga.py  putSystemLog [line:74] INFO Start.
20191206_10_30_07_180454_20276report.log 2019-12-06 10:30:07  loga.py  putSystemLog [line:74] INFO 场景<1>开始.
20191206_10_30_07_180454_20276report.log 2019-12-06 10:30:11  loga.py  writeLog [line:134] INFO 行号:0    PASS   最大化浏览器窗口[maximize_window]  用时:1.118s  
20191206_10_30_07_180454_20276report.log 2019-12-06 10:30:12  loga.py  putSystemLog [line:74] INFO chrome浏览器启动成功.
20191206_10_30_07_180454_20276report.log 2019-12-06 10:30:12  loga.py  putSystemLog [line:74] INFO 开始加载脚本...
20191206_10_30_07_180454_20276report.log 2019-12-06 10:30:12  loga.py  putSystemLog [line:74] INFO 脚本<1>：U8EX登录 加载成功.脚本路径：script/testCase/U8EX项目/公共/U8EX登录
20191206_10_30_07_180454_20276report.log 2019-12-06 10:30:12  loga.py  putSystemLog [line:74] INFO 脚本<2>：报销标准 加载成功.脚本路径：script/testCase/Y3me项目/数字化建模/费用管理/报销标准
20191206_10_30_07_180454_20276report.log 2019-12-06 10:30:12  loga.py  putSystemLog [line:74] INFO 脚本<3>：U8EX登出 加载成功.脚本路径：script/testCase/U8EX项目/公共/U8EX登出
20191206_10_30_07_180454_20276report.log 2019-12-06 10:30:12  loga.py  putSystemLog [line:74] INFO 脚本加载完成...
20191206_10_30_07_180454_20276report.log 2019-12-06 10:30:12  loga.py  putSystemLog [line:74] INFO 开始运行脚本<class 'script.testCase.U8EX项目.公共.U8EX登录.EasyCase'>
20191206_10_30_07_180454_20276report.log 2019-12-06 10:30:13  loga.py  writeLog [line:134] INFO 行号:27   PASS   访问页面[get]  用时:1.552s  
20191206_10_30_07_180454_20276report.log 2019-12-06 10:30:14  loga.py  writeLog [line:134] INFO 行号:29   PASS   查找元素[find_element]  用时:0.010s  
20191206_10_30_07_180454_20276report.log 2019-12-06 10:30:15  loga.py  writeLog [line:134] INFO 行号:30   PASS   查找元素[find_element]  用时:0.010s  
20191206_10_30_07_180454_20276report.log 2019-12-06 10:30:16  loga.py  writeLog [line:134] INFO 行号:30   PASS   左键单击[click]  用时:0.058s  
20191206_10_30_07_180454_20276report.log 2019-12-06 10:30:17  loga.py  writeLog [line:134] INFO 行号:34   PASS   查找元素[find_element]  用时:0.012s  
20191206_10_30_07_180454_20276report.log 2019-12-06 10:30:17  loga.py  writeLog [line:134] INFO 行号:35   PASS   查找元素[find_element]  用时:0.006s  
20191206_10_30_07_180454_20276report.log 2019-12-06 10:30:18  loga.py  writeLog [line:134] INFO 行号:36   PASS   切换到表单[frame]  用时:0.018s  
20191206_10_30_07_180454_20276report.log 2019-12-06 10:30:20  loga.py  writeLog [line:134] INFO 行号:39   PASS   查找元素[find_element]  用时:0.010s  
20191206_10_30_07_180454_20276report.log 2019-12-06 10:30:20  loga.py  writeLog [line:134] INFO 行号:40   PASS   查找元素[find_element]  用时:0.006s  
20191206_10_30_07_180454_20276report.log 2019-12-06 10:30:21  loga.py  writeLog [line:134] INFO 行号:40   PASS   清除文本[clear]  用时:0.017s  
20191206_10_30_07_180454_20276report.log 2019-12-06 10:30:22  loga.py  writeLog [line:134] INFO 行号:41   PASS   查找元素[find_element]  用时:0.006s  
20191206_10_30_07_180454_20276report.log 2019-12-06 10:30:22  loga.py  writeLog [line:134] INFO 行号:41   PASS   模拟输入[send_keys]  用时:0.082s  
20191206_10_30_07_180454_20276report.log 2019-12-06 10:30:23  loga.py  writeLog [line:134] INFO 行号:42   PASS   查找元素[find_element]  用时:0.010s  
20191206_10_30_07_180454_20276report.log 2019-12-06 10:30:24  loga.py  writeLog [line:134] INFO 行号:42   PASS   清除文本[clear]  用时:0.018s  
20191206_10_30_07_180454_20276report.log 2019-12-06 10:30:25  loga.py  writeLog [line:134] INFO 行号:43   PASS   查找元素[find_element]  用时:0.006s  
20191206_10_30_07_180454_20276report.log 2019-12-06 10:30:25  loga.py  writeLog [line:134] INFO 行号:43   PASS   模拟输入[send_keys]  用时:0.060s  
20191206_10_30_07_180454_20276report.log 2019-12-06 10:30:26  loga.py  writeLog [line:134] INFO 行号:45   PASS   查找元素[find_element]  用时:0.009s  
20191206_10_30_07_180454_20276report.log 2019-12-06 10:30:27  loga.py  writeLog [line:134] INFO 行号:46   PASS   查找元素[find_element]  用时:0.006s  
20191206_10_30_07_180454_20276report.log 2019-12-06 10:30:27  loga.py  writeLog [line:134] INFO 行号:46   PASS   左键单击[click]  用时:0.078s  
20191206_10_30_07_180454_20276report.log 2019-12-06 10:30:29  loga.py  writeLog [line:134] INFO 行号:52   PASS   查找元素[find_element]  用时:0.015s  
20191206_10_30_07_180454_20276report.log 2019-12-06 10:30:29  loga.py  writeLog [line:134] INFO 行号:53   PASS   查找元素[find_element]  用时:0.005s  
20191206_10_30_07_180454_20276report.log 2019-12-06 10:30:30  loga.py  writeLog [line:134] INFO 行号:53   PASS   左键单击[click]  用时:0.080s  
20191206_10_30_07_180454_20276report.log 2019-12-06 10:30:31  loga.py  writeLog [line:134] INFO 行号:54   PASS   查找元素[find_element]  用时:0.009s  
20191206_10_30_07_180454_20276report.log 2019-12-06 10:30:32  loga.py  writeLog [line:134] INFO 行号:54   PASS   左键单击[click]  用时:0.092s  
20191206_10_30_07_180454_20276report.log 2019-12-06 10:30:33  loga.py  writeLog [line:134] INFO 行号:56   PASS   查找元素[find_element]  用时:0.018s  
20191206_10_30_07_180454_20276report.log 2019-12-06 10:30:33  loga.py  writeLog [line:134] INFO 行号:56   PASS   左键单击[click]  用时:0.363s  
20191206_10_30_07_180454_20276report.log 2019-12-06 10:30:34  loga.py  putSystemLog [line:74] INFO 脚本运行完毕...
20191206_10_30_07_180454_20276report.log 2019-12-06 10:30:34  loga.py  putSystemLog [line:74] INFO 开始运行脚本<class 'script.testCase.Y3me项目.数字化建模.费用管理.报销标准.EasyCase'>
20191206_10_30_07_180454_20276report.log 2019-12-06 10:30:34  loga.py  writeLog [line:134] INFO 行号:25   PASS   刷新页面[refresh]  用时:0.007s  
20191206_10_30_07_180454_20276report.log 2019-12-06 10:30:35  loga.py  writeLog [line:134] INFO 行号:27   PASS   查找元素[find_element]  用时:0.010s  
20191206_10_30_07_180454_20276report.log 2019-12-06 10:30:36  loga.py  writeLog [line:134] INFO 行号:27   PASS   左键单击[click]  用时:0.079s  
20191206_10_30_07_180454_20276report.log 2019-12-06 10:30:38  loga.py  writeLog [line:134] INFO 行号:30   PASS   查找元素[find_element]  用时:0.010s  
20191206_10_30_07_180454_20276report.log 2019-12-06 10:30:39  loga.py  writeLog [line:134] INFO 行号:30   PASS   左键单击[click]  用时:0.054s  
20191206_10_30_07_180454_20276report.log 2019-12-06 10:30:41  loga.py  writeLog [line:134] INFO 行号:33   PASS   查找元素[find_element]  用时:0.009s  
20191206_10_30_07_180454_20276report.log 2019-12-06 10:30:43  loga.py  writeLog [line:134] INFO 行号:40   PASS   查找元素[find_element]  用时:0.011s  
20191206_10_30_07_180454_20276report.log 2019-12-06 10:30:47  loga.py  writeLog [line:134] INFO 行号:47   PASS   查找元素[find_element]  用时:0.009s  
20191206_10_30_07_180454_20276report.log 2019-12-06 10:30:48  loga.py  writeLog [line:134] INFO 行号:50   PASS   查找元素[find_element]  用时:0.011s  
20191206_10_30_07_180454_20276report.log 2019-12-06 10:30:49  loga.py  writeLog [line:134] INFO 行号:51   PASS   切换到表单[frame]  用时:0.016s  
20191206_10_30_07_180454_20276report.log 2019-12-06 10:30:57  loga.py  writeLog [line:134] INFO 行号:55   PASS   查找元素[find_element]  用时:7.098s  
20191206_10_30_07_180454_20276report.log 2019-12-06 10:30:57  loga.py  writeLog [line:134] INFO 行号:56   PASS   查找元素[find_element]  用时:0.008s  
20191206_10_30_07_180454_20276report.log 2019-12-06 10:30:58  loga.py  writeLog [line:134] INFO 行号:56   PASS   左键单击[click]  用时:0.103s  
20191206_10_30_07_180454_20276report.log 2019-12-06 10:30:59  loga.py  writeLog [line:134] INFO 行号:60   PASS   查找元素[find_element]  用时:0.015s  
20191206_10_30_07_180454_20276report.log 2019-12-06 10:31:00  loga.py  writeLog [line:134] INFO 行号:61   PASS   查找元素[find_element]  用时:0.007s  
20191206_10_30_07_180454_20276report.log 2019-12-06 10:31:00  loga.py  writeLog [line:134] INFO 行号:61   PASS   左键单击[click]  用时:0.067s  
20191206_10_30_07_180454_20276report.log 2019-12-06 10:31:01  loga.py  writeLog [line:134] INFO 行号:65   PASS   查找元素[find_element]  用时:0.008s  
20191206_10_30_07_180454_20276report.log 2019-12-06 10:31:32  loga.py  writeLog [line:134] INFO 行号:0    ERROR  [runTest]  用时:  测试用例脚本发生错误，请检查脚本代码：
20191206_10_30_07_180454_20276report.log 2019-12-06 10:31:32  loga.py  putSystemLog [line:74] INFO 脚本运行完毕...
20191206_10_30_07_180454_20276report.log 2019-12-06 10:31:32  loga.py  putSystemLog [line:74] INFO 开始运行脚本<class 'script.testCase.U8EX项目.公共.U8EX登出.EasyCase'>
20191206_10_30_07_180454_20276report.log 2019-12-06 10:31:32  loga.py  writeLog [line:134] INFO 行号:24   PASS   刷新页面[refresh]  用时:0.013s  
20191206_10_30_07_180454_20276report.log 2019-12-06 10:31:34  loga.py  writeLog [line:134] INFO 行号:26   PASS   查找元素[find_element]  用时:0.023s  
20191206_10_30_07_180454_20276report.log 2019-12-06 10:31:35  loga.py  writeLog [line:134] INFO 行号:26   PASS   左键单击[click]  用时:0.047s  
20191206_10_30_07_180454_20276report.log 2019-12-06 10:31:36  loga.py  writeLog [line:134] INFO 行号:27   PASS   查找元素[find_element]  用时:0.027s  
20191206_10_30_07_180454_20276report.log 2019-12-06 10:31:37  loga.py  writeLog [line:134] INFO 行号:27   PASS   左键单击[click]  用时:0.494s  
20191206_10_30_07_180454_20276report.log 2019-12-06 10:31:38  loga.py  putSystemLog [line:74] INFO 脚本运行完毕...
20191206_10_30_07_180454_20276report.log 2019-12-06 10:31:38  loga.py  writeLog [line:134] INFO 行号:0    PASS   关闭浏览器[quit]  用时:0.255s  
20191206_10_30_07_180454_20276report.log 2019-12-06 10:31:41  loga.py  putSystemLog [line:74] INFO 场景<1>结束.用时:94.189s.
20191206_10_30_07_180454_20276report.log 2019-12-06 10:31:41  loga.py  putSystemLog [line:74] INFO 场景统计结果：PASS: 50(98.04%),FAIL:  0(0.00%),ERROR:  1(1.96%),TRUE:  0,FALSE:  0

20191206_10_30_07_180454_20276report.log 2019-12-06 10:31:41  loga.py  putSystemLog [line:74] INFO ----------------------------------------
20191206_10_30_07_180454_20276report.log 2019-12-06 10:31:41  loga.py  putSystemLog [line:74] INFO End.
20191206_10_30_07_180454_20276report.log 2019-12-06 10:31:41  loga.py  putSystemLog [line:74] INFO 测试方案统计结果:
                    场景<1>:PASS: 50(98.04%),FAIL:  0(0.00%),ERROR:  1(1.96%),TRUE:  0,FALSE:  0
                    总   计:PASS: 50(98.04%),FAIL:  0(0.00%),ERROR:  1(1.96%),TRUE:  0,FALSE:  0

