20191206_11_05_37_735522_10880report.log 2019-12-06 11:05:37  loga.py  putSystemLog [line:74] INFO Start.
20191206_11_05_37_735522_10880report.log 2019-12-06 11:05:37  loga.py  putSystemLog [line:74] INFO 场景<1>开始.
20191206_11_05_37_735522_10880report.log 2019-12-06 11:05:41  loga.py  writeLog [line:134] INFO 行号:0    PASS   最大化浏览器窗口[maximize_window]  用时:1.116s  
20191206_11_05_37_735522_10880report.log 2019-12-06 11:05:42  loga.py  putSystemLog [line:74] INFO chrome浏览器启动成功.
20191206_11_05_37_735522_10880report.log 2019-12-06 11:05:42  loga.py  putSystemLog [line:74] INFO 开始加载脚本...
20191206_11_05_37_735522_10880report.log 2019-12-06 11:05:42  loga.py  putSystemLog [line:74] INFO 脚本<1>：U8EX登录 加载成功.脚本路径：script/testCase/U8EX项目/公共/U8EX登录
20191206_11_05_37_735522_10880report.log 2019-12-06 11:05:42  loga.py  putSystemLog [line:74] INFO 脚本<2>：报销标准 加载成功.脚本路径：script/testCase/Y3me项目/数字化建模/费用管理/报销标准
20191206_11_05_37_735522_10880report.log 2019-12-06 11:05:42  loga.py  putSystemLog [line:74] INFO 脚本<3>：U8EX登出 加载成功.脚本路径：script/testCase/U8EX项目/公共/U8EX登出
20191206_11_05_37_735522_10880report.log 2019-12-06 11:05:42  loga.py  putSystemLog [line:74] INFO 脚本加载完成...
20191206_11_05_37_735522_10880report.log 2019-12-06 11:05:42  loga.py  putSystemLog [line:74] INFO 开始运行脚本<class 'script.testCase.U8EX项目.公共.U8EX登录.EasyCase'>
20191206_11_05_37_735522_10880report.log 2019-12-06 11:05:43  loga.py  writeLog [line:134] INFO 行号:27   PASS   访问页面[get]  用时:0.987s  
20191206_11_05_37_735522_10880report.log 2019-12-06 11:05:44  loga.py  writeLog [line:134] INFO 行号:29   PASS   查找元素[find_element]  用时:0.011s  
20191206_11_05_37_735522_10880report.log 2019-12-06 11:05:44  loga.py  writeLog [line:134] INFO 行号:30   PASS   查找元素[find_element]  用时:0.006s  
20191206_11_05_37_735522_10880report.log 2019-12-06 11:05:45  loga.py  writeLog [line:134] INFO 行号:30   PASS   左键单击[click]  用时:0.038s  
20191206_11_05_37_735522_10880report.log 2019-12-06 11:05:46  loga.py  writeLog [line:134] INFO 行号:34   PASS   查找元素[find_element]  用时:0.011s  
20191206_11_05_37_735522_10880report.log 2019-12-06 11:05:47  loga.py  writeLog [line:134] INFO 行号:35   PASS   查找元素[find_element]  用时:0.006s  
20191206_11_05_37_735522_10880report.log 2019-12-06 11:05:47  loga.py  writeLog [line:134] INFO 行号:36   PASS   切换到表单[frame]  用时:0.014s  
20191206_11_05_37_735522_10880report.log 2019-12-06 11:05:49  loga.py  writeLog [line:134] INFO 行号:39   PASS   查找元素[find_element]  用时:0.012s  
20191206_11_05_37_735522_10880report.log 2019-12-06 11:05:50  loga.py  writeLog [line:134] INFO 行号:40   PASS   查找元素[find_element]  用时:0.005s  
20191206_11_05_37_735522_10880report.log 2019-12-06 11:05:50  loga.py  writeLog [line:134] INFO 行号:40   PASS   清除文本[clear]  用时:0.018s  
20191206_11_05_37_735522_10880report.log 2019-12-06 11:05:51  loga.py  writeLog [line:134] INFO 行号:41   PASS   查找元素[find_element]  用时:0.007s  
20191206_11_05_37_735522_10880report.log 2019-12-06 11:05:52  loga.py  writeLog [line:134] INFO 行号:41   PASS   模拟输入[send_keys]  用时:0.093s  
20191206_11_05_37_735522_10880report.log 2019-12-06 11:05:53  loga.py  writeLog [line:134] INFO 行号:42   PASS   查找元素[find_element]  用时:0.009s  
20191206_11_05_37_735522_10880report.log 2019-12-06 11:05:53  loga.py  writeLog [line:134] INFO 行号:42   PASS   清除文本[clear]  用时:0.019s  
20191206_11_05_37_735522_10880report.log 2019-12-06 11:05:54  loga.py  writeLog [line:134] INFO 行号:43   PASS   查找元素[find_element]  用时:0.007s  
20191206_11_05_37_735522_10880report.log 2019-12-06 11:05:55  loga.py  writeLog [line:134] INFO 行号:43   PASS   模拟输入[send_keys]  用时:0.068s  
20191206_11_05_37_735522_10880report.log 2019-12-06 11:05:56  loga.py  writeLog [line:134] INFO 行号:45   PASS   查找元素[find_element]  用时:0.010s  
20191206_11_05_37_735522_10880report.log 2019-12-06 11:05:56  loga.py  writeLog [line:134] INFO 行号:46   PASS   查找元素[find_element]  用时:0.008s  
20191206_11_05_37_735522_10880report.log 2019-12-06 11:05:57  loga.py  writeLog [line:134] INFO 行号:46   PASS   左键单击[click]  用时:0.080s  
20191206_11_05_37_735522_10880report.log 2019-12-06 11:05:58  loga.py  writeLog [line:134] INFO 行号:52   PASS   查找元素[find_element]  用时:0.011s  
20191206_11_05_37_735522_10880report.log 2019-12-06 11:05:58  loga.py  writeLog [line:134] INFO 行号:53   PASS   查找元素[find_element]  用时:0.007s  
20191206_11_05_37_735522_10880report.log 2019-12-06 11:05:59  loga.py  writeLog [line:134] INFO 行号:53   PASS   左键单击[click]  用时:0.065s  
20191206_11_05_37_735522_10880report.log 2019-12-06 11:06:00  loga.py  writeLog [line:134] INFO 行号:54   PASS   查找元素[find_element]  用时:0.011s  
20191206_11_05_37_735522_10880report.log 2019-12-06 11:06:01  loga.py  writeLog [line:134] INFO 行号:54   PASS   左键单击[click]  用时:0.098s  
20191206_11_05_37_735522_10880report.log 2019-12-06 11:06:02  loga.py  writeLog [line:134] INFO 行号:56   PASS   查找元素[find_element]  用时:0.009s  
20191206_11_05_37_735522_10880report.log 2019-12-06 11:06:02  loga.py  writeLog [line:134] INFO 行号:56   PASS   左键单击[click]  用时:0.355s  
20191206_11_05_37_735522_10880report.log 2019-12-06 11:06:03  loga.py  putSystemLog [line:74] INFO 脚本运行完毕...
20191206_11_05_37_735522_10880report.log 2019-12-06 11:06:03  loga.py  putSystemLog [line:74] INFO 开始运行脚本<class 'script.testCase.Y3me项目.数字化建模.费用管理.报销标准.EasyCase'>
20191206_11_05_37_735522_10880report.log 2019-12-06 11:06:03  loga.py  writeLog [line:134] INFO 行号:25   PASS   刷新页面[refresh]  用时:0.006s  
20191206_11_05_37_735522_10880report.log 2019-12-06 11:06:05  loga.py  writeLog [line:134] INFO 行号:27   PASS   查找元素[find_element]  用时:0.011s  
20191206_11_05_37_735522_10880report.log 2019-12-06 11:06:05  loga.py  writeLog [line:134] INFO 行号:27   PASS   左键单击[click]  用时:0.068s  
20191206_11_05_37_735522_10880report.log 2019-12-06 11:06:07  loga.py  writeLog [line:134] INFO 行号:30   PASS   查找元素[find_element]  用时:0.010s  
20191206_11_05_37_735522_10880report.log 2019-12-06 11:06:08  loga.py  writeLog [line:134] INFO 行号:30   PASS   左键单击[click]  用时:0.059s  
20191206_11_05_37_735522_10880report.log 2019-12-06 11:06:10  loga.py  writeLog [line:134] INFO 行号:33   PASS   查找元素[find_element]  用时:0.009s  
20191206_11_05_37_735522_10880report.log 2019-12-06 11:06:12  loga.py  writeLog [line:134] INFO 行号:40   PASS   查找元素[find_element]  用时:0.008s  
20191206_11_05_37_735522_10880report.log 2019-12-06 11:06:16  loga.py  writeLog [line:134] INFO 行号:47   PASS   查找元素[find_element]  用时:0.009s  
20191206_11_05_37_735522_10880report.log 2019-12-06 11:06:17  loga.py  writeLog [line:134] INFO 行号:50   PASS   查找元素[find_element]  用时:0.009s  
20191206_11_05_37_735522_10880report.log 2019-12-06 11:06:18  loga.py  writeLog [line:134] INFO 行号:51   PASS   切换到表单[frame]  用时:0.017s  
20191206_11_05_37_735522_10880report.log 2019-12-06 11:06:20  loga.py  writeLog [line:134] INFO 行号:55   PASS   查找元素[find_element]  用时:1.052s  
20191206_11_05_37_735522_10880report.log 2019-12-06 11:06:20  loga.py  writeLog [line:134] INFO 行号:56   PASS   查找元素[find_element]  用时:0.007s  
20191206_11_05_37_735522_10880report.log 2019-12-06 11:06:21  loga.py  writeLog [line:134] INFO 行号:56   PASS   左键单击[click]  用时:0.100s  
20191206_11_05_37_735522_10880report.log 2019-12-06 11:06:22  loga.py  writeLog [line:134] INFO 行号:60   PASS   查找元素[find_element]  用时:0.009s  
20191206_11_05_37_735522_10880report.log 2019-12-06 11:06:23  loga.py  writeLog [line:134] INFO 行号:61   PASS   查找元素[find_element]  用时:0.007s  
20191206_11_05_37_735522_10880report.log 2019-12-06 11:06:23  loga.py  writeLog [line:134] INFO 行号:61   PASS   左键单击[click]  用时:0.069s  
20191206_11_05_37_735522_10880report.log 2019-12-06 11:06:24  loga.py  writeLog [line:134] INFO 行号:65   PASS   查找元素[find_element]  用时:0.010s  
20191206_11_05_37_735522_10880report.log 2019-12-06 11:06:25  loga.py  writeLog [line:134] INFO 行号:66   PASS   查找元素[find_element]  用时:0.005s  
20191206_11_05_37_735522_10880report.log 2019-12-06 11:06:25  loga.py  writeLog [line:134] INFO 行号:66   PASS   左键单击[click]  用时:0.067s  
20191206_11_05_37_735522_10880report.log 2019-12-06 11:06:26  loga.py  writeLog [line:134] INFO 行号:70   PASS   查找元素[find_element]  用时:0.007s  
20191206_11_05_37_735522_10880report.log 2019-12-06 11:06:27  loga.py  writeLog [line:134] INFO 行号:71   PASS   查找元素[find_element]  用时:0.007s  
20191206_11_05_37_735522_10880report.log 2019-12-06 11:06:27  loga.py  writeLog [line:134] INFO 行号:71   PASS   左键单击[click]  用时:0.061s  
20191206_11_05_37_735522_10880report.log 2019-12-06 11:06:28  loga.py  writeLog [line:134] INFO 行号:75   PASS   查找元素[find_element]  用时:0.009s  
20191206_11_05_37_735522_10880report.log 2019-12-06 11:06:29  loga.py  writeLog [line:134] INFO 行号:78   PASS   查找元素[find_element]  用时:0.007s  
20191206_11_05_37_735522_10880report.log 2019-12-06 11:06:29  loga.py  writeLog [line:134] INFO 行号:78   PASS   模拟输入[send_keys]  用时:0.140s  
20191206_11_05_37_735522_10880report.log 2019-12-06 11:06:30  loga.py  writeLog [line:134] INFO 行号:82   PASS   查找元素[find_element]  用时:0.010s  
20191206_11_05_37_735522_10880report.log 2019-12-06 11:06:31  loga.py  writeLog [line:134] INFO 行号:83   PASS   查找元素[find_element]  用时:0.008s  
20191206_11_05_37_735522_10880report.log 2019-12-06 11:06:32  loga.py  writeLog [line:134] INFO 行号:83   PASS   左键单击[click]  用时:0.061s  
20191206_11_05_37_735522_10880report.log 2019-12-06 11:06:35  loga.py  writeLog [line:134] INFO 行号:88   PASS   查找元素[find_element]  用时:0.008s  
20191206_11_05_37_735522_10880report.log 2019-12-06 11:06:35  loga.py  writeLog [line:134] INFO 行号:91   PASS   查找元素[find_element]  用时:0.007s  
20191206_11_05_37_735522_10880report.log 2019-12-06 11:06:36  loga.py  writeLog [line:134] INFO 行号:91   PASS   左键单击[click]  用时:0.061s  
20191206_11_05_37_735522_10880report.log 2019-12-06 11:06:37  loga.py  writeLog [line:134] INFO 行号:96   PASS   查找元素[find_element]  用时:0.009s  
20191206_11_05_37_735522_10880report.log 2019-12-06 11:06:37  loga.py  writeLog [line:134] INFO 行号:97   PASS   查找元素[find_element]  用时:0.006s  
20191206_11_05_37_735522_10880report.log 2019-12-06 11:06:38  loga.py  writeLog [line:134] INFO 行号:97   PASS   左键单击[click]  用时:0.062s  
20191206_11_05_37_735522_10880report.log 2019-12-06 11:06:39  loga.py  writeLog [line:134] INFO 行号:104  PASS   查找元素[find_element]  用时:0.009s  
20191206_11_05_37_735522_10880report.log 2019-12-06 11:06:39  loga.py  writeLog [line:134] INFO 行号:106  PASS   查找元素[find_element]  用时:0.006s  
20191206_11_05_37_735522_10880report.log 2019-12-06 11:06:40  loga.py  writeLog [line:134] INFO 行号:106  PASS   左键单击[click]  用时:0.072s  
20191206_11_05_37_735522_10880report.log 2019-12-06 11:06:41  loga.py  writeLog [line:134] INFO 行号:111  PASS   查找元素[find_element]  用时:0.026s  
20191206_11_05_37_735522_10880report.log 2019-12-06 11:06:41  loga.py  writeLog [line:134] INFO 行号:113  PASS   查找元素[find_element]  用时:0.007s  
20191206_11_05_37_735522_10880report.log 2019-12-06 11:06:42  loga.py  writeLog [line:134] INFO 行号:113  PASS   左键单击[click]  用时:0.056s  
20191206_11_05_37_735522_10880report.log 2019-12-06 11:06:43  loga.py  writeLog [line:134] INFO 行号:118  PASS   查找元素[find_element]  用时:0.010s  
20191206_11_05_37_735522_10880report.log 2019-12-06 11:06:43  loga.py  writeLog [line:134] INFO 行号:121  PASS   查找元素[find_element]  用时:0.006s  
20191206_11_05_37_735522_10880report.log 2019-12-06 11:06:44  loga.py  writeLog [line:134] INFO 行号:122  PASS   执行JS代码[execute_script]  用时:0.020s  
20191206_11_05_37_735522_10880report.log 2019-12-06 11:06:45  loga.py  writeLog [line:134] INFO 行号:124  PASS   查找元素[find_element]  用时:0.008s  
20191206_11_05_37_735522_10880report.log 2019-12-06 11:06:46  loga.py  writeLog [line:134] INFO 行号:124  PASS   左键单击[click]  用时:0.067s  
20191206_11_05_37_735522_10880report.log 2019-12-06 11:06:47  loga.py  writeLog [line:134] INFO 行号:129  PASS   查找元素[find_element]  用时:0.009s  
20191206_11_05_37_735522_10880report.log 2019-12-06 11:06:47  loga.py  writeLog [line:134] INFO 行号:130  PASS   查找元素[find_element]  用时:0.007s  
20191206_11_05_37_735522_10880report.log 2019-12-06 11:06:48  loga.py  writeLog [line:134] INFO 行号:130  PASS   左键单击[click]  用时:0.075s  
20191206_11_05_37_735522_10880report.log 2019-12-06 11:06:49  loga.py  writeLog [line:134] INFO 行号:135  PASS   查找元素[find_element]  用时:0.009s  
20191206_11_05_37_735522_10880report.log 2019-12-06 11:06:49  loga.py  writeLog [line:134] INFO 行号:136  PASS   查找元素[find_element]  用时:0.006s  
20191206_11_05_37_735522_10880report.log 2019-12-06 11:06:50  loga.py  writeLog [line:134] INFO 行号:136  PASS   左键单击[click]  用时:0.085s  
20191206_11_05_37_735522_10880report.log 2019-12-06 11:06:51  loga.py  writeLog [line:134] INFO 行号:140  PASS   查找元素[find_element]  用时:0.009s  
20191206_11_05_37_735522_10880report.log 2019-12-06 11:06:51  loga.py  writeLog [line:134] INFO 行号:141  PASS   查找元素[find_element]  用时:0.006s  
20191206_11_05_37_735522_10880report.log 2019-12-06 11:06:52  loga.py  writeLog [line:134] INFO 行号:141  PASS   左键单击[click]  用时:0.057s  
20191206_11_05_37_735522_10880report.log 2019-12-06 11:06:55  loga.py  writeLog [line:134] INFO 行号:146  PASS   查找元素[find_element]  用时:0.008s  
20191206_11_05_37_735522_10880report.log 2019-12-06 11:06:55  loga.py  writeLog [line:134] INFO 行号:149  PASS   查找元素[find_element]  用时:0.006s  
20191206_11_05_37_735522_10880report.log 2019-12-06 11:06:56  loga.py  writeLog [line:134] INFO 行号:149  PASS   左键单击[click]  用时:0.089s  
20191206_11_05_37_735522_10880report.log 2019-12-06 11:06:57  loga.py  writeLog [line:134] INFO 行号:153  PASS   查找元素[find_element]  用时:0.011s  
20191206_11_05_37_735522_10880report.log 2019-12-06 11:06:58  loga.py  writeLog [line:134] INFO 行号:154  PASS   查找元素[find_element]  用时:0.006s  
20191206_11_05_37_735522_10880report.log 2019-12-06 11:06:58  loga.py  writeLog [line:134] INFO 行号:154  PASS   左键单击[click]  用时:0.056s  
20191206_11_05_37_735522_10880report.log 2019-12-06 11:07:01  loga.py  writeLog [line:134] INFO 行号:159  PASS   查找元素[find_element]  用时:0.006s  
20191206_11_05_37_735522_10880report.log 2019-12-06 11:07:02  loga.py  writeLog [line:134] INFO 行号:161  PASS   查找元素[find_element]  用时:0.006s  
20191206_11_05_37_735522_10880report.log 2019-12-06 11:07:02  loga.py  writeLog [line:134] INFO 行号:161  PASS   左键单击[click]  用时:0.075s  
20191206_11_05_37_735522_10880report.log 2019-12-06 11:07:03  loga.py  writeLog [line:134] INFO 行号:165  PASS   查找元素[find_element]  用时:0.010s  
20191206_11_05_37_735522_10880report.log 2019-12-06 11:07:04  loga.py  writeLog [line:134] INFO 行号:166  PASS   查找元素[find_element]  用时:0.014s  
20191206_11_05_37_735522_10880report.log 2019-12-06 11:07:04  loga.py  writeLog [line:134] INFO 行号:166  PASS   左键单击[click]  用时:0.063s  
20191206_11_05_37_735522_10880report.log 2019-12-06 11:07:07  loga.py  writeLog [line:134] INFO 行号:171  PASS   查找元素[find_element]  用时:0.007s  
20191206_11_05_37_735522_10880report.log 2019-12-06 11:07:08  loga.py  writeLog [line:134] INFO 行号:173  PASS   查找元素[find_element]  用时:0.006s  
20191206_11_05_37_735522_10880report.log 2019-12-06 11:07:08  loga.py  writeLog [line:134] INFO 行号:173  PASS   左键单击[click]  用时:0.072s  
20191206_11_05_37_735522_10880report.log 2019-12-06 11:07:09  loga.py  writeLog [line:134] INFO 行号:177  PASS   查找元素[find_element]  用时:0.009s  
20191206_11_05_37_735522_10880report.log 2019-12-06 11:07:10  loga.py  writeLog [line:134] INFO 行号:178  PASS   查找元素[find_element]  用时:0.007s  
20191206_11_05_37_735522_10880report.log 2019-12-06 11:07:11  loga.py  writeLog [line:134] INFO 行号:178  PASS   左键单击[click]  用时:0.084s  
20191206_11_05_37_735522_10880report.log 2019-12-06 11:07:12  loga.py  writeLog [line:134] INFO 行号:182  PASS   查找元素[find_element]  用时:0.009s  
20191206_11_05_37_735522_10880report.log 2019-12-06 11:07:12  loga.py  writeLog [line:134] INFO 行号:183  PASS   查找元素[find_element]  用时:0.007s  
20191206_11_05_37_735522_10880report.log 2019-12-06 11:07:13  loga.py  writeLog [line:134] INFO 行号:183  PASS   左键单击[click]  用时:0.063s  
20191206_11_05_37_735522_10880report.log 2019-12-06 11:07:14  loga.py  writeLog [line:134] INFO 行号:185  PASS   查找元素[find_element]  用时:0.023s  
20191206_11_05_37_735522_10880report.log 2019-12-06 11:07:14  loga.py  writeLog [line:134] INFO 行号:186  TRUE   断言：包含[assertIn] 用时:0.000s TRUE.
20191206_11_05_37_735522_10880report.log 2019-12-06 11:07:14  loga.py  writeLog [line:134] INFO 行号:190  PASS   查找元素[find_element]  用时:0.008s  
20191206_11_05_37_735522_10880report.log 2019-12-06 11:07:15  loga.py  writeLog [line:134] INFO 行号:191  PASS   查找元素[find_element]  用时:0.007s  
20191206_11_05_37_735522_10880report.log 2019-12-06 11:07:15  loga.py  writeLog [line:134] INFO 行号:191  PASS   左键单击[click]  用时:0.096s  
20191206_11_05_37_735522_10880report.log 2019-12-06 11:07:16  loga.py  writeLog [line:134] INFO 行号:195  PASS   查找元素[find_element]  用时:0.006s  
20191206_11_05_37_735522_10880report.log 2019-12-06 11:07:17  loga.py  writeLog [line:134] INFO 行号:196  PASS   查找元素[find_element]  用时:0.006s  
20191206_11_05_37_735522_10880report.log 2019-12-06 11:07:17  loga.py  writeLog [line:134] INFO 行号:196  PASS   左键单击[click]  用时:0.041s  
20191206_11_05_37_735522_10880report.log 2019-12-06 11:07:18  loga.py  writeLog [line:134] INFO 行号:200  PASS   查找元素[find_element]  用时:0.009s  
20191206_11_05_37_735522_10880report.log 2019-12-06 11:07:19  loga.py  writeLog [line:134] INFO 行号:201  PASS   查找元素[find_element]  用时:0.007s  
20191206_11_05_37_735522_10880report.log 2019-12-06 11:07:19  loga.py  writeLog [line:134] INFO 行号:201  PASS   左键单击[click]  用时:0.090s  
20191206_11_05_37_735522_10880report.log 2019-12-06 11:07:20  loga.py  writeLog [line:134] INFO 行号:205  PASS   查找元素[find_element]  用时:0.009s  
20191206_11_05_37_735522_10880report.log 2019-12-06 11:07:21  loga.py  writeLog [line:134] INFO 行号:206  PASS   查找元素[find_element]  用时:0.006s  
20191206_11_05_37_735522_10880report.log 2019-12-06 11:07:22  loga.py  writeLog [line:134] INFO 行号:206  PASS   左键单击[click]  用时:0.057s  
20191206_11_05_37_735522_10880report.log 2019-12-06 11:07:23  loga.py  writeLog [line:134] INFO 行号:208  PASS   查找元素[find_element]  用时:0.030s  
20191206_11_05_37_735522_10880report.log 2019-12-06 11:07:25  loga.py  writeLog [line:134] INFO 行号:210  FALSE  断言：不包含[assertNotIn] 用时:0.000s FALSE. '报销标准8564' unexpectedly found in '<html><head>\n    <meta charset="utf-8">\n    <meta http-equiv="X-UA-Compatible" content="IE=edge,chrome=1">\n    <meta http-equiv="Content-Type" content="text/html; charset=UTF-8">\n    <meta http-equiv="Expires" content="0">\n    <meta http-equiv="Pragma" content="no-cache">\n    <meta http-equiv="Cache-control" content="no-cache">\n    <meta http-equiv="Cache" content="no-cache">\n    <meta name="renderer" content="webkit">\n    <meta name="viewport" content="width=device-width, initial-scale=1, maximum-scale=1, user-scalable=no">\n    <meta name="description" content="友报账-用友云服务">\n    <meta name="keywords" content="yonyou,财务">\n    <meta name="author" content="yonyou">\n    <title>友报账</title>\n    <link rel="icon" type="image/png" href="./images/favicon.png">\n<link href="./index-fce287759b51f16fdb46.css" rel="stylesheet"><script type="text/javascript" charset="utf8" async="" src="https://g.alicdn.com/react-intl-universal/locale-data/1.0.0/zh.js"></script><script type="text/javascript" charset="utf-8" async="" src="./js/app-Flights-fce287759b51f16fdb46.js"></script></head>\n<body style="" class="">\n<div id="root"><div data-reactroot="" style="height: 100%;"><div class="react-loading-spinner" hidden=""><div class="loading-inner"><div><div class="ant-spin ant-spin-spinning"><span class="ant-spin-dot ant-spin-dot-spin"><i></i><i></i><i></i><i></i></span></div></div><div class="alert-text">加载中...</div></div></div><div class="container-fluid" style="margin-bottom: 70px;"><div class="nav nav-tabs webbill-nav"><ul><li class="active"><a href="#/stdreimburse/flights">机票</a></li><li><a href="#/stdreimburse/train">火车票</a></li><li><a href="#/stdreimburse/hotel">住宿</a></li><li class="hidden"><a href="#/stdreimburse/internationalhotel">国际住宿</a></li><li><a href="#/stdreimburse/ship">轮船票</a></li><li><a href="#/standardReimburse">费用报销标准</a></li></ul></div><div class=""><div class="tabs-bar pr" style="margin-bottom: 0px; border-bottom: 0px;"><button class="btn btn-primary button-general" style="margin-top: 0px;">新增</button></div><div class="ssc-grid"><div class="ssc-table"><table class="table"><thead><tr class=""><th class="">标准名称</th><th class="">适用组织</th><th class="">控制力度</th><th class="">标准类型</th><th class="">等级标准</th><th class="">部门</th><th class="">职务</th><th class="">职级</th><th class="">用户</th><th class="operation"> </th></tr></thead><tbody><tr class="" data-row-index="0"><td class="" title="qfhsdjkak">qfhsdjkak</td><td class="" title="yontest云创股份">yontest云创股份</td><td class="" title="刚性控制">刚性控制</td><td class="" title="机票">机票</td><td class="" title="国内航班：头等舱,国际航班：头等舱">国内航班：头等舱,国际航班：头等舱</td><td class="" title="供应中心-北京">供应中心-北京</td><td class="" title="高级测试工程师">高级测试工程师</td><td class="" title="高级测试">高级测试</td><td class="" title=""></td><td><a href="javascript:void(0)">编辑</a><a href="javascript:void(0)">删除</a></td></tr></tbody></table></div><ul class="pagination pagination"><li class="disabled"><a role="button" href="#" tabindex="-1" style="pointer-events: none;"><span aria-label="First">«</span></a></li><li class="disabled"><a role="button" href="#" tabindex="-1" style="pointer-events: none;"><span aria-label="Previous">‹</span></a></li><li class="active"><a role="button" href="#">1</a></li><li class="disabled"><a role="button" href="#" tabindex="-1" style="pointer-events: none;"><span aria-label="Next">›</span></a></li><li class="disabled"><a role="button" href="#" tabindex="-1" style="pointer-events: none;"><span aria-label="Last">»</span></a></li></ul></div></div><div class="hidden"><div class="pb100 backgroud-linear-gradient stardard-detail-bg"><div><div class="basic-Info detail-header">标准名称</div></div><div class="stdreimburse-box"><div class="row row-rewrite"><div class="col-md-6"><div class="pr"><div class="standard-refer"><div style="position: relative; height: auto; display: block;"><input class="standard-name-input standard-refer" placeholder="请输入" maxlength="99999" value="报销标准8564" style="padding-right: 35px;"><span class="input-lange-icon"></span><!-- react-empty: 45 --></div></div></div></div><div class="col-md-6 details-h"><div class="details-h-t"></div><div class="bootstrap-typeahead open standard-refer" style="position: relative;"><div class="input-group"><div class="bootstrap-typeahead-input" tabindex="undefined" style="outline: none; position: relative;"><input type="text" placeholder="请选择适用组织" value="yontest云创股份" autocomplete="off" class="form-control bootstrap-typeahead-input-main has-selection" style="background-color: transparent; display: block; position: relative; z-index: 1;"><input type="text" tabindex="-1" value="" class="form-control bootstrap-typeahead-input-hint" style="border-color: transparent; bottom: 0px; box-shadow: none; display: block; opacity: 0.6; position: absolute; top: 0px; width: 100%; z-index: 0;"></div><span class="input-group-addon cursor-style"><span class="glyphicon glyphicon-search refer-search-icon"></span></span></div><!-- react-empty: 257 --></div></div></div></div><div><div class="basic-Info detail-header">控制力度</div></div><div class="stdreimburse-box"><div class="row row-rewrite"><div class="col-md-6"><div><div class="ant-radio-group ant-radio-group-outline"><label class="ant-radio-wrapper ant-radio-wrapper-checked"><span class="ant-radio ant-radio-checked"><input type="radio" class="ant-radio-input" value="by_rigid"><span class="ant-radio-inner"></span></span><span><span class="fwn">刚性控制</span></span></label><label class="ant-radio-wrapper"><span class="ant-radio"><input type="radio" class="ant-radio-input" value="by_flexible"><span class="ant-radio-inner"></span></span><span><span class="fwn">柔性控制</span></span></label></div></div></div></div></div><div><div class="basic-Info detail-header">标准内容</div></div><div class="stdreimburse-box"><div class="row row-rewrite"></div><div class="row row-rewrite"><div class="col-md-3 xiexin-std-label"><div class="standard-detail">国内航班</div><div class="standard-detail">可乘坐舱位：</div></div><div class="col-md-6"><form class="horizontal"><div class="form-group standard-formgroup"><div class="checkbox mr20 standard-checkbox mt5"><label><span class="rc-checkbox rc-checkbox-checked"><input type="checkbox" name="plane_01_domestic" class="rc-checkbox-input" value="on"><span class="rc-checkbox-inner"></span></span><!-- react-text: 91 -->头等舱<!-- /react-text --></label></div><div class="checkbox mr20 standard-checkbox mt5"><label><span class="rc-checkbox"><input type="checkbox" name="plane_02_domestic" class="rc-checkbox-input" value="on"><span class="rc-checkbox-inner"></span></span><!-- react-text: 97 -->商务舱<!-- /react-text --></label></div><div class="checkbox mr20 standard-checkbox mt5"><label><span class="rc-checkbox"><input type="checkbox" name="plane_03_domestic" class="rc-checkbox-input" value="on"><span class="rc-checkbox-inner"></span></span><!-- react-text: 103 -->经济舱<!-- /react-text --></label></div></div></form></div><div class="col-md-3"><div class="checkbox mr20 standard-checkbox mt5"><label><span class="rc-checkbox"><input type="checkbox" name="domesticFlightIsAvaiable" class="rc-checkbox-input" value="on"><span class="rc-checkbox-inner"></span></span><!-- react-text: 110 --> <!-- /react-text --><!-- react-text: 111 -->不允许乘坐飞机<!-- /react-text --></label></div></div></div><div class="row row-rewrite"><div class="col-md-3 xiexin-std-label"><div class="standard-detail">国际航班</div><div class="standard-detail">可乘坐舱位：</div></div><div class="col-md-6"><form class="horizontal"><div class="form-group standard-formgroup"><div class="checkbox mr20 standard-checkbox mt5"><label><span class="rc-checkbox rc-checkbox-checked"><input type="checkbox" name="plane_01_international" class="rc-checkbox-input" value="on"><span class="rc-checkbox-inner"></span></span><!-- react-text: 124 -->头等舱<!-- /react-text --></label></div><div class="checkbox mr20 standard-checkbox mt5"><label><span class="rc-checkbox"><input type="checkbox" name="plane_02_international" class="rc-checkbox-input" value="on"><span class="rc-checkbox-inner"></span></span><!-- react-text: 130 -->商务舱<!-- /react-text --></label></div><div class="checkbox mr20 standard-checkbox mt5"><label><span class="rc-checkbox"><input type="checkbox" name="plane_03_international" class="rc-checkbox-input" value="on"><span class="rc-checkbox-inner"></span></span><!-- react-text: 136 -->经济舱<!-- /react-text --></label></div></div></form></div><div class="col-md-3"><div class="checkbox mr20 standard-checkbox mt5"><label><span class="rc-checkbox"><input type="checkbox" name="internationalFlightIsAvaiable" class="rc-checkbox-input" value="on"><span class="rc-checkbox-inner"></span></span><!-- react-text: 143 --> <!-- /react-text --><!-- react-text: 144 -->不允许乘坐飞机<!-- /react-text --></label></div></div></div><div class="row row-rewrite"><div class="col-md-6"><div class="standard-detail mt10">提示：请勾选该标准包含的选项，不勾选则不包含在标准内。</div></div></div></div><div class="basic-Info detail-header"><!-- react-text: 149 -->关联用户<!-- /react-text --><div><button class="btn button-general color-border" href="javascript:;" style="margin-top: 0px;">增加</button></div></div><div class="stdreimburse-box"><div class="col-md-12 mb10 mt10"><div class="ant-select ant-select-focused ant-select-enabled" style="width: 200px;"><div class="ant-select-selection\n            ant-select-selection--single" role="combobox" aria-autocomplete="list" aria-haspopup="true" aria-controls="18495da3-7c20-4260-b895-49dba587bbc6" aria-expanded="false" tabindex="undefined"><div class="ant-select-selection__rendered"><div class="ant-select-selection-selected-value" title="按部门、职务、职级设置" style="display: block; opacity: 1;">按部门、职务、职级设置</div></div><span class="ant-select-arrow" unselectable="on" style="user-select: none;"><i aria-label="icon: down" class="anticon anticon-down ant-select-arrow-icon"><svg viewBox="64 64 896 896" class="" data-icon="down" width="1em" height="1em" fill="currentColor" aria-hidden="true"><path d="M884 256h-75c-5.1 0-9.9 2.5-12.9 6.6L512 654.2 227.9 262.6c-3-4.1-7.8-6.6-12.9-6.6h-75c-6.5 0-10.3 7.4-6.5 12.7l352.6 486.1c12.8 17.6 39 17.6 51.7 0l352.6-486.1c3.9-5.3.1-12.7-6.4-12.7z"></path></svg></i></span></div></div></div><div class="row row-rewrite mb10" style=""><div class="col-md-12 mb5"><span class="standard-detail"><!-- react-text: 165 -->部门：<!-- /react-text --><!-- react-text: 166 -->  <!-- /react-text --></span><div class="standard-detail-name dib"><!-- react-text: 322 -->供应中心-北京<!-- /react-text --><span class="tip">x</span></div></div><div class="col-md-12 mb5"><span class="standard-detail"><!-- react-text: 170 -->职务：<!-- /react-text --><!-- react-text: 171 --> <!-- /react-text --></span><div class="standard-detail-name dib"><!-- react-text: 325 -->高级测试工程师<!-- /react-text --><span class="tip">x</span></div></div><div class="col-md-12 mb5"><span class="standard-detail"><!-- react-text: 175 -->职级：<!-- /react-text --><!-- react-text: 176 --> <!-- /react-text --></span><div class="standard-detail-name dib"><!-- react-text: 328 -->高级测试<!-- /react-text --><span class="tip">x</span></div></div></div><div class="row row-rewrite mb10" style="display: none;"><div class="col-md-12"><span class="standard-detail"><!-- react-text: 181 -->用户：<!-- /react-text --><!-- react-text: 182 --> <!-- /react-text --></span><div class="standard-detail-name"></div></div></div></div><div class="btn-bottom-fixed"><div class="row row-rewrite btn-bottom"><div class="col-sm-12"><button type="button" class="btn btn-primary fr btn-submit">保存</button><button type="button" class="btn btn-primary fr btn-submit">取消</button></div></div></div><!-- react-empty: 268 --><!-- react-empty: 190 --></div></div></div></div></div>\n<!--\n   Version: 0.1.1\n   git Version: 9e07b507b34f8c0b619b2e401b869e0cae6328b5\n   buildDate: 2019-9-29 15:38:18\n-->\n<script type="text/javascript">\n  window.SERVICESURL = \'\';    // 可手动配置的后端接口请求地址，全局生效\n  window.servelUrl = window.location.origin;  // ueditor的后端接口请求地址\n</script>\n<script>\n//  var _yyy = _yyy || [];\n//  (function () {\n//    function getCookie(name) {\n//      name = (name = new RegExp("(^| )" + name + "=([^;]*)(;|$)").exec(document.cookie)) ? name[2] : "";\n//      return decodeURIComponent(name.replace(/^\\s+|\\s+$/g, \'\'));\n//    }\n//    _yyy.push(["userid", function () {\n//      return getCookie("yonyou_uid");\n//    }]);\n//    _yyy.push(["username", function () {\n//      return getCookie("yonyou_uname");\n//    }]);\n//    _yyy.push(["def1", function () {\n//      return getCookie("tenantid");\n//    }]);\n//    var s = document.createElement("script");\n//    s.src = "/yyy/yonyou-yyy.js";\n//    var d = document.getElementsByTagName("script")[0];\n//    d.parentNode.insertBefore(s, d);\n//  }());\n</script>\n<!--引入plupload.js-->\n<script type="text/javascript" src="./plupload/crypto1/crypto/crypto.js"></script>\n<script type="text/javascript" src="./plupload/crypto1/hmac/hmac.js"></script>\n<script type="text/javascript" src="./plupload/crypto1/sha1/sha1.js"></script>\n<script type="text/javascript" src="./plupload/base64.js"></script>\n<script type="text/javascript" charset="utf-8" src="./plupload/plupload-2.1.2/js/plupload.full.min.js"></script>\n<!--引入plupload.js-->\n<script type="text/javascript" charset="utf-8" src="./ueditor/ueditor.config.js"></script>\n<script type="text/javascript" charset="utf-8" src="./ueditor/ueditor.all.min.js"></script>\n<script type="text/javascript" charset="utf-8" src="./ueditor/lang/zh-cn/zh-cn.js"></script>\n<script type="text/javascript" src="./plupload/topEsa.min.js"></script>\n<script type="text/javascript" src="https://cdn.yonyoucloud.com/pro/diwork/download/jDiwork.js"></script>\n<script type="text/javascript" src="./vendor.dll.js?v=2019-9-29 15:38:18"></script>\n<script type="text/javascript" src="./js/index-fce287759b51f16fdb46.js"></script>\n\n<style>[ant-click-animating-without-extra-node="true"]:after { border-color: rgb(255, 77, 79); }</style><div style="position: absolute; top: 0px; left: 0px; width: 100%;"><div data-reactroot=""><div class="ant-select-dropdown ant-select-dropdown--single ant-select-dropdown-placement-bottomLeft  ant-select-dropdown-hidden" style="left: 31px; top: 599px;"><div id="18495da3-7c20-4260-b895-49dba587bbc6" style="overflow: auto; transform: translateZ(0px);"><ul role="listbox" class="ant-select-dropdown-menu  ant-select-dropdown-menu-root ant-select-dropdown-menu-vertical" tabindex="0"><li role="option" unselectable="on" class="ant-select-dropdown-menu-item ant-select-dropdown-menu-item-selected" aria-selected="true" style="user-select: none;"><!-- react-text: 6 -->按部门、职务、职级设置<!-- /react-text --></li><li role="option" unselectable="on" class="ant-select-dropdown-menu-item" aria-selected="false" style="user-select: none;"><!-- react-text: 8 -->按用户设置<!-- /react-text --></li></ul></div></div></div></div></body></html>'
20191206_11_05_37_735522_10880report.log 2019-12-06 11:07:25  loga.py  writeLog [line:134] INFO 行号:213  PASS   查找元素[find_element]  用时:0.008s  
20191206_11_05_37_735522_10880report.log 2019-12-06 11:07:26  loga.py  writeLog [line:134] INFO 行号:213  PASS   左键单击[click]  用时:0.052s  
20191206_11_05_37_735522_10880report.log 2019-12-06 11:07:28  loga.py  writeLog [line:134] INFO 行号:215  PASS   查找元素[find_element]  用时:0.012s  
20191206_11_05_37_735522_10880report.log 2019-12-06 11:07:28  loga.py  writeLog [line:134] INFO 行号:215  PASS   左键单击[click]  用时:0.049s  
20191206_11_05_37_735522_10880report.log 2019-12-06 11:07:29  loga.py  putSystemLog [line:74] INFO 脚本运行完毕...
20191206_11_05_37_735522_10880report.log 2019-12-06 11:07:29  loga.py  putSystemLog [line:74] INFO 开始运行脚本<class 'script.testCase.U8EX项目.公共.U8EX登出.EasyCase'>
20191206_11_05_37_735522_10880report.log 2019-12-06 11:07:29  loga.py  writeLog [line:134] INFO 行号:24   PASS   刷新页面[refresh]  用时:0.013s  
20191206_11_05_37_735522_10880report.log 2019-12-06 11:07:31  loga.py  writeLog [line:134] INFO 行号:26   PASS   查找元素[find_element]  用时:0.011s  
20191206_11_05_37_735522_10880report.log 2019-12-06 11:07:32  loga.py  writeLog [line:134] INFO 行号:26   PASS   左键单击[click]  用时:0.044s  
20191206_11_05_37_735522_10880report.log 2019-12-06 11:07:33  loga.py  writeLog [line:134] INFO 行号:27   PASS   查找元素[find_element]  用时:0.014s  
20191206_11_05_37_735522_10880report.log 2019-12-06 11:07:34  loga.py  writeLog [line:134] INFO 行号:27   PASS   左键单击[click]  用时:0.519s  
20191206_11_05_37_735522_10880report.log 2019-12-06 11:07:35  loga.py  putSystemLog [line:74] INFO 脚本运行完毕...
20191206_11_05_37_735522_10880report.log 2019-12-06 11:07:35  loga.py  writeLog [line:134] INFO 行号:0    PASS   关闭浏览器[quit]  用时:0.219s  
20191206_11_05_37_735522_10880report.log 2019-12-06 11:07:38  loga.py  putSystemLog [line:74] INFO 场景<1>结束.用时:120.808s.
20191206_11_05_37_735522_10880report.log 2019-12-06 11:07:38  loga.py  putSystemLog [line:74] INFO 场景统计结果：PASS:126(100.00%),FAIL:  0(0.00%),ERROR:  0(0.00%),TRUE:  1,FALSE:  1

20191206_11_05_37_735522_10880report.log 2019-12-06 11:07:38  loga.py  putSystemLog [line:74] INFO ----------------------------------------
20191206_11_05_37_735522_10880report.log 2019-12-06 11:07:38  loga.py  putSystemLog [line:74] INFO End.
20191206_11_05_37_735522_10880report.log 2019-12-06 11:07:38  loga.py  putSystemLog [line:74] INFO 测试方案统计结果:
                    场景<1>:PASS:126(100.00%),FAIL:  0(0.00%),ERROR:  0(0.00%),TRUE:  1,FALSE:  1
                    总   计:PASS:126(100.00%),FAIL:  0(0.00%),ERROR:  0(0.00%),TRUE:  1,FALSE:  1

