20191130_15_50_10_751659_135076report.log 2019-11-30 15:50:10  loga.py  putSystemLog [line:74] INFO Start.
20191130_15_50_10_751659_135076report.log 2019-11-30 15:50:10  loga.py  putSystemLog [line:74] INFO 场景<1>开始.
20191130_15_50_10_751659_135076report.log 2019-11-30 15:50:14  loga.py  writeLog [line:134] INFO 行号:0    PASS   最大化浏览器窗口[maximize_window]  用时:1.120s  
20191130_15_50_10_751659_135076report.log 2019-11-30 15:50:15  loga.py  putSystemLog [line:74] INFO chrome浏览器启动成功.
20191130_15_50_10_751659_135076report.log 2019-11-30 15:50:15  loga.py  putSystemLog [line:74] INFO 开始加载脚本...
20191130_15_50_10_751659_135076report.log 2019-11-30 15:50:15  loga.py  putSystemLog [line:74] INFO 脚本<1>：U8EX登录 加载成功.脚本路径：script/testCase/U8EX项目/公共/U8EX登录
20191130_15_50_10_751659_135076report.log 2019-11-30 15:50:15  loga.py  putSystemLog [line:74] INFO 脚本<2>：报表模型 加载成功.脚本路径：script/testCase/Y3me项目/数字化建模/财务报表/报表模型
20191130_15_50_10_751659_135076report.log 2019-11-30 15:50:15  loga.py  putSystemLog [line:74] INFO 脚本<3>：U8EX登出 加载成功.脚本路径：script/testCase/U8EX项目/公共/U8EX登出
20191130_15_50_10_751659_135076report.log 2019-11-30 15:50:15  loga.py  putSystemLog [line:74] INFO 脚本加载完成...
20191130_15_50_10_751659_135076report.log 2019-11-30 15:50:15  loga.py  putSystemLog [line:74] INFO 开始运行脚本<class 'script.testCase.U8EX项目.公共.U8EX登录.EasyCase'>
20191130_15_50_10_751659_135076report.log 2019-11-30 15:50:17  loga.py  writeLog [line:134] INFO 行号:27   PASS   访问页面[get]  用时:1.654s  
20191130_15_50_10_751659_135076report.log 2019-11-30 15:50:18  loga.py  writeLog [line:134] INFO 行号:29   PASS   查找元素[find_element]  用时:0.013s  
20191130_15_50_10_751659_135076report.log 2019-11-30 15:50:18  loga.py  writeLog [line:134] INFO 行号:30   PASS   查找元素[find_element]  用时:0.010s  
20191130_15_50_10_751659_135076report.log 2019-11-30 15:50:19  loga.py  writeLog [line:134] INFO 行号:30   PASS   左键单击[click]  用时:0.055s  
20191130_15_50_10_751659_135076report.log 2019-11-30 15:50:20  loga.py  writeLog [line:134] INFO 行号:34   PASS   查找元素[find_element]  用时:0.013s  
20191130_15_50_10_751659_135076report.log 2019-11-30 15:50:21  loga.py  writeLog [line:134] INFO 行号:35   PASS   查找元素[find_element]  用时:0.005s  
20191130_15_50_10_751659_135076report.log 2019-11-30 15:50:21  loga.py  writeLog [line:134] INFO 行号:36   PASS   切换到表单[frame]  用时:0.019s  
20191130_15_50_10_751659_135076report.log 2019-11-30 15:50:23  loga.py  writeLog [line:134] INFO 行号:39   PASS   查找元素[find_element]  用时:0.010s  
20191130_15_50_10_751659_135076report.log 2019-11-30 15:50:24  loga.py  writeLog [line:134] INFO 行号:40   PASS   查找元素[find_element]  用时:0.008s  
20191130_15_50_10_751659_135076report.log 2019-11-30 15:50:24  loga.py  writeLog [line:134] INFO 行号:40   PASS   清除文本[clear]  用时:0.019s  
20191130_15_50_10_751659_135076report.log 2019-11-30 15:50:25  loga.py  writeLog [line:134] INFO 行号:41   PASS   查找元素[find_element]  用时:0.008s  
20191130_15_50_10_751659_135076report.log 2019-11-30 15:50:26  loga.py  writeLog [line:134] INFO 行号:41   PASS   模拟输入[send_keys]  用时:0.114s  
20191130_15_50_10_751659_135076report.log 2019-11-30 15:50:27  loga.py  writeLog [line:134] INFO 行号:42   PASS   查找元素[find_element]  用时:0.009s  
20191130_15_50_10_751659_135076report.log 2019-11-30 15:50:27  loga.py  writeLog [line:134] INFO 行号:42   PASS   清除文本[clear]  用时:0.017s  
20191130_15_50_10_751659_135076report.log 2019-11-30 15:50:28  loga.py  writeLog [line:134] INFO 行号:43   PASS   查找元素[find_element]  用时:0.006s  
20191130_15_50_10_751659_135076report.log 2019-11-30 15:50:29  loga.py  writeLog [line:134] INFO 行号:43   PASS   模拟输入[send_keys]  用时:0.069s  
20191130_15_50_10_751659_135076report.log 2019-11-30 15:50:30  loga.py  writeLog [line:134] INFO 行号:45   PASS   查找元素[find_element]  用时:0.010s  
20191130_15_50_10_751659_135076report.log 2019-11-30 15:50:30  loga.py  writeLog [line:134] INFO 行号:46   PASS   查找元素[find_element]  用时:0.007s  
20191130_15_50_10_751659_135076report.log 2019-11-30 15:50:31  loga.py  writeLog [line:134] INFO 行号:46   PASS   左键单击[click]  用时:0.100s  
20191130_15_50_10_751659_135076report.log 2019-11-30 15:50:32  loga.py  writeLog [line:134] INFO 行号:52   PASS   查找元素[find_element]  用时:0.017s  
20191130_15_50_10_751659_135076report.log 2019-11-30 15:50:33  loga.py  writeLog [line:134] INFO 行号:53   PASS   查找元素[find_element]  用时:0.007s  
20191130_15_50_10_751659_135076report.log 2019-11-30 15:50:33  loga.py  writeLog [line:134] INFO 行号:53   PASS   左键单击[click]  用时:0.086s  
20191130_15_50_10_751659_135076report.log 2019-11-30 15:50:34  loga.py  writeLog [line:134] INFO 行号:54   PASS   查找元素[find_element]  用时:0.011s  
20191130_15_50_10_751659_135076report.log 2019-11-30 15:50:35  loga.py  writeLog [line:134] INFO 行号:54   PASS   左键单击[click]  用时:0.104s  
20191130_15_50_10_751659_135076report.log 2019-11-30 15:50:36  loga.py  writeLog [line:134] INFO 行号:56   PASS   查找元素[find_element]  用时:0.008s  
20191130_15_50_10_751659_135076report.log 2019-11-30 15:50:37  loga.py  writeLog [line:134] INFO 行号:56   PASS   左键单击[click]  用时:0.370s  
20191130_15_50_10_751659_135076report.log 2019-11-30 15:50:38  loga.py  putSystemLog [line:74] INFO 脚本运行完毕...
20191130_15_50_10_751659_135076report.log 2019-11-30 15:50:38  loga.py  putSystemLog [line:74] INFO 开始运行脚本<class 'script.testCase.Y3me项目.数字化建模.财务报表.报表模型.EasyCase'>
20191130_15_50_10_751659_135076report.log 2019-11-30 15:50:38  loga.py  writeLog [line:134] INFO 行号:25   PASS   刷新页面[refresh]  用时:0.008s  
20191130_15_50_10_751659_135076report.log 2019-11-30 15:50:39  loga.py  writeLog [line:134] INFO 行号:27   PASS   查找元素[find_element]  用时:0.014s  
20191130_15_50_10_751659_135076report.log 2019-11-30 15:50:39  loga.py  writeLog [line:134] INFO 行号:27   PASS   左键单击[click]  用时:0.064s  
20191130_15_50_10_751659_135076report.log 2019-11-30 15:50:41  loga.py  writeLog [line:134] INFO 行号:30   PASS   查找元素[find_element]  用时:0.010s  
20191130_15_50_10_751659_135076report.log 2019-11-30 15:50:42  loga.py  writeLog [line:134] INFO 行号:30   PASS   左键单击[click]  用时:0.055s  
20191130_15_50_10_751659_135076report.log 2019-11-30 15:50:44  loga.py  writeLog [line:134] INFO 行号:33   PASS   查找元素[find_element]  用时:0.010s  
20191130_15_50_10_751659_135076report.log 2019-11-30 15:50:46  loga.py  writeLog [line:134] INFO 行号:40   PASS   查找元素[find_element]  用时:0.009s  
20191130_15_50_10_751659_135076report.log 2019-11-30 15:50:51  loga.py  writeLog [line:134] INFO 行号:47   PASS   查找元素[find_element]  用时:0.009s  
20191130_15_50_10_751659_135076report.log 2019-11-30 15:50:52  loga.py  writeLog [line:134] INFO 行号:51   PASS   查找元素[find_element]  用时:0.009s  
20191130_15_50_10_751659_135076report.log 2019-11-30 15:50:53  loga.py  writeLog [line:134] INFO 行号:52   PASS   切换到表单[frame]  用时:0.015s  
20191130_15_50_10_751659_135076report.log 2019-11-30 15:50:54  loga.py  writeLog [line:134] INFO 行号:55   PASS   查找元素[find_element]  用时:0.243s  
20191130_15_50_10_751659_135076report.log 2019-11-30 15:50:55  loga.py  writeLog [line:134] INFO 行号:55   PASS   左键单击[click]  用时:0.114s  
20191130_15_50_10_751659_135076report.log 2019-11-30 15:50:56  loga.py  writeLog [line:134] INFO 行号:57   PASS   查找元素[find_element]  用时:0.011s  
20191130_15_50_10_751659_135076report.log 2019-11-30 15:50:57  loga.py  writeLog [line:134] INFO 行号:57   PASS   模拟输入[send_keys]  用时:0.136s  
20191130_15_50_10_751659_135076report.log 2019-11-30 15:50:58  loga.py  writeLog [line:134] INFO 行号:58   PASS   查找元素[find_element]  用时:0.018s  
20191130_15_50_10_751659_135076report.log 2019-11-30 15:50:58  loga.py  writeLog [line:134] INFO 行号:58   PASS   模拟输入[send_keys]  用时:0.094s  
20191130_15_50_10_751659_135076report.log 2019-11-30 15:50:59  loga.py  writeLog [line:134] INFO 行号:59   PASS   查找元素[find_element]  用时:0.011s  
