20191130_16_52_24_990634_138420report.log 2019-11-30 16:52:24  loga.py  putSystemLog [line:74] INFO Start.
20191130_16_52_24_990634_138420report.log 2019-11-30 16:52:25  loga.py  putSystemLog [line:74] INFO 场景<1>开始.
20191130_16_52_24_990634_138420report.log 2019-11-30 16:52:29  loga.py  writeLog [line:134] INFO 行号:0    PASS   最大化浏览器窗口[maximize_window]  用时:1.122s  
20191130_16_52_24_990634_138420report.log 2019-11-30 16:52:30  loga.py  putSystemLog [line:74] INFO chrome浏览器启动成功.
20191130_16_52_24_990634_138420report.log 2019-11-30 16:52:30  loga.py  putSystemLog [line:74] INFO 开始加载脚本...
20191130_16_52_24_990634_138420report.log 2019-11-30 16:52:30  loga.py  putSystemLog [line:74] INFO 脚本<1>：U8EX登录 加载成功.脚本路径：script/testCase/U8EX项目/公共/U8EX登录
20191130_16_52_24_990634_138420report.log 2019-11-30 16:52:30  loga.py  putSystemLog [line:74] INFO 脚本<2>：报表设计 加载成功.脚本路径：script/testCase/Y3me项目/数字化建模/财务报表/报表设计
20191130_16_52_24_990634_138420report.log 2019-11-30 16:52:30  loga.py  putSystemLog [line:74] INFO 脚本<3>：U8EX登出 加载成功.脚本路径：script/testCase/U8EX项目/公共/U8EX登出
20191130_16_52_24_990634_138420report.log 2019-11-30 16:52:30  loga.py  putSystemLog [line:74] INFO 脚本加载完成...
20191130_16_52_24_990634_138420report.log 2019-11-30 16:52:30  loga.py  putSystemLog [line:74] INFO 开始运行脚本<class 'script.testCase.U8EX项目.公共.U8EX登录.EasyCase'>
20191130_16_52_24_990634_138420report.log 2019-11-30 16:52:32  loga.py  writeLog [line:134] INFO 行号:27   PASS   访问页面[get]  用时:1.810s  
20191130_16_52_24_990634_138420report.log 2019-11-30 16:52:33  loga.py  writeLog [line:134] INFO 行号:29   PASS   查找元素[find_element]  用时:0.013s  
20191130_16_52_24_990634_138420report.log 2019-11-30 16:52:33  loga.py  writeLog [line:134] INFO 行号:30   PASS   查找元素[find_element]  用时:0.006s  
20191130_16_52_24_990634_138420report.log 2019-11-30 16:52:34  loga.py  writeLog [line:134] INFO 行号:30   PASS   左键单击[click]  用时:0.058s  
20191130_16_52_24_990634_138420report.log 2019-11-30 16:52:35  loga.py  writeLog [line:134] INFO 行号:34   PASS   查找元素[find_element]  用时:0.012s  
20191130_16_52_24_990634_138420report.log 2019-11-30 16:52:36  loga.py  writeLog [line:134] INFO 行号:35   PASS   查找元素[find_element]  用时:0.005s  
20191130_16_52_24_990634_138420report.log 2019-11-30 16:52:36  loga.py  writeLog [line:134] INFO 行号:36   PASS   切换到表单[frame]  用时:0.016s  
20191130_16_52_24_990634_138420report.log 2019-11-30 16:52:38  loga.py  writeLog [line:134] INFO 行号:39   PASS   查找元素[find_element]  用时:0.010s  
20191130_16_52_24_990634_138420report.log 2019-11-30 16:52:39  loga.py  writeLog [line:134] INFO 行号:40   PASS   查找元素[find_element]  用时:0.008s  
20191130_16_52_24_990634_138420report.log 2019-11-30 16:52:39  loga.py  writeLog [line:134] INFO 行号:40   PASS   清除文本[clear]  用时:0.020s  
20191130_16_52_24_990634_138420report.log 2019-11-30 16:52:40  loga.py  writeLog [line:134] INFO 行号:41   PASS   查找元素[find_element]  用时:0.006s  
20191130_16_52_24_990634_138420report.log 2019-11-30 16:52:41  loga.py  writeLog [line:134] INFO 行号:41   PASS   模拟输入[send_keys]  用时:0.159s  
20191130_16_52_24_990634_138420report.log 2019-11-30 16:52:42  loga.py  writeLog [line:134] INFO 行号:42   PASS   查找元素[find_element]  用时:0.009s  
20191130_16_52_24_990634_138420report.log 2019-11-30 16:52:42  loga.py  writeLog [line:134] INFO 行号:42   PASS   清除文本[clear]  用时:0.017s  
20191130_16_52_24_990634_138420report.log 2019-11-30 16:52:43  loga.py  writeLog [line:134] INFO 行号:43   PASS   查找元素[find_element]  用时:0.008s  
20191130_16_52_24_990634_138420report.log 2019-11-30 16:52:44  loga.py  writeLog [line:134] INFO 行号:43   PASS   模拟输入[send_keys]  用时:0.071s  
20191130_16_52_24_990634_138420report.log 2019-11-30 16:52:45  loga.py  writeLog [line:134] INFO 行号:45   PASS   查找元素[find_element]  用时:0.010s  
20191130_16_52_24_990634_138420report.log 2019-11-30 16:52:45  loga.py  writeLog [line:134] INFO 行号:46   PASS   查找元素[find_element]  用时:0.007s  
20191130_16_52_24_990634_138420report.log 2019-11-30 16:52:46  loga.py  writeLog [line:134] INFO 行号:46   PASS   左键单击[click]  用时:0.093s  
20191130_16_52_24_990634_138420report.log 2019-11-30 16:52:47  loga.py  writeLog [line:134] INFO 行号:52   PASS   查找元素[find_element]  用时:0.013s  
20191130_16_52_24_990634_138420report.log 2019-11-30 16:52:48  loga.py  writeLog [line:134] INFO 行号:53   PASS   查找元素[find_element]  用时:0.007s  
20191130_16_52_24_990634_138420report.log 2019-11-30 16:52:48  loga.py  writeLog [line:134] INFO 行号:53   PASS   左键单击[click]  用时:0.076s  
20191130_16_52_24_990634_138420report.log 2019-11-30 16:52:49  loga.py  writeLog [line:134] INFO 行号:54   PASS   查找元素[find_element]  用时:0.011s  
20191130_16_52_24_990634_138420report.log 2019-11-30 16:52:50  loga.py  writeLog [line:134] INFO 行号:54   PASS   左键单击[click]  用时:0.116s  
20191130_16_52_24_990634_138420report.log 2019-11-30 16:52:51  loga.py  writeLog [line:134] INFO 行号:56   PASS   查找元素[find_element]  用时:0.012s  
20191130_16_52_24_990634_138420report.log 2019-11-30 16:52:52  loga.py  writeLog [line:134] INFO 行号:56   PASS   左键单击[click]  用时:0.440s  
20191130_16_52_24_990634_138420report.log 2019-11-30 16:52:53  loga.py  putSystemLog [line:74] INFO 脚本运行完毕...
20191130_16_52_24_990634_138420report.log 2019-11-30 16:52:53  loga.py  putSystemLog [line:74] INFO 开始运行脚本<class 'script.testCase.Y3me项目.数字化建模.财务报表.报表设计.EasyCase'>
20191130_16_52_24_990634_138420report.log 2019-11-30 16:52:53  loga.py  writeLog [line:134] INFO 行号:25   PASS   刷新页面[refresh]  用时:0.009s  
20191130_16_52_24_990634_138420report.log 2019-11-30 16:52:54  loga.py  writeLog [line:134] INFO 行号:27   PASS   查找元素[find_element]  用时:0.008s  
20191130_16_52_24_990634_138420report.log 2019-11-30 16:52:54  loga.py  writeLog [line:134] INFO 行号:27   PASS   左键单击[click]  用时:0.069s  
20191130_16_52_24_990634_138420report.log 2019-11-30 16:52:56  loga.py  writeLog [line:134] INFO 行号:30   PASS   查找元素[find_element]  用时:0.009s  
20191130_16_52_24_990634_138420report.log 2019-11-30 16:52:57  loga.py  writeLog [line:134] INFO 行号:30   PASS   左键单击[click]  用时:0.047s  
20191130_16_52_24_990634_138420report.log 2019-11-30 16:52:59  loga.py  writeLog [line:134] INFO 行号:33   PASS   查找元素[find_element]  用时:0.010s  
20191130_16_52_24_990634_138420report.log 2019-11-30 16:53:01  loga.py  writeLog [line:134] INFO 行号:40   PASS   查找元素[find_element]  用时:0.009s  
20191130_16_52_24_990634_138420report.log 2019-11-30 16:53:06  loga.py  writeLog [line:134] INFO 行号:47   PASS   查找元素[find_element]  用时:0.010s  
20191130_16_52_24_990634_138420report.log 2019-11-30 16:53:09  loga.py  writeLog [line:134] INFO 行号:51   PASS   查找元素[find_element]  用时:0.009s  
20191130_16_52_24_990634_138420report.log 2019-11-30 16:53:09  loga.py  writeLog [line:134] INFO 行号:52   PASS   切换到表单[frame]  用时:0.015s  
20191130_16_52_24_990634_138420report.log 2019-11-30 16:53:11  loga.py  writeLog [line:134] INFO 行号:55   PASS   查找元素[find_element]  用时:0.624s  
20191130_16_52_24_990634_138420report.log 2019-11-30 16:53:11  loga.py  writeLog [line:134] INFO 行号:55   PASS   左键单击[click]  用时:0.213s  
20191130_16_52_24_990634_138420report.log 2019-11-30 16:53:12  loga.py  writeLog [line:134] INFO 行号:62   PASS   查找元素[find_element]  用时:0.009s  
20191130_16_52_24_990634_138420report.log 2019-11-30 16:53:13  loga.py  writeLog [line:134] INFO 行号:63   PASS   查找元素[find_element]  用时:0.007s  
20191130_16_52_24_990634_138420report.log 2019-11-30 16:53:14  loga.py  writeLog [line:134] INFO 行号:64   PASS   模拟输入[send_keys]  用时:0.152s  
20191130_16_52_24_990634_138420report.log 2019-11-30 16:53:15  loga.py  writeLog [line:134] INFO 行号:70   PASS   查找元素[find_element]  用时:0.022s  
20191130_16_52_24_990634_138420report.log 2019-11-30 16:53:15  loga.py  writeLog [line:134] INFO 行号:72   PASS   查找元素[find_element]  用时:0.008s  
20191130_16_52_24_990634_138420report.log 2019-11-30 16:53:16  loga.py  writeLog [line:134] INFO 行号:72   PASS   左键单击[click]  用时:0.077s  
20191130_16_52_24_990634_138420report.log 2019-11-30 16:53:17  loga.py  writeLog [line:134] INFO 行号:77   PASS   查找元素[find_element]  用时:0.009s  
20191130_16_52_24_990634_138420report.log 2019-11-30 16:53:17  loga.py  writeLog [line:134] INFO 行号:79   PASS   查找元素[find_element]  用时:0.007s  
20191130_16_52_24_990634_138420report.log 2019-11-30 16:53:18  loga.py  writeLog [line:134] INFO 行号:79   PASS   左键单击[click]  用时:0.067s  
20191130_16_52_24_990634_138420report.log 2019-11-30 16:53:19  loga.py  writeLog [line:134] INFO 行号:85   PASS   查找元素[find_element]  用时:0.009s  
20191130_16_52_24_990634_138420report.log 2019-11-30 16:53:19  loga.py  writeLog [line:134] INFO 行号:87   PASS   查找元素[find_element]  用时:0.006s  
20191130_16_52_24_990634_138420report.log 2019-11-30 16:53:20  loga.py  writeLog [line:134] INFO 行号:87   PASS   左键单击[click]  用时:0.059s  
20191130_16_52_24_990634_138420report.log 2019-11-30 16:53:21  loga.py  writeLog [line:134] INFO 行号:92   PASS   查找元素[find_element]  用时:0.006s  
20191130_16_52_24_990634_138420report.log 2019-11-30 16:53:21  loga.py  writeLog [line:134] INFO 行号:94   PASS   查找元素[find_element]  用时:0.007s  
20191130_16_52_24_990634_138420report.log 2019-11-30 16:53:22  loga.py  writeLog [line:134] INFO 行号:94   PASS   左键单击[click]  用时:0.064s  
20191130_16_52_24_990634_138420report.log 2019-11-30 16:53:23  loga.py  writeLog [line:134] INFO 行号:100  PASS   查找元素[find_element]  用时:0.009s  
20191130_16_52_24_990634_138420report.log 2019-11-30 16:53:23  loga.py  writeLog [line:134] INFO 行号:102  PASS   查找元素[find_element]  用时:0.006s  
20191130_16_52_24_990634_138420report.log 2019-11-30 16:53:24  loga.py  writeLog [line:134] INFO 行号:102  PASS   左键单击[click]  用时:0.058s  
20191130_16_52_24_990634_138420report.log 2019-11-30 16:53:25  loga.py  writeLog [line:134] INFO 行号:107  PASS   查找元素[find_element]  用时:0.007s  
20191130_16_52_24_990634_138420report.log 2019-11-30 16:53:26  loga.py  writeLog [line:134] INFO 行号:109  PASS   查找元素[find_element]  用时:0.008s  
20191130_16_52_24_990634_138420report.log 2019-11-30 16:53:26  loga.py  writeLog [line:134] INFO 行号:109  PASS   左键单击[click]  用时:0.068s  
20191130_16_52_24_990634_138420report.log 2019-11-30 16:53:27  loga.py  writeLog [line:134] INFO 行号:114  PASS   查找元素[find_element]  用时:0.011s  
20191130_16_52_24_990634_138420report.log 2019-11-30 16:53:28  loga.py  writeLog [line:134] INFO 行号:115  PASS   查找元素[find_element]  用时:0.005s  
20191130_16_52_24_990634_138420report.log 2019-11-30 16:53:28  loga.py  writeLog [line:134] INFO 行号:115  PASS   左键单击[click]  用时:0.071s  
20191130_16_52_24_990634_138420report.log 2019-11-30 16:53:29  loga.py  writeLog [line:134] INFO 行号:120  PASS   查找元素[find_element]  用时:0.010s  
20191130_16_52_24_990634_138420report.log 2019-11-30 16:53:30  loga.py  writeLog [line:134] INFO 行号:121  PASS   查找元素[find_element]  用时:0.006s  
20191130_16_52_24_990634_138420report.log 2019-11-30 16:53:30  loga.py  writeLog [line:134] INFO 行号:121  PASS   左键单击[click]  用时:0.078s  
20191130_16_52_24_990634_138420report.log 2019-11-30 16:53:31  loga.py  writeLog [line:134] INFO 行号:123  TRUE   断言：包含[assertIn] 用时:0.000s TRUE.
20191130_16_52_24_990634_138420report.log 2019-11-30 16:53:31  loga.py  writeLog [line:134] INFO 行号:126  PASS   查找元素[find_element]  用时:0.008s  
20191130_16_52_24_990634_138420report.log 2019-11-30 16:53:32  loga.py  writeLog [line:134] INFO 行号:126  PASS   左键单击[click]  用时:0.054s  
20191130_16_52_24_990634_138420report.log 2019-11-30 16:53:34  loga.py  writeLog [line:134] INFO 行号:128  PASS   查找元素[find_element]  用时:0.015s  
20191130_16_52_24_990634_138420report.log 2019-11-30 16:53:35  loga.py  writeLog [line:134] INFO 行号:128  PASS   左键单击[click]  用时:0.056s  
20191130_16_52_24_990634_138420report.log 2019-11-30 16:53:36  loga.py  putSystemLog [line:74] INFO 脚本运行完毕...
20191130_16_52_24_990634_138420report.log 2019-11-30 16:53:36  loga.py  putSystemLog [line:74] INFO 开始运行脚本<class 'script.testCase.U8EX项目.公共.U8EX登出.EasyCase'>
20191130_16_52_24_990634_138420report.log 2019-11-30 16:53:36  loga.py  writeLog [line:134] INFO 行号:24   PASS   刷新页面[refresh]  用时:0.015s  
20191130_16_52_24_990634_138420report.log 2019-11-30 16:53:38  loga.py  writeLog [line:134] INFO 行号:26   PASS   查找元素[find_element]  用时:0.009s  
20191130_16_52_24_990634_138420report.log 2019-11-30 16:53:38  loga.py  writeLog [line:134] INFO 行号:26   PASS   左键单击[click]  用时:0.046s  
20191130_16_52_24_990634_138420report.log 2019-11-30 16:53:39  loga.py  writeLog [line:134] INFO 行号:27   PASS   查找元素[find_element]  用时:0.012s  
20191130_16_52_24_990634_138420report.log 2019-11-30 16:53:40  loga.py  writeLog [line:134] INFO 行号:27   PASS   左键单击[click]  用时:0.497s  
20191130_16_52_24_990634_138420report.log 2019-11-30 16:53:41  loga.py  putSystemLog [line:74] INFO 脚本运行完毕...
20191130_16_52_24_990634_138420report.log 2019-11-30 16:53:42  loga.py  writeLog [line:134] INFO 行号:0    PASS   关闭浏览器[quit]  用时:0.474s  
20191130_16_52_24_990634_138420report.log 2019-11-30 16:53:45  loga.py  putSystemLog [line:74] INFO 场景<1>结束.用时:80.026s.
20191130_16_52_24_990634_138420report.log 2019-11-30 16:53:45  loga.py  putSystemLog [line:74] INFO 场景统计结果：PASS: 76(100.00%),FAIL:  0(0.00%),ERROR:  0(0.00%),TRUE:  1,FALSE:  0

20191130_16_52_24_990634_138420report.log 2019-11-30 16:53:45  loga.py  putSystemLog [line:74] INFO ----------------------------------------
20191130_16_52_24_990634_138420report.log 2019-11-30 16:53:45  loga.py  putSystemLog [line:74] INFO End.
20191130_16_52_24_990634_138420report.log 2019-11-30 16:53:45  loga.py  putSystemLog [line:74] INFO 测试方案统计结果:
                    场景<1>:PASS: 76(100.00%),FAIL:  0(0.00%),ERROR:  0(0.00%),TRUE:  1,FALSE:  0
                    总   计:PASS: 76(100.00%),FAIL:  0(0.00%),ERROR:  0(0.00%),TRUE:  1,FALSE:  0

