20191130_11_03_29_281630_131020report.log 2019-11-30 11:03:29  loga.py  putSystemLog [line:74] INFO Start.
20191130_11_03_29_281630_131020report.log 2019-11-30 11:03:29  loga.py  putSystemLog [line:74] INFO 场景<1>开始.
20191130_11_03_29_281630_131020report.log 2019-11-30 11:03:33  loga.py  writeLog [line:134] INFO 行号:0    PASS   最大化浏览器窗口[maximize_window]  用时:1.113s  
20191130_11_03_29_281630_131020report.log 2019-11-30 11:03:34  loga.py  putSystemLog [line:74] INFO chrome浏览器启动成功.
20191130_11_03_29_281630_131020report.log 2019-11-30 11:03:34  loga.py  putSystemLog [line:74] INFO 开始加载脚本...
20191130_11_03_29_281630_131020report.log 2019-11-30 11:03:34  loga.py  putSystemLog [line:74] INFO 脚本<1>：U8EX登录 加载成功.脚本路径：script/testCase/U8EX项目/公共/U8EX登录
20191130_11_03_29_281630_131020report.log 2019-11-30 11:03:34  loga.py  putSystemLog [line:74] INFO 脚本<2>：现金流量拆分模板 加载成功.脚本路径：script/testCase/Y3me项目/数字化建模/总账/现金流量拆分模板
20191130_11_03_29_281630_131020report.log 2019-11-30 11:03:34  loga.py  putSystemLog [line:74] INFO 脚本<3>：U8EX登出 加载成功.脚本路径：script/testCase/U8EX项目/公共/U8EX登出
20191130_11_03_29_281630_131020report.log 2019-11-30 11:03:34  loga.py  putSystemLog [line:74] INFO 脚本加载完成...
20191130_11_03_29_281630_131020report.log 2019-11-30 11:03:34  loga.py  putSystemLog [line:74] INFO 开始运行脚本<class 'script.testCase.U8EX项目.公共.U8EX登录.EasyCase'>
20191130_11_03_29_281630_131020report.log 2019-11-30 11:03:35  loga.py  writeLog [line:134] INFO 行号:27   PASS   访问页面[get]  用时:1.400s  
20191130_11_03_29_281630_131020report.log 2019-11-30 11:03:36  loga.py  writeLog [line:134] INFO 行号:29   PASS   查找元素[find_element]  用时:0.013s  
20191130_11_03_29_281630_131020report.log 2019-11-30 11:03:37  loga.py  writeLog [line:134] INFO 行号:30   PASS   查找元素[find_element]  用时:0.007s  
20191130_11_03_29_281630_131020report.log 2019-11-30 11:03:37  loga.py  writeLog [line:134] INFO 行号:30   PASS   左键单击[click]  用时:0.073s  
20191130_11_03_29_281630_131020report.log 2019-11-30 11:03:38  loga.py  writeLog [line:134] INFO 行号:34   PASS   查找元素[find_element]  用时:0.024s  
20191130_11_03_29_281630_131020report.log 2019-11-30 11:03:39  loga.py  writeLog [line:134] INFO 行号:35   PASS   查找元素[find_element]  用时:0.011s  
20191130_11_03_29_281630_131020report.log 2019-11-30 11:03:40  loga.py  writeLog [line:134] INFO 行号:36   PASS   切换到表单[frame]  用时:0.020s  
20191130_11_03_29_281630_131020report.log 2019-11-30 11:03:42  loga.py  writeLog [line:134] INFO 行号:39   PASS   查找元素[find_element]  用时:0.011s  
20191130_11_03_29_281630_131020report.log 2019-11-30 11:03:42  loga.py  writeLog [line:134] INFO 行号:40   PASS   查找元素[find_element]  用时:0.006s  
20191130_11_03_29_281630_131020report.log 2019-11-30 11:03:43  loga.py  writeLog [line:134] INFO 行号:40   PASS   清除文本[clear]  用时:0.019s  
20191130_11_03_29_281630_131020report.log 2019-11-30 11:03:44  loga.py  writeLog [line:134] INFO 行号:41   PASS   查找元素[find_element]  用时:0.006s  
20191130_11_03_29_281630_131020report.log 2019-11-30 11:03:44  loga.py  writeLog [line:134] INFO 行号:41   PASS   模拟输入[send_keys]  用时:0.070s  
20191130_11_03_29_281630_131020report.log 2019-11-30 11:03:45  loga.py  writeLog [line:134] INFO 行号:42   PASS   查找元素[find_element]  用时:0.009s  
20191130_11_03_29_281630_131020report.log 2019-11-30 11:03:46  loga.py  writeLog [line:134] INFO 行号:42   PASS   清除文本[clear]  用时:0.019s  
20191130_11_03_29_281630_131020report.log 2019-11-30 11:03:47  loga.py  writeLog [line:134] INFO 行号:43   PASS   查找元素[find_element]  用时:0.006s  
20191130_11_03_29_281630_131020report.log 2019-11-30 11:03:47  loga.py  writeLog [line:134] INFO 行号:43   PASS   模拟输入[send_keys]  用时:0.047s  
20191130_11_03_29_281630_131020report.log 2019-11-30 11:03:48  loga.py  writeLog [line:134] INFO 行号:45   PASS   查找元素[find_element]  用时:0.009s  
20191130_11_03_29_281630_131020report.log 2019-11-30 11:03:49  loga.py  writeLog [line:134] INFO 行号:46   PASS   查找元素[find_element]  用时:0.007s  
20191130_11_03_29_281630_131020report.log 2019-11-30 11:03:49  loga.py  writeLog [line:134] INFO 行号:46   PASS   左键单击[click]  用时:0.081s  
20191130_11_03_29_281630_131020report.log 2019-11-30 11:03:50  loga.py  writeLog [line:134] INFO 行号:52   PASS   查找元素[find_element]  用时:0.012s  
20191130_11_03_29_281630_131020report.log 2019-11-30 11:03:51  loga.py  writeLog [line:134] INFO 行号:53   PASS   查找元素[find_element]  用时:0.008s  
20191130_11_03_29_281630_131020report.log 2019-11-30 11:03:51  loga.py  writeLog [line:134] INFO 行号:53   PASS   左键单击[click]  用时:0.081s  
20191130_11_03_29_281630_131020report.log 2019-11-30 11:03:53  loga.py  writeLog [line:134] INFO 行号:54   PASS   查找元素[find_element]  用时:0.011s  
20191130_11_03_29_281630_131020report.log 2019-11-30 11:03:53  loga.py  writeLog [line:134] INFO 行号:54   PASS   左键单击[click]  用时:0.127s  
20191130_11_03_29_281630_131020report.log 2019-11-30 11:03:54  loga.py  writeLog [line:134] INFO 行号:56   PASS   查找元素[find_element]  用时:0.011s  
20191130_11_03_29_281630_131020report.log 2019-11-30 11:04:00  loga.py  writeLog [line:134] INFO 行号:56   PASS   左键单击[click]  用时:5.506s  
20191130_11_03_29_281630_131020report.log 2019-11-30 11:04:01  loga.py  putSystemLog [line:74] INFO 脚本运行完毕...
20191130_11_03_29_281630_131020report.log 2019-11-30 11:04:01  loga.py  putSystemLog [line:74] INFO 开始运行脚本<class 'script.testCase.Y3me项目.数字化建模.总账.现金流量拆分模板.EasyCase'>
20191130_11_03_29_281630_131020report.log 2019-11-30 11:04:01  loga.py  writeLog [line:134] INFO 行号:25   PASS   刷新页面[refresh]  用时:0.298s  
20191130_11_03_29_281630_131020report.log 2019-11-30 11:04:02  loga.py  writeLog [line:134] INFO 行号:28   PASS   查找元素[find_element]  用时:0.012s  
20191130_11_03_29_281630_131020report.log 2019-11-30 11:04:03  loga.py  writeLog [line:134] INFO 行号:29   PASS   查找元素[find_element]  用时:0.006s  
20191130_11_03_29_281630_131020report.log 2019-11-30 11:04:09  loga.py  writeLog [line:134] INFO 行号:29   PASS   左键单击[click]  用时:5.080s  
20191130_11_03_29_281630_131020report.log 2019-11-30 11:04:10  loga.py  writeLog [line:134] INFO 行号:32   PASS   查找元素[find_element]  用时:0.009s  
20191130_11_03_29_281630_131020report.log 2019-11-30 11:04:10  loga.py  writeLog [line:134] INFO 行号:33   PASS   查找元素[find_element]  用时:0.006s  
20191130_11_03_29_281630_131020report.log 2019-11-30 11:04:16  loga.py  writeLog [line:134] INFO 行号:33   PASS   左键单击[click]  用时:5.052s  
20191130_11_03_29_281630_131020report.log 2019-11-30 11:04:17  loga.py  writeLog [line:134] INFO 行号:35   PASS   查找元素[find_element]  用时:0.010s  
20191130_11_03_29_281630_131020report.log 2019-11-30 11:04:17  loga.py  writeLog [line:134] INFO 行号:37   PASS   查找元素[find_element]  用时:0.007s  
20191130_11_03_29_281630_131020report.log 2019-11-30 11:04:29  loga.py  writeLog [line:134] INFO 行号:43   PASS   查找元素[find_element]  用时:0.008s  
20191130_11_03_29_281630_131020report.log 2019-11-30 11:04:29  loga.py  writeLog [line:134] INFO 行号:45   PASS   查找元素[find_element]  用时:0.006s  
20191130_11_03_29_281630_131020report.log 2019-11-30 11:04:52  loga.py  writeLog [line:134] INFO 行号:52   PASS   查找元素[find_element]  用时:0.068s  
20191130_11_03_29_281630_131020report.log 2019-11-30 11:04:52  loga.py  writeLog [line:134] INFO 行号:54   PASS   查找元素[find_element]  用时:0.008s  
20191130_11_03_29_281630_131020report.log 2019-11-30 11:04:53  loga.py  writeLog [line:134] INFO 行号:57   PASS   查找元素[find_element]  用时:0.011s  
20191130_11_03_29_281630_131020report.log 2019-11-30 11:04:53  loga.py  writeLog [line:134] INFO 行号:58   PASS   查找元素[find_element]  用时:0.007s  
20191130_11_03_29_281630_131020report.log 2019-11-30 11:04:54  loga.py  writeLog [line:134] INFO 行号:59   PASS   切换到表单[frame]  用时:0.015s  
20191130_11_03_29_281630_131020report.log 2019-11-30 11:04:58  loga.py  writeLog [line:134] INFO 行号:63   PASS   查找元素[find_element]  用时:2.641s  
20191130_11_03_29_281630_131020report.log 2019-11-30 11:04:58  loga.py  writeLog [line:134] INFO 行号:64   PASS   查找元素[find_element]  用时:0.008s  
20191130_11_03_29_281630_131020report.log 2019-11-30 11:05:04  loga.py  writeLog [line:134] INFO 行号:64   PASS   左键单击[click]  用时:5.171s  
20191130_11_03_29_281630_131020report.log 2019-11-30 11:05:05  loga.py  writeLog [line:134] INFO 行号:70   PASS   查找元素[find_element]  用时:0.012s  
20191130_11_03_29_281630_131020report.log 2019-11-30 11:05:05  loga.py  writeLog [line:134] INFO 行号:71   PASS   查找元素[find_element]  用时:0.005s  
20191130_11_03_29_281630_131020report.log 2019-11-30 11:05:06  loga.py  writeLog [line:134] INFO 行号:71   PASS   模拟输入[send_keys]  用时:0.307s  
20191130_11_03_29_281630_131020report.log 2019-11-30 11:05:07  loga.py  writeLog [line:134] INFO 行号:77   PASS   查找元素[find_element]  用时:0.011s  
20191130_11_03_29_281630_131020report.log 2019-11-30 11:05:08  loga.py  writeLog [line:134] INFO 行号:78   PASS   查找元素[find_element]  用时:0.007s  
20191130_11_03_29_281630_131020report.log 2019-11-30 11:05:08  loga.py  writeLog [line:134] INFO 行号:78   PASS   模拟输入[send_keys]  用时:0.254s  
20191130_11_03_29_281630_131020report.log 2019-11-30 11:05:09  loga.py  writeLog [line:134] INFO 行号:82   PASS   查找元素[find_element]  用时:0.009s  
20191130_11_03_29_281630_131020report.log 2019-11-30 11:05:10  loga.py  writeLog [line:134] INFO 行号:84   PASS   查找元素[find_element]  用时:0.008s  
20191130_11_03_29_281630_131020report.log 2019-11-30 11:05:11  loga.py  writeLog [line:134] INFO 行号:84   PASS   模拟输入[send_keys]  用时:0.138s  
20191130_11_03_29_281630_131020report.log 2019-11-30 11:05:12  loga.py  writeLog [line:134] INFO 行号:90   PASS   查找元素[find_element]  用时:0.009s  
20191130_11_03_29_281630_131020report.log 2019-11-30 11:05:12  loga.py  writeLog [line:134] INFO 行号:92   PASS   查找元素[find_element]  用时:0.006s  
20191130_11_03_29_281630_131020report.log 2019-11-30 11:05:18  loga.py  writeLog [line:134] INFO 行号:92   PASS   左键单击[click]  用时:5.096s  
20191130_11_03_29_281630_131020report.log 2019-11-30 11:05:19  loga.py  writeLog [line:134] INFO 行号:97   PASS   查找元素[find_element]  用时:0.011s  
20191130_11_03_29_281630_131020report.log 2019-11-30 11:05:19  loga.py  writeLog [line:134] INFO 行号:99   PASS   查找元素[find_element]  用时:0.006s  
20191130_11_03_29_281630_131020report.log 2019-11-30 11:05:25  loga.py  writeLog [line:134] INFO 行号:99   PASS   左键单击[click]  用时:5.113s  
20191130_11_03_29_281630_131020report.log 2019-11-30 11:05:26  loga.py  writeLog [line:134] INFO 行号:103  PASS   查找元素[find_element]  用时:0.009s  
20191130_11_03_29_281630_131020report.log 2019-11-30 11:05:26  loga.py  writeLog [line:134] INFO 行号:104  PASS   查找元素[find_element]  用时:0.007s  
20191130_11_03_29_281630_131020report.log 2019-11-30 11:05:27  loga.py  writeLog [line:134] INFO 行号:104  PASS   模拟输入[send_keys]  用时:0.359s  
20191130_11_03_29_281630_131020report.log 2019-11-30 11:05:28  loga.py  writeLog [line:134] INFO 行号:109  PASS   查找元素[find_element]  用时:0.011s  
20191130_11_03_29_281630_131020report.log 2019-11-30 11:05:29  loga.py  writeLog [line:134] INFO 行号:111  PASS   查找元素[find_element]  用时:0.007s  
20191130_11_03_29_281630_131020report.log 2019-11-30 11:05:34  loga.py  writeLog [line:134] INFO 行号:111  PASS   左键单击[click]  用时:5.063s  
20191130_11_03_29_281630_131020report.log 2019-11-30 11:05:35  loga.py  writeLog [line:134] INFO 行号:116  PASS   查找元素[find_element]  用时:0.006s  
20191130_11_03_29_281630_131020report.log 2019-11-30 11:05:36  loga.py  writeLog [line:134] INFO 行号:118  PASS   查找元素[find_element]  用时:0.006s  
20191130_11_03_29_281630_131020report.log 2019-11-30 11:05:41  loga.py  writeLog [line:134] INFO 行号:118  PASS   左键单击[click]  用时:5.094s  
20191130_11_03_29_281630_131020report.log 2019-11-30 11:05:42  loga.py  writeLog [line:134] INFO 行号:121  PASS   查找元素[find_element]  用时:0.014s  
20191130_11_03_29_281630_131020report.log 2019-11-30 11:05:43  loga.py  writeLog [line:134] INFO 行号:122  PASS   查找元素[find_element]  用时:0.006s  
20191130_11_03_29_281630_131020report.log 2019-11-30 11:05:44  loga.py  writeLog [line:134] INFO 行号:122  PASS   左键单击[click]  用时:0.120s  
20191130_11_03_29_281630_131020report.log 2019-11-30 11:05:45  loga.py  writeLog [line:134] INFO 行号:123  TRUE   断言：包含[assertIn] 用时:0.000s TRUE.
20191130_11_03_29_281630_131020report.log 2019-11-30 11:05:45  loga.py  writeLog [line:134] INFO 行号:127  PASS   查找元素[find_element]  用时:0.010s  
20191130_11_03_29_281630_131020report.log 2019-11-30 11:05:45  loga.py  writeLog [line:134] INFO 行号:130  PASS   查找元素[find_element]  用时:0.008s  
20191130_11_03_29_281630_131020report.log 2019-11-30 11:05:46  loga.py  writeLog [line:134] INFO 行号:134  PASS   查找元素[find_element]  用时:0.016s  
20191130_11_03_29_281630_131020report.log 2019-11-30 11:05:47  loga.py  writeLog [line:134] INFO 行号:134  PASS   左键单击[click]  用时:0.066s  
20191130_11_03_29_281630_131020report.log 2019-11-30 11:05:48  loga.py  writeLog [line:134] INFO 行号:137  PASS   查找元素[find_element]  用时:0.006s  
20191130_11_03_29_281630_131020report.log 2019-11-30 11:05:48  loga.py  writeLog [line:134] INFO 行号:138  PASS   查找元素[find_element]  用时:0.007s  
20191130_11_03_29_281630_131020report.log 2019-11-30 11:05:49  loga.py  writeLog [line:134] INFO 行号:138  PASS   左键单击[click]  用时:0.104s  
20191130_11_03_29_281630_131020report.log 2019-11-30 11:05:50  loga.py  writeLog [line:134] INFO 行号:142  PASS   查找元素[find_element]  用时:0.006s  
20191130_11_03_29_281630_131020report.log 2019-11-30 11:05:50  loga.py  writeLog [line:134] INFO 行号:145  PASS   查找元素[find_element]  用时:0.005s  
20191130_11_03_29_281630_131020report.log 2019-11-30 11:05:51  loga.py  writeLog [line:134] INFO 行号:149  PASS   查找元素[find_element]  用时:0.009s  
20191130_11_03_29_281630_131020report.log 2019-11-30 11:05:52  loga.py  writeLog [line:134] INFO 行号:149  PASS   左键单击[click]  用时:0.082s  
20191130_11_03_29_281630_131020report.log 2019-11-30 11:05:53  loga.py  writeLog [line:134] INFO 行号:153  PASS   查找元素[find_element]  用时:0.010s  
20191130_11_03_29_281630_131020report.log 2019-11-30 11:05:54  loga.py  writeLog [line:134] INFO 行号:154  PASS   查找元素[find_element]  用时:0.006s  
20191130_11_03_29_281630_131020report.log 2019-11-30 11:05:54  loga.py  writeLog [line:134] INFO 行号:154  PASS   左键单击[click]  用时:0.069s  
20191130_11_03_29_281630_131020report.log 2019-11-30 11:05:55  loga.py  writeLog [line:134] INFO 行号:157  PASS   查找元素[find_element]  用时:0.010s  
20191130_11_03_29_281630_131020report.log 2019-11-30 11:05:56  loga.py  writeLog [line:134] INFO 行号:157  PASS   左键单击[click]  用时:0.057s  
20191130_11_03_29_281630_131020report.log 2019-11-30 11:05:57  loga.py  writeLog [line:134] INFO 行号:159  PASS   查找元素[find_element]  用时:0.010s  
20191130_11_03_29_281630_131020report.log 2019-11-30 11:05:57  loga.py  writeLog [line:134] INFO 行号:160  PASS   查找元素[find_element]  用时:0.005s  
20191130_11_03_29_281630_131020report.log 2019-11-30 11:05:58  loga.py  writeLog [line:134] INFO 行号:160  PASS   左键单击[click]  用时:0.044s  
20191130_11_03_29_281630_131020report.log 2019-11-30 11:05:59  loga.py  putSystemLog [line:74] INFO 脚本运行完毕...
20191130_11_03_29_281630_131020report.log 2019-11-30 11:05:59  loga.py  putSystemLog [line:74] INFO 开始运行脚本<class 'script.testCase.U8EX项目.公共.U8EX登出.EasyCase'>
20191130_11_03_29_281630_131020report.log 2019-11-30 11:05:59  loga.py  writeLog [line:134] INFO 行号:24   PASS   刷新页面[refresh]  用时:0.014s  
20191130_11_03_29_281630_131020report.log 2019-11-30 11:06:01  loga.py  writeLog [line:134] INFO 行号:26   PASS   查找元素[find_element]  用时:0.009s  
20191130_11_03_29_281630_131020report.log 2019-11-30 11:06:01  loga.py  writeLog [line:134] INFO 行号:26   PASS   左键单击[click]  用时:0.048s  
20191130_11_03_29_281630_131020report.log 2019-11-30 11:06:02  loga.py  writeLog [line:134] INFO 行号:27   PASS   查找元素[find_element]  用时:0.009s  
20191130_11_03_29_281630_131020report.log 2019-11-30 11:06:03  loga.py  writeLog [line:134] INFO 行号:27   PASS   左键单击[click]  用时:0.600s  
20191130_11_03_29_281630_131020report.log 2019-11-30 11:06:04  loga.py  putSystemLog [line:74] INFO 脚本运行完毕...
20191130_11_03_29_281630_131020report.log 2019-11-30 11:06:05  loga.py  writeLog [line:134] INFO 行号:0    PASS   关闭浏览器[quit]  用时:0.427s  
20191130_11_03_29_281630_131020report.log 2019-11-30 11:06:08  loga.py  putSystemLog [line:74] INFO 场景<1>结束.用时:159.081s.
20191130_11_03_29_281630_131020report.log 2019-11-30 11:06:08  loga.py  putSystemLog [line:74] INFO 场景统计结果：PASS: 98(100.00%),FAIL:  0(0.00%),ERROR:  0(0.00%),TRUE:  1,FALSE:  0

20191130_11_03_29_281630_131020report.log 2019-11-30 11:06:08  loga.py  putSystemLog [line:74] INFO ----------------------------------------
20191130_11_03_29_281630_131020report.log 2019-11-30 11:06:08  loga.py  putSystemLog [line:74] INFO End.
20191130_11_03_29_281630_131020report.log 2019-11-30 11:06:08  loga.py  putSystemLog [line:74] INFO 测试方案统计结果:
                    场景<1>:PASS: 98(100.00%),FAIL:  0(0.00%),ERROR:  0(0.00%),TRUE:  1,FALSE:  0
                    总   计:PASS: 98(100.00%),FAIL:  0(0.00%),ERROR:  0(0.00%),TRUE:  1,FALSE:  0

