20191130_09_33_05_976386_127172report.log 2019-11-30 09:33:05  loga.py  putSystemLog [line:74] INFO Start.
20191130_09_33_05_976386_127172report.log 2019-11-30 09:33:06  loga.py  putSystemLog [line:74] INFO 场景<1>开始.
20191130_09_33_05_976386_127172report.log 2019-11-30 09:33:10  loga.py  writeLog [line:134] INFO 行号:0    PASS   最大化浏览器窗口[maximize_window]  用时:1.121s  
20191130_09_33_05_976386_127172report.log 2019-11-30 09:33:11  loga.py  putSystemLog [line:74] INFO chrome浏览器启动成功.
20191130_09_33_05_976386_127172report.log 2019-11-30 09:33:11  loga.py  putSystemLog [line:74] INFO 开始加载脚本...
20191130_09_33_05_976386_127172report.log 2019-11-30 09:33:11  loga.py  putSystemLog [line:74] INFO 脚本<1>：U8EX登录 加载成功.脚本路径：script/testCase/U8EX项目/公共/U8EX登录
20191130_09_33_05_976386_127172report.log 2019-11-30 09:33:11  loga.py  putSystemLog [line:74] INFO 脚本<2>：现金流量项目 加载成功.脚本路径：script/testCase/Y3me项目/数字化建模/总账/现金流量项目
20191130_09_33_05_976386_127172report.log 2019-11-30 09:33:11  loga.py  putSystemLog [line:74] INFO 脚本<3>：U8EX登出 加载成功.脚本路径：script/testCase/U8EX项目/公共/U8EX登出
20191130_09_33_05_976386_127172report.log 2019-11-30 09:33:11  loga.py  putSystemLog [line:74] INFO 脚本加载完成...
20191130_09_33_05_976386_127172report.log 2019-11-30 09:33:11  loga.py  putSystemLog [line:74] INFO 开始运行脚本<class 'script.testCase.U8EX项目.公共.U8EX登录.EasyCase'>
20191130_09_33_05_976386_127172report.log 2019-11-30 09:33:13  loga.py  writeLog [line:134] INFO 行号:27   PASS   访问页面[get]  用时:1.783s  
20191130_09_33_05_976386_127172report.log 2019-11-30 09:33:14  loga.py  writeLog [line:134] INFO 行号:29   PASS   查找元素[find_element]  用时:0.011s  
20191130_09_33_05_976386_127172report.log 2019-11-30 09:33:15  loga.py  writeLog [line:134] INFO 行号:30   PASS   查找元素[find_element]  用时:0.006s  
20191130_09_33_05_976386_127172report.log 2019-11-30 09:33:15  loga.py  writeLog [line:134] INFO 行号:30   PASS   左键单击[click]  用时:0.054s  
20191130_09_33_05_976386_127172report.log 2019-11-30 09:33:16  loga.py  writeLog [line:134] INFO 行号:34   PASS   查找元素[find_element]  用时:0.009s  
20191130_09_33_05_976386_127172report.log 2019-11-30 09:33:17  loga.py  writeLog [line:134] INFO 行号:35   PASS   查找元素[find_element]  用时:0.006s  
20191130_09_33_05_976386_127172report.log 2019-11-30 09:33:17  loga.py  writeLog [line:134] INFO 行号:36   PASS   切换到表单[frame]  用时:0.016s  
20191130_09_33_05_976386_127172report.log 2019-11-30 09:33:19  loga.py  writeLog [line:134] INFO 行号:39   PASS   查找元素[find_element]  用时:0.012s  
20191130_09_33_05_976386_127172report.log 2019-11-30 09:33:20  loga.py  writeLog [line:134] INFO 行号:40   PASS   查找元素[find_element]  用时:0.006s  
20191130_09_33_05_976386_127172report.log 2019-11-30 09:33:20  loga.py  writeLog [line:134] INFO 行号:40   PASS   清除文本[clear]  用时:0.019s  
20191130_09_33_05_976386_127172report.log 2019-11-30 09:33:21  loga.py  writeLog [line:134] INFO 行号:41   PASS   查找元素[find_element]  用时:0.008s  
20191130_09_33_05_976386_127172report.log 2019-11-30 09:33:22  loga.py  writeLog [line:134] INFO 行号:41   PASS   模拟输入[send_keys]  用时:0.062s  
20191130_09_33_05_976386_127172report.log 2019-11-30 09:33:23  loga.py  writeLog [line:134] INFO 行号:42   PASS   查找元素[find_element]  用时:0.009s  
20191130_09_33_05_976386_127172report.log 2019-11-30 09:33:23  loga.py  writeLog [line:134] INFO 行号:42   PASS   清除文本[clear]  用时:0.018s  
20191130_09_33_05_976386_127172report.log 2019-11-30 09:33:24  loga.py  writeLog [line:134] INFO 行号:43   PASS   查找元素[find_element]  用时:0.006s  
20191130_09_33_05_976386_127172report.log 2019-11-30 09:33:25  loga.py  writeLog [line:134] INFO 行号:43   PASS   模拟输入[send_keys]  用时:0.068s  
20191130_09_33_05_976386_127172report.log 2019-11-30 09:33:26  loga.py  writeLog [line:134] INFO 行号:45   PASS   查找元素[find_element]  用时:0.009s  
20191130_09_33_05_976386_127172report.log 2019-11-30 09:33:26  loga.py  writeLog [line:134] INFO 行号:46   PASS   查找元素[find_element]  用时:0.006s  
20191130_09_33_05_976386_127172report.log 2019-11-30 09:33:27  loga.py  writeLog [line:134] INFO 行号:46   PASS   左键单击[click]  用时:0.094s  
20191130_09_33_05_976386_127172report.log 2019-11-30 09:33:28  loga.py  writeLog [line:134] INFO 行号:52   PASS   查找元素[find_element]  用时:0.068s  
20191130_09_33_05_976386_127172report.log 2019-11-30 09:33:29  loga.py  writeLog [line:134] INFO 行号:53   PASS   查找元素[find_element]  用时:0.007s  
20191130_09_33_05_976386_127172report.log 2019-11-30 09:33:29  loga.py  writeLog [line:134] INFO 行号:53   PASS   左键单击[click]  用时:0.074s  
20191130_09_33_05_976386_127172report.log 2019-11-30 09:33:30  loga.py  writeLog [line:134] INFO 行号:54   PASS   查找元素[find_element]  用时:0.011s  
20191130_09_33_05_976386_127172report.log 2019-11-30 09:33:31  loga.py  writeLog [line:134] INFO 行号:54   PASS   左键单击[click]  用时:0.114s  
20191130_09_33_05_976386_127172report.log 2019-11-30 09:33:32  loga.py  writeLog [line:134] INFO 行号:56   PASS   查找元素[find_element]  用时:0.011s  
20191130_09_33_05_976386_127172report.log 2019-11-30 09:33:33  loga.py  writeLog [line:134] INFO 行号:56   PASS   左键单击[click]  用时:0.463s  
20191130_09_33_05_976386_127172report.log 2019-11-30 09:33:34  loga.py  putSystemLog [line:74] INFO 脚本运行完毕...
20191130_09_33_05_976386_127172report.log 2019-11-30 09:33:34  loga.py  putSystemLog [line:74] INFO 开始运行脚本<class 'script.testCase.Y3me项目.数字化建模.总账.现金流量项目.EasyCase'>
20191130_09_33_05_976386_127172report.log 2019-11-30 09:33:34  loga.py  writeLog [line:134] INFO 行号:25   PASS   刷新页面[refresh]  用时:0.012s  
20191130_09_33_05_976386_127172report.log 2019-11-30 09:33:35  loga.py  writeLog [line:134] INFO 行号:28   PASS   查找元素[find_element]  用时:0.026s  
20191130_09_33_05_976386_127172report.log 2019-11-30 09:33:35  loga.py  writeLog [line:134] INFO 行号:29   PASS   查找元素[find_element]  用时:0.005s  
20191130_09_33_05_976386_127172report.log 2019-11-30 09:33:36  loga.py  writeLog [line:134] INFO 行号:29   PASS   左键单击[click]  用时:0.076s  
20191130_09_33_05_976386_127172report.log 2019-11-30 09:33:37  loga.py  writeLog [line:134] INFO 行号:33   PASS   查找元素[find_element]  用时:0.012s  
20191130_09_33_05_976386_127172report.log 2019-11-30 09:33:37  loga.py  writeLog [line:134] INFO 行号:34   PASS   查找元素[find_element]  用时:0.007s  
20191130_09_33_05_976386_127172report.log 2019-11-30 09:33:38  loga.py  writeLog [line:134] INFO 行号:34   PASS   左键单击[click]  用时:0.051s  
20191130_09_33_05_976386_127172report.log 2019-11-30 09:33:39  loga.py  writeLog [line:134] INFO 行号:36   PASS   查找元素[find_element]  用时:0.010s  
20191130_09_33_05_976386_127172report.log 2019-11-30 09:33:39  loga.py  writeLog [line:134] INFO 行号:38   PASS   查找元素[find_element]  用时:0.007s  
20191130_09_33_05_976386_127172report.log 2019-11-30 09:33:41  loga.py  writeLog [line:134] INFO 行号:44   PASS   查找元素[find_element]  用时:0.012s  
20191130_09_33_05_976386_127172report.log 2019-11-30 09:33:42  loga.py  writeLog [line:134] INFO 行号:46   PASS   查找元素[find_element]  用时:0.005s  
20191130_09_33_05_976386_127172report.log 2019-11-30 09:33:44  loga.py  writeLog [line:134] INFO 行号:53   PASS   查找元素[find_element]  用时:0.177s  
20191130_09_33_05_976386_127172report.log 2019-11-30 09:33:45  loga.py  writeLog [line:134] INFO 行号:55   PASS   查找元素[find_element]  用时:0.007s  
20191130_09_33_05_976386_127172report.log 2019-11-30 09:33:45  loga.py  writeLog [line:134] INFO 行号:58   PASS   查找元素[find_element]  用时:0.010s  
20191130_09_33_05_976386_127172report.log 2019-11-30 09:33:46  loga.py  writeLog [line:134] INFO 行号:59   PASS   查找元素[find_element]  用时:0.005s  
20191130_09_33_05_976386_127172report.log 2019-11-30 09:33:46  loga.py  writeLog [line:134] INFO 行号:60   PASS   切换到表单[frame]  用时:0.014s  
20191130_09_33_05_976386_127172report.log 2019-11-30 09:33:50  loga.py  writeLog [line:134] INFO 行号:64   PASS   查找元素[find_element]  用时:2.968s  
20191130_09_33_05_976386_127172report.log 2019-11-30 09:33:51  loga.py  writeLog [line:134] INFO 行号:66   PASS   查找元素[find_element]  用时:0.006s  
20191130_09_33_05_976386_127172report.log 2019-11-30 09:33:51  loga.py  writeLog [line:134] INFO 行号:66   PASS   左键单击[click]  用时:0.081s  
20191130_09_33_05_976386_127172report.log 2019-11-30 09:33:52  loga.py  writeLog [line:134] INFO 行号:69   PASS   查找元素[find_element]  用时:0.009s  
20191130_09_33_05_976386_127172report.log 2019-11-30 09:33:53  loga.py  writeLog [line:134] INFO 行号:70   PASS   查找元素[find_element]  用时:0.008s  
20191130_09_33_05_976386_127172report.log 2019-11-30 09:33:54  loga.py  writeLog [line:134] INFO 行号:70   PASS   左键单击[click]  用时:0.067s  
20191130_09_33_05_976386_127172report.log 2019-11-30 09:33:55  loga.py  writeLog [line:134] INFO 行号:74   PASS   查找元素[find_element]  用时:0.010s  
20191130_09_33_05_976386_127172report.log 2019-11-30 09:33:55  loga.py  writeLog [line:134] INFO 行号:76   PASS   查找元素[find_element]  用时:0.008s  
20191130_09_33_05_976386_127172report.log 2019-11-30 09:33:56  loga.py  writeLog [line:134] INFO 行号:76   PASS   左键单击[click]  用时:0.064s  
20191130_09_33_05_976386_127172report.log 2019-11-30 09:33:57  loga.py  writeLog [line:134] INFO 行号:79   PASS   查找元素[find_element]  用时:0.011s  
20191130_09_33_05_976386_127172report.log 2019-11-30 09:33:57  loga.py  writeLog [line:134] INFO 行号:80   PASS   查找元素[find_element]  用时:0.006s  
20191130_09_33_05_976386_127172report.log 2019-11-30 09:33:58  loga.py  writeLog [line:134] INFO 行号:80   PASS   左键单击[click]  用时:0.057s  
20191130_09_33_05_976386_127172report.log 2019-11-30 09:33:59  loga.py  writeLog [line:134] INFO 行号:82   PASS   查找元素[find_element]  用时:0.010s  
20191130_09_33_05_976386_127172report.log 2019-11-30 09:33:59  loga.py  writeLog [line:134] INFO 行号:83   PASS   查找元素[find_element]  用时:0.008s  
20191130_09_33_05_976386_127172report.log 2019-11-30 09:34:00  loga.py  writeLog [line:134] INFO 行号:83   PASS   左键单击[click]  用时:0.084s  
20191130_09_33_05_976386_127172report.log 2019-11-30 09:34:01  loga.py  writeLog [line:134] INFO 行号:88   PASS   查找元素[find_element]  用时:0.009s  
20191130_09_33_05_976386_127172report.log 2019-11-30 09:34:01  loga.py  writeLog [line:134] INFO 行号:89   PASS   查找元素[find_element]  用时:0.007s  
20191130_09_33_05_976386_127172report.log 2019-11-30 09:34:02  loga.py  writeLog [line:134] INFO 行号:89   PASS   模拟输入[send_keys]  用时:0.096s  
20191130_09_33_05_976386_127172report.log 2019-11-30 09:34:03  loga.py  writeLog [line:134] INFO 行号:95   PASS   查找元素[find_element]  用时:0.011s  
20191130_09_33_05_976386_127172report.log 2019-11-30 09:34:03  loga.py  writeLog [line:134] INFO 行号:96   PASS   查找元素[find_element]  用时:0.008s  
20191130_09_33_05_976386_127172report.log 2019-11-30 09:34:04  loga.py  writeLog [line:134] INFO 行号:96   PASS   模拟输入[send_keys]  用时:0.108s  
20191130_09_33_05_976386_127172report.log 2019-11-30 09:34:05  loga.py  writeLog [line:134] INFO 行号:100  PASS   查找元素[find_element]  用时:0.015s  
20191130_09_33_05_976386_127172report.log 2019-11-30 09:34:06  loga.py  writeLog [line:134] INFO 行号:101  PASS   查找元素[find_element]  用时:0.008s  
20191130_09_33_05_976386_127172report.log 2019-11-30 09:34:06  loga.py  writeLog [line:134] INFO 行号:101  PASS   左键单击[click]  用时:0.077s  
20191130_09_33_05_976386_127172report.log 2019-11-30 09:34:07  loga.py  writeLog [line:134] INFO 行号:104  TRUE   断言：包含[assertIn] 用时:0.000s TRUE.
20191130_09_33_05_976386_127172report.log 2019-11-30 09:34:07  loga.py  writeLog [line:134] INFO 行号:108  PASS   查找元素[find_element]  用时:0.012s  
20191130_09_33_05_976386_127172report.log 2019-11-30 09:34:08  loga.py  writeLog [line:134] INFO 行号:111  PASS   查找元素[find_element]  用时:0.015s  
20191130_09_33_05_976386_127172report.log 2019-11-30 09:34:09  loga.py  writeLog [line:134] INFO 行号:115  PASS   查找元素[find_element]  用时:0.010s  
20191130_09_33_05_976386_127172report.log 2019-11-30 09:34:09  loga.py  writeLog [line:134] INFO 行号:115  PASS   左键单击[click]  用时:0.078s  
20191130_09_33_05_976386_127172report.log 2019-11-30 09:34:10  loga.py  writeLog [line:134] INFO 行号:119  PASS   查找元素[find_element]  用时:0.019s  
20191130_09_33_05_976386_127172report.log 2019-11-30 09:34:11  loga.py  writeLog [line:134] INFO 行号:120  PASS   查找元素[find_element]  用时:0.006s  
20191130_09_33_05_976386_127172report.log 2019-11-30 09:34:12  loga.py  writeLog [line:134] INFO 行号:120  PASS   左键单击[click]  用时:0.066s  
20191130_09_33_05_976386_127172report.log 2019-11-30 09:34:13  loga.py  writeLog [line:134] INFO 行号:124  PASS   查找元素[find_element]  用时:0.007s  
20191130_09_33_05_976386_127172report.log 2019-11-30 09:34:13  loga.py  writeLog [line:134] INFO 行号:127  PASS   查找元素[find_element]  用时:0.006s  
20191130_09_33_05_976386_127172report.log 2019-11-30 09:34:14  loga.py  writeLog [line:134] INFO 行号:131  PASS   查找元素[find_element]  用时:0.010s  
20191130_09_33_05_976386_127172report.log 2019-11-30 09:34:15  loga.py  writeLog [line:134] INFO 行号:131  PASS   左键单击[click]  用时:0.064s  
20191130_09_33_05_976386_127172report.log 2019-11-30 09:34:16  loga.py  writeLog [line:134] INFO 行号:135  PASS   查找元素[find_element]  用时:0.017s  
20191130_09_33_05_976386_127172report.log 2019-11-30 09:34:16  loga.py  writeLog [line:134] INFO 行号:136  PASS   查找元素[find_element]  用时:0.008s  
20191130_09_33_05_976386_127172report.log 2019-11-30 09:34:17  loga.py  writeLog [line:134] INFO 行号:136  PASS   左键单击[click]  用时:0.073s  
20191130_09_33_05_976386_127172report.log 2019-11-30 09:34:18  loga.py  writeLog [line:134] INFO 行号:138  TRUE   断言：不包含[assertNotIn] 用时:0.000s TRUE.
20191130_09_33_05_976386_127172report.log 2019-11-30 09:34:18  loga.py  writeLog [line:134] INFO 行号:142  PASS   查找元素[find_element]  用时:0.012s  
20191130_09_33_05_976386_127172report.log 2019-11-30 09:34:18  loga.py  writeLog [line:134] INFO 行号:143  PASS   查找元素[find_element]  用时:0.006s  
20191130_09_33_05_976386_127172report.log 2019-11-30 09:34:19  loga.py  writeLog [line:134] INFO 行号:143  PASS   左键单击[click]  用时:0.058s  
20191130_09_33_05_976386_127172report.log 2019-11-30 09:34:20  loga.py  writeLog [line:134] INFO 行号:145  PASS   查找元素[find_element]  用时:0.010s  
20191130_09_33_05_976386_127172report.log 2019-11-30 09:34:20  loga.py  writeLog [line:134] INFO 行号:146  PASS   查找元素[find_element]  用时:0.006s  
20191130_09_33_05_976386_127172report.log 2019-11-30 09:34:21  loga.py  writeLog [line:134] INFO 行号:146  PASS   左键单击[click]  用时:0.052s  
20191130_09_33_05_976386_127172report.log 2019-11-30 09:34:22  loga.py  putSystemLog [line:74] INFO 脚本运行完毕...
20191130_09_33_05_976386_127172report.log 2019-11-30 09:34:22  loga.py  putSystemLog [line:74] INFO 开始运行脚本<class 'script.testCase.U8EX项目.公共.U8EX登出.EasyCase'>
20191130_09_33_05_976386_127172report.log 2019-11-30 09:34:22  loga.py  writeLog [line:134] INFO 行号:24   PASS   刷新页面[refresh]  用时:0.013s  
20191130_09_33_05_976386_127172report.log 2019-11-30 09:34:24  loga.py  writeLog [line:134] INFO 行号:26   PASS   查找元素[find_element]  用时:0.010s  
20191130_09_33_05_976386_127172report.log 2019-11-30 09:34:25  loga.py  writeLog [line:134] INFO 行号:26   PASS   左键单击[click]  用时:0.050s  
20191130_09_33_05_976386_127172report.log 2019-11-30 09:34:26  loga.py  writeLog [line:134] INFO 行号:27   PASS   查找元素[find_element]  用时:0.010s  
20191130_09_33_05_976386_127172report.log 2019-11-30 09:34:27  loga.py  writeLog [line:134] INFO 行号:27   PASS   左键单击[click]  用时:0.600s  
20191130_09_33_05_976386_127172report.log 2019-11-30 09:34:28  loga.py  putSystemLog [line:74] INFO 脚本运行完毕...
20191130_09_33_05_976386_127172report.log 2019-11-30 09:34:28  loga.py  writeLog [line:134] INFO 行号:0    PASS   关闭浏览器[quit]  用时:0.323s  
20191130_09_33_05_976386_127172report.log 2019-11-30 09:34:31  loga.py  putSystemLog [line:74] INFO 场景<1>结束.用时:85.439s.
20191130_09_33_05_976386_127172report.log 2019-11-30 09:34:31  loga.py  putSystemLog [line:74] INFO 场景统计结果：PASS: 93(100.00%),FAIL:  0(0.00%),ERROR:  0(0.00%),TRUE:  2,FALSE:  0

20191130_09_33_05_976386_127172report.log 2019-11-30 09:34:31  loga.py  putSystemLog [line:74] INFO ----------------------------------------
20191130_09_33_05_976386_127172report.log 2019-11-30 09:34:31  loga.py  putSystemLog [line:74] INFO End.
20191130_09_33_05_976386_127172report.log 2019-11-30 09:34:31  loga.py  putSystemLog [line:74] INFO 测试方案统计结果:
                    场景<1>:PASS: 93(100.00%),FAIL:  0(0.00%),ERROR:  0(0.00%),TRUE:  2,FALSE:  0
                    总   计:PASS: 93(100.00%),FAIL:  0(0.00%),ERROR:  0(0.00%),TRUE:  2,FALSE:  0

