20191130_10_52_36_520613_129676report.log 2019-11-30 10:52:36  loga.py  putSystemLog [line:74] INFO Start.
20191130_10_52_36_520613_129676report.log 2019-11-30 10:52:36  loga.py  putSystemLog [line:74] INFO 场景<1>开始.
20191130_10_52_36_520613_129676report.log 2019-11-30 10:52:41  loga.py  writeLog [line:134] INFO 行号:0    PASS   最大化浏览器窗口[maximize_window]  用时:1.117s  
20191130_10_52_36_520613_129676report.log 2019-11-30 10:52:42  loga.py  putSystemLog [line:74] INFO chrome浏览器启动成功.
20191130_10_52_36_520613_129676report.log 2019-11-30 10:52:42  loga.py  putSystemLog [line:74] INFO 开始加载脚本...
20191130_10_52_36_520613_129676report.log 2019-11-30 10:52:42  loga.py  putSystemLog [line:74] INFO 脚本<1>：U8EX登录 加载成功.脚本路径：script/testCase/U8EX项目/公共/U8EX登录
20191130_10_52_36_520613_129676report.log 2019-11-30 10:52:42  loga.py  putSystemLog [line:74] INFO 脚本<2>：现金流量拆分模板 加载成功.脚本路径：script/testCase/Y3me项目/数字化建模/总账/现金流量拆分模板
20191130_10_52_36_520613_129676report.log 2019-11-30 10:52:42  loga.py  putSystemLog [line:74] INFO 脚本<3>：U8EX登出 加载成功.脚本路径：script/testCase/U8EX项目/公共/U8EX登出
20191130_10_52_36_520613_129676report.log 2019-11-30 10:52:42  loga.py  putSystemLog [line:74] INFO 脚本加载完成...
20191130_10_52_36_520613_129676report.log 2019-11-30 10:52:42  loga.py  putSystemLog [line:74] INFO 开始运行脚本<class 'script.testCase.U8EX项目.公共.U8EX登录.EasyCase'>
20191130_10_52_36_520613_129676report.log 2019-11-30 10:52:46  loga.py  writeLog [line:134] INFO 行号:27   PASS   访问页面[get]  用时:3.783s  
20191130_10_52_36_520613_129676report.log 2019-11-30 10:52:47  loga.py  writeLog [line:134] INFO 行号:29   PASS   查找元素[find_element]  用时:0.033s  
20191130_10_52_36_520613_129676report.log 2019-11-30 10:52:47  loga.py  writeLog [line:134] INFO 行号:30   PASS   查找元素[find_element]  用时:0.007s  
20191130_10_52_36_520613_129676report.log 2019-11-30 10:52:48  loga.py  writeLog [line:134] INFO 行号:30   PASS   左键单击[click]  用时:0.060s  
20191130_10_52_36_520613_129676report.log 2019-11-30 10:52:49  loga.py  writeLog [line:134] INFO 行号:34   PASS   查找元素[find_element]  用时:0.010s  
20191130_10_52_36_520613_129676report.log 2019-11-30 10:52:49  loga.py  writeLog [line:134] INFO 行号:35   PASS   查找元素[find_element]  用时:0.007s  
20191130_10_52_36_520613_129676report.log 2019-11-30 10:52:50  loga.py  writeLog [line:134] INFO 行号:36   PASS   切换到表单[frame]  用时:0.017s  
20191130_10_52_36_520613_129676report.log 2019-11-30 10:52:52  loga.py  writeLog [line:134] INFO 行号:39   PASS   查找元素[find_element]  用时:0.010s  
20191130_10_52_36_520613_129676report.log 2019-11-30 10:52:52  loga.py  writeLog [line:134] INFO 行号:40   PASS   查找元素[find_element]  用时:0.006s  
20191130_10_52_36_520613_129676report.log 2019-11-30 10:52:53  loga.py  writeLog [line:134] INFO 行号:40   PASS   清除文本[clear]  用时:0.021s  
20191130_10_52_36_520613_129676report.log 2019-11-30 10:52:54  loga.py  writeLog [line:134] INFO 行号:41   PASS   查找元素[find_element]  用时:0.006s  
20191130_10_52_36_520613_129676report.log 2019-11-30 10:52:54  loga.py  writeLog [line:134] INFO 行号:41   PASS   模拟输入[send_keys]  用时:0.101s  
20191130_10_52_36_520613_129676report.log 2019-11-30 10:52:55  loga.py  writeLog [line:134] INFO 行号:42   PASS   查找元素[find_element]  用时:0.009s  
20191130_10_52_36_520613_129676report.log 2019-11-30 10:52:56  loga.py  writeLog [line:134] INFO 行号:42   PASS   清除文本[clear]  用时:0.022s  
20191130_10_52_36_520613_129676report.log 2019-11-30 10:52:57  loga.py  writeLog [line:134] INFO 行号:43   PASS   查找元素[find_element]  用时:0.008s  
20191130_10_52_36_520613_129676report.log 2019-11-30 10:52:58  loga.py  writeLog [line:134] INFO 行号:43   PASS   模拟输入[send_keys]  用时:0.066s  
20191130_10_52_36_520613_129676report.log 2019-11-30 10:52:59  loga.py  writeLog [line:134] INFO 行号:45   PASS   查找元素[find_element]  用时:0.010s  
20191130_10_52_36_520613_129676report.log 2019-11-30 10:52:59  loga.py  writeLog [line:134] INFO 行号:46   PASS   查找元素[find_element]  用时:0.005s  
20191130_10_52_36_520613_129676report.log 2019-11-30 10:53:00  loga.py  writeLog [line:134] INFO 行号:46   PASS   左键单击[click]  用时:0.091s  
20191130_10_52_36_520613_129676report.log 2019-11-30 10:53:01  loga.py  writeLog [line:134] INFO 行号:52   PASS   查找元素[find_element]  用时:0.012s  
20191130_10_52_36_520613_129676report.log 2019-11-30 10:53:01  loga.py  writeLog [line:134] INFO 行号:53   PASS   查找元素[find_element]  用时:0.006s  
20191130_10_52_36_520613_129676report.log 2019-11-30 10:53:02  loga.py  writeLog [line:134] INFO 行号:53   PASS   左键单击[click]  用时:0.073s  
20191130_10_52_36_520613_129676report.log 2019-11-30 10:53:03  loga.py  writeLog [line:134] INFO 行号:54   PASS   查找元素[find_element]  用时:0.012s  
20191130_10_52_36_520613_129676report.log 2019-11-30 10:53:03  loga.py  writeLog [line:134] INFO 行号:54   PASS   左键单击[click]  用时:0.114s  
20191130_10_52_36_520613_129676report.log 2019-11-30 10:53:04  loga.py  writeLog [line:134] INFO 行号:56   PASS   查找元素[find_element]  用时:0.009s  
20191130_10_52_36_520613_129676report.log 2019-11-30 10:53:05  loga.py  writeLog [line:134] INFO 行号:56   PASS   左键单击[click]  用时:0.363s  
20191130_10_52_36_520613_129676report.log 2019-11-30 10:53:06  loga.py  putSystemLog [line:74] INFO 脚本运行完毕...
20191130_10_52_36_520613_129676report.log 2019-11-30 10:53:06  loga.py  putSystemLog [line:74] INFO 开始运行脚本<class 'script.testCase.Y3me项目.数字化建模.总账.现金流量拆分模板.EasyCase'>
20191130_10_52_36_520613_129676report.log 2019-11-30 10:53:06  loga.py  writeLog [line:134] INFO 行号:25   PASS   刷新页面[refresh]  用时:0.022s  
20191130_10_52_36_520613_129676report.log 2019-11-30 10:53:07  loga.py  writeLog [line:134] INFO 行号:28   PASS   查找元素[find_element]  用时:0.012s  
20191130_10_52_36_520613_129676report.log 2019-11-30 10:53:08  loga.py  writeLog [line:134] INFO 行号:29   PASS   查找元素[find_element]  用时:0.005s  
20191130_10_52_36_520613_129676report.log 2019-11-30 10:53:08  loga.py  writeLog [line:134] INFO 行号:29   PASS   左键单击[click]  用时:0.058s  
20191130_10_52_36_520613_129676report.log 2019-11-30 10:53:09  loga.py  writeLog [line:134] INFO 行号:32   PASS   查找元素[find_element]  用时:0.010s  
20191130_10_52_36_520613_129676report.log 2019-11-30 10:53:10  loga.py  writeLog [line:134] INFO 行号:33   PASS   查找元素[find_element]  用时:0.006s  
20191130_10_52_36_520613_129676report.log 2019-11-30 10:53:11  loga.py  writeLog [line:134] INFO 行号:33   PASS   左键单击[click]  用时:0.057s  
20191130_10_52_36_520613_129676report.log 2019-11-30 10:53:12  loga.py  writeLog [line:134] INFO 行号:35   PASS   查找元素[find_element]  用时:0.011s  
20191130_10_52_36_520613_129676report.log 2019-11-30 10:53:12  loga.py  writeLog [line:134] INFO 行号:37   PASS   查找元素[find_element]  用时:0.006s  
20191130_10_52_36_520613_129676report.log 2019-11-30 10:53:14  loga.py  writeLog [line:134] INFO 行号:43   PASS   查找元素[find_element]  用时:0.010s  
20191130_10_52_36_520613_129676report.log 2019-11-30 10:53:14  loga.py  writeLog [line:134] INFO 行号:45   PASS   查找元素[find_element]  用时:0.005s  
20191130_10_52_36_520613_129676report.log 2019-11-30 10:53:17  loga.py  writeLog [line:134] INFO 行号:52   PASS   查找元素[find_element]  用时:0.174s  
20191130_10_52_36_520613_129676report.log 2019-11-30 10:53:17  loga.py  writeLog [line:134] INFO 行号:54   PASS   查找元素[find_element]  用时:0.008s  
20191130_10_52_36_520613_129676report.log 2019-11-30 10:53:18  loga.py  writeLog [line:134] INFO 行号:57   PASS   查找元素[find_element]  用时:0.008s  
20191130_10_52_36_520613_129676report.log 2019-11-30 10:53:18  loga.py  writeLog [line:134] INFO 行号:58   PASS   查找元素[find_element]  用时:0.006s  
20191130_10_52_36_520613_129676report.log 2019-11-30 10:53:19  loga.py  writeLog [line:134] INFO 行号:59   PASS   切换到表单[frame]  用时:0.016s  
20191130_10_52_36_520613_129676report.log 2019-11-30 10:53:22  loga.py  writeLog [line:134] INFO 行号:63   PASS   查找元素[find_element]  用时:1.649s  
20191130_10_52_36_520613_129676report.log 2019-11-30 10:53:22  loga.py  writeLog [line:134] INFO 行号:64   PASS   查找元素[find_element]  用时:0.007s  
20191130_10_52_36_520613_129676report.log 2019-11-30 10:53:23  loga.py  writeLog [line:134] INFO 行号:64   PASS   左键单击[click]  用时:0.123s  
20191130_10_52_36_520613_129676report.log 2019-11-30 10:53:24  loga.py  writeLog [line:134] INFO 行号:70   PASS   查找元素[find_element]  用时:0.011s  
20191130_10_52_36_520613_129676report.log 2019-11-30 10:53:24  loga.py  writeLog [line:134] INFO 行号:71   PASS   查找元素[find_element]  用时:0.006s  
20191130_10_52_36_520613_129676report.log 2019-11-30 10:53:25  loga.py  writeLog [line:134] INFO 行号:71   PASS   模拟输入[send_keys]  用时:0.285s  
20191130_10_52_36_520613_129676report.log 2019-11-30 10:53:26  loga.py  writeLog [line:134] INFO 行号:77   PASS   查找元素[find_element]  用时:0.012s  
20191130_10_52_36_520613_129676report.log 2019-11-30 10:53:27  loga.py  writeLog [line:134] INFO 行号:78   PASS   查找元素[find_element]  用时:0.007s  
20191130_10_52_36_520613_129676report.log 2019-11-30 10:53:27  loga.py  writeLog [line:134] INFO 行号:78   PASS   模拟输入[send_keys]  用时:0.241s  
20191130_10_52_36_520613_129676report.log 2019-11-30 10:53:28  loga.py  writeLog [line:134] INFO 行号:82   PASS   查找元素[find_element]  用时:0.012s  
20191130_10_52_36_520613_129676report.log 2019-11-30 10:53:29  loga.py  writeLog [line:134] INFO 行号:83   PASS   查找元素[find_element]  用时:0.008s  
20191130_10_52_36_520613_129676report.log 2019-11-30 10:53:29  loga.py  writeLog [line:134] INFO 行号:83   PASS   模拟输入[send_keys]  用时:0.067s  
20191130_10_52_36_520613_129676report.log 2019-11-30 10:53:30  loga.py  writeLog [line:134] INFO 行号:84   PASS   查找元素[find_element]  用时:0.013s  
20191130_10_52_36_520613_129676report.log 2019-11-30 10:53:31  loga.py  writeLog [line:134] INFO 行号:84   PASS   左键单击[click]  用时:0.108s  
20191130_10_52_36_520613_129676report.log 2019-11-30 10:54:02  loga.py  writeLog [line:134] INFO 行号:89   FAIL   查找元素[find_element]  用时:30.041s  参数:{'list': '', 'dict': {'xpath': '//label[text()="主科目"]/following-sibling::div//span[@class="input-group-addon cursor-style"]'}} 页面中没有该元素.NoSuchElementException
20191130_10_52_36_520613_129676report.log 2019-11-30 10:54:13  loga.py  writeLog [line:134] INFO 行号:0    ERROR  [runTest]  用时:  测试用例脚本发生错误，请检查脚本代码：
20191130_10_52_36_520613_129676report.log 2019-11-30 10:54:13  loga.py  putSystemLog [line:74] INFO 脚本运行完毕...
20191130_10_52_36_520613_129676report.log 2019-11-30 10:54:13  loga.py  putSystemLog [line:74] INFO 开始运行脚本<class 'script.testCase.U8EX项目.公共.U8EX登出.EasyCase'>
20191130_10_52_36_520613_129676report.log 2019-11-30 10:54:13  loga.py  writeLog [line:134] INFO 行号:24   PASS   刷新页面[refresh]  用时:0.012s  
20191130_10_52_36_520613_129676report.log 2019-11-30 10:54:15  loga.py  writeLog [line:134] INFO 行号:26   PASS   查找元素[find_element]  用时:0.011s  
20191130_10_52_36_520613_129676report.log 2019-11-30 10:54:15  loga.py  writeLog [line:134] INFO 行号:26   PASS   左键单击[click]  用时:0.048s  
20191130_10_52_36_520613_129676report.log 2019-11-30 10:54:16  loga.py  writeLog [line:134] INFO 行号:27   PASS   查找元素[find_element]  用时:0.009s  
20191130_10_52_36_520613_129676report.log 2019-11-30 10:54:17  loga.py  writeLog [line:134] INFO 行号:27   PASS   左键单击[click]  用时:0.584s  
20191130_10_52_36_520613_129676report.log 2019-11-30 10:54:18  loga.py  putSystemLog [line:74] INFO 脚本运行完毕...
20191130_10_52_36_520613_129676report.log 2019-11-30 10:54:19  loga.py  writeLog [line:134] INFO 行号:0    PASS   关闭浏览器[quit]  用时:0.355s  
20191130_10_52_36_520613_129676report.log 2019-11-30 10:54:22  loga.py  putSystemLog [line:74] INFO 场景<1>结束.用时:105.557s.
20191130_10_52_36_520613_129676report.log 2019-11-30 10:54:22  loga.py  putSystemLog [line:74] INFO 场景统计结果：PASS: 63(96.92%),FAIL:  1(1.54%),ERROR:  1(1.54%),TRUE:  0,FALSE:  0

20191130_10_52_36_520613_129676report.log 2019-11-30 10:54:22  loga.py  putSystemLog [line:74] INFO ----------------------------------------
20191130_10_52_36_520613_129676report.log 2019-11-30 10:54:22  loga.py  putSystemLog [line:74] INFO End.
20191130_10_52_36_520613_129676report.log 2019-11-30 10:54:22  loga.py  putSystemLog [line:74] INFO 测试方案统计结果:
                    场景<1>:PASS: 63(96.92%),FAIL:  1(1.54%),ERROR:  1(1.54%),TRUE:  0,FALSE:  0
                    总   计:PASS: 63(96.92%),FAIL:  1(1.54%),ERROR:  1(1.54%),TRUE:  0,FALSE:  0

