20191130_10_57_58_601060_129652report.log 2019-11-30 10:57:58  loga.py  putSystemLog [line:74] INFO Start.
20191130_10_57_58_601060_129652report.log 2019-11-30 10:57:58  loga.py  putSystemLog [line:74] INFO 场景<1>开始.
20191130_10_57_58_601060_129652report.log 2019-11-30 10:58:02  loga.py  writeLog [line:134] INFO 行号:0    PASS   最大化浏览器窗口[maximize_window]  用时:1.114s  
20191130_10_57_58_601060_129652report.log 2019-11-30 10:58:03  loga.py  putSystemLog [line:74] INFO chrome浏览器启动成功.
20191130_10_57_58_601060_129652report.log 2019-11-30 10:58:03  loga.py  putSystemLog [line:74] INFO 开始加载脚本...
20191130_10_57_58_601060_129652report.log 2019-11-30 10:58:03  loga.py  putSystemLog [line:74] INFO 脚本<1>：U8EX登录 加载成功.脚本路径：script/testCase/U8EX项目/公共/U8EX登录
20191130_10_57_58_601060_129652report.log 2019-11-30 10:58:03  loga.py  putSystemLog [line:74] INFO 脚本<2>：现金流量拆分模板 加载成功.脚本路径：script/testCase/Y3me项目/数字化建模/总账/现金流量拆分模板
20191130_10_57_58_601060_129652report.log 2019-11-30 10:58:03  loga.py  putSystemLog [line:74] INFO 脚本<3>：U8EX登出 加载成功.脚本路径：script/testCase/U8EX项目/公共/U8EX登出
20191130_10_57_58_601060_129652report.log 2019-11-30 10:58:03  loga.py  putSystemLog [line:74] INFO 脚本加载完成...
20191130_10_57_58_601060_129652report.log 2019-11-30 10:58:03  loga.py  putSystemLog [line:74] INFO 开始运行脚本<class 'script.testCase.U8EX项目.公共.U8EX登录.EasyCase'>
20191130_10_57_58_601060_129652report.log 2019-11-30 10:58:05  loga.py  writeLog [line:134] INFO 行号:27   PASS   访问页面[get]  用时:1.285s  
20191130_10_57_58_601060_129652report.log 2019-11-30 10:58:06  loga.py  writeLog [line:134] INFO 行号:29   PASS   查找元素[find_element]  用时:0.011s  
20191130_10_57_58_601060_129652report.log 2019-11-30 10:58:06  loga.py  writeLog [line:134] INFO 行号:30   PASS   查找元素[find_element]  用时:0.007s  
20191130_10_57_58_601060_129652report.log 2019-11-30 10:58:07  loga.py  writeLog [line:134] INFO 行号:30   PASS   左键单击[click]  用时:0.039s  
20191130_10_57_58_601060_129652report.log 2019-11-30 10:58:08  loga.py  writeLog [line:134] INFO 行号:34   PASS   查找元素[find_element]  用时:0.011s  
20191130_10_57_58_601060_129652report.log 2019-11-30 10:58:08  loga.py  writeLog [line:134] INFO 行号:35   PASS   查找元素[find_element]  用时:0.005s  
20191130_10_57_58_601060_129652report.log 2019-11-30 10:58:09  loga.py  writeLog [line:134] INFO 行号:36   PASS   切换到表单[frame]  用时:0.018s  
20191130_10_57_58_601060_129652report.log 2019-11-30 10:58:11  loga.py  writeLog [line:134] INFO 行号:39   PASS   查找元素[find_element]  用时:0.010s  
20191130_10_57_58_601060_129652report.log 2019-11-30 10:58:11  loga.py  writeLog [line:134] INFO 行号:40   PASS   查找元素[find_element]  用时:0.006s  
20191130_10_57_58_601060_129652report.log 2019-11-30 10:58:12  loga.py  writeLog [line:134] INFO 行号:40   PASS   清除文本[clear]  用时:0.020s  
20191130_10_57_58_601060_129652report.log 2019-11-30 10:58:13  loga.py  writeLog [line:134] INFO 行号:41   PASS   查找元素[find_element]  用时:0.006s  
20191130_10_57_58_601060_129652report.log 2019-11-30 10:58:13  loga.py  writeLog [line:134] INFO 行号:41   PASS   模拟输入[send_keys]  用时:0.089s  
20191130_10_57_58_601060_129652report.log 2019-11-30 10:58:14  loga.py  writeLog [line:134] INFO 行号:42   PASS   查找元素[find_element]  用时:0.021s  
20191130_10_57_58_601060_129652report.log 2019-11-30 10:58:15  loga.py  writeLog [line:134] INFO 行号:42   PASS   清除文本[clear]  用时:0.018s  
20191130_10_57_58_601060_129652report.log 2019-11-30 10:58:16  loga.py  writeLog [line:134] INFO 行号:43   PASS   查找元素[find_element]  用时:0.007s  
20191130_10_57_58_601060_129652report.log 2019-11-30 10:58:16  loga.py  writeLog [line:134] INFO 行号:43   PASS   模拟输入[send_keys]  用时:0.071s  
20191130_10_57_58_601060_129652report.log 2019-11-30 10:58:17  loga.py  writeLog [line:134] INFO 行号:45   PASS   查找元素[find_element]  用时:0.009s  
20191130_10_57_58_601060_129652report.log 2019-11-30 10:58:18  loga.py  writeLog [line:134] INFO 行号:46   PASS   查找元素[find_element]  用时:0.006s  
20191130_10_57_58_601060_129652report.log 2019-11-30 10:58:19  loga.py  writeLog [line:134] INFO 行号:46   PASS   左键单击[click]  用时:0.098s  
20191130_10_57_58_601060_129652report.log 2019-11-30 10:58:20  loga.py  writeLog [line:134] INFO 行号:52   PASS   查找元素[find_element]  用时:0.013s  
20191130_10_57_58_601060_129652report.log 2019-11-30 10:58:20  loga.py  writeLog [line:134] INFO 行号:53   PASS   查找元素[find_element]  用时:0.006s  
20191130_10_57_58_601060_129652report.log 2019-11-30 10:58:21  loga.py  writeLog [line:134] INFO 行号:53   PASS   左键单击[click]  用时:0.079s  
20191130_10_57_58_601060_129652report.log 2019-11-30 10:58:22  loga.py  writeLog [line:134] INFO 行号:54   PASS   查找元素[find_element]  用时:0.011s  
20191130_10_57_58_601060_129652report.log 2019-11-30 10:58:22  loga.py  writeLog [line:134] INFO 行号:54   PASS   左键单击[click]  用时:0.105s  
20191130_10_57_58_601060_129652report.log 2019-11-30 10:58:23  loga.py  writeLog [line:134] INFO 行号:56   PASS   查找元素[find_element]  用时:0.011s  
20191130_10_57_58_601060_129652report.log 2019-11-30 10:58:24  loga.py  writeLog [line:134] INFO 行号:56   PASS   左键单击[click]  用时:0.416s  
20191130_10_57_58_601060_129652report.log 2019-11-30 10:58:25  loga.py  putSystemLog [line:74] INFO 脚本运行完毕...
20191130_10_57_58_601060_129652report.log 2019-11-30 10:58:25  loga.py  putSystemLog [line:74] INFO 开始运行脚本<class 'script.testCase.Y3me项目.数字化建模.总账.现金流量拆分模板.EasyCase'>
20191130_10_57_58_601060_129652report.log 2019-11-30 10:58:25  loga.py  writeLog [line:134] INFO 行号:25   PASS   刷新页面[refresh]  用时:0.008s  
20191130_10_57_58_601060_129652report.log 2019-11-30 10:58:26  loga.py  writeLog [line:134] INFO 行号:28   PASS   查找元素[find_element]  用时:0.012s  
20191130_10_57_58_601060_129652report.log 2019-11-30 10:58:27  loga.py  writeLog [line:134] INFO 行号:29   PASS   查找元素[find_element]  用时:0.006s  
20191130_10_57_58_601060_129652report.log 2019-11-30 10:58:27  loga.py  writeLog [line:134] INFO 行号:29   PASS   左键单击[click]  用时:0.064s  
20191130_10_57_58_601060_129652report.log 2019-11-30 10:58:28  loga.py  writeLog [line:134] INFO 行号:32   PASS   查找元素[find_element]  用时:0.010s  
20191130_10_57_58_601060_129652report.log 2019-11-30 10:58:29  loga.py  writeLog [line:134] INFO 行号:33   PASS   查找元素[find_element]  用时:0.008s  
20191130_10_57_58_601060_129652report.log 2019-11-30 10:58:30  loga.py  writeLog [line:134] INFO 行号:33   PASS   左键单击[click]  用时:0.054s  
20191130_10_57_58_601060_129652report.log 2019-11-30 10:58:31  loga.py  writeLog [line:134] INFO 行号:35   PASS   查找元素[find_element]  用时:0.010s  
20191130_10_57_58_601060_129652report.log 2019-11-30 10:58:31  loga.py  writeLog [line:134] INFO 行号:37   PASS   查找元素[find_element]  用时:0.005s  
20191130_10_57_58_601060_129652report.log 2019-11-30 10:58:33  loga.py  writeLog [line:134] INFO 行号:43   PASS   查找元素[find_element]  用时:0.008s  
20191130_10_57_58_601060_129652report.log 2019-11-30 10:58:33  loga.py  writeLog [line:134] INFO 行号:45   PASS   查找元素[find_element]  用时:0.006s  
20191130_10_57_58_601060_129652report.log 2019-11-30 10:58:36  loga.py  writeLog [line:134] INFO 行号:52   PASS   查找元素[find_element]  用时:0.066s  
20191130_10_57_58_601060_129652report.log 2019-11-30 10:58:36  loga.py  writeLog [line:134] INFO 行号:54   PASS   查找元素[find_element]  用时:0.007s  
20191130_10_57_58_601060_129652report.log 2019-11-30 10:58:37  loga.py  writeLog [line:134] INFO 行号:57   PASS   查找元素[find_element]  用时:0.017s  
20191130_10_57_58_601060_129652report.log 2019-11-30 10:58:37  loga.py  writeLog [line:134] INFO 行号:58   PASS   查找元素[find_element]  用时:0.006s  
20191130_10_57_58_601060_129652report.log 2019-11-30 10:58:38  loga.py  writeLog [line:134] INFO 行号:59   PASS   切换到表单[frame]  用时:0.016s  
20191130_10_57_58_601060_129652report.log 2019-11-30 10:58:42  loga.py  writeLog [line:134] INFO 行号:63   PASS   查找元素[find_element]  用时:3.190s  
20191130_10_57_58_601060_129652report.log 2019-11-30 10:58:43  loga.py  writeLog [line:134] INFO 行号:64   PASS   查找元素[find_element]  用时:0.007s  
20191130_10_57_58_601060_129652report.log 2019-11-30 10:58:43  loga.py  writeLog [line:134] INFO 行号:64   PASS   左键单击[click]  用时:0.136s  
20191130_10_57_58_601060_129652report.log 2019-11-30 10:58:44  loga.py  writeLog [line:134] INFO 行号:70   PASS   查找元素[find_element]  用时:0.011s  
20191130_10_57_58_601060_129652report.log 2019-11-30 10:58:45  loga.py  writeLog [line:134] INFO 行号:71   PASS   查找元素[find_element]  用时:0.006s  
20191130_10_57_58_601060_129652report.log 2019-11-30 10:58:45  loga.py  writeLog [line:134] INFO 行号:71   PASS   模拟输入[send_keys]  用时:0.295s  
20191130_10_57_58_601060_129652report.log 2019-11-30 10:58:47  loga.py  writeLog [line:134] INFO 行号:77   PASS   查找元素[find_element]  用时:0.015s  
20191130_10_57_58_601060_129652report.log 2019-11-30 10:58:47  loga.py  writeLog [line:134] INFO 行号:78   PASS   查找元素[find_element]  用时:0.006s  
20191130_10_57_58_601060_129652report.log 2019-11-30 10:58:48  loga.py  writeLog [line:134] INFO 行号:78   PASS   模拟输入[send_keys]  用时:0.248s  
20191130_10_57_58_601060_129652report.log 2019-11-30 10:58:49  loga.py  writeLog [line:134] INFO 行号:82   PASS   查找元素[find_element]  用时:0.012s  
20191130_10_57_58_601060_129652report.log 2019-11-30 10:58:49  loga.py  writeLog [line:134] INFO 行号:83   PASS   查找元素[find_element]  用时:0.006s  
20191130_10_57_58_601060_129652report.log 2019-11-30 10:58:50  loga.py  writeLog [line:134] INFO 行号:83   PASS   模拟输入[send_keys]  用时:0.067s  
20191130_10_57_58_601060_129652report.log 2019-11-30 10:58:51  loga.py  writeLog [line:134] INFO 行号:89   PASS   查找元素[find_element]  用时:0.010s  
20191130_10_57_58_601060_129652report.log 2019-11-30 10:58:51  loga.py  writeLog [line:134] INFO 行号:91   PASS   查找元素[find_element]  用时:0.007s  
20191130_10_57_58_601060_129652report.log 2019-11-30 10:58:52  loga.py  writeLog [line:134] INFO 行号:91   PASS   左键单击[click]  用时:0.074s  
20191130_10_57_58_601060_129652report.log 2019-11-30 10:58:53  loga.py  writeLog [line:134] INFO 行号:96   PASS   查找元素[find_element]  用时:0.009s  
20191130_10_57_58_601060_129652report.log 2019-11-30 10:58:53  loga.py  writeLog [line:134] INFO 行号:98   PASS   查找元素[find_element]  用时:0.005s  
20191130_10_57_58_601060_129652report.log 2019-11-30 10:58:54  loga.py  writeLog [line:134] INFO 行号:98   PASS   左键单击[click]  用时:0.083s  
20191130_10_57_58_601060_129652report.log 2019-11-30 10:58:55  loga.py  writeLog [line:134] INFO 行号:102  PASS   查找元素[find_element]  用时:0.011s  
20191130_10_57_58_601060_129652report.log 2019-11-30 10:58:56  loga.py  writeLog [line:134] INFO 行号:103  PASS   查找元素[find_element]  用时:0.006s  
20191130_10_57_58_601060_129652report.log 2019-11-30 10:58:57  loga.py  writeLog [line:134] INFO 行号:103  PASS   模拟输入[send_keys]  用时:0.401s  
20191130_10_57_58_601060_129652report.log 2019-11-30 10:58:58  loga.py  writeLog [line:134] INFO 行号:108  PASS   查找元素[find_element]  用时:0.010s  
20191130_10_57_58_601060_129652report.log 2019-11-30 10:58:58  loga.py  writeLog [line:134] INFO 行号:110  PASS   查找元素[find_element]  用时:0.007s  
20191130_10_57_58_601060_129652report.log 2019-11-30 10:58:59  loga.py  writeLog [line:134] INFO 行号:110  PASS   左键单击[click]  用时:0.062s  
20191130_10_57_58_601060_129652report.log 2019-11-30 10:59:00  loga.py  writeLog [line:134] INFO 行号:115  PASS   查找元素[find_element]  用时:0.008s  
20191130_10_57_58_601060_129652report.log 2019-11-30 10:59:00  loga.py  writeLog [line:134] INFO 行号:117  PASS   查找元素[find_element]  用时:0.005s  
20191130_10_57_58_601060_129652report.log 2019-11-30 10:59:01  loga.py  writeLog [line:134] INFO 行号:117  PASS   左键单击[click]  用时:0.091s  
20191130_10_57_58_601060_129652report.log 2019-11-30 10:59:02  loga.py  writeLog [line:134] INFO 行号:120  PASS   查找元素[find_element]  用时:0.009s  
20191130_10_57_58_601060_129652report.log 2019-11-30 10:59:02  loga.py  writeLog [line:134] INFO 行号:121  PASS   查找元素[find_element]  用时:0.007s  
20191130_10_57_58_601060_129652report.log 2019-11-30 10:59:03  loga.py  writeLog [line:134] INFO 行号:121  PASS   左键单击[click]  用时:0.062s  
20191130_10_57_58_601060_129652report.log 2019-11-30 10:59:04  loga.py  writeLog [line:134] INFO 行号:122  TRUE   断言：包含[assertIn] 用时:0.000s TRUE.
20191130_10_57_58_601060_129652report.log 2019-11-30 10:59:34  loga.py  writeLog [line:134] INFO 行号:126  FAIL   查找元素[find_element]  用时:30.018s  参数:{'list': '', 'dict': {'xpath': '//span[text()="现金流量类型4706"]/ancestor::tr'}} 页面中没有该元素.NoSuchElementException
