20191130_14_55_16_152265_130632report.log 2019-11-30 14:55:16  loga.py  putSystemLog [line:74] INFO Start.
20191130_14_55_16_152265_130632report.log 2019-11-30 14:55:16  loga.py  putSystemLog [line:74] INFO 场景<1>开始.
20191130_14_55_16_152265_130632report.log 2019-11-30 14:55:20  loga.py  writeLog [line:134] INFO 行号:0    PASS   最大化浏览器窗口[maximize_window]  用时:1.117s  
20191130_14_55_16_152265_130632report.log 2019-11-30 14:55:21  loga.py  putSystemLog [line:74] INFO chrome浏览器启动成功.
20191130_14_55_16_152265_130632report.log 2019-11-30 14:55:21  loga.py  putSystemLog [line:74] INFO 开始加载脚本...
20191130_14_55_16_152265_130632report.log 2019-11-30 14:55:21  loga.py  putSystemLog [line:74] INFO 脚本<1>：U8EX登录 加载成功.脚本路径：script/testCase/U8EX项目/公共/U8EX登录
20191130_14_55_16_152265_130632report.log 2019-11-30 14:55:21  loga.py  putSystemLog [line:74] INFO 脚本<2>：报表模型 加载成功.脚本路径：script/testCase/Y3me项目/数字化建模/财务报表/报表模型
20191130_14_55_16_152265_130632report.log 2019-11-30 14:55:21  loga.py  putSystemLog [line:74] INFO 脚本<3>：U8EX登出 加载成功.脚本路径：script/testCase/U8EX项目/公共/U8EX登出
20191130_14_55_16_152265_130632report.log 2019-11-30 14:55:21  loga.py  putSystemLog [line:74] INFO 脚本加载完成...
20191130_14_55_16_152265_130632report.log 2019-11-30 14:55:21  loga.py  putSystemLog [line:74] INFO 开始运行脚本<class 'script.testCase.U8EX项目.公共.U8EX登录.EasyCase'>
20191130_14_55_16_152265_130632report.log 2019-11-30 14:55:21  loga.py  writeLog [line:134] INFO 行号:27   PASS   访问页面[get]  用时:0.646s  
20191130_14_55_16_152265_130632report.log 2019-11-30 14:55:22  loga.py  writeLog [line:134] INFO 行号:29   PASS   查找元素[find_element]  用时:0.010s  
20191130_14_55_16_152265_130632report.log 2019-11-30 14:55:23  loga.py  writeLog [line:134] INFO 行号:30   PASS   查找元素[find_element]  用时:0.007s  
20191130_14_55_16_152265_130632report.log 2019-11-30 14:55:23  loga.py  writeLog [line:134] INFO 行号:30   PASS   左键单击[click]  用时:0.051s  
20191130_14_55_16_152265_130632report.log 2019-11-30 14:55:24  loga.py  writeLog [line:134] INFO 行号:34   PASS   查找元素[find_element]  用时:0.016s  
20191130_14_55_16_152265_130632report.log 2019-11-30 14:55:25  loga.py  writeLog [line:134] INFO 行号:35   PASS   查找元素[find_element]  用时:0.006s  
20191130_14_55_16_152265_130632report.log 2019-11-30 14:55:26  loga.py  writeLog [line:134] INFO 行号:36   PASS   切换到表单[frame]  用时:0.016s  
20191130_14_55_16_152265_130632report.log 2019-11-30 14:55:28  loga.py  writeLog [line:134] INFO 行号:39   PASS   查找元素[find_element]  用时:0.011s  
20191130_14_55_16_152265_130632report.log 2019-11-30 14:55:28  loga.py  writeLog [line:134] INFO 行号:40   PASS   查找元素[find_element]  用时:0.007s  
20191130_14_55_16_152265_130632report.log 2019-11-30 14:55:29  loga.py  writeLog [line:134] INFO 行号:40   PASS   清除文本[clear]  用时:0.020s  
20191130_14_55_16_152265_130632report.log 2019-11-30 14:55:30  loga.py  writeLog [line:134] INFO 行号:41   PASS   查找元素[find_element]  用时:0.005s  
20191130_14_55_16_152265_130632report.log 2019-11-30 14:55:30  loga.py  writeLog [line:134] INFO 行号:41   PASS   模拟输入[send_keys]  用时:0.073s  
20191130_14_55_16_152265_130632report.log 2019-11-30 14:55:31  loga.py  writeLog [line:134] INFO 行号:42   PASS   查找元素[find_element]  用时:0.014s  
20191130_14_55_16_152265_130632report.log 2019-11-30 14:55:32  loga.py  writeLog [line:134] INFO 行号:42   PASS   清除文本[clear]  用时:0.017s  
20191130_14_55_16_152265_130632report.log 2019-11-30 14:55:33  loga.py  writeLog [line:134] INFO 行号:43   PASS   查找元素[find_element]  用时:0.006s  
20191130_14_55_16_152265_130632report.log 2019-11-30 14:55:33  loga.py  writeLog [line:134] INFO 行号:43   PASS   模拟输入[send_keys]  用时:0.074s  
20191130_14_55_16_152265_130632report.log 2019-11-30 14:55:34  loga.py  writeLog [line:134] INFO 行号:45   PASS   查找元素[find_element]  用时:0.009s  
20191130_14_55_16_152265_130632report.log 2019-11-30 14:55:35  loga.py  writeLog [line:134] INFO 行号:46   PASS   查找元素[find_element]  用时:0.007s  
20191130_14_55_16_152265_130632report.log 2019-11-30 14:55:35  loga.py  writeLog [line:134] INFO 行号:46   PASS   左键单击[click]  用时:0.083s  
20191130_14_55_16_152265_130632report.log 2019-11-30 14:55:36  loga.py  writeLog [line:134] INFO 行号:52   PASS   查找元素[find_element]  用时:0.016s  
20191130_14_55_16_152265_130632report.log 2019-11-30 14:55:37  loga.py  writeLog [line:134] INFO 行号:53   PASS   查找元素[find_element]  用时:0.006s  
20191130_14_55_16_152265_130632report.log 2019-11-30 14:55:37  loga.py  writeLog [line:134] INFO 行号:53   PASS   左键单击[click]  用时:0.070s  
20191130_14_55_16_152265_130632report.log 2019-11-30 14:55:38  loga.py  writeLog [line:134] INFO 行号:54   PASS   查找元素[find_element]  用时:0.011s  
20191130_14_55_16_152265_130632report.log 2019-11-30 14:55:39  loga.py  writeLog [line:134] INFO 行号:54   PASS   左键单击[click]  用时:0.094s  
20191130_14_55_16_152265_130632report.log 2019-11-30 14:55:40  loga.py  writeLog [line:134] INFO 行号:56   PASS   查找元素[find_element]  用时:0.011s  
20191130_14_55_16_152265_130632report.log 2019-11-30 14:55:41  loga.py  writeLog [line:134] INFO 行号:56   PASS   左键单击[click]  用时:0.375s  
20191130_14_55_16_152265_130632report.log 2019-11-30 14:55:42  loga.py  putSystemLog [line:74] INFO 脚本运行完毕...
20191130_14_55_16_152265_130632report.log 2019-11-30 14:55:42  loga.py  putSystemLog [line:74] INFO 开始运行脚本<class 'script.testCase.Y3me项目.数字化建模.财务报表.报表模型.EasyCase'>
20191130_14_55_16_152265_130632report.log 2019-11-30 14:55:42  loga.py  writeLog [line:134] INFO 行号:25   PASS   刷新页面[refresh]  用时:0.007s  
20191130_14_55_16_152265_130632report.log 2019-11-30 14:55:43  loga.py  writeLog [line:134] INFO 行号:27   PASS   查找元素[find_element]  用时:0.010s  
20191130_14_55_16_152265_130632report.log 2019-11-30 14:55:44  loga.py  writeLog [line:134] INFO 行号:27   PASS   左键单击[click]  用时:0.065s  
20191130_14_55_16_152265_130632report.log 2019-11-30 14:55:48  loga.py  writeLog [line:134] INFO 行号:30   PASS   查找元素[find_element]  用时:0.012s  
20191130_14_55_16_152265_130632report.log 2019-11-30 14:55:48  loga.py  writeLog [line:134] INFO 行号:30   PASS   左键单击[click]  用时:0.053s  
20191130_14_55_16_152265_130632report.log 2019-11-30 14:55:52  loga.py  writeLog [line:134] INFO 行号:33   PASS   查找元素[find_element]  用时:0.011s  
20191130_14_55_16_152265_130632report.log 2019-11-30 14:55:57  loga.py  writeLog [line:134] INFO 行号:40   PASS   查找元素[find_element]  用时:0.014s  
20191130_14_55_16_152265_130632report.log 2019-11-30 14:56:05  loga.py  writeLog [line:134] INFO 行号:47   PASS   查找元素[find_element]  用时:0.077s  
20191130_14_55_16_152265_130632report.log 2019-11-30 14:56:11  loga.py  writeLog [line:134] INFO 行号:51   PASS   查找元素[find_element]  用时:0.008s  
20191130_14_55_16_152265_130632report.log 2019-11-30 14:56:11  loga.py  writeLog [line:134] INFO 行号:52   PASS   切换到表单[frame]  用时:0.018s  
20191130_14_55_16_152265_130632report.log 2019-11-30 14:56:12  loga.py  writeLog [line:134] INFO 行号:55   PASS   查找元素[find_element]  用时:0.010s  
20191130_14_55_16_152265_130632report.log 2019-11-30 14:56:13  loga.py  writeLog [line:134] INFO 行号:55   PASS   左键单击[click]  用时:0.138s  
20191130_14_55_16_152265_130632report.log 2019-11-30 14:56:14  loga.py  writeLog [line:134] INFO 行号:57   PASS   查找元素[find_element]  用时:0.012s  
20191130_14_55_16_152265_130632report.log 2019-11-30 14:56:15  loga.py  writeLog [line:134] INFO 行号:57   PASS   模拟输入[send_keys]  用时:0.137s  
20191130_14_55_16_152265_130632report.log 2019-11-30 14:56:16  loga.py  writeLog [line:134] INFO 行号:58   PASS   查找元素[find_element]  用时:0.012s  
20191130_14_55_16_152265_130632report.log 2019-11-30 14:56:16  loga.py  writeLog [line:134] INFO 行号:58   PASS   模拟输入[send_keys]  用时:0.069s  
20191130_14_55_16_152265_130632report.log 2019-11-30 14:56:17  loga.py  writeLog [line:134] INFO 行号:59   PASS   查找元素[find_element]  用时:0.010s  
20191130_14_55_16_152265_130632report.log 2019-11-30 14:56:18  loga.py  writeLog [line:134] INFO 行号:59   PASS   左键单击[click]  用时:0.079s  
20191130_14_55_16_152265_130632report.log 2019-11-30 14:56:19  loga.py  writeLog [line:134] INFO 行号:60   PASS   查找元素[find_element]  用时:0.009s  
20191130_14_55_16_152265_130632report.log 2019-11-30 14:56:19  loga.py  writeLog [line:134] INFO 行号:60   PASS   左键单击[click]  用时:0.092s  
20191130_14_55_16_152265_130632report.log 2019-11-30 14:56:20  loga.py  writeLog [line:134] INFO 行号:61   PASS   查找元素[find_element]  用时:0.012s  
20191130_14_55_16_152265_130632report.log 2019-11-30 14:56:21  loga.py  writeLog [line:134] INFO 行号:61   PASS   左键单击[click]  用时:0.079s  
20191130_14_55_16_152265_130632report.log 2019-11-30 14:56:22  loga.py  writeLog [line:134] INFO 行号:63   PASS   查找元素[find_element]  用时:0.010s  
20191130_14_55_16_152265_130632report.log 2019-11-30 14:56:23  loga.py  writeLog [line:134] INFO 行号:64   PASS   执行JS代码[execute_script]  用时:0.005s  
20191130_14_55_16_152265_130632report.log 2019-11-30 14:56:24  loga.py  writeLog [line:134] INFO 行号:65   PASS   左键单击[click]  用时:0.071s  
20191130_14_55_16_152265_130632report.log 2019-11-30 14:56:25  loga.py  writeLog [line:134] INFO 行号:66   PASS   查找元素[find_element]  用时:0.010s  
20191130_14_55_16_152265_130632report.log 2019-11-30 14:56:25  loga.py  writeLog [line:134] INFO 行号:66   PASS   左键单击[click]  用时:0.095s  
20191130_14_55_16_152265_130632report.log 2019-11-30 14:56:32  loga.py  writeLog [line:134] INFO 行号:72   PASS   查找元素[find_element]  用时:0.008s  
20191130_14_55_16_152265_130632report.log 2019-11-30 14:56:33  loga.py  writeLog [line:134] INFO 行号:72   PASS   左键单击[click]  用时:0.058s  
20191130_14_55_16_152265_130632report.log 2019-11-30 14:56:37  loga.py  writeLog [line:134] INFO 行号:74   PASS   查找元素[find_element]  用时:0.009s  
20191130_14_55_16_152265_130632report.log 2019-11-30 14:56:37  loga.py  writeLog [line:134] INFO 行号:74   PASS   左键单击[click]  用时:0.059s  
20191130_14_55_16_152265_130632report.log 2019-11-30 14:56:41  loga.py  putSystemLog [line:74] INFO 脚本运行完毕...
20191130_14_55_16_152265_130632report.log 2019-11-30 14:56:41  loga.py  putSystemLog [line:74] INFO 开始运行脚本<class 'script.testCase.U8EX项目.公共.U8EX登出.EasyCase'>
20191130_14_55_16_152265_130632report.log 2019-11-30 14:56:41  loga.py  writeLog [line:134] INFO 行号:24   PASS   刷新页面[refresh]  用时:0.017s  
20191130_14_55_16_152265_130632report.log 2019-11-30 14:56:43  loga.py  writeLog [line:134] INFO 行号:26   PASS   查找元素[find_element]  用时:0.009s  
20191130_14_55_16_152265_130632report.log 2019-11-30 14:56:44  loga.py  writeLog [line:134] INFO 行号:26   PASS   左键单击[click]  用时:0.051s  
20191130_14_55_16_152265_130632report.log 2019-11-30 14:56:45  loga.py  writeLog [line:134] INFO 行号:27   PASS   查找元素[find_element]  用时:0.010s  
20191130_14_55_16_152265_130632report.log 2019-11-30 14:56:46  loga.py  writeLog [line:134] INFO 行号:27   PASS   左键单击[click]  用时:0.459s  
20191130_14_55_16_152265_130632report.log 2019-11-30 14:56:47  loga.py  putSystemLog [line:74] INFO 脚本运行完毕...
20191130_14_55_16_152265_130632report.log 2019-11-30 14:56:47  loga.py  writeLog [line:134] INFO 行号:0    PASS   关闭浏览器[quit]  用时:0.469s  
20191130_14_55_16_152265_130632report.log 2019-11-30 14:56:50  loga.py  putSystemLog [line:74] INFO 场景<1>结束.用时:94.742s.
20191130_14_55_16_152265_130632report.log 2019-11-30 14:56:50  loga.py  putSystemLog [line:74] INFO 场景统计结果：PASS: 64(100.00%),FAIL:  0(0.00%),ERROR:  0(0.00%),TRUE:  0,FALSE:  0

20191130_14_55_16_152265_130632report.log 2019-11-30 14:56:50  loga.py  putSystemLog [line:74] INFO ----------------------------------------
20191130_14_55_16_152265_130632report.log 2019-11-30 14:56:50  loga.py  putSystemLog [line:74] INFO End.
20191130_14_55_16_152265_130632report.log 2019-11-30 14:56:50  loga.py  putSystemLog [line:74] INFO 测试方案统计结果:
                    场景<1>:PASS: 64(100.00%),FAIL:  0(0.00%),ERROR:  0(0.00%),TRUE:  0,FALSE:  0
                    总   计:PASS: 64(100.00%),FAIL:  0(0.00%),ERROR:  0(0.00%),TRUE:  0,FALSE:  0

