sys.log 2019-11-30 09:33:05  loga.py  putSystemLog [line:82] INFO 程序启动.财务管理-总账.xml
sys.log 2019-11-30 09:33:05  loga.py  putSystemLog [line:82] INFO Start.
sys.log 2019-11-30 09:34:31  loga.py  putSystemLog [line:82] INFO End.
sys.log 2019-11-30 09:34:31  loga.py  putSystemLog [line:82] INFO 程序结束.财务管理-总账.xml

sys.log 2019-11-30 10:52:35  loga.py  putSystemLog [line:82] INFO 程序启动.财务管理-总账.xml
sys.log 2019-11-30 10:52:36  loga.py  putSystemLog [line:82] INFO Start.
sys.log 2019-11-30 10:54:22  loga.py  putSystemLog [line:82] INFO End.
sys.log 2019-11-30 10:54:22  loga.py  putSystemLog [line:82] INFO 程序结束.财务管理-总账.xml

sys.log 2019-11-30 10:57:58  loga.py  putSystemLog [line:82] INFO 程序启动.财务管理-总账.xml
sys.log 2019-11-30 10:57:58  loga.py  putSystemLog [line:82] INFO Start.
sys.log 2019-11-30 11:03:28  loga.py  putSystemLog [line:82] INFO 程序启动.财务管理-总账.xml
sys.log 2019-11-30 11:03:29  loga.py  putSystemLog [line:82] INFO Start.
sys.log 2019-11-30 11:06:08  loga.py  putSystemLog [line:82] INFO End.
sys.log 2019-11-30 11:06:08  loga.py  putSystemLog [line:82] INFO 程序结束.财务管理-总账.xml

sys.log 2019-11-30 14:54:06  loga.py  putSystemLog [line:82] INFO 程序启动.基本脚本录制.xml
sys.log 2019-11-30 14:54:06  loga.py  putSystemLog [line:82] INFO Start.
sys.log 2019-11-30 14:55:15  loga.py  putSystemLog [line:82] INFO 程序启动.基本脚本录制.xml
sys.log 2019-11-30 14:55:16  loga.py  putSystemLog [line:82] INFO Start.
sys.log 2019-11-30 14:56:50  loga.py  putSystemLog [line:82] INFO End.
sys.log 2019-11-30 14:56:50  loga.py  putSystemLog [line:82] INFO 程序结束.基本脚本录制.xml

sys.log 2019-11-30 15:00:16  loga.py  putSystemLog [line:82] INFO 程序启动.基本脚本录制.xml
sys.log 2019-11-30 15:00:16  loga.py  putSystemLog [line:82] INFO Start.
sys.log 2019-11-30 15:01:29  loga.py  putSystemLog [line:82] INFO End.
sys.log 2019-11-30 15:01:29  loga.py  putSystemLog [line:82] INFO 程序结束.基本脚本录制.xml

sys.log 2019-11-30 15:32:10  loga.py  putSystemLog [line:82] INFO 程序启动.基本脚本录制.xml
sys.log 2019-11-30 15:32:10  loga.py  putSystemLog [line:82] INFO Start.
sys.log 2019-11-30 15:33:25  loga.py  putSystemLog [line:82] INFO End.
sys.log 2019-11-30 15:33:25  loga.py  putSystemLog [line:82] INFO 程序结束.基本脚本录制.xml

sys.log 2019-11-30 15:50:10  loga.py  putSystemLog [line:82] INFO 程序启动.基本脚本录制.xml
sys.log 2019-11-30 15:50:10  loga.py  putSystemLog [line:82] INFO Start.
sys.log 2019-11-30 15:51:44  loga.py  putSystemLog [line:82] INFO 程序启动.基本脚本录制.xml
sys.log 2019-11-30 15:51:45  loga.py  putSystemLog [line:82] INFO Start.
sys.log 2019-11-30 15:52:59  loga.py  putSystemLog [line:82] INFO End.
sys.log 2019-11-30 15:52:59  loga.py  putSystemLog [line:82] INFO 程序结束.基本脚本录制.xml

sys.log 2019-11-30 15:53:24  loga.py  putSystemLog [line:82] INFO 程序启动.基本脚本录制.xml
sys.log 2019-11-30 15:53:24  loga.py  putSystemLog [line:82] INFO Start.
sys.log 2019-11-30 15:54:39  loga.py  putSystemLog [line:82] INFO End.
sys.log 2019-11-30 15:54:39  loga.py  putSystemLog [line:82] INFO 程序结束.基本脚本录制.xml

sys.log 2019-11-30 15:55:29  loga.py  putSystemLog [line:82] INFO 程序启动.基本脚本录制.xml
sys.log 2019-11-30 15:55:29  loga.py  putSystemLog [line:82] INFO Start.
sys.log 2019-11-30 15:56:47  loga.py  putSystemLog [line:82] INFO End.
sys.log 2019-11-30 15:56:47  loga.py  putSystemLog [line:82] INFO 程序结束.基本脚本录制.xml

sys.log 2019-11-30 15:58:14  loga.py  putSystemLog [line:82] INFO 程序启动.基本脚本录制.xml
sys.log 2019-11-30 15:58:14  loga.py  putSystemLog [line:82] INFO Start.
sys.log 2019-11-30 15:59:33  loga.py  putSystemLog [line:82] INFO End.
sys.log 2019-11-30 15:59:33  loga.py  putSystemLog [line:82] INFO 程序结束.基本脚本录制.xml

sys.log 2019-11-30 16:01:19  loga.py  putSystemLog [line:82] INFO 程序启动.基本脚本录制.xml
sys.log 2019-11-30 16:01:19  loga.py  putSystemLog [line:82] INFO Start.
sys.log 2019-11-30 16:02:40  loga.py  putSystemLog [line:82] INFO End.
sys.log 2019-11-30 16:02:40  loga.py  putSystemLog [line:82] INFO 程序结束.基本脚本录制.xml

sys.log 2019-11-30 16:52:24  loga.py  putSystemLog [line:82] INFO 程序启动.基本脚本录制.xml
sys.log 2019-11-30 16:52:24  loga.py  putSystemLog [line:82] INFO Start.
sys.log 2019-11-30 16:53:45  loga.py  putSystemLog [line:82] INFO End.
sys.log 2019-11-30 16:53:45  loga.py  putSystemLog [line:82] INFO 程序结束.基本脚本录制.xml

