2019-11-29 15:23:32 Start.
2019-11-29 15:23:32 场景<1>开始.
2019-11-29 15:23:36 行号:0    PASS   最大化浏览器窗口[maximize_window]  用时:1.114s  
2019-11-29 15:23:37 chrome浏览器启动成功.
2019-11-29 15:23:37 开始加载脚本...
2019-11-29 15:23:37 脚本<1>：U8EX登录 加载成功.脚本路径：script/testCase/U8EX项目/公共/U8EX登录
2019-11-29 15:23:37 脚本<2>：现金流量项目 加载成功.脚本路径：script/testCase/Y3me项目/数字化建模/总账/现金流量项目
2019-11-29 15:23:37 脚本<3>：U8EX登出 加载成功.脚本路径：script/testCase/U8EX项目/公共/U8EX登出
2019-11-29 15:23:37 脚本加载完成...
2019-11-29 15:23:37 开始运行脚本<class 'script.testCase.U8EX项目.公共.U8EX登录.EasyCase'>
2019-11-29 15:23:39 行号:27   PASS   访问页面[get]  用时:1.197s  
2019-11-29 15:23:40 行号:29   PASS   查找元素[find_element]  用时:0.010s  
2019-11-29 15:23:40 行号:30   PASS   查找元素[find_element]  用时:0.006s  
2019-11-29 15:23:41 行号:30   PASS   左键单击[click]  用时:0.053s  
2019-11-29 15:23:42 行号:34   PASS   查找元素[find_element]  用时:0.012s  
2019-11-29 15:23:42 行号:35   PASS   查找元素[find_element]  用时:0.005s  
2019-11-29 15:23:43 行号:36   PASS   切换到表单[frame]  用时:0.022s  
2019-11-29 15:23:45 行号:39   PASS   查找元素[find_element]  用时:0.035s  
2019-11-29 15:23:45 行号:40   PASS   查找元素[find_element]  用时:0.006s  
2019-11-29 15:23:46 行号:40   PASS   清除文本[clear]  用时:0.017s  
2019-11-29 15:23:47 行号:41   PASS   查找元素[find_element]  用时:0.018s  
2019-11-29 15:23:47 行号:41   PASS   模拟输入[send_keys]  用时:0.090s  
2019-11-29 15:23:48 行号:42   PASS   查找元素[find_element]  用时:0.012s  
2019-11-29 15:23:49 行号:42   PASS   清除文本[clear]  用时:0.016s  
2019-11-29 15:23:50 行号:43   PASS   查找元素[find_element]  用时:0.006s  
2019-11-29 15:23:50 行号:43   PASS   模拟输入[send_keys]  用时:0.077s  
2019-11-29 15:23:51 行号:45   PASS   查找元素[find_element]  用时:0.008s  
2019-11-29 15:23:52 行号:46   PASS   查找元素[find_element]  用时:0.008s  
2019-11-29 15:23:53 行号:46   PASS   左键单击[click]  用时:0.085s  
2019-11-29 15:23:54 行号:52   PASS   查找元素[find_element]  用时:0.010s  
2019-11-29 15:23:54 行号:53   PASS   查找元素[find_element]  用时:0.006s  
2019-11-29 15:23:56 行号:53   PASS   左键单击[click]  用时:1.100s  在2次重新定位元素后，元素行为执行成功
2019-11-29 15:23:57 行号:54   PASS   查找元素[find_element]  用时:0.011s  
2019-11-29 15:23:57 行号:54   PASS   左键单击[click]  用时:0.097s  
2019-11-29 15:23:58 行号:56   PASS   查找元素[find_element]  用时:0.009s  
2019-11-29 15:23:59 行号:56   PASS   左键单击[click]  用时:0.443s  
2019-11-29 15:24:00 脚本运行完毕...
2019-11-29 15:24:00 开始运行脚本<class 'script.testCase.Y3me项目.数字化建模.总账.现金流量项目.EasyCase'>
2019-11-29 15:24:00 行号:24   PASS   刷新页面[refresh]  用时:0.014s  
2019-11-29 15:24:01 行号:27   PASS   查找元素[find_element]  用时:0.012s  
2019-11-29 15:24:02 行号:28   PASS   查找元素[find_element]  用时:0.007s  
2019-11-29 15:24:02 行号:28   PASS   左键单击[click]  用时:0.082s  
2019-11-29 15:24:03 行号:32   PASS   查找元素[find_element]  用时:0.010s  
2019-11-29 15:24:04 行号:33   PASS   查找元素[find_element]  用时:0.007s  
2019-11-29 15:24:04 行号:33   PASS   左键单击[click]  用时:0.056s  
2019-11-29 15:24:05 行号:35   PASS   查找元素[find_element]  用时:0.011s  
2019-11-29 15:24:06 行号:37   PASS   查找元素[find_element]  用时:0.008s  
2019-11-29 15:24:08 行号:43   PASS   查找元素[find_element]  用时:0.009s  
2019-11-29 15:24:08 行号:45   PASS   查找元素[find_element]  用时:0.008s  
2019-11-29 15:24:11 行号:52   PASS   查找元素[find_element]  用时:0.064s  
2019-11-29 15:24:11 行号:54   PASS   查找元素[find_element]  用时:0.006s  
2019-11-29 15:24:12 行号:57   PASS   查找元素[find_element]  用时:0.009s  
2019-11-29 15:24:12 行号:58   PASS   查找元素[find_element]  用时:0.005s  
2019-11-29 15:24:13 行号:59   PASS   切换到表单[frame]  用时:0.016s  
2019-11-29 15:24:18 行号:63   PASS   查找元素[find_element]  用时:3.875s  
2019-11-29 15:24:18 行号:65   PASS   查找元素[find_element]  用时:0.006s  
2019-11-29 15:24:19 行号:65   PASS   左键单击[click]  用时:0.084s  
2019-11-29 15:24:20 行号:68   PASS   查找元素[find_element]  用时:0.009s  
2019-11-29 15:24:20 行号:69   PASS   查找元素[find_element]  用时:0.006s  
2019-11-29 15:24:21 行号:69   PASS   左键单击[click]  用时:0.061s  
2019-11-29 15:24:22 行号:73   PASS   查找元素[find_element]  用时:0.009s  
2019-11-29 15:24:22 行号:75   PASS   查找元素[find_element]  用时:0.007s  
2019-11-29 15:24:23 行号:75   PASS   左键单击[click]  用时:0.062s  
2019-11-29 15:24:24 行号:78   PASS   查找元素[find_element]  用时:0.010s  
2019-11-29 15:24:24 行号:79   PASS   查找元素[find_element]  用时:0.006s  
2019-11-29 15:24:25 行号:81   PASS   查找元素[find_element]  用时:0.009s  
2019-11-29 15:24:26 行号:82   PASS   查找元素[find_element]  用时:0.006s  
2019-11-29 15:24:26 行号:82   PASS   左键单击[click]  用时:0.086s  
2019-11-29 15:24:27 行号:0    ERROR  [runTest]  用时:  测试用例脚本发生错误，请检查脚本代码：name 'random' is not defined
2019-11-29 15:24:27 脚本运行完毕...
2019-11-29 15:24:27 开始运行脚本<class 'script.testCase.U8EX项目.公共.U8EX登出.EasyCase'>
2019-11-29 15:24:27 行号:24   PASS   刷新页面[refresh]  用时:0.015s  
2019-11-29 15:24:29 行号:26   PASS   查找元素[find_element]  用时:0.012s  
2019-11-29 15:24:30 行号:26   PASS   左键单击[click]  用时:0.050s  
2019-11-29 15:24:31 行号:27   PASS   查找元素[find_element]  用时:0.013s  
2019-11-29 15:24:32 行号:27   PASS   左键单击[click]  用时:0.461s  
2019-11-29 15:24:33 脚本运行完毕...
2019-11-29 15:24:33 行号:0    PASS   关闭浏览器[quit]  用时:0.290s  
2019-11-29 15:24:36 场景<1>结束.用时:63.493s.
2019-11-29 15:24:36 场景统计结果：PASS: 63(98.44%),FAIL:  0(0.00%),ERROR:  1(1.56%),TRUE:  0,FALSE:  0

2019-11-29 15:24:36 ----------------------------------------
2019-11-29 15:24:36 End.
2019-11-29 15:24:36 测试方案统计结果:
                    场景<1>:PASS: 63(98.44%),FAIL:  0(0.00%),ERROR:  1(1.56%),TRUE:  0,FALSE:  0
                    总   计:PASS: 63(98.44%),FAIL:  0(0.00%),ERROR:  1(1.56%),TRUE:  0,FALSE:  0

