2019-11-29 14:08:06 Start.
2019-11-29 14:08:06 场景<1>开始.
2019-11-29 14:08:09 行号:0    PASS   最大化浏览器窗口[maximize_window]  用时:1.116s  
2019-11-29 14:08:10 chrome浏览器启动成功.
2019-11-29 14:08:10 开始加载脚本...
2019-11-29 14:08:10 脚本<1>：U8EX登录 加载成功.脚本路径：script/testCase/U8EX项目/公共/U8EX登录
2019-11-29 14:08:10 脚本<2>：现金流量项目 加载成功.脚本路径：script/testCase/Y3me项目/数字化建模/总账/现金流量项目
2019-11-29 14:08:10 脚本<3>：U8EX登出 加载成功.脚本路径：script/testCase/U8EX项目/公共/U8EX登出
2019-11-29 14:08:10 脚本加载完成...
2019-11-29 14:08:10 开始运行脚本<class 'script.testCase.U8EX项目.公共.U8EX登录.EasyCase'>
2019-11-29 14:08:12 行号:28   PASS   访问页面[get]  用时:1.146s  
2019-11-29 14:08:13 行号:29   PASS   查找元素[find_element]  用时:0.010s  
2019-11-29 14:08:13 行号:29   PASS   左键单击[click]  用时:0.074s  
2019-11-29 14:08:14 行号:32   PASS   查找元素[find_element]  用时:0.009s  
2019-11-29 14:08:15 行号:33   PASS   切换到表单[frame]  用时:0.016s  
2019-11-29 14:08:17 行号:36   PASS   查找元素[find_element]  用时:0.010s  
2019-11-29 14:08:17 行号:36   PASS   清除文本[clear]  用时:0.017s  
2019-11-29 14:08:18 行号:37   PASS   查找元素[find_element]  用时:0.007s  
2019-11-29 14:08:19 行号:37   PASS   模拟输入[send_keys]  用时:0.078s  
2019-11-29 14:08:20 行号:38   PASS   查找元素[find_element]  用时:0.011s  
2019-11-29 14:08:20 行号:38   PASS   清除文本[clear]  用时:0.018s  
2019-11-29 14:08:21 行号:39   PASS   查找元素[find_element]  用时:0.007s  
2019-11-29 14:08:22 行号:39   PASS   模拟输入[send_keys]  用时:0.062s  
2019-11-29 14:08:24 行号:41   PASS   查找元素[find_element]  用时:0.010s  
2019-11-29 14:08:24 行号:41   PASS   左键单击[click]  用时:0.090s  
2019-11-29 14:08:27 行号:47   PASS   查找元素[find_element]  用时:0.013s  
2019-11-29 14:08:28 行号:47   PASS   左键单击[click]  用时:0.407s  
2019-11-29 14:08:29 行号:48   PASS   查找元素[find_element]  用时:0.010s  
2019-11-29 14:08:29 行号:48   PASS   左键单击[click]  用时:0.075s  
2019-11-29 14:08:30 行号:50   PASS   查找元素[find_element]  用时:0.008s  
2019-11-29 14:08:31 行号:50   PASS   左键单击[click]  用时:0.421s  
2019-11-29 14:08:32 脚本运行完毕...
2019-11-29 14:08:32 开始运行脚本<class 'script.testCase.Y3me项目.数字化建模.总账.现金流量项目.EasyCase'>
2019-11-29 14:08:32 行号:24   PASS   刷新页面[refresh]  用时:0.235s  
2019-11-29 14:08:33 行号:26   PASS   查找元素[find_element]  用时:0.010s  
2019-11-29 14:08:35 行号:26   PASS   左键单击[click]  用时:1.132s  在2次重新定位元素后，元素行为执行成功
2019-11-29 14:08:37 行号:29   PASS   查找元素[find_element]  用时:0.011s  
2019-11-29 14:08:38 行号:29   PASS   左键单击[click]  用时:0.038s  
2019-11-29 14:08:40 行号:32   PASS   查找元素[find_element]  用时:0.009s  
2019-11-29 14:08:42 行号:39   PASS   查找元素[find_element]  用时:0.009s  
2019-11-29 14:08:47 行号:46   PASS   查找元素[find_element]  用时:0.009s  
2019-11-29 14:08:47 行号:48   ERROR  切换到表单[frame]  用时:0.000s  [decorator.driverAction_dec]:wrapper() missing 1 required positional argument: 'alias'
2019-11-29 14:09:18 行号:54   FAIL   查找元素[find_element]  用时:30.025s  参数:{'list': '', 'dict': {'xpath': '//*[text()="新增"]'}} 页面中没有该元素.NoSuchElementException
2019-11-29 14:09:29 行号:0    ERROR  [runTest]  用时:  测试用例脚本发生错误，请检查脚本代码：
2019-11-29 14:09:29 脚本运行完毕...
2019-11-29 14:09:29 开始运行脚本<class 'script.testCase.U8EX项目.公共.U8EX登出.EasyCase'>
2019-11-29 14:09:29 行号:24   PASS   刷新页面[refresh]  用时:0.006s  
2019-11-29 14:09:31 行号:26   PASS   查找元素[find_element]  用时:0.013s  
2019-11-29 14:09:31 行号:26   PASS   左键单击[click]  用时:0.056s  
2019-11-29 14:09:32 行号:27   PASS   查找元素[find_element]  用时:0.011s  
2019-11-29 14:09:33 行号:27   PASS   左键单击[click]  用时:0.532s  
2019-11-29 14:09:34 脚本运行完毕...
2019-11-29 14:09:35 行号:0    PASS   关闭浏览器[quit]  用时:0.296s  
2019-11-29 14:09:38 场景<1>结束.用时:92.120s.
2019-11-29 14:09:38 场景统计结果：PASS: 36(92.31%),FAIL:  1(2.56%),ERROR:  2(5.13%),TRUE:  0,FALSE:  0

2019-11-29 14:09:38 ----------------------------------------
2019-11-29 14:09:38 End.
2019-11-29 14:09:38 测试方案统计结果:
                    场景<1>:PASS: 36(92.31%),FAIL:  1(2.56%),ERROR:  2(5.13%),TRUE:  0,FALSE:  0
                    总   计:PASS: 36(92.31%),FAIL:  1(2.56%),ERROR:  2(5.13%),TRUE:  0,FALSE:  0

