2019-11-29 14:36:01 Start.
2019-11-29 14:36:01 场景<1>开始.
2019-11-29 14:36:05 行号:0    PASS   最大化浏览器窗口[maximize_window]  用时:1.118s  
2019-11-29 14:36:06 chrome浏览器启动成功.
2019-11-29 14:36:06 开始加载脚本...
2019-11-29 14:36:06 脚本<1>：U8EX登录 加载成功.脚本路径：script/testCase/U8EX项目/公共/U8EX登录
2019-11-29 14:36:06 脚本<2>：现金流量项目 加载成功.脚本路径：script/testCase/Y3me项目/数字化建模/总账/现金流量项目
2019-11-29 14:36:06 脚本<3>：U8EX登出 加载成功.脚本路径：script/testCase/U8EX项目/公共/U8EX登出
2019-11-29 14:36:06 脚本加载完成...
2019-11-29 14:36:06 开始运行脚本<class 'script.testCase.U8EX项目.公共.U8EX登录.EasyCase'>
2019-11-29 14:36:07 行号:30   PASS   访问页面[get]  用时:1.203s  
2019-11-29 14:36:08 行号:32   PASS   查找元素[find_element]  用时:0.011s  
2019-11-29 14:36:08 行号:33   PASS   查找元素[find_element]  用时:0.006s  
2019-11-29 14:36:09 行号:33   PASS   左键单击[click]  用时:0.062s  
2019-11-29 14:36:10 行号:37   PASS   查找元素[find_element]  用时:0.010s  
2019-11-29 14:36:11 行号:38   PASS   查找元素[find_element]  用时:0.006s  
2019-11-29 14:36:11 行号:39   PASS   切换到表单[frame]  用时:0.017s  
2019-11-29 14:36:42 行号:42   FAIL   查找元素[find_element]  用时:30.009s  参数:{'list': '', 'dict': {'id': 'username'}} 页面中没有该元素.NoSuchElementException
2019-11-29 14:36:53 行号:0    ERROR  [runTest]  用时:  测试用例脚本发生错误，请检查脚本代码：
2019-11-29 14:36:53 脚本运行完毕...
2019-11-29 14:36:53 开始运行脚本<class 'script.testCase.Y3me项目.数字化建模.总账.现金流量项目.EasyCase'>
2019-11-29 14:36:53 行号:24   PASS   刷新页面[refresh]  用时:0.006s  
2019-11-29 14:37:24 行号:27   FAIL   查找元素[find_element]  用时:30.043s  参数:{'list': '', 'dict': {'class name': 'lebra-navbar-left-icon'}} 页面中没有该元素.NoSuchElementException
