2019-11-29 14:21:47 Start.
2019-11-29 14:21:47 场景<1>开始.
2019-11-29 14:21:51 行号:0    PASS   最大化浏览器窗口[maximize_window]  用时:1.115s  
2019-11-29 14:21:52 chrome浏览器启动成功.
2019-11-29 14:21:52 开始加载脚本...
2019-11-29 14:21:52 脚本<1>：U8EX登录 加载成功.脚本路径：script/testCase/U8EX项目/公共/U8EX登录
2019-11-29 14:21:52 脚本<2>：现金流量项目 加载成功.脚本路径：script/testCase/Y3me项目/数字化建模/总账/现金流量项目
2019-11-29 14:21:52 脚本<3>：U8EX登出 加载成功.脚本路径：script/testCase/U8EX项目/公共/U8EX登出
2019-11-29 14:21:52 脚本加载完成...
2019-11-29 14:21:52 开始运行脚本<class 'script.testCase.U8EX项目.公共.U8EX登录.EasyCase'>
2019-11-29 14:21:54 行号:28   PASS   访问页面[get]  用时:1.648s  
2019-11-29 14:21:55 行号:29   PASS   查找元素[find_element]  用时:0.011s  
2019-11-29 14:21:55 行号:29   PASS   左键单击[click]  用时:0.049s  
2019-11-29 14:21:56 行号:32   PASS   查找元素[find_element]  用时:0.010s  
2019-11-29 14:21:57 行号:33   PASS   切换到表单[frame]  用时:0.016s  
2019-11-29 14:21:59 行号:36   PASS   查找元素[find_element]  用时:0.011s  
2019-11-29 14:21:59 行号:36   PASS   清除文本[clear]  用时:0.018s  
2019-11-29 14:22:00 行号:37   PASS   查找元素[find_element]  用时:0.008s  
2019-11-29 14:22:01 行号:37   PASS   模拟输入[send_keys]  用时:0.079s  
2019-11-29 14:22:02 行号:38   PASS   查找元素[find_element]  用时:0.009s  
2019-11-29 14:22:02 行号:38   PASS   清除文本[clear]  用时:0.017s  
2019-11-29 14:22:03 行号:39   PASS   查找元素[find_element]  用时:0.007s  
2019-11-29 14:22:04 行号:39   PASS   模拟输入[send_keys]  用时:0.063s  
2019-11-29 14:22:06 行号:41   PASS   查找元素[find_element]  用时:0.011s  
2019-11-29 14:22:07 行号:41   PASS   左键单击[click]  用时:0.087s  
2019-11-29 14:22:09 行号:47   PASS   查找元素[find_element]  用时:0.011s  
2019-11-29 14:22:09 行号:47   PASS   左键单击[click]  用时:0.224s  
2019-11-29 14:22:10 行号:48   PASS   查找元素[find_element]  用时:0.041s  
2019-11-29 14:22:11 行号:48   PASS   左键单击[click]  用时:0.101s  
2019-11-29 14:22:12 行号:50   PASS   查找元素[find_element]  用时:0.012s  
2019-11-29 14:22:13 行号:50   PASS   左键单击[click]  用时:0.404s  
2019-11-29 14:22:14 脚本运行完毕...
2019-11-29 14:22:14 开始运行脚本<class 'script.testCase.Y3me项目.数字化建模.总账.现金流量项目.EasyCase'>
2019-11-29 14:22:14 行号:24   PASS   刷新页面[refresh]  用时:0.222s  
2019-11-29 14:22:15 行号:27   PASS   查找元素[find_element]  用时:0.011s  
2019-11-29 14:22:16 行号:28   PASS   查找元素[find_element]  用时:0.006s  
2019-11-29 14:22:16 行号:28   PASS   左键单击[click]  用时:0.120s  
2019-11-29 14:22:17 行号:32   PASS   查找元素[find_element]  用时:0.011s  
2019-11-29 14:22:18 行号:33   PASS   查找元素[find_element]  用时:0.006s  
2019-11-29 14:22:18 行号:33   PASS   左键单击[click]  用时:0.054s  
2019-11-29 14:22:19 行号:35   PASS   查找元素[find_element]  用时:0.008s  
2019-11-29 14:22:20 行号:37   PASS   查找元素[find_element]  用时:0.006s  
2019-11-29 14:22:21 行号:43   PASS   查找元素[find_element]  用时:0.010s  
2019-11-29 14:22:22 行号:45   PASS   查找元素[find_element]  用时:0.007s  
2019-11-29 14:22:25 行号:52   PASS   查找元素[find_element]  用时:0.068s  
2019-11-29 14:22:25 行号:54   PASS   查找元素[find_element]  用时:0.006s  
2019-11-29 14:22:26 行号:57   PASS   查找元素[find_element]  用时:0.008s  
2019-11-29 14:22:26 行号:58   PASS   查找元素[find_element]  用时:0.007s  
2019-11-29 14:22:27 行号:59   PASS   切换到表单[frame]  用时:0.017s  
2019-11-29 14:22:30 行号:63   PASS   查找元素[find_element]  用时:2.074s  
2019-11-29 14:22:30 行号:64   PASS   查找元素[find_element]  用时:0.007s  
2019-11-29 14:22:31 行号:64   PASS   左键单击[click]  用时:0.067s  
2019-11-29 14:22:32 行号:67   PASS   查找元素[find_element]  用时:0.008s  
2019-11-29 14:22:32 行号:67   PASS   左键单击[click]  用时:0.037s  
2019-11-29 14:22:36 行号:69   PASS   查找元素[find_element]  用时:0.010s  
2019-11-29 14:22:37 行号:69   PASS   左键单击[click]  用时:0.053s  
2019-11-29 14:22:38 脚本运行完毕...
2019-11-29 14:22:38 开始运行脚本<class 'script.testCase.U8EX项目.公共.U8EX登出.EasyCase'>
2019-11-29 14:22:38 行号:24   PASS   刷新页面[refresh]  用时:0.007s  
2019-11-29 14:22:40 行号:26   PASS   查找元素[find_element]  用时:0.013s  
2019-11-29 14:22:41 行号:26   PASS   左键单击[click]  用时:0.060s  
2019-11-29 14:22:42 行号:27   PASS   查找元素[find_element]  用时:0.009s  
2019-11-29 14:22:43 行号:27   PASS   左键单击[click]  用时:0.509s  
2019-11-29 14:22:44 脚本运行完毕...
2019-11-29 14:22:44 行号:0    PASS   关闭浏览器[quit]  用时:0.268s  
2019-11-29 14:22:47 场景<1>结束.用时:59.676s.
2019-11-29 14:22:47 场景统计结果：PASS: 51(100.00%),FAIL:  0(0.00%),ERROR:  0(0.00%),TRUE:  0,FALSE:  0

2019-11-29 14:22:47 ----------------------------------------
2019-11-29 14:22:47 End.
2019-11-29 14:22:47 测试方案统计结果:
                    场景<1>:PASS: 51(100.00%),FAIL:  0(0.00%),ERROR:  0(0.00%),TRUE:  0,FALSE:  0
                    总   计:PASS: 51(100.00%),FAIL:  0(0.00%),ERROR:  0(0.00%),TRUE:  0,FALSE:  0

