2019-11-29 14:37:32 Start.
2019-11-29 14:37:32 场景<1>开始.
2019-11-29 14:37:36 行号:0    PASS   最大化浏览器窗口[maximize_window]  用时:1.113s  
2019-11-29 14:37:37 chrome浏览器启动成功.
2019-11-29 14:37:37 开始加载脚本...
2019-11-29 14:37:37 脚本<1>：U8EX登录 加载成功.脚本路径：script/testCase/U8EX项目/公共/U8EX登录
2019-11-29 14:37:37 脚本<2>：现金流量项目 加载成功.脚本路径：script/testCase/Y3me项目/数字化建模/总账/现金流量项目
2019-11-29 14:37:37 脚本<3>：U8EX登出 加载成功.脚本路径：script/testCase/U8EX项目/公共/U8EX登出
2019-11-29 14:37:37 脚本加载完成...
2019-11-29 14:37:37 开始运行脚本<class 'script.testCase.U8EX项目.公共.U8EX登录.EasyCase'>
2019-11-29 14:37:39 行号:30   PASS   访问页面[get]  用时:1.365s  
2019-11-29 14:37:40 行号:32   PASS   查找元素[find_element]  用时:0.012s  
2019-11-29 14:37:40 行号:33   PASS   查找元素[find_element]  用时:0.009s  
2019-11-29 14:37:41 行号:33   PASS   左键单击[click]  用时:0.065s  
2019-11-29 14:37:42 行号:37   PASS   查找元素[find_element]  用时:0.009s  
2019-11-29 14:37:42 行号:38   PASS   查找元素[find_element]  用时:0.005s  
2019-11-29 14:37:43 行号:39   PASS   切换到表单[frame]  用时:0.020s  
2019-11-29 14:37:45 行号:42   PASS   查找元素[find_element]  用时:0.011s  
2019-11-29 14:37:45 行号:43   PASS   查找元素[find_element]  用时:0.005s  
2019-11-29 14:37:46 行号:43   PASS   清除文本[clear]  用时:0.021s  
2019-11-29 14:37:47 行号:44   PASS   查找元素[find_element]  用时:0.007s  
2019-11-29 14:37:47 行号:44   PASS   模拟输入[send_keys]  用时:0.070s  
2019-11-29 14:37:48 行号:45   PASS   查找元素[find_element]  用时:0.013s  
2019-11-29 14:37:49 行号:45   PASS   清除文本[clear]  用时:0.021s  
2019-11-29 14:37:50 行号:46   PASS   查找元素[find_element]  用时:0.005s  
2019-11-29 14:37:50 行号:46   PASS   模拟输入[send_keys]  用时:0.055s  
2019-11-29 14:37:51 行号:48   PASS   查找元素[find_element]  用时:0.010s  
2019-11-29 14:37:52 行号:49   PASS   查找元素[find_element]  用时:0.005s  
2019-11-29 14:37:53 行号:49   PASS   左键单击[click]  用时:0.080s  
2019-11-29 14:37:54 行号:55   PASS   查找元素[find_element]  用时:0.011s  
2019-11-29 14:37:54 行号:56   PASS   查找元素[find_element]  用时:0.007s  
2019-11-29 14:37:55 行号:56   PASS   左键单击[click]  用时:0.094s  
2019-11-29 14:37:56 行号:57   PASS   查找元素[find_element]  用时:0.011s  
2019-11-29 14:37:56 行号:57   PASS   左键单击[click]  用时:0.091s  
2019-11-29 14:37:57 行号:59   PASS   查找元素[find_element]  用时:0.010s  
2019-11-29 14:37:58 行号:59   PASS   左键单击[click]  用时:0.491s  
2019-11-29 14:37:59 脚本运行完毕...
2019-11-29 14:37:59 开始运行脚本<class 'script.testCase.Y3me项目.数字化建模.总账.现金流量项目.EasyCase'>
2019-11-29 14:38:00 行号:24   PASS   刷新页面[refresh]  用时:0.237s  
2019-11-29 14:38:01 行号:27   PASS   查找元素[find_element]  用时:0.010s  
2019-11-29 14:38:01 行号:28   PASS   查找元素[find_element]  用时:0.008s  
2019-11-29 14:38:02 行号:28   PASS   左键单击[click]  用时:0.099s  
2019-11-29 14:38:03 行号:32   PASS   查找元素[find_element]  用时:0.013s  
2019-11-29 14:38:03 行号:33   PASS   查找元素[find_element]  用时:0.006s  
2019-11-29 14:38:04 行号:33   PASS   左键单击[click]  用时:0.053s  
2019-11-29 14:38:05 行号:35   PASS   查找元素[find_element]  用时:0.015s  
2019-11-29 14:38:05 行号:37   PASS   查找元素[find_element]  用时:0.005s  
2019-11-29 14:38:07 行号:43   PASS   查找元素[find_element]  用时:0.014s  
2019-11-29 14:38:08 行号:45   PASS   查找元素[find_element]  用时:0.006s  
2019-11-29 14:38:10 行号:52   PASS   查找元素[find_element]  用时:0.069s  
2019-11-29 14:38:11 行号:54   PASS   查找元素[find_element]  用时:0.006s  
2019-11-29 14:38:11 行号:57   PASS   查找元素[find_element]  用时:0.008s  
2019-11-29 14:38:12 行号:58   PASS   查找元素[find_element]  用时:0.007s  
2019-11-29 14:38:12 行号:59   PASS   切换到表单[frame]  用时:0.014s  
2019-11-29 14:38:15 行号:63   PASS   查找元素[find_element]  用时:1.564s  
2019-11-29 14:38:15 行号:64   PASS   查找元素[find_element]  用时:0.008s  
2019-11-29 14:38:16 行号:64   PASS   左键单击[click]  用时:0.065s  
2019-11-29 14:38:17 行号:67   PASS   查找元素[find_element]  用时:0.008s  
2019-11-29 14:38:17 行号:67   PASS   左键单击[click]  用时:0.036s  
2019-11-29 14:38:21 行号:69   PASS   查找元素[find_element]  用时:0.008s  
2019-11-29 14:38:22 行号:69   PASS   左键单击[click]  用时:0.051s  
2019-11-29 14:38:23 脚本运行完毕...
2019-11-29 14:38:23 开始运行脚本<class 'script.testCase.U8EX项目.公共.U8EX登出.EasyCase'>
2019-11-29 14:38:23 行号:24   PASS   刷新页面[refresh]  用时:0.013s  
2019-11-29 14:38:25 行号:26   PASS   查找元素[find_element]  用时:0.010s  
2019-11-29 14:38:31 行号:26   PASS   左键单击[click]  用时:5.055s  
2019-11-29 14:38:32 行号:27   PASS   查找元素[find_element]  用时:0.011s  
2019-11-29 14:38:38 行号:27   PASS   左键单击[click]  用时:5.478s  
2019-11-29 14:38:39 脚本运行完毕...
2019-11-29 14:38:39 行号:0    PASS   关闭浏览器[quit]  用时:0.249s  
2019-11-29 14:38:42 场景<1>结束.用时:69.427s.
2019-11-29 14:38:42 场景统计结果：PASS: 56(100.00%),FAIL:  0(0.00%),ERROR:  0(0.00%),TRUE:  0,FALSE:  0

2019-11-29 14:38:42 ----------------------------------------
2019-11-29 14:38:42 End.
2019-11-29 14:38:42 测试方案统计结果:
                    场景<1>:PASS: 56(100.00%),FAIL:  0(0.00%),ERROR:  0(0.00%),TRUE:  0,FALSE:  0
                    总   计:PASS: 56(100.00%),FAIL:  0(0.00%),ERROR:  0(0.00%),TRUE:  0,FALSE:  0

