2019-11-29 15:21:38 Start.
2019-11-29 15:21:38 场景<1>开始.
2019-11-29 15:21:42 行号:0    PASS   最大化浏览器窗口[maximize_window]  用时:1.117s  
2019-11-29 15:21:43 chrome浏览器启动成功.
2019-11-29 15:21:43 开始加载脚本...
2019-11-29 15:21:43 脚本<1>：U8EX登录 加载成功.脚本路径：script/testCase/U8EX项目/公共/U8EX登录
2019-11-29 15:21:43 脚本<2>：现金流量项目 加载成功.脚本路径：script/testCase/Y3me项目/数字化建模/总账/现金流量项目
2019-11-29 15:21:43 脚本<3>：U8EX登出 加载成功.脚本路径：script/testCase/U8EX项目/公共/U8EX登出
2019-11-29 15:21:43 脚本加载完成...
2019-11-29 15:21:43 开始运行脚本<class 'script.testCase.U8EX项目.公共.U8EX登录.EasyCase'>
2019-11-29 15:21:45 行号:27   PASS   访问页面[get]  用时:1.447s  
2019-11-29 15:21:46 行号:29   PASS   查找元素[find_element]  用时:0.014s  
2019-11-29 15:21:46 行号:30   PASS   查找元素[find_element]  用时:0.006s  
2019-11-29 15:21:47 行号:30   PASS   左键单击[click]  用时:0.060s  
2019-11-29 15:21:48 行号:34   PASS   查找元素[find_element]  用时:0.010s  
2019-11-29 15:21:49 行号:35   PASS   查找元素[find_element]  用时:0.005s  
2019-11-29 15:21:49 行号:36   PASS   切换到表单[frame]  用时:0.018s  
2019-11-29 15:21:51 行号:39   PASS   查找元素[find_element]  用时:0.011s  
2019-11-29 15:21:52 行号:40   PASS   查找元素[find_element]  用时:0.006s  
2019-11-29 15:21:52 行号:40   PASS   清除文本[clear]  用时:0.018s  
2019-11-29 15:21:53 行号:41   PASS   查找元素[find_element]  用时:0.009s  
2019-11-29 15:21:54 行号:41   PASS   模拟输入[send_keys]  用时:0.090s  
2019-11-29 15:21:55 行号:42   PASS   查找元素[find_element]  用时:0.009s  
2019-11-29 15:21:55 行号:42   PASS   清除文本[clear]  用时:0.020s  
2019-11-29 15:21:56 行号:43   PASS   查找元素[find_element]  用时:0.006s  
2019-11-29 15:21:57 行号:43   PASS   模拟输入[send_keys]  用时:0.070s  
2019-11-29 15:21:58 行号:45   PASS   查找元素[find_element]  用时:0.010s  
2019-11-29 15:21:58 行号:46   PASS   查找元素[find_element]  用时:0.007s  
2019-11-29 15:21:59 行号:46   PASS   左键单击[click]  用时:0.100s  
2019-11-29 15:22:00 行号:52   PASS   查找元素[find_element]  用时:0.014s  
2019-11-29 15:22:01 行号:53   PASS   查找元素[find_element]  用时:0.008s  
2019-11-29 15:22:01 行号:53   PASS   左键单击[click]  用时:0.099s  
2019-11-29 15:22:02 行号:54   PASS   查找元素[find_element]  用时:0.010s  
2019-11-29 15:22:03 行号:54   PASS   左键单击[click]  用时:0.117s  
2019-11-29 15:22:04 行号:56   PASS   查找元素[find_element]  用时:0.011s  
2019-11-29 15:22:05 行号:56   PASS   左键单击[click]  用时:0.470s  
2019-11-29 15:22:06 脚本运行完毕...
2019-11-29 15:22:06 开始运行脚本<class 'script.testCase.Y3me项目.数字化建模.总账.现金流量项目.EasyCase'>
2019-11-29 15:22:06 行号:24   PASS   刷新页面[refresh]  用时:0.284s  
2019-11-29 15:22:07 行号:27   PASS   查找元素[find_element]  用时:0.009s  
2019-11-29 15:22:08 行号:28   PASS   查找元素[find_element]  用时:0.008s  
2019-11-29 15:22:08 行号:28   PASS   左键单击[click]  用时:0.096s  
2019-11-29 15:22:09 行号:32   PASS   查找元素[find_element]  用时:0.011s  
2019-11-29 15:22:10 行号:33   PASS   查找元素[find_element]  用时:0.008s  
2019-11-29 15:22:10 行号:33   PASS   左键单击[click]  用时:0.054s  
2019-11-29 15:22:11 行号:35   PASS   查找元素[find_element]  用时:0.008s  
2019-11-29 15:22:12 行号:37   PASS   查找元素[find_element]  用时:0.005s  
2019-11-29 15:22:13 行号:43   PASS   查找元素[find_element]  用时:0.008s  
2019-11-29 15:22:14 行号:45   PASS   查找元素[find_element]  用时:0.006s  
2019-11-29 15:22:16 行号:52   PASS   查找元素[find_element]  用时:0.064s  
2019-11-29 15:22:17 行号:54   PASS   查找元素[find_element]  用时:0.005s  
2019-11-29 15:22:17 行号:57   PASS   查找元素[find_element]  用时:0.008s  
2019-11-29 15:22:18 行号:58   PASS   查找元素[find_element]  用时:0.007s  
2019-11-29 15:22:19 行号:59   PASS   切换到表单[frame]  用时:0.017s  
2019-11-29 15:22:23 行号:63   PASS   查找元素[find_element]  用时:3.002s  
2019-11-29 15:22:23 行号:65   PASS   查找元素[find_element]  用时:0.008s  
2019-11-29 15:22:24 行号:65   PASS   左键单击[click]  用时:0.079s  
2019-11-29 15:22:25 行号:68   PASS   查找元素[find_element]  用时:0.010s  
2019-11-29 15:22:25 行号:69   PASS   查找元素[find_element]  用时:0.006s  
2019-11-29 15:22:26 行号:69   PASS   左键单击[click]  用时:0.059s  
2019-11-29 15:22:27 行号:73   FAIL   查找元素[find_element]  用时:0.014s  参数:{'list': '', 'dict': {'xpath': '//span[text()="现金流量类型""]/parent::div/following-sibling::div[1]//span[@class="Select-arrow-zone iconfont icon-chevron-down"]'}} 页面中没有该元素.NoSuchElementException
2019-11-29 15:22:37 行号:0    ERROR  [runTest]  用时:  测试用例脚本发生错误，请检查脚本代码：
2019-11-29 15:22:37 脚本运行完毕...
2019-11-29 15:22:37 开始运行脚本<class 'script.testCase.U8EX项目.公共.U8EX登出.EasyCase'>
2019-11-29 15:22:38 行号:24   PASS   刷新页面[refresh]  用时:0.282s  
2019-11-29 15:22:40 行号:26   PASS   查找元素[find_element]  用时:0.051s  
2019-11-29 15:22:40 行号:26   PASS   左键单击[click]  用时:0.056s  
2019-11-29 15:22:41 行号:27   PASS   查找元素[find_element]  用时:0.011s  
2019-11-29 15:22:42 行号:27   PASS   左键单击[click]  用时:0.529s  
2019-11-29 15:22:43 脚本运行完毕...
2019-11-29 15:22:44 行号:0    PASS   关闭浏览器[quit]  用时:0.457s  
2019-11-29 15:22:47 场景<1>结束.用时:68.234s.
2019-11-29 15:22:47 场景统计结果：PASS: 55(96.49%),FAIL:  1(1.75%),ERROR:  1(1.75%),TRUE:  0,FALSE:  0

2019-11-29 15:22:47 ----------------------------------------
2019-11-29 15:22:47 End.
2019-11-29 15:22:47 测试方案统计结果:
                    场景<1>:PASS: 55(96.49%),FAIL:  1(1.75%),ERROR:  1(1.75%),TRUE:  0,FALSE:  0
                    总   计:PASS: 55(96.49%),FAIL:  1(1.75%),ERROR:  1(1.75%),TRUE:  0,FALSE:  0

