2019-11-29 14:28:50 Start.
2019-11-29 14:28:50 场景<1>开始.
2019-11-29 14:28:54 行号:0    PASS   最大化浏览器窗口[maximize_window]  用时:1.123s  
2019-11-29 14:28:55 chrome浏览器启动成功.
2019-11-29 14:28:55 开始加载脚本...
2019-11-29 14:28:55 脚本<1>：U8EX登录 加载成功.脚本路径：script/testCase/U8EX项目/公共/U8EX登录
2019-11-29 14:28:55 脚本<2>：现金流量项目 加载成功.脚本路径：script/testCase/Y3me项目/数字化建模/总账/现金流量项目
2019-11-29 14:28:55 脚本<3>：U8EX登出 加载成功.脚本路径：script/testCase/U8EX项目/公共/U8EX登出
2019-11-29 14:28:55 脚本加载完成...
2019-11-29 14:28:55 开始运行脚本<class 'script.testCase.U8EX项目.公共.U8EX登录.EasyCase'>
2019-11-29 14:28:57 行号:30   PASS   访问页面[get]  用时:1.342s  
2019-11-29 14:28:58 行号:32   PASS   查找元素[find_element]  用时:0.011s  
2019-11-29 14:28:58 行号:33   PASS   查找元素[find_element]  用时:0.007s  
2019-11-29 14:28:59 行号:33   PASS   左键单击[click]  用时:0.048s  
2019-11-29 14:29:00 行号:36   PASS   查找元素[find_element]  用时:0.010s  
2019-11-29 14:29:00 行号:37   PASS   切换到表单[frame]  用时:0.028s  
2019-11-29 14:29:01 行号:40   PASS   查找元素[find_element]  用时:0.009s  
2019-11-29 14:29:02 行号:41   PASS   查找元素[find_element]  用时:0.006s  
2019-11-29 14:29:02 行号:41   PASS   清除文本[clear]  用时:0.018s  
2019-11-29 14:29:03 行号:42   PASS   查找元素[find_element]  用时:0.006s  
2019-11-29 14:29:04 行号:42   PASS   模拟输入[send_keys]  用时:0.084s  
2019-11-29 14:29:05 行号:43   PASS   查找元素[find_element]  用时:0.011s  
2019-11-29 14:29:06 行号:43   PASS   清除文本[clear]  用时:0.017s  
2019-11-29 14:29:07 行号:44   PASS   查找元素[find_element]  用时:0.007s  
2019-11-29 14:29:07 行号:44   PASS   模拟输入[send_keys]  用时:0.062s  
2019-11-29 14:29:08 行号:46   PASS   查找元素[find_element]  用时:0.010s  
2019-11-29 14:29:09 行号:47   PASS   查找元素[find_element]  用时:0.006s  
2019-11-29 14:29:09 行号:47   PASS   左键单击[click]  用时:0.083s  
2019-11-29 14:29:10 行号:53   PASS   查找元素[find_element]  用时:0.016s  
2019-11-29 14:29:11 行号:54   PASS   查找元素[find_element]  用时:0.011s  
2019-11-29 14:29:12 行号:54   PASS   左键单击[click]  用时:0.083s  
2019-11-29 14:29:13 行号:55   PASS   查找元素[find_element]  用时:0.052s  
2019-11-29 14:29:13 行号:55   PASS   左键单击[click]  用时:0.085s  
2019-11-29 14:29:14 行号:57   PASS   查找元素[find_element]  用时:0.010s  
2019-11-29 14:29:15 行号:57   PASS   左键单击[click]  用时:0.472s  
2019-11-29 14:29:16 脚本运行完毕...
2019-11-29 14:29:16 开始运行脚本<class 'script.testCase.Y3me项目.数字化建模.总账.现金流量项目.EasyCase'>
2019-11-29 14:29:16 行号:24   PASS   刷新页面[refresh]  用时:0.225s  
2019-11-29 14:29:17 行号:27   PASS   查找元素[find_element]  用时:0.009s  
2019-11-29 14:29:18 行号:28   PASS   查找元素[find_element]  用时:0.034s  
2019-11-29 14:29:19 行号:28   PASS   左键单击[click]  用时:0.099s  
2019-11-29 14:29:20 行号:32   PASS   查找元素[find_element]  用时:0.009s  
2019-11-29 14:29:20 行号:33   PASS   查找元素[find_element]  用时:0.006s  
2019-11-29 14:29:21 行号:33   PASS   左键单击[click]  用时:0.048s  
2019-11-29 14:29:22 行号:35   PASS   查找元素[find_element]  用时:0.010s  
2019-11-29 14:29:22 行号:37   PASS   查找元素[find_element]  用时:0.005s  
2019-11-29 14:29:24 行号:43   PASS   查找元素[find_element]  用时:0.017s  
2019-11-29 14:29:24 行号:45   PASS   查找元素[find_element]  用时:0.008s  
2019-11-29 14:29:27 行号:52   PASS   查找元素[find_element]  用时:0.126s  
2019-11-29 14:29:27 行号:54   PASS   查找元素[find_element]  用时:0.009s  
2019-11-29 14:29:28 行号:57   PASS   查找元素[find_element]  用时:0.008s  
2019-11-29 14:29:28 行号:58   PASS   查找元素[find_element]  用时:0.006s  
2019-11-29 14:29:29 行号:59   PASS   切换到表单[frame]  用时:0.015s  
2019-11-29 14:29:31 行号:63   PASS   查找元素[find_element]  用时:1.502s  
2019-11-29 14:29:32 行号:64   PASS   查找元素[find_element]  用时:0.006s  
2019-11-29 14:29:33 行号:64   PASS   左键单击[click]  用时:0.069s  
2019-11-29 14:29:34 行号:67   PASS   查找元素[find_element]  用时:0.008s  
2019-11-29 14:29:34 行号:67   PASS   左键单击[click]  用时:0.039s  
2019-11-29 14:29:38 行号:69   PASS   查找元素[find_element]  用时:0.009s  
2019-11-29 14:29:39 行号:69   PASS   左键单击[click]  用时:0.055s  
2019-11-29 14:29:40 脚本运行完毕...
2019-11-29 14:29:40 开始运行脚本<class 'script.testCase.U8EX项目.公共.U8EX登出.EasyCase'>
2019-11-29 14:29:40 行号:24   PASS   刷新页面[refresh]  用时:0.006s  
2019-11-29 14:29:42 行号:26   PASS   查找元素[find_element]  用时:0.009s  
2019-11-29 14:29:42 行号:26   PASS   左键单击[click]  用时:0.071s  
2019-11-29 14:29:43 行号:27   PASS   查找元素[find_element]  用时:0.011s  
2019-11-29 14:29:44 行号:27   PASS   左键单击[click]  用时:0.506s  
2019-11-29 14:29:45 脚本运行完毕...
2019-11-29 14:29:46 行号:0    PASS   关闭浏览器[quit]  用时:0.255s  
2019-11-29 14:29:49 场景<1>结束.用时:58.068s.
2019-11-29 14:29:49 场景统计结果：PASS: 55(100.00%),FAIL:  0(0.00%),ERROR:  0(0.00%),TRUE:  0,FALSE:  0

2019-11-29 14:29:49 ----------------------------------------
2019-11-29 14:29:49 End.
2019-11-29 14:29:49 测试方案统计结果:
                    场景<1>:PASS: 55(100.00%),FAIL:  0(0.00%),ERROR:  0(0.00%),TRUE:  0,FALSE:  0
                    总   计:PASS: 55(100.00%),FAIL:  0(0.00%),ERROR:  0(0.00%),TRUE:  0,FALSE:  0

