2019-11-29 13:54:34 Start.
2019-11-29 13:54:34 场景<1>开始.
2019-11-29 13:54:38 行号:0    PASS   最大化浏览器窗口[maximize_window]  用时:1.132s  
2019-11-29 13:54:39 chrome浏览器启动成功.
2019-11-29 13:54:39 开始加载脚本...
2019-11-29 13:54:39 脚本<1>：U8EX登录 加载成功.脚本路径：script/testCase/U8EX项目/公共/U8EX登录
2019-11-29 13:54:39 脚本<2>：现金流量项目 加载成功.脚本路径：script/testCase/Y3me项目/数字化建模/总账/现金流量项目
2019-11-29 13:54:39 脚本<3>：U8EX登出 加载成功.脚本路径：script/testCase/U8EX项目/公共/U8EX登出
2019-11-29 13:54:39 脚本加载完成...
2019-11-29 13:54:39 开始运行脚本<class 'script.testCase.U8EX项目.公共.U8EX登录.EasyCase'>
2019-11-29 13:54:40 行号:28   PASS   访问页面[get]  用时:1.109s  
2019-11-29 13:54:41 行号:29   PASS   查找元素[find_element]  用时:0.011s  
2019-11-29 13:54:42 行号:29   PASS   左键单击[click]  用时:0.056s  
2019-11-29 13:54:43 行号:32   PASS   查找元素[find_element]  用时:0.012s  
2019-11-29 13:54:43 行号:33   PASS   切换到表单[frame]  用时:0.016s  
2019-11-29 13:54:45 行号:36   PASS   查找元素[find_element]  用时:0.009s  
2019-11-29 13:54:46 行号:36   PASS   清除文本[clear]  用时:0.017s  
2019-11-29 13:54:47 行号:37   PASS   查找元素[find_element]  用时:0.006s  
2019-11-29 13:54:47 行号:37   PASS   模拟输入[send_keys]  用时:0.054s  
2019-11-29 13:54:48 行号:38   PASS   查找元素[find_element]  用时:0.009s  
2019-11-29 13:54:49 行号:38   PASS   清除文本[clear]  用时:0.020s  
2019-11-29 13:54:50 行号:39   PASS   查找元素[find_element]  用时:0.006s  
2019-11-29 13:54:50 行号:39   PASS   模拟输入[send_keys]  用时:0.048s  
2019-11-29 13:54:52 行号:41   PASS   查找元素[find_element]  用时:0.010s  
2019-11-29 13:54:53 行号:41   PASS   左键单击[click]  用时:0.082s  
2019-11-29 13:54:55 行号:47   PASS   查找元素[find_element]  用时:0.039s  
2019-11-29 13:54:56 行号:47   PASS   左键单击[click]  用时:0.127s  
2019-11-29 13:54:57 行号:48   PASS   查找元素[find_element]  用时:0.011s  
2019-11-29 13:54:57 行号:48   PASS   左键单击[click]  用时:0.085s  
2019-11-29 13:54:58 行号:50   PASS   查找元素[find_element]  用时:0.010s  
2019-11-29 13:54:59 行号:50   PASS   左键单击[click]  用时:0.478s  
2019-11-29 13:55:00 脚本运行完毕...
2019-11-29 13:55:00 开始运行脚本<class 'script.testCase.Y3me项目.数字化建模.总账.现金流量项目.EasyCase'>
2019-11-29 13:55:00 行号:24   PASS   刷新页面[refresh]  用时:0.242s  
2019-11-29 13:55:01 行号:26   PASS   查找元素[find_element]  用时:0.014s  
2019-11-29 13:55:02 行号:26   PASS   左键单击[click]  用时:0.071s  
2019-11-29 13:55:04 行号:29   PASS   查找元素[find_element]  用时:0.010s  
2019-11-29 13:55:05 行号:29   PASS   左键单击[click]  用时:0.046s  
2019-11-29 13:55:07 行号:32   PASS   查找元素[find_element]  用时:0.008s  
2019-11-29 13:55:09 行号:39   PASS   查找元素[find_element]  用时:0.011s  
2019-11-29 13:55:14 行号:46   PASS   查找元素[find_element]  用时:0.009s  
2019-11-29 13:55:16 行号:49   PASS   查找元素[find_element]  用时:0.008s  
2019-11-29 13:55:17 行号:50   PASS   切换到表单[frame]  用时:0.015s  
2019-11-29 13:55:18 行号:54   PASS   查找元素[find_element]  用时:0.010s  
2019-11-29 13:55:18 行号:55   PASS   查找元素[find_element]  用时:0.008s  
2019-11-29 13:55:19 行号:55   PASS   左键单击[click]  用时:0.071s  
2019-11-29 13:55:20 行号:58   PASS   查找元素[find_element]  用时:0.007s  
2019-11-29 13:55:20 行号:58   PASS   左键单击[click]  用时:0.040s  
2019-11-29 13:55:24 行号:60   PASS   查找元素[find_element]  用时:0.010s  
2019-11-29 13:55:25 行号:60   PASS   左键单击[click]  用时:0.051s  
2019-11-29 13:55:29 脚本运行完毕...
2019-11-29 13:55:29 开始运行脚本<class 'script.testCase.U8EX项目.公共.U8EX登出.EasyCase'>
2019-11-29 13:55:29 行号:24   PASS   刷新页面[refresh]  用时:0.008s  
2019-11-29 13:55:31 行号:26   PASS   查找元素[find_element]  用时:0.013s  
2019-11-29 13:55:32 行号:26   PASS   左键单击[click]  用时:0.049s  
2019-11-29 13:55:33 行号:27   PASS   查找元素[find_element]  用时:0.010s  
2019-11-29 13:55:34 行号:27   PASS   左键单击[click]  用时:0.436s  
2019-11-29 13:55:35 脚本运行完毕...
2019-11-29 13:55:35 行号:0    PASS   关闭浏览器[quit]  用时:0.248s  
2019-11-29 13:55:38 场景<1>结束.用时:63.759s.
2019-11-29 13:55:38 场景统计结果：PASS: 45(100.00%),FAIL:  0(0.00%),ERROR:  0(0.00%),TRUE:  0,FALSE:  0

2019-11-29 13:55:38 ----------------------------------------
2019-11-29 13:55:38 End.
2019-11-29 13:55:38 测试方案统计结果:
                    场景<1>:PASS: 45(100.00%),FAIL:  0(0.00%),ERROR:  0(0.00%),TRUE:  0,FALSE:  0
                    总   计:PASS: 45(100.00%),FAIL:  0(0.00%),ERROR:  0(0.00%),TRUE:  0,FALSE:  0

