2019-11-29 16:42:31 Start.
2019-11-29 16:42:31 场景<1>开始.
2019-11-29 16:42:35 行号:0    PASS   最大化浏览器窗口[maximize_window]  用时:1.120s  
2019-11-29 16:42:36 chrome浏览器启动成功.
2019-11-29 16:42:36 开始加载脚本...
2019-11-29 16:42:36 脚本<1>：U8EX登录 加载成功.脚本路径：script/testCase/U8EX项目/公共/U8EX登录
2019-11-29 16:42:36 脚本<2>：现金流量项目 加载成功.脚本路径：script/testCase/Y3me项目/数字化建模/总账/现金流量项目
2019-11-29 16:42:36 脚本<3>：U8EX登出 加载成功.脚本路径：script/testCase/U8EX项目/公共/U8EX登出
2019-11-29 16:42:36 脚本加载完成...
2019-11-29 16:42:36 开始运行脚本<class 'script.testCase.U8EX项目.公共.U8EX登录.EasyCase'>
2019-11-29 16:42:37 行号:27   PASS   访问页面[get]  用时:1.276s  
2019-11-29 16:42:38 行号:29   PASS   查找元素[find_element]  用时:0.011s  
2019-11-29 16:42:39 行号:30   PASS   查找元素[find_element]  用时:0.006s  
2019-11-29 16:42:39 行号:30   PASS   左键单击[click]  用时:0.051s  
2019-11-29 16:42:40 行号:34   PASS   查找元素[find_element]  用时:0.010s  
2019-11-29 16:42:41 行号:35   PASS   查找元素[find_element]  用时:0.006s  
2019-11-29 16:42:41 行号:36   PASS   切换到表单[frame]  用时:0.015s  
2019-11-29 16:42:43 行号:39   PASS   查找元素[find_element]  用时:0.009s  
2019-11-29 16:42:44 行号:40   PASS   查找元素[find_element]  用时:0.005s  
2019-11-29 16:42:44 行号:40   PASS   清除文本[clear]  用时:0.018s  
2019-11-29 16:42:45 行号:41   PASS   查找元素[find_element]  用时:0.018s  
2019-11-29 16:42:46 行号:41   PASS   模拟输入[send_keys]  用时:0.079s  
2019-11-29 16:42:47 行号:42   PASS   查找元素[find_element]  用时:0.012s  
2019-11-29 16:42:47 行号:42   PASS   清除文本[clear]  用时:0.019s  
2019-11-29 16:42:48 行号:43   PASS   查找元素[find_element]  用时:0.005s  
2019-11-29 16:42:49 行号:43   PASS   模拟输入[send_keys]  用时:0.065s  
2019-11-29 16:42:50 行号:45   PASS   查找元素[find_element]  用时:0.010s  
2019-11-29 16:42:50 行号:46   PASS   查找元素[find_element]  用时:0.007s  
2019-11-29 16:42:51 行号:46   PASS   左键单击[click]  用时:0.082s  
2019-11-29 16:42:52 行号:52   PASS   查找元素[find_element]  用时:0.012s  
2019-11-29 16:42:53 行号:53   PASS   查找元素[find_element]  用时:0.006s  
2019-11-29 16:42:53 行号:53   PASS   左键单击[click]  用时:0.078s  
2019-11-29 16:42:54 行号:54   PASS   查找元素[find_element]  用时:0.009s  
2019-11-29 16:42:55 行号:54   PASS   左键单击[click]  用时:0.091s  
2019-11-29 16:42:56 行号:56   PASS   查找元素[find_element]  用时:0.011s  
2019-11-29 16:42:57 行号:56   PASS   左键单击[click]  用时:0.361s  
2019-11-29 16:42:58 脚本运行完毕...
2019-11-29 16:42:58 开始运行脚本<class 'script.testCase.Y3me项目.数字化建模.总账.现金流量项目.EasyCase'>
2019-11-29 16:42:58 行号:25   PASS   刷新页面[refresh]  用时:0.007s  
2019-11-29 16:42:59 行号:28   PASS   查找元素[find_element]  用时:0.009s  
2019-11-29 16:42:59 行号:29   PASS   查找元素[find_element]  用时:0.005s  
2019-11-29 16:43:00 行号:29   PASS   左键单击[click]  用时:0.070s  
2019-11-29 16:43:01 行号:33   PASS   查找元素[find_element]  用时:0.011s  
2019-11-29 16:43:01 行号:34   PASS   查找元素[find_element]  用时:0.006s  
2019-11-29 16:43:02 行号:34   PASS   左键单击[click]  用时:0.047s  
2019-11-29 16:43:03 行号:36   PASS   查找元素[find_element]  用时:0.009s  
2019-11-29 16:43:03 行号:38   PASS   查找元素[find_element]  用时:0.006s  
2019-11-29 16:43:05 行号:44   PASS   查找元素[find_element]  用时:0.008s  
2019-11-29 16:43:05 行号:46   PASS   查找元素[find_element]  用时:0.007s  
2019-11-29 16:43:08 行号:53   PASS   查找元素[find_element]  用时:0.065s  
2019-11-29 16:43:09 行号:55   PASS   查找元素[find_element]  用时:0.007s  
2019-11-29 16:43:09 行号:58   PASS   查找元素[find_element]  用时:0.008s  
2019-11-29 16:43:10 行号:59   PASS   查找元素[find_element]  用时:0.006s  
2019-11-29 16:43:10 行号:60   PASS   切换到表单[frame]  用时:0.014s  
2019-11-29 16:43:15 行号:64   PASS   查找元素[find_element]  用时:4.065s  
2019-11-29 16:43:16 行号:66   PASS   查找元素[find_element]  用时:0.007s  
2019-11-29 16:43:16 行号:66   PASS   左键单击[click]  用时:0.075s  
2019-11-29 16:43:17 行号:69   PASS   查找元素[find_element]  用时:0.010s  
2019-11-29 16:43:18 行号:70   PASS   查找元素[find_element]  用时:0.006s  
2019-11-29 16:43:18 行号:70   PASS   左键单击[click]  用时:0.058s  
2019-11-29 16:43:19 行号:74   PASS   查找元素[find_element]  用时:0.009s  
2019-11-29 16:43:20 行号:76   PASS   查找元素[find_element]  用时:0.008s  
2019-11-29 16:43:20 行号:76   PASS   左键单击[click]  用时:0.060s  
2019-11-29 16:43:21 行号:79   PASS   查找元素[find_element]  用时:0.009s  
2019-11-29 16:43:22 行号:80   PASS   查找元素[find_element]  用时:0.006s  
2019-11-29 16:43:22 行号:80   PASS   左键单击[click]  用时:0.060s  
2019-11-29 16:43:23 行号:82   PASS   查找元素[find_element]  用时:0.012s  
2019-11-29 16:43:24 行号:83   PASS   查找元素[find_element]  用时:0.006s  
2019-11-29 16:43:25 行号:83   PASS   左键单击[click]  用时:0.105s  
2019-11-29 16:43:26 行号:88   PASS   查找元素[find_element]  用时:0.009s  
2019-11-29 16:43:26 行号:89   PASS   查找元素[find_element]  用时:0.006s  
2019-11-29 16:43:27 行号:89   PASS   模拟输入[send_keys]  用时:0.088s  
2019-11-29 16:43:28 行号:95   PASS   查找元素[find_element]  用时:0.014s  
2019-11-29 16:43:28 行号:96   PASS   查找元素[find_element]  用时:0.005s  
2019-11-29 16:43:29 行号:96   PASS   模拟输入[send_keys]  用时:0.129s  
2019-11-29 16:43:30 行号:100  PASS   查找元素[find_element]  用时:0.014s  
2019-11-29 16:43:30 行号:101  PASS   查找元素[find_element]  用时:0.006s  
2019-11-29 16:43:31 行号:101  PASS   左键单击[click]  用时:0.076s  
2019-11-29 16:43:32 行号:104  TRUE   断言：包含[assertIn] 用时:0.000s TRUE.
2019-11-29 16:43:32 行号:108  PASS   查找元素[find_element]  用时:0.010s  
2019-11-29 16:43:33 行号:111  PASS   查找元素[find_element]  用时:0.006s  
2019-11-29 16:43:34 行号:115  PASS   查找元素[find_element]  用时:0.010s  
2019-11-29 16:43:34 行号:115  PASS   左键单击[click]  用时:0.097s  
2019-11-29 16:43:35 行号:119  PASS   查找元素[find_element]  用时:0.006s  
2019-11-29 16:43:36 行号:120  PASS   查找元素[find_element]  用时:0.006s  
2019-11-29 16:43:36 行号:120  PASS   左键单击[click]  用时:0.066s  
2019-11-29 16:43:37 行号:124  PASS   查找元素[find_element]  用时:0.006s  
2019-11-29 16:43:38 行号:127  PASS   查找元素[find_element]  用时:0.014s  
2019-11-29 16:43:39 行号:131  PASS   查找元素[find_element]  用时:0.008s  
2019-11-29 16:43:39 行号:131  PASS   左键单击[click]  用时:0.066s  
2019-11-29 16:43:40 行号:135  PASS   查找元素[find_element]  用时:0.006s  
2019-11-29 16:43:41 行号:136  PASS   查找元素[find_element]  用时:0.006s  
2019-11-29 16:43:42 行号:136  PASS   左键单击[click]  用时:0.071s  
2019-11-29 16:43:43 行号:138  TRUE   断言：不包含[assertNotIn] 用时:0.001s TRUE.
2019-11-29 16:43:43 行号:142  PASS   查找元素[find_element]  用时:0.011s  
2019-11-29 16:43:43 行号:143  PASS   查找元素[find_element]  用时:0.005s  
2019-11-29 16:43:44 行号:143  PASS   左键单击[click]  用时:0.053s  
2019-11-29 16:43:45 行号:145  PASS   查找元素[find_element]  用时:0.010s  
2019-11-29 16:43:45 行号:146  PASS   查找元素[find_element]  用时:0.005s  
2019-11-29 16:43:46 行号:146  PASS   左键单击[click]  用时:0.048s  
2019-11-29 16:43:47 脚本运行完毕...
2019-11-29 16:43:47 开始运行脚本<class 'script.testCase.U8EX项目.公共.U8EX登出.EasyCase'>
2019-11-29 16:43:47 行号:24   PASS   刷新页面[refresh]  用时:0.007s  
2019-11-29 16:43:49 行号:26   PASS   查找元素[find_element]  用时:0.010s  
2019-11-29 16:43:49 行号:26   PASS   左键单击[click]  用时:0.057s  
2019-11-29 16:43:50 行号:27   PASS   查找元素[find_element]  用时:0.010s  
2019-11-29 16:43:51 行号:27   PASS   左键单击[click]  用时:0.489s  
2019-11-29 16:43:52 脚本运行完毕...
2019-11-29 16:43:53 行号:0    PASS   关闭浏览器[quit]  用时:0.243s  
2019-11-29 16:43:56 场景<1>结束.用时:84.676s.
2019-11-29 16:43:56 场景统计结果：PASS: 93(100.00%),FAIL:  0(0.00%),ERROR:  0(0.00%),TRUE:  2,FALSE:  0

2019-11-29 16:43:56 ----------------------------------------
2019-11-29 16:43:56 End.
2019-11-29 16:43:56 测试方案统计结果:
                    场景<1>:PASS: 93(100.00%),FAIL:  0(0.00%),ERROR:  0(0.00%),TRUE:  2,FALSE:  0
                    总   计:PASS: 93(100.00%),FAIL:  0(0.00%),ERROR:  0(0.00%),TRUE:  2,FALSE:  0

