2019-11-29 14:14:19 Start.
2019-11-29 14:14:19 场景<1>开始.
2019-11-29 14:14:23 行号:0    PASS   最大化浏览器窗口[maximize_window]  用时:1.114s  
2019-11-29 14:14:24 chrome浏览器启动成功.
2019-11-29 14:14:24 开始加载脚本...
2019-11-29 14:14:24 脚本<1>：U8EX登录 加载成功.脚本路径：script/testCase/U8EX项目/公共/U8EX登录
2019-11-29 14:14:24 脚本<2>：现金流量项目 加载成功.脚本路径：script/testCase/Y3me项目/数字化建模/总账/现金流量项目
2019-11-29 14:14:24 脚本<3>：U8EX登出 加载成功.脚本路径：script/testCase/U8EX项目/公共/U8EX登出
2019-11-29 14:14:24 脚本加载完成...
2019-11-29 14:14:24 开始运行脚本<class 'script.testCase.U8EX项目.公共.U8EX登录.EasyCase'>
2019-11-29 14:14:25 行号:28   PASS   访问页面[get]  用时:1.157s  
2019-11-29 14:14:26 行号:29   PASS   查找元素[find_element]  用时:0.010s  
2019-11-29 14:14:27 行号:29   PASS   左键单击[click]  用时:0.039s  
2019-11-29 14:14:28 行号:32   PASS   查找元素[find_element]  用时:0.009s  
2019-11-29 14:14:28 行号:33   PASS   切换到表单[frame]  用时:0.018s  
2019-11-29 14:14:30 行号:36   PASS   查找元素[find_element]  用时:0.009s  
2019-11-29 14:14:31 行号:36   PASS   清除文本[clear]  用时:0.019s  
2019-11-29 14:14:32 行号:37   PASS   查找元素[find_element]  用时:0.013s  
2019-11-29 14:14:32 行号:37   PASS   模拟输入[send_keys]  用时:0.076s  
2019-11-29 14:14:33 行号:38   PASS   查找元素[find_element]  用时:0.021s  
2019-11-29 14:14:34 行号:38   PASS   清除文本[clear]  用时:0.018s  
2019-11-29 14:14:35 行号:39   PASS   查找元素[find_element]  用时:0.006s  
2019-11-29 14:14:35 行号:39   PASS   模拟输入[send_keys]  用时:0.064s  
2019-11-29 14:14:37 行号:41   PASS   查找元素[find_element]  用时:0.009s  
2019-11-29 14:14:38 行号:41   PASS   左键单击[click]  用时:0.082s  
2019-11-29 14:14:41 行号:47   PASS   查找元素[find_element]  用时:0.013s  
2019-11-29 14:14:42 行号:47   PASS   左键单击[click]  用时:0.081s  
2019-11-29 14:14:43 行号:48   PASS   查找元素[find_element]  用时:0.010s  
2019-11-29 14:14:43 行号:48   PASS   左键单击[click]  用时:0.096s  
2019-11-29 14:14:44 行号:50   PASS   查找元素[find_element]  用时:0.017s  
2019-11-29 14:14:45 行号:50   PASS   左键单击[click]  用时:0.481s  
2019-11-29 14:14:46 脚本运行完毕...
2019-11-29 14:14:46 开始运行脚本<class 'script.testCase.Y3me项目.数字化建模.总账.现金流量项目.EasyCase'>
2019-11-29 14:14:46 行号:24   PASS   刷新页面[refresh]  用时:0.010s  
2019-11-29 14:14:47 行号:26   PASS   查找元素[find_element]  用时:0.017s  
2019-11-29 14:14:49 行号:26   PASS   左键单击[click]  用时:1.080s  在2次重新定位元素后，元素行为执行成功
2019-11-29 14:14:51 行号:29   PASS   查找元素[find_element]  用时:0.011s  
2019-11-29 14:14:51 行号:29   PASS   左键单击[click]  用时:0.045s  
2019-11-29 14:14:53 行号:32   PASS   查找元素[find_element]  用时:0.009s  
2019-11-29 14:14:56 行号:39   PASS   查找元素[find_element]  用时:0.008s  
2019-11-29 14:15:01 行号:46   PASS   查找元素[find_element]  用时:0.009s  
2019-11-29 14:15:01 行号:49   PASS   查找元素[find_element]  用时:0.008s  
2019-11-29 14:15:02 行号:0    ERROR  [runTest]  用时:  测试用例脚本发生错误，请检查脚本代码：name 'iframe' is not defined
2019-11-29 14:15:02 脚本运行完毕...
2019-11-29 14:15:02 开始运行脚本<class 'script.testCase.U8EX项目.公共.U8EX登出.EasyCase'>
2019-11-29 14:15:02 行号:24   PASS   刷新页面[refresh]  用时:0.007s  
2019-11-29 14:15:04 行号:26   PASS   查找元素[find_element]  用时:0.011s  
2019-11-29 14:15:04 行号:26   PASS   左键单击[click]  用时:0.052s  
2019-11-29 14:15:05 行号:27   PASS   查找元素[find_element]  用时:0.102s  
2019-11-29 14:15:06 行号:27   PASS   左键单击[click]  用时:0.559s  
2019-11-29 14:15:07 脚本运行完毕...
2019-11-29 14:15:08 行号:0    PASS   关闭浏览器[quit]  用时:0.294s  
2019-11-29 14:15:11 场景<1>结束.用时:51.533s.
2019-11-29 14:15:11 场景统计结果：PASS: 37(97.37%),FAIL:  0(0.00%),ERROR:  1(2.63%),TRUE:  0,FALSE:  0

2019-11-29 14:15:11 ----------------------------------------
2019-11-29 14:15:11 End.
2019-11-29 14:15:11 测试方案统计结果:
                    场景<1>:PASS: 37(97.37%),FAIL:  0(0.00%),ERROR:  1(2.63%),TRUE:  0,FALSE:  0
                    总   计:PASS: 37(97.37%),FAIL:  0(0.00%),ERROR:  1(2.63%),TRUE:  0,FALSE:  0

