2019-11-29 13:47:02 Start.
2019-11-29 13:47:02 场景<1>开始.
2019-11-29 13:47:06 行号:0    PASS   最大化浏览器窗口[maximize_window]  用时:1.122s  
2019-11-29 13:47:07 chrome浏览器启动成功.
2019-11-29 13:47:07 开始加载脚本...
2019-11-29 13:47:07 脚本<1>：U8EX登录 加载成功.脚本路径：script/testCase/U8EX项目/公共/U8EX登录
2019-11-29 13:47:07 脚本<2>：现金流量项目 加载成功.脚本路径：script/testCase/Y3me项目/数字化建模/总账/现金流量项目
2019-11-29 13:47:07 脚本<3>：U8EX登出 加载成功.脚本路径：script/testCase/U8EX项目/公共/U8EX登出
2019-11-29 13:47:07 脚本加载完成...
2019-11-29 13:47:07 开始运行脚本<class 'script.testCase.U8EX项目.公共.U8EX登录.EasyCase'>
2019-11-29 13:47:10 行号:28   PASS   访问页面[get]  用时:3.084s  
2019-11-29 13:47:11 行号:29   PASS   查找元素[find_element]  用时:0.018s  
2019-11-29 13:47:12 行号:29   PASS   左键单击[click]  用时:0.066s  
2019-11-29 13:47:13 行号:32   PASS   查找元素[find_element]  用时:0.010s  
2019-11-29 13:47:13 行号:33   PASS   切换到表单[frame]  用时:0.019s  
2019-11-29 13:47:15 行号:36   PASS   查找元素[find_element]  用时:0.011s  
2019-11-29 13:47:16 行号:36   PASS   清除文本[clear]  用时:0.020s  
2019-11-29 13:47:17 行号:37   PASS   查找元素[find_element]  用时:0.007s  
2019-11-29 13:47:18 行号:37   PASS   模拟输入[send_keys]  用时:0.087s  
2019-11-29 13:47:19 行号:38   PASS   查找元素[find_element]  用时:0.010s  
2019-11-29 13:47:19 行号:38   PASS   清除文本[clear]  用时:0.017s  
2019-11-29 13:47:20 行号:39   PASS   查找元素[find_element]  用时:0.009s  
2019-11-29 13:47:21 行号:39   PASS   模拟输入[send_keys]  用时:0.072s  
2019-11-29 13:47:23 行号:41   PASS   查找元素[find_element]  用时:0.010s  
2019-11-29 13:47:23 行号:41   PASS   左键单击[click]  用时:0.091s  
2019-11-29 13:47:26 行号:47   PASS   查找元素[find_element]  用时:0.011s  
2019-11-29 13:47:26 行号:47   PASS   左键单击[click]  用时:0.079s  
2019-11-29 13:47:27 行号:48   PASS   查找元素[find_element]  用时:0.009s  
2019-11-29 13:47:28 行号:48   PASS   左键单击[click]  用时:0.094s  
2019-11-29 13:47:29 行号:50   PASS   查找元素[find_element]  用时:0.009s  
2019-11-29 13:47:30 行号:50   PASS   左键单击[click]  用时:0.465s  
2019-11-29 13:47:31 脚本运行完毕...
2019-11-29 13:47:31 开始运行脚本<class 'script.testCase.Y3me项目.数字化建模.总账.现金流量项目.EasyCase'>
2019-11-29 13:47:31 行号:24   PASS   刷新页面[refresh]  用时:0.016s  
2019-11-29 13:47:32 行号:26   PASS   查找元素[find_element]  用时:0.010s  
2019-11-29 13:47:33 行号:26   PASS   左键单击[click]  用时:1.091s  在2次重新定位元素后，元素行为执行成功
2019-11-29 13:47:35 行号:29   PASS   查找元素[find_element]  用时:0.013s  
2019-11-29 13:47:36 行号:29   PASS   左键单击[click]  用时:0.056s  
2019-11-29 13:47:38 行号:32   PASS   查找元素[find_element]  用时:0.010s  
2019-11-29 13:47:41 行号:39   PASS   查找元素[find_element]  用时:0.009s  
2019-11-29 13:47:45 行号:46   PASS   查找元素[find_element]  用时:0.009s  
2019-11-29 13:47:48 行号:49   PASS   查找元素[find_element]  用时:0.008s  
2019-11-29 13:47:48 行号:50   PASS   切换到表单[frame]  用时:0.019s  
2019-11-29 13:47:49 行号:0    ERROR  [runTest]  用时:  测试用例脚本发生错误，请检查脚本代码：wrapper() missing 1 required positional argument: 'alias'
2019-11-29 13:47:49 脚本运行完毕...
2019-11-29 13:47:49 开始运行脚本<class 'script.testCase.U8EX项目.公共.U8EX登出.EasyCase'>
2019-11-29 13:47:50 行号:24   PASS   刷新页面[refresh]  用时:0.436s  
2019-11-29 13:47:52 行号:26   PASS   查找元素[find_element]  用时:0.010s  
2019-11-29 13:47:52 行号:26   PASS   左键单击[click]  用时:0.044s  
2019-11-29 13:47:53 行号:27   PASS   查找元素[find_element]  用时:0.012s  
2019-11-29 13:47:54 行号:27   PASS   左键单击[click]  用时:0.453s  
2019-11-29 13:47:55 脚本运行完毕...
2019-11-29 13:47:55 行号:0    PASS   关闭浏览器[quit]  用时:0.321s  
2019-11-29 13:47:58 场景<1>结束.用时:56.331s.
2019-11-29 13:47:58 场景统计结果：PASS: 38(97.44%),FAIL:  0(0.00%),ERROR:  1(2.56%),TRUE:  0,FALSE:  0

2019-11-29 13:47:58 ----------------------------------------
2019-11-29 13:47:58 End.
2019-11-29 13:47:58 测试方案统计结果:
                    场景<1>:PASS: 38(97.44%),FAIL:  0(0.00%),ERROR:  1(2.56%),TRUE:  0,FALSE:  0
                    总   计:PASS: 38(97.44%),FAIL:  0(0.00%),ERROR:  1(2.56%),TRUE:  0,FALSE:  0

