2019-11-29 14:15:36 Start.
2019-11-29 14:15:36 场景<1>开始.
2019-11-29 14:15:40 行号:0    PASS   最大化浏览器窗口[maximize_window]  用时:1.116s  
2019-11-29 14:15:41 chrome浏览器启动成功.
2019-11-29 14:15:41 开始加载脚本...
2019-11-29 14:15:41 脚本<1>：U8EX登录 加载成功.脚本路径：script/testCase/U8EX项目/公共/U8EX登录
2019-11-29 14:15:41 脚本<2>：现金流量项目 加载成功.脚本路径：script/testCase/Y3me项目/数字化建模/总账/现金流量项目
2019-11-29 14:15:41 脚本<3>：U8EX登出 加载成功.脚本路径：script/testCase/U8EX项目/公共/U8EX登出
2019-11-29 14:15:41 脚本加载完成...
2019-11-29 14:15:41 开始运行脚本<class 'script.testCase.U8EX项目.公共.U8EX登录.EasyCase'>
2019-11-29 14:15:42 行号:28   PASS   访问页面[get]  用时:1.044s  
2019-11-29 14:15:43 行号:29   PASS   查找元素[find_element]  用时:0.012s  
2019-11-29 14:15:44 行号:29   PASS   左键单击[click]  用时:0.052s  
2019-11-29 14:15:45 行号:32   PASS   查找元素[find_element]  用时:0.011s  
2019-11-29 14:15:45 行号:33   PASS   切换到表单[frame]  用时:0.023s  
2019-11-29 14:15:47 行号:36   PASS   查找元素[find_element]  用时:0.013s  
2019-11-29 14:15:48 行号:36   PASS   清除文本[clear]  用时:0.017s  
2019-11-29 14:15:49 行号:37   PASS   查找元素[find_element]  用时:0.007s  
2019-11-29 14:15:50 行号:37   PASS   模拟输入[send_keys]  用时:0.072s  
2019-11-29 14:15:51 行号:38   PASS   查找元素[find_element]  用时:0.009s  
2019-11-29 14:15:51 行号:38   PASS   清除文本[clear]  用时:0.017s  
2019-11-29 14:15:52 行号:39   PASS   查找元素[find_element]  用时:0.005s  
2019-11-29 14:15:53 行号:39   PASS   模拟输入[send_keys]  用时:0.064s  
2019-11-29 14:15:55 行号:41   PASS   查找元素[find_element]  用时:0.010s  
2019-11-29 14:15:55 行号:41   PASS   左键单击[click]  用时:0.088s  
2019-11-29 14:15:57 行号:47   PASS   查找元素[find_element]  用时:0.014s  
2019-11-29 14:15:58 行号:47   PASS   左键单击[click]  用时:0.086s  
2019-11-29 14:15:59 行号:48   PASS   查找元素[find_element]  用时:0.011s  
2019-11-29 14:16:00 行号:48   PASS   左键单击[click]  用时:0.110s  
2019-11-29 14:16:01 行号:50   PASS   查找元素[find_element]  用时:0.009s  
2019-11-29 14:16:02 行号:50   PASS   左键单击[click]  用时:0.464s  
2019-11-29 14:16:03 脚本运行完毕...
2019-11-29 14:16:03 开始运行脚本<class 'script.testCase.Y3me项目.数字化建模.总账.现金流量项目.EasyCase'>
2019-11-29 14:16:03 行号:24   PASS   刷新页面[refresh]  用时:0.005s  
2019-11-29 14:16:04 行号:26   PASS   查找元素[find_element]  用时:0.010s  
2019-11-29 14:16:04 行号:26   PASS   左键单击[click]  用时:0.054s  
2019-11-29 14:16:06 行号:29   PASS   查找元素[find_element]  用时:0.012s  
2019-11-29 14:16:07 行号:29   PASS   左键单击[click]  用时:0.046s  
2019-11-29 14:16:09 行号:32   PASS   查找元素[find_element]  用时:0.009s  
2019-11-29 14:16:11 行号:39   PASS   查找元素[find_element]  用时:0.008s  
2019-11-29 14:16:16 行号:46   PASS   查找元素[find_element]  用时:0.009s  
2019-11-29 14:16:16 行号:49   PASS   查找元素[find_element]  用时:0.008s  
2019-11-29 14:16:17 行号:50   PASS   查找元素[find_element]  用时:0.007s  
2019-11-29 14:16:17 行号:51   PASS   切换到表单[frame]  用时:0.023s  
2019-11-29 14:16:22 行号:55   PASS   查找元素[find_element]  用时:3.123s  
2019-11-29 14:16:22 行号:56   PASS   查找元素[find_element]  用时:0.007s  
2019-11-29 14:16:23 行号:56   PASS   左键单击[click]  用时:0.104s  
2019-11-29 14:16:24 行号:59   PASS   查找元素[find_element]  用时:0.008s  
2019-11-29 14:16:24 行号:59   PASS   左键单击[click]  用时:0.041s  
2019-11-29 14:16:28 行号:61   PASS   查找元素[find_element]  用时:0.010s  
2019-11-29 14:16:29 行号:61   PASS   左键单击[click]  用时:0.058s  
2019-11-29 14:16:30 脚本运行完毕...
2019-11-29 14:16:30 开始运行脚本<class 'script.testCase.U8EX项目.公共.U8EX登出.EasyCase'>
2019-11-29 14:16:30 行号:24   PASS   刷新页面[refresh]  用时:0.007s  
2019-11-29 14:16:32 行号:26   PASS   查找元素[find_element]  用时:0.011s  
2019-11-29 14:16:32 行号:26   PASS   左键单击[click]  用时:0.051s  
2019-11-29 14:16:33 行号:27   PASS   查找元素[find_element]  用时:0.010s  
2019-11-29 14:16:34 行号:27   PASS   左键单击[click]  用时:0.472s  
2019-11-29 14:16:35 脚本运行完毕...
2019-11-29 14:16:36 行号:0    PASS   关闭浏览器[quit]  用时:0.272s  
2019-11-29 14:16:39 场景<1>结束.用时:62.165s.
2019-11-29 14:16:39 场景统计结果：PASS: 46(100.00%),FAIL:  0(0.00%),ERROR:  0(0.00%),TRUE:  0,FALSE:  0

2019-11-29 14:16:39 ----------------------------------------
2019-11-29 14:16:39 End.
2019-11-29 14:16:39 测试方案统计结果:
                    场景<1>:PASS: 46(100.00%),FAIL:  0(0.00%),ERROR:  0(0.00%),TRUE:  0,FALSE:  0
                    总   计:PASS: 46(100.00%),FAIL:  0(0.00%),ERROR:  0(0.00%),TRUE:  0,FALSE:  0

