2019-11-29 09:35:00 Start.
2019-11-29 09:35:00 场景<1>开始.
2019-11-29 09:35:04 行号:0    PASS   最大化浏览器窗口[maximize_window]  用时:1.131s  
2019-11-29 09:35:05 chrome浏览器启动成功.
2019-11-29 09:35:05 开始加载脚本...
2019-11-29 09:35:05 脚本<1>：U8EX登录 加载成功.脚本路径：script/testCase/U8EX项目/公共/U8EX登录
2019-11-29 09:35:05 脚本<2>：常用凭证 加载成功.脚本路径：script/testCase/Y3me项目/数字化建模/总账/常用凭证
2019-11-29 09:35:05 脚本<3>：U8EX登出 加载成功.脚本路径：script/testCase/U8EX项目/公共/U8EX登出
2019-11-29 09:35:05 脚本加载完成...
2019-11-29 09:35:05 开始运行脚本<class 'script.testCase.U8EX项目.公共.U8EX登录.EasyCase'>
2019-11-29 09:35:06 行号:28   PASS   访问页面[get]  用时:1.461s  
2019-11-29 09:35:07 行号:29   PASS   查找元素[find_element]  用时:0.017s  
2019-11-29 09:35:08 行号:29   PASS   左键单击[click]  用时:0.062s  
2019-11-29 09:35:09 行号:32   PASS   查找元素[find_element]  用时:0.009s  
2019-11-29 09:35:09 行号:33   PASS   切换到表单[frame]  用时:0.019s  
2019-11-29 09:35:11 行号:36   PASS   查找元素[find_element]  用时:0.010s  
2019-11-29 09:35:12 行号:36   PASS   清除文本[clear]  用时:0.018s  
2019-11-29 09:35:13 行号:37   PASS   查找元素[find_element]  用时:0.006s  
2019-11-29 09:35:13 行号:37   PASS   模拟输入[send_keys]  用时:0.096s  
2019-11-29 09:35:14 行号:38   PASS   查找元素[find_element]  用时:0.011s  
2019-11-29 09:35:15 行号:38   PASS   清除文本[clear]  用时:0.018s  
2019-11-29 09:35:16 行号:39   PASS   查找元素[find_element]  用时:0.007s  
2019-11-29 09:35:16 行号:39   PASS   模拟输入[send_keys]  用时:0.066s  
2019-11-29 09:35:18 行号:41   PASS   查找元素[find_element]  用时:0.013s  
2019-11-29 09:35:19 行号:41   PASS   左键单击[click]  用时:0.112s  
2019-11-29 09:35:22 行号:47   PASS   查找元素[find_element]  用时:0.011s  
2019-11-29 09:35:23 行号:47   PASS   左键单击[click]  用时:0.539s  
2019-11-29 09:35:24 行号:48   PASS   查找元素[find_element]  用时:0.013s  
2019-11-29 09:35:24 行号:48   PASS   左键单击[click]  用时:0.104s  
2019-11-29 09:35:25 行号:50   PASS   查找元素[find_element]  用时:0.009s  
2019-11-29 09:35:26 行号:50   PASS   左键单击[click]  用时:0.481s  
2019-11-29 09:35:27 脚本运行完毕...
2019-11-29 09:35:27 开始运行脚本<class 'script.testCase.Y3me项目.数字化建模.总账.常用凭证.EasyCase'>
2019-11-29 09:35:28 行号:28   PASS   刷新页面[refresh]  用时:0.279s  
2019-11-29 09:35:29 行号:30   PASS   查找元素[find_element]  用时:0.010s  
2019-11-29 09:35:30 行号:30   PASS   左键单击[click]  用时:1.111s  在2次重新定位元素后，元素行为执行成功
