2019-11-29 13:51:07 Start.
2019-11-29 13:51:07 场景<1>开始.
2019-11-29 13:51:11 行号:0    PASS   最大化浏览器窗口[maximize_window]  用时:1.117s  
2019-11-29 13:51:12 chrome浏览器启动成功.
2019-11-29 13:51:12 开始加载脚本...
2019-11-29 13:51:12 脚本<1>：U8EX登录 加载成功.脚本路径：script/testCase/U8EX项目/公共/U8EX登录
2019-11-29 13:51:12 脚本<2>：现金流量项目 加载成功.脚本路径：script/testCase/Y3me项目/数字化建模/总账/现金流量项目
2019-11-29 13:51:12 脚本<3>：U8EX登出 加载成功.脚本路径：script/testCase/U8EX项目/公共/U8EX登出
2019-11-29 13:51:12 脚本加载完成...
2019-11-29 13:51:12 开始运行脚本<class 'script.testCase.U8EX项目.公共.U8EX登录.EasyCase'>
2019-11-29 13:51:13 行号:28   PASS   访问页面[get]  用时:1.195s  
2019-11-29 13:51:14 行号:29   PASS   查找元素[find_element]  用时:0.010s  
2019-11-29 13:51:15 行号:29   PASS   左键单击[click]  用时:0.041s  
2019-11-29 13:51:16 行号:32   PASS   查找元素[find_element]  用时:0.011s  
2019-11-29 13:51:16 行号:33   PASS   切换到表单[frame]  用时:0.018s  
2019-11-29 13:51:18 行号:36   PASS   查找元素[find_element]  用时:0.009s  
2019-11-29 13:51:19 行号:36   PASS   清除文本[clear]  用时:0.018s  
2019-11-29 13:51:20 行号:37   PASS   查找元素[find_element]  用时:0.006s  
2019-11-29 13:51:20 行号:37   PASS   模拟输入[send_keys]  用时:0.080s  
2019-11-29 13:51:21 行号:38   PASS   查找元素[find_element]  用时:0.009s  
2019-11-29 13:51:22 行号:38   PASS   清除文本[clear]  用时:0.019s  
2019-11-29 13:51:23 行号:39   PASS   查找元素[find_element]  用时:0.007s  
2019-11-29 13:51:24 行号:39   PASS   模拟输入[send_keys]  用时:0.061s  
2019-11-29 13:51:26 行号:41   PASS   查找元素[find_element]  用时:0.008s  
2019-11-29 13:51:26 行号:41   PASS   左键单击[click]  用时:0.087s  
2019-11-29 13:51:28 行号:47   PASS   查找元素[find_element]  用时:0.012s  
2019-11-29 13:51:29 行号:47   PASS   左键单击[click]  用时:0.069s  
2019-11-29 13:51:30 行号:48   PASS   查找元素[find_element]  用时:0.011s  
2019-11-29 13:51:30 行号:48   PASS   左键单击[click]  用时:0.103s  
2019-11-29 13:51:31 行号:50   PASS   查找元素[find_element]  用时:0.009s  
2019-11-29 13:51:33 行号:50   PASS   左键单击[click]  用时:0.819s  
2019-11-29 13:51:34 脚本运行完毕...
2019-11-29 13:51:34 开始运行脚本<class 'script.testCase.Y3me项目.数字化建模.总账.现金流量项目.EasyCase'>
2019-11-29 13:51:34 行号:24   PASS   刷新页面[refresh]  用时:0.005s  
2019-11-29 13:51:35 行号:26   PASS   查找元素[find_element]  用时:0.010s  
2019-11-29 13:51:35 行号:26   PASS   左键单击[click]  用时:0.065s  
2019-11-29 13:51:37 行号:29   PASS   查找元素[find_element]  用时:0.011s  
2019-11-29 13:51:38 行号:29   PASS   左键单击[click]  用时:0.050s  
2019-11-29 13:51:40 行号:32   PASS   查找元素[find_element]  用时:0.008s  
2019-11-29 13:51:42 行号:39   PASS   查找元素[find_element]  用时:0.008s  
2019-11-29 13:51:47 行号:46   PASS   查找元素[find_element]  用时:0.008s  
2019-11-29 13:51:50 行号:49   PASS   查找元素[find_element]  用时:0.008s  
2019-11-29 13:51:50 行号:50   PASS   切换到表单[frame]  用时:0.099s  
2019-11-29 13:51:51 行号:54   PASS   查找元素[find_element]  用时:0.010s  
2019-11-29 13:51:52 行号:0    ERROR  [runTest]  用时:  测试用例脚本发生错误，请检查脚本代码：wrapper() missing 2 required positional arguments: 'value' and 'alias'
2019-11-29 13:51:52 脚本运行完毕...
2019-11-29 13:51:52 开始运行脚本<class 'script.testCase.U8EX项目.公共.U8EX登出.EasyCase'>
2019-11-29 13:51:52 行号:24   PASS   刷新页面[refresh]  用时:0.005s  
2019-11-29 13:51:54 行号:26   PASS   查找元素[find_element]  用时:0.010s  
2019-11-29 13:51:54 行号:26   PASS   左键单击[click]  用时:0.040s  
2019-11-29 13:51:55 行号:27   PASS   查找元素[find_element]  用时:0.009s  
2019-11-29 13:51:56 行号:27   PASS   左键单击[click]  用时:0.513s  
2019-11-29 13:51:57 脚本运行完毕...
2019-11-29 13:51:58 行号:0    PASS   关闭浏览器[quit]  用时:0.289s  
2019-11-29 13:52:01 场景<1>结束.用时:53.428s.
2019-11-29 13:52:01 场景统计结果：PASS: 39(97.50%),FAIL:  0(0.00%),ERROR:  1(2.50%),TRUE:  0,FALSE:  0

2019-11-29 13:52:01 ----------------------------------------
2019-11-29 13:52:01 End.
2019-11-29 13:52:01 测试方案统计结果:
                    场景<1>:PASS: 39(97.50%),FAIL:  0(0.00%),ERROR:  1(2.50%),TRUE:  0,FALSE:  0
                    总   计:PASS: 39(97.50%),FAIL:  0(0.00%),ERROR:  1(2.50%),TRUE:  0,FALSE:  0

