2019-11-29 15:24:47 Start.
2019-11-29 15:24:47 场景<1>开始.
2019-11-29 15:24:51 行号:0    PASS   最大化浏览器窗口[maximize_window]  用时:1.113s  
2019-11-29 15:24:52 chrome浏览器启动成功.
2019-11-29 15:24:52 开始加载脚本...
2019-11-29 15:24:52 脚本<1>：U8EX登录 加载成功.脚本路径：script/testCase/U8EX项目/公共/U8EX登录
2019-11-29 15:24:52 脚本<2>：现金流量项目 加载成功.脚本路径：script/testCase/Y3me项目/数字化建模/总账/现金流量项目
2019-11-29 15:24:52 脚本<3>：U8EX登出 加载成功.脚本路径：script/testCase/U8EX项目/公共/U8EX登出
2019-11-29 15:24:52 脚本加载完成...
2019-11-29 15:24:52 开始运行脚本<class 'script.testCase.U8EX项目.公共.U8EX登录.EasyCase'>
2019-11-29 15:24:53 行号:27   PASS   访问页面[get]  用时:1.348s  
2019-11-29 15:24:54 行号:29   PASS   查找元素[find_element]  用时:0.010s  
2019-11-29 15:24:54 行号:30   PASS   查找元素[find_element]  用时:0.007s  
2019-11-29 15:24:55 行号:30   PASS   左键单击[click]  用时:0.049s  
2019-11-29 15:24:56 行号:34   PASS   查找元素[find_element]  用时:0.009s  
2019-11-29 15:24:57 行号:35   PASS   查找元素[find_element]  用时:0.006s  
2019-11-29 15:24:57 行号:36   PASS   切换到表单[frame]  用时:0.019s  
2019-11-29 15:24:59 行号:39   PASS   查找元素[find_element]  用时:0.009s  
2019-11-29 15:25:00 行号:40   PASS   查找元素[find_element]  用时:0.006s  
2019-11-29 15:25:00 行号:40   PASS   清除文本[clear]  用时:0.021s  
2019-11-29 15:25:01 行号:41   PASS   查找元素[find_element]  用时:0.006s  
2019-11-29 15:25:02 行号:41   PASS   模拟输入[send_keys]  用时:0.087s  
2019-11-29 15:25:03 行号:42   PASS   查找元素[find_element]  用时:0.008s  
2019-11-29 15:25:03 行号:42   PASS   清除文本[clear]  用时:0.019s  
2019-11-29 15:25:04 行号:43   PASS   查找元素[find_element]  用时:0.007s  
2019-11-29 15:25:05 行号:43   PASS   模拟输入[send_keys]  用时:0.068s  
2019-11-29 15:25:06 行号:45   PASS   查找元素[find_element]  用时:0.010s  
2019-11-29 15:25:06 行号:46   PASS   查找元素[find_element]  用时:0.005s  
2019-11-29 15:25:07 行号:46   PASS   左键单击[click]  用时:0.083s  
2019-11-29 15:25:08 行号:52   PASS   查找元素[find_element]  用时:0.012s  
2019-11-29 15:25:08 行号:53   PASS   查找元素[find_element]  用时:0.006s  
2019-11-29 15:25:09 行号:53   PASS   左键单击[click]  用时:0.070s  
2019-11-29 15:25:10 行号:54   PASS   查找元素[find_element]  用时:0.012s  
2019-11-29 15:25:11 行号:54   PASS   左键单击[click]  用时:0.093s  
2019-11-29 15:25:12 行号:56   PASS   查找元素[find_element]  用时:0.009s  
2019-11-29 15:25:13 行号:56   PASS   左键单击[click]  用时:0.376s  
2019-11-29 15:25:14 脚本运行完毕...
2019-11-29 15:25:14 开始运行脚本<class 'script.testCase.Y3me项目.数字化建模.总账.现金流量项目.EasyCase'>
2019-11-29 15:25:14 行号:24   PASS   刷新页面[refresh]  用时:0.293s  
2019-11-29 15:25:15 行号:27   PASS   查找元素[find_element]  用时:0.009s  
2019-11-29 15:25:15 行号:28   PASS   查找元素[find_element]  用时:0.006s  
2019-11-29 15:25:16 行号:28   PASS   左键单击[click]  用时:0.102s  
2019-11-29 15:25:17 行号:32   PASS   查找元素[find_element]  用时:0.009s  
2019-11-29 15:25:17 行号:33   PASS   查找元素[find_element]  用时:0.007s  
2019-11-29 15:25:18 行号:33   PASS   左键单击[click]  用时:0.042s  
2019-11-29 15:25:19 行号:35   PASS   查找元素[find_element]  用时:0.011s  
2019-11-29 15:25:20 行号:37   PASS   查找元素[find_element]  用时:0.006s  
2019-11-29 15:25:21 行号:43   PASS   查找元素[find_element]  用时:0.013s  
2019-11-29 15:25:22 行号:45   PASS   查找元素[find_element]  用时:0.005s  
2019-11-29 15:25:24 行号:52   PASS   查找元素[find_element]  用时:0.069s  
2019-11-29 15:25:25 行号:54   PASS   查找元素[find_element]  用时:0.018s  
2019-11-29 15:25:25 行号:57   PASS   查找元素[find_element]  用时:0.008s  
2019-11-29 15:25:26 行号:58   PASS   查找元素[find_element]  用时:0.006s  
2019-11-29 15:25:26 行号:59   PASS   切换到表单[frame]  用时:0.016s  
2019-11-29 15:25:31 行号:63   PASS   查找元素[find_element]  用时:3.607s  
2019-11-29 15:25:31 行号:65   PASS   查找元素[find_element]  用时:0.006s  
2019-11-29 15:25:32 行号:65   PASS   左键单击[click]  用时:0.078s  
2019-11-29 15:25:33 行号:68   PASS   查找元素[find_element]  用时:0.010s  
2019-11-29 15:25:34 行号:69   PASS   查找元素[find_element]  用时:0.008s  
2019-11-29 15:25:34 行号:69   PASS   左键单击[click]  用时:0.062s  
2019-11-29 15:25:35 行号:73   PASS   查找元素[find_element]  用时:0.009s  
2019-11-29 15:25:36 行号:75   PASS   查找元素[find_element]  用时:0.008s  
2019-11-29 15:25:36 行号:75   PASS   左键单击[click]  用时:0.063s  
2019-11-29 15:25:37 行号:78   PASS   查找元素[find_element]  用时:0.008s  
2019-11-29 15:25:38 行号:79   PASS   查找元素[find_element]  用时:0.005s  
2019-11-29 15:25:38 行号:79   PASS   左键单击[click]  用时:0.058s  
2019-11-29 15:25:39 行号:81   PASS   查找元素[find_element]  用时:0.011s  
2019-11-29 15:25:40 行号:82   PASS   查找元素[find_element]  用时:0.007s  
2019-11-29 15:25:40 行号:82   PASS   左键单击[click]  用时:0.086s  
2019-11-29 15:25:41 行号:0    ERROR  [runTest]  用时:  测试用例脚本发生错误，请检查脚本代码：name 'random' is not defined
2019-11-29 15:25:41 脚本运行完毕...
2019-11-29 15:25:41 开始运行脚本<class 'script.testCase.U8EX项目.公共.U8EX登出.EasyCase'>
2019-11-29 15:25:41 行号:24   PASS   刷新页面[refresh]  用时:0.006s  
2019-11-29 15:25:43 行号:26   PASS   查找元素[find_element]  用时:0.009s  
2019-11-29 15:25:44 行号:26   PASS   左键单击[click]  用时:0.046s  
2019-11-29 15:25:45 行号:27   PASS   查找元素[find_element]  用时:0.010s  
2019-11-29 15:25:46 行号:27   PASS   左键单击[click]  用时:0.481s  
2019-11-29 15:25:47 脚本运行完毕...
2019-11-29 15:25:47 行号:0    PASS   关闭浏览器[quit]  用时:0.385s  
2019-11-29 15:25:50 场景<1>结束.用时:63.707s.
2019-11-29 15:25:50 场景统计结果：PASS: 64(98.46%),FAIL:  0(0.00%),ERROR:  1(1.54%),TRUE:  0,FALSE:  0

2019-11-29 15:25:50 ----------------------------------------
2019-11-29 15:25:50 End.
2019-11-29 15:25:50 测试方案统计结果:
                    场景<1>:PASS: 64(98.46%),FAIL:  0(0.00%),ERROR:  1(1.54%),TRUE:  0,FALSE:  0
                    总   计:PASS: 64(98.46%),FAIL:  0(0.00%),ERROR:  1(1.54%),TRUE:  0,FALSE:  0

