2019-11-29 14:26:54 Start.
2019-11-29 14:26:54 场景<1>开始.
2019-11-29 14:26:58 行号:0    PASS   最大化浏览器窗口[maximize_window]  用时:1.115s  
2019-11-29 14:26:59 chrome浏览器启动成功.
2019-11-29 14:26:59 开始加载脚本...
2019-11-29 14:26:59 脚本<1>：U8EX登录 加载成功.脚本路径：script/testCase/U8EX项目/公共/U8EX登录
2019-11-29 14:26:59 脚本<2>：现金流量项目 加载成功.脚本路径：script/testCase/Y3me项目/数字化建模/总账/现金流量项目
2019-11-29 14:26:59 脚本<3>：U8EX登出 加载成功.脚本路径：script/testCase/U8EX项目/公共/U8EX登出
2019-11-29 14:26:59 脚本加载完成...
2019-11-29 14:26:59 开始运行脚本<class 'script.testCase.U8EX项目.公共.U8EX登录.EasyCase'>
2019-11-29 14:27:00 行号:30   PASS   访问页面[get]  用时:1.320s  
2019-11-29 14:27:01 行号:31   PASS   查找元素[find_element]  用时:0.010s  
2019-11-29 14:27:02 行号:31   PASS   左键单击[click]  用时:0.048s  
2019-11-29 14:27:03 行号:34   PASS   查找元素[find_element]  用时:0.011s  
2019-11-29 14:27:03 行号:35   PASS   切换到表单[frame]  用时:0.015s  
2019-11-29 14:27:34 行号:38   FAIL   查找元素[find_element]  用时:30.013s  参数:{'list': '', 'dict': {'id': 'username'}} 页面中没有该元素.NoSuchElementException
2019-11-29 14:27:45 行号:0    ERROR  [runTest]  用时:  测试用例脚本发生错误，请检查脚本代码：
2019-11-29 14:27:45 脚本运行完毕...
2019-11-29 14:27:45 开始运行脚本<class 'script.testCase.Y3me项目.数字化建模.总账.现金流量项目.EasyCase'>
2019-11-29 14:27:45 行号:24   PASS   刷新页面[refresh]  用时:0.007s  
2019-11-29 14:28:16 行号:27   FAIL   查找元素[find_element]  用时:30.025s  参数:{'list': '', 'dict': {'class name': 'lebra-navbar-left-icon'}} 页面中没有该元素.NoSuchElementException
2019-11-29 14:28:26 行号:0    ERROR  [runTest]  用时:  测试用例脚本发生错误，请检查脚本代码：
2019-11-29 14:28:26 脚本运行完毕...
2019-11-29 14:28:26 开始运行脚本<class 'script.testCase.U8EX项目.公共.U8EX登出.EasyCase'>
2019-11-29 14:28:26 行号:24   PASS   刷新页面[refresh]  用时:0.005s  
