2019-11-29 15:26:08 Start.
2019-11-29 15:26:08 场景<1>开始.
2019-11-29 15:26:12 行号:0    PASS   最大化浏览器窗口[maximize_window]  用时:1.119s  
2019-11-29 15:26:13 chrome浏览器启动成功.
2019-11-29 15:26:13 开始加载脚本...
2019-11-29 15:26:13 脚本<1>：U8EX登录 加载成功.脚本路径：script/testCase/U8EX项目/公共/U8EX登录
2019-11-29 15:26:13 脚本<2>：现金流量项目 加载成功.脚本路径：script/testCase/Y3me项目/数字化建模/总账/现金流量项目
2019-11-29 15:26:13 脚本<3>：U8EX登出 加载成功.脚本路径：script/testCase/U8EX项目/公共/U8EX登出
2019-11-29 15:26:13 脚本加载完成...
2019-11-29 15:26:13 开始运行脚本<class 'script.testCase.U8EX项目.公共.U8EX登录.EasyCase'>
2019-11-29 15:26:14 行号:27   PASS   访问页面[get]  用时:1.104s  
2019-11-29 15:26:15 行号:29   PASS   查找元素[find_element]  用时:0.010s  
2019-11-29 15:26:16 行号:30   PASS   查找元素[find_element]  用时:0.006s  
2019-11-29 15:26:16 行号:30   PASS   左键单击[click]  用时:0.047s  
2019-11-29 15:26:17 行号:34   PASS   查找元素[find_element]  用时:0.013s  
2019-11-29 15:26:18 行号:35   PASS   查找元素[find_element]  用时:0.007s  
2019-11-29 15:26:19 行号:36   PASS   切换到表单[frame]  用时:0.019s  
2019-11-29 15:26:21 行号:39   PASS   查找元素[find_element]  用时:0.009s  
2019-11-29 15:26:21 行号:40   PASS   查找元素[find_element]  用时:0.006s  
2019-11-29 15:26:22 行号:40   PASS   清除文本[clear]  用时:0.017s  
2019-11-29 15:26:23 行号:41   PASS   查找元素[find_element]  用时:0.007s  
2019-11-29 15:26:23 行号:41   PASS   模拟输入[send_keys]  用时:0.086s  
2019-11-29 15:26:24 行号:42   PASS   查找元素[find_element]  用时:0.009s  
2019-11-29 15:26:25 行号:42   PASS   清除文本[clear]  用时:0.023s  
2019-11-29 15:26:26 行号:43   PASS   查找元素[find_element]  用时:0.006s  
2019-11-29 15:26:26 行号:43   PASS   模拟输入[send_keys]  用时:0.072s  
2019-11-29 15:26:27 行号:45   PASS   查找元素[find_element]  用时:0.008s  
2019-11-29 15:26:28 行号:46   PASS   查找元素[find_element]  用时:0.006s  
2019-11-29 15:26:28 行号:46   PASS   左键单击[click]  用时:0.081s  
2019-11-29 15:26:30 行号:52   PASS   查找元素[find_element]  用时:0.020s  
2019-11-29 15:26:30 行号:53   PASS   查找元素[find_element]  用时:0.012s  
2019-11-29 15:26:31 行号:53   PASS   左键单击[click]  用时:0.082s  
2019-11-29 15:26:32 行号:54   PASS   查找元素[find_element]  用时:0.042s  
2019-11-29 15:26:33 行号:54   PASS   左键单击[click]  用时:0.103s  
2019-11-29 15:26:34 行号:56   PASS   查找元素[find_element]  用时:0.011s  
2019-11-29 15:26:35 行号:56   PASS   左键单击[click]  用时:0.542s  
2019-11-29 15:26:36 脚本运行完毕...
2019-11-29 15:26:36 开始运行脚本<class 'script.testCase.Y3me项目.数字化建模.总账.现金流量项目.EasyCase'>
2019-11-29 15:26:36 行号:25   PASS   刷新页面[refresh]  用时:0.005s  
2019-11-29 15:26:37 行号:28   PASS   查找元素[find_element]  用时:0.010s  
2019-11-29 15:26:37 行号:29   PASS   查找元素[find_element]  用时:0.006s  
2019-11-29 15:26:38 行号:29   PASS   左键单击[click]  用时:0.061s  
2019-11-29 15:26:39 行号:33   PASS   查找元素[find_element]  用时:0.010s  
2019-11-29 15:26:39 行号:34   PASS   查找元素[find_element]  用时:0.006s  
2019-11-29 15:26:40 行号:34   PASS   左键单击[click]  用时:0.047s  
2019-11-29 15:26:41 行号:36   PASS   查找元素[find_element]  用时:0.011s  
2019-11-29 15:26:41 行号:38   PASS   查找元素[find_element]  用时:0.005s  
2019-11-29 15:26:43 行号:44   PASS   查找元素[find_element]  用时:0.009s  
2019-11-29 15:26:43 行号:46   PASS   查找元素[find_element]  用时:0.008s  
2019-11-29 15:26:46 行号:53   PASS   查找元素[find_element]  用时:0.067s  
2019-11-29 15:26:47 行号:55   PASS   查找元素[find_element]  用时:0.006s  
2019-11-29 15:26:47 行号:58   PASS   查找元素[find_element]  用时:0.009s  
2019-11-29 15:26:48 行号:59   PASS   查找元素[find_element]  用时:0.006s  
2019-11-29 15:26:48 行号:60   PASS   切换到表单[frame]  用时:0.013s  
2019-11-29 15:26:51 行号:64   PASS   查找元素[find_element]  用时:2.333s  
2019-11-29 15:26:52 行号:66   PASS   查找元素[find_element]  用时:0.006s  
2019-11-29 15:26:52 行号:66   PASS   左键单击[click]  用时:0.080s  
2019-11-29 15:26:53 行号:69   PASS   查找元素[find_element]  用时:0.009s  
2019-11-29 15:26:54 行号:70   PASS   查找元素[find_element]  用时:0.007s  
2019-11-29 15:26:55 行号:70   PASS   左键单击[click]  用时:0.060s  
2019-11-29 15:26:56 行号:74   PASS   查找元素[find_element]  用时:0.009s  
2019-11-29 15:26:56 行号:76   PASS   查找元素[find_element]  用时:0.007s  
2019-11-29 15:26:57 行号:76   PASS   左键单击[click]  用时:0.059s  
2019-11-29 15:26:58 行号:79   PASS   查找元素[find_element]  用时:0.010s  
2019-11-29 15:26:58 行号:80   PASS   查找元素[find_element]  用时:0.006s  
2019-11-29 15:26:59 行号:80   PASS   左键单击[click]  用时:0.056s  
2019-11-29 15:27:00 行号:82   PASS   查找元素[find_element]  用时:0.011s  
2019-11-29 15:27:00 行号:83   PASS   查找元素[find_element]  用时:0.007s  
2019-11-29 15:27:01 行号:83   PASS   左键单击[click]  用时:0.090s  
2019-11-29 15:27:02 行号:88   PASS   查找元素[find_element]  用时:0.009s  
2019-11-29 15:27:02 行号:89   PASS   查找元素[find_element]  用时:0.007s  
2019-11-29 15:27:03 行号:89   PASS   模拟输入[send_keys]  用时:0.096s  
2019-11-29 15:27:04 行号:95   PASS   查找元素[find_element]  用时:0.013s  
2019-11-29 15:27:05 行号:96   PASS   查找元素[find_element]  用时:0.007s  
2019-11-29 15:27:05 行号:96   PASS   模拟输入[send_keys]  用时:0.115s  
2019-11-29 15:27:06 行号:100  PASS   查找元素[find_element]  用时:0.010s  
2019-11-29 15:27:07 行号:101  PASS   查找元素[find_element]  用时:0.008s  
2019-11-29 15:27:07 行号:101  PASS   左键单击[click]  用时:0.104s  
2019-11-29 15:27:08 行号:104  TRUE   断言：包含[assertIn] 用时:0.000s TRUE.
2019-11-29 15:27:08 行号:106  PASS   查找元素[find_element]  用时:0.008s  
2019-11-29 15:27:09 行号:106  PASS   左键单击[click]  用时:0.056s  
2019-11-29 15:27:13 行号:108  PASS   查找元素[find_element]  用时:0.009s  
2019-11-29 15:27:13 行号:108  PASS   左键单击[click]  用时:0.055s  
2019-11-29 15:27:14 脚本运行完毕...
2019-11-29 15:27:14 开始运行脚本<class 'script.testCase.U8EX项目.公共.U8EX登出.EasyCase'>
2019-11-29 15:27:14 行号:24   PASS   刷新页面[refresh]  用时:0.012s  
2019-11-29 15:27:16 行号:26   PASS   查找元素[find_element]  用时:0.010s  
2019-11-29 15:27:17 行号:26   PASS   左键单击[click]  用时:0.043s  
2019-11-29 15:27:18 行号:27   PASS   查找元素[find_element]  用时:0.010s  
2019-11-29 15:27:19 行号:27   PASS   左键单击[click]  用时:0.519s  
2019-11-29 15:27:20 脚本运行完毕...
2019-11-29 15:27:20 行号:0    PASS   关闭浏览器[quit]  用时:0.251s  
2019-11-29 15:27:23 场景<1>结束.用时:74.927s.
2019-11-29 15:27:23 场景统计结果：PASS: 77(100.00%),FAIL:  0(0.00%),ERROR:  0(0.00%),TRUE:  1,FALSE:  0

2019-11-29 15:27:23 ----------------------------------------
2019-11-29 15:27:23 End.
2019-11-29 15:27:23 测试方案统计结果:
                    场景<1>:PASS: 77(100.00%),FAIL:  0(0.00%),ERROR:  0(0.00%),TRUE:  1,FALSE:  0
                    总   计:PASS: 77(100.00%),FAIL:  0(0.00%),ERROR:  0(0.00%),TRUE:  1,FALSE:  0

