2019-11-29 13:58:46 Start.
2019-11-29 13:58:46 场景<1>开始.
2019-11-29 13:58:50 行号:0    PASS   最大化浏览器窗口[maximize_window]  用时:1.116s  
2019-11-29 13:58:51 chrome浏览器启动成功.
2019-11-29 13:58:51 开始加载脚本...
2019-11-29 13:58:51 脚本<1>：U8EX登录 加载成功.脚本路径：script/testCase/U8EX项目/公共/U8EX登录
2019-11-29 13:58:51 脚本<2>：现金流量项目 加载成功.脚本路径：script/testCase/Y3me项目/数字化建模/总账/现金流量项目
2019-11-29 13:58:51 脚本<3>：U8EX登出 加载成功.脚本路径：script/testCase/U8EX项目/公共/U8EX登出
2019-11-29 13:58:51 脚本加载完成...
2019-11-29 13:58:51 开始运行脚本<class 'script.testCase.U8EX项目.公共.U8EX登录.EasyCase'>
2019-11-29 13:58:53 行号:28   PASS   访问页面[get]  用时:1.360s  
2019-11-29 13:58:54 行号:29   PASS   查找元素[find_element]  用时:0.013s  
2019-11-29 13:58:54 行号:29   PASS   左键单击[click]  用时:0.043s  
2019-11-29 13:58:55 行号:32   PASS   查找元素[find_element]  用时:0.011s  
2019-11-29 13:58:56 行号:33   PASS   切换到表单[frame]  用时:0.016s  
2019-11-29 13:58:58 行号:36   PASS   查找元素[find_element]  用时:0.009s  
2019-11-29 13:58:58 行号:36   PASS   清除文本[clear]  用时:0.019s  
2019-11-29 13:58:59 行号:37   PASS   查找元素[find_element]  用时:0.006s  
2019-11-29 13:59:00 行号:37   PASS   模拟输入[send_keys]  用时:0.083s  
2019-11-29 13:59:01 行号:38   PASS   查找元素[find_element]  用时:0.008s  
2019-11-29 13:59:01 行号:38   PASS   清除文本[clear]  用时:0.018s  
2019-11-29 13:59:02 行号:39   PASS   查找元素[find_element]  用时:0.008s  
2019-11-29 13:59:03 行号:39   PASS   模拟输入[send_keys]  用时:0.059s  
2019-11-29 13:59:05 行号:41   PASS   查找元素[find_element]  用时:0.010s  
2019-11-29 13:59:06 行号:41   PASS   左键单击[click]  用时:0.083s  
2019-11-29 13:59:08 行号:47   PASS   查找元素[find_element]  用时:0.016s  
2019-11-29 13:59:08 行号:47   PASS   左键单击[click]  用时:0.093s  
2019-11-29 13:59:09 行号:48   PASS   查找元素[find_element]  用时:0.018s  
2019-11-29 13:59:10 行号:48   PASS   左键单击[click]  用时:0.090s  
2019-11-29 13:59:11 行号:50   PASS   查找元素[find_element]  用时:0.009s  
2019-11-29 13:59:12 行号:50   PASS   左键单击[click]  用时:0.466s  
2019-11-29 13:59:13 脚本运行完毕...
2019-11-29 13:59:13 开始运行脚本<class 'script.testCase.Y3me项目.数字化建模.总账.现金流量项目.EasyCase'>
2019-11-29 13:59:13 行号:24   PASS   刷新页面[refresh]  用时:0.009s  
2019-11-29 13:59:14 行号:26   PASS   查找元素[find_element]  用时:0.012s  
2019-11-29 13:59:14 行号:26   PASS   左键单击[click]  用时:0.069s  
2019-11-29 13:59:16 行号:29   PASS   查找元素[find_element]  用时:0.011s  
2019-11-29 13:59:17 行号:29   PASS   左键单击[click]  用时:0.057s  
2019-11-29 13:59:19 行号:32   PASS   查找元素[find_element]  用时:0.009s  
2019-11-29 13:59:22 行号:39   PASS   查找元素[find_element]  用时:0.009s  
2019-11-29 13:59:26 行号:46   PASS   查找元素[find_element]  用时:0.010s  
2019-11-29 13:59:29 行号:49   PASS   查找元素[find_element]  用时:0.009s  
2019-11-29 13:59:29 行号:50   PASS   切换到表单[frame]  用时:0.021s  
2019-11-29 13:59:31 行号:54   PASS   查找元素[find_element]  用时:0.822s  
2019-11-29 13:59:32 行号:55   PASS   查找元素[find_element]  用时:0.006s  
2019-11-29 13:59:32 行号:55   PASS   左键单击[click]  用时:0.069s  
2019-11-29 13:59:33 行号:58   PASS   查找元素[find_element]  用时:0.008s  
2019-11-29 13:59:34 行号:58   PASS   左键单击[click]  用时:0.042s  
2019-11-29 13:59:38 行号:60   PASS   查找元素[find_element]  用时:0.008s  
2019-11-29 13:59:38 行号:60   PASS   左键单击[click]  用时:0.046s  
2019-11-29 13:59:42 脚本运行完毕...
2019-11-29 13:59:42 开始运行脚本<class 'script.testCase.U8EX项目.公共.U8EX登出.EasyCase'>
2019-11-29 13:59:42 行号:24   PASS   刷新页面[refresh]  用时:0.005s  
2019-11-29 13:59:44 行号:26   PASS   查找元素[find_element]  用时:0.010s  
2019-11-29 13:59:45 行号:26   PASS   左键单击[click]  用时:0.056s  
2019-11-29 13:59:46 行号:27   PASS   查找元素[find_element]  用时:0.011s  
2019-11-29 13:59:47 行号:27   PASS   左键单击[click]  用时:0.481s  
2019-11-29 13:59:48 脚本运行完毕...
2019-11-29 13:59:48 行号:0    PASS   关闭浏览器[quit]  用时:0.295s  
2019-11-29 13:59:51 场景<1>结束.用时:64.683s.
2019-11-29 13:59:51 场景统计结果：PASS: 45(100.00%),FAIL:  0(0.00%),ERROR:  0(0.00%),TRUE:  0,FALSE:  0

2019-11-29 13:59:51 ----------------------------------------
2019-11-29 13:59:51 End.
2019-11-29 13:59:51 测试方案统计结果:
                    场景<1>:PASS: 45(100.00%),FAIL:  0(0.00%),ERROR:  0(0.00%),TRUE:  0,FALSE:  0
                    总   计:PASS: 45(100.00%),FAIL:  0(0.00%),ERROR:  0(0.00%),TRUE:  0,FALSE:  0

