2019-11-29 16:40:55 Start.
2019-11-29 16:40:55 场景<1>开始.
2019-11-29 16:40:59 行号:0    PASS   最大化浏览器窗口[maximize_window]  用时:1.116s  
2019-11-29 16:41:00 chrome浏览器启动成功.
2019-11-29 16:41:00 开始加载脚本...
2019-11-29 16:41:00 脚本<1>：U8EX登录 加载成功.脚本路径：script/testCase/U8EX项目/公共/U8EX登录
2019-11-29 16:41:00 脚本<2>：现金流量项目 加载成功.脚本路径：script/testCase/Y3me项目/数字化建模/总账/现金流量项目
2019-11-29 16:41:00 脚本<3>：U8EX登出 加载成功.脚本路径：script/testCase/U8EX项目/公共/U8EX登出
2019-11-29 16:41:00 脚本加载完成...
2019-11-29 16:41:00 开始运行脚本<class 'script.testCase.U8EX项目.公共.U8EX登录.EasyCase'>
2019-11-29 16:41:02 行号:27   PASS   访问页面[get]  用时:1.445s  
2019-11-29 16:41:03 行号:29   PASS   查找元素[find_element]  用时:0.012s  
2019-11-29 16:41:03 行号:30   PASS   查找元素[find_element]  用时:0.007s  
2019-11-29 16:41:04 行号:30   PASS   左键单击[click]  用时:0.069s  
2019-11-29 16:41:05 行号:34   PASS   查找元素[find_element]  用时:0.010s  
2019-11-29 16:41:06 行号:35   PASS   查找元素[find_element]  用时:0.007s  
2019-11-29 16:41:06 行号:36   PASS   切换到表单[frame]  用时:0.016s  
2019-11-29 16:41:08 行号:39   PASS   查找元素[find_element]  用时:0.009s  
2019-11-29 16:41:09 行号:40   PASS   查找元素[find_element]  用时:0.007s  
2019-11-29 16:41:09 行号:40   PASS   清除文本[clear]  用时:0.026s  
2019-11-29 16:41:10 行号:41   PASS   查找元素[find_element]  用时:0.007s  
2019-11-29 16:41:11 行号:41   PASS   模拟输入[send_keys]  用时:0.083s  
2019-11-29 16:41:12 行号:42   PASS   查找元素[find_element]  用时:0.010s  
2019-11-29 16:41:12 行号:42   PASS   清除文本[clear]  用时:0.018s  
2019-11-29 16:41:13 行号:43   PASS   查找元素[find_element]  用时:0.007s  
2019-11-29 16:41:14 行号:43   PASS   模拟输入[send_keys]  用时:0.080s  
2019-11-29 16:41:15 行号:45   PASS   查找元素[find_element]  用时:0.009s  
2019-11-29 16:41:15 行号:46   PASS   查找元素[find_element]  用时:0.006s  
2019-11-29 16:41:16 行号:46   PASS   左键单击[click]  用时:0.091s  
2019-11-29 16:41:17 行号:52   PASS   查找元素[find_element]  用时:0.011s  
2019-11-29 16:41:18 行号:53   PASS   查找元素[find_element]  用时:0.006s  
2019-11-29 16:41:19 行号:53   PASS   左键单击[click]  用时:1.136s  在2次重新定位元素后，元素行为执行成功
2019-11-29 16:41:20 行号:54   PASS   查找元素[find_element]  用时:0.021s  
2019-11-29 16:41:21 行号:54   PASS   左键单击[click]  用时:0.111s  
2019-11-29 16:41:22 行号:56   PASS   查找元素[find_element]  用时:0.016s  
2019-11-29 16:41:23 行号:56   PASS   左键单击[click]  用时:0.507s  
2019-11-29 16:41:24 脚本运行完毕...
2019-11-29 16:41:24 开始运行脚本<class 'script.testCase.Y3me项目.数字化建模.总账.现金流量项目.EasyCase'>
2019-11-29 16:41:24 行号:25   PASS   刷新页面[refresh]  用时:0.246s  
2019-11-29 16:41:25 行号:28   PASS   查找元素[find_element]  用时:0.009s  
2019-11-29 16:41:26 行号:29   PASS   查找元素[find_element]  用时:0.006s  
2019-11-29 16:41:26 行号:29   PASS   左键单击[click]  用时:0.105s  
2019-11-29 16:41:27 行号:33   PASS   查找元素[find_element]  用时:0.011s  
2019-11-29 16:41:28 行号:34   PASS   查找元素[find_element]  用时:0.006s  
2019-11-29 16:41:28 行号:34   PASS   左键单击[click]  用时:0.062s  
2019-11-29 16:41:29 行号:36   PASS   查找元素[find_element]  用时:0.011s  
2019-11-29 16:41:30 行号:38   PASS   查找元素[find_element]  用时:0.006s  
2019-11-29 16:41:31 行号:44   PASS   查找元素[find_element]  用时:0.026s  
2019-11-29 16:41:32 行号:46   PASS   查找元素[find_element]  用时:0.007s  
2019-11-29 16:41:35 行号:53   PASS   查找元素[find_element]  用时:0.116s  
2019-11-29 16:41:35 行号:55   PASS   查找元素[find_element]  用时:0.005s  
2019-11-29 16:41:36 行号:58   PASS   查找元素[find_element]  用时:0.008s  
2019-11-29 16:41:36 行号:59   PASS   查找元素[find_element]  用时:0.008s  
2019-11-29 16:41:37 行号:60   PASS   切换到表单[frame]  用时:0.014s  
2019-11-29 16:41:42 行号:64   PASS   查找元素[find_element]  用时:4.227s  
2019-11-29 16:41:42 行号:66   PASS   查找元素[find_element]  用时:0.007s  
2019-11-29 16:41:43 行号:66   PASS   左键单击[click]  用时:0.077s  
2019-11-29 16:41:44 行号:69   PASS   查找元素[find_element]  用时:0.010s  
2019-11-29 16:41:44 行号:70   PASS   查找元素[find_element]  用时:0.006s  
2019-11-29 16:41:45 行号:70   PASS   左键单击[click]  用时:0.060s  
2019-11-29 16:41:46 行号:74   PASS   查找元素[find_element]  用时:0.011s  
2019-11-29 16:41:47 行号:76   PASS   查找元素[find_element]  用时:0.006s  
2019-11-29 16:41:47 行号:76   PASS   左键单击[click]  用时:0.058s  
2019-11-29 16:41:48 行号:79   PASS   查找元素[find_element]  用时:0.009s  
2019-11-29 16:41:49 行号:80   PASS   查找元素[find_element]  用时:0.006s  
2019-11-29 16:41:49 行号:80   PASS   左键单击[click]  用时:0.054s  
2019-11-29 16:41:50 行号:82   PASS   查找元素[find_element]  用时:0.009s  
2019-11-29 16:41:51 行号:83   PASS   查找元素[find_element]  用时:0.007s  
2019-11-29 16:41:51 行号:83   PASS   左键单击[click]  用时:0.098s  
2019-11-29 16:41:52 行号:88   PASS   查找元素[find_element]  用时:0.010s  
2019-11-29 16:41:53 行号:89   PASS   查找元素[find_element]  用时:0.007s  
2019-11-29 16:41:53 行号:89   PASS   模拟输入[send_keys]  用时:0.105s  
2019-11-29 16:41:54 行号:95   PASS   查找元素[find_element]  用时:0.009s  
2019-11-29 16:41:55 行号:96   PASS   查找元素[find_element]  用时:0.007s  
2019-11-29 16:41:56 行号:96   PASS   模拟输入[send_keys]  用时:0.123s  
2019-11-29 16:41:57 行号:100  PASS   查找元素[find_element]  用时:0.016s  
2019-11-29 16:41:57 行号:101  PASS   查找元素[find_element]  用时:0.006s  
2019-11-29 16:41:58 行号:101  PASS   左键单击[click]  用时:0.076s  
2019-11-29 16:41:59 行号:104  TRUE   断言：包含[assertIn] 用时:0.000s TRUE.
2019-11-29 16:41:59 行号:108  PASS   查找元素[find_element]  用时:0.010s  
2019-11-29 16:41:59 行号:111  PASS   查找元素[find_element]  用时:0.006s  
2019-11-29 16:42:00 行号:115  PASS   查找元素[find_element]  用时:0.008s  
2019-11-29 16:42:01 行号:115  PASS   左键单击[click]  用时:0.069s  
2019-11-29 16:42:02 行号:119  PASS   查找元素[find_element]  用时:0.007s  
2019-11-29 16:42:02 行号:120  PASS   查找元素[find_element]  用时:0.006s  
2019-11-29 16:42:03 行号:120  PASS   左键单击[click]  用时:0.066s  
2019-11-29 16:42:04 行号:124  PASS   查找元素[find_element]  用时:0.006s  
2019-11-29 16:42:05 行号:127  PASS   查找元素[find_element]  用时:0.007s  
2019-11-29 16:42:06 行号:131  PASS   查找元素[find_element]  用时:0.011s  
2019-11-29 16:42:06 行号:131  PASS   左键单击[click]  用时:0.059s  
2019-11-29 16:42:07 行号:135  PASS   查找元素[find_element]  用时:0.006s  
2019-11-29 16:42:08 行号:136  PASS   查找元素[find_element]  用时:0.006s  
2019-11-29 16:42:08 行号:136  PASS   左键单击[click]  用时:0.064s  
2019-11-29 16:42:09 行号:138  TRUE   断言：不包含[assertNotIn] 用时:0.000s TRUE.
2019-11-29 16:42:09 行号:142  PASS   查找元素[find_element]  用时:0.008s  
2019-11-29 16:42:10 行号:143  PASS   查找元素[find_element]  用时:0.006s  
2019-11-29 16:42:10 行号:143  PASS   左键单击[click]  用时:0.054s  
2019-11-29 16:42:11 行号:145  PASS   查找元素[find_element]  用时:0.008s  
2019-11-29 16:42:12 行号:146  PASS   查找元素[find_element]  用时:0.006s  
2019-11-29 16:42:12 行号:146  PASS   左键单击[click]  用时:0.047s  
2019-11-29 16:42:13 脚本运行完毕...
2019-11-29 16:42:13 开始运行脚本<class 'script.testCase.U8EX项目.公共.U8EX登出.EasyCase'>
2019-11-29 16:42:13 行号:24   PASS   刷新页面[refresh]  用时:0.012s  
2019-11-29 16:42:15 行号:26   PASS   查找元素[find_element]  用时:0.013s  
2019-11-29 16:42:16 行号:26   PASS   左键单击[click]  用时:0.172s  
2019-11-29 16:42:17 行号:27   PASS   查找元素[find_element]  用时:0.010s  
2019-11-29 16:42:18 行号:27   PASS   左键单击[click]  用时:0.402s  
2019-11-29 16:42:19 脚本运行完毕...
2019-11-29 16:42:19 行号:0    PASS   关闭浏览器[quit]  用时:0.318s  
2019-11-29 16:42:22 场景<1>结束.用时:86.855s.
2019-11-29 16:42:22 场景统计结果：PASS: 93(100.00%),FAIL:  0(0.00%),ERROR:  0(0.00%),TRUE:  2,FALSE:  0

2019-11-29 16:42:22 ----------------------------------------
2019-11-29 16:42:22 End.
2019-11-29 16:42:22 测试方案统计结果:
                    场景<1>:PASS: 93(100.00%),FAIL:  0(0.00%),ERROR:  0(0.00%),TRUE:  2,FALSE:  0
                    总   计:PASS: 93(100.00%),FAIL:  0(0.00%),ERROR:  0(0.00%),TRUE:  2,FALSE:  0

