2019-11-29 10:43:01 Start.
2019-11-29 10:43:01 场景<1>开始.
2019-11-29 10:43:07 行号:0    PASS   最大化浏览器窗口[maximize_window]  用时:1.121s  
2019-11-29 10:43:08 chrome浏览器启动成功.
2019-11-29 10:43:08 开始加载脚本...
2019-11-29 10:43:08 脚本<1>：U8EX登录 加载成功.脚本路径：script/testCase/U8EX项目/公共/U8EX登录
2019-11-29 10:43:08 脚本<2>：常用凭证 加载成功.脚本路径：script/testCase/Y3me项目/数字化建模/总账/常用凭证
2019-11-29 10:43:08 脚本<3>：U8EX登出 加载成功.脚本路径：script/testCase/U8EX项目/公共/U8EX登出
2019-11-29 10:43:08 脚本加载完成...
2019-11-29 10:43:08 开始运行脚本<class 'script.testCase.U8EX项目.公共.U8EX登录.EasyCase'>
2019-11-29 10:43:09 行号:28   PASS   访问页面[get]  用时:1.740s  
2019-11-29 10:43:10 行号:29   PASS   查找元素[find_element]  用时:0.012s  
2019-11-29 10:43:11 行号:29   PASS   左键单击[click]  用时:0.060s  
2019-11-29 10:43:12 行号:32   PASS   查找元素[find_element]  用时:0.009s  
2019-11-29 10:43:12 行号:33   PASS   切换到表单[frame]  用时:0.018s  
2019-11-29 10:43:14 行号:36   PASS   查找元素[find_element]  用时:0.011s  
2019-11-29 10:43:15 行号:36   PASS   清除文本[clear]  用时:0.018s  
2019-11-29 10:43:16 行号:37   PASS   查找元素[find_element]  用时:0.006s  
2019-11-29 10:43:16 行号:37   PASS   模拟输入[send_keys]  用时:0.061s  
2019-11-29 10:43:17 行号:38   PASS   查找元素[find_element]  用时:0.009s  
2019-11-29 10:43:18 行号:38   PASS   清除文本[clear]  用时:0.018s  
2019-11-29 10:43:19 行号:39   PASS   查找元素[find_element]  用时:0.008s  
2019-11-29 10:43:20 行号:39   PASS   模拟输入[send_keys]  用时:0.051s  
2019-11-29 10:43:22 行号:41   PASS   查找元素[find_element]  用时:0.010s  
2019-11-29 10:43:22 行号:41   PASS   左键单击[click]  用时:0.084s  
2019-11-29 10:43:24 行号:47   PASS   查找元素[find_element]  用时:0.013s  
2019-11-29 10:43:25 行号:47   PASS   左键单击[click]  用时:0.591s  
2019-11-29 10:43:26 行号:48   PASS   查找元素[find_element]  用时:0.010s  
2019-11-29 10:43:27 行号:48   PASS   左键单击[click]  用时:0.103s  
2019-11-29 10:43:28 行号:50   PASS   查找元素[find_element]  用时:0.010s  
2019-11-29 10:43:29 行号:50   PASS   左键单击[click]  用时:0.510s  
2019-11-29 10:43:30 脚本运行完毕...
2019-11-29 10:43:30 开始运行脚本<class 'script.testCase.Y3me项目.数字化建模.总账.常用凭证.EasyCase'>
2019-11-29 10:43:30 行号:28   PASS   刷新页面[refresh]  用时:0.007s  
2019-11-29 10:43:31 行号:30   PASS   查找元素[find_element]  用时:0.009s  
2019-11-29 10:43:33 行号:30   PASS   左键单击[click]  用时:1.118s  在2次重新定位元素后，元素行为执行成功
2019-11-29 10:43:35 行号:33   PASS   查找元素[find_element]  用时:0.012s  
2019-11-29 10:43:35 行号:33   PASS   左键单击[click]  用时:0.051s  
2019-11-29 10:43:37 行号:36   PASS   查找元素[find_element]  用时:0.010s  
2019-11-29 10:43:40 行号:43   PASS   查找元素[find_element]  用时:0.011s  
2019-11-29 10:43:44 行号:50   PASS   查找元素[find_element]  用时:0.009s  
2019-11-29 10:43:47 行号:53   PASS   查找元素[find_element]  用时:0.011s  
2019-11-29 10:43:47 行号:54   PASS   切换到表单[frame]  用时:0.040s  
2019-11-29 10:43:50 行号:57   PASS   查找元素[find_element]  用时:1.699s  
2019-11-29 10:43:51 行号:57   PASS   左键单击[click]  用时:0.091s  
2019-11-29 10:43:52 行号:62   PASS   查找元素[find_element]  用时:0.043s  
2019-11-29 10:43:52 行号:62   PASS   模拟输入[send_keys]  用时:0.144s  
2019-11-29 10:43:53 行号:67   PASS   查找元素[find_element]  用时:0.010s  
2019-11-29 10:43:54 行号:67   PASS   模拟输入[send_keys]  用时:0.152s  
2019-11-29 10:43:55 行号:70   PASS   查找元素[find_element]  用时:0.017s  
2019-11-29 10:43:56 行号:70   PASS   左键单击[click]  用时:0.066s  
2019-11-29 10:43:57 行号:74   PASS   查找元素[find_element]  用时:0.011s  
2019-11-29 10:43:57 行号:74   PASS   左键单击[click]  用时:0.058s  
2019-11-29 10:43:59 行号:78   PASS   查找元素[find_element]  用时:0.011s  
2019-11-29 10:43:59 行号:78   PASS   左键单击[click]  用时:0.065s  
2019-11-29 10:44:00 行号:80   PASS   查找元素[find_element]  用时:0.012s  
2019-11-29 10:44:01 行号:80   PASS   左键单击[click]  用时:0.086s  
2019-11-29 10:44:03 行号:83   PASS   查找元素[find_element]  用时:0.009s  
