2019-11-29 09:34:59 程序启动.财务管理-总账.xml
2019-11-29 09:35:00 Start.
2019-11-29 10:43:01 程序启动.财务管理-总账.xml
2019-11-29 10:43:01 程序启动.财务管理-总账.xml
2019-11-29 10:43:01 Start.
2019-11-29 10:43:01 Start.
2019-11-29 10:43:01 Start.
2019-11-29 10:43:01 场景<1>开始.
2019-11-29 10:43:07 行号:0    PASS   最大化浏览器窗口[maximize_window]  用时:1.121s  
2019-11-29 10:43:08 chrome浏览器启动成功.
2019-11-29 10:43:08 开始加载脚本...
2019-11-29 10:43:08 脚本<1>：U8EX登录 加载成功.脚本路径：script/testCase/U8EX项目/公共/U8EX登录
2019-11-29 10:43:08 脚本<2>：常用凭证 加载成功.脚本路径：script/testCase/Y3me项目/数字化建模/总账/常用凭证
2019-11-29 10:43:08 脚本<3>：U8EX登出 加载成功.脚本路径：script/testCase/U8EX项目/公共/U8EX登出
2019-11-29 10:43:08 脚本加载完成...
2019-11-29 10:43:08 开始运行脚本<class 'script.testCase.U8EX项目.公共.U8EX登录.EasyCase'>
2019-11-29 10:43:09 行号:28   PASS   访问页面[get]  用时:1.740s  
2019-11-29 10:43:10 行号:29   PASS   查找元素[find_element]  用时:0.012s  
2019-11-29 10:43:11 行号:29   PASS   左键单击[click]  用时:0.060s  
2019-11-29 10:43:12 行号:32   PASS   查找元素[find_element]  用时:0.009s  
2019-11-29 10:43:12 行号:33   PASS   切换到表单[frame]  用时:0.018s  
2019-11-29 10:43:14 行号:36   PASS   查找元素[find_element]  用时:0.011s  
2019-11-29 10:43:15 行号:36   PASS   清除文本[clear]  用时:0.018s  
2019-11-29 10:43:16 行号:37   PASS   查找元素[find_element]  用时:0.006s  
2019-11-29 10:43:16 行号:37   PASS   模拟输入[send_keys]  用时:0.061s  
2019-11-29 10:43:17 行号:38   PASS   查找元素[find_element]  用时:0.009s  
2019-11-29 10:43:18 行号:38   PASS   清除文本[clear]  用时:0.018s  
2019-11-29 10:43:19 行号:39   PASS   查找元素[find_element]  用时:0.008s  
2019-11-29 10:43:20 行号:39   PASS   模拟输入[send_keys]  用时:0.051s  
2019-11-29 10:43:22 行号:41   PASS   查找元素[find_element]  用时:0.010s  
2019-11-29 10:43:22 行号:41   PASS   左键单击[click]  用时:0.084s  
2019-11-29 10:43:24 行号:47   PASS   查找元素[find_element]  用时:0.013s  
2019-11-29 10:43:25 行号:47   PASS   左键单击[click]  用时:0.591s  
2019-11-29 10:43:26 行号:48   PASS   查找元素[find_element]  用时:0.010s  
2019-11-29 10:43:27 行号:48   PASS   左键单击[click]  用时:0.103s  
2019-11-29 10:43:28 行号:50   PASS   查找元素[find_element]  用时:0.010s  
2019-11-29 10:43:29 行号:50   PASS   左键单击[click]  用时:0.510s  
2019-11-29 10:43:30 脚本运行完毕...
2019-11-29 10:43:30 开始运行脚本<class 'script.testCase.Y3me项目.数字化建模.总账.常用凭证.EasyCase'>
2019-11-29 10:43:30 行号:28   PASS   刷新页面[refresh]  用时:0.007s  
2019-11-29 10:43:31 行号:30   PASS   查找元素[find_element]  用时:0.009s  
2019-11-29 10:43:33 行号:30   PASS   左键单击[click]  用时:1.118s  在2次重新定位元素后，元素行为执行成功
2019-11-29 10:43:35 行号:33   PASS   查找元素[find_element]  用时:0.012s  
2019-11-29 10:43:35 行号:33   PASS   左键单击[click]  用时:0.051s  
2019-11-29 10:43:37 行号:36   PASS   查找元素[find_element]  用时:0.010s  
2019-11-29 10:43:40 行号:43   PASS   查找元素[find_element]  用时:0.011s  
2019-11-29 10:43:44 行号:50   PASS   查找元素[find_element]  用时:0.009s  
2019-11-29 10:43:47 行号:53   PASS   查找元素[find_element]  用时:0.011s  
2019-11-29 10:43:47 行号:54   PASS   切换到表单[frame]  用时:0.040s  
2019-11-29 10:43:50 行号:57   PASS   查找元素[find_element]  用时:1.699s  
2019-11-29 10:43:51 行号:57   PASS   左键单击[click]  用时:0.091s  
2019-11-29 10:43:52 行号:62   PASS   查找元素[find_element]  用时:0.043s  
2019-11-29 10:43:52 行号:62   PASS   模拟输入[send_keys]  用时:0.144s  
2019-11-29 10:43:53 行号:67   PASS   查找元素[find_element]  用时:0.010s  
2019-11-29 10:43:54 行号:67   PASS   模拟输入[send_keys]  用时:0.152s  
2019-11-29 10:43:55 行号:70   PASS   查找元素[find_element]  用时:0.017s  
2019-11-29 10:43:56 行号:70   PASS   左键单击[click]  用时:0.066s  
2019-11-29 10:43:57 行号:74   PASS   查找元素[find_element]  用时:0.011s  
2019-11-29 10:43:57 行号:74   PASS   左键单击[click]  用时:0.058s  
2019-11-29 10:43:59 行号:78   PASS   查找元素[find_element]  用时:0.011s  
2019-11-29 10:43:59 行号:78   PASS   左键单击[click]  用时:0.065s  
2019-11-29 10:44:00 行号:80   PASS   查找元素[find_element]  用时:0.012s  
2019-11-29 10:44:01 行号:80   PASS   左键单击[click]  用时:0.086s  
2019-11-29 10:44:03 行号:83   PASS   查找元素[find_element]  用时:0.009s  
2019-11-29 10:45:35 程序启动.财务管理-总账.xml
2019-11-29 10:45:35 程序启动.财务管理-总账.xml
2019-11-29 10:45:36 Start.
2019-11-29 10:45:36 Start.
2019-11-29 10:45:36 Start.
2019-11-29 10:45:36 场景<1>开始.
2019-11-29 13:47:01 程序启动.财务管理-总账.xml
2019-11-29 13:47:01 程序启动.财务管理-总账.xml
2019-11-29 13:47:02 Start.
2019-11-29 13:47:02 Start.
2019-11-29 13:47:02 Start.
2019-11-29 13:47:02 场景<1>开始.
2019-11-29 13:47:06 行号:0    PASS   最大化浏览器窗口[maximize_window]  用时:1.122s  
2019-11-29 13:47:07 chrome浏览器启动成功.
2019-11-29 13:47:07 开始加载脚本...
2019-11-29 13:47:07 脚本<1>：U8EX登录 加载成功.脚本路径：script/testCase/U8EX项目/公共/U8EX登录
2019-11-29 13:47:07 脚本<2>：现金流量项目 加载成功.脚本路径：script/testCase/Y3me项目/数字化建模/总账/现金流量项目
2019-11-29 13:47:07 脚本<3>：U8EX登出 加载成功.脚本路径：script/testCase/U8EX项目/公共/U8EX登出
2019-11-29 13:47:07 脚本加载完成...
2019-11-29 13:47:07 开始运行脚本<class 'script.testCase.U8EX项目.公共.U8EX登录.EasyCase'>
2019-11-29 13:47:10 行号:28   PASS   访问页面[get]  用时:3.084s  
2019-11-29 13:47:11 行号:29   PASS   查找元素[find_element]  用时:0.018s  
2019-11-29 13:47:12 行号:29   PASS   左键单击[click]  用时:0.066s  
2019-11-29 13:47:13 行号:32   PASS   查找元素[find_element]  用时:0.010s  
2019-11-29 13:47:13 行号:33   PASS   切换到表单[frame]  用时:0.019s  
2019-11-29 13:47:15 行号:36   PASS   查找元素[find_element]  用时:0.011s  
2019-11-29 13:47:16 行号:36   PASS   清除文本[clear]  用时:0.020s  
2019-11-29 13:47:17 行号:37   PASS   查找元素[find_element]  用时:0.007s  
2019-11-29 13:47:18 行号:37   PASS   模拟输入[send_keys]  用时:0.087s  
2019-11-29 13:47:19 行号:38   PASS   查找元素[find_element]  用时:0.010s  
2019-11-29 13:47:19 行号:38   PASS   清除文本[clear]  用时:0.017s  
2019-11-29 13:47:20 行号:39   PASS   查找元素[find_element]  用时:0.009s  
2019-11-29 13:47:21 行号:39   PASS   模拟输入[send_keys]  用时:0.072s  
2019-11-29 13:47:23 行号:41   PASS   查找元素[find_element]  用时:0.010s  
2019-11-29 13:47:23 行号:41   PASS   左键单击[click]  用时:0.091s  
2019-11-29 13:47:26 行号:47   PASS   查找元素[find_element]  用时:0.011s  
2019-11-29 13:47:26 行号:47   PASS   左键单击[click]  用时:0.079s  
2019-11-29 13:47:27 行号:48   PASS   查找元素[find_element]  用时:0.009s  
2019-11-29 13:47:28 行号:48   PASS   左键单击[click]  用时:0.094s  
2019-11-29 13:47:29 行号:50   PASS   查找元素[find_element]  用时:0.009s  
2019-11-29 13:47:30 行号:50   PASS   左键单击[click]  用时:0.465s  
2019-11-29 13:47:31 脚本运行完毕...
2019-11-29 13:47:31 开始运行脚本<class 'script.testCase.Y3me项目.数字化建模.总账.现金流量项目.EasyCase'>
2019-11-29 13:47:31 行号:24   PASS   刷新页面[refresh]  用时:0.016s  
2019-11-29 13:47:32 行号:26   PASS   查找元素[find_element]  用时:0.010s  
2019-11-29 13:47:33 行号:26   PASS   左键单击[click]  用时:1.091s  在2次重新定位元素后，元素行为执行成功
2019-11-29 13:47:35 行号:29   PASS   查找元素[find_element]  用时:0.013s  
2019-11-29 13:47:36 行号:29   PASS   左键单击[click]  用时:0.056s  
2019-11-29 13:47:38 行号:32   PASS   查找元素[find_element]  用时:0.010s  
2019-11-29 13:47:41 行号:39   PASS   查找元素[find_element]  用时:0.009s  
2019-11-29 13:47:45 行号:46   PASS   查找元素[find_element]  用时:0.009s  
2019-11-29 13:47:48 行号:49   PASS   查找元素[find_element]  用时:0.008s  
2019-11-29 13:47:48 行号:50   PASS   切换到表单[frame]  用时:0.019s  
2019-11-29 13:47:49 行号:0    ERROR  [runTest]  用时:  测试用例脚本发生错误，请检查脚本代码：wrapper() missing 1 required positional argument: 'alias'
2019-11-29 13:47:49 脚本运行完毕...
2019-11-29 13:47:49 开始运行脚本<class 'script.testCase.U8EX项目.公共.U8EX登出.EasyCase'>
2019-11-29 13:47:50 行号:24   PASS   刷新页面[refresh]  用时:0.436s  
2019-11-29 13:47:52 行号:26   PASS   查找元素[find_element]  用时:0.010s  
2019-11-29 13:47:52 行号:26   PASS   左键单击[click]  用时:0.044s  
2019-11-29 13:47:53 行号:27   PASS   查找元素[find_element]  用时:0.012s  
2019-11-29 13:47:54 行号:27   PASS   左键单击[click]  用时:0.453s  
2019-11-29 13:47:55 脚本运行完毕...
2019-11-29 13:47:55 行号:0    PASS   关闭浏览器[quit]  用时:0.321s  
2019-11-29 13:47:58 场景<1>结束.用时:56.331s.
2019-11-29 13:47:58 场景统计结果：PASS: 38(97.44%),FAIL:  0(0.00%),ERROR:  1(2.56%),TRUE:  0,FALSE:  0

2019-11-29 13:47:58 ----------------------------------------
2019-11-29 13:47:58 End.
2019-11-29 13:47:58 End.
2019-11-29 13:47:58 End.
2019-11-29 13:47:58 测试方案统计结果:
                    场景<1>:PASS: 38(97.44%),FAIL:  0(0.00%),ERROR:  1(2.56%),TRUE:  0,FALSE:  0
                    总   计:PASS: 38(97.44%),FAIL:  0(0.00%),ERROR:  1(2.56%),TRUE:  0,FALSE:  0

2019-11-29 13:47:58 程序结束.财务管理-总账.xml

2019-11-29 13:47:58 程序结束.财务管理-总账.xml

2019-11-29 13:51:07 程序启动.财务管理-总账.xml
2019-11-29 13:51:07 程序启动.财务管理-总账.xml
2019-11-29 13:51:07 Start.
2019-11-29 13:51:07 Start.
2019-11-29 13:51:07 Start.
2019-11-29 13:51:07 场景<1>开始.
2019-11-29 13:51:11 行号:0    PASS   最大化浏览器窗口[maximize_window]  用时:1.117s  
2019-11-29 13:51:12 chrome浏览器启动成功.
2019-11-29 13:51:12 开始加载脚本...
2019-11-29 13:51:12 脚本<1>：U8EX登录 加载成功.脚本路径：script/testCase/U8EX项目/公共/U8EX登录
2019-11-29 13:51:12 脚本<2>：现金流量项目 加载成功.脚本路径：script/testCase/Y3me项目/数字化建模/总账/现金流量项目
2019-11-29 13:51:12 脚本<3>：U8EX登出 加载成功.脚本路径：script/testCase/U8EX项目/公共/U8EX登出
2019-11-29 13:51:12 脚本加载完成...
2019-11-29 13:51:12 开始运行脚本<class 'script.testCase.U8EX项目.公共.U8EX登录.EasyCase'>
2019-11-29 13:51:13 行号:28   PASS   访问页面[get]  用时:1.195s  
2019-11-29 13:51:14 行号:29   PASS   查找元素[find_element]  用时:0.010s  
2019-11-29 13:51:15 行号:29   PASS   左键单击[click]  用时:0.041s  
2019-11-29 13:51:16 行号:32   PASS   查找元素[find_element]  用时:0.011s  
2019-11-29 13:51:16 行号:33   PASS   切换到表单[frame]  用时:0.018s  
2019-11-29 13:51:18 行号:36   PASS   查找元素[find_element]  用时:0.009s  
2019-11-29 13:51:19 行号:36   PASS   清除文本[clear]  用时:0.018s  
2019-11-29 13:51:20 行号:37   PASS   查找元素[find_element]  用时:0.006s  
2019-11-29 13:51:20 行号:37   PASS   模拟输入[send_keys]  用时:0.080s  
2019-11-29 13:51:21 行号:38   PASS   查找元素[find_element]  用时:0.009s  
2019-11-29 13:51:22 行号:38   PASS   清除文本[clear]  用时:0.019s  
2019-11-29 13:51:23 行号:39   PASS   查找元素[find_element]  用时:0.007s  
2019-11-29 13:51:24 行号:39   PASS   模拟输入[send_keys]  用时:0.061s  
2019-11-29 13:51:26 行号:41   PASS   查找元素[find_element]  用时:0.008s  
2019-11-29 13:51:26 行号:41   PASS   左键单击[click]  用时:0.087s  
2019-11-29 13:51:28 行号:47   PASS   查找元素[find_element]  用时:0.012s  
2019-11-29 13:51:29 行号:47   PASS   左键单击[click]  用时:0.069s  
2019-11-29 13:51:30 行号:48   PASS   查找元素[find_element]  用时:0.011s  
2019-11-29 13:51:30 行号:48   PASS   左键单击[click]  用时:0.103s  
2019-11-29 13:51:31 行号:50   PASS   查找元素[find_element]  用时:0.009s  
2019-11-29 13:51:33 行号:50   PASS   左键单击[click]  用时:0.819s  
2019-11-29 13:51:34 脚本运行完毕...
2019-11-29 13:51:34 开始运行脚本<class 'script.testCase.Y3me项目.数字化建模.总账.现金流量项目.EasyCase'>
2019-11-29 13:51:34 行号:24   PASS   刷新页面[refresh]  用时:0.005s  
2019-11-29 13:51:35 行号:26   PASS   查找元素[find_element]  用时:0.010s  
2019-11-29 13:51:35 行号:26   PASS   左键单击[click]  用时:0.065s  
2019-11-29 13:51:37 行号:29   PASS   查找元素[find_element]  用时:0.011s  
2019-11-29 13:51:38 行号:29   PASS   左键单击[click]  用时:0.050s  
2019-11-29 13:51:40 行号:32   PASS   查找元素[find_element]  用时:0.008s  
2019-11-29 13:51:42 行号:39   PASS   查找元素[find_element]  用时:0.008s  
2019-11-29 13:51:47 行号:46   PASS   查找元素[find_element]  用时:0.008s  
2019-11-29 13:51:50 行号:49   PASS   查找元素[find_element]  用时:0.008s  
2019-11-29 13:51:50 行号:50   PASS   切换到表单[frame]  用时:0.099s  
2019-11-29 13:51:51 行号:54   PASS   查找元素[find_element]  用时:0.010s  
2019-11-29 13:51:52 行号:0    ERROR  [runTest]  用时:  测试用例脚本发生错误，请检查脚本代码：wrapper() missing 2 required positional arguments: 'value' and 'alias'
2019-11-29 13:51:52 脚本运行完毕...
2019-11-29 13:51:52 开始运行脚本<class 'script.testCase.U8EX项目.公共.U8EX登出.EasyCase'>
2019-11-29 13:51:52 行号:24   PASS   刷新页面[refresh]  用时:0.005s  
2019-11-29 13:51:54 行号:26   PASS   查找元素[find_element]  用时:0.010s  
2019-11-29 13:51:54 行号:26   PASS   左键单击[click]  用时:0.040s  
2019-11-29 13:51:55 行号:27   PASS   查找元素[find_element]  用时:0.009s  
2019-11-29 13:51:56 行号:27   PASS   左键单击[click]  用时:0.513s  
2019-11-29 13:51:57 脚本运行完毕...
2019-11-29 13:51:58 行号:0    PASS   关闭浏览器[quit]  用时:0.289s  
2019-11-29 13:52:01 场景<1>结束.用时:53.428s.
2019-11-29 13:52:01 场景统计结果：PASS: 39(97.50%),FAIL:  0(0.00%),ERROR:  1(2.50%),TRUE:  0,FALSE:  0

2019-11-29 13:52:01 ----------------------------------------
2019-11-29 13:52:01 End.
2019-11-29 13:52:01 End.
2019-11-29 13:52:01 End.
2019-11-29 13:52:01 测试方案统计结果:
                    场景<1>:PASS: 39(97.50%),FAIL:  0(0.00%),ERROR:  1(2.50%),TRUE:  0,FALSE:  0
                    总   计:PASS: 39(97.50%),FAIL:  0(0.00%),ERROR:  1(2.50%),TRUE:  0,FALSE:  0

2019-11-29 13:52:01 程序结束.财务管理-总账.xml

2019-11-29 13:52:01 程序结束.财务管理-总账.xml

2019-11-29 13:54:33 程序启动.财务管理-总账.xml
2019-11-29 13:54:33 程序启动.财务管理-总账.xml
2019-11-29 13:54:34 Start.
2019-11-29 13:54:34 Start.
2019-11-29 13:54:34 Start.
2019-11-29 13:54:34 场景<1>开始.
2019-11-29 13:54:38 行号:0    PASS   最大化浏览器窗口[maximize_window]  用时:1.132s  
2019-11-29 13:54:39 chrome浏览器启动成功.
2019-11-29 13:54:39 开始加载脚本...
2019-11-29 13:54:39 脚本<1>：U8EX登录 加载成功.脚本路径：script/testCase/U8EX项目/公共/U8EX登录
2019-11-29 13:54:39 脚本<2>：现金流量项目 加载成功.脚本路径：script/testCase/Y3me项目/数字化建模/总账/现金流量项目
2019-11-29 13:54:39 脚本<3>：U8EX登出 加载成功.脚本路径：script/testCase/U8EX项目/公共/U8EX登出
2019-11-29 13:54:39 脚本加载完成...
2019-11-29 13:54:39 开始运行脚本<class 'script.testCase.U8EX项目.公共.U8EX登录.EasyCase'>
2019-11-29 13:54:40 行号:28   PASS   访问页面[get]  用时:1.109s  
2019-11-29 13:54:41 行号:29   PASS   查找元素[find_element]  用时:0.011s  
2019-11-29 13:54:42 行号:29   PASS   左键单击[click]  用时:0.056s  
2019-11-29 13:54:43 行号:32   PASS   查找元素[find_element]  用时:0.012s  
2019-11-29 13:54:43 行号:33   PASS   切换到表单[frame]  用时:0.016s  
2019-11-29 13:54:45 行号:36   PASS   查找元素[find_element]  用时:0.009s  
2019-11-29 13:54:46 行号:36   PASS   清除文本[clear]  用时:0.017s  
2019-11-29 13:54:47 行号:37   PASS   查找元素[find_element]  用时:0.006s  
2019-11-29 13:54:47 行号:37   PASS   模拟输入[send_keys]  用时:0.054s  
2019-11-29 13:54:48 行号:38   PASS   查找元素[find_element]  用时:0.009s  
2019-11-29 13:54:49 行号:38   PASS   清除文本[clear]  用时:0.020s  
2019-11-29 13:54:50 行号:39   PASS   查找元素[find_element]  用时:0.006s  
2019-11-29 13:54:50 行号:39   PASS   模拟输入[send_keys]  用时:0.048s  
2019-11-29 13:54:52 行号:41   PASS   查找元素[find_element]  用时:0.010s  
2019-11-29 13:54:53 行号:41   PASS   左键单击[click]  用时:0.082s  
2019-11-29 13:54:55 行号:47   PASS   查找元素[find_element]  用时:0.039s  
2019-11-29 13:54:56 行号:47   PASS   左键单击[click]  用时:0.127s  
2019-11-29 13:54:57 行号:48   PASS   查找元素[find_element]  用时:0.011s  
2019-11-29 13:54:57 行号:48   PASS   左键单击[click]  用时:0.085s  
2019-11-29 13:54:58 行号:50   PASS   查找元素[find_element]  用时:0.010s  
2019-11-29 13:54:59 行号:50   PASS   左键单击[click]  用时:0.478s  
2019-11-29 13:55:00 脚本运行完毕...
2019-11-29 13:55:00 开始运行脚本<class 'script.testCase.Y3me项目.数字化建模.总账.现金流量项目.EasyCase'>
2019-11-29 13:55:00 行号:24   PASS   刷新页面[refresh]  用时:0.242s  
2019-11-29 13:55:01 行号:26   PASS   查找元素[find_element]  用时:0.014s  
2019-11-29 13:55:02 行号:26   PASS   左键单击[click]  用时:0.071s  
2019-11-29 13:55:04 行号:29   PASS   查找元素[find_element]  用时:0.010s  
2019-11-29 13:55:05 行号:29   PASS   左键单击[click]  用时:0.046s  
2019-11-29 13:55:07 行号:32   PASS   查找元素[find_element]  用时:0.008s  
2019-11-29 13:55:09 行号:39   PASS   查找元素[find_element]  用时:0.011s  
2019-11-29 13:55:14 行号:46   PASS   查找元素[find_element]  用时:0.009s  
2019-11-29 13:55:16 行号:49   PASS   查找元素[find_element]  用时:0.008s  
2019-11-29 13:55:17 行号:50   PASS   切换到表单[frame]  用时:0.015s  
2019-11-29 13:55:18 行号:54   PASS   查找元素[find_element]  用时:0.010s  
2019-11-29 13:55:18 行号:55   PASS   查找元素[find_element]  用时:0.008s  
2019-11-29 13:55:19 行号:55   PASS   左键单击[click]  用时:0.071s  
2019-11-29 13:55:20 行号:58   PASS   查找元素[find_element]  用时:0.007s  
2019-11-29 13:55:20 行号:58   PASS   左键单击[click]  用时:0.040s  
2019-11-29 13:55:24 行号:60   PASS   查找元素[find_element]  用时:0.010s  
2019-11-29 13:55:25 行号:60   PASS   左键单击[click]  用时:0.051s  
2019-11-29 13:55:29 脚本运行完毕...
2019-11-29 13:55:29 开始运行脚本<class 'script.testCase.U8EX项目.公共.U8EX登出.EasyCase'>
2019-11-29 13:55:29 行号:24   PASS   刷新页面[refresh]  用时:0.008s  
2019-11-29 13:55:31 行号:26   PASS   查找元素[find_element]  用时:0.013s  
2019-11-29 13:55:32 行号:26   PASS   左键单击[click]  用时:0.049s  
2019-11-29 13:55:33 行号:27   PASS   查找元素[find_element]  用时:0.010s  
2019-11-29 13:55:34 行号:27   PASS   左键单击[click]  用时:0.436s  
2019-11-29 13:55:35 脚本运行完毕...
2019-11-29 13:55:35 行号:0    PASS   关闭浏览器[quit]  用时:0.248s  
2019-11-29 13:55:38 场景<1>结束.用时:63.759s.
2019-11-29 13:55:38 场景统计结果：PASS: 45(100.00%),FAIL:  0(0.00%),ERROR:  0(0.00%),TRUE:  0,FALSE:  0

2019-11-29 13:55:38 ----------------------------------------
2019-11-29 13:55:38 End.
2019-11-29 13:55:38 End.
2019-11-29 13:55:38 End.
2019-11-29 13:55:38 测试方案统计结果:
                    场景<1>:PASS: 45(100.00%),FAIL:  0(0.00%),ERROR:  0(0.00%),TRUE:  0,FALSE:  0
                    总   计:PASS: 45(100.00%),FAIL:  0(0.00%),ERROR:  0(0.00%),TRUE:  0,FALSE:  0

2019-11-29 13:55:38 程序结束.财务管理-总账.xml

2019-11-29 13:55:38 程序结束.财务管理-总账.xml

2019-11-29 13:58:46 程序启动.财务管理-总账.xml
2019-11-29 13:58:46 程序启动.财务管理-总账.xml
2019-11-29 13:58:46 Start.
2019-11-29 13:58:46 Start.
2019-11-29 13:58:46 Start.
2019-11-29 13:58:46 场景<1>开始.
2019-11-29 13:58:50 行号:0    PASS   最大化浏览器窗口[maximize_window]  用时:1.116s  
2019-11-29 13:58:51 chrome浏览器启动成功.
2019-11-29 13:58:51 开始加载脚本...
2019-11-29 13:58:51 脚本<1>：U8EX登录 加载成功.脚本路径：script/testCase/U8EX项目/公共/U8EX登录
2019-11-29 13:58:51 脚本<2>：现金流量项目 加载成功.脚本路径：script/testCase/Y3me项目/数字化建模/总账/现金流量项目
2019-11-29 13:58:51 脚本<3>：U8EX登出 加载成功.脚本路径：script/testCase/U8EX项目/公共/U8EX登出
2019-11-29 13:58:51 脚本加载完成...
2019-11-29 13:58:51 开始运行脚本<class 'script.testCase.U8EX项目.公共.U8EX登录.EasyCase'>
2019-11-29 13:58:53 行号:28   PASS   访问页面[get]  用时:1.360s  
2019-11-29 13:58:54 行号:29   PASS   查找元素[find_element]  用时:0.013s  
2019-11-29 13:58:54 行号:29   PASS   左键单击[click]  用时:0.043s  
2019-11-29 13:58:55 行号:32   PASS   查找元素[find_element]  用时:0.011s  
2019-11-29 13:58:56 行号:33   PASS   切换到表单[frame]  用时:0.016s  
2019-11-29 13:58:58 行号:36   PASS   查找元素[find_element]  用时:0.009s  
2019-11-29 13:58:58 行号:36   PASS   清除文本[clear]  用时:0.019s  
2019-11-29 13:58:59 行号:37   PASS   查找元素[find_element]  用时:0.006s  
2019-11-29 13:59:00 行号:37   PASS   模拟输入[send_keys]  用时:0.083s  
2019-11-29 13:59:01 行号:38   PASS   查找元素[find_element]  用时:0.008s  
2019-11-29 13:59:01 行号:38   PASS   清除文本[clear]  用时:0.018s  
2019-11-29 13:59:02 行号:39   PASS   查找元素[find_element]  用时:0.008s  
2019-11-29 13:59:03 行号:39   PASS   模拟输入[send_keys]  用时:0.059s  
2019-11-29 13:59:05 行号:41   PASS   查找元素[find_element]  用时:0.010s  
2019-11-29 13:59:06 行号:41   PASS   左键单击[click]  用时:0.083s  
2019-11-29 13:59:08 行号:47   PASS   查找元素[find_element]  用时:0.016s  
2019-11-29 13:59:08 行号:47   PASS   左键单击[click]  用时:0.093s  
2019-11-29 13:59:09 行号:48   PASS   查找元素[find_element]  用时:0.018s  
2019-11-29 13:59:10 行号:48   PASS   左键单击[click]  用时:0.090s  
2019-11-29 13:59:11 行号:50   PASS   查找元素[find_element]  用时:0.009s  
2019-11-29 13:59:12 行号:50   PASS   左键单击[click]  用时:0.466s  
2019-11-29 13:59:13 脚本运行完毕...
2019-11-29 13:59:13 开始运行脚本<class 'script.testCase.Y3me项目.数字化建模.总账.现金流量项目.EasyCase'>
2019-11-29 13:59:13 行号:24   PASS   刷新页面[refresh]  用时:0.009s  
2019-11-29 13:59:14 行号:26   PASS   查找元素[find_element]  用时:0.012s  
2019-11-29 13:59:14 行号:26   PASS   左键单击[click]  用时:0.069s  
2019-11-29 13:59:16 行号:29   PASS   查找元素[find_element]  用时:0.011s  
2019-11-29 13:59:17 行号:29   PASS   左键单击[click]  用时:0.057s  
2019-11-29 13:59:19 行号:32   PASS   查找元素[find_element]  用时:0.009s  
2019-11-29 13:59:22 行号:39   PASS   查找元素[find_element]  用时:0.009s  
2019-11-29 13:59:26 行号:46   PASS   查找元素[find_element]  用时:0.010s  
2019-11-29 13:59:29 行号:49   PASS   查找元素[find_element]  用时:0.009s  
2019-11-29 13:59:29 行号:50   PASS   切换到表单[frame]  用时:0.021s  
2019-11-29 13:59:31 行号:54   PASS   查找元素[find_element]  用时:0.822s  
2019-11-29 13:59:32 行号:55   PASS   查找元素[find_element]  用时:0.006s  
2019-11-29 13:59:32 行号:55   PASS   左键单击[click]  用时:0.069s  
2019-11-29 13:59:33 行号:58   PASS   查找元素[find_element]  用时:0.008s  
2019-11-29 13:59:34 行号:58   PASS   左键单击[click]  用时:0.042s  
2019-11-29 13:59:38 行号:60   PASS   查找元素[find_element]  用时:0.008s  
2019-11-29 13:59:38 行号:60   PASS   左键单击[click]  用时:0.046s  
2019-11-29 13:59:42 脚本运行完毕...
2019-11-29 13:59:42 开始运行脚本<class 'script.testCase.U8EX项目.公共.U8EX登出.EasyCase'>
2019-11-29 13:59:42 行号:24   PASS   刷新页面[refresh]  用时:0.005s  
2019-11-29 13:59:44 行号:26   PASS   查找元素[find_element]  用时:0.010s  
2019-11-29 13:59:45 行号:26   PASS   左键单击[click]  用时:0.056s  
2019-11-29 13:59:46 行号:27   PASS   查找元素[find_element]  用时:0.011s  
2019-11-29 13:59:47 行号:27   PASS   左键单击[click]  用时:0.481s  
2019-11-29 13:59:48 脚本运行完毕...
2019-11-29 13:59:48 行号:0    PASS   关闭浏览器[quit]  用时:0.295s  
2019-11-29 13:59:51 场景<1>结束.用时:64.683s.
2019-11-29 13:59:51 场景统计结果：PASS: 45(100.00%),FAIL:  0(0.00%),ERROR:  0(0.00%),TRUE:  0,FALSE:  0

2019-11-29 13:59:51 ----------------------------------------
2019-11-29 13:59:51 End.
2019-11-29 13:59:51 End.
2019-11-29 13:59:51 End.
2019-11-29 13:59:51 测试方案统计结果:
                    场景<1>:PASS: 45(100.00%),FAIL:  0(0.00%),ERROR:  0(0.00%),TRUE:  0,FALSE:  0
                    总   计:PASS: 45(100.00%),FAIL:  0(0.00%),ERROR:  0(0.00%),TRUE:  0,FALSE:  0

2019-11-29 13:59:51 程序结束.财务管理-总账.xml

2019-11-29 13:59:51 程序结束.财务管理-总账.xml

2019-11-29 14:08:05 程序启动.财务管理-总账.xml
2019-11-29 14:08:05 程序启动.财务管理-总账.xml
2019-11-29 14:08:06 Start.
2019-11-29 14:08:06 Start.
2019-11-29 14:08:06 Start.
2019-11-29 14:08:06 场景<1>开始.
2019-11-29 14:08:09 行号:0    PASS   最大化浏览器窗口[maximize_window]  用时:1.116s  
2019-11-29 14:08:10 chrome浏览器启动成功.
2019-11-29 14:08:10 开始加载脚本...
2019-11-29 14:08:10 脚本<1>：U8EX登录 加载成功.脚本路径：script/testCase/U8EX项目/公共/U8EX登录
2019-11-29 14:08:10 脚本<2>：现金流量项目 加载成功.脚本路径：script/testCase/Y3me项目/数字化建模/总账/现金流量项目
2019-11-29 14:08:10 脚本<3>：U8EX登出 加载成功.脚本路径：script/testCase/U8EX项目/公共/U8EX登出
2019-11-29 14:08:10 脚本加载完成...
2019-11-29 14:08:10 开始运行脚本<class 'script.testCase.U8EX项目.公共.U8EX登录.EasyCase'>
2019-11-29 14:08:12 行号:28   PASS   访问页面[get]  用时:1.146s  
2019-11-29 14:08:13 行号:29   PASS   查找元素[find_element]  用时:0.010s  
2019-11-29 14:08:13 行号:29   PASS   左键单击[click]  用时:0.074s  
2019-11-29 14:08:14 行号:32   PASS   查找元素[find_element]  用时:0.009s  
2019-11-29 14:08:15 行号:33   PASS   切换到表单[frame]  用时:0.016s  
2019-11-29 14:08:17 行号:36   PASS   查找元素[find_element]  用时:0.010s  
2019-11-29 14:08:17 行号:36   PASS   清除文本[clear]  用时:0.017s  
2019-11-29 14:08:18 行号:37   PASS   查找元素[find_element]  用时:0.007s  
2019-11-29 14:08:19 行号:37   PASS   模拟输入[send_keys]  用时:0.078s  
2019-11-29 14:08:20 行号:38   PASS   查找元素[find_element]  用时:0.011s  
2019-11-29 14:08:20 行号:38   PASS   清除文本[clear]  用时:0.018s  
2019-11-29 14:08:21 行号:39   PASS   查找元素[find_element]  用时:0.007s  
2019-11-29 14:08:22 行号:39   PASS   模拟输入[send_keys]  用时:0.062s  
2019-11-29 14:08:24 行号:41   PASS   查找元素[find_element]  用时:0.010s  
2019-11-29 14:08:24 行号:41   PASS   左键单击[click]  用时:0.090s  
2019-11-29 14:08:27 行号:47   PASS   查找元素[find_element]  用时:0.013s  
2019-11-29 14:08:28 行号:47   PASS   左键单击[click]  用时:0.407s  
2019-11-29 14:08:29 行号:48   PASS   查找元素[find_element]  用时:0.010s  
2019-11-29 14:08:29 行号:48   PASS   左键单击[click]  用时:0.075s  
2019-11-29 14:08:30 行号:50   PASS   查找元素[find_element]  用时:0.008s  
2019-11-29 14:08:31 行号:50   PASS   左键单击[click]  用时:0.421s  
2019-11-29 14:08:32 脚本运行完毕...
2019-11-29 14:08:32 开始运行脚本<class 'script.testCase.Y3me项目.数字化建模.总账.现金流量项目.EasyCase'>
2019-11-29 14:08:32 行号:24   PASS   刷新页面[refresh]  用时:0.235s  
2019-11-29 14:08:33 行号:26   PASS   查找元素[find_element]  用时:0.010s  
2019-11-29 14:08:35 行号:26   PASS   左键单击[click]  用时:1.132s  在2次重新定位元素后，元素行为执行成功
2019-11-29 14:08:37 行号:29   PASS   查找元素[find_element]  用时:0.011s  
2019-11-29 14:08:38 行号:29   PASS   左键单击[click]  用时:0.038s  
2019-11-29 14:08:40 行号:32   PASS   查找元素[find_element]  用时:0.009s  
2019-11-29 14:08:42 行号:39   PASS   查找元素[find_element]  用时:0.009s  
2019-11-29 14:08:47 行号:46   PASS   查找元素[find_element]  用时:0.009s  
2019-11-29 14:08:47 行号:48   ERROR  切换到表单[frame]  用时:0.000s  [decorator.driverAction_dec]:wrapper() missing 1 required positional argument: 'alias'
2019-11-29 14:09:18 行号:54   FAIL   查找元素[find_element]  用时:30.025s  参数:{'list': '', 'dict': {'xpath': '//*[text()="新增"]'}} 页面中没有该元素.NoSuchElementException
2019-11-29 14:09:29 行号:0    ERROR  [runTest]  用时:  测试用例脚本发生错误，请检查脚本代码：
2019-11-29 14:09:29 脚本运行完毕...
2019-11-29 14:09:29 开始运行脚本<class 'script.testCase.U8EX项目.公共.U8EX登出.EasyCase'>
2019-11-29 14:09:29 行号:24   PASS   刷新页面[refresh]  用时:0.006s  
2019-11-29 14:09:31 行号:26   PASS   查找元素[find_element]  用时:0.013s  
2019-11-29 14:09:31 行号:26   PASS   左键单击[click]  用时:0.056s  
2019-11-29 14:09:32 行号:27   PASS   查找元素[find_element]  用时:0.011s  
2019-11-29 14:09:33 行号:27   PASS   左键单击[click]  用时:0.532s  
2019-11-29 14:09:34 脚本运行完毕...
2019-11-29 14:09:35 行号:0    PASS   关闭浏览器[quit]  用时:0.296s  
2019-11-29 14:09:38 场景<1>结束.用时:92.120s.
2019-11-29 14:09:38 场景统计结果：PASS: 36(92.31%),FAIL:  1(2.56%),ERROR:  2(5.13%),TRUE:  0,FALSE:  0

2019-11-29 14:09:38 ----------------------------------------
2019-11-29 14:09:38 End.
2019-11-29 14:09:38 End.
2019-11-29 14:09:38 End.
2019-11-29 14:09:38 测试方案统计结果:
                    场景<1>:PASS: 36(92.31%),FAIL:  1(2.56%),ERROR:  2(5.13%),TRUE:  0,FALSE:  0
                    总   计:PASS: 36(92.31%),FAIL:  1(2.56%),ERROR:  2(5.13%),TRUE:  0,FALSE:  0

2019-11-29 14:09:38 程序结束.财务管理-总账.xml

2019-11-29 14:09:38 程序结束.财务管理-总账.xml

2019-11-29 14:14:19 程序启动.财务管理-总账.xml
2019-11-29 14:14:19 程序启动.财务管理-总账.xml
2019-11-29 14:14:19 Start.
2019-11-29 14:14:19 Start.
2019-11-29 14:14:19 Start.
2019-11-29 14:14:19 场景<1>开始.
2019-11-29 14:14:23 行号:0    PASS   最大化浏览器窗口[maximize_window]  用时:1.114s  
2019-11-29 14:14:24 chrome浏览器启动成功.
2019-11-29 14:14:24 开始加载脚本...
2019-11-29 14:14:24 脚本<1>：U8EX登录 加载成功.脚本路径：script/testCase/U8EX项目/公共/U8EX登录
2019-11-29 14:14:24 脚本<2>：现金流量项目 加载成功.脚本路径：script/testCase/Y3me项目/数字化建模/总账/现金流量项目
2019-11-29 14:14:24 脚本<3>：U8EX登出 加载成功.脚本路径：script/testCase/U8EX项目/公共/U8EX登出
2019-11-29 14:14:24 脚本加载完成...
2019-11-29 14:14:24 开始运行脚本<class 'script.testCase.U8EX项目.公共.U8EX登录.EasyCase'>
2019-11-29 14:14:25 行号:28   PASS   访问页面[get]  用时:1.157s  
2019-11-29 14:14:26 行号:29   PASS   查找元素[find_element]  用时:0.010s  
2019-11-29 14:14:27 行号:29   PASS   左键单击[click]  用时:0.039s  
2019-11-29 14:14:28 行号:32   PASS   查找元素[find_element]  用时:0.009s  
2019-11-29 14:14:28 行号:33   PASS   切换到表单[frame]  用时:0.018s  
2019-11-29 14:14:30 行号:36   PASS   查找元素[find_element]  用时:0.009s  
2019-11-29 14:14:31 行号:36   PASS   清除文本[clear]  用时:0.019s  
2019-11-29 14:14:32 行号:37   PASS   查找元素[find_element]  用时:0.013s  
2019-11-29 14:14:32 行号:37   PASS   模拟输入[send_keys]  用时:0.076s  
2019-11-29 14:14:33 行号:38   PASS   查找元素[find_element]  用时:0.021s  
2019-11-29 14:14:34 行号:38   PASS   清除文本[clear]  用时:0.018s  
2019-11-29 14:14:35 行号:39   PASS   查找元素[find_element]  用时:0.006s  
2019-11-29 14:14:35 行号:39   PASS   模拟输入[send_keys]  用时:0.064s  
2019-11-29 14:14:37 行号:41   PASS   查找元素[find_element]  用时:0.009s  
2019-11-29 14:14:38 行号:41   PASS   左键单击[click]  用时:0.082s  
2019-11-29 14:14:41 行号:47   PASS   查找元素[find_element]  用时:0.013s  
2019-11-29 14:14:42 行号:47   PASS   左键单击[click]  用时:0.081s  
2019-11-29 14:14:43 行号:48   PASS   查找元素[find_element]  用时:0.010s  
2019-11-29 14:14:43 行号:48   PASS   左键单击[click]  用时:0.096s  
2019-11-29 14:14:44 行号:50   PASS   查找元素[find_element]  用时:0.017s  
2019-11-29 14:14:45 行号:50   PASS   左键单击[click]  用时:0.481s  
2019-11-29 14:14:46 脚本运行完毕...
2019-11-29 14:14:46 开始运行脚本<class 'script.testCase.Y3me项目.数字化建模.总账.现金流量项目.EasyCase'>
2019-11-29 14:14:46 行号:24   PASS   刷新页面[refresh]  用时:0.010s  
2019-11-29 14:14:47 行号:26   PASS   查找元素[find_element]  用时:0.017s  
2019-11-29 14:14:49 行号:26   PASS   左键单击[click]  用时:1.080s  在2次重新定位元素后，元素行为执行成功
2019-11-29 14:14:51 行号:29   PASS   查找元素[find_element]  用时:0.011s  
2019-11-29 14:14:51 行号:29   PASS   左键单击[click]  用时:0.045s  
2019-11-29 14:14:53 行号:32   PASS   查找元素[find_element]  用时:0.009s  
2019-11-29 14:14:56 行号:39   PASS   查找元素[find_element]  用时:0.008s  
2019-11-29 14:15:01 行号:46   PASS   查找元素[find_element]  用时:0.009s  
2019-11-29 14:15:01 行号:49   PASS   查找元素[find_element]  用时:0.008s  
2019-11-29 14:15:02 行号:0    ERROR  [runTest]  用时:  测试用例脚本发生错误，请检查脚本代码：name 'iframe' is not defined
2019-11-29 14:15:02 脚本运行完毕...
2019-11-29 14:15:02 开始运行脚本<class 'script.testCase.U8EX项目.公共.U8EX登出.EasyCase'>
2019-11-29 14:15:02 行号:24   PASS   刷新页面[refresh]  用时:0.007s  
2019-11-29 14:15:04 行号:26   PASS   查找元素[find_element]  用时:0.011s  
2019-11-29 14:15:04 行号:26   PASS   左键单击[click]  用时:0.052s  
2019-11-29 14:15:05 行号:27   PASS   查找元素[find_element]  用时:0.102s  
2019-11-29 14:15:06 行号:27   PASS   左键单击[click]  用时:0.559s  
2019-11-29 14:15:07 脚本运行完毕...
2019-11-29 14:15:08 行号:0    PASS   关闭浏览器[quit]  用时:0.294s  
2019-11-29 14:15:11 场景<1>结束.用时:51.533s.
2019-11-29 14:15:11 场景统计结果：PASS: 37(97.37%),FAIL:  0(0.00%),ERROR:  1(2.63%),TRUE:  0,FALSE:  0

2019-11-29 14:15:11 ----------------------------------------
2019-11-29 14:15:11 End.
2019-11-29 14:15:11 End.
2019-11-29 14:15:11 End.
2019-11-29 14:15:11 测试方案统计结果:
                    场景<1>:PASS: 37(97.37%),FAIL:  0(0.00%),ERROR:  1(2.63%),TRUE:  0,FALSE:  0
                    总   计:PASS: 37(97.37%),FAIL:  0(0.00%),ERROR:  1(2.63%),TRUE:  0,FALSE:  0

2019-11-29 14:15:11 程序结束.财务管理-总账.xml

2019-11-29 14:15:11 程序结束.财务管理-总账.xml

2019-11-29 14:15:36 程序启动.财务管理-总账.xml
2019-11-29 14:15:36 程序启动.财务管理-总账.xml
2019-11-29 14:15:36 Start.
2019-11-29 14:15:36 Start.
2019-11-29 14:15:36 Start.
2019-11-29 14:15:36 场景<1>开始.
2019-11-29 14:15:40 行号:0    PASS   最大化浏览器窗口[maximize_window]  用时:1.116s  
2019-11-29 14:15:41 chrome浏览器启动成功.
2019-11-29 14:15:41 开始加载脚本...
2019-11-29 14:15:41 脚本<1>：U8EX登录 加载成功.脚本路径：script/testCase/U8EX项目/公共/U8EX登录
2019-11-29 14:15:41 脚本<2>：现金流量项目 加载成功.脚本路径：script/testCase/Y3me项目/数字化建模/总账/现金流量项目
2019-11-29 14:15:41 脚本<3>：U8EX登出 加载成功.脚本路径：script/testCase/U8EX项目/公共/U8EX登出
2019-11-29 14:15:41 脚本加载完成...
2019-11-29 14:15:41 开始运行脚本<class 'script.testCase.U8EX项目.公共.U8EX登录.EasyCase'>
2019-11-29 14:15:42 行号:28   PASS   访问页面[get]  用时:1.044s  
2019-11-29 14:15:43 行号:29   PASS   查找元素[find_element]  用时:0.012s  
2019-11-29 14:15:44 行号:29   PASS   左键单击[click]  用时:0.052s  
2019-11-29 14:15:45 行号:32   PASS   查找元素[find_element]  用时:0.011s  
2019-11-29 14:15:45 行号:33   PASS   切换到表单[frame]  用时:0.023s  
2019-11-29 14:15:47 行号:36   PASS   查找元素[find_element]  用时:0.013s  
2019-11-29 14:15:48 行号:36   PASS   清除文本[clear]  用时:0.017s  
2019-11-29 14:15:49 行号:37   PASS   查找元素[find_element]  用时:0.007s  
2019-11-29 14:15:50 行号:37   PASS   模拟输入[send_keys]  用时:0.072s  
2019-11-29 14:15:51 行号:38   PASS   查找元素[find_element]  用时:0.009s  
2019-11-29 14:15:51 行号:38   PASS   清除文本[clear]  用时:0.017s  
2019-11-29 14:15:52 行号:39   PASS   查找元素[find_element]  用时:0.005s  
2019-11-29 14:15:53 行号:39   PASS   模拟输入[send_keys]  用时:0.064s  
2019-11-29 14:15:55 行号:41   PASS   查找元素[find_element]  用时:0.010s  
2019-11-29 14:15:55 行号:41   PASS   左键单击[click]  用时:0.088s  
2019-11-29 14:15:57 行号:47   PASS   查找元素[find_element]  用时:0.014s  
2019-11-29 14:15:58 行号:47   PASS   左键单击[click]  用时:0.086s  
2019-11-29 14:15:59 行号:48   PASS   查找元素[find_element]  用时:0.011s  
2019-11-29 14:16:00 行号:48   PASS   左键单击[click]  用时:0.110s  
2019-11-29 14:16:01 行号:50   PASS   查找元素[find_element]  用时:0.009s  
2019-11-29 14:16:02 行号:50   PASS   左键单击[click]  用时:0.464s  
2019-11-29 14:16:03 脚本运行完毕...
2019-11-29 14:16:03 开始运行脚本<class 'script.testCase.Y3me项目.数字化建模.总账.现金流量项目.EasyCase'>
2019-11-29 14:16:03 行号:24   PASS   刷新页面[refresh]  用时:0.005s  
2019-11-29 14:16:04 行号:26   PASS   查找元素[find_element]  用时:0.010s  
2019-11-29 14:16:04 行号:26   PASS   左键单击[click]  用时:0.054s  
2019-11-29 14:16:06 行号:29   PASS   查找元素[find_element]  用时:0.012s  
2019-11-29 14:16:07 行号:29   PASS   左键单击[click]  用时:0.046s  
2019-11-29 14:16:09 行号:32   PASS   查找元素[find_element]  用时:0.009s  
2019-11-29 14:16:11 行号:39   PASS   查找元素[find_element]  用时:0.008s  
2019-11-29 14:16:16 行号:46   PASS   查找元素[find_element]  用时:0.009s  
2019-11-29 14:16:16 行号:49   PASS   查找元素[find_element]  用时:0.008s  
2019-11-29 14:16:17 行号:50   PASS   查找元素[find_element]  用时:0.007s  
2019-11-29 14:16:17 行号:51   PASS   切换到表单[frame]  用时:0.023s  
2019-11-29 14:16:22 行号:55   PASS   查找元素[find_element]  用时:3.123s  
2019-11-29 14:16:22 行号:56   PASS   查找元素[find_element]  用时:0.007s  
2019-11-29 14:16:23 行号:56   PASS   左键单击[click]  用时:0.104s  
2019-11-29 14:16:24 行号:59   PASS   查找元素[find_element]  用时:0.008s  
2019-11-29 14:16:24 行号:59   PASS   左键单击[click]  用时:0.041s  
2019-11-29 14:16:28 行号:61   PASS   查找元素[find_element]  用时:0.010s  
2019-11-29 14:16:29 行号:61   PASS   左键单击[click]  用时:0.058s  
2019-11-29 14:16:30 脚本运行完毕...
2019-11-29 14:16:30 开始运行脚本<class 'script.testCase.U8EX项目.公共.U8EX登出.EasyCase'>
2019-11-29 14:16:30 行号:24   PASS   刷新页面[refresh]  用时:0.007s  
2019-11-29 14:16:32 行号:26   PASS   查找元素[find_element]  用时:0.011s  
2019-11-29 14:16:32 行号:26   PASS   左键单击[click]  用时:0.051s  
2019-11-29 14:16:33 行号:27   PASS   查找元素[find_element]  用时:0.010s  
2019-11-29 14:16:34 行号:27   PASS   左键单击[click]  用时:0.472s  
2019-11-29 14:16:35 脚本运行完毕...
2019-11-29 14:16:36 行号:0    PASS   关闭浏览器[quit]  用时:0.272s  
2019-11-29 14:16:39 场景<1>结束.用时:62.165s.
2019-11-29 14:16:39 场景统计结果：PASS: 46(100.00%),FAIL:  0(0.00%),ERROR:  0(0.00%),TRUE:  0,FALSE:  0

2019-11-29 14:16:39 ----------------------------------------
2019-11-29 14:16:39 End.
2019-11-29 14:16:39 End.
2019-11-29 14:16:39 End.
2019-11-29 14:16:39 测试方案统计结果:
                    场景<1>:PASS: 46(100.00%),FAIL:  0(0.00%),ERROR:  0(0.00%),TRUE:  0,FALSE:  0
                    总   计:PASS: 46(100.00%),FAIL:  0(0.00%),ERROR:  0(0.00%),TRUE:  0,FALSE:  0

2019-11-29 14:16:39 程序结束.财务管理-总账.xml

2019-11-29 14:16:39 程序结束.财务管理-总账.xml

2019-11-29 14:21:46 程序启动.财务管理-总账.xml
2019-11-29 14:21:46 程序启动.财务管理-总账.xml
2019-11-29 14:21:47 Start.
2019-11-29 14:21:47 Start.
2019-11-29 14:21:47 Start.
2019-11-29 14:21:47 场景<1>开始.
2019-11-29 14:21:51 行号:0    PASS   最大化浏览器窗口[maximize_window]  用时:1.115s  
2019-11-29 14:21:52 chrome浏览器启动成功.
2019-11-29 14:21:52 开始加载脚本...
2019-11-29 14:21:52 脚本<1>：U8EX登录 加载成功.脚本路径：script/testCase/U8EX项目/公共/U8EX登录
2019-11-29 14:21:52 脚本<2>：现金流量项目 加载成功.脚本路径：script/testCase/Y3me项目/数字化建模/总账/现金流量项目
2019-11-29 14:21:52 脚本<3>：U8EX登出 加载成功.脚本路径：script/testCase/U8EX项目/公共/U8EX登出
2019-11-29 14:21:52 脚本加载完成...
2019-11-29 14:21:52 开始运行脚本<class 'script.testCase.U8EX项目.公共.U8EX登录.EasyCase'>
2019-11-29 14:21:54 行号:28   PASS   访问页面[get]  用时:1.648s  
2019-11-29 14:21:55 行号:29   PASS   查找元素[find_element]  用时:0.011s  
2019-11-29 14:21:55 行号:29   PASS   左键单击[click]  用时:0.049s  
2019-11-29 14:21:56 行号:32   PASS   查找元素[find_element]  用时:0.010s  
2019-11-29 14:21:57 行号:33   PASS   切换到表单[frame]  用时:0.016s  
2019-11-29 14:21:59 行号:36   PASS   查找元素[find_element]  用时:0.011s  
2019-11-29 14:21:59 行号:36   PASS   清除文本[clear]  用时:0.018s  
2019-11-29 14:22:00 行号:37   PASS   查找元素[find_element]  用时:0.008s  
2019-11-29 14:22:01 行号:37   PASS   模拟输入[send_keys]  用时:0.079s  
2019-11-29 14:22:02 行号:38   PASS   查找元素[find_element]  用时:0.009s  
2019-11-29 14:22:02 行号:38   PASS   清除文本[clear]  用时:0.017s  
2019-11-29 14:22:03 行号:39   PASS   查找元素[find_element]  用时:0.007s  
2019-11-29 14:22:04 行号:39   PASS   模拟输入[send_keys]  用时:0.063s  
2019-11-29 14:22:06 行号:41   PASS   查找元素[find_element]  用时:0.011s  
2019-11-29 14:22:07 行号:41   PASS   左键单击[click]  用时:0.087s  
2019-11-29 14:22:09 行号:47   PASS   查找元素[find_element]  用时:0.011s  
2019-11-29 14:22:09 行号:47   PASS   左键单击[click]  用时:0.224s  
2019-11-29 14:22:10 行号:48   PASS   查找元素[find_element]  用时:0.041s  
2019-11-29 14:22:11 行号:48   PASS   左键单击[click]  用时:0.101s  
2019-11-29 14:22:12 行号:50   PASS   查找元素[find_element]  用时:0.012s  
2019-11-29 14:22:13 行号:50   PASS   左键单击[click]  用时:0.404s  
2019-11-29 14:22:14 脚本运行完毕...
2019-11-29 14:22:14 开始运行脚本<class 'script.testCase.Y3me项目.数字化建模.总账.现金流量项目.EasyCase'>
2019-11-29 14:22:14 行号:24   PASS   刷新页面[refresh]  用时:0.222s  
2019-11-29 14:22:15 行号:27   PASS   查找元素[find_element]  用时:0.011s  
2019-11-29 14:22:16 行号:28   PASS   查找元素[find_element]  用时:0.006s  
2019-11-29 14:22:16 行号:28   PASS   左键单击[click]  用时:0.120s  
2019-11-29 14:22:17 行号:32   PASS   查找元素[find_element]  用时:0.011s  
2019-11-29 14:22:18 行号:33   PASS   查找元素[find_element]  用时:0.006s  
2019-11-29 14:22:18 行号:33   PASS   左键单击[click]  用时:0.054s  
2019-11-29 14:22:19 行号:35   PASS   查找元素[find_element]  用时:0.008s  
2019-11-29 14:22:20 行号:37   PASS   查找元素[find_element]  用时:0.006s  
2019-11-29 14:22:21 行号:43   PASS   查找元素[find_element]  用时:0.010s  
2019-11-29 14:22:22 行号:45   PASS   查找元素[find_element]  用时:0.007s  
2019-11-29 14:22:25 行号:52   PASS   查找元素[find_element]  用时:0.068s  
2019-11-29 14:22:25 行号:54   PASS   查找元素[find_element]  用时:0.006s  
2019-11-29 14:22:26 行号:57   PASS   查找元素[find_element]  用时:0.008s  
2019-11-29 14:22:26 行号:58   PASS   查找元素[find_element]  用时:0.007s  
2019-11-29 14:22:27 行号:59   PASS   切换到表单[frame]  用时:0.017s  
2019-11-29 14:22:30 行号:63   PASS   查找元素[find_element]  用时:2.074s  
2019-11-29 14:22:30 行号:64   PASS   查找元素[find_element]  用时:0.007s  
2019-11-29 14:22:31 行号:64   PASS   左键单击[click]  用时:0.067s  
2019-11-29 14:22:32 行号:67   PASS   查找元素[find_element]  用时:0.008s  
2019-11-29 14:22:32 行号:67   PASS   左键单击[click]  用时:0.037s  
2019-11-29 14:22:36 行号:69   PASS   查找元素[find_element]  用时:0.010s  
2019-11-29 14:22:37 行号:69   PASS   左键单击[click]  用时:0.053s  
2019-11-29 14:22:38 脚本运行完毕...
2019-11-29 14:22:38 开始运行脚本<class 'script.testCase.U8EX项目.公共.U8EX登出.EasyCase'>
2019-11-29 14:22:38 行号:24   PASS   刷新页面[refresh]  用时:0.007s  
2019-11-29 14:22:40 行号:26   PASS   查找元素[find_element]  用时:0.013s  
2019-11-29 14:22:41 行号:26   PASS   左键单击[click]  用时:0.060s  
2019-11-29 14:22:42 行号:27   PASS   查找元素[find_element]  用时:0.009s  
2019-11-29 14:22:43 行号:27   PASS   左键单击[click]  用时:0.509s  
2019-11-29 14:22:44 脚本运行完毕...
2019-11-29 14:22:44 行号:0    PASS   关闭浏览器[quit]  用时:0.268s  
2019-11-29 14:22:47 场景<1>结束.用时:59.676s.
2019-11-29 14:22:47 场景统计结果：PASS: 51(100.00%),FAIL:  0(0.00%),ERROR:  0(0.00%),TRUE:  0,FALSE:  0

2019-11-29 14:22:47 ----------------------------------------
2019-11-29 14:22:47 End.
2019-11-29 14:22:47 End.
2019-11-29 14:22:47 End.
2019-11-29 14:22:47 测试方案统计结果:
                    场景<1>:PASS: 51(100.00%),FAIL:  0(0.00%),ERROR:  0(0.00%),TRUE:  0,FALSE:  0
                    总   计:PASS: 51(100.00%),FAIL:  0(0.00%),ERROR:  0(0.00%),TRUE:  0,FALSE:  0

2019-11-29 14:22:47 程序结束.财务管理-总账.xml

2019-11-29 14:22:47 程序结束.财务管理-总账.xml

2019-11-29 14:25:27 程序启动.财务管理-总账.xml
2019-11-29 14:25:27 程序启动.财务管理-总账.xml
2019-11-29 14:25:27 Start.
2019-11-29 14:25:27 Start.
2019-11-29 14:25:27 Start.
2019-11-29 14:25:27 场景<1>开始.
2019-11-29 14:25:31 行号:0    PASS   最大化浏览器窗口[maximize_window]  用时:1.115s  
2019-11-29 14:25:32 chrome浏览器启动成功.
2019-11-29 14:25:32 开始加载脚本...
2019-11-29 14:25:32 脚本<1>：U8EX登录 加载成功.脚本路径：script/testCase/U8EX项目/公共/U8EX登录
2019-11-29 14:25:32 脚本<2>：现金流量项目 加载成功.脚本路径：script/testCase/Y3me项目/数字化建模/总账/现金流量项目
2019-11-29 14:25:32 脚本<3>：U8EX登出 加载成功.脚本路径：script/testCase/U8EX项目/公共/U8EX登出
2019-11-29 14:25:32 脚本加载完成...
2019-11-29 14:25:32 开始运行脚本<class 'script.testCase.U8EX项目.公共.U8EX登录.EasyCase'>
2019-11-29 14:25:33 行号:28   PASS   访问页面[get]  用时:1.196s  
2019-11-29 14:25:34 行号:29   PASS   查找元素[find_element]  用时:0.012s  
2019-11-29 14:25:35 行号:29   PASS   左键单击[click]  用时:0.043s  
2019-11-29 14:25:36 行号:32   PASS   查找元素[find_element]  用时:0.008s  
2019-11-29 14:25:36 行号:33   PASS   切换到表单[frame]  用时:0.017s  
2019-11-29 14:25:37 行号:0    ERROR  [runTest]  用时:  测试用例脚本发生错误，请检查脚本代码：name 'ec' is not defined
2019-11-29 14:25:37 脚本运行完毕...
2019-11-29 14:25:37 开始运行脚本<class 'script.testCase.Y3me项目.数字化建模.总账.现金流量项目.EasyCase'>
2019-11-29 14:25:37 行号:24   PASS   刷新页面[refresh]  用时:0.006s  
2019-11-29 14:26:54 程序启动.财务管理-总账.xml
2019-11-29 14:26:54 程序启动.财务管理-总账.xml
2019-11-29 14:26:54 Start.
2019-11-29 14:26:54 Start.
2019-11-29 14:26:54 Start.
2019-11-29 14:26:54 场景<1>开始.
2019-11-29 14:26:58 行号:0    PASS   最大化浏览器窗口[maximize_window]  用时:1.115s  
2019-11-29 14:26:59 chrome浏览器启动成功.
2019-11-29 14:26:59 开始加载脚本...
2019-11-29 14:26:59 脚本<1>：U8EX登录 加载成功.脚本路径：script/testCase/U8EX项目/公共/U8EX登录
2019-11-29 14:26:59 脚本<2>：现金流量项目 加载成功.脚本路径：script/testCase/Y3me项目/数字化建模/总账/现金流量项目
2019-11-29 14:26:59 脚本<3>：U8EX登出 加载成功.脚本路径：script/testCase/U8EX项目/公共/U8EX登出
2019-11-29 14:26:59 脚本加载完成...
2019-11-29 14:26:59 开始运行脚本<class 'script.testCase.U8EX项目.公共.U8EX登录.EasyCase'>
2019-11-29 14:27:00 行号:30   PASS   访问页面[get]  用时:1.320s  
2019-11-29 14:27:01 行号:31   PASS   查找元素[find_element]  用时:0.010s  
2019-11-29 14:27:02 行号:31   PASS   左键单击[click]  用时:0.048s  
2019-11-29 14:27:03 行号:34   PASS   查找元素[find_element]  用时:0.011s  
2019-11-29 14:27:03 行号:35   PASS   切换到表单[frame]  用时:0.015s  
2019-11-29 14:27:34 行号:38   FAIL   查找元素[find_element]  用时:30.013s  参数:{'list': '', 'dict': {'id': 'username'}} 页面中没有该元素.NoSuchElementException
2019-11-29 14:27:45 行号:0    ERROR  [runTest]  用时:  测试用例脚本发生错误，请检查脚本代码：
2019-11-29 14:27:45 脚本运行完毕...
2019-11-29 14:27:45 开始运行脚本<class 'script.testCase.Y3me项目.数字化建模.总账.现金流量项目.EasyCase'>
2019-11-29 14:27:45 行号:24   PASS   刷新页面[refresh]  用时:0.007s  
2019-11-29 14:28:16 行号:27   FAIL   查找元素[find_element]  用时:30.025s  参数:{'list': '', 'dict': {'class name': 'lebra-navbar-left-icon'}} 页面中没有该元素.NoSuchElementException
2019-11-29 14:28:26 行号:0    ERROR  [runTest]  用时:  测试用例脚本发生错误，请检查脚本代码：
2019-11-29 14:28:26 脚本运行完毕...
2019-11-29 14:28:26 开始运行脚本<class 'script.testCase.U8EX项目.公共.U8EX登出.EasyCase'>
2019-11-29 14:28:26 行号:24   PASS   刷新页面[refresh]  用时:0.005s  
2019-11-29 14:28:50 程序启动.财务管理-总账.xml
2019-11-29 14:28:50 程序启动.财务管理-总账.xml
2019-11-29 14:28:50 Start.
2019-11-29 14:28:50 Start.
2019-11-29 14:28:50 Start.
2019-11-29 14:28:50 场景<1>开始.
2019-11-29 14:28:54 行号:0    PASS   最大化浏览器窗口[maximize_window]  用时:1.123s  
2019-11-29 14:28:55 chrome浏览器启动成功.
2019-11-29 14:28:55 开始加载脚本...
2019-11-29 14:28:55 脚本<1>：U8EX登录 加载成功.脚本路径：script/testCase/U8EX项目/公共/U8EX登录
2019-11-29 14:28:55 脚本<2>：现金流量项目 加载成功.脚本路径：script/testCase/Y3me项目/数字化建模/总账/现金流量项目
2019-11-29 14:28:55 脚本<3>：U8EX登出 加载成功.脚本路径：script/testCase/U8EX项目/公共/U8EX登出
2019-11-29 14:28:55 脚本加载完成...
2019-11-29 14:28:55 开始运行脚本<class 'script.testCase.U8EX项目.公共.U8EX登录.EasyCase'>
2019-11-29 14:28:57 行号:30   PASS   访问页面[get]  用时:1.342s  
2019-11-29 14:28:58 行号:32   PASS   查找元素[find_element]  用时:0.011s  
2019-11-29 14:28:58 行号:33   PASS   查找元素[find_element]  用时:0.007s  
2019-11-29 14:28:59 行号:33   PASS   左键单击[click]  用时:0.048s  
2019-11-29 14:29:00 行号:36   PASS   查找元素[find_element]  用时:0.010s  
2019-11-29 14:29:00 行号:37   PASS   切换到表单[frame]  用时:0.028s  
2019-11-29 14:29:01 行号:40   PASS   查找元素[find_element]  用时:0.009s  
2019-11-29 14:29:02 行号:41   PASS   查找元素[find_element]  用时:0.006s  
2019-11-29 14:29:02 行号:41   PASS   清除文本[clear]  用时:0.018s  
2019-11-29 14:29:03 行号:42   PASS   查找元素[find_element]  用时:0.006s  
2019-11-29 14:29:04 行号:42   PASS   模拟输入[send_keys]  用时:0.084s  
2019-11-29 14:29:05 行号:43   PASS   查找元素[find_element]  用时:0.011s  
2019-11-29 14:29:06 行号:43   PASS   清除文本[clear]  用时:0.017s  
2019-11-29 14:29:07 行号:44   PASS   查找元素[find_element]  用时:0.007s  
2019-11-29 14:29:07 行号:44   PASS   模拟输入[send_keys]  用时:0.062s  
2019-11-29 14:29:08 行号:46   PASS   查找元素[find_element]  用时:0.010s  
2019-11-29 14:29:09 行号:47   PASS   查找元素[find_element]  用时:0.006s  
2019-11-29 14:29:09 行号:47   PASS   左键单击[click]  用时:0.083s  
2019-11-29 14:29:10 行号:53   PASS   查找元素[find_element]  用时:0.016s  
2019-11-29 14:29:11 行号:54   PASS   查找元素[find_element]  用时:0.011s  
2019-11-29 14:29:12 行号:54   PASS   左键单击[click]  用时:0.083s  
2019-11-29 14:29:13 行号:55   PASS   查找元素[find_element]  用时:0.052s  
2019-11-29 14:29:13 行号:55   PASS   左键单击[click]  用时:0.085s  
2019-11-29 14:29:14 行号:57   PASS   查找元素[find_element]  用时:0.010s  
2019-11-29 14:29:15 行号:57   PASS   左键单击[click]  用时:0.472s  
2019-11-29 14:29:16 脚本运行完毕...
2019-11-29 14:29:16 开始运行脚本<class 'script.testCase.Y3me项目.数字化建模.总账.现金流量项目.EasyCase'>
2019-11-29 14:29:16 行号:24   PASS   刷新页面[refresh]  用时:0.225s  
2019-11-29 14:29:17 行号:27   PASS   查找元素[find_element]  用时:0.009s  
2019-11-29 14:29:18 行号:28   PASS   查找元素[find_element]  用时:0.034s  
2019-11-29 14:29:19 行号:28   PASS   左键单击[click]  用时:0.099s  
2019-11-29 14:29:20 行号:32   PASS   查找元素[find_element]  用时:0.009s  
2019-11-29 14:29:20 行号:33   PASS   查找元素[find_element]  用时:0.006s  
2019-11-29 14:29:21 行号:33   PASS   左键单击[click]  用时:0.048s  
2019-11-29 14:29:22 行号:35   PASS   查找元素[find_element]  用时:0.010s  
2019-11-29 14:29:22 行号:37   PASS   查找元素[find_element]  用时:0.005s  
2019-11-29 14:29:24 行号:43   PASS   查找元素[find_element]  用时:0.017s  
2019-11-29 14:29:24 行号:45   PASS   查找元素[find_element]  用时:0.008s  
2019-11-29 14:29:27 行号:52   PASS   查找元素[find_element]  用时:0.126s  
2019-11-29 14:29:27 行号:54   PASS   查找元素[find_element]  用时:0.009s  
2019-11-29 14:29:28 行号:57   PASS   查找元素[find_element]  用时:0.008s  
2019-11-29 14:29:28 行号:58   PASS   查找元素[find_element]  用时:0.006s  
2019-11-29 14:29:29 行号:59   PASS   切换到表单[frame]  用时:0.015s  
2019-11-29 14:29:31 行号:63   PASS   查找元素[find_element]  用时:1.502s  
2019-11-29 14:29:32 行号:64   PASS   查找元素[find_element]  用时:0.006s  
2019-11-29 14:29:33 行号:64   PASS   左键单击[click]  用时:0.069s  
2019-11-29 14:29:34 行号:67   PASS   查找元素[find_element]  用时:0.008s  
2019-11-29 14:29:34 行号:67   PASS   左键单击[click]  用时:0.039s  
2019-11-29 14:29:38 行号:69   PASS   查找元素[find_element]  用时:0.009s  
2019-11-29 14:29:39 行号:69   PASS   左键单击[click]  用时:0.055s  
2019-11-29 14:29:40 脚本运行完毕...
2019-11-29 14:29:40 开始运行脚本<class 'script.testCase.U8EX项目.公共.U8EX登出.EasyCase'>
2019-11-29 14:29:40 行号:24   PASS   刷新页面[refresh]  用时:0.006s  
2019-11-29 14:29:42 行号:26   PASS   查找元素[find_element]  用时:0.009s  
2019-11-29 14:29:42 行号:26   PASS   左键单击[click]  用时:0.071s  
2019-11-29 14:29:43 行号:27   PASS   查找元素[find_element]  用时:0.011s  
2019-11-29 14:29:44 行号:27   PASS   左键单击[click]  用时:0.506s  
2019-11-29 14:29:45 脚本运行完毕...
2019-11-29 14:29:46 行号:0    PASS   关闭浏览器[quit]  用时:0.255s  
2019-11-29 14:29:49 场景<1>结束.用时:58.068s.
2019-11-29 14:29:49 场景统计结果：PASS: 55(100.00%),FAIL:  0(0.00%),ERROR:  0(0.00%),TRUE:  0,FALSE:  0

2019-11-29 14:29:49 ----------------------------------------
2019-11-29 14:29:49 End.
2019-11-29 14:29:49 End.
2019-11-29 14:29:49 End.
2019-11-29 14:29:49 测试方案统计结果:
                    场景<1>:PASS: 55(100.00%),FAIL:  0(0.00%),ERROR:  0(0.00%),TRUE:  0,FALSE:  0
                    总   计:PASS: 55(100.00%),FAIL:  0(0.00%),ERROR:  0(0.00%),TRUE:  0,FALSE:  0

2019-11-29 14:29:49 程序结束.财务管理-总账.xml

2019-11-29 14:29:49 程序结束.财务管理-总账.xml

2019-11-29 14:36:00 程序启动.财务管理-总账.xml
2019-11-29 14:36:00 程序启动.财务管理-总账.xml
2019-11-29 14:36:01 Start.
2019-11-29 14:36:01 Start.
2019-11-29 14:36:01 Start.
2019-11-29 14:36:01 场景<1>开始.
2019-11-29 14:36:05 行号:0    PASS   最大化浏览器窗口[maximize_window]  用时:1.118s  
2019-11-29 14:36:06 chrome浏览器启动成功.
2019-11-29 14:36:06 开始加载脚本...
2019-11-29 14:36:06 脚本<1>：U8EX登录 加载成功.脚本路径：script/testCase/U8EX项目/公共/U8EX登录
2019-11-29 14:36:06 脚本<2>：现金流量项目 加载成功.脚本路径：script/testCase/Y3me项目/数字化建模/总账/现金流量项目
2019-11-29 14:36:06 脚本<3>：U8EX登出 加载成功.脚本路径：script/testCase/U8EX项目/公共/U8EX登出
2019-11-29 14:36:06 脚本加载完成...
2019-11-29 14:36:06 开始运行脚本<class 'script.testCase.U8EX项目.公共.U8EX登录.EasyCase'>
2019-11-29 14:36:07 行号:30   PASS   访问页面[get]  用时:1.203s  
2019-11-29 14:36:08 行号:32   PASS   查找元素[find_element]  用时:0.011s  
2019-11-29 14:36:08 行号:33   PASS   查找元素[find_element]  用时:0.006s  
2019-11-29 14:36:09 行号:33   PASS   左键单击[click]  用时:0.062s  
2019-11-29 14:36:10 行号:37   PASS   查找元素[find_element]  用时:0.010s  
2019-11-29 14:36:11 行号:38   PASS   查找元素[find_element]  用时:0.006s  
2019-11-29 14:36:11 行号:39   PASS   切换到表单[frame]  用时:0.017s  
2019-11-29 14:36:42 行号:42   FAIL   查找元素[find_element]  用时:30.009s  参数:{'list': '', 'dict': {'id': 'username'}} 页面中没有该元素.NoSuchElementException
2019-11-29 14:36:53 行号:0    ERROR  [runTest]  用时:  测试用例脚本发生错误，请检查脚本代码：
2019-11-29 14:36:53 脚本运行完毕...
2019-11-29 14:36:53 开始运行脚本<class 'script.testCase.Y3me项目.数字化建模.总账.现金流量项目.EasyCase'>
2019-11-29 14:36:53 行号:24   PASS   刷新页面[refresh]  用时:0.006s  
2019-11-29 14:37:24 行号:27   FAIL   查找元素[find_element]  用时:30.043s  参数:{'list': '', 'dict': {'class name': 'lebra-navbar-left-icon'}} 页面中没有该元素.NoSuchElementException
2019-11-29 14:37:32 程序启动.财务管理-总账.xml
2019-11-29 14:37:32 程序启动.财务管理-总账.xml
2019-11-29 14:37:32 Start.
2019-11-29 14:37:32 Start.
2019-11-29 14:37:32 Start.
2019-11-29 14:37:32 场景<1>开始.
2019-11-29 14:37:36 行号:0    PASS   最大化浏览器窗口[maximize_window]  用时:1.113s  
2019-11-29 14:37:37 chrome浏览器启动成功.
2019-11-29 14:37:37 开始加载脚本...
2019-11-29 14:37:37 脚本<1>：U8EX登录 加载成功.脚本路径：script/testCase/U8EX项目/公共/U8EX登录
2019-11-29 14:37:37 脚本<2>：现金流量项目 加载成功.脚本路径：script/testCase/Y3me项目/数字化建模/总账/现金流量项目
2019-11-29 14:37:37 脚本<3>：U8EX登出 加载成功.脚本路径：script/testCase/U8EX项目/公共/U8EX登出
2019-11-29 14:37:37 脚本加载完成...
2019-11-29 14:37:37 开始运行脚本<class 'script.testCase.U8EX项目.公共.U8EX登录.EasyCase'>
2019-11-29 14:37:39 行号:30   PASS   访问页面[get]  用时:1.365s  
2019-11-29 14:37:40 行号:32   PASS   查找元素[find_element]  用时:0.012s  
2019-11-29 14:37:40 行号:33   PASS   查找元素[find_element]  用时:0.009s  
2019-11-29 14:37:41 行号:33   PASS   左键单击[click]  用时:0.065s  
2019-11-29 14:37:42 行号:37   PASS   查找元素[find_element]  用时:0.009s  
2019-11-29 14:37:42 行号:38   PASS   查找元素[find_element]  用时:0.005s  
2019-11-29 14:37:43 行号:39   PASS   切换到表单[frame]  用时:0.020s  
2019-11-29 14:37:45 行号:42   PASS   查找元素[find_element]  用时:0.011s  
2019-11-29 14:37:45 行号:43   PASS   查找元素[find_element]  用时:0.005s  
2019-11-29 14:37:46 行号:43   PASS   清除文本[clear]  用时:0.021s  
2019-11-29 14:37:47 行号:44   PASS   查找元素[find_element]  用时:0.007s  
2019-11-29 14:37:47 行号:44   PASS   模拟输入[send_keys]  用时:0.070s  
2019-11-29 14:37:48 行号:45   PASS   查找元素[find_element]  用时:0.013s  
2019-11-29 14:37:49 行号:45   PASS   清除文本[clear]  用时:0.021s  
2019-11-29 14:37:50 行号:46   PASS   查找元素[find_element]  用时:0.005s  
2019-11-29 14:37:50 行号:46   PASS   模拟输入[send_keys]  用时:0.055s  
2019-11-29 14:37:51 行号:48   PASS   查找元素[find_element]  用时:0.010s  
2019-11-29 14:37:52 行号:49   PASS   查找元素[find_element]  用时:0.005s  
2019-11-29 14:37:53 行号:49   PASS   左键单击[click]  用时:0.080s  
2019-11-29 14:37:54 行号:55   PASS   查找元素[find_element]  用时:0.011s  
2019-11-29 14:37:54 行号:56   PASS   查找元素[find_element]  用时:0.007s  
2019-11-29 14:37:55 行号:56   PASS   左键单击[click]  用时:0.094s  
2019-11-29 14:37:56 行号:57   PASS   查找元素[find_element]  用时:0.011s  
2019-11-29 14:37:56 行号:57   PASS   左键单击[click]  用时:0.091s  
2019-11-29 14:37:57 行号:59   PASS   查找元素[find_element]  用时:0.010s  
2019-11-29 14:37:58 行号:59   PASS   左键单击[click]  用时:0.491s  
2019-11-29 14:37:59 脚本运行完毕...
2019-11-29 14:37:59 开始运行脚本<class 'script.testCase.Y3me项目.数字化建模.总账.现金流量项目.EasyCase'>
2019-11-29 14:38:00 行号:24   PASS   刷新页面[refresh]  用时:0.237s  
2019-11-29 14:38:01 行号:27   PASS   查找元素[find_element]  用时:0.010s  
2019-11-29 14:38:01 行号:28   PASS   查找元素[find_element]  用时:0.008s  
2019-11-29 14:38:02 行号:28   PASS   左键单击[click]  用时:0.099s  
2019-11-29 14:38:03 行号:32   PASS   查找元素[find_element]  用时:0.013s  
2019-11-29 14:38:03 行号:33   PASS   查找元素[find_element]  用时:0.006s  
2019-11-29 14:38:04 行号:33   PASS   左键单击[click]  用时:0.053s  
2019-11-29 14:38:05 行号:35   PASS   查找元素[find_element]  用时:0.015s  
2019-11-29 14:38:05 行号:37   PASS   查找元素[find_element]  用时:0.005s  
2019-11-29 14:38:07 行号:43   PASS   查找元素[find_element]  用时:0.014s  
2019-11-29 14:38:08 行号:45   PASS   查找元素[find_element]  用时:0.006s  
2019-11-29 14:38:10 行号:52   PASS   查找元素[find_element]  用时:0.069s  
2019-11-29 14:38:11 行号:54   PASS   查找元素[find_element]  用时:0.006s  
2019-11-29 14:38:11 行号:57   PASS   查找元素[find_element]  用时:0.008s  
2019-11-29 14:38:12 行号:58   PASS   查找元素[find_element]  用时:0.007s  
2019-11-29 14:38:12 行号:59   PASS   切换到表单[frame]  用时:0.014s  
2019-11-29 14:38:15 行号:63   PASS   查找元素[find_element]  用时:1.564s  
2019-11-29 14:38:15 行号:64   PASS   查找元素[find_element]  用时:0.008s  
2019-11-29 14:38:16 行号:64   PASS   左键单击[click]  用时:0.065s  
2019-11-29 14:38:17 行号:67   PASS   查找元素[find_element]  用时:0.008s  
2019-11-29 14:38:17 行号:67   PASS   左键单击[click]  用时:0.036s  
2019-11-29 14:38:21 行号:69   PASS   查找元素[find_element]  用时:0.008s  
2019-11-29 14:38:22 行号:69   PASS   左键单击[click]  用时:0.051s  
2019-11-29 14:38:23 脚本运行完毕...
2019-11-29 14:38:23 开始运行脚本<class 'script.testCase.U8EX项目.公共.U8EX登出.EasyCase'>
2019-11-29 14:38:23 行号:24   PASS   刷新页面[refresh]  用时:0.013s  
2019-11-29 14:38:25 行号:26   PASS   查找元素[find_element]  用时:0.010s  
2019-11-29 14:38:31 行号:26   PASS   左键单击[click]  用时:5.055s  
2019-11-29 14:38:32 行号:27   PASS   查找元素[find_element]  用时:0.011s  
2019-11-29 14:38:38 行号:27   PASS   左键单击[click]  用时:5.478s  
2019-11-29 14:38:39 脚本运行完毕...
2019-11-29 14:38:39 行号:0    PASS   关闭浏览器[quit]  用时:0.249s  
2019-11-29 14:38:42 场景<1>结束.用时:69.427s.
2019-11-29 14:38:42 场景统计结果：PASS: 56(100.00%),FAIL:  0(0.00%),ERROR:  0(0.00%),TRUE:  0,FALSE:  0

2019-11-29 14:38:42 ----------------------------------------
2019-11-29 14:38:42 End.
2019-11-29 14:38:42 End.
2019-11-29 14:38:42 End.
2019-11-29 14:38:42 测试方案统计结果:
                    场景<1>:PASS: 56(100.00%),FAIL:  0(0.00%),ERROR:  0(0.00%),TRUE:  0,FALSE:  0
                    总   计:PASS: 56(100.00%),FAIL:  0(0.00%),ERROR:  0(0.00%),TRUE:  0,FALSE:  0

2019-11-29 14:38:42 程序结束.财务管理-总账.xml

2019-11-29 14:38:42 程序结束.财务管理-总账.xml

2019-11-29 15:21:38 程序启动.财务管理-总账.xml
2019-11-29 15:21:38 程序启动.财务管理-总账.xml
2019-11-29 15:21:38 Start.
2019-11-29 15:21:38 Start.
2019-11-29 15:21:38 Start.
2019-11-29 15:21:38 场景<1>开始.
2019-11-29 15:21:42 行号:0    PASS   最大化浏览器窗口[maximize_window]  用时:1.117s  
2019-11-29 15:21:43 chrome浏览器启动成功.
2019-11-29 15:21:43 开始加载脚本...
2019-11-29 15:21:43 脚本<1>：U8EX登录 加载成功.脚本路径：script/testCase/U8EX项目/公共/U8EX登录
2019-11-29 15:21:43 脚本<2>：现金流量项目 加载成功.脚本路径：script/testCase/Y3me项目/数字化建模/总账/现金流量项目
2019-11-29 15:21:43 脚本<3>：U8EX登出 加载成功.脚本路径：script/testCase/U8EX项目/公共/U8EX登出
2019-11-29 15:21:43 脚本加载完成...
2019-11-29 15:21:43 开始运行脚本<class 'script.testCase.U8EX项目.公共.U8EX登录.EasyCase'>
2019-11-29 15:21:45 行号:27   PASS   访问页面[get]  用时:1.447s  
2019-11-29 15:21:46 行号:29   PASS   查找元素[find_element]  用时:0.014s  
2019-11-29 15:21:46 行号:30   PASS   查找元素[find_element]  用时:0.006s  
2019-11-29 15:21:47 行号:30   PASS   左键单击[click]  用时:0.060s  
2019-11-29 15:21:48 行号:34   PASS   查找元素[find_element]  用时:0.010s  
2019-11-29 15:21:49 行号:35   PASS   查找元素[find_element]  用时:0.005s  
2019-11-29 15:21:49 行号:36   PASS   切换到表单[frame]  用时:0.018s  
2019-11-29 15:21:51 行号:39   PASS   查找元素[find_element]  用时:0.011s  
2019-11-29 15:21:52 行号:40   PASS   查找元素[find_element]  用时:0.006s  
2019-11-29 15:21:52 行号:40   PASS   清除文本[clear]  用时:0.018s  
2019-11-29 15:21:53 行号:41   PASS   查找元素[find_element]  用时:0.009s  
2019-11-29 15:21:54 行号:41   PASS   模拟输入[send_keys]  用时:0.090s  
2019-11-29 15:21:55 行号:42   PASS   查找元素[find_element]  用时:0.009s  
2019-11-29 15:21:55 行号:42   PASS   清除文本[clear]  用时:0.020s  
2019-11-29 15:21:56 行号:43   PASS   查找元素[find_element]  用时:0.006s  
2019-11-29 15:21:57 行号:43   PASS   模拟输入[send_keys]  用时:0.070s  
2019-11-29 15:21:58 行号:45   PASS   查找元素[find_element]  用时:0.010s  
2019-11-29 15:21:58 行号:46   PASS   查找元素[find_element]  用时:0.007s  
2019-11-29 15:21:59 行号:46   PASS   左键单击[click]  用时:0.100s  
2019-11-29 15:22:00 行号:52   PASS   查找元素[find_element]  用时:0.014s  
2019-11-29 15:22:01 行号:53   PASS   查找元素[find_element]  用时:0.008s  
2019-11-29 15:22:01 行号:53   PASS   左键单击[click]  用时:0.099s  
2019-11-29 15:22:02 行号:54   PASS   查找元素[find_element]  用时:0.010s  
2019-11-29 15:22:03 行号:54   PASS   左键单击[click]  用时:0.117s  
2019-11-29 15:22:04 行号:56   PASS   查找元素[find_element]  用时:0.011s  
2019-11-29 15:22:05 行号:56   PASS   左键单击[click]  用时:0.470s  
2019-11-29 15:22:06 脚本运行完毕...
2019-11-29 15:22:06 开始运行脚本<class 'script.testCase.Y3me项目.数字化建模.总账.现金流量项目.EasyCase'>
2019-11-29 15:22:06 行号:24   PASS   刷新页面[refresh]  用时:0.284s  
2019-11-29 15:22:07 行号:27   PASS   查找元素[find_element]  用时:0.009s  
2019-11-29 15:22:08 行号:28   PASS   查找元素[find_element]  用时:0.008s  
2019-11-29 15:22:08 行号:28   PASS   左键单击[click]  用时:0.096s  
2019-11-29 15:22:09 行号:32   PASS   查找元素[find_element]  用时:0.011s  
2019-11-29 15:22:10 行号:33   PASS   查找元素[find_element]  用时:0.008s  
2019-11-29 15:22:10 行号:33   PASS   左键单击[click]  用时:0.054s  
2019-11-29 15:22:11 行号:35   PASS   查找元素[find_element]  用时:0.008s  
2019-11-29 15:22:12 行号:37   PASS   查找元素[find_element]  用时:0.005s  
2019-11-29 15:22:13 行号:43   PASS   查找元素[find_element]  用时:0.008s  
2019-11-29 15:22:14 行号:45   PASS   查找元素[find_element]  用时:0.006s  
2019-11-29 15:22:16 行号:52   PASS   查找元素[find_element]  用时:0.064s  
2019-11-29 15:22:17 行号:54   PASS   查找元素[find_element]  用时:0.005s  
2019-11-29 15:22:17 行号:57   PASS   查找元素[find_element]  用时:0.008s  
2019-11-29 15:22:18 行号:58   PASS   查找元素[find_element]  用时:0.007s  
2019-11-29 15:22:19 行号:59   PASS   切换到表单[frame]  用时:0.017s  
2019-11-29 15:22:23 行号:63   PASS   查找元素[find_element]  用时:3.002s  
2019-11-29 15:22:23 行号:65   PASS   查找元素[find_element]  用时:0.008s  
2019-11-29 15:22:24 行号:65   PASS   左键单击[click]  用时:0.079s  
2019-11-29 15:22:25 行号:68   PASS   查找元素[find_element]  用时:0.010s  
2019-11-29 15:22:25 行号:69   PASS   查找元素[find_element]  用时:0.006s  
2019-11-29 15:22:26 行号:69   PASS   左键单击[click]  用时:0.059s  
2019-11-29 15:22:27 行号:73   FAIL   查找元素[find_element]  用时:0.014s  参数:{'list': '', 'dict': {'xpath': '//span[text()="现金流量类型""]/parent::div/following-sibling::div[1]//span[@class="Select-arrow-zone iconfont icon-chevron-down"]'}} 页面中没有该元素.NoSuchElementException
2019-11-29 15:22:37 行号:0    ERROR  [runTest]  用时:  测试用例脚本发生错误，请检查脚本代码：
2019-11-29 15:22:37 脚本运行完毕...
2019-11-29 15:22:37 开始运行脚本<class 'script.testCase.U8EX项目.公共.U8EX登出.EasyCase'>
2019-11-29 15:22:38 行号:24   PASS   刷新页面[refresh]  用时:0.282s  
2019-11-29 15:22:40 行号:26   PASS   查找元素[find_element]  用时:0.051s  
2019-11-29 15:22:40 行号:26   PASS   左键单击[click]  用时:0.056s  
2019-11-29 15:22:41 行号:27   PASS   查找元素[find_element]  用时:0.011s  
2019-11-29 15:22:42 行号:27   PASS   左键单击[click]  用时:0.529s  
2019-11-29 15:22:43 脚本运行完毕...
2019-11-29 15:22:44 行号:0    PASS   关闭浏览器[quit]  用时:0.457s  
2019-11-29 15:22:47 场景<1>结束.用时:68.234s.
2019-11-29 15:22:47 场景统计结果：PASS: 55(96.49%),FAIL:  1(1.75%),ERROR:  1(1.75%),TRUE:  0,FALSE:  0

2019-11-29 15:22:47 ----------------------------------------
2019-11-29 15:22:47 End.
2019-11-29 15:22:47 End.
2019-11-29 15:22:47 End.
2019-11-29 15:22:47 测试方案统计结果:
                    场景<1>:PASS: 55(96.49%),FAIL:  1(1.75%),ERROR:  1(1.75%),TRUE:  0,FALSE:  0
                    总   计:PASS: 55(96.49%),FAIL:  1(1.75%),ERROR:  1(1.75%),TRUE:  0,FALSE:  0

2019-11-29 15:22:47 程序结束.财务管理-总账.xml

2019-11-29 15:22:47 程序结束.财务管理-总账.xml

2019-11-29 15:23:32 程序启动.财务管理-总账.xml
2019-11-29 15:23:32 程序启动.财务管理-总账.xml
2019-11-29 15:23:32 Start.
2019-11-29 15:23:32 Start.
2019-11-29 15:23:32 Start.
2019-11-29 15:23:32 场景<1>开始.
2019-11-29 15:23:36 行号:0    PASS   最大化浏览器窗口[maximize_window]  用时:1.114s  
2019-11-29 15:23:37 chrome浏览器启动成功.
2019-11-29 15:23:37 开始加载脚本...
2019-11-29 15:23:37 脚本<1>：U8EX登录 加载成功.脚本路径：script/testCase/U8EX项目/公共/U8EX登录
2019-11-29 15:23:37 脚本<2>：现金流量项目 加载成功.脚本路径：script/testCase/Y3me项目/数字化建模/总账/现金流量项目
2019-11-29 15:23:37 脚本<3>：U8EX登出 加载成功.脚本路径：script/testCase/U8EX项目/公共/U8EX登出
2019-11-29 15:23:37 脚本加载完成...
2019-11-29 15:23:37 开始运行脚本<class 'script.testCase.U8EX项目.公共.U8EX登录.EasyCase'>
2019-11-29 15:23:39 行号:27   PASS   访问页面[get]  用时:1.197s  
2019-11-29 15:23:40 行号:29   PASS   查找元素[find_element]  用时:0.010s  
2019-11-29 15:23:40 行号:30   PASS   查找元素[find_element]  用时:0.006s  
2019-11-29 15:23:41 行号:30   PASS   左键单击[click]  用时:0.053s  
2019-11-29 15:23:42 行号:34   PASS   查找元素[find_element]  用时:0.012s  
2019-11-29 15:23:42 行号:35   PASS   查找元素[find_element]  用时:0.005s  
2019-11-29 15:23:43 行号:36   PASS   切换到表单[frame]  用时:0.022s  
2019-11-29 15:23:45 行号:39   PASS   查找元素[find_element]  用时:0.035s  
2019-11-29 15:23:45 行号:40   PASS   查找元素[find_element]  用时:0.006s  
2019-11-29 15:23:46 行号:40   PASS   清除文本[clear]  用时:0.017s  
2019-11-29 15:23:47 行号:41   PASS   查找元素[find_element]  用时:0.018s  
2019-11-29 15:23:47 行号:41   PASS   模拟输入[send_keys]  用时:0.090s  
2019-11-29 15:23:48 行号:42   PASS   查找元素[find_element]  用时:0.012s  
2019-11-29 15:23:49 行号:42   PASS   清除文本[clear]  用时:0.016s  
2019-11-29 15:23:50 行号:43   PASS   查找元素[find_element]  用时:0.006s  
2019-11-29 15:23:50 行号:43   PASS   模拟输入[send_keys]  用时:0.077s  
2019-11-29 15:23:51 行号:45   PASS   查找元素[find_element]  用时:0.008s  
2019-11-29 15:23:52 行号:46   PASS   查找元素[find_element]  用时:0.008s  
2019-11-29 15:23:53 行号:46   PASS   左键单击[click]  用时:0.085s  
2019-11-29 15:23:54 行号:52   PASS   查找元素[find_element]  用时:0.010s  
2019-11-29 15:23:54 行号:53   PASS   查找元素[find_element]  用时:0.006s  
2019-11-29 15:23:56 行号:53   PASS   左键单击[click]  用时:1.100s  在2次重新定位元素后，元素行为执行成功
2019-11-29 15:23:57 行号:54   PASS   查找元素[find_element]  用时:0.011s  
2019-11-29 15:23:57 行号:54   PASS   左键单击[click]  用时:0.097s  
2019-11-29 15:23:58 行号:56   PASS   查找元素[find_element]  用时:0.009s  
2019-11-29 15:23:59 行号:56   PASS   左键单击[click]  用时:0.443s  
2019-11-29 15:24:00 脚本运行完毕...
2019-11-29 15:24:00 开始运行脚本<class 'script.testCase.Y3me项目.数字化建模.总账.现金流量项目.EasyCase'>
2019-11-29 15:24:00 行号:24   PASS   刷新页面[refresh]  用时:0.014s  
2019-11-29 15:24:01 行号:27   PASS   查找元素[find_element]  用时:0.012s  
2019-11-29 15:24:02 行号:28   PASS   查找元素[find_element]  用时:0.007s  
2019-11-29 15:24:02 行号:28   PASS   左键单击[click]  用时:0.082s  
2019-11-29 15:24:03 行号:32   PASS   查找元素[find_element]  用时:0.010s  
2019-11-29 15:24:04 行号:33   PASS   查找元素[find_element]  用时:0.007s  
2019-11-29 15:24:04 行号:33   PASS   左键单击[click]  用时:0.056s  
2019-11-29 15:24:05 行号:35   PASS   查找元素[find_element]  用时:0.011s  
2019-11-29 15:24:06 行号:37   PASS   查找元素[find_element]  用时:0.008s  
2019-11-29 15:24:08 行号:43   PASS   查找元素[find_element]  用时:0.009s  
2019-11-29 15:24:08 行号:45   PASS   查找元素[find_element]  用时:0.008s  
2019-11-29 15:24:11 行号:52   PASS   查找元素[find_element]  用时:0.064s  
2019-11-29 15:24:11 行号:54   PASS   查找元素[find_element]  用时:0.006s  
2019-11-29 15:24:12 行号:57   PASS   查找元素[find_element]  用时:0.009s  
2019-11-29 15:24:12 行号:58   PASS   查找元素[find_element]  用时:0.005s  
2019-11-29 15:24:13 行号:59   PASS   切换到表单[frame]  用时:0.016s  
2019-11-29 15:24:18 行号:63   PASS   查找元素[find_element]  用时:3.875s  
2019-11-29 15:24:18 行号:65   PASS   查找元素[find_element]  用时:0.006s  
2019-11-29 15:24:19 行号:65   PASS   左键单击[click]  用时:0.084s  
2019-11-29 15:24:20 行号:68   PASS   查找元素[find_element]  用时:0.009s  
2019-11-29 15:24:20 行号:69   PASS   查找元素[find_element]  用时:0.006s  
2019-11-29 15:24:21 行号:69   PASS   左键单击[click]  用时:0.061s  
2019-11-29 15:24:22 行号:73   PASS   查找元素[find_element]  用时:0.009s  
2019-11-29 15:24:22 行号:75   PASS   查找元素[find_element]  用时:0.007s  
2019-11-29 15:24:23 行号:75   PASS   左键单击[click]  用时:0.062s  
2019-11-29 15:24:24 行号:78   PASS   查找元素[find_element]  用时:0.010s  
2019-11-29 15:24:24 行号:79   PASS   查找元素[find_element]  用时:0.006s  
2019-11-29 15:24:25 行号:81   PASS   查找元素[find_element]  用时:0.009s  
2019-11-29 15:24:26 行号:82   PASS   查找元素[find_element]  用时:0.006s  
2019-11-29 15:24:26 行号:82   PASS   左键单击[click]  用时:0.086s  
2019-11-29 15:24:27 行号:0    ERROR  [runTest]  用时:  测试用例脚本发生错误，请检查脚本代码：name 'random' is not defined
2019-11-29 15:24:27 脚本运行完毕...
2019-11-29 15:24:27 开始运行脚本<class 'script.testCase.U8EX项目.公共.U8EX登出.EasyCase'>
2019-11-29 15:24:27 行号:24   PASS   刷新页面[refresh]  用时:0.015s  
2019-11-29 15:24:29 行号:26   PASS   查找元素[find_element]  用时:0.012s  
2019-11-29 15:24:30 行号:26   PASS   左键单击[click]  用时:0.050s  
2019-11-29 15:24:31 行号:27   PASS   查找元素[find_element]  用时:0.013s  
2019-11-29 15:24:32 行号:27   PASS   左键单击[click]  用时:0.461s  
2019-11-29 15:24:33 脚本运行完毕...
2019-11-29 15:24:33 行号:0    PASS   关闭浏览器[quit]  用时:0.290s  
2019-11-29 15:24:36 场景<1>结束.用时:63.493s.
2019-11-29 15:24:36 场景统计结果：PASS: 63(98.44%),FAIL:  0(0.00%),ERROR:  1(1.56%),TRUE:  0,FALSE:  0

2019-11-29 15:24:36 ----------------------------------------
2019-11-29 15:24:36 End.
2019-11-29 15:24:36 End.
2019-11-29 15:24:36 End.
2019-11-29 15:24:36 测试方案统计结果:
                    场景<1>:PASS: 63(98.44%),FAIL:  0(0.00%),ERROR:  1(1.56%),TRUE:  0,FALSE:  0
                    总   计:PASS: 63(98.44%),FAIL:  0(0.00%),ERROR:  1(1.56%),TRUE:  0,FALSE:  0

2019-11-29 15:24:36 程序结束.财务管理-总账.xml

2019-11-29 15:24:36 程序结束.财务管理-总账.xml

2019-11-29 15:24:46 程序启动.财务管理-总账.xml
2019-11-29 15:24:46 程序启动.财务管理-总账.xml
2019-11-29 15:24:47 Start.
2019-11-29 15:24:47 Start.
2019-11-29 15:24:47 Start.
2019-11-29 15:24:47 场景<1>开始.
2019-11-29 15:24:51 行号:0    PASS   最大化浏览器窗口[maximize_window]  用时:1.113s  
2019-11-29 15:24:52 chrome浏览器启动成功.
2019-11-29 15:24:52 开始加载脚本...
2019-11-29 15:24:52 脚本<1>：U8EX登录 加载成功.脚本路径：script/testCase/U8EX项目/公共/U8EX登录
2019-11-29 15:24:52 脚本<2>：现金流量项目 加载成功.脚本路径：script/testCase/Y3me项目/数字化建模/总账/现金流量项目
2019-11-29 15:24:52 脚本<3>：U8EX登出 加载成功.脚本路径：script/testCase/U8EX项目/公共/U8EX登出
2019-11-29 15:24:52 脚本加载完成...
2019-11-29 15:24:52 开始运行脚本<class 'script.testCase.U8EX项目.公共.U8EX登录.EasyCase'>
2019-11-29 15:24:53 行号:27   PASS   访问页面[get]  用时:1.348s  
2019-11-29 15:24:54 行号:29   PASS   查找元素[find_element]  用时:0.010s  
2019-11-29 15:24:54 行号:30   PASS   查找元素[find_element]  用时:0.007s  
2019-11-29 15:24:55 行号:30   PASS   左键单击[click]  用时:0.049s  
2019-11-29 15:24:56 行号:34   PASS   查找元素[find_element]  用时:0.009s  
2019-11-29 15:24:57 行号:35   PASS   查找元素[find_element]  用时:0.006s  
2019-11-29 15:24:57 行号:36   PASS   切换到表单[frame]  用时:0.019s  
2019-11-29 15:24:59 行号:39   PASS   查找元素[find_element]  用时:0.009s  
2019-11-29 15:25:00 行号:40   PASS   查找元素[find_element]  用时:0.006s  
2019-11-29 15:25:00 行号:40   PASS   清除文本[clear]  用时:0.021s  
2019-11-29 15:25:01 行号:41   PASS   查找元素[find_element]  用时:0.006s  
2019-11-29 15:25:02 行号:41   PASS   模拟输入[send_keys]  用时:0.087s  
2019-11-29 15:25:03 行号:42   PASS   查找元素[find_element]  用时:0.008s  
2019-11-29 15:25:03 行号:42   PASS   清除文本[clear]  用时:0.019s  
2019-11-29 15:25:04 行号:43   PASS   查找元素[find_element]  用时:0.007s  
2019-11-29 15:25:05 行号:43   PASS   模拟输入[send_keys]  用时:0.068s  
2019-11-29 15:25:06 行号:45   PASS   查找元素[find_element]  用时:0.010s  
2019-11-29 15:25:06 行号:46   PASS   查找元素[find_element]  用时:0.005s  
2019-11-29 15:25:07 行号:46   PASS   左键单击[click]  用时:0.083s  
2019-11-29 15:25:08 行号:52   PASS   查找元素[find_element]  用时:0.012s  
2019-11-29 15:25:08 行号:53   PASS   查找元素[find_element]  用时:0.006s  
2019-11-29 15:25:09 行号:53   PASS   左键单击[click]  用时:0.070s  
2019-11-29 15:25:10 行号:54   PASS   查找元素[find_element]  用时:0.012s  
2019-11-29 15:25:11 行号:54   PASS   左键单击[click]  用时:0.093s  
2019-11-29 15:25:12 行号:56   PASS   查找元素[find_element]  用时:0.009s  
2019-11-29 15:25:13 行号:56   PASS   左键单击[click]  用时:0.376s  
2019-11-29 15:25:14 脚本运行完毕...
2019-11-29 15:25:14 开始运行脚本<class 'script.testCase.Y3me项目.数字化建模.总账.现金流量项目.EasyCase'>
2019-11-29 15:25:14 行号:24   PASS   刷新页面[refresh]  用时:0.293s  
2019-11-29 15:25:15 行号:27   PASS   查找元素[find_element]  用时:0.009s  
2019-11-29 15:25:15 行号:28   PASS   查找元素[find_element]  用时:0.006s  
2019-11-29 15:25:16 行号:28   PASS   左键单击[click]  用时:0.102s  
2019-11-29 15:25:17 行号:32   PASS   查找元素[find_element]  用时:0.009s  
2019-11-29 15:25:17 行号:33   PASS   查找元素[find_element]  用时:0.007s  
2019-11-29 15:25:18 行号:33   PASS   左键单击[click]  用时:0.042s  
2019-11-29 15:25:19 行号:35   PASS   查找元素[find_element]  用时:0.011s  
2019-11-29 15:25:20 行号:37   PASS   查找元素[find_element]  用时:0.006s  
2019-11-29 15:25:21 行号:43   PASS   查找元素[find_element]  用时:0.013s  
2019-11-29 15:25:22 行号:45   PASS   查找元素[find_element]  用时:0.005s  
2019-11-29 15:25:24 行号:52   PASS   查找元素[find_element]  用时:0.069s  
2019-11-29 15:25:25 行号:54   PASS   查找元素[find_element]  用时:0.018s  
2019-11-29 15:25:25 行号:57   PASS   查找元素[find_element]  用时:0.008s  
2019-11-29 15:25:26 行号:58   PASS   查找元素[find_element]  用时:0.006s  
2019-11-29 15:25:26 行号:59   PASS   切换到表单[frame]  用时:0.016s  
2019-11-29 15:25:31 行号:63   PASS   查找元素[find_element]  用时:3.607s  
2019-11-29 15:25:31 行号:65   PASS   查找元素[find_element]  用时:0.006s  
2019-11-29 15:25:32 行号:65   PASS   左键单击[click]  用时:0.078s  
2019-11-29 15:25:33 行号:68   PASS   查找元素[find_element]  用时:0.010s  
2019-11-29 15:25:34 行号:69   PASS   查找元素[find_element]  用时:0.008s  
2019-11-29 15:25:34 行号:69   PASS   左键单击[click]  用时:0.062s  
2019-11-29 15:25:35 行号:73   PASS   查找元素[find_element]  用时:0.009s  
2019-11-29 15:25:36 行号:75   PASS   查找元素[find_element]  用时:0.008s  
2019-11-29 15:25:36 行号:75   PASS   左键单击[click]  用时:0.063s  
2019-11-29 15:25:37 行号:78   PASS   查找元素[find_element]  用时:0.008s  
2019-11-29 15:25:38 行号:79   PASS   查找元素[find_element]  用时:0.005s  
2019-11-29 15:25:38 行号:79   PASS   左键单击[click]  用时:0.058s  
2019-11-29 15:25:39 行号:81   PASS   查找元素[find_element]  用时:0.011s  
2019-11-29 15:25:40 行号:82   PASS   查找元素[find_element]  用时:0.007s  
2019-11-29 15:25:40 行号:82   PASS   左键单击[click]  用时:0.086s  
2019-11-29 15:25:41 行号:0    ERROR  [runTest]  用时:  测试用例脚本发生错误，请检查脚本代码：name 'random' is not defined
2019-11-29 15:25:41 脚本运行完毕...
2019-11-29 15:25:41 开始运行脚本<class 'script.testCase.U8EX项目.公共.U8EX登出.EasyCase'>
2019-11-29 15:25:41 行号:24   PASS   刷新页面[refresh]  用时:0.006s  
2019-11-29 15:25:43 行号:26   PASS   查找元素[find_element]  用时:0.009s  
2019-11-29 15:25:44 行号:26   PASS   左键单击[click]  用时:0.046s  
2019-11-29 15:25:45 行号:27   PASS   查找元素[find_element]  用时:0.010s  
2019-11-29 15:25:46 行号:27   PASS   左键单击[click]  用时:0.481s  
2019-11-29 15:25:47 脚本运行完毕...
2019-11-29 15:25:47 行号:0    PASS   关闭浏览器[quit]  用时:0.385s  
2019-11-29 15:25:50 场景<1>结束.用时:63.707s.
2019-11-29 15:25:50 场景统计结果：PASS: 64(98.46%),FAIL:  0(0.00%),ERROR:  1(1.54%),TRUE:  0,FALSE:  0

2019-11-29 15:25:50 ----------------------------------------
2019-11-29 15:25:50 End.
2019-11-29 15:25:50 End.
2019-11-29 15:25:50 End.
2019-11-29 15:25:50 测试方案统计结果:
                    场景<1>:PASS: 64(98.46%),FAIL:  0(0.00%),ERROR:  1(1.54%),TRUE:  0,FALSE:  0
                    总   计:PASS: 64(98.46%),FAIL:  0(0.00%),ERROR:  1(1.54%),TRUE:  0,FALSE:  0

2019-11-29 15:25:50 程序结束.财务管理-总账.xml

2019-11-29 15:25:50 程序结束.财务管理-总账.xml

2019-11-29 15:26:08 程序启动.财务管理-总账.xml
2019-11-29 15:26:08 程序启动.财务管理-总账.xml
2019-11-29 15:26:08 Start.
2019-11-29 15:26:08 Start.
2019-11-29 15:26:08 Start.
2019-11-29 15:26:08 场景<1>开始.
2019-11-29 15:26:12 行号:0    PASS   最大化浏览器窗口[maximize_window]  用时:1.119s  
2019-11-29 15:26:13 chrome浏览器启动成功.
2019-11-29 15:26:13 开始加载脚本...
2019-11-29 15:26:13 脚本<1>：U8EX登录 加载成功.脚本路径：script/testCase/U8EX项目/公共/U8EX登录
2019-11-29 15:26:13 脚本<2>：现金流量项目 加载成功.脚本路径：script/testCase/Y3me项目/数字化建模/总账/现金流量项目
2019-11-29 15:26:13 脚本<3>：U8EX登出 加载成功.脚本路径：script/testCase/U8EX项目/公共/U8EX登出
2019-11-29 15:26:13 脚本加载完成...
2019-11-29 15:26:13 开始运行脚本<class 'script.testCase.U8EX项目.公共.U8EX登录.EasyCase'>
2019-11-29 15:26:14 行号:27   PASS   访问页面[get]  用时:1.104s  
2019-11-29 15:26:15 行号:29   PASS   查找元素[find_element]  用时:0.010s  
2019-11-29 15:26:16 行号:30   PASS   查找元素[find_element]  用时:0.006s  
2019-11-29 15:26:16 行号:30   PASS   左键单击[click]  用时:0.047s  
2019-11-29 15:26:17 行号:34   PASS   查找元素[find_element]  用时:0.013s  
2019-11-29 15:26:18 行号:35   PASS   查找元素[find_element]  用时:0.007s  
2019-11-29 15:26:19 行号:36   PASS   切换到表单[frame]  用时:0.019s  
2019-11-29 15:26:21 行号:39   PASS   查找元素[find_element]  用时:0.009s  
2019-11-29 15:26:21 行号:40   PASS   查找元素[find_element]  用时:0.006s  
2019-11-29 15:26:22 行号:40   PASS   清除文本[clear]  用时:0.017s  
2019-11-29 15:26:23 行号:41   PASS   查找元素[find_element]  用时:0.007s  
2019-11-29 15:26:23 行号:41   PASS   模拟输入[send_keys]  用时:0.086s  
2019-11-29 15:26:24 行号:42   PASS   查找元素[find_element]  用时:0.009s  
2019-11-29 15:26:25 行号:42   PASS   清除文本[clear]  用时:0.023s  
2019-11-29 15:26:26 行号:43   PASS   查找元素[find_element]  用时:0.006s  
2019-11-29 15:26:26 行号:43   PASS   模拟输入[send_keys]  用时:0.072s  
2019-11-29 15:26:27 行号:45   PASS   查找元素[find_element]  用时:0.008s  
2019-11-29 15:26:28 行号:46   PASS   查找元素[find_element]  用时:0.006s  
2019-11-29 15:26:28 行号:46   PASS   左键单击[click]  用时:0.081s  
2019-11-29 15:26:30 行号:52   PASS   查找元素[find_element]  用时:0.020s  
2019-11-29 15:26:30 行号:53   PASS   查找元素[find_element]  用时:0.012s  
2019-11-29 15:26:31 行号:53   PASS   左键单击[click]  用时:0.082s  
2019-11-29 15:26:32 行号:54   PASS   查找元素[find_element]  用时:0.042s  
2019-11-29 15:26:33 行号:54   PASS   左键单击[click]  用时:0.103s  
2019-11-29 15:26:34 行号:56   PASS   查找元素[find_element]  用时:0.011s  
2019-11-29 15:26:35 行号:56   PASS   左键单击[click]  用时:0.542s  
2019-11-29 15:26:36 脚本运行完毕...
2019-11-29 15:26:36 开始运行脚本<class 'script.testCase.Y3me项目.数字化建模.总账.现金流量项目.EasyCase'>
2019-11-29 15:26:36 行号:25   PASS   刷新页面[refresh]  用时:0.005s  
2019-11-29 15:26:37 行号:28   PASS   查找元素[find_element]  用时:0.010s  
2019-11-29 15:26:37 行号:29   PASS   查找元素[find_element]  用时:0.006s  
2019-11-29 15:26:38 行号:29   PASS   左键单击[click]  用时:0.061s  
2019-11-29 15:26:39 行号:33   PASS   查找元素[find_element]  用时:0.010s  
2019-11-29 15:26:39 行号:34   PASS   查找元素[find_element]  用时:0.006s  
2019-11-29 15:26:40 行号:34   PASS   左键单击[click]  用时:0.047s  
2019-11-29 15:26:41 行号:36   PASS   查找元素[find_element]  用时:0.011s  
2019-11-29 15:26:41 行号:38   PASS   查找元素[find_element]  用时:0.005s  
2019-11-29 15:26:43 行号:44   PASS   查找元素[find_element]  用时:0.009s  
2019-11-29 15:26:43 行号:46   PASS   查找元素[find_element]  用时:0.008s  
2019-11-29 15:26:46 行号:53   PASS   查找元素[find_element]  用时:0.067s  
2019-11-29 15:26:47 行号:55   PASS   查找元素[find_element]  用时:0.006s  
2019-11-29 15:26:47 行号:58   PASS   查找元素[find_element]  用时:0.009s  
2019-11-29 15:26:48 行号:59   PASS   查找元素[find_element]  用时:0.006s  
2019-11-29 15:26:48 行号:60   PASS   切换到表单[frame]  用时:0.013s  
2019-11-29 15:26:51 行号:64   PASS   查找元素[find_element]  用时:2.333s  
2019-11-29 15:26:52 行号:66   PASS   查找元素[find_element]  用时:0.006s  
2019-11-29 15:26:52 行号:66   PASS   左键单击[click]  用时:0.080s  
2019-11-29 15:26:53 行号:69   PASS   查找元素[find_element]  用时:0.009s  
2019-11-29 15:26:54 行号:70   PASS   查找元素[find_element]  用时:0.007s  
2019-11-29 15:26:55 行号:70   PASS   左键单击[click]  用时:0.060s  
2019-11-29 15:26:56 行号:74   PASS   查找元素[find_element]  用时:0.009s  
2019-11-29 15:26:56 行号:76   PASS   查找元素[find_element]  用时:0.007s  
2019-11-29 15:26:57 行号:76   PASS   左键单击[click]  用时:0.059s  
2019-11-29 15:26:58 行号:79   PASS   查找元素[find_element]  用时:0.010s  
2019-11-29 15:26:58 行号:80   PASS   查找元素[find_element]  用时:0.006s  
2019-11-29 15:26:59 行号:80   PASS   左键单击[click]  用时:0.056s  
2019-11-29 15:27:00 行号:82   PASS   查找元素[find_element]  用时:0.011s  
2019-11-29 15:27:00 行号:83   PASS   查找元素[find_element]  用时:0.007s  
2019-11-29 15:27:01 行号:83   PASS   左键单击[click]  用时:0.090s  
2019-11-29 15:27:02 行号:88   PASS   查找元素[find_element]  用时:0.009s  
2019-11-29 15:27:02 行号:89   PASS   查找元素[find_element]  用时:0.007s  
2019-11-29 15:27:03 行号:89   PASS   模拟输入[send_keys]  用时:0.096s  
2019-11-29 15:27:04 行号:95   PASS   查找元素[find_element]  用时:0.013s  
2019-11-29 15:27:05 行号:96   PASS   查找元素[find_element]  用时:0.007s  
2019-11-29 15:27:05 行号:96   PASS   模拟输入[send_keys]  用时:0.115s  
2019-11-29 15:27:06 行号:100  PASS   查找元素[find_element]  用时:0.010s  
2019-11-29 15:27:07 行号:101  PASS   查找元素[find_element]  用时:0.008s  
2019-11-29 15:27:07 行号:101  PASS   左键单击[click]  用时:0.104s  
2019-11-29 15:27:08 行号:104  TRUE   断言：包含[assertIn] 用时:0.000s TRUE.
2019-11-29 15:27:08 行号:106  PASS   查找元素[find_element]  用时:0.008s  
2019-11-29 15:27:09 行号:106  PASS   左键单击[click]  用时:0.056s  
2019-11-29 15:27:13 行号:108  PASS   查找元素[find_element]  用时:0.009s  
2019-11-29 15:27:13 行号:108  PASS   左键单击[click]  用时:0.055s  
2019-11-29 15:27:14 脚本运行完毕...
2019-11-29 15:27:14 开始运行脚本<class 'script.testCase.U8EX项目.公共.U8EX登出.EasyCase'>
2019-11-29 15:27:14 行号:24   PASS   刷新页面[refresh]  用时:0.012s  
2019-11-29 15:27:16 行号:26   PASS   查找元素[find_element]  用时:0.010s  
2019-11-29 15:27:17 行号:26   PASS   左键单击[click]  用时:0.043s  
2019-11-29 15:27:18 行号:27   PASS   查找元素[find_element]  用时:0.010s  
2019-11-29 15:27:19 行号:27   PASS   左键单击[click]  用时:0.519s  
2019-11-29 15:27:20 脚本运行完毕...
2019-11-29 15:27:20 行号:0    PASS   关闭浏览器[quit]  用时:0.251s  
2019-11-29 15:27:23 场景<1>结束.用时:74.927s.
2019-11-29 15:27:23 场景统计结果：PASS: 77(100.00%),FAIL:  0(0.00%),ERROR:  0(0.00%),TRUE:  1,FALSE:  0

2019-11-29 15:27:23 ----------------------------------------
2019-11-29 15:27:23 End.
2019-11-29 15:27:23 End.
2019-11-29 15:27:23 End.
2019-11-29 15:27:23 测试方案统计结果:
                    场景<1>:PASS: 77(100.00%),FAIL:  0(0.00%),ERROR:  0(0.00%),TRUE:  1,FALSE:  0
                    总   计:PASS: 77(100.00%),FAIL:  0(0.00%),ERROR:  0(0.00%),TRUE:  1,FALSE:  0

2019-11-29 15:27:23 程序结束.财务管理-总账.xml

2019-11-29 15:27:23 程序结束.财务管理-总账.xml

2019-11-29 16:40:55 程序启动.财务管理-总账.xml
2019-11-29 16:40:55 Start.
2019-11-29 16:42:22 End.
2019-11-29 16:42:22 程序结束.财务管理-总账.xml

2019-11-29 16:42:31 程序启动.财务管理-总账.xml
2019-11-29 16:42:31 Start.
2019-11-29 16:43:56 End.
2019-11-29 16:43:56 程序结束.财务管理-总账.xml

