2019-12-12 13:41:31 Start.
2019-12-12 13:41:31 场景<1>开始.
2019-12-12 13:41:35 行号:0    PASS   最大化浏览器窗口[maximize_window]  用时:1.261s  
2019-12-12 13:41:36 chrome浏览器启动成功.
2019-12-12 13:41:36 开始加载脚本...
2019-12-12 13:41:36 脚本<1>：U8EX登录 加载成功.脚本路径：script/testCase/U8EX项目/公共/U8EX登录
2019-12-12 13:41:36 脚本<2>：减少方式 加载成功.脚本路径：script/testCase/Y3me项目/数字化建模/固定资产/减少方式
2019-12-12 13:41:36 脚本<3>：U8EX登出 加载成功.脚本路径：script/testCase/U8EX项目/公共/U8EX登出
2019-12-12 13:41:36 脚本加载完成...
2019-12-12 13:41:36 开始运行脚本<class 'script.testCase.U8EX项目.公共.U8EX登录.EasyCase'>
2019-12-12 13:41:36 行号:27   PASS   访问页面[get]  用时:0.634s  
2019-12-12 13:41:37 行号:29   PASS   查找元素[find_element]  用时:0.013s  
2019-12-12 13:41:38 行号:30   PASS   查找元素[find_element]  用时:0.006s  
2019-12-12 13:41:44 行号:30   PASS   左键单击[click]  用时:5.048s  
2019-12-12 13:41:45 行号:34   PASS   查找元素[find_element]  用时:0.015s  
2019-12-12 13:41:45 行号:35   PASS   查找元素[find_element]  用时:0.006s  
2019-12-12 13:41:46 行号:36   PASS   切换到表单[frame]  用时:0.017s  
2019-12-12 13:41:48 行号:39   PASS   查找元素[find_element]  用时:0.011s  
2019-12-12 13:41:48 行号:40   PASS   查找元素[find_element]  用时:0.007s  
2019-12-12 13:41:49 行号:40   PASS   清除文本[clear]  用时:0.016s  
2019-12-12 13:41:50 行号:41   PASS   查找元素[find_element]  用时:0.006s  
2019-12-12 13:41:50 行号:41   PASS   模拟输入[send_keys]  用时:0.048s  
2019-12-12 13:41:51 行号:42   PASS   查找元素[find_element]  用时:0.010s  
2019-12-12 13:41:52 行号:42   PASS   清除文本[clear]  用时:0.018s  
2019-12-12 13:41:53 行号:43   PASS   查找元素[find_element]  用时:0.007s  
2019-12-12 13:41:53 行号:43   PASS   模拟输入[send_keys]  用时:0.048s  
2019-12-12 13:41:54 行号:45   PASS   查找元素[find_element]  用时:0.008s  
2019-12-12 13:41:55 行号:46   PASS   查找元素[find_element]  用时:0.005s  
2019-12-12 13:42:00 行号:46   PASS   左键单击[click]  用时:5.086s  
2019-12-12 13:42:02 行号:52   PASS   查找元素[find_element]  用时:0.016s  
2019-12-12 13:42:02 行号:53   PASS   查找元素[find_element]  用时:0.013s  
2019-12-12 13:42:08 行号:53   PASS   左键单击[click]  用时:5.049s  
2019-12-12 13:42:39 行号:54   FAIL   查找元素[find_element]  用时:30.062s  参数:{'list': '', 'dict': {'xpath': '//*[@id="home_header"]//div[text()="1114UI测试专属"]'}} 页面中没有该元素.NoSuchElementException
2019-12-12 13:42:39 行号:54   ERROR  左键单击[click]  用时:0.000s  由于未找到元素，操作失败
2019-12-12 13:43:10 行号:56   FAIL   查找元素[find_element]  用时:30.033s  参数:{'list': '', 'dict': {'xpath': '//button[@class="u-button btn__style___37bsb u8c_primary__style___RFibc  btn__style___20DQM "]'}} 页面中没有该元素.NoSuchElementException
2019-12-12 13:43:11 行号:56   ERROR  左键单击[click]  用时:0.000s  由于未找到元素，操作失败
2019-12-12 13:43:12 脚本运行完毕...
2019-12-12 13:43:12 开始运行脚本<class 'script.testCase.Y3me项目.数字化建模.固定资产.减少方式.EasyCase'>
2019-12-12 13:43:12 行号:25   PASS   刷新页面[refresh]  用时:0.569s  
2019-12-12 13:43:13 行号:27   PASS   查找元素[find_element]  用时:0.010s  
2019-12-12 13:43:19 行号:27   PASS   左键单击[click]  用时:5.094s  
2019-12-12 13:43:21 行号:30   PASS   查找元素[find_element]  用时:0.011s  
2019-12-12 13:43:27 行号:30   PASS   左键单击[click]  用时:5.057s  
2019-12-12 13:43:29 行号:33   PASS   查找元素[find_element]  用时:0.009s  
2019-12-12 13:43:41 行号:40   PASS   查找元素[find_element]  用时:0.010s  
2019-12-12 13:44:05 行号:47   PASS   查找元素[find_element]  用时:0.009s  
2019-12-12 13:44:06 行号:50   PASS   查找元素[find_element]  用时:0.014s  
2019-12-12 13:44:07 行号:51   PASS   切换到表单[frame]  用时:0.452s  
2019-12-12 13:44:08 行号:54   PASS   查找元素[find_element]  用时:0.011s  
2019-12-12 13:44:09 行号:55   PASS   查找元素[find_element]  用时:0.006s  
2019-12-12 13:44:15 行号:55   PASS   左键单击[click]  用时:5.204s  
2019-12-12 13:44:16 行号:58   PASS   查找元素[find_element]  用时:0.012s  
2019-12-12 13:44:16 行号:59   PASS   查找元素[find_element]  用时:0.008s  
2019-12-12 13:44:22 行号:59   PASS   左键单击[click]  用时:5.076s  
2019-12-12 13:44:23 行号:63   PASS   查找元素[find_element]  用时:0.011s  
2019-12-12 13:44:24 行号:64   PASS   查找元素[find_element]  用时:0.008s  
2019-12-12 13:44:29 行号:64   PASS   左键单击[click]  用时:5.112s  
2019-12-12 13:44:30 行号:69   PASS   查找元素[find_element]  用时:0.010s  
2019-12-12 13:44:31 行号:70   PASS   查找元素[find_element]  用时:0.006s  
2019-12-12 13:44:36 行号:70   PASS   左键单击[click]  用时:5.068s  
2019-12-12 13:44:37 行号:76   PASS   查找元素[find_element]  用时:0.018s  
2019-12-12 13:44:38 行号:77   PASS   查找元素[find_element]  用时:0.006s  
2019-12-12 13:44:39 行号:77   PASS   模拟输入[send_keys]  用时:0.079s  
2019-12-12 13:44:40 行号:81   PASS   查找元素[find_element]  用时:0.012s  
2019-12-12 13:44:40 行号:82   PASS   查找元素[find_element]  用时:0.006s  
2019-12-12 13:44:46 行号:82   PASS   左键单击[click]  用时:5.072s  
2019-12-12 13:44:49 行号:87   PASS   查找元素[find_element]  用时:0.023s  
2019-12-12 13:44:49 行号:89   PASS   执行JS代码[execute_script]  用时:0.007s  
2019-12-12 13:45:26 行号:99   FAIL   查找元素[find_element]  用时:30.008s  参数:{'list': '', 'dict': {'xpath': '//div[text()="资产303"]/ancestor::div[@class="fixedDataTableCellGroupLayout_cellGroupWrapper"]/following-sibling::div[2]//a[text()="编辑"]'}} 页面中没有该元素.NoSuchElementException
2019-12-12 13:45:56 行号:0    ERROR  [runTest]  用时:  测试用例脚本发生错误，请检查脚本代码：
2019-12-12 13:45:56 脚本运行完毕...
2019-12-12 13:45:56 开始运行脚本<class 'script.testCase.U8EX项目.公共.U8EX登出.EasyCase'>
2019-12-12 13:45:56 行号:24   PASS   刷新页面[refresh]  用时:0.005s  
2019-12-12 13:45:58 行号:26   PASS   查找元素[find_element]  用时:0.012s  
2019-12-12 13:46:04 行号:26   PASS   左键单击[click]  用时:5.072s  
2019-12-12 13:46:05 行号:27   PASS   查找元素[find_element]  用时:0.034s  
2019-12-12 13:46:11 行号:27   PASS   左键单击[click]  用时:5.415s  
2019-12-12 13:46:12 脚本运行完毕...
2019-12-12 13:46:12 行号:0    PASS   关闭浏览器[quit]  用时:0.148s  
2019-12-12 13:46:15 场景<1>结束.用时:284.215s.
2019-12-12 13:46:15 场景统计结果：PASS: 59(90.77%),FAIL:  3(4.62%),ERROR:  3(4.62%),TRUE:  0,FALSE:  0

2019-12-12 13:46:15 ----------------------------------------
2019-12-12 13:46:15 End.
2019-12-12 13:46:15 测试方案统计结果:
                    场景<1>:PASS: 59(90.77%),FAIL:  3(4.62%),ERROR:  3(4.62%),TRUE:  0,FALSE:  0
                    总   计:PASS: 59(90.77%),FAIL:  3(4.62%),ERROR:  3(4.62%),TRUE:  0,FALSE:  0

