2019-12-12 09:42:35 Start.
2019-12-12 09:42:35 场景<1>开始.
2019-12-12 09:42:38 行号:0    PASS   最大化浏览器窗口[maximize_window]  用时:1.119s  
2019-12-12 09:42:39 chrome浏览器启动成功.
2019-12-12 09:42:39 开始加载脚本...
2019-12-12 09:42:39 脚本<1>：U8EX登录 加载成功.脚本路径：script/testCase/U8EX项目/公共/U8EX登录
2019-12-12 09:42:39 脚本<2>：减少方式 加载成功.脚本路径：script/testCase/Y3me项目/数字化建模/固定资产/减少方式
2019-12-12 09:42:39 脚本<3>：U8EX登出 加载成功.脚本路径：script/testCase/U8EX项目/公共/U8EX登出
2019-12-12 09:42:39 脚本加载完成...
2019-12-12 09:42:39 开始运行脚本<class 'script.testCase.U8EX项目.公共.U8EX登录.EasyCase'>
2019-12-12 09:42:40 行号:27   PASS   访问页面[get]  用时:1.114s  
2019-12-12 09:42:41 行号:29   PASS   查找元素[find_element]  用时:0.012s  
2019-12-12 09:42:42 行号:30   PASS   查找元素[find_element]  用时:0.007s  
2019-12-12 09:42:42 行号:30   PASS   左键单击[click]  用时:0.051s  
2019-12-12 09:42:43 行号:34   PASS   查找元素[find_element]  用时:0.010s  
2019-12-12 09:42:44 行号:35   PASS   查找元素[find_element]  用时:0.005s  
2019-12-12 09:42:45 行号:36   PASS   切换到表单[frame]  用时:0.014s  
2019-12-12 09:42:47 行号:39   PASS   查找元素[find_element]  用时:0.010s  
2019-12-12 09:42:47 行号:40   PASS   查找元素[find_element]  用时:0.006s  
2019-12-12 09:42:48 行号:40   PASS   清除文本[clear]  用时:0.017s  
2019-12-12 09:42:49 行号:41   PASS   查找元素[find_element]  用时:0.006s  
2019-12-12 09:42:49 行号:41   PASS   模拟输入[send_keys]  用时:0.058s  
2019-12-12 09:42:50 行号:42   PASS   查找元素[find_element]  用时:0.011s  
2019-12-12 09:42:51 行号:42   PASS   清除文本[clear]  用时:0.021s  
2019-12-12 09:42:52 行号:43   PASS   查找元素[find_element]  用时:0.009s  
2019-12-12 09:42:52 行号:43   PASS   模拟输入[send_keys]  用时:0.051s  
2019-12-12 09:42:53 行号:45   PASS   查找元素[find_element]  用时:0.009s  
2019-12-12 09:42:54 行号:46   PASS   查找元素[find_element]  用时:0.007s  
2019-12-12 09:42:54 行号:46   PASS   左键单击[click]  用时:0.083s  
2019-12-12 09:42:55 行号:52   PASS   查找元素[find_element]  用时:0.012s  
2019-12-12 09:42:56 行号:53   PASS   查找元素[find_element]  用时:0.007s  
2019-12-12 09:42:57 行号:53   PASS   左键单击[click]  用时:0.079s  
2019-12-12 09:42:58 行号:54   PASS   查找元素[find_element]  用时:0.035s  
2019-12-12 09:42:58 行号:54   PASS   左键单击[click]  用时:0.093s  
2019-12-12 09:42:59 行号:56   PASS   查找元素[find_element]  用时:0.012s  
2019-12-12 09:43:00 行号:56   PASS   左键单击[click]  用时:0.637s  
2019-12-12 09:43:01 脚本运行完毕...
2019-12-12 09:43:01 开始运行脚本<class 'script.testCase.Y3me项目.数字化建模.固定资产.减少方式.EasyCase'>
2019-12-12 09:43:01 行号:25   PASS   刷新页面[refresh]  用时:0.009s  
2019-12-12 09:43:02 行号:27   PASS   查找元素[find_element]  用时:0.011s  
2019-12-12 09:43:03 行号:27   PASS   左键单击[click]  用时:0.102s  
2019-12-12 09:43:05 行号:30   PASS   查找元素[find_element]  用时:0.012s  
2019-12-12 09:43:06 行号:30   PASS   左键单击[click]  用时:0.055s  
2019-12-12 09:43:08 行号:33   PASS   查找元素[find_element]  用时:0.014s  
2019-12-12 09:43:10 行号:40   PASS   查找元素[find_element]  用时:0.009s  
2019-12-12 09:43:14 行号:47   PASS   查找元素[find_element]  用时:0.009s  
2019-12-12 09:43:16 行号:50   PASS   查找元素[find_element]  用时:0.023s  
2019-12-12 09:43:16 行号:51   PASS   切换到表单[frame]  用时:0.017s  
2019-12-12 09:43:17 行号:54   PASS   查找元素[find_element]  用时:0.010s  
2019-12-12 09:43:18 行号:55   PASS   查找元素[find_element]  用时:0.009s  
2019-12-12 09:43:18 行号:55   PASS   左键单击[click]  用时:0.101s  
2019-12-12 09:43:19 行号:58   PASS   查找元素[find_element]  用时:0.014s  
2019-12-12 09:43:20 行号:59   PASS   查找元素[find_element]  用时:0.007s  
2019-12-12 09:43:21 行号:59   PASS   左键单击[click]  用时:0.053s  
2019-12-12 09:43:22 行号:63   PASS   查找元素[find_element]  用时:0.010s  
2019-12-12 09:43:22 行号:64   PASS   查找元素[find_element]  用时:0.007s  
2019-12-12 09:43:23 行号:64   PASS   左键单击[click]  用时:0.105s  
2019-12-12 09:43:24 行号:69   PASS   查找元素[find_element]  用时:0.007s  
2019-12-12 09:43:24 行号:70   PASS   查找元素[find_element]  用时:0.007s  
2019-12-12 09:43:25 行号:70   PASS   左键单击[click]  用时:0.061s  
2019-12-12 09:43:26 行号:76   PASS   查找元素[find_element]  用时:0.011s  
2019-12-12 09:43:26 行号:77   PASS   查找元素[find_element]  用时:0.006s  
2019-12-12 09:43:27 行号:77   PASS   模拟输入[send_keys]  用时:0.075s  
2019-12-12 09:43:28 行号:81   PASS   查找元素[find_element]  用时:0.011s  
2019-12-12 09:43:28 行号:82   PASS   查找元素[find_element]  用时:0.006s  
2019-12-12 09:43:29 行号:82   PASS   左键单击[click]  用时:0.087s  
2019-12-12 09:43:32 行号:87   PASS   查找元素[find_element]  用时:0.013s  
2019-12-12 09:43:33 行号:89   PASS   执行JS代码[execute_script]  用时:0.024s  
2019-12-12 09:43:34 行号:99   PASS   查找元素[find_element]  用时:0.009s  
2019-12-12 09:43:35 行号:102  PASS   查找元素[find_element]  用时:0.007s  
2019-12-12 09:43:35 行号:102  PASS   左键单击[click]  用时:0.088s  
2019-12-12 09:43:36 行号:106  PASS   查找元素[find_element]  用时:0.039s  
2019-12-12 09:43:37 行号:107  PASS   查找元素[find_element]  用时:0.007s  
2019-12-12 09:43:37 行号:107  PASS   左键单击[click]  用时:0.059s  
2019-12-12 09:43:38 行号:110  PASS   查找元素[find_element]  用时:0.010s  
2019-12-12 09:43:39 行号:111  PASS   查找元素[find_element]  用时:0.007s  
2019-12-12 09:43:39 行号:111  PASS   左键单击[click]  用时:0.093s  
2019-12-12 09:43:40 行号:115  PASS   查找元素[find_element]  用时:0.007s  
2019-12-12 09:43:41 行号:116  PASS   查找元素[find_element]  用时:0.008s  
2019-12-12 09:43:42 行号:116  PASS   左键单击[click]  用时:0.112s  
2019-12-12 09:43:43 行号:120  PASS   查找元素[find_element]  用时:0.010s  
2019-12-12 09:43:44 行号:129  PASS   查找元素[find_element]  用时:0.011s  
2019-12-12 09:43:44 行号:132  PASS   查找元素[find_element]  用时:0.008s  
2019-12-12 09:43:45 行号:132  PASS   左键单击[click]  用时:0.079s  
2019-12-12 09:43:46 行号:136  PASS   查找元素[find_element]  用时:0.009s  
2019-12-12 09:43:46 行号:137  PASS   查找元素[find_element]  用时:0.006s  
2019-12-12 09:43:47 行号:137  PASS   左键单击[click]  用时:0.076s  
2019-12-12 09:43:48 行号:140  TRUE   断言：不包含[assertNotIn] 用时:0.001s TRUE.
2019-12-12 09:43:48 行号:143  PASS   查找元素[find_element]  用时:0.009s  
2019-12-12 09:43:49 行号:143  PASS   左键单击[click]  用时:0.062s  
2019-12-12 09:43:51 行号:145  PASS   查找元素[find_element]  用时:0.009s  
2019-12-12 09:43:51 行号:145  PASS   左键单击[click]  用时:0.087s  
2019-12-12 09:43:52 脚本运行完毕...
2019-12-12 09:43:52 开始运行脚本<class 'script.testCase.U8EX项目.公共.U8EX登出.EasyCase'>
2019-12-12 09:43:52 行号:24   PASS   刷新页面[refresh]  用时:0.019s  
2019-12-12 09:43:54 行号:26   PASS   查找元素[find_element]  用时:0.010s  
2019-12-12 09:43:55 行号:26   PASS   左键单击[click]  用时:0.076s  
2019-12-12 09:43:56 行号:27   PASS   查找元素[find_element]  用时:0.010s  
2019-12-12 09:43:57 行号:27   PASS   左键单击[click]  用时:0.426s  
2019-12-12 09:43:58 脚本运行完毕...
2019-12-12 09:43:58 行号:0    PASS   关闭浏览器[quit]  用时:0.203s  
2019-12-12 09:44:01 场景<1>结束.用时:86.357s.
2019-12-12 09:44:01 场景统计结果：PASS: 86(100.00%),FAIL:  0(0.00%),ERROR:  0(0.00%),TRUE:  1,FALSE:  0

2019-12-12 09:44:01 ----------------------------------------
2019-12-12 09:44:01 End.
2019-12-12 09:44:01 测试方案统计结果:
                    场景<1>:PASS: 86(100.00%),FAIL:  0(0.00%),ERROR:  0(0.00%),TRUE:  1,FALSE:  0
                    总   计:PASS: 86(100.00%),FAIL:  0(0.00%),ERROR:  0(0.00%),TRUE:  1,FALSE:  0

