2019-12-12 17:19:02 Start.
2019-12-12 17:19:02 场景<1>开始.
2019-12-12 17:19:06 行号:0    PASS   最大化浏览器窗口[maximize_window]  用时:1.122s  
2019-12-12 17:19:07 chrome浏览器启动成功.
2019-12-12 17:19:07 开始加载脚本...
2019-12-12 17:19:07 脚本<1>：U8EX登录 加载成功.脚本路径：script/testCase/U8EX项目/公共/U8EX登录
2019-12-12 17:19:07 脚本<2>：减少方式 加载成功.脚本路径：script/testCase/Y3me项目/数字化建模/固定资产/减少方式
2019-12-12 17:19:07 脚本<3>：U8EX登出 加载成功.脚本路径：script/testCase/U8EX项目/公共/U8EX登出
2019-12-12 17:19:07 脚本加载完成...
2019-12-12 17:19:07 开始运行脚本<class 'script.testCase.U8EX项目.公共.U8EX登录.EasyCase'>
2019-12-12 17:19:08 行号:27   PASS   访问页面[get]  用时:1.134s  
2019-12-12 17:19:09 行号:29   PASS   查找元素[find_element]  用时:0.011s  
2019-12-12 17:19:10 行号:30   PASS   查找元素[find_element]  用时:0.007s  
2019-12-12 17:19:10 行号:30   PASS   左键单击[click]  用时:0.070s  
2019-12-12 17:19:11 行号:34   PASS   查找元素[find_element]  用时:0.052s  
2019-12-12 17:19:12 行号:35   PASS   查找元素[find_element]  用时:0.008s  
2019-12-12 17:19:12 行号:36   PASS   切换到表单[frame]  用时:0.016s  
2019-12-12 17:19:14 行号:39   PASS   查找元素[find_element]  用时:0.033s  
2019-12-12 17:19:15 行号:40   PASS   查找元素[find_element]  用时:0.007s  
2019-12-12 17:19:15 行号:40   PASS   清除文本[clear]  用时:0.019s  
2019-12-12 17:19:16 行号:41   PASS   查找元素[find_element]  用时:0.005s  
2019-12-12 17:19:17 行号:41   PASS   模拟输入[send_keys]  用时:0.061s  
2019-12-12 17:19:18 行号:42   PASS   查找元素[find_element]  用时:0.008s  
2019-12-12 17:19:19 行号:42   PASS   清除文本[clear]  用时:0.017s  
2019-12-12 17:19:20 行号:43   PASS   查找元素[find_element]  用时:0.007s  
2019-12-12 17:19:20 行号:43   PASS   模拟输入[send_keys]  用时:0.047s  
2019-12-12 17:19:21 行号:45   PASS   查找元素[find_element]  用时:0.012s  
2019-12-12 17:19:22 行号:46   PASS   查找元素[find_element]  用时:0.006s  
2019-12-12 17:19:22 行号:46   PASS   左键单击[click]  用时:0.110s  
2019-12-12 17:19:24 行号:52   PASS   查找元素[find_element]  用时:0.011s  
2019-12-12 17:19:24 行号:53   PASS   查找元素[find_element]  用时:0.008s  
2019-12-12 17:19:25 行号:53   PASS   左键单击[click]  用时:0.080s  
2019-12-12 17:19:26 行号:54   PASS   查找元素[find_element]  用时:0.012s  
2019-12-12 17:19:26 行号:54   PASS   左键单击[click]  用时:0.108s  
2019-12-12 17:19:27 行号:56   PASS   查找元素[find_element]  用时:0.011s  
2019-12-12 17:19:28 行号:56   PASS   左键单击[click]  用时:0.499s  
2019-12-12 17:19:29 脚本运行完毕...
2019-12-12 17:19:29 开始运行脚本<class 'script.testCase.Y3me项目.数字化建模.固定资产.减少方式.EasyCase'>
2019-12-12 17:19:30 行号:25   PASS   刷新页面[refresh]  用时:0.531s  
2019-12-12 17:19:31 行号:27   PASS   查找元素[find_element]  用时:0.010s  
2019-12-12 17:19:31 行号:27   PASS   左键单击[click]  用时:0.073s  
2019-12-12 17:19:33 行号:30   PASS   查找元素[find_element]  用时:0.009s  
2019-12-12 17:19:34 行号:30   PASS   左键单击[click]  用时:0.057s  
2019-12-12 17:19:36 行号:33   PASS   查找元素[find_element]  用时:0.009s  
2019-12-12 17:19:39 行号:40   PASS   查找元素[find_element]  用时:0.010s  
2019-12-12 17:19:42 行号:47   PASS   查找元素[find_element]  用时:0.029s  
2019-12-12 17:19:44 行号:50   PASS   查找元素[find_element]  用时:0.008s  
2019-12-12 17:19:45 行号:51   PASS   切换到表单[frame]  用时:0.408s  
2019-12-12 17:19:46 行号:54   PASS   查找元素[find_element]  用时:0.011s  
2019-12-12 17:19:46 行号:55   PASS   查找元素[find_element]  用时:0.006s  
2019-12-12 17:19:47 行号:55   PASS   左键单击[click]  用时:0.080s  
2019-12-12 17:19:48 行号:58   PASS   查找元素[find_element]  用时:0.013s  
2019-12-12 17:19:48 行号:59   PASS   查找元素[find_element]  用时:0.007s  
2019-12-12 17:19:49 行号:59   PASS   左键单击[click]  用时:0.055s  
2019-12-12 17:19:50 行号:63   PASS   查找元素[find_element]  用时:0.011s  
2019-12-12 17:19:50 行号:64   PASS   查找元素[find_element]  用时:0.007s  
2019-12-12 17:19:51 行号:64   PASS   左键单击[click]  用时:0.101s  
2019-12-12 17:19:52 行号:69   PASS   查找元素[find_element]  用时:0.007s  
2019-12-12 17:19:52 行号:70   PASS   查找元素[find_element]  用时:0.007s  
2019-12-12 17:19:53 行号:70   PASS   左键单击[click]  用时:0.056s  
2019-12-12 17:19:54 行号:76   PASS   查找元素[find_element]  用时:0.012s  
2019-12-12 17:19:55 行号:77   PASS   查找元素[find_element]  用时:0.006s  
2019-12-12 17:19:55 行号:77   PASS   模拟输入[send_keys]  用时:0.076s  
2019-12-12 17:19:56 行号:81   PASS   查找元素[find_element]  用时:0.010s  
2019-12-12 17:19:57 行号:82   PASS   查找元素[find_element]  用时:0.008s  
2019-12-12 17:19:57 行号:82   PASS   左键单击[click]  用时:0.053s  
2019-12-12 17:20:00 行号:87   PASS   查找元素[find_element]  用时:0.010s  
2019-12-12 17:20:01 行号:89   PASS   执行JS代码[execute_script]  用时:0.006s  
2019-12-12 17:20:02 行号:99   PASS   查找元素[find_element]  用时:0.010s  
2019-12-12 17:20:03 行号:102  PASS   查找元素[find_element]  用时:0.006s  
2019-12-12 17:20:03 行号:102  PASS   左键单击[click]  用时:0.063s  
2019-12-12 17:20:04 行号:106  PASS   查找元素[find_element]  用时:0.014s  
2019-12-12 17:20:05 行号:107  PASS   查找元素[find_element]  用时:0.007s  
2019-12-12 17:20:05 行号:107  PASS   左键单击[click]  用时:0.054s  
2019-12-12 17:20:06 行号:110  PASS   查找元素[find_element]  用时:0.008s  
2019-12-12 17:20:07 行号:111  PASS   查找元素[find_element]  用时:0.007s  
2019-12-12 17:20:08 行号:111  PASS   左键单击[click]  用时:0.073s  
2019-12-12 17:20:09 行号:115  PASS   查找元素[find_element]  用时:0.009s  
2019-12-12 17:20:09 行号:116  PASS   查找元素[find_element]  用时:0.008s  
2019-12-12 17:20:10 行号:116  PASS   左键单击[click]  用时:0.109s  
2019-12-12 17:20:11 行号:120  PASS   查找元素[find_element]  用时:0.007s  
2019-12-12 17:20:12 行号:129  PASS   查找元素[find_element]  用时:0.009s  
2019-12-12 17:20:12 行号:132  PASS   查找元素[find_element]  用时:0.009s  
2019-12-12 17:20:13 行号:132  PASS   左键单击[click]  用时:0.094s  
2019-12-12 17:20:14 行号:136  PASS   查找元素[find_element]  用时:0.009s  
2019-12-12 17:20:14 行号:137  PASS   查找元素[find_element]  用时:0.008s  
2019-12-12 17:20:15 行号:137  PASS   左键单击[click]  用时:0.075s  
2019-12-12 17:20:16 行号:140  TRUE   断言：不包含[assertNotIn] 用时:0.001s TRUE.
2019-12-12 17:20:16 行号:143  PASS   查找元素[find_element]  用时:0.008s  
2019-12-12 17:20:17 行号:143  PASS   左键单击[click]  用时:0.059s  
2019-12-12 17:20:19 行号:145  PASS   查找元素[find_element]  用时:0.008s  
2019-12-12 17:20:19 行号:145  PASS   左键单击[click]  用时:0.065s  
2019-12-12 17:20:20 脚本运行完毕...
2019-12-12 17:20:20 开始运行脚本<class 'script.testCase.U8EX项目.公共.U8EX登出.EasyCase'>
2019-12-12 17:20:20 行号:24   PASS   刷新页面[refresh]  用时:0.013s  
2019-12-12 17:20:22 行号:26   PASS   查找元素[find_element]  用时:0.012s  
2019-12-12 17:20:23 行号:26   PASS   左键单击[click]  用时:0.136s  
2019-12-12 17:20:24 行号:27   PASS   查找元素[find_element]  用时:0.011s  
2019-12-12 17:20:25 行号:27   PASS   左键单击[click]  用时:0.433s  
2019-12-12 17:20:26 脚本运行完毕...
2019-12-12 17:20:26 行号:0    PASS   关闭浏览器[quit]  用时:0.231s  
2019-12-12 17:20:29 场景<1>结束.用时:86.633s.
2019-12-12 17:20:29 场景统计结果：PASS: 86(100.00%),FAIL:  0(0.00%),ERROR:  0(0.00%),TRUE:  1,FALSE:  0

2019-12-12 17:20:29 ----------------------------------------
2019-12-12 17:20:29 End.
2019-12-12 17:20:29 测试方案统计结果:
                    场景<1>:PASS: 86(100.00%),FAIL:  0(0.00%),ERROR:  0(0.00%),TRUE:  1,FALSE:  0
                    总   计:PASS: 86(100.00%),FAIL:  0(0.00%),ERROR:  0(0.00%),TRUE:  1,FALSE:  0

