2019-12-12 09:40:49 Start.
2019-12-12 09:40:49 场景<1>开始.
2019-12-12 09:40:53 行号:0    PASS   最大化浏览器窗口[maximize_window]  用时:1.115s  
2019-12-12 09:40:54 chrome浏览器启动成功.
2019-12-12 09:40:54 开始加载脚本...
2019-12-12 09:40:54 脚本<1>：U8EX登录 加载成功.脚本路径：script/testCase/U8EX项目/公共/U8EX登录
2019-12-12 09:40:54 脚本<2>：减少方式 加载成功.脚本路径：script/testCase/Y3me项目/数字化建模/固定资产/减少方式
2019-12-12 09:40:54 脚本<3>：U8EX登出 加载成功.脚本路径：script/testCase/U8EX项目/公共/U8EX登出
2019-12-12 09:40:54 脚本加载完成...
2019-12-12 09:40:54 开始运行脚本<class 'script.testCase.U8EX项目.公共.U8EX登录.EasyCase'>
2019-12-12 09:40:55 行号:27   PASS   访问页面[get]  用时:0.987s  
2019-12-12 09:40:56 行号:29   PASS   查找元素[find_element]  用时:0.011s  
2019-12-12 09:40:56 行号:30   PASS   查找元素[find_element]  用时:0.007s  
2019-12-12 09:40:57 行号:30   PASS   左键单击[click]  用时:0.053s  
2019-12-12 09:40:58 行号:34   PASS   查找元素[find_element]  用时:0.010s  
2019-12-12 09:40:58 行号:35   PASS   查找元素[find_element]  用时:0.006s  
2019-12-12 09:40:59 行号:36   PASS   切换到表单[frame]  用时:0.017s  
2019-12-12 09:41:01 行号:39   PASS   查找元素[find_element]  用时:0.010s  
2019-12-12 09:41:01 行号:40   PASS   查找元素[find_element]  用时:0.006s  
2019-12-12 09:41:02 行号:40   PASS   清除文本[clear]  用时:0.017s  
2019-12-12 09:41:03 行号:41   PASS   查找元素[find_element]  用时:0.006s  
2019-12-12 09:41:03 行号:41   PASS   模拟输入[send_keys]  用时:0.084s  
2019-12-12 09:41:04 行号:42   PASS   查找元素[find_element]  用时:0.011s  
2019-12-12 09:41:05 行号:42   PASS   清除文本[clear]  用时:0.018s  
2019-12-12 09:41:06 行号:43   PASS   查找元素[find_element]  用时:0.008s  
2019-12-12 09:41:06 行号:43   PASS   模拟输入[send_keys]  用时:0.075s  
2019-12-12 09:41:07 行号:45   PASS   查找元素[find_element]  用时:0.010s  
2019-12-12 09:41:08 行号:46   PASS   查找元素[find_element]  用时:0.006s  
2019-12-12 09:41:09 行号:46   PASS   左键单击[click]  用时:0.085s  
2019-12-12 09:41:11 行号:52   PASS   查找元素[find_element]  用时:0.019s  
2019-12-12 09:41:11 行号:53   PASS   查找元素[find_element]  用时:0.007s  
2019-12-12 09:41:12 行号:53   PASS   左键单击[click]  用时:0.087s  
2019-12-12 09:41:13 行号:54   PASS   查找元素[find_element]  用时:0.012s  
2019-12-12 09:41:13 行号:54   PASS   左键单击[click]  用时:0.112s  
2019-12-12 09:41:14 行号:56   PASS   查找元素[find_element]  用时:0.018s  
2019-12-12 09:41:15 行号:56   PASS   左键单击[click]  用时:0.618s  
2019-12-12 09:41:16 脚本运行完毕...
2019-12-12 09:41:16 开始运行脚本<class 'script.testCase.Y3me项目.数字化建模.固定资产.减少方式.EasyCase'>
2019-12-12 09:41:17 行号:25   PASS   刷新页面[refresh]  用时:0.540s  
2019-12-12 09:41:18 行号:27   PASS   查找元素[find_element]  用时:0.029s  
2019-12-12 09:41:19 行号:27   PASS   左键单击[click]  用时:0.092s  
2019-12-12 09:41:21 行号:30   PASS   查找元素[find_element]  用时:0.010s  
2019-12-12 09:41:21 行号:30   PASS   左键单击[click]  用时:0.064s  
2019-12-12 09:41:23 行号:33   PASS   查找元素[find_element]  用时:0.009s  
2019-12-12 09:41:26 行号:40   PASS   查找元素[find_element]  用时:0.012s  
2019-12-12 09:41:29 行号:47   PASS   查找元素[find_element]  用时:0.009s  
2019-12-12 09:41:31 行号:50   PASS   查找元素[find_element]  用时:0.008s  
2019-12-12 09:41:31 行号:51   PASS   切换到表单[frame]  用时:0.018s  
2019-12-12 09:41:33 行号:54   PASS   查找元素[find_element]  用时:0.945s  
2019-12-12 09:41:34 行号:55   PASS   查找元素[find_element]  用时:0.007s  
2019-12-12 09:41:34 行号:55   PASS   左键单击[click]  用时:0.083s  
2019-12-12 09:41:36 行号:58   PASS   查找元素[find_element]  用时:0.148s  
2019-12-12 09:41:36 行号:59   PASS   查找元素[find_element]  用时:0.008s  
2019-12-12 09:41:37 行号:59   PASS   左键单击[click]  用时:0.051s  
2019-12-12 09:41:38 行号:63   PASS   查找元素[find_element]  用时:0.011s  
2019-12-12 09:41:38 行号:64   PASS   查找元素[find_element]  用时:0.007s  
2019-12-12 09:41:39 行号:64   PASS   左键单击[click]  用时:0.095s  
2019-12-12 09:41:40 行号:69   PASS   查找元素[find_element]  用时:0.006s  
2019-12-12 09:41:40 行号:70   PASS   查找元素[find_element]  用时:0.023s  
2019-12-12 09:41:41 行号:70   PASS   左键单击[click]  用时:0.058s  
2019-12-12 09:41:42 行号:76   PASS   查找元素[find_element]  用时:0.013s  
2019-12-12 09:41:42 行号:77   PASS   查找元素[find_element]  用时:0.006s  
2019-12-12 09:41:43 行号:77   PASS   模拟输入[send_keys]  用时:0.078s  
2019-12-12 09:41:44 行号:81   PASS   查找元素[find_element]  用时:0.015s  
2019-12-12 09:41:45 行号:82   PASS   查找元素[find_element]  用时:0.007s  
2019-12-12 09:41:45 行号:82   PASS   左键单击[click]  用时:0.051s  
2019-12-12 09:41:48 行号:87   PASS   查找元素[find_element]  用时:0.010s  
2019-12-12 09:41:49 行号:89   PASS   执行JS代码[execute_script]  用时:0.006s  
2019-12-12 09:41:50 行号:99   PASS   查找元素[find_element]  用时:0.015s  
2019-12-12 09:41:51 行号:102  PASS   查找元素[find_element]  用时:0.006s  
2019-12-12 09:41:51 行号:102  PASS   左键单击[click]  用时:0.089s  
2019-12-12 09:41:52 行号:106  PASS   查找元素[find_element]  用时:0.012s  
2019-12-12 09:41:53 行号:107  PASS   查找元素[find_element]  用时:0.006s  
2019-12-12 09:41:53 行号:107  PASS   左键单击[click]  用时:0.065s  
2019-12-12 09:41:54 行号:110  PASS   查找元素[find_element]  用时:0.010s  
2019-12-12 09:41:55 行号:111  PASS   查找元素[find_element]  用时:0.008s  
2019-12-12 09:41:56 行号:111  PASS   左键单击[click]  用时:0.074s  
2019-12-12 09:41:57 行号:115  PASS   查找元素[find_element]  用时:0.009s  
2019-12-12 09:41:57 行号:116  PASS   查找元素[find_element]  用时:0.008s  
2019-12-12 09:41:58 行号:116  PASS   左键单击[click]  用时:0.107s  
2019-12-12 09:41:59 行号:120  PASS   查找元素[find_element]  用时:0.012s  
2019-12-12 09:42:00 行号:129  PASS   查找元素[find_element]  用时:0.017s  
2019-12-12 09:42:00 行号:132  PASS   查找元素[find_element]  用时:0.012s  
2019-12-12 09:42:01 行号:132  PASS   左键单击[click]  用时:0.093s  
2019-12-12 09:42:02 行号:136  PASS   查找元素[find_element]  用时:0.009s  
2019-12-12 09:42:02 行号:137  PASS   查找元素[find_element]  用时:0.006s  
2019-12-12 09:42:03 行号:137  PASS   左键单击[click]  用时:0.072s  
2019-12-12 09:42:04 行号:140  TRUE   断言：不包含[assertNotIn] 用时:0.001s TRUE.
2019-12-12 09:42:04 行号:143  PASS   查找元素[find_element]  用时:0.009s  
2019-12-12 09:42:05 行号:143  PASS   左键单击[click]  用时:0.065s  
2019-12-12 09:42:07 行号:145  PASS   查找元素[find_element]  用时:0.009s  
2019-12-12 09:42:07 行号:145  PASS   左键单击[click]  用时:0.065s  
2019-12-12 09:42:08 脚本运行完毕...
2019-12-12 09:42:08 开始运行脚本<class 'script.testCase.U8EX项目.公共.U8EX登出.EasyCase'>
2019-12-12 09:42:08 行号:24   PASS   刷新页面[refresh]  用时:0.014s  
2019-12-12 09:42:10 行号:26   PASS   查找元素[find_element]  用时:0.013s  
2019-12-12 09:42:11 行号:26   PASS   左键单击[click]  用时:0.069s  
2019-12-12 09:42:12 行号:27   PASS   查找元素[find_element]  用时:0.010s  
2019-12-12 09:42:13 行号:27   PASS   左键单击[click]  用时:0.488s  
2019-12-12 09:42:14 脚本运行完毕...
2019-12-12 09:42:14 行号:0    PASS   关闭浏览器[quit]  用时:0.263s  
2019-12-12 09:42:17 场景<1>结束.用时:88.243s.
2019-12-12 09:42:17 场景统计结果：PASS: 86(100.00%),FAIL:  0(0.00%),ERROR:  0(0.00%),TRUE:  1,FALSE:  0

2019-12-12 09:42:17 ----------------------------------------
2019-12-12 09:42:17 End.
2019-12-12 09:42:17 测试方案统计结果:
                    场景<1>:PASS: 86(100.00%),FAIL:  0(0.00%),ERROR:  0(0.00%),TRUE:  1,FALSE:  0
                    总   计:PASS: 86(100.00%),FAIL:  0(0.00%),ERROR:  0(0.00%),TRUE:  1,FALSE:  0

