2019-12-12 09:30:32 Start.
2019-12-12 09:30:32 场景<1>开始.
2019-12-12 09:30:35 行号:0    PASS   最大化浏览器窗口[maximize_window]  用时:1.117s  
2019-12-12 09:30:36 chrome浏览器启动成功.
2019-12-12 09:30:36 开始加载脚本...
2019-12-12 09:30:36 脚本<1>：U8EX登录 加载成功.脚本路径：script/testCase/U8EX项目/公共/U8EX登录
2019-12-12 09:30:36 脚本<2>：减少方式 加载成功.脚本路径：script/testCase/Y3me项目/数字化建模/固定资产/减少方式
2019-12-12 09:30:36 脚本<3>：U8EX登出 加载成功.脚本路径：script/testCase/U8EX项目/公共/U8EX登出
2019-12-12 09:30:36 脚本加载完成...
2019-12-12 09:30:36 开始运行脚本<class 'script.testCase.U8EX项目.公共.U8EX登录.EasyCase'>
2019-12-12 09:30:38 行号:27   PASS   访问页面[get]  用时:1.075s  
2019-12-12 09:30:39 行号:29   PASS   查找元素[find_element]  用时:0.013s  
2019-12-12 09:30:39 行号:30   PASS   查找元素[find_element]  用时:0.007s  
2019-12-12 09:30:40 行号:30   PASS   左键单击[click]  用时:0.043s  
2019-12-12 09:30:41 行号:34   PASS   查找元素[find_element]  用时:0.017s  
2019-12-12 09:30:41 行号:35   PASS   查找元素[find_element]  用时:0.006s  
2019-12-12 09:30:42 行号:36   PASS   切换到表单[frame]  用时:0.016s  
2019-12-12 09:30:44 行号:39   PASS   查找元素[find_element]  用时:0.011s  
2019-12-12 09:30:44 行号:40   PASS   查找元素[find_element]  用时:0.007s  
2019-12-12 09:30:45 行号:40   PASS   清除文本[clear]  用时:0.018s  
2019-12-12 09:30:46 行号:41   PASS   查找元素[find_element]  用时:0.006s  
2019-12-12 09:30:46 行号:41   PASS   模拟输入[send_keys]  用时:0.059s  
2019-12-12 09:30:47 行号:42   PASS   查找元素[find_element]  用时:0.010s  
2019-12-12 09:30:48 行号:42   PASS   清除文本[clear]  用时:0.018s  
2019-12-12 09:30:49 行号:43   PASS   查找元素[find_element]  用时:0.007s  
2019-12-12 09:30:49 行号:43   PASS   模拟输入[send_keys]  用时:0.049s  
2019-12-12 09:30:50 行号:45   PASS   查找元素[find_element]  用时:0.029s  
2019-12-12 09:30:51 行号:46   PASS   查找元素[find_element]  用时:0.008s  
2019-12-12 09:30:52 行号:46   PASS   左键单击[click]  用时:0.081s  
2019-12-12 09:30:53 行号:52   PASS   查找元素[find_element]  用时:0.011s  
2019-12-12 09:30:53 行号:53   PASS   查找元素[find_element]  用时:0.007s  
2019-12-12 09:30:54 行号:53   PASS   左键单击[click]  用时:0.087s  
2019-12-12 09:30:55 行号:54   PASS   查找元素[find_element]  用时:0.079s  
2019-12-12 09:30:55 行号:54   PASS   左键单击[click]  用时:0.112s  
2019-12-12 09:30:56 行号:56   PASS   查找元素[find_element]  用时:0.010s  
2019-12-12 09:30:58 行号:56   PASS   左键单击[click]  用时:0.672s  
2019-12-12 09:30:59 脚本运行完毕...
2019-12-12 09:30:59 开始运行脚本<class 'script.testCase.Y3me项目.数字化建模.固定资产.减少方式.EasyCase'>
2019-12-12 09:30:59 行号:25   PASS   刷新页面[refresh]  用时:0.464s  
2019-12-12 09:31:00 行号:27   PASS   查找元素[find_element]  用时:0.010s  
2019-12-12 09:31:01 行号:27   PASS   左键单击[click]  用时:0.081s  
2019-12-12 09:31:03 行号:30   PASS   查找元素[find_element]  用时:0.012s  
2019-12-12 09:31:03 行号:30   PASS   左键单击[click]  用时:0.058s  
2019-12-12 09:31:05 行号:33   PASS   查找元素[find_element]  用时:0.009s  
2019-12-12 09:31:08 行号:40   PASS   查找元素[find_element]  用时:0.039s  
2019-12-12 09:31:11 行号:47   PASS   查找元素[find_element]  用时:0.010s  
2019-12-12 09:31:13 行号:50   PASS   查找元素[find_element]  用时:0.008s  
2019-12-12 09:31:14 行号:51   PASS   切换到表单[frame]  用时:0.495s  
2019-12-12 09:31:15 行号:54   PASS   查找元素[find_element]  用时:0.009s  
2019-12-12 09:31:15 行号:55   PASS   查找元素[find_element]  用时:0.006s  
2019-12-12 09:31:16 行号:55   PASS   左键单击[click]  用时:0.078s  
2019-12-12 09:31:17 行号:58   PASS   查找元素[find_element]  用时:0.225s  
2019-12-12 09:31:18 行号:59   PASS   查找元素[find_element]  用时:0.008s  
2019-12-12 09:31:18 行号:59   PASS   左键单击[click]  用时:0.052s  
2019-12-12 09:31:19 行号:63   PASS   查找元素[find_element]  用时:0.027s  
2019-12-12 09:31:20 行号:64   PASS   查找元素[find_element]  用时:0.008s  
2019-12-12 09:31:20 行号:64   PASS   左键单击[click]  用时:0.106s  
2019-12-12 09:31:21 行号:69   PASS   查找元素[find_element]  用时:0.006s  
2019-12-12 09:31:22 行号:70   PASS   查找元素[find_element]  用时:0.006s  
2019-12-12 09:31:23 行号:70   PASS   左键单击[click]  用时:0.061s  
2019-12-12 09:31:24 行号:76   PASS   查找元素[find_element]  用时:0.012s  
2019-12-12 09:31:24 行号:77   PASS   查找元素[find_element]  用时:0.007s  
2019-12-12 09:31:25 行号:77   PASS   模拟输入[send_keys]  用时:0.075s  
2019-12-12 09:31:26 行号:81   PASS   查找元素[find_element]  用时:0.011s  
2019-12-12 09:31:26 行号:82   PASS   查找元素[find_element]  用时:0.007s  
2019-12-12 09:31:27 行号:82   PASS   左键单击[click]  用时:0.061s  
2019-12-12 09:31:30 行号:87   PASS   查找元素[find_element]  用时:0.025s  
2019-12-12 09:31:30 行号:89   PASS   执行JS代码[execute_script]  用时:0.018s  
2019-12-12 09:31:32 行号:99   PASS   查找元素[find_element]  用时:0.012s  
2019-12-12 09:31:32 行号:102  PASS   查找元素[find_element]  用时:0.008s  
2019-12-12 09:31:33 行号:102  PASS   左键单击[click]  用时:0.073s  
2019-12-12 09:31:34 行号:106  PASS   查找元素[find_element]  用时:0.011s  
2019-12-12 09:31:34 行号:107  PASS   查找元素[find_element]  用时:0.008s  
2019-12-12 09:31:35 行号:107  PASS   左键单击[click]  用时:0.070s  
2019-12-12 09:31:36 行号:110  PASS   查找元素[find_element]  用时:0.009s  
2019-12-12 09:31:37 行号:111  PASS   查找元素[find_element]  用时:0.008s  
2019-12-12 09:31:37 行号:111  PASS   左键单击[click]  用时:0.070s  
2019-12-12 09:31:38 行号:115  PASS   查找元素[find_element]  用时:0.011s  
2019-12-12 09:31:39 行号:116  PASS   查找元素[find_element]  用时:0.007s  
2019-12-12 09:31:39 行号:116  PASS   左键单击[click]  用时:0.117s  
2019-12-12 09:31:40 行号:120  PASS   查找元素[find_element]  用时:0.022s  
2019-12-12 09:32:11 行号:129  FAIL   查找元素[find_element]  用时:30.042s  参数:{'list': '', 'dict': {'xpath': '//div[text()="资产859"]/ancestor::div[@class="fixedDataTableCellGroupLayout_cellGroupWrapper"]/following-sibling::div[2]//a[text()="删除"]'}} 页面中没有该元素.NoSuchElementException
2019-12-12 09:32:42 行号:0    ERROR  [runTest]  用时:  测试用例脚本发生错误，请检查脚本代码：
2019-12-12 09:32:42 脚本运行完毕...
2019-12-12 09:32:42 开始运行脚本<class 'script.testCase.U8EX项目.公共.U8EX登出.EasyCase'>
2019-12-12 09:32:42 行号:24   PASS   刷新页面[refresh]  用时:0.010s  
2019-12-12 09:32:44 行号:26   PASS   查找元素[find_element]  用时:0.012s  
2019-12-12 09:32:45 行号:26   PASS   左键单击[click]  用时:0.066s  
2019-12-12 09:32:46 行号:27   PASS   查找元素[find_element]  用时:0.048s  
2019-12-12 09:32:47 行号:27   PASS   左键单击[click]  用时:0.522s  
2019-12-12 09:32:48 脚本运行完毕...
2019-12-12 09:32:48 行号:0    PASS   关闭浏览器[quit]  用时:0.222s  
2019-12-12 09:32:51 场景<1>结束.用时:139.354s.
2019-12-12 09:32:51 场景统计结果：PASS: 76(97.44%),FAIL:  1(1.28%),ERROR:  1(1.28%),TRUE:  0,FALSE:  0

2019-12-12 09:32:51 ----------------------------------------
2019-12-12 09:32:51 End.
2019-12-12 09:32:51 测试方案统计结果:
                    场景<1>:PASS: 76(97.44%),FAIL:  1(1.28%),ERROR:  1(1.28%),TRUE:  0,FALSE:  0
                    总   计:PASS: 76(97.44%),FAIL:  1(1.28%),ERROR:  1(1.28%),TRUE:  0,FALSE:  0

