2019-12-12 11:32:49 Start.
2019-12-12 11:32:49 场景<1>开始.
2019-12-12 11:32:53 行号:0    PASS   最大化浏览器窗口[maximize_window]  用时:1.115s  
2019-12-12 11:32:54 chrome浏览器启动成功.
2019-12-12 11:32:54 开始加载脚本...
2019-12-12 11:32:54 脚本<1>：U8EX登录 加载成功.脚本路径：script/testCase/U8EX项目/公共/U8EX登录
2019-12-12 11:32:54 脚本<2>：减少方式 加载成功.脚本路径：script/testCase/Y3me项目/数字化建模/固定资产/减少方式
2019-12-12 11:32:54 脚本<3>：U8EX登出 加载成功.脚本路径：script/testCase/U8EX项目/公共/U8EX登出
2019-12-12 11:32:54 脚本加载完成...
2019-12-12 11:32:54 开始运行脚本<class 'script.testCase.U8EX项目.公共.U8EX登录.EasyCase'>
2019-12-12 11:32:55 行号:27   PASS   访问页面[get]  用时:1.114s  
2019-12-12 11:32:56 行号:29   PASS   查找元素[find_element]  用时:0.013s  
2019-12-12 11:32:56 行号:30   PASS   查找元素[find_element]  用时:0.006s  
2019-12-12 11:32:57 行号:30   PASS   左键单击[click]  用时:0.057s  
2019-12-12 11:32:58 行号:34   PASS   查找元素[find_element]  用时:0.013s  
2019-12-12 11:32:58 行号:35   PASS   查找元素[find_element]  用时:0.010s  
2019-12-12 11:32:59 行号:36   PASS   切换到表单[frame]  用时:0.014s  
2019-12-12 11:33:01 行号:39   PASS   查找元素[find_element]  用时:0.010s  
2019-12-12 11:33:01 行号:40   PASS   查找元素[find_element]  用时:0.006s  
2019-12-12 11:33:02 行号:40   PASS   清除文本[clear]  用时:0.018s  
2019-12-12 11:33:03 行号:41   PASS   查找元素[find_element]  用时:0.008s  
2019-12-12 11:33:03 行号:41   PASS   模拟输入[send_keys]  用时:0.059s  
2019-12-12 11:33:04 行号:42   PASS   查找元素[find_element]  用时:0.022s  
2019-12-12 11:33:05 行号:42   PASS   清除文本[clear]  用时:0.018s  
