2019-12-12 09:37:30 Start.
2019-12-12 09:37:30 场景<1>开始.
2019-12-12 09:37:34 行号:0    PASS   最大化浏览器窗口[maximize_window]  用时:1.135s  
2019-12-12 09:37:35 chrome浏览器启动成功.
2019-12-12 09:37:35 开始加载脚本...
2019-12-12 09:37:35 脚本<1>：U8EX登录 加载成功.脚本路径：script/testCase/U8EX项目/公共/U8EX登录
2019-12-12 09:37:35 脚本<2>：减少方式 加载成功.脚本路径：script/testCase/Y3me项目/数字化建模/固定资产/减少方式
2019-12-12 09:37:35 脚本<3>：U8EX登出 加载成功.脚本路径：script/testCase/U8EX项目/公共/U8EX登出
2019-12-12 09:37:35 脚本加载完成...
2019-12-12 09:37:35 开始运行脚本<class 'script.testCase.U8EX项目.公共.U8EX登录.EasyCase'>
2019-12-12 09:37:36 行号:27   PASS   访问页面[get]  用时:1.213s  
2019-12-12 09:37:37 行号:29   PASS   查找元素[find_element]  用时:0.012s  
2019-12-12 09:37:38 行号:30   PASS   查找元素[find_element]  用时:0.006s  
2019-12-12 09:37:38 行号:30   PASS   左键单击[click]  用时:0.050s  
2019-12-12 09:37:39 行号:34   PASS   查找元素[find_element]  用时:0.010s  
2019-12-12 09:37:40 行号:35   PASS   查找元素[find_element]  用时:0.007s  
2019-12-12 09:37:41 行号:36   PASS   切换到表单[frame]  用时:0.016s  
2019-12-12 09:37:43 行号:39   PASS   查找元素[find_element]  用时:0.010s  
2019-12-12 09:37:43 行号:40   PASS   查找元素[find_element]  用时:0.006s  
2019-12-12 09:37:44 行号:40   PASS   清除文本[clear]  用时:0.020s  
2019-12-12 09:37:45 行号:41   PASS   查找元素[find_element]  用时:0.007s  
2019-12-12 09:37:45 行号:41   PASS   模拟输入[send_keys]  用时:0.067s  
2019-12-12 09:37:46 行号:42   PASS   查找元素[find_element]  用时:0.014s  
2019-12-12 09:37:47 行号:42   PASS   清除文本[clear]  用时:0.024s  
2019-12-12 09:37:48 行号:43   PASS   查找元素[find_element]  用时:0.006s  
2019-12-12 09:37:48 行号:43   PASS   模拟输入[send_keys]  用时:0.052s  
2019-12-12 09:37:49 行号:45   PASS   查找元素[find_element]  用时:0.019s  
2019-12-12 09:37:50 行号:46   PASS   查找元素[find_element]  用时:0.009s  
2019-12-12 09:37:50 行号:46   PASS   左键单击[click]  用时:0.083s  
2019-12-12 09:37:52 行号:52   PASS   查找元素[find_element]  用时:0.016s  
2019-12-12 09:37:52 行号:53   PASS   查找元素[find_element]  用时:0.016s  
2019-12-12 09:37:53 行号:53   PASS   左键单击[click]  用时:0.084s  
2019-12-12 09:37:54 行号:54   PASS   查找元素[find_element]  用时:0.011s  
2019-12-12 09:37:55 行号:54   PASS   左键单击[click]  用时:0.102s  
2019-12-12 09:37:56 行号:56   PASS   查找元素[find_element]  用时:0.010s  
2019-12-12 09:37:56 行号:56   PASS   左键单击[click]  用时:0.435s  
2019-12-12 09:37:57 脚本运行完毕...
2019-12-12 09:37:57 开始运行脚本<class 'script.testCase.Y3me项目.数字化建模.固定资产.减少方式.EasyCase'>
2019-12-12 09:37:58 行号:25   PASS   刷新页面[refresh]  用时:0.327s  
2019-12-12 09:37:59 行号:27   PASS   查找元素[find_element]  用时:0.019s  
2019-12-12 09:37:59 行号:27   PASS   左键单击[click]  用时:0.078s  
2019-12-12 09:38:01 行号:30   PASS   查找元素[find_element]  用时:0.015s  
2019-12-12 09:38:02 行号:30   PASS   左键单击[click]  用时:0.070s  
2019-12-12 09:38:04 行号:33   PASS   查找元素[find_element]  用时:0.010s  
2019-12-12 09:38:07 行号:40   PASS   查找元素[find_element]  用时:0.009s  
2019-12-12 09:38:10 行号:47   PASS   查找元素[find_element]  用时:0.009s  
2019-12-12 09:38:12 行号:50   PASS   查找元素[find_element]  用时:0.009s  
2019-12-12 09:38:12 行号:51   PASS   切换到表单[frame]  用时:0.016s  
2019-12-12 09:38:13 行号:54   PASS   查找元素[find_element]  用时:0.010s  
2019-12-12 09:38:14 行号:55   PASS   查找元素[find_element]  用时:0.007s  
2019-12-12 09:38:15 行号:55   PASS   左键单击[click]  用时:0.112s  
2019-12-12 09:38:16 行号:58   PASS   查找元素[find_element]  用时:0.014s  
2019-12-12 09:38:16 行号:59   PASS   查找元素[find_element]  用时:0.006s  
2019-12-12 09:38:17 行号:59   PASS   左键单击[click]  用时:0.053s  
2019-12-12 09:38:18 行号:63   PASS   查找元素[find_element]  用时:0.015s  
2019-12-12 09:38:18 行号:64   PASS   查找元素[find_element]  用时:0.007s  
2019-12-12 09:38:19 行号:64   PASS   左键单击[click]  用时:0.099s  
2019-12-12 09:38:20 行号:69   PASS   查找元素[find_element]  用时:0.006s  
2019-12-12 09:38:20 行号:70   PASS   查找元素[find_element]  用时:0.006s  
2019-12-12 09:38:21 行号:70   PASS   左键单击[click]  用时:0.063s  
2019-12-12 09:38:22 行号:76   PASS   查找元素[find_element]  用时:0.016s  
2019-12-12 09:38:22 行号:77   PASS   查找元素[find_element]  用时:0.007s  
2019-12-12 09:38:23 行号:77   PASS   模拟输入[send_keys]  用时:0.076s  
2019-12-12 09:38:24 行号:81   PASS   查找元素[find_element]  用时:0.010s  
2019-12-12 09:38:25 行号:82   PASS   查找元素[find_element]  用时:0.008s  
2019-12-12 09:38:25 行号:82   PASS   左键单击[click]  用时:0.077s  
2019-12-12 09:38:28 行号:87   PASS   查找元素[find_element]  用时:0.012s  
2019-12-12 09:38:29 行号:89   PASS   执行JS代码[execute_script]  用时:0.006s  
2019-12-12 09:38:30 行号:99   PASS   查找元素[find_element]  用时:0.011s  
2019-12-12 09:38:31 行号:0    ERROR  [runTest]  用时:  测试用例脚本发生错误，请检查脚本代码：stale element reference: element is not attached to the page document
2019-12-12 09:38:31 脚本运行完毕...
2019-12-12 09:38:31 开始运行脚本<class 'script.testCase.U8EX项目.公共.U8EX登出.EasyCase'>
2019-12-12 09:38:31 行号:24   PASS   刷新页面[refresh]  用时:0.009s  
2019-12-12 09:38:33 行号:26   PASS   查找元素[find_element]  用时:0.013s  
2019-12-12 09:38:33 行号:26   PASS   左键单击[click]  用时:0.061s  
2019-12-12 09:38:34 行号:27   PASS   查找元素[find_element]  用时:0.014s  
2019-12-12 09:38:35 行号:27   PASS   左键单击[click]  用时:0.478s  
2019-12-12 09:38:36 脚本运行完毕...
2019-12-12 09:38:37 行号:0    PASS   关闭浏览器[quit]  用时:0.266s  
2019-12-12 09:38:40 场景<1>结束.用时:69.101s.
2019-12-12 09:38:40 场景统计结果：PASS: 64(98.46%),FAIL:  0(0.00%),ERROR:  1(1.54%),TRUE:  0,FALSE:  0

2019-12-12 09:38:40 ----------------------------------------
2019-12-12 09:38:40 End.
2019-12-12 09:38:40 测试方案统计结果:
                    场景<1>:PASS: 64(98.46%),FAIL:  0(0.00%),ERROR:  1(1.54%),TRUE:  0,FALSE:  0
                    总   计:PASS: 64(98.46%),FAIL:  0(0.00%),ERROR:  1(1.54%),TRUE:  0,FALSE:  0

