2019-12-12 09:36:40 Start.
2019-12-12 09:36:40 场景<1>开始.
2019-12-12 09:36:44 行号:0    PASS   最大化浏览器窗口[maximize_window]  用时:1.119s  
2019-12-12 09:36:45 chrome浏览器启动成功.
2019-12-12 09:36:45 开始加载脚本...
2019-12-12 09:36:45 脚本<1>：U8EX登录 加载成功.脚本路径：script/testCase/U8EX项目/公共/U8EX登录
2019-12-12 09:36:45 脚本<2>：减少方式 加载成功.脚本路径：script/testCase/Y3me项目/数字化建模/固定资产/减少方式
2019-12-12 09:36:45 脚本<3>：U8EX登出 加载成功.脚本路径：script/testCase/U8EX项目/公共/U8EX登出
2019-12-12 09:36:45 脚本加载完成...
2019-12-12 09:36:45 开始运行脚本<class 'script.testCase.U8EX项目.公共.U8EX登录.EasyCase'>
2019-12-12 09:36:47 行号:27   PASS   访问页面[get]  用时:1.508s  
2019-12-12 09:36:48 行号:29   PASS   查找元素[find_element]  用时:0.010s  
2019-12-12 09:36:48 行号:30   PASS   查找元素[find_element]  用时:0.006s  
2019-12-12 09:36:49 行号:30   PASS   左键单击[click]  用时:0.054s  
2019-12-12 09:36:50 行号:34   PASS   查找元素[find_element]  用时:0.009s  
2019-12-12 09:36:50 行号:35   PASS   查找元素[find_element]  用时:0.007s  
2019-12-12 09:36:51 行号:36   PASS   切换到表单[frame]  用时:0.016s  
2019-12-12 09:36:53 行号:39   PASS   查找元素[find_element]  用时:0.011s  
2019-12-12 09:36:53 行号:40   PASS   查找元素[find_element]  用时:0.006s  
2019-12-12 09:36:54 行号:40   PASS   清除文本[clear]  用时:0.017s  
2019-12-12 09:36:55 行号:41   PASS   查找元素[find_element]  用时:0.146s  
2019-12-12 09:36:56 行号:41   PASS   模拟输入[send_keys]  用时:0.064s  
2019-12-12 09:36:57 行号:42   PASS   查找元素[find_element]  用时:0.012s  
2019-12-12 09:36:57 行号:42   PASS   清除文本[clear]  用时:0.019s  
2019-12-12 09:36:58 行号:43   PASS   查找元素[find_element]  用时:0.008s  
2019-12-12 09:36:59 行号:43   PASS   模拟输入[send_keys]  用时:0.052s  
2019-12-12 09:37:00 行号:45   PASS   查找元素[find_element]  用时:0.010s  
2019-12-12 09:37:00 行号:46   PASS   查找元素[find_element]  用时:0.007s  
2019-12-12 09:37:01 行号:46   PASS   左键单击[click]  用时:0.081s  
2019-12-12 09:37:04 行号:52   PASS   查找元素[find_element]  用时:0.014s  
2019-12-12 09:37:04 行号:53   PASS   查找元素[find_element]  用时:0.008s  
2019-12-12 09:37:05 行号:53   PASS   左键单击[click]  用时:0.081s  
2019-12-12 09:37:06 行号:54   PASS   查找元素[find_element]  用时:0.029s  
2019-12-12 09:37:06 行号:54   PASS   左键单击[click]  用时:0.115s  
2019-12-12 09:37:07 行号:56   PASS   查找元素[find_element]  用时:0.012s  
2019-12-12 09:37:08 行号:56   PASS   左键单击[click]  用时:0.449s  
2019-12-12 09:37:09 脚本运行完毕...
2019-12-12 09:37:09 开始运行脚本<class 'script.testCase.Y3me项目.数字化建模.固定资产.减少方式.EasyCase'>
2019-12-12 09:37:10 行号:25   PASS   刷新页面[refresh]  用时:0.341s  
2019-12-12 09:37:11 行号:27   PASS   查找元素[find_element]  用时:0.012s  
2019-12-12 09:37:11 行号:27   PASS   左键单击[click]  用时:0.074s  
2019-12-12 09:37:13 行号:30   PASS   查找元素[find_element]  用时:0.011s  
2019-12-12 09:37:14 行号:30   PASS   左键单击[click]  用时:0.070s  
2019-12-12 09:37:16 行号:33   PASS   查找元素[find_element]  用时:0.009s  
2019-12-12 09:37:18 行号:40   PASS   查找元素[find_element]  用时:0.026s  
2019-12-12 09:37:22 行号:47   PASS   查找元素[find_element]  用时:0.009s  
