2019-12-12 09:27:14 Start.
2019-12-12 09:27:14 场景<1>开始.
2019-12-12 09:27:18 行号:0    PASS   最大化浏览器窗口[maximize_window]  用时:1.116s  
2019-12-12 09:27:19 chrome浏览器启动成功.
2019-12-12 09:27:19 开始加载脚本...
2019-12-12 09:27:19 脚本<1>：U8EX登录 加载成功.脚本路径：script/testCase/U8EX项目/公共/U8EX登录
2019-12-12 09:27:19 脚本<2>：减少方式 加载成功.脚本路径：script/testCase/Y3me项目/数字化建模/固定资产/减少方式
2019-12-12 09:27:19 脚本<3>：U8EX登出 加载成功.脚本路径：script/testCase/U8EX项目/公共/U8EX登出
2019-12-12 09:27:19 脚本加载完成...
2019-12-12 09:27:19 开始运行脚本<class 'script.testCase.U8EX项目.公共.U8EX登录.EasyCase'>
2019-12-12 09:27:20 行号:27   PASS   访问页面[get]  用时:1.162s  
2019-12-12 09:27:21 行号:29   PASS   查找元素[find_element]  用时:0.013s  
2019-12-12 09:27:22 行号:30   PASS   查找元素[find_element]  用时:0.006s  
2019-12-12 09:27:22 行号:30   PASS   左键单击[click]  用时:0.050s  
2019-12-12 09:27:23 行号:34   PASS   查找元素[find_element]  用时:0.011s  
2019-12-12 09:27:24 行号:35   PASS   查找元素[find_element]  用时:0.006s  
2019-12-12 09:27:24 行号:36   PASS   切换到表单[frame]  用时:0.017s  
2019-12-12 09:27:26 行号:39   PASS   查找元素[find_element]  用时:0.009s  
2019-12-12 09:27:27 行号:40   PASS   查找元素[find_element]  用时:0.006s  
2019-12-12 09:27:27 行号:40   PASS   清除文本[clear]  用时:0.023s  
2019-12-12 09:27:28 行号:41   PASS   查找元素[find_element]  用时:0.013s  
2019-12-12 09:27:29 行号:41   PASS   模拟输入[send_keys]  用时:0.052s  
2019-12-12 09:27:30 行号:42   PASS   查找元素[find_element]  用时:0.009s  
2019-12-12 09:27:31 行号:42   PASS   清除文本[clear]  用时:0.018s  
2019-12-12 09:27:32 行号:43   PASS   查找元素[find_element]  用时:0.006s  
2019-12-12 09:27:32 行号:43   PASS   模拟输入[send_keys]  用时:0.044s  
2019-12-12 09:27:33 行号:45   PASS   查找元素[find_element]  用时:0.011s  
2019-12-12 09:27:34 行号:46   PASS   查找元素[find_element]  用时:0.007s  
2019-12-12 09:27:34 行号:46   PASS   左键单击[click]  用时:0.088s  
2019-12-12 09:27:36 行号:52   PASS   查找元素[find_element]  用时:0.014s  
2019-12-12 09:27:36 行号:53   PASS   查找元素[find_element]  用时:0.007s  
2019-12-12 09:27:37 行号:53   PASS   左键单击[click]  用时:0.097s  
2019-12-12 09:27:38 行号:54   PASS   查找元素[find_element]  用时:0.013s  
2019-12-12 09:27:39 行号:54   PASS   左键单击[click]  用时:0.119s  
2019-12-12 09:27:40 行号:56   PASS   查找元素[find_element]  用时:0.009s  
2019-12-12 09:27:46 行号:56   PASS   左键单击[click]  用时:5.607s  
2019-12-12 09:27:47 脚本运行完毕...
2019-12-12 09:27:47 开始运行脚本<class 'script.testCase.Y3me项目.数字化建模.固定资产.减少方式.EasyCase'>
2019-12-12 09:27:47 行号:25   PASS   刷新页面[refresh]  用时:0.498s  
2019-12-12 09:27:48 行号:27   PASS   查找元素[find_element]  用时:0.016s  
2019-12-12 09:27:54 行号:27   PASS   左键单击[click]  用时:5.081s  
2019-12-12 09:27:56 行号:30   PASS   查找元素[find_element]  用时:0.039s  
2019-12-12 09:28:01 行号:30   PASS   左键单击[click]  用时:5.061s  
2019-12-12 09:28:03 行号:33   PASS   查找元素[find_element]  用时:0.009s  
2019-12-12 09:28:16 行号:40   PASS   查找元素[find_element]  用时:0.009s  
2019-12-12 09:28:40 行号:47   PASS   查找元素[find_element]  用时:0.026s  
2019-12-12 09:28:42 行号:50   PASS   查找元素[find_element]  用时:0.667s  
2019-12-12 09:28:42 行号:51   PASS   切换到表单[frame]  用时:0.019s  
2019-12-12 09:28:43 行号:54   PASS   查找元素[find_element]  用时:0.010s  
2019-12-12 09:28:44 行号:55   PASS   查找元素[find_element]  用时:0.006s  
2019-12-12 09:28:50 行号:55   PASS   左键单击[click]  用时:5.235s  
2019-12-12 09:28:51 行号:58   PASS   查找元素[find_element]  用时:0.012s  
2019-12-12 09:28:51 行号:59   PASS   查找元素[find_element]  用时:0.006s  
2019-12-12 09:28:57 行号:59   PASS   左键单击[click]  用时:5.078s  
2019-12-12 09:28:58 行号:63   PASS   查找元素[find_element]  用时:0.012s  
2019-12-12 09:28:58 行号:64   PASS   查找元素[find_element]  用时:0.008s  
2019-12-12 09:29:04 行号:64   PASS   左键单击[click]  用时:5.122s  
2019-12-12 09:29:05 行号:69   PASS   查找元素[find_element]  用时:0.012s  
2019-12-12 09:29:05 行号:70   PASS   查找元素[find_element]  用时:0.005s  
2019-12-12 09:29:11 行号:70   PASS   左键单击[click]  用时:5.077s  
2019-12-12 09:29:12 行号:76   PASS   查找元素[find_element]  用时:0.013s  
2019-12-12 09:29:13 行号:77   PASS   查找元素[find_element]  用时:0.008s  
2019-12-12 09:29:13 行号:77   PASS   模拟输入[send_keys]  用时:0.079s  
2019-12-12 09:29:14 行号:81   PASS   查找元素[find_element]  用时:0.011s  
2019-12-12 09:29:15 行号:82   PASS   查找元素[find_element]  用时:0.008s  
2019-12-12 09:29:20 行号:82   PASS   左键单击[click]  用时:5.104s  
2019-12-12 09:29:23 行号:87   PASS   查找元素[find_element]  用时:0.013s  
2019-12-12 09:29:24 行号:89   PASS   执行JS代码[execute_script]  用时:0.022s  
2019-12-12 09:29:28 行号:99   PASS   查找元素[find_element]  用时:2.308s  
2019-12-12 09:29:28 行号:0    ERROR  [runTest]  用时:  测试用例脚本发生错误，请检查脚本代码：stale element reference: element is not attached to the page document
2019-12-12 09:29:28 脚本运行完毕...
2019-12-12 09:29:28 开始运行脚本<class 'script.testCase.U8EX项目.公共.U8EX登出.EasyCase'>
2019-12-12 09:29:28 行号:24   PASS   刷新页面[refresh]  用时:0.012s  
2019-12-12 09:29:30 行号:26   PASS   查找元素[find_element]  用时:0.013s  
2019-12-12 09:29:31 行号:26   PASS   左键单击[click]  用时:0.069s  
2019-12-12 09:29:32 行号:27   PASS   查找元素[find_element]  用时:0.009s  
2019-12-12 09:29:33 行号:27   PASS   左键单击[click]  用时:0.476s  
2019-12-12 09:29:34 脚本运行完毕...
2019-12-12 09:29:34 行号:0    PASS   关闭浏览器[quit]  用时:0.201s  
2019-12-12 09:29:37 场景<1>结束.用时:143.050s.
2019-12-12 09:29:37 场景统计结果：PASS: 64(98.46%),FAIL:  0(0.00%),ERROR:  1(1.54%),TRUE:  0,FALSE:  0

2019-12-12 09:29:37 ----------------------------------------
2019-12-12 09:29:37 End.
2019-12-12 09:29:37 测试方案统计结果:
                    场景<1>:PASS: 64(98.46%),FAIL:  0(0.00%),ERROR:  1(1.54%),TRUE:  0,FALSE:  0
                    总   计:PASS: 64(98.46%),FAIL:  0(0.00%),ERROR:  1(1.54%),TRUE:  0,FALSE:  0

