2019-12-12 16:13:28 Start.
2019-12-12 16:13:28 场景<1>开始.
2019-12-12 16:13:31 行号:0    PASS   最大化浏览器窗口[maximize_window]  用时:1.116s  
2019-12-12 16:13:32 chrome浏览器启动成功.
2019-12-12 16:13:32 开始加载脚本...
2019-12-12 16:13:32 脚本<1>：U8EX登录 加载成功.脚本路径：script/testCase/U8EX项目/公共/U8EX登录
2019-12-12 16:13:32 脚本<2>：减少方式 加载成功.脚本路径：script/testCase/Y3me项目/数字化建模/固定资产/减少方式
2019-12-12 16:13:32 脚本<3>：U8EX登出 加载成功.脚本路径：script/testCase/U8EX项目/公共/U8EX登出
2019-12-12 16:13:32 脚本加载完成...
2019-12-12 16:13:32 开始运行脚本<class 'script.testCase.U8EX项目.公共.U8EX登录.EasyCase'>
2019-12-12 16:13:35 行号:27   PASS   访问页面[get]  用时:3.039s  
2019-12-12 16:13:36 行号:29   PASS   查找元素[find_element]  用时:0.013s  
2019-12-12 16:13:37 行号:30   PASS   查找元素[find_element]  用时:0.009s  
2019-12-12 16:13:37 行号:30   PASS   左键单击[click]  用时:0.052s  
2019-12-12 16:13:38 行号:34   PASS   查找元素[find_element]  用时:0.010s  
2019-12-12 16:13:39 行号:35   PASS   查找元素[find_element]  用时:0.005s  
2019-12-12 16:13:39 行号:36   PASS   切换到表单[frame]  用时:0.016s  
2019-12-12 16:13:41 行号:39   PASS   查找元素[find_element]  用时:0.009s  
2019-12-12 16:13:42 行号:40   PASS   查找元素[find_element]  用时:0.007s  
2019-12-12 16:13:42 行号:40   PASS   清除文本[clear]  用时:0.018s  
2019-12-12 16:13:43 行号:41   PASS   查找元素[find_element]  用时:0.006s  
2019-12-12 16:13:44 行号:41   PASS   模拟输入[send_keys]  用时:0.062s  
2019-12-12 16:13:45 行号:42   PASS   查找元素[find_element]  用时:0.011s  
2019-12-12 16:13:46 行号:42   PASS   清除文本[clear]  用时:0.019s  
2019-12-12 16:13:47 行号:43   PASS   查找元素[find_element]  用时:0.007s  
2019-12-12 16:13:47 行号:43   PASS   模拟输入[send_keys]  用时:0.063s  
2019-12-12 16:13:48 行号:45   PASS   查找元素[find_element]  用时:0.013s  
2019-12-12 16:13:49 行号:46   PASS   查找元素[find_element]  用时:0.007s  
2019-12-12 16:13:49 行号:46   PASS   左键单击[click]  用时:0.085s  
2019-12-12 16:13:50 行号:52   PASS   查找元素[find_element]  用时:0.021s  
2019-12-12 16:13:51 行号:53   PASS   查找元素[find_element]  用时:0.005s  
2019-12-12 16:13:52 行号:53   PASS   左键单击[click]  用时:0.096s  
2019-12-12 16:13:53 行号:54   PASS   查找元素[find_element]  用时:0.017s  
2019-12-12 16:13:53 行号:54   PASS   左键单击[click]  用时:0.109s  
2019-12-12 16:13:54 行号:56   PASS   查找元素[find_element]  用时:0.010s  
2019-12-12 16:13:55 行号:56   PASS   左键单击[click]  用时:0.648s  
2019-12-12 16:13:56 脚本运行完毕...
2019-12-12 16:13:56 开始运行脚本<class 'script.testCase.Y3me项目.数字化建模.固定资产.减少方式.EasyCase'>
2019-12-12 16:13:57 行号:25   PASS   刷新页面[refresh]  用时:0.337s  
2019-12-12 16:13:58 行号:27   PASS   查找元素[find_element]  用时:0.011s  
2019-12-12 16:13:58 行号:27   PASS   左键单击[click]  用时:0.085s  
2019-12-12 16:14:00 行号:30   PASS   查找元素[find_element]  用时:0.031s  
2019-12-12 16:14:01 行号:30   PASS   左键单击[click]  用时:0.058s  
2019-12-12 16:14:03 行号:33   PASS   查找元素[find_element]  用时:0.010s  
2019-12-12 16:14:05 行号:40   PASS   查找元素[find_element]  用时:0.011s  
2019-12-12 16:14:09 行号:47   PASS   查找元素[find_element]  用时:0.010s  
2019-12-12 16:14:11 行号:50   PASS   查找元素[find_element]  用时:0.009s  
2019-12-12 16:14:12 行号:51   PASS   切换到表单[frame]  用时:0.584s  
2019-12-12 16:14:13 行号:54   PASS   查找元素[find_element]  用时:0.010s  
2019-12-12 16:14:13 行号:55   PASS   查找元素[find_element]  用时:0.006s  
2019-12-12 16:14:14 行号:55   PASS   左键单击[click]  用时:0.070s  
2019-12-12 16:14:15 行号:58   PASS   查找元素[find_element]  用时:0.041s  
2019-12-12 16:14:15 行号:59   PASS   查找元素[find_element]  用时:0.007s  
2019-12-12 16:14:16 行号:59   PASS   左键单击[click]  用时:0.052s  
2019-12-12 16:14:17 行号:63   PASS   查找元素[find_element]  用时:0.012s  
2019-12-12 16:14:17 行号:64   PASS   查找元素[find_element]  用时:0.008s  
2019-12-12 16:14:18 行号:64   PASS   左键单击[click]  用时:0.125s  
2019-12-12 16:14:19 行号:69   PASS   查找元素[find_element]  用时:0.006s  
2019-12-12 16:14:20 行号:70   PASS   查找元素[find_element]  用时:0.006s  
2019-12-12 16:14:20 行号:70   PASS   左键单击[click]  用时:0.059s  
2019-12-12 16:14:21 行号:76   PASS   查找元素[find_element]  用时:0.010s  
2019-12-12 16:14:22 行号:77   PASS   查找元素[find_element]  用时:0.009s  
2019-12-12 16:14:22 行号:77   PASS   模拟输入[send_keys]  用时:0.076s  
2019-12-12 16:14:23 行号:81   PASS   查找元素[find_element]  用时:0.010s  
2019-12-12 16:14:24 行号:82   PASS   查找元素[find_element]  用时:0.006s  
2019-12-12 16:14:24 行号:82   PASS   左键单击[click]  用时:0.061s  
2019-12-12 16:14:27 行号:87   PASS   查找元素[find_element]  用时:0.016s  
2019-12-12 16:14:28 行号:89   PASS   执行JS代码[execute_script]  用时:0.005s  
2019-12-12 16:14:29 行号:99   PASS   查找元素[find_element]  用时:0.010s  
2019-12-12 16:14:30 行号:102  PASS   查找元素[find_element]  用时:0.006s  
2019-12-12 16:14:30 行号:102  PASS   左键单击[click]  用时:0.091s  
2019-12-12 16:14:31 行号:106  PASS   查找元素[find_element]  用时:0.013s  
2019-12-12 16:14:32 行号:107  PASS   查找元素[find_element]  用时:0.006s  
2019-12-12 16:14:33 行号:107  PASS   左键单击[click]  用时:0.053s  
2019-12-12 16:14:34 行号:110  PASS   查找元素[find_element]  用时:0.018s  
2019-12-12 16:14:34 行号:111  PASS   查找元素[find_element]  用时:0.007s  
2019-12-12 16:14:35 行号:111  PASS   左键单击[click]  用时:0.063s  
2019-12-12 16:14:36 行号:115  PASS   查找元素[find_element]  用时:0.011s  
2019-12-12 16:14:36 行号:116  PASS   查找元素[find_element]  用时:0.006s  
2019-12-12 16:14:37 行号:116  PASS   左键单击[click]  用时:0.129s  
2019-12-12 16:14:38 行号:120  PASS   查找元素[find_element]  用时:0.007s  
2019-12-12 16:14:39 行号:129  PASS   查找元素[find_element]  用时:0.012s  
2019-12-12 16:14:39 行号:132  PASS   查找元素[find_element]  用时:0.006s  
2019-12-12 16:14:40 行号:132  PASS   左键单击[click]  用时:0.094s  
2019-12-12 16:14:41 行号:136  PASS   查找元素[find_element]  用时:0.010s  
2019-12-12 16:14:42 行号:137  PASS   查找元素[find_element]  用时:0.008s  
2019-12-12 16:14:42 行号:137  PASS   左键单击[click]  用时:0.074s  
2019-12-12 16:14:43 行号:140  TRUE   断言：不包含[assertNotIn] 用时:0.001s TRUE.
2019-12-12 16:14:43 行号:143  PASS   查找元素[find_element]  用时:0.008s  
2019-12-12 16:14:44 行号:143  PASS   左键单击[click]  用时:0.059s  
2019-12-12 16:14:46 行号:145  PASS   查找元素[find_element]  用时:0.010s  
2019-12-12 16:14:46 行号:145  PASS   左键单击[click]  用时:0.062s  
2019-12-12 16:14:47 脚本运行完毕...
2019-12-12 16:14:47 开始运行脚本<class 'script.testCase.U8EX项目.公共.U8EX登出.EasyCase'>
2019-12-12 16:14:47 行号:24   PASS   刷新页面[refresh]  用时:0.012s  
2019-12-12 16:14:49 行号:26   PASS   查找元素[find_element]  用时:0.011s  
2019-12-12 16:14:50 行号:26   PASS   左键单击[click]  用时:0.151s  
2019-12-12 16:14:51 行号:27   PASS   查找元素[find_element]  用时:0.025s  
2019-12-12 16:14:52 行号:27   PASS   左键单击[click]  用时:0.504s  
2019-12-12 16:14:53 脚本运行完毕...
2019-12-12 16:14:53 行号:0    PASS   关闭浏览器[quit]  用时:0.235s  
2019-12-12 16:14:56 场景<1>结束.用时:88.764s.
2019-12-12 16:14:56 场景统计结果：PASS: 86(100.00%),FAIL:  0(0.00%),ERROR:  0(0.00%),TRUE:  1,FALSE:  0

2019-12-12 16:14:56 ----------------------------------------
2019-12-12 16:14:56 End.
2019-12-12 16:14:56 测试方案统计结果:
                    场景<1>:PASS: 86(100.00%),FAIL:  0(0.00%),ERROR:  0(0.00%),TRUE:  1,FALSE:  0
                    总   计:PASS: 86(100.00%),FAIL:  0(0.00%),ERROR:  0(0.00%),TRUE:  1,FALSE:  0

