2019-12-12 14:55:20 Start.
2019-12-12 14:55:20 场景<1>开始.
2019-12-12 14:55:23 行号:0    PASS   最大化浏览器窗口[maximize_window]  用时:1.118s  
2019-12-12 14:55:24 chrome浏览器启动成功.
2019-12-12 14:55:24 开始加载脚本...
2019-12-12 14:55:24 脚本<1>：U8EX登录 加载成功.脚本路径：script/testCase/U8EX项目/公共/U8EX登录
2019-12-12 14:55:24 脚本<2>：减少方式 加载成功.脚本路径：script/testCase/Y3me项目/数字化建模/固定资产/减少方式
2019-12-12 14:55:24 脚本<3>：U8EX登出 加载成功.脚本路径：script/testCase/U8EX项目/公共/U8EX登出
2019-12-12 14:55:24 脚本加载完成...
2019-12-12 14:55:24 开始运行脚本<class 'script.testCase.U8EX项目.公共.U8EX登录.EasyCase'>
2019-12-12 14:55:28 行号:27   PASS   访问页面[get]  用时:3.992s  
2019-12-12 14:55:29 行号:29   PASS   查找元素[find_element]  用时:0.014s  
2019-12-12 14:55:30 行号:30   PASS   查找元素[find_element]  用时:0.006s  
2019-12-12 14:55:30 行号:30   PASS   左键单击[click]  用时:0.048s  
2019-12-12 14:55:31 行号:34   PASS   查找元素[find_element]  用时:0.013s  
2019-12-12 14:55:32 行号:35   PASS   查找元素[find_element]  用时:0.006s  
2019-12-12 14:55:32 行号:36   PASS   切换到表单[frame]  用时:0.014s  
2019-12-12 14:55:34 行号:39   PASS   查找元素[find_element]  用时:0.011s  
2019-12-12 14:55:35 行号:40   PASS   查找元素[find_element]  用时:0.005s  
2019-12-12 14:55:36 行号:40   PASS   清除文本[clear]  用时:0.017s  
2019-12-12 14:55:37 行号:41   PASS   查找元素[find_element]  用时:0.006s  
2019-12-12 14:55:37 行号:41   PASS   模拟输入[send_keys]  用时:0.085s  
2019-12-12 14:55:38 行号:42   PASS   查找元素[find_element]  用时:0.009s  
2019-12-12 14:55:39 行号:42   PASS   清除文本[clear]  用时:0.017s  
2019-12-12 14:55:40 行号:43   PASS   查找元素[find_element]  用时:0.006s  
2019-12-12 14:55:40 行号:43   PASS   模拟输入[send_keys]  用时:0.047s  
2019-12-12 14:55:41 行号:45   PASS   查找元素[find_element]  用时:0.010s  
2019-12-12 14:55:42 行号:46   PASS   查找元素[find_element]  用时:0.007s  
2019-12-12 14:55:42 行号:46   PASS   左键单击[click]  用时:0.081s  
2019-12-12 14:55:43 行号:52   PASS   查找元素[find_element]  用时:0.013s  
2019-12-12 14:55:44 行号:53   PASS   查找元素[find_element]  用时:0.005s  
2019-12-12 14:55:45 行号:53   PASS   左键单击[click]  用时:0.085s  
2019-12-12 14:55:46 行号:54   PASS   查找元素[find_element]  用时:0.013s  
2019-12-12 14:55:46 行号:54   PASS   左键单击[click]  用时:0.103s  
2019-12-12 14:55:47 行号:56   PASS   查找元素[find_element]  用时:0.012s  
2019-12-12 14:55:48 行号:56   PASS   左键单击[click]  用时:0.492s  
2019-12-12 14:55:49 脚本运行完毕...
2019-12-12 14:55:49 开始运行脚本<class 'script.testCase.Y3me项目.数字化建模.固定资产.减少方式.EasyCase'>
2019-12-12 14:55:50 行号:25   PASS   刷新页面[refresh]  用时:0.474s  
2019-12-12 14:55:51 行号:27   PASS   查找元素[find_element]  用时:0.010s  
2019-12-12 14:55:51 行号:27   PASS   左键单击[click]  用时:0.079s  
2019-12-12 14:55:53 行号:30   PASS   查找元素[find_element]  用时:0.010s  
2019-12-12 14:55:54 行号:30   PASS   左键单击[click]  用时:0.054s  
2019-12-12 14:55:56 行号:33   PASS   查找元素[find_element]  用时:0.011s  
2019-12-12 14:55:58 行号:40   PASS   查找元素[find_element]  用时:0.014s  
2019-12-12 14:56:02 行号:47   PASS   查找元素[find_element]  用时:0.009s  
2019-12-12 14:56:04 行号:50   PASS   查找元素[find_element]  用时:0.008s  
2019-12-12 14:56:04 行号:51   PASS   切换到表单[frame]  用时:0.381s  
2019-12-12 14:56:05 行号:54   PASS   查找元素[find_element]  用时:0.009s  
2019-12-12 14:56:06 行号:55   PASS   查找元素[find_element]  用时:0.005s  
2019-12-12 14:56:07 行号:55   PASS   左键单击[click]  用时:0.079s  
2019-12-12 14:56:08 行号:58   PASS   查找元素[find_element]  用时:0.134s  
2019-12-12 14:56:08 行号:59   PASS   查找元素[find_element]  用时:0.007s  
2019-12-12 14:56:09 行号:59   PASS   左键单击[click]  用时:0.052s  
2019-12-12 14:56:10 行号:63   PASS   查找元素[find_element]  用时:0.010s  
2019-12-12 14:56:10 行号:64   PASS   查找元素[find_element]  用时:0.007s  
2019-12-12 14:56:11 行号:64   PASS   左键单击[click]  用时:0.104s  
2019-12-12 14:56:12 行号:69   PASS   查找元素[find_element]  用时:0.006s  
2019-12-12 14:56:12 行号:70   PASS   查找元素[find_element]  用时:0.005s  
2019-12-12 14:56:13 行号:70   PASS   左键单击[click]  用时:0.081s  
2019-12-12 14:56:14 行号:76   PASS   查找元素[find_element]  用时:0.014s  
2019-12-12 14:56:14 行号:77   PASS   查找元素[find_element]  用时:0.006s  
2019-12-12 14:56:15 行号:77   PASS   模拟输入[send_keys]  用时:0.087s  
2019-12-12 14:56:16 行号:81   PASS   查找元素[find_element]  用时:0.012s  
2019-12-12 14:56:17 行号:82   PASS   查找元素[find_element]  用时:0.007s  
2019-12-12 14:56:17 行号:82   PASS   左键单击[click]  用时:0.057s  
2019-12-12 14:56:20 行号:87   PASS   查找元素[find_element]  用时:0.010s  
2019-12-12 14:56:21 行号:89   PASS   执行JS代码[execute_script]  用时:0.006s  
2019-12-12 14:56:22 行号:99   PASS   查找元素[find_element]  用时:0.022s  
2019-12-12 14:56:23 行号:102  PASS   查找元素[find_element]  用时:0.008s  
2019-12-12 14:56:23 行号:102  PASS   左键单击[click]  用时:0.088s  
2019-12-12 14:56:24 行号:106  PASS   查找元素[find_element]  用时:0.061s  
2019-12-12 14:56:25 行号:107  PASS   查找元素[find_element]  用时:0.007s  
2019-12-12 14:56:25 行号:107  PASS   左键单击[click]  用时:0.088s  
2019-12-12 14:56:27 行号:110  PASS   查找元素[find_element]  用时:0.008s  
2019-12-12 14:56:27 行号:111  PASS   查找元素[find_element]  用时:0.006s  
2019-12-12 14:56:28 行号:111  PASS   左键单击[click]  用时:0.054s  
2019-12-12 14:56:29 行号:115  PASS   查找元素[find_element]  用时:0.026s  
2019-12-12 14:56:29 行号:116  PASS   查找元素[find_element]  用时:0.009s  
2019-12-12 14:56:30 行号:116  PASS   左键单击[click]  用时:0.106s  
2019-12-12 14:56:31 行号:120  PASS   查找元素[find_element]  用时:0.006s  
2019-12-12 14:56:43 行号:129  PASS   查找元素[find_element]  用时:11.187s  
2019-12-12 14:56:43 行号:0    ERROR  [runTest]  用时:  测试用例脚本发生错误，请检查脚本代码：stale element reference: element is not attached to the page document
2019-12-12 14:56:43 脚本运行完毕...
2019-12-12 14:56:43 开始运行脚本<class 'script.testCase.U8EX项目.公共.U8EX登出.EasyCase'>
2019-12-12 14:56:43 行号:24   PASS   刷新页面[refresh]  用时:0.016s  
2019-12-12 14:56:45 行号:26   PASS   查找元素[find_element]  用时:0.012s  
2019-12-12 14:56:46 行号:26   PASS   左键单击[click]  用时:0.132s  
2019-12-12 14:56:47 行号:27   PASS   查找元素[find_element]  用时:0.012s  
2019-12-12 14:56:48 行号:27   PASS   左键单击[click]  用时:0.455s  
2019-12-12 14:56:49 脚本运行完毕...
2019-12-12 14:56:49 行号:0    PASS   关闭浏览器[quit]  用时:0.281s  
2019-12-12 14:56:52 场景<1>结束.用时:92.694s.
2019-12-12 14:56:52 场景统计结果：PASS: 77(98.72%),FAIL:  0(0.00%),ERROR:  1(1.28%),TRUE:  0,FALSE:  0

2019-12-12 14:56:52 ----------------------------------------
2019-12-12 14:56:52 End.
2019-12-12 14:56:52 测试方案统计结果:
                    场景<1>:PASS: 77(98.72%),FAIL:  0(0.00%),ERROR:  1(1.28%),TRUE:  0,FALSE:  0
                    总   计:PASS: 77(98.72%),FAIL:  0(0.00%),ERROR:  1(1.28%),TRUE:  0,FALSE:  0

