2019-12-12 09:39:50 Start.
2019-12-12 09:39:50 场景<1>开始.
2019-12-12 09:39:53 行号:0    PASS   最大化浏览器窗口[maximize_window]  用时:1.118s  
2019-12-12 09:39:54 chrome浏览器启动成功.
2019-12-12 09:39:54 开始加载脚本...
2019-12-12 09:39:54 脚本<1>：U8EX登录 加载成功.脚本路径：script/testCase/U8EX项目/公共/U8EX登录
2019-12-12 09:39:54 脚本<2>：减少方式 加载成功.脚本路径：script/testCase/Y3me项目/数字化建模/固定资产/减少方式
2019-12-12 09:39:54 脚本<3>：U8EX登出 加载成功.脚本路径：script/testCase/U8EX项目/公共/U8EX登出
2019-12-12 09:39:54 脚本加载完成...
2019-12-12 09:39:54 开始运行脚本<class 'script.testCase.U8EX项目.公共.U8EX登录.EasyCase'>
2019-12-12 09:39:56 行号:27   PASS   访问页面[get]  用时:1.400s  
2019-12-12 09:39:57 行号:29   PASS   查找元素[find_element]  用时:0.010s  
2019-12-12 09:39:57 行号:30   PASS   查找元素[find_element]  用时:0.007s  
2019-12-12 09:39:58 行号:30   PASS   左键单击[click]  用时:0.050s  
2019-12-12 09:39:59 行号:34   PASS   查找元素[find_element]  用时:0.019s  
2019-12-12 09:39:59 行号:35   PASS   查找元素[find_element]  用时:0.007s  
2019-12-12 09:40:00 行号:36   PASS   切换到表单[frame]  用时:0.017s  
2019-12-12 09:40:02 行号:39   PASS   查找元素[find_element]  用时:0.011s  
2019-12-12 09:40:02 行号:40   PASS   查找元素[find_element]  用时:0.007s  
2019-12-12 09:40:03 行号:40   PASS   清除文本[clear]  用时:0.018s  
2019-12-12 09:40:04 行号:41   PASS   查找元素[find_element]  用时:0.005s  
2019-12-12 09:40:04 行号:41   PASS   模拟输入[send_keys]  用时:0.068s  
2019-12-12 09:40:05 行号:42   PASS   查找元素[find_element]  用时:0.009s  
2019-12-12 09:40:06 行号:42   PASS   清除文本[clear]  用时:0.019s  
2019-12-12 09:40:07 行号:43   PASS   查找元素[find_element]  用时:0.008s  
2019-12-12 09:40:08 行号:43   PASS   模拟输入[send_keys]  用时:0.048s  
2019-12-12 09:40:09 行号:45   PASS   查找元素[find_element]  用时:0.010s  
2019-12-12 09:40:09 行号:46   PASS   查找元素[find_element]  用时:0.007s  
2019-12-12 09:40:10 行号:46   PASS   左键单击[click]  用时:0.075s  
2019-12-12 09:40:41 行号:52   FAIL   查找元素[find_element]  用时:30.035s  参数:{'list': '', 'dict': {'xpath': '//*[@id="_dropdown_popcontainer"]/div/i'}} 页面中没有该元素.NoSuchElementException
