2019-12-12 13:36:32 Start.
2019-12-12 13:36:32 场景<1>开始.
2019-12-12 13:36:35 行号:0    PASS   最大化浏览器窗口[maximize_window]  用时:1.114s  
2019-12-12 13:36:36 chrome浏览器启动成功.
2019-12-12 13:36:36 开始加载脚本...
2019-12-12 13:36:36 脚本<1>：U8EX登录 加载成功.脚本路径：script/testCase/U8EX项目/公共/U8EX登录
2019-12-12 13:36:36 脚本<2>：减少方式 加载成功.脚本路径：script/testCase/Y3me项目/数字化建模/固定资产/减少方式
2019-12-12 13:36:36 脚本<3>：U8EX登出 加载成功.脚本路径：script/testCase/U8EX项目/公共/U8EX登出
2019-12-12 13:36:36 脚本加载完成...
2019-12-12 13:36:36 开始运行脚本<class 'script.testCase.U8EX项目.公共.U8EX登录.EasyCase'>
2019-12-12 13:36:37 行号:27   PASS   访问页面[get]  用时:0.846s  
2019-12-12 13:36:38 行号:29   PASS   查找元素[find_element]  用时:0.011s  
2019-12-12 13:36:39 行号:30   PASS   查找元素[find_element]  用时:0.006s  
2019-12-12 13:36:44 行号:30   PASS   左键单击[click]  用时:5.049s  
2019-12-12 13:36:45 行号:34   PASS   查找元素[find_element]  用时:0.012s  
2019-12-12 13:36:46 行号:35   PASS   查找元素[find_element]  用时:0.005s  
2019-12-12 13:36:46 行号:36   PASS   切换到表单[frame]  用时:0.027s  
2019-12-12 13:36:48 行号:39   PASS   查找元素[find_element]  用时:0.013s  
2019-12-12 13:36:49 行号:40   PASS   查找元素[find_element]  用时:0.008s  
2019-12-12 13:36:49 行号:40   PASS   清除文本[clear]  用时:0.029s  
2019-12-12 13:36:50 行号:41   PASS   查找元素[find_element]  用时:0.007s  
2019-12-12 13:36:51 行号:41   PASS   模拟输入[send_keys]  用时:0.050s  
2019-12-12 13:36:52 行号:42   PASS   查找元素[find_element]  用时:0.010s  
2019-12-12 13:36:52 行号:42   PASS   清除文本[clear]  用时:0.022s  
2019-12-12 13:36:53 行号:43   PASS   查找元素[find_element]  用时:0.008s  
2019-12-12 13:36:54 行号:43   PASS   模拟输入[send_keys]  用时:0.097s  
2019-12-12 13:36:55 行号:45   PASS   查找元素[find_element]  用时:0.009s  
2019-12-12 13:36:56 行号:46   PASS   查找元素[find_element]  用时:0.005s  
2019-12-12 13:37:01 行号:46   PASS   左键单击[click]  用时:5.095s  
2019-12-12 13:37:02 行号:52   PASS   查找元素[find_element]  用时:0.014s  
2019-12-12 13:37:03 行号:53   PASS   查找元素[find_element]  用时:0.007s  
2019-12-12 13:37:08 行号:53   PASS   左键单击[click]  用时:5.038s  
2019-12-12 13:37:39 行号:54   FAIL   查找元素[find_element]  用时:30.035s  参数:{'list': '', 'dict': {'xpath': '//*[@id="home_header"]//div[text()="1114UI测试专属"]'}} 页面中没有该元素.NoSuchElementException
2019-12-12 13:37:40 行号:54   ERROR  左键单击[click]  用时:0.000s  由于未找到元素，操作失败
2019-12-12 13:38:11 行号:56   FAIL   查找元素[find_element]  用时:30.052s  参数:{'list': '', 'dict': {'xpath': '//button[@class="u-button btn__style___37bsb u8c_primary__style___RFibc  btn__style___20DQM "]'}} 页面中没有该元素.NoSuchElementException
2019-12-12 13:38:12 行号:56   ERROR  左键单击[click]  用时:0.000s  由于未找到元素，操作失败
2019-12-12 13:38:13 脚本运行完毕...
2019-12-12 13:38:13 开始运行脚本<class 'script.testCase.Y3me项目.数字化建模.固定资产.减少方式.EasyCase'>
2019-12-12 13:38:13 行号:25   PASS   刷新页面[refresh]  用时:0.581s  
2019-12-12 13:38:14 行号:27   PASS   查找元素[find_element]  用时:0.009s  
2019-12-12 13:38:15 行号:27   PASS   左键单击[click]  用时:0.081s  
2019-12-12 13:38:17 行号:30   PASS   查找元素[find_element]  用时:0.047s  
2019-12-12 13:38:17 行号:30   PASS   左键单击[click]  用时:0.076s  
2019-12-12 13:38:19 行号:33   PASS   查找元素[find_element]  用时:0.009s  
2019-12-12 13:38:22 行号:40   PASS   查找元素[find_element]  用时:0.014s  
2019-12-12 13:38:26 行号:47   PASS   查找元素[find_element]  用时:0.070s  
2019-12-12 13:38:27 行号:50   PASS   查找元素[find_element]  用时:0.009s  
2019-12-12 13:38:28 行号:51   PASS   切换到表单[frame]  用时:0.267s  
2019-12-12 13:38:29 行号:54   PASS   查找元素[find_element]  用时:0.010s  
2019-12-12 13:38:29 行号:55   PASS   查找元素[find_element]  用时:0.005s  
2019-12-12 13:38:30 行号:55   PASS   左键单击[click]  用时:0.098s  
2019-12-12 13:38:31 行号:58   PASS   查找元素[find_element]  用时:0.014s  
2019-12-12 13:38:32 行号:59   PASS   查找元素[find_element]  用时:0.007s  
2019-12-12 13:38:32 行号:59   PASS   左键单击[click]  用时:0.060s  
2019-12-12 13:38:33 行号:63   PASS   查找元素[find_element]  用时:0.011s  
2019-12-12 13:38:34 行号:64   PASS   查找元素[find_element]  用时:0.009s  
2019-12-12 13:38:34 行号:64   PASS   左键单击[click]  用时:0.111s  
2019-12-12 13:38:35 行号:69   PASS   查找元素[find_element]  用时:0.010s  
2019-12-12 13:38:36 行号:70   PASS   查找元素[find_element]  用时:0.005s  
2019-12-12 13:38:36 行号:70   PASS   左键单击[click]  用时:0.072s  
2019-12-12 13:38:37 行号:76   PASS   查找元素[find_element]  用时:0.011s  
2019-12-12 13:38:38 行号:77   PASS   查找元素[find_element]  用时:0.006s  
2019-12-12 13:38:39 行号:77   PASS   模拟输入[send_keys]  用时:0.074s  
2019-12-12 13:38:40 行号:81   PASS   查找元素[find_element]  用时:0.017s  
2019-12-12 13:38:40 行号:82   PASS   查找元素[find_element]  用时:0.008s  
2019-12-12 13:38:41 行号:82   PASS   左键单击[click]  用时:0.064s  
2019-12-12 13:38:44 行号:87   PASS   查找元素[find_element]  用时:0.020s  
2019-12-12 13:38:44 行号:89   PASS   执行JS代码[execute_script]  用时:0.021s  
2019-12-12 13:38:46 行号:99   PASS   查找元素[find_element]  用时:0.009s  
2019-12-12 13:38:46 行号:102  PASS   查找元素[find_element]  用时:0.012s  
2019-12-12 13:38:47 行号:102  PASS   左键单击[click]  用时:0.078s  
2019-12-12 13:38:48 行号:106  PASS   查找元素[find_element]  用时:0.013s  
2019-12-12 13:38:48 行号:107  PASS   查找元素[find_element]  用时:0.006s  
2019-12-12 13:38:49 行号:107  PASS   左键单击[click]  用时:0.080s  
2019-12-12 13:38:50 行号:110  PASS   查找元素[find_element]  用时:0.012s  
2019-12-12 13:38:50 行号:111  PASS   查找元素[find_element]  用时:0.006s  
2019-12-12 13:38:51 行号:111  PASS   左键单击[click]  用时:0.074s  
2019-12-12 13:38:52 行号:115  PASS   查找元素[find_element]  用时:0.011s  
2019-12-12 13:38:53 行号:116  PASS   查找元素[find_element]  用时:0.009s  
2019-12-12 13:38:53 行号:116  PASS   左键单击[click]  用时:0.107s  
2019-12-12 13:38:54 行号:120  PASS   查找元素[find_element]  用时:0.007s  
2019-12-12 13:38:55 行号:129  PASS   查找元素[find_element]  用时:0.011s  
2019-12-12 13:38:56 行号:132  PASS   查找元素[find_element]  用时:0.016s  
2019-12-12 13:38:56 行号:132  PASS   左键单击[click]  用时:0.085s  
2019-12-12 13:38:57 行号:136  PASS   查找元素[find_element]  用时:0.010s  
2019-12-12 13:38:58 行号:137  PASS   查找元素[find_element]  用时:0.006s  
2019-12-12 13:38:58 行号:137  PASS   左键单击[click]  用时:0.075s  
2019-12-12 13:39:00 行号:140  TRUE   断言：不包含[assertNotIn] 用时:0.001s TRUE.
2019-12-12 13:39:00 行号:143  PASS   查找元素[find_element]  用时:0.009s  
2019-12-12 13:39:00 行号:143  PASS   左键单击[click]  用时:0.076s  
2019-12-12 13:39:02 行号:145  PASS   查找元素[find_element]  用时:0.009s  
2019-12-12 13:39:03 行号:145  PASS   左键单击[click]  用时:0.067s  
2019-12-12 13:39:04 脚本运行完毕...
2019-12-12 13:39:04 开始运行脚本<class 'script.testCase.U8EX项目.公共.U8EX登出.EasyCase'>
2019-12-12 13:39:04 行号:24   PASS   刷新页面[refresh]  用时:0.015s  
2019-12-12 13:39:06 行号:26   PASS   查找元素[find_element]  用时:0.012s  
2019-12-12 13:39:06 行号:26   PASS   左键单击[click]  用时:0.071s  
2019-12-12 13:39:07 行号:27   PASS   查找元素[find_element]  用时:0.009s  
2019-12-12 13:39:09 行号:27   PASS   左键单击[click]  用时:0.891s  
2019-12-12 13:39:10 脚本运行完毕...
2019-12-12 13:39:10 行号:0    PASS   关闭浏览器[quit]  用时:0.215s  
2019-12-12 13:39:13 场景<1>结束.用时:161.342s.
2019-12-12 13:39:13 场景统计结果：PASS: 82(95.35%),FAIL:  2(2.33%),ERROR:  2(2.33%),TRUE:  1,FALSE:  0

2019-12-12 13:39:13 ----------------------------------------
2019-12-12 13:39:13 End.
2019-12-12 13:39:13 测试方案统计结果:
                    场景<1>:PASS: 82(95.35%),FAIL:  2(2.33%),ERROR:  2(2.33%),TRUE:  1,FALSE:  0
                    总   计:PASS: 82(95.35%),FAIL:  2(2.33%),ERROR:  2(2.33%),TRUE:  1,FALSE:  0

