2019-12-12 20:02:05 Start.
2019-12-12 20:02:05 场景<1>开始.
2019-12-12 20:02:09 行号:0    PASS   最大化浏览器窗口[maximize_window]  用时:1.120s  
2019-12-12 20:02:10 chrome浏览器启动成功.
2019-12-12 20:02:10 开始加载脚本...
2019-12-12 20:02:10 脚本<1>：U8EX登录 加载成功.脚本路径：script/testCase/U8EX项目/公共/U8EX登录
2019-12-12 20:02:10 脚本<2>：考勤规则_删除 加载成功.脚本路径：script/testCase/Y3me项目/人力资源/假勤管理/考勤规则_删除
2019-12-12 20:02:10 脚本<3>：考勤规则 加载成功.脚本路径：script/testCase/Y3me项目/人力资源/假勤管理/考勤规则
2019-12-12 20:02:10 脚本<4>：U8EX登出 加载成功.脚本路径：script/testCase/U8EX项目/公共/U8EX登出
2019-12-12 20:02:10 脚本加载完成...
2019-12-12 20:02:10 开始运行脚本<class 'script.testCase.U8EX项目.公共.U8EX登录.EasyCase'>
2019-12-12 20:02:11 行号:24   PASS   访问页面[get]  用时:1.229s  
2019-12-12 20:02:12 行号:26   PASS   查找元素[find_element]  用时:0.020s  
2019-12-12 20:02:13 行号:27   PASS   查找元素[find_element]  用时:0.006s  
2019-12-12 20:02:13 行号:27   PASS   左键单击[click]  用时:0.048s  
2019-12-12 20:02:14 行号:31   PASS   查找元素[find_element]  用时:0.011s  
2019-12-12 20:02:15 行号:32   PASS   查找元素[find_element]  用时:0.006s  
2019-12-12 20:02:15 行号:33   PASS   切换到表单[frame]  用时:0.017s  
2019-12-12 20:02:18 行号:36   PASS   查找元素[find_element]  用时:0.013s  
2019-12-12 20:02:18 行号:37   PASS   查找元素[find_element]  用时:0.006s  
2019-12-12 20:02:19 行号:37   PASS   清除文本[clear]  用时:0.017s  
2019-12-12 20:02:20 行号:38   PASS   查找元素[find_element]  用时:0.008s  
2019-12-12 20:02:20 行号:38   PASS   模拟输入[send_keys]  用时:0.051s  
2019-12-12 20:02:21 行号:39   PASS   查找元素[find_element]  用时:0.019s  
2019-12-12 20:02:22 行号:39   PASS   清除文本[clear]  用时:0.020s  
2019-12-12 20:02:23 行号:40   PASS   查找元素[find_element]  用时:0.006s  
2019-12-12 20:02:23 行号:40   PASS   模拟输入[send_keys]  用时:0.041s  
2019-12-12 20:02:24 行号:42   PASS   查找元素[find_element]  用时:0.010s  
2019-12-12 20:02:25 行号:43   PASS   查找元素[find_element]  用时:0.006s  
2019-12-12 20:02:30 行号:43   PASS   左键单击[click]  用时:5.077s  
2019-12-12 20:02:32 行号:49   PASS   查找元素[find_element]  用时:0.010s  
2019-12-12 20:02:32 行号:50   PASS   查找元素[find_element]  用时:0.007s  
2019-12-12 20:02:38 行号:50   PASS   左键单击[click]  用时:5.041s  
