2019-12-12 09:27:51 Start.
2019-12-12 09:27:51 场景<1>开始.
2019-12-12 09:27:55 行号:0    PASS   最大化浏览器窗口[maximize_window]  用时:1.115s  
2019-12-12 09:27:56 chrome浏览器启动成功.
2019-12-12 09:27:56 开始加载脚本...
2019-12-12 09:27:56 脚本<1>：U8EX登录 加载成功.脚本路径：script/testCase/U8EX项目/公共/U8EX登录
2019-12-12 09:27:56 脚本<2>：减少方式 加载成功.脚本路径：script/testCase/Y3me项目/数字化建模/固定资产/减少方式
2019-12-12 09:27:56 脚本<3>：U8EX登出 加载成功.脚本路径：script/testCase/U8EX项目/公共/U8EX登出
2019-12-12 09:27:56 脚本加载完成...
2019-12-12 09:27:56 开始运行脚本<class 'script.testCase.U8EX项目.公共.U8EX登录.EasyCase'>
2019-12-12 09:27:57 行号:27   PASS   访问页面[get]  用时:1.296s  
2019-12-12 09:27:58 行号:29   PASS   查找元素[find_element]  用时:0.011s  
2019-12-12 09:27:59 行号:30   PASS   查找元素[find_element]  用时:0.006s  
2019-12-12 09:27:59 行号:30   PASS   左键单击[click]  用时:0.056s  
2019-12-12 09:28:00 行号:34   PASS   查找元素[find_element]  用时:0.009s  
2019-12-12 09:28:01 行号:35   PASS   查找元素[find_element]  用时:0.005s  
2019-12-12 09:28:01 行号:36   PASS   切换到表单[frame]  用时:0.016s  
2019-12-12 09:28:03 行号:39   PASS   查找元素[find_element]  用时:0.014s  
2019-12-12 09:28:04 行号:40   PASS   查找元素[find_element]  用时:0.006s  
2019-12-12 09:28:04 行号:40   PASS   清除文本[clear]  用时:0.017s  
2019-12-12 09:28:05 行号:41   PASS   查找元素[find_element]  用时:0.008s  
2019-12-12 09:28:06 行号:41   PASS   模拟输入[send_keys]  用时:0.058s  
