2019-12-12 09:22:47 程序启动.基本脚本录制.xml
2019-12-12 09:22:48 Start.
2019-12-12 09:27:14 程序启动.基本脚本录制.xml
2019-12-12 09:27:14 Start.
2019-12-12 09:27:51 程序启动.基本脚本录制.xml
2019-12-12 09:27:51 Start.
2019-12-12 09:29:37 End.
2019-12-12 09:29:37 程序结束.基本脚本录制.xml

2019-12-12 09:29:51 程序启动.基本脚本录制.xml
2019-12-12 09:29:52 Start.
2019-12-12 09:30:31 程序启动.基本脚本录制.xml
2019-12-12 09:30:32 Start.
2019-12-12 09:32:51 End.
2019-12-12 09:32:51 程序结束.基本脚本录制.xml

2019-12-12 09:33:20 程序启动.基本脚本录制.xml
2019-12-12 09:33:21 Start.
2019-12-12 09:35:06 End.
2019-12-12 09:35:06 程序结束.基本脚本录制.xml

2019-12-12 09:36:40 程序启动.基本脚本录制.xml
2019-12-12 09:36:40 Start.
2019-12-12 09:37:30 程序启动.基本脚本录制.xml
2019-12-12 09:37:30 Start.
2019-12-12 09:38:40 End.
2019-12-12 09:38:40 程序结束.基本脚本录制.xml

2019-12-12 09:39:49 程序启动.基本脚本录制.xml
2019-12-12 09:39:50 Start.
2019-12-12 09:40:48 程序启动.基本脚本录制.xml
2019-12-12 09:40:49 Start.
2019-12-12 09:42:17 End.
2019-12-12 09:42:17 程序结束.基本脚本录制.xml

2019-12-12 09:42:34 程序启动.基本脚本录制.xml
2019-12-12 09:42:35 Start.
2019-12-12 09:44:01 End.
2019-12-12 09:44:01 程序结束.基本脚本录制.xml

2019-12-12 11:32:48 程序启动.基本脚本录制.xml
2019-12-12 11:32:49 Start.
2019-12-12 13:05:46 程序启动.基本脚本录制.xml
2019-12-12 13:05:46 Start.
2019-12-12 13:07:16 End.
2019-12-12 13:07:16 程序结束.基本脚本录制.xml

2019-12-12 13:31:31 程序启动.基本脚本录制.xml
2019-12-12 13:31:32 Start.
2019-12-12 13:32:59 End.
2019-12-12 13:32:59 程序结束.基本脚本录制.xml

2019-12-12 13:36:31 程序启动.基本脚本录制.xml
2019-12-12 13:36:32 Start.
2019-12-12 13:39:13 End.
2019-12-12 13:39:13 程序结束.基本脚本录制.xml

2019-12-12 13:41:30 程序启动.基本脚本录制.xml
2019-12-12 13:41:31 Start.
2019-12-12 13:46:15 End.
2019-12-12 13:46:15 程序结束.基本脚本录制.xml

2019-12-12 14:55:20 程序启动.基本脚本录制.xml
2019-12-12 14:55:20 Start.
2019-12-12 14:56:52 End.
2019-12-12 14:56:52 程序结束.基本脚本录制.xml

2019-12-12 15:09:53 程序启动.基本脚本录制.xml
2019-12-12 15:09:53 Start.
2019-12-12 16:10:22 程序启动.基本脚本录制.xml
2019-12-12 16:10:23 Start.
2019-12-12 16:11:51 End.
2019-12-12 16:11:51 程序结束.基本脚本录制.xml

2019-12-12 16:13:27 程序启动.基本脚本录制.xml
2019-12-12 16:13:28 Start.
2019-12-12 16:14:56 End.
2019-12-12 16:14:56 程序结束.基本脚本录制.xml

2019-12-12 17:19:02 程序启动.基本脚本录制.xml
2019-12-12 17:19:02 Start.
2019-12-12 17:20:29 End.
2019-12-12 17:20:29 程序结束.基本脚本录制.xml

2019-12-12 18:01:31 程序启动.基本脚本录制.xml
2019-12-12 18:01:31 Start.
2019-12-12 18:02:58 End.
2019-12-12 18:02:58 程序结束.基本脚本录制.xml

2019-12-12 20:02:05 程序启动.人力资源-假勤管理.xml
2019-12-12 20:02:05 Start.
