2019-11-27 14:39:45 Start.
2019-11-27 14:39:45 [ERROR-1004]:引入测试方案模块失败引发的异常.Y3me项目/财务管理/总账/现金流量类型.No module named 'script.testCase.Y3me项目.财务管理'
2019-11-27 14:39:45 场景<1>开始.
2019-11-27 14:39:49 行号:0    PASS   最大化浏览器窗口[maximize_window]  用时:1.115s  
2019-11-27 14:39:50 chrome浏览器启动成功.
2019-11-27 14:39:50 开始加载脚本...
2019-11-27 14:39:50 脚本<1>：U8EX登录 加载成功.脚本路径：script/testCase/U8EX项目/公共/U8EX登录
2019-11-27 14:39:50 脚本<2>：U8EX登出 加载成功.脚本路径：script/testCase/U8EX项目/公共/U8EX登出
2019-11-27 14:39:50 脚本加载完成...
2019-11-27 14:39:50 开始运行脚本<class 'script.testCase.U8EX项目.公共.U8EX登录.EasyCase'>
2019-11-27 14:39:51 行号:28   PASS   访问页面[get]  用时:1.096s  
2019-11-27 14:39:52 行号:29   PASS   查找元素[find_element]  用时:0.010s  
2019-11-27 14:39:53 行号:29   PASS   左键单击[click]  用时:0.045s  
2019-11-27 14:39:54 行号:32   PASS   查找元素[find_element]  用时:0.009s  
2019-11-27 14:39:54 行号:33   PASS   切换到表单[frame]  用时:0.019s  
2019-11-27 14:39:56 行号:36   PASS   查找元素[find_element]  用时:0.011s  
2019-11-27 14:39:57 行号:36   PASS   清除文本[clear]  用时:0.025s  
2019-11-27 14:39:58 行号:37   PASS   查找元素[find_element]  用时:0.008s  
2019-11-27 14:39:59 行号:37   PASS   模拟输入[send_keys]  用时:0.098s  
2019-11-27 14:40:00 行号:38   PASS   查找元素[find_element]  用时:0.009s  
2019-11-27 14:40:00 行号:38   PASS   清除文本[clear]  用时:0.019s  
2019-11-27 14:40:01 行号:39   PASS   查找元素[find_element]  用时:0.008s  
2019-11-27 14:40:02 行号:39   PASS   模拟输入[send_keys]  用时:0.060s  
2019-11-27 14:40:04 行号:41   PASS   查找元素[find_element]  用时:0.013s  
2019-11-27 14:40:04 行号:41   PASS   左键单击[click]  用时:0.094s  
2019-11-27 14:40:06 行号:47   PASS   查找元素[find_element]  用时:0.013s  
2019-11-27 14:40:07 行号:47   PASS   左键单击[click]  用时:0.610s  
2019-11-27 14:40:08 行号:48   PASS   查找元素[find_element]  用时:0.009s  
2019-11-27 14:40:09 行号:48   PASS   左键单击[click]  用时:0.107s  
2019-11-27 14:40:10 行号:50   PASS   查找元素[find_element]  用时:0.011s  
2019-11-27 14:40:11 行号:50   PASS   左键单击[click]  用时:0.525s  
2019-11-27 14:40:12 脚本运行完毕...
2019-11-27 14:40:12 开始运行脚本<class 'script.testCase.U8EX项目.公共.U8EX登出.EasyCase'>
2019-11-27 14:40:12 行号:24   PASS   刷新页面[refresh]  用时:0.254s  
2019-11-27 14:40:14 行号:26   PASS   查找元素[find_element]  用时:0.010s  
2019-11-27 14:40:15 行号:26   PASS   左键单击[click]  用时:0.048s  
2019-11-27 14:40:16 行号:27   PASS   查找元素[find_element]  用时:0.009s  
2019-11-27 14:40:17 行号:27   PASS   左键单击[click]  用时:0.472s  
2019-11-27 14:40:18 脚本运行完毕...
2019-11-27 14:40:18 行号:0    PASS   关闭浏览器[quit]  用时:0.290s  
2019-11-27 14:40:21 场景<1>结束.用时:35.828s.
2019-11-27 14:40:21 场景统计结果：PASS: 28(100.00%),FAIL:  0(0.00%),ERROR:  0(0.00%),TRUE:  0,FALSE:  0

2019-11-27 14:40:21 ----------------------------------------
2019-11-27 14:40:21 End.
2019-11-27 14:40:21 测试方案统计结果:
                    场景<1>:PASS: 28(100.00%),FAIL:  0(0.00%),ERROR:  0(0.00%),TRUE:  0,FALSE:  0
                    总   计:PASS: 28(100.00%),FAIL:  0(0.00%),ERROR:  0(0.00%),TRUE:  0,FALSE:  0

