2019-11-27 14:04:42 Start.
2019-11-27 14:04:42 场景<1>开始.
2019-11-27 14:04:46 行号:0    PASS   最大化浏览器窗口[maximize_window]  用时:1.115s  
2019-11-27 14:04:47 chrome浏览器启动成功.
2019-11-27 14:04:47 开始加载脚本...
2019-11-27 14:04:47 脚本<1>：U8EX登录 加载成功.脚本路径：script/testCase/U8EX项目/公共/U8EX登录
2019-11-27 14:04:47 脚本<2>：凭证类型 加载成功.脚本路径：script/testCase/Y3me项目/数字化建模/总账/凭证类型
2019-11-27 14:04:47 脚本<3>：U8EX登出 加载成功.脚本路径：script/testCase/U8EX项目/公共/U8EX登出
2019-11-27 14:04:47 脚本加载完成...
2019-11-27 14:04:47 开始运行脚本<class 'script.testCase.U8EX项目.公共.U8EX登录.EasyCase'>
2019-11-27 14:04:50 行号:28   PASS   访问页面[get]  用时:2.752s  
2019-11-27 14:04:51 行号:29   PASS   查找元素[find_element]  用时:0.019s  
2019-11-27 14:04:51 行号:29   PASS   左键单击[click]  用时:0.066s  
2019-11-27 14:04:52 行号:32   PASS   查找元素[find_element]  用时:0.011s  
2019-11-27 14:04:53 行号:33   PASS   切换到表单[frame]  用时:0.017s  
2019-11-27 14:04:55 行号:36   PASS   查找元素[find_element]  用时:0.010s  
2019-11-27 14:04:55 行号:36   PASS   清除文本[clear]  用时:0.029s  
2019-11-27 14:04:56 行号:37   PASS   查找元素[find_element]  用时:0.006s  
2019-11-27 14:04:57 行号:37   PASS   模拟输入[send_keys]  用时:0.084s  
2019-11-27 14:04:58 行号:38   PASS   查找元素[find_element]  用时:0.009s  
2019-11-27 14:04:58 行号:38   PASS   清除文本[clear]  用时:0.020s  
2019-11-27 14:04:59 行号:39   PASS   查找元素[find_element]  用时:0.006s  
2019-11-27 14:05:00 行号:39   PASS   模拟输入[send_keys]  用时:0.073s  
2019-11-27 14:05:02 行号:41   PASS   查找元素[find_element]  用时:0.008s  
2019-11-27 14:05:03 行号:41   PASS   左键单击[click]  用时:0.086s  
2019-11-27 14:05:05 行号:47   PASS   查找元素[find_element]  用时:0.012s  
2019-11-27 14:05:06 行号:47   PASS   左键单击[click]  用时:0.090s  
2019-11-27 14:05:07 行号:48   PASS   查找元素[find_element]  用时:0.009s  
2019-11-27 14:05:07 行号:48   PASS   左键单击[click]  用时:0.103s  
2019-11-27 14:05:08 行号:50   PASS   查找元素[find_element]  用时:0.011s  
2019-11-27 14:05:09 行号:50   PASS   左键单击[click]  用时:0.456s  
2019-11-27 14:05:10 脚本运行完毕...
2019-11-27 14:05:10 开始运行脚本<class 'script.testCase.Y3me项目.数字化建模.总账.凭证类型.EasyCase'>
2019-11-27 14:05:10 行号:22   PASS   刷新页面[refresh]  用时:0.018s  
2019-11-27 14:05:11 行号:24   PASS   查找元素[find_element]  用时:0.009s  
2019-11-27 14:05:12 行号:24   PASS   左键单击[click]  用时:0.061s  
2019-11-27 14:05:14 行号:27   PASS   查找元素[find_element]  用时:0.010s  
2019-11-27 14:05:14 行号:27   PASS   左键单击[click]  用时:0.052s  
2019-11-27 14:05:16 行号:30   PASS   查找元素[find_element]  用时:0.009s  
2019-11-27 14:05:19 行号:37   PASS   查找元素[find_element]  用时:0.008s  
2019-11-27 14:05:23 行号:44   PASS   查找元素[find_element]  用时:0.009s  
2019-11-27 14:05:26 行号:47   PASS   查找元素[find_element]  用时:0.008s  
2019-11-27 14:05:26 行号:48   PASS   切换到表单[frame]  用时:0.017s  
2019-11-27 14:05:28 行号:51   PASS   查找元素[find_element]  用时:0.990s  
2019-11-27 14:05:29 行号:51   PASS   左键单击[click]  用时:0.109s  
2019-11-27 14:05:32 行号:56   PASS   查找元素[find_element]  用时:0.010s  
2019-11-27 14:05:33 行号:56   PASS   模拟输入[send_keys]  用时:0.105s  
2019-11-27 14:05:34 行号:61   PASS   查找元素[find_element]  用时:0.011s  
2019-11-27 14:05:34 行号:61   PASS   模拟输入[send_keys]  用时:0.096s  
2019-11-27 14:05:35 行号:64   PASS   查找元素[find_element]  用时:0.013s  
2019-11-27 14:05:36 行号:64   PASS   模拟输入[send_keys]  用时:0.078s  
2019-11-27 14:05:37 行号:67   FAIL   查找元素[find_element]  用时:0.016s  参数:{'list': '', 'dict': {'name': '//div[text()="备注"]/parent::label/following-sibling::div//input'}} 页面中没有该元素.NoSuchElementException
2019-11-27 14:05:38 行号:68   ERROR  模拟输入[send_keys]  用时:0.000s  由于未找到元素，操作失败
2019-11-27 14:05:39 行号:71   FAIL   查找元素[find_element]  用时:0.015s  参数:{'list': '', 'dict': {'name': '//div[@class="form-group"]//button[@class="btn btn-primary"]'}} 页面中没有该元素.NoSuchElementException
2019-11-27 14:05:39 行号:71   ERROR  左键单击[click]  用时:0.000s  由于未找到元素，操作失败
2019-11-27 14:05:42 行号:74   TRUE   断言：包含[assertIn] 用时:0.000s TRUE.
2019-11-27 14:06:12 行号:77   FAIL   查找元素[find_element]  用时:30.019s  参数:{'list': '', 'dict': {'xpath': '//td[text()="凭据8119"]/parent::tr'}} 页面中没有该元素.NoSuchElementException
2019-11-27 14:06:12 行号:0    ERROR  [runTest]  用时:  测试用例脚本发生错误，请检查脚本代码：invalid argument
2019-11-27 14:06:12 脚本运行完毕...
2019-11-27 14:06:12 开始运行脚本<class 'script.testCase.U8EX项目.公共.U8EX登出.EasyCase'>
2019-11-27 14:06:13 行号:24   PASS   刷新页面[refresh]  用时:0.335s  
2019-11-27 14:06:15 行号:26   PASS   查找元素[find_element]  用时:0.061s  
2019-11-27 14:06:15 行号:26   PASS   左键单击[click]  用时:0.055s  
2019-11-27 14:06:16 行号:27   PASS   查找元素[find_element]  用时:0.010s  
2019-11-27 14:06:17 行号:27   PASS   左键单击[click]  用时:0.470s  
2019-11-27 14:06:18 脚本运行完毕...
2019-11-27 14:06:19 行号:0    PASS   关闭浏览器[quit]  用时:0.295s  
2019-11-27 14:06:22 场景<1>结束.用时:99.769s.
2019-11-27 14:06:22 场景统计结果：PASS: 46(88.46%),FAIL:  3(5.77%),ERROR:  3(5.77%),TRUE:  1,FALSE:  0

2019-11-27 14:06:22 ----------------------------------------
2019-11-27 14:06:22 End.
2019-11-27 14:06:22 测试方案统计结果:
                    场景<1>:PASS: 46(88.46%),FAIL:  3(5.77%),ERROR:  3(5.77%),TRUE:  1,FALSE:  0
                    总   计:PASS: 46(88.46%),FAIL:  3(5.77%),ERROR:  3(5.77%),TRUE:  1,FALSE:  0

