2019-11-27 14:07:51 Start.
2019-11-27 14:07:51 场景<1>开始.
2019-11-27 14:07:55 行号:0    PASS   最大化浏览器窗口[maximize_window]  用时:1.119s  
2019-11-27 14:07:56 chrome浏览器启动成功.
2019-11-27 14:07:56 开始加载脚本...
2019-11-27 14:07:56 脚本<1>：U8EX登录 加载成功.脚本路径：script/testCase/U8EX项目/公共/U8EX登录
2019-11-27 14:07:56 脚本<2>：凭证类型 加载成功.脚本路径：script/testCase/Y3me项目/数字化建模/总账/凭证类型
2019-11-27 14:07:56 脚本<3>：U8EX登出 加载成功.脚本路径：script/testCase/U8EX项目/公共/U8EX登出
2019-11-27 14:07:56 脚本加载完成...
2019-11-27 14:07:56 开始运行脚本<class 'script.testCase.U8EX项目.公共.U8EX登录.EasyCase'>
2019-11-27 14:07:59 行号:28   PASS   访问页面[get]  用时:3.127s  
2019-11-27 14:08:00 行号:29   PASS   查找元素[find_element]  用时:0.011s  
2019-11-27 14:08:01 行号:29   PASS   左键单击[click]  用时:0.053s  
2019-11-27 14:08:02 行号:32   PASS   查找元素[find_element]  用时:0.010s  
2019-11-27 14:08:02 行号:33   PASS   切换到表单[frame]  用时:0.016s  
2019-11-27 14:08:04 行号:36   PASS   查找元素[find_element]  用时:0.011s  
2019-11-27 14:08:05 行号:36   PASS   清除文本[clear]  用时:0.017s  
2019-11-27 14:08:06 行号:37   PASS   查找元素[find_element]  用时:0.006s  
2019-11-27 14:08:06 行号:37   PASS   模拟输入[send_keys]  用时:0.063s  
2019-11-27 14:08:07 行号:38   PASS   查找元素[find_element]  用时:0.010s  
2019-11-27 14:08:08 行号:38   PASS   清除文本[clear]  用时:0.027s  
2019-11-27 14:08:09 行号:39   PASS   查找元素[find_element]  用时:0.025s  
2019-11-27 14:08:09 行号:39   PASS   模拟输入[send_keys]  用时:0.062s  
2019-11-27 14:08:11 行号:41   PASS   查找元素[find_element]  用时:0.021s  
2019-11-27 14:08:12 行号:41   PASS   左键单击[click]  用时:0.085s  
2019-11-27 14:08:14 行号:47   PASS   查找元素[find_element]  用时:0.018s  
2019-11-27 14:08:15 行号:47   PASS   左键单击[click]  用时:0.323s  
2019-11-27 14:08:16 行号:48   PASS   查找元素[find_element]  用时:0.053s  
2019-11-27 14:08:17 行号:48   PASS   左键单击[click]  用时:0.123s  
2019-11-27 14:08:18 行号:50   PASS   查找元素[find_element]  用时:0.009s  
2019-11-27 14:08:18 行号:50   PASS   左键单击[click]  用时:0.385s  
2019-11-27 14:08:19 脚本运行完毕...
2019-11-27 14:08:19 开始运行脚本<class 'script.testCase.Y3me项目.数字化建模.总账.凭证类型.EasyCase'>
2019-11-27 14:08:20 行号:22   PASS   刷新页面[refresh]  用时:0.487s  
2019-11-27 14:08:21 行号:24   PASS   查找元素[find_element]  用时:0.009s  
2019-11-27 14:08:22 行号:24   PASS   左键单击[click]  用时:0.054s  
2019-11-27 14:08:24 行号:27   PASS   查找元素[find_element]  用时:0.011s  
2019-11-27 14:08:24 行号:27   PASS   左键单击[click]  用时:0.045s  
2019-11-27 14:08:26 行号:30   PASS   查找元素[find_element]  用时:0.008s  
2019-11-27 14:08:29 行号:37   PASS   查找元素[find_element]  用时:0.011s  
2019-11-27 14:08:33 行号:44   PASS   查找元素[find_element]  用时:0.016s  
2019-11-27 14:08:36 行号:47   PASS   查找元素[find_element]  用时:0.010s  
2019-11-27 14:08:36 行号:48   PASS   切换到表单[frame]  用时:0.019s  
2019-11-27 14:08:37 行号:51   PASS   查找元素[find_element]  用时:0.010s  
2019-11-27 14:08:38 行号:51   PASS   左键单击[click]  用时:0.106s  
2019-11-27 14:08:41 行号:56   PASS   查找元素[find_element]  用时:0.009s  
2019-11-27 14:08:41 行号:56   PASS   模拟输入[send_keys]  用时:0.120s  
2019-11-27 14:08:42 行号:61   PASS   查找元素[find_element]  用时:0.012s  
2019-11-27 14:08:43 行号:61   PASS   模拟输入[send_keys]  用时:0.091s  
2019-11-27 14:08:44 行号:64   PASS   查找元素[find_element]  用时:0.009s  
2019-11-27 14:08:45 行号:64   PASS   模拟输入[send_keys]  用时:0.086s  
2019-11-27 14:08:46 行号:67   PASS   查找元素[find_element]  用时:0.009s  
2019-11-27 14:08:47 行号:68   PASS   模拟输入[send_keys]  用时:0.125s  
2019-11-27 14:08:48 行号:71   PASS   查找元素[find_element]  用时:0.009s  
2019-11-27 14:08:48 行号:71   PASS   左键单击[click]  用时:0.074s  
2019-11-27 14:08:51 行号:74   TRUE   断言：包含[assertIn] 用时:0.000s TRUE.
2019-11-27 14:08:51 行号:77   PASS   查找元素[find_element]  用时:0.010s  
2019-11-27 14:08:52 行号:84   PASS   查找元素[find_element]  用时:0.009s  
2019-11-27 14:08:53 行号:84   PASS   左键单击[click]  用时:0.075s  
2019-11-27 14:08:55 行号:88   FAIL   查找元素[find_element]  用时:0.015s  参数:{'list': '', 'dict': {'name': '//div[@class="form-group"]//button[@class="btn btn-primary"]'}} 页面中没有该元素.NoSuchElementException
2019-11-27 14:08:55 行号:88   ERROR  左键单击[click]  用时:0.000s  由于未找到元素，操作失败
2019-11-27 14:08:58 行号:91   PASS   查找元素[find_element]  用时:0.010s  
2019-11-27 14:08:59 行号:96   PASS   查找元素[find_element]  用时:0.011s  
