2019-11-27 09:53:15 Start.
2019-11-27 09:53:15 场景<1>开始.
2019-11-27 09:53:19 行号:0    PASS   最大化浏览器窗口[maximize_window]  用时:1.115s  
2019-11-27 09:53:20 chrome浏览器启动成功.
2019-11-27 09:53:20 开始加载脚本...
2019-11-27 09:53:20 脚本<1>：U8EX登录 加载成功.脚本路径：script/testCase/U8EX项目/公共/U8EX登录
2019-11-27 09:53:20 脚本<2>：我的申请 加载成功.脚本路径：script/testCase/Y3me项目/人力资源/员工服务/我的申请
2019-11-27 09:53:20 脚本<3>：U8EX登出 加载成功.脚本路径：script/testCase/U8EX项目/公共/U8EX登出
2019-11-27 09:53:20 脚本加载完成...
2019-11-27 09:53:20 开始运行脚本<class 'script.testCase.U8EX项目.公共.U8EX登录.EasyCase'>
2019-11-27 09:53:21 行号:28   PASS   访问页面[get]  用时:1.583s  
2019-11-27 09:53:22 行号:29   PASS   查找元素[find_element]  用时:0.012s  
2019-11-27 09:53:23 行号:29   PASS   左键单击[click]  用时:0.074s  
2019-11-27 09:53:24 行号:32   PASS   查找元素[find_element]  用时:0.011s  
2019-11-27 09:53:25 行号:33   PASS   切换到表单[frame]  用时:0.018s  
2019-11-27 09:53:27 行号:36   PASS   查找元素[find_element]  用时:0.012s  
2019-11-27 09:53:27 行号:36   PASS   清除文本[clear]  用时:0.022s  
2019-11-27 09:53:28 行号:37   PASS   查找元素[find_element]  用时:0.007s  
2019-11-27 09:53:29 行号:37   PASS   模拟输入[send_keys]  用时:0.065s  
2019-11-27 09:53:30 行号:38   PASS   查找元素[find_element]  用时:0.010s  
2019-11-27 09:53:30 行号:38   PASS   清除文本[clear]  用时:0.018s  
2019-11-27 09:53:31 行号:39   PASS   查找元素[find_element]  用时:0.007s  
2019-11-27 09:53:32 行号:39   PASS   模拟输入[send_keys]  用时:0.060s  
2019-11-27 09:53:34 行号:41   PASS   查找元素[find_element]  用时:0.011s  
2019-11-27 09:53:34 行号:41   PASS   左键单击[click]  用时:0.082s  
2019-11-27 09:53:36 行号:47   PASS   查找元素[find_element]  用时:0.012s  
2019-11-27 09:53:37 行号:47   PASS   左键单击[click]  用时:0.064s  
2019-11-27 09:53:38 行号:48   PASS   查找元素[find_element]  用时:0.011s  
2019-11-27 09:53:39 行号:48   PASS   左键单击[click]  用时:0.113s  
2019-11-27 09:53:40 行号:50   PASS   查找元素[find_element]  用时:0.009s  
2019-11-27 09:53:40 行号:50   PASS   左键单击[click]  用时:0.384s  
2019-11-27 09:53:41 脚本运行完毕...
2019-11-27 09:53:41 开始运行脚本<class 'script.testCase.Y3me项目.人力资源.员工服务.我的申请.EasyCase'>
2019-11-27 09:53:42 行号:24   PASS   刷新页面[refresh]  用时:0.246s  
2019-11-27 09:53:43 行号:30   PASS   查找元素[find_element]  用时:0.009s  
2019-11-27 09:53:43 行号:30   PASS   左键单击[click]  用时:0.053s  
2019-11-27 09:53:46 行号:33   PASS   查找元素[find_element]  用时:0.012s  
2019-11-27 09:53:47 行号:33   PASS   左键单击[click]  用时:0.066s  
2019-11-27 09:53:50 行号:36   PASS   查找元素[find_element]  用时:0.009s  
2019-11-27 09:53:53 行号:43   PASS   查找元素[find_element]  用时:0.011s  
2019-11-27 09:53:54 行号:43   PASS   左键单击[click]  用时:0.043s  
2019-11-27 09:53:57 行号:47   PASS   查找元素[find_element]  用时:0.018s  
2019-11-27 09:53:57 行号:50   PASS   切换到表单[frame]  用时:0.016s  
2019-11-27 09:54:01 行号:53   PASS   查找元素[find_element]  用时:0.010s  
2019-11-27 09:54:01 行号:53   PASS   左键单击[click]  用时:0.116s  
2019-11-27 09:54:02 行号:55   PASS   查找元素[find_element]  用时:0.011s  
2019-11-27 09:54:03 行号:55   PASS   左键单击[click]  用时:0.054s  
2019-11-27 09:54:06 行号:58   PASS   查找元素[find_element]  用时:0.009s  
2019-11-27 09:54:06 行号:58   PASS   左键单击[click]  用时:0.105s  
2019-11-27 09:54:08 行号:62   PASS   查找元素[find_element]  用时:0.011s  
2019-11-27 09:54:09 行号:62   PASS   左键单击[click]  用时:0.068s  
2019-11-27 09:54:10 行号:67   PASS   查找元素[find_element]  用时:0.013s  
2019-11-27 09:54:10 行号:67   PASS   模拟输入[send_keys]  用时:0.082s  
2019-11-27 09:54:12 行号:79   PASS   查找元素[find_element]  用时:0.011s  
2019-11-27 09:54:13 行号:79   PASS   左键单击[click]  用时:0.077s  
2019-11-27 09:54:14 行号:82   PASS   查找元素[find_element]  用时:0.009s  
2019-11-27 09:54:15 行号:82   PASS   左键单击[click]  用时:0.077s  
2019-11-27 09:54:16 行号:85   PASS   查找元素[find_element]  用时:0.008s  
2019-11-27 09:54:16 行号:85   PASS   左键单击[click]  用时:0.063s  
2019-11-27 09:54:18 行号:93   PASS   查找元素[find_element]  用时:0.011s  
2019-11-27 09:54:18 行号:93   PASS   左键单击[click]  用时:0.062s  
2019-11-27 09:54:19 行号:96   PASS   查找元素[find_element]  用时:0.010s  
2019-11-27 09:54:20 行号:96   PASS   左键单击[click]  用时:0.065s  
2019-11-27 09:54:21 行号:99   PASS   查找元素[find_element]  用时:0.019s  
2019-11-27 09:54:22 行号:99   PASS   左键单击[click]  用时:0.064s  
2019-11-27 09:54:26 行号:110  PASS   查找元素[find_element]  用时:0.008s  
2019-11-27 09:54:27 行号:114  PASS   查找元素[find_element]  用时:0.016s  
2019-11-27 09:54:28 行号:114  PASS   左键单击[click]  用时:0.038s  
2019-11-27 09:54:30 行号:117  PASS   查找元素[find_element]  用时:0.011s  
2019-11-27 09:54:30 行号:119  PASS   切换到表单[frame]  用时:0.016s  
2019-11-27 09:54:32 行号:133  PASS   查找元素[find_element]  用时:0.010s  
2019-11-27 09:54:33 行号:133  PASS   左键单击[click]  用时:0.125s  
2019-11-27 09:54:34 行号:136  PASS   查找元素[find_element]  用时:0.010s  
2019-11-27 09:54:34 行号:136  PASS   左键单击[click]  用时:0.055s  
2019-11-27 09:54:37 行号:139  PASS   查找元素[find_element]  用时:0.009s  
2019-11-27 09:54:38 行号:139  PASS   左键单击[click]  用时:0.101s  
2019-11-27 09:54:40 行号:143  PASS   查找元素[find_element]  用时:0.009s  
2019-11-27 09:54:40 行号:143  PASS   左键单击[click]  用时:0.073s  
2019-11-27 09:54:42 行号:146  PASS   查找元素[find_element]  用时:0.028s  
2019-11-27 09:54:42 行号:146  PASS   模拟输入[send_keys]  用时:0.093s  
2019-11-27 09:54:43 行号:149  PASS   查找元素[find_element]  用时:0.010s  
2019-11-27 09:54:44 行号:149  PASS   模拟输入[send_keys]  用时:0.055s  
2019-11-27 09:54:45 行号:152  PASS   查找元素[find_element]  用时:0.017s  
2019-11-27 09:54:45 行号:152  PASS   模拟输入[send_keys]  用时:0.055s  
2019-11-27 09:54:46 行号:161  PASS   查找元素[find_element]  用时:0.009s  
2019-11-27 09:54:47 行号:161  PASS   左键单击[click]  用时:0.068s  
2019-11-27 09:54:49 行号:165  PASS   查找元素[find_element]  用时:0.009s  
2019-11-27 09:54:49 行号:165  PASS   左键单击[click]  用时:0.080s  
2019-11-27 09:54:50 行号:168  PASS   查找元素[find_element]  用时:0.015s  
2019-11-27 09:54:51 行号:168  PASS   左键单击[click]  用时:0.082s  
2019-11-27 09:54:52 行号:171  PASS   查找元素[find_element]  用时:0.011s  
2019-11-27 09:54:53 行号:171  PASS   左键单击[click]  用时:0.074s  
2019-11-27 09:54:54 行号:174  PASS   查找元素[find_element]  用时:0.010s  
2019-11-27 09:54:55 行号:174  PASS   左键单击[click]  用时:0.061s  
2019-11-27 09:54:56 行号:177  PASS   查找元素[find_element]  用时:0.010s  
2019-11-27 09:54:57 行号:177  PASS   左键单击[click]  用时:0.100s  
2019-11-27 09:54:58 行号:180  PASS   查找元素[find_element]  用时:0.009s  
2019-11-27 09:54:58 行号:180  PASS   模拟输入[send_keys]  用时:0.066s  
2019-11-27 09:55:00 行号:184  PASS   查找元素[find_element]  用时:0.010s  
2019-11-27 09:55:00 行号:184  PASS   左键单击[click]  用时:0.066s  
2019-11-27 09:55:04 行号:195  PASS   查找元素[find_element]  用时:0.008s  
2019-11-27 09:55:05 行号:199  PASS   查找元素[find_element]  用时:0.021s  
2019-11-27 09:55:06 行号:199  PASS   左键单击[click]  用时:0.038s  
2019-11-27 09:55:08 行号:202  PASS   查找元素[find_element]  用时:0.009s  
2019-11-27 09:55:09 行号:204  PASS   切换到表单[frame]  用时:0.017s  
2019-11-27 09:55:13 行号:209  PASS   查找元素[find_element]  用时:0.009s  
2019-11-27 09:55:13 行号:209  PASS   左键单击[click]  用时:0.049s  
2019-11-27 09:55:14 脚本运行完毕...
2019-11-27 09:55:14 开始运行脚本<class 'script.testCase.U8EX项目.公共.U8EX登出.EasyCase'>
2019-11-27 09:55:14 行号:24   PASS   刷新页面[refresh]  用时:0.009s  
2019-11-27 09:55:16 行号:26   PASS   查找元素[find_element]  用时:0.018s  
2019-11-27 09:55:17 行号:26   PASS   左键单击[click]  用时:0.037s  
2019-11-27 09:55:18 行号:27   PASS   查找元素[find_element]  用时:0.010s  
2019-11-27 09:55:19 行号:27   PASS   左键单击[click]  用时:0.512s  
2019-11-27 09:55:20 脚本运行完毕...
2019-11-27 09:55:20 行号:0    PASS   关闭浏览器[quit]  用时:0.277s  
2019-11-27 09:55:23 场景<1>结束.用时:127.957s.
2019-11-27 09:55:23 场景统计结果：PASS:102(100.00%),FAIL:  0(0.00%),ERROR:  0(0.00%),TRUE:  0,FALSE:  0

2019-11-27 09:55:23 ----------------------------------------
2019-11-27 09:55:23 End.
2019-11-27 09:55:23 测试方案统计结果:
                    场景<1>:PASS:102(100.00%),FAIL:  0(0.00%),ERROR:  0(0.00%),TRUE:  0,FALSE:  0
                    总   计:PASS:102(100.00%),FAIL:  0(0.00%),ERROR:  0(0.00%),TRUE:  0,FALSE:  0

