2019-11-27 09:55:47 Start.
2019-11-27 09:55:48 场景<1>开始.
2019-11-27 09:55:51 行号:0    PASS   最大化浏览器窗口[maximize_window]  用时:1.113s  
2019-11-27 09:55:52 chrome浏览器启动成功.
2019-11-27 09:55:52 开始加载脚本...
2019-11-27 09:55:52 脚本<1>：U8EX登录 加载成功.脚本路径：script/testCase/U8EX项目/公共/U8EX登录
2019-11-27 09:55:52 脚本<2>：我的申请 加载成功.脚本路径：script/testCase/Y3me项目/人力资源/员工服务/我的申请
2019-11-27 09:55:52 脚本<3>：U8EX登出 加载成功.脚本路径：script/testCase/U8EX项目/公共/U8EX登出
2019-11-27 09:55:52 脚本加载完成...
2019-11-27 09:55:52 开始运行脚本<class 'script.testCase.U8EX项目.公共.U8EX登录.EasyCase'>
2019-11-27 09:55:54 行号:28   PASS   访问页面[get]  用时:1.408s  
2019-11-27 09:55:55 行号:29   PASS   查找元素[find_element]  用时:0.011s  
2019-11-27 09:55:55 行号:29   PASS   左键单击[click]  用时:0.052s  
2019-11-27 09:55:56 行号:32   PASS   查找元素[find_element]  用时:0.009s  
2019-11-27 09:55:57 行号:33   PASS   切换到表单[frame]  用时:0.017s  
2019-11-27 09:55:59 行号:36   PASS   查找元素[find_element]  用时:0.012s  
2019-11-27 09:55:59 行号:36   PASS   清除文本[clear]  用时:0.018s  
2019-11-27 09:56:00 行号:37   PASS   查找元素[find_element]  用时:0.006s  
2019-11-27 09:56:01 行号:37   PASS   模拟输入[send_keys]  用时:0.078s  
2019-11-27 09:56:02 行号:38   PASS   查找元素[find_element]  用时:0.011s  
2019-11-27 09:56:03 行号:38   PASS   清除文本[clear]  用时:0.018s  
2019-11-27 09:56:04 行号:39   PASS   查找元素[find_element]  用时:0.007s  
2019-11-27 09:56:04 行号:39   PASS   模拟输入[send_keys]  用时:0.064s  
2019-11-27 09:56:06 行号:41   PASS   查找元素[find_element]  用时:0.008s  
2019-11-27 09:56:07 行号:41   PASS   左键单击[click]  用时:0.086s  
2019-11-27 09:56:09 行号:47   PASS   查找元素[find_element]  用时:0.013s  
2019-11-27 09:56:10 行号:47   PASS   左键单击[click]  用时:0.065s  
2019-11-27 09:56:11 行号:48   PASS   查找元素[find_element]  用时:0.019s  
2019-11-27 09:56:11 行号:48   PASS   左键单击[click]  用时:0.102s  
2019-11-27 09:56:12 行号:50   PASS   查找元素[find_element]  用时:0.009s  
2019-11-27 09:56:13 行号:50   PASS   左键单击[click]  用时:0.341s  
2019-11-27 09:56:14 脚本运行完毕...
2019-11-27 09:56:14 开始运行脚本<class 'script.testCase.Y3me项目.人力资源.员工服务.我的申请.EasyCase'>
2019-11-27 09:56:14 行号:24   PASS   刷新页面[refresh]  用时:0.007s  
2019-11-27 09:56:15 行号:30   PASS   查找元素[find_element]  用时:0.013s  
2019-11-27 09:56:16 行号:30   PASS   左键单击[click]  用时:0.054s  
2019-11-27 09:56:19 行号:33   PASS   查找元素[find_element]  用时:0.009s  
2019-11-27 09:56:19 行号:33   PASS   左键单击[click]  用时:0.049s  
2019-11-27 09:56:22 行号:36   PASS   查找元素[find_element]  用时:0.010s  
2019-11-27 09:56:26 行号:43   PASS   查找元素[find_element]  用时:0.010s  
2019-11-27 09:56:26 行号:43   PASS   左键单击[click]  用时:0.043s  
2019-11-27 09:56:29 行号:47   PASS   查找元素[find_element]  用时:0.017s  
2019-11-27 09:56:30 行号:50   PASS   切换到表单[frame]  用时:0.017s  
2019-11-27 09:56:33 行号:53   PASS   查找元素[find_element]  用时:0.010s  
2019-11-27 09:56:33 行号:53   PASS   左键单击[click]  用时:0.103s  
2019-11-27 09:56:34 行号:55   PASS   查找元素[find_element]  用时:0.009s  
2019-11-27 09:56:35 行号:55   PASS   左键单击[click]  用时:0.058s  
2019-11-27 09:56:38 行号:58   PASS   查找元素[find_element]  用时:0.010s  
2019-11-27 09:56:39 行号:58   PASS   左键单击[click]  用时:0.113s  
2019-11-27 09:56:41 行号:62   PASS   查找元素[find_element]  用时:0.009s  
2019-11-27 09:56:41 行号:62   PASS   左键单击[click]  用时:0.075s  
2019-11-27 09:56:42 行号:67   PASS   查找元素[find_element]  用时:0.011s  
2019-11-27 09:56:43 行号:67   PASS   模拟输入[send_keys]  用时:0.078s  
2019-11-27 09:56:45 行号:79   PASS   查找元素[find_element]  用时:0.011s  
2019-11-27 09:56:45 行号:79   PASS   左键单击[click]  用时:0.081s  
2019-11-27 09:56:46 行号:82   PASS   查找元素[find_element]  用时:0.010s  
2019-11-27 09:56:47 行号:82   PASS   左键单击[click]  用时:0.082s  
2019-11-27 09:56:48 行号:85   PASS   查找元素[find_element]  用时:0.011s  
2019-11-27 09:56:48 行号:85   PASS   左键单击[click]  用时:0.072s  
2019-11-27 09:56:50 行号:93   PASS   查找元素[find_element]  用时:0.008s  
2019-11-27 09:56:51 行号:93   PASS   左键单击[click]  用时:0.063s  
2019-11-27 09:56:52 行号:96   PASS   查找元素[find_element]  用时:0.011s  
2019-11-27 09:56:52 行号:96   PASS   左键单击[click]  用时:0.061s  
2019-11-27 09:56:54 行号:99   PASS   查找元素[find_element]  用时:0.010s  
2019-11-27 09:56:54 行号:99   PASS   左键单击[click]  用时:0.072s  
2019-11-27 09:56:58 行号:110  PASS   查找元素[find_element]  用时:0.009s  
2019-11-27 09:56:59 行号:114  PASS   查找元素[find_element]  用时:0.010s  
2019-11-27 09:57:00 行号:114  PASS   左键单击[click]  用时:0.043s  
2019-11-27 09:57:02 行号:117  PASS   查找元素[find_element]  用时:0.009s  
2019-11-27 09:57:02 行号:119  PASS   切换到表单[frame]  用时:0.016s  
2019-11-27 09:57:04 行号:133  PASS   查找元素[find_element]  用时:0.009s  
2019-11-27 09:57:05 行号:133  PASS   左键单击[click]  用时:0.099s  
2019-11-27 09:57:06 行号:136  PASS   查找元素[find_element]  用时:0.010s  
2019-11-27 09:57:07 行号:136  PASS   左键单击[click]  用时:0.058s  
2019-11-27 09:57:10 行号:139  PASS   查找元素[find_element]  用时:0.010s  
2019-11-27 09:57:10 行号:139  PASS   左键单击[click]  用时:0.096s  
2019-11-27 09:57:12 行号:143  PASS   查找元素[find_element]  用时:0.009s  
2019-11-27 09:57:13 行号:143  PASS   左键单击[click]  用时:0.076s  
2019-11-27 09:57:14 行号:146  PASS   查找元素[find_element]  用时:0.011s  
2019-11-27 09:57:14 行号:146  PASS   模拟输入[send_keys]  用时:0.073s  
2019-11-27 09:57:15 行号:149  PASS   查找元素[find_element]  用时:0.009s  
2019-11-27 09:57:16 行号:149  PASS   模拟输入[send_keys]  用时:0.045s  
2019-11-27 09:57:17 行号:152  PASS   查找元素[find_element]  用时:0.023s  
2019-11-27 09:57:17 行号:152  PASS   模拟输入[send_keys]  用时:0.050s  
2019-11-27 09:57:18 行号:161  PASS   查找元素[find_element]  用时:0.011s  
2019-11-27 09:57:19 行号:161  PASS   左键单击[click]  用时:0.082s  
2019-11-27 09:57:21 行号:165  PASS   查找元素[find_element]  用时:0.009s  
2019-11-27 09:57:22 行号:165  PASS   左键单击[click]  用时:0.076s  
2019-11-27 09:57:23 行号:168  PASS   查找元素[find_element]  用时:0.009s  
2019-11-27 09:57:23 行号:168  PASS   左键单击[click]  用时:0.065s  
2019-11-27 09:57:24 行号:171  PASS   查找元素[find_element]  用时:0.016s  
2019-11-27 09:57:25 行号:171  PASS   左键单击[click]  用时:0.076s  
2019-11-27 09:57:26 行号:174  PASS   查找元素[find_element]  用时:0.009s  
2019-11-27 09:57:27 行号:174  PASS   左键单击[click]  用时:0.063s  
2019-11-27 09:57:28 行号:177  PASS   查找元素[find_element]  用时:0.009s  
2019-11-27 09:57:29 行号:177  PASS   左键单击[click]  用时:0.068s  
2019-11-27 09:57:30 行号:180  PASS   查找元素[find_element]  用时:0.009s  
2019-11-27 09:57:31 行号:180  PASS   模拟输入[send_keys]  用时:0.059s  
2019-11-27 09:57:32 行号:184  PASS   查找元素[find_element]  用时:0.018s  
2019-11-27 09:57:33 行号:184  PASS   左键单击[click]  用时:0.087s  
2019-11-27 09:57:37 行号:195  PASS   查找元素[find_element]  用时:0.011s  
2019-11-27 09:57:38 行号:199  PASS   查找元素[find_element]  用时:0.009s  
2019-11-27 09:57:38 行号:199  PASS   左键单击[click]  用时:0.045s  
2019-11-27 09:57:40 行号:202  PASS   查找元素[find_element]  用时:0.028s  
2019-11-27 09:57:41 行号:204  PASS   切换到表单[frame]  用时:0.016s  
2019-11-27 09:57:45 行号:209  PASS   查找元素[find_element]  用时:0.016s  
2019-11-27 09:57:45 行号:209  PASS   左键单击[click]  用时:0.068s  
2019-11-27 09:57:46 脚本运行完毕...
2019-11-27 09:57:46 开始运行脚本<class 'script.testCase.U8EX项目.公共.U8EX登出.EasyCase'>
2019-11-27 09:57:46 行号:24   PASS   刷新页面[refresh]  用时:0.005s  
2019-11-27 09:57:48 行号:26   PASS   查找元素[find_element]  用时:0.011s  
2019-11-27 09:57:49 行号:26   PASS   左键单击[click]  用时:0.042s  
2019-11-27 09:57:50 行号:27   PASS   查找元素[find_element]  用时:0.010s  
2019-11-27 09:57:51 行号:27   PASS   左键单击[click]  用时:0.576s  
2019-11-27 09:57:52 脚本运行完毕...
2019-11-27 09:57:52 行号:0    PASS   关闭浏览器[quit]  用时:0.325s  
2019-11-27 09:57:55 场景<1>结束.用时:127.778s.
2019-11-27 09:57:55 场景统计结果：PASS:102(100.00%),FAIL:  0(0.00%),ERROR:  0(0.00%),TRUE:  0,FALSE:  0

2019-11-27 09:57:55 ----------------------------------------
2019-11-27 09:57:55 End.
2019-11-27 09:57:55 测试方案统计结果:
                    场景<1>:PASS:102(100.00%),FAIL:  0(0.00%),ERROR:  0(0.00%),TRUE:  0,FALSE:  0
                    总   计:PASS:102(100.00%),FAIL:  0(0.00%),ERROR:  0(0.00%),TRUE:  0,FALSE:  0

