2019-11-27 09:29:53 Start.
2019-11-27 09:29:53 场景<1>开始.
2019-11-27 09:29:57 行号:0    PASS   最大化浏览器窗口[maximize_window]  用时:1.124s  
2019-11-27 09:29:58 chrome浏览器启动成功.
2019-11-27 09:29:58 开始加载脚本...
2019-11-27 09:29:58 脚本<1>：U8EX登录 加载成功.脚本路径：script/testCase/U8EX项目/公共/U8EX登录
2019-11-27 09:29:58 脚本<2>：我的申请 加载成功.脚本路径：script/testCase/Y3me项目/人力资源/员工服务/我的申请
2019-11-27 09:29:58 脚本<3>：U8EX登出 加载成功.脚本路径：script/testCase/U8EX项目/公共/U8EX登出
2019-11-27 09:29:58 脚本加载完成...
2019-11-27 09:29:58 开始运行脚本<class 'script.testCase.U8EX项目.公共.U8EX登录.EasyCase'>
2019-11-27 09:29:59 行号:28   PASS   访问页面[get]  用时:1.316s  
2019-11-27 09:30:00 行号:29   PASS   查找元素[find_element]  用时:0.011s  
2019-11-27 09:30:00 行号:29   PASS   左键单击[click]  用时:0.047s  
2019-11-27 09:30:01 行号:32   PASS   查找元素[find_element]  用时:0.012s  
2019-11-27 09:30:02 行号:33   PASS   切换到表单[frame]  用时:0.016s  
2019-11-27 09:30:04 行号:36   PASS   查找元素[find_element]  用时:0.010s  
2019-11-27 09:30:04 行号:36   PASS   清除文本[clear]  用时:0.017s  
2019-11-27 09:30:05 行号:37   PASS   查找元素[find_element]  用时:0.006s  
2019-11-27 09:30:06 行号:37   PASS   模拟输入[send_keys]  用时:0.078s  
2019-11-27 09:30:07 行号:38   PASS   查找元素[find_element]  用时:0.009s  
2019-11-27 09:30:08 行号:38   PASS   清除文本[clear]  用时:0.018s  
2019-11-27 09:30:09 行号:39   PASS   查找元素[find_element]  用时:0.006s  
2019-11-27 09:30:09 行号:39   PASS   模拟输入[send_keys]  用时:0.064s  
2019-11-27 09:30:11 行号:41   PASS   查找元素[find_element]  用时:0.009s  
2019-11-27 09:30:12 行号:41   PASS   左键单击[click]  用时:0.086s  
2019-11-27 09:30:14 行号:47   PASS   查找元素[find_element]  用时:0.012s  
2019-11-27 09:30:15 行号:47   PASS   左键单击[click]  用时:0.354s  
2019-11-27 09:30:16 行号:48   PASS   查找元素[find_element]  用时:0.012s  
2019-11-27 09:30:16 行号:48   PASS   左键单击[click]  用时:0.105s  
2019-11-27 09:30:17 行号:50   PASS   查找元素[find_element]  用时:0.010s  
2019-11-27 09:30:18 行号:50   PASS   左键单击[click]  用时:0.414s  
2019-11-27 09:30:19 脚本运行完毕...
2019-11-27 09:30:19 开始运行脚本<class 'script.testCase.Y3me项目.人力资源.员工服务.我的申请.EasyCase'>
2019-11-27 09:30:19 行号:24   PASS   刷新页面[refresh]  用时:0.008s  
2019-11-27 09:30:20 行号:30   PASS   查找元素[find_element]  用时:0.011s  
2019-11-27 09:30:21 行号:30   PASS   左键单击[click]  用时:0.051s  
2019-11-27 09:30:24 行号:33   PASS   查找元素[find_element]  用时:0.011s  
2019-11-27 09:30:24 行号:33   PASS   左键单击[click]  用时:0.049s  
2019-11-27 09:30:27 行号:36   PASS   查找元素[find_element]  用时:0.009s  
2019-11-27 09:30:31 行号:43   PASS   查找元素[find_element]  用时:0.011s  
2019-11-27 09:30:31 行号:43   PASS   左键单击[click]  用时:0.044s  
2019-11-27 09:30:34 行号:47   PASS   查找元素[find_element]  用时:0.009s  
2019-11-27 09:30:35 行号:50   PASS   切换到表单[frame]  用时:0.017s  
2019-11-27 09:30:38 行号:53   PASS   查找元素[find_element]  用时:0.010s  
2019-11-27 09:30:39 行号:53   PASS   左键单击[click]  用时:0.105s  
2019-11-27 09:30:40 行号:55   PASS   查找元素[find_element]  用时:0.009s  
2019-11-27 09:30:40 行号:55   PASS   左键单击[click]  用时:0.059s  
2019-11-27 09:30:43 行号:58   PASS   查找元素[find_element]  用时:0.010s  
2019-11-27 09:30:44 行号:58   PASS   左键单击[click]  用时:0.106s  
2019-11-27 09:30:46 行号:62   PASS   查找元素[find_element]  用时:0.009s  
2019-11-27 09:30:46 行号:62   PASS   左键单击[click]  用时:0.073s  
2019-11-27 09:30:47 行号:67   PASS   查找元素[find_element]  用时:0.012s  
2019-11-27 09:30:48 行号:67   PASS   模拟输入[send_keys]  用时:0.074s  
2019-11-27 09:30:50 行号:71   PASS   查找元素[find_element]  用时:0.011s  
2019-11-27 09:30:50 行号:71   PASS   左键单击[click]  用时:0.058s  
2019-11-27 09:30:52 行号:79   PASS   查找元素[find_element]  用时:0.021s  
2019-11-27 09:30:53 行号:79   PASS   左键单击[click]  用时:0.082s  
2019-11-27 09:30:54 行号:82   PASS   查找元素[find_element]  用时:0.010s  
2019-11-27 09:30:55 行号:82   PASS   左键单击[click]  用时:0.066s  
2019-11-27 09:30:56 行号:85   PASS   查找元素[find_element]  用时:0.010s  
2019-11-27 09:30:56 行号:85   PASS   左键单击[click]  用时:0.073s  
2019-11-27 09:30:58 行号:88   PASS   查找元素[find_element]  用时:0.009s  
2019-11-27 09:30:58 行号:88   PASS   左键单击[click]  用时:0.084s  
2019-11-27 09:30:59 行号:89   PASS   查找元素[find_element]  用时:0.010s  
2019-11-27 09:31:00 行号:89   PASS   左键单击[click]  用时:0.058s  
2019-11-27 09:31:01 行号:93   PASS   查找元素[find_element]  用时:0.010s  
2019-11-27 09:31:01 行号:93   PASS   左键单击[click]  用时:0.075s  
2019-11-27 09:31:03 行号:97   PASS   查找元素[find_element]  用时:0.009s  
2019-11-27 09:31:04 行号:97   PASS   左键单击[click]  用时:0.060s  
2019-11-27 09:31:08 行号:108  PASS   查找元素[find_element]  用时:0.013s  
2019-11-27 09:31:09 行号:112  PASS   查找元素[find_element]  用时:0.010s  
2019-11-27 09:31:09 行号:112  PASS   左键单击[click]  用时:0.036s  
2019-11-27 09:31:11 行号:115  PASS   查找元素[find_element]  用时:0.009s  
2019-11-27 09:31:12 行号:117  PASS   切换到表单[frame]  用时:0.026s  
2019-11-27 09:31:14 行号:120  PASS   查找元素[find_element]  用时:0.010s  
2019-11-27 09:31:14 行号:120  PASS   左键单击[click]  用时:0.098s  
2019-11-27 09:31:45 行号:124  FAIL   查找元素[find_element]  用时:30.025s  参数:{'list': '', 'dict': {'xpath': '//*[@id="leaveapprove-wrap"]/div/div[2]/div[3]/table/tbody/tr[4]/td[5]/div'}} 页面中没有该元素.NoSuchElementException
2019-11-27 09:31:46 行号:131  PASS   查找元素[find_element]  用时:0.010s  
2019-11-27 09:31:46 行号:131  PASS   左键单击[click]  用时:0.122s  
2019-11-27 09:31:47 行号:134  PASS   查找元素[find_element]  用时:0.009s  
2019-11-27 09:31:48 行号:134  PASS   左键单击[click]  用时:0.055s  
2019-11-27 09:31:51 行号:137  PASS   查找元素[find_element]  用时:0.010s  
2019-11-27 09:31:52 行号:137  PASS   左键单击[click]  用时:0.123s  
2019-11-27 09:31:54 行号:141  PASS   查找元素[find_element]  用时:0.010s  
2019-11-27 09:31:54 行号:141  PASS   左键单击[click]  用时:0.083s  
2019-11-27 09:31:55 行号:144  PASS   查找元素[find_element]  用时:0.020s  
2019-11-27 09:31:56 行号:144  PASS   模拟输入[send_keys]  用时:0.059s  
