2019-11-27 09:44:06 Start.
2019-11-27 09:44:06 场景<1>开始.
2019-11-27 09:44:09 行号:0    PASS   最大化浏览器窗口[maximize_window]  用时:1.120s  
2019-11-27 09:44:10 chrome浏览器启动成功.
2019-11-27 09:44:10 开始加载脚本...
2019-11-27 09:44:10 脚本<1>：U8EX登录 加载成功.脚本路径：script/testCase/U8EX项目/公共/U8EX登录
2019-11-27 09:44:10 脚本<2>：我的申请 加载成功.脚本路径：script/testCase/Y3me项目/人力资源/员工服务/我的申请
2019-11-27 09:44:10 脚本<3>：U8EX登出 加载成功.脚本路径：script/testCase/U8EX项目/公共/U8EX登出
2019-11-27 09:44:10 脚本加载完成...
2019-11-27 09:44:10 开始运行脚本<class 'script.testCase.U8EX项目.公共.U8EX登录.EasyCase'>
2019-11-27 09:44:12 行号:28   PASS   访问页面[get]  用时:1.331s  
2019-11-27 09:44:13 行号:29   PASS   查找元素[find_element]  用时:0.011s  
2019-11-27 09:44:13 行号:29   PASS   左键单击[click]  用时:0.044s  
2019-11-27 09:44:14 行号:32   PASS   查找元素[find_element]  用时:0.013s  
2019-11-27 09:44:15 行号:33   PASS   切换到表单[frame]  用时:0.017s  
2019-11-27 09:44:17 行号:36   PASS   查找元素[find_element]  用时:0.010s  
2019-11-27 09:44:17 行号:36   PASS   清除文本[clear]  用时:0.018s  
2019-11-27 09:44:18 行号:37   PASS   查找元素[find_element]  用时:0.008s  
2019-11-27 09:44:19 行号:37   PASS   模拟输入[send_keys]  用时:0.083s  
2019-11-27 09:44:20 行号:38   PASS   查找元素[find_element]  用时:0.009s  
2019-11-27 09:44:21 行号:38   PASS   清除文本[clear]  用时:0.017s  
2019-11-27 09:44:22 行号:39   PASS   查找元素[find_element]  用时:0.017s  
2019-11-27 09:44:22 行号:39   PASS   模拟输入[send_keys]  用时:0.062s  
2019-11-27 09:44:24 行号:41   PASS   查找元素[find_element]  用时:0.010s  
2019-11-27 09:44:25 行号:41   PASS   左键单击[click]  用时:0.091s  
2019-11-27 09:44:27 行号:47   PASS   查找元素[find_element]  用时:0.014s  
2019-11-27 09:44:27 行号:47   PASS   左键单击[click]  用时:0.072s  
2019-11-27 09:44:28 行号:48   PASS   查找元素[find_element]  用时:0.011s  
2019-11-27 09:44:29 行号:48   PASS   左键单击[click]  用时:0.099s  
2019-11-27 09:44:30 行号:50   PASS   查找元素[find_element]  用时:0.010s  
2019-11-27 09:44:31 行号:50   PASS   左键单击[click]  用时:0.465s  
2019-11-27 09:44:32 脚本运行完毕...
2019-11-27 09:44:32 开始运行脚本<class 'script.testCase.Y3me项目.人力资源.员工服务.我的申请.EasyCase'>
2019-11-27 09:44:32 行号:24   PASS   刷新页面[refresh]  用时:0.241s  
2019-11-27 09:44:33 行号:30   PASS   查找元素[find_element]  用时:0.010s  
2019-11-27 09:44:34 行号:30   PASS   左键单击[click]  用时:0.052s  
2019-11-27 09:44:37 行号:33   PASS   查找元素[find_element]  用时:0.010s  
2019-11-27 09:44:37 行号:33   PASS   左键单击[click]  用时:0.047s  
2019-11-27 09:44:40 行号:36   PASS   查找元素[find_element]  用时:0.010s  
2019-11-27 09:44:44 行号:43   PASS   查找元素[find_element]  用时:0.011s  
2019-11-27 09:44:44 行号:43   PASS   左键单击[click]  用时:0.040s  
2019-11-27 09:44:47 行号:47   PASS   查找元素[find_element]  用时:0.011s  
2019-11-27 09:44:48 行号:50   PASS   切换到表单[frame]  用时:0.031s  
2019-11-27 09:44:51 行号:53   PASS   查找元素[find_element]  用时:0.010s  
2019-11-27 09:44:52 行号:53   PASS   左键单击[click]  用时:0.103s  
2019-11-27 09:44:53 行号:55   PASS   查找元素[find_element]  用时:0.010s  
2019-11-27 09:44:53 行号:55   PASS   左键单击[click]  用时:0.054s  
2019-11-27 09:44:56 行号:58   PASS   查找元素[find_element]  用时:0.010s  
2019-11-27 09:44:57 行号:58   PASS   左键单击[click]  用时:0.099s  
2019-11-27 09:44:59 行号:62   PASS   查找元素[find_element]  用时:0.010s  
2019-11-27 09:44:59 行号:62   PASS   左键单击[click]  用时:0.070s  
2019-11-27 09:45:00 行号:67   PASS   查找元素[find_element]  用时:0.012s  
2019-11-27 09:45:01 行号:67   PASS   模拟输入[send_keys]  用时:0.085s  
2019-11-27 09:45:03 行号:79   PASS   查找元素[find_element]  用时:0.011s  
2019-11-27 09:45:03 行号:79   PASS   左键单击[click]  用时:0.083s  
2019-11-27 09:45:05 行号:82   PASS   查找元素[find_element]  用时:0.010s  
2019-11-27 09:45:05 行号:82   PASS   左键单击[click]  用时:0.065s  
2019-11-27 09:45:06 行号:85   PASS   查找元素[find_element]  用时:0.011s  
2019-11-27 09:45:07 行号:85   PASS   左键单击[click]  用时:0.070s  
2019-11-27 09:45:08 行号:93   PASS   查找元素[find_element]  用时:0.010s  
2019-11-27 09:45:09 行号:93   PASS   左键单击[click]  用时:0.061s  
2019-11-27 09:45:10 行号:96   PASS   查找元素[find_element]  用时:0.009s  
2019-11-27 09:45:10 行号:96   PASS   左键单击[click]  用时:0.058s  
2019-11-27 09:45:12 行号:99   PASS   查找元素[find_element]  用时:0.010s  
2019-11-27 09:45:12 行号:99   PASS   左键单击[click]  用时:0.067s  
2019-11-27 09:45:16 行号:110  PASS   查找元素[find_element]  用时:0.009s  
2019-11-27 09:45:17 行号:114  PASS   查找元素[find_element]  用时:0.010s  
2019-11-27 09:45:18 行号:114  PASS   左键单击[click]  用时:0.051s  
2019-11-27 09:45:20 行号:117  PASS   查找元素[find_element]  用时:0.009s  
2019-11-27 09:45:20 行号:119  PASS   切换到表单[frame]  用时:0.016s  
2019-11-27 09:45:23 行号:122  PASS   查找元素[find_element]  用时:0.011s  
2019-11-27 09:45:23 行号:122  PASS   左键单击[click]  用时:0.106s  
2019-11-27 09:45:54 行号:126  FAIL   查找元素[find_element]  用时:30.022s  参数:{'list': '', 'dict': {'xpath': '//*[@id="leaveapprove-wrap"]/div/div[2]/div[3]/table/tbody/tr[4]/td[5]/div'}} 页面中没有该元素.NoSuchElementException
2019-11-27 09:45:55 行号:133  PASS   查找元素[find_element]  用时:0.010s  
2019-11-27 09:45:55 行号:133  PASS   左键单击[click]  用时:0.126s  
2019-11-27 09:45:56 行号:136  PASS   查找元素[find_element]  用时:0.019s  
2019-11-27 09:45:57 行号:136  PASS   左键单击[click]  用时:0.059s  
2019-11-27 09:46:00 行号:139  PASS   查找元素[find_element]  用时:0.011s  
2019-11-27 09:46:00 行号:139  PASS   左键单击[click]  用时:0.092s  
2019-11-27 09:46:02 行号:143  PASS   查找元素[find_element]  用时:0.015s  
2019-11-27 09:46:03 行号:143  PASS   左键单击[click]  用时:0.075s  
2019-11-27 09:46:04 行号:146  PASS   查找元素[find_element]  用时:0.013s  
2019-11-27 09:46:05 行号:146  PASS   模拟输入[send_keys]  用时:0.070s  
2019-11-27 09:46:06 行号:149  PASS   查找元素[find_element]  用时:0.010s  
2019-11-27 09:46:06 行号:149  PASS   模拟输入[send_keys]  用时:0.070s  
2019-11-27 09:46:07 行号:152  PASS   查找元素[find_element]  用时:0.010s  
2019-11-27 09:46:08 行号:152  PASS   模拟输入[send_keys]  用时:0.046s  
2019-11-27 09:46:09 行号:161  PASS   查找元素[find_element]  用时:0.011s  
2019-11-27 09:46:09 行号:161  PASS   左键单击[click]  用时:0.072s  
2019-11-27 09:46:11 行号:165  PASS   查找元素[find_element]  用时:0.009s  
2019-11-27 09:46:12 行号:165  PASS   左键单击[click]  用时:0.077s  
2019-11-27 09:46:13 行号:168  PASS   查找元素[find_element]  用时:0.018s  
2019-11-27 09:46:14 行号:168  PASS   左键单击[click]  用时:0.082s  
2019-11-27 09:46:15 行号:171  PASS   查找元素[find_element]  用时:0.009s  
2019-11-27 09:46:15 行号:171  PASS   左键单击[click]  用时:0.070s  
2019-11-27 09:46:17 行号:174  PASS   查找元素[find_element]  用时:0.010s  
2019-11-27 09:46:17 行号:174  PASS   左键单击[click]  用时:0.063s  
2019-11-27 09:46:19 行号:177  PASS   查找元素[find_element]  用时:0.010s  
2019-11-27 09:46:19 行号:177  PASS   左键单击[click]  用时:0.073s  
2019-11-27 09:46:20 行号:180  PASS   查找元素[find_element]  用时:0.009s  
2019-11-27 09:46:21 行号:180  PASS   模拟输入[send_keys]  用时:0.062s  
2019-11-27 09:46:22 行号:184  PASS   查找元素[find_element]  用时:0.010s  
2019-11-27 09:46:23 行号:184  PASS   左键单击[click]  用时:0.065s  
2019-11-27 09:46:27 行号:195  PASS   查找元素[find_element]  用时:0.009s  
2019-11-27 09:46:28 行号:199  PASS   查找元素[find_element]  用时:0.009s  
2019-11-27 09:46:29 行号:199  PASS   左键单击[click]  用时:0.039s  
2019-11-27 09:46:31 行号:202  PASS   查找元素[find_element]  用时:0.064s  
2019-11-27 09:46:31 行号:204  PASS   切换到表单[frame]  用时:0.022s  
2019-11-27 09:46:35 行号:209  PASS   查找元素[find_element]  用时:0.010s  
2019-11-27 09:46:36 行号:209  PASS   左键单击[click]  用时:0.064s  
2019-11-27 09:46:37 脚本运行完毕...
2019-11-27 09:46:37 开始运行脚本<class 'script.testCase.U8EX项目.公共.U8EX登出.EasyCase'>
2019-11-27 09:46:37 行号:24   PASS   刷新页面[refresh]  用时:0.006s  
2019-11-27 09:46:39 行号:26   PASS   查找元素[find_element]  用时:0.011s  
2019-11-27 09:46:39 行号:26   PASS   左键单击[click]  用时:0.039s  
2019-11-27 09:46:40 行号:27   PASS   查找元素[find_element]  用时:0.010s  
2019-11-27 09:46:41 行号:27   PASS   左键单击[click]  用时:0.529s  
2019-11-27 09:46:42 脚本运行完毕...
2019-11-27 09:46:43 行号:0    PASS   关闭浏览器[quit]  用时:0.273s  
2019-11-27 09:46:46 场景<1>结束.用时:159.879s.
2019-11-27 09:46:46 场景统计结果：PASS:104(99.05%),FAIL:  1(0.95%),ERROR:  0(0.00%),TRUE:  0,FALSE:  0

2019-11-27 09:46:46 ----------------------------------------
2019-11-27 09:46:46 End.
2019-11-27 09:46:46 测试方案统计结果:
                    场景<1>:PASS:104(99.05%),FAIL:  1(0.95%),ERROR:  0(0.00%),TRUE:  0,FALSE:  0
                    总   计:PASS:104(99.05%),FAIL:  1(0.95%),ERROR:  0(0.00%),TRUE:  0,FALSE:  0

