2019-11-27 09:40:31 Start.
2019-11-27 09:40:32 场景<1>开始.
2019-11-27 09:40:35 行号:0    PASS   最大化浏览器窗口[maximize_window]  用时:1.114s  
2019-11-27 09:40:36 chrome浏览器启动成功.
2019-11-27 09:40:36 开始加载脚本...
2019-11-27 09:40:36 脚本<1>：U8EX登录 加载成功.脚本路径：script/testCase/U8EX项目/公共/U8EX登录
2019-11-27 09:40:36 脚本<2>：我的申请 加载成功.脚本路径：script/testCase/Y3me项目/人力资源/员工服务/我的申请
2019-11-27 09:40:36 脚本<3>：U8EX登出 加载成功.脚本路径：script/testCase/U8EX项目/公共/U8EX登出
2019-11-27 09:40:36 脚本加载完成...
2019-11-27 09:40:36 开始运行脚本<class 'script.testCase.U8EX项目.公共.U8EX登录.EasyCase'>
2019-11-27 09:40:38 行号:28   PASS   访问页面[get]  用时:1.282s  
2019-11-27 09:40:39 行号:29   PASS   查找元素[find_element]  用时:0.013s  
2019-11-27 09:40:39 行号:29   PASS   左键单击[click]  用时:0.075s  
2019-11-27 09:40:40 行号:32   PASS   查找元素[find_element]  用时:0.010s  
2019-11-27 09:40:41 行号:33   PASS   切换到表单[frame]  用时:0.018s  
2019-11-27 09:40:43 行号:36   PASS   查找元素[find_element]  用时:0.011s  
2019-11-27 09:40:43 行号:36   PASS   清除文本[clear]  用时:0.017s  
2019-11-27 09:40:44 行号:37   PASS   查找元素[find_element]  用时:0.006s  
2019-11-27 09:40:45 行号:37   PASS   模拟输入[send_keys]  用时:0.082s  
2019-11-27 09:40:46 行号:38   PASS   查找元素[find_element]  用时:0.009s  
2019-11-27 09:40:46 行号:38   PASS   清除文本[clear]  用时:0.019s  
2019-11-27 09:40:47 行号:39   PASS   查找元素[find_element]  用时:0.006s  
2019-11-27 09:40:48 行号:39   PASS   模拟输入[send_keys]  用时:0.062s  
2019-11-27 09:40:50 行号:41   PASS   查找元素[find_element]  用时:0.010s  
2019-11-27 09:40:51 行号:41   PASS   左键单击[click]  用时:0.082s  
2019-11-27 09:40:53 行号:47   PASS   查找元素[find_element]  用时:0.013s  
2019-11-27 09:40:53 行号:47   PASS   左键单击[click]  用时:0.132s  
2019-11-27 09:40:54 行号:48   PASS   查找元素[find_element]  用时:0.011s  
2019-11-27 09:40:55 行号:48   PASS   左键单击[click]  用时:0.099s  
2019-11-27 09:40:56 行号:50   PASS   查找元素[find_element]  用时:0.010s  
2019-11-27 09:40:57 行号:50   PASS   左键单击[click]  用时:0.395s  
2019-11-27 09:40:58 脚本运行完毕...
2019-11-27 09:40:58 开始运行脚本<class 'script.testCase.Y3me项目.人力资源.员工服务.我的申请.EasyCase'>
2019-11-27 09:40:58 行号:24   PASS   刷新页面[refresh]  用时:0.236s  
2019-11-27 09:40:59 行号:30   PASS   查找元素[find_element]  用时:0.014s  
2019-11-27 09:41:00 行号:30   PASS   左键单击[click]  用时:0.053s  
2019-11-27 09:41:03 行号:33   PASS   查找元素[find_element]  用时:0.009s  
2019-11-27 09:41:03 行号:33   PASS   左键单击[click]  用时:0.051s  
2019-11-27 09:41:06 行号:36   PASS   查找元素[find_element]  用时:0.008s  
2019-11-27 09:41:10 行号:43   PASS   查找元素[find_element]  用时:0.019s  
2019-11-27 09:41:10 行号:43   PASS   左键单击[click]  用时:0.038s  
2019-11-27 09:41:13 行号:47   PASS   查找元素[find_element]  用时:0.009s  
2019-11-27 09:41:14 行号:50   PASS   切换到表单[frame]  用时:0.017s  
2019-11-27 09:41:17 行号:53   PASS   查找元素[find_element]  用时:0.025s  
2019-11-27 09:41:17 行号:53   PASS   左键单击[click]  用时:0.101s  
2019-11-27 09:41:18 行号:55   PASS   查找元素[find_element]  用时:0.011s  
2019-11-27 09:41:19 行号:55   PASS   左键单击[click]  用时:0.053s  
2019-11-27 09:41:22 行号:58   PASS   查找元素[find_element]  用时:0.010s  
2019-11-27 09:41:23 行号:58   PASS   左键单击[click]  用时:0.104s  
2019-11-27 09:41:25 行号:62   PASS   查找元素[find_element]  用时:0.009s  
2019-11-27 09:41:25 行号:62   PASS   左键单击[click]  用时:0.070s  
2019-11-27 09:41:26 行号:67   PASS   查找元素[find_element]  用时:0.014s  
2019-11-27 09:41:27 行号:67   PASS   模拟输入[send_keys]  用时:0.091s  
2019-11-27 09:41:29 行号:79   PASS   查找元素[find_element]  用时:0.009s  
2019-11-27 09:41:29 行号:79   PASS   左键单击[click]  用时:0.077s  
2019-11-27 09:41:30 行号:82   PASS   查找元素[find_element]  用时:0.012s  
2019-11-27 09:41:31 行号:82   PASS   左键单击[click]  用时:0.079s  
2019-11-27 09:41:32 行号:85   PASS   查找元素[find_element]  用时:0.009s  
2019-11-27 09:41:33 行号:85   PASS   左键单击[click]  用时:0.073s  
2019-11-27 09:41:34 行号:93   PASS   查找元素[find_element]  用时:0.011s  
2019-11-27 09:41:35 行号:93   PASS   左键单击[click]  用时:0.070s  
2019-11-27 09:41:36 行号:97   PASS   查找元素[find_element]  用时:0.010s  
2019-11-27 09:41:37 行号:97   PASS   左键单击[click]  用时:0.072s  
2019-11-27 09:41:41 行号:108  PASS   查找元素[find_element]  用时:0.009s  
2019-11-27 09:42:12 行号:112  FAIL   查找元素[find_element]  用时:30.024s  参数:{'list': '', 'dict': {'xpath': '//span[text()="刷新"]'}} 页面中没有该元素.NoSuchElementException
2019-11-27 09:42:12 行号:112  ERROR  左键单击[click]  用时:0.000s  由于未找到元素，操作失败
2019-11-27 09:42:14 行号:115  PASS   查找元素[find_element]  用时:0.009s  
2019-11-27 09:42:15 行号:117  PASS   切换到表单[frame]  用时:0.017s  
2019-11-27 09:42:47 行号:120  FAIL   查找元素[find_element]  用时:30.029s  参数:{'list': '', 'dict': {'xpath': '//ul[@class="el-menu--horizontal el-menu"]/li[3]'}} 页面中没有该元素.NoSuchElementException
2019-11-27 09:42:47 行号:120  ERROR  左键单击[click]  用时:0.000s  由于未找到元素，操作失败
2019-11-27 09:43:18 行号:124  FAIL   查找元素[find_element]  用时:30.054s  参数:{'list': '', 'dict': {'xpath': '//*[@id="leaveapprove-wrap"]/div/div[2]/div[3]/table/tbody/tr[4]/td[5]/div'}} 页面中没有该元素.NoSuchElementException
2019-11-27 09:43:49 行号:131  FAIL   查找元素[find_element]  用时:30.010s  参数:{'list': '', 'dict': {'xpath': '//ul[@class="el-menu--horizontal el-menu"]/li[4]'}} 页面中没有该元素.NoSuchElementException
2019-11-27 09:43:49 行号:131  ERROR  左键单击[click]  用时:0.000s  由于未找到元素，操作失败
