2019-11-27 09:25:46 Start.
2019-11-27 09:25:47 场景<1>开始.
2019-11-27 09:25:51 行号:0    PASS   最大化浏览器窗口[maximize_window]  用时:1.118s  
2019-11-27 09:25:52 chrome浏览器启动成功.
2019-11-27 09:25:52 开始加载脚本...
2019-11-27 09:25:52 脚本<1>：U8EX登录 加载成功.脚本路径：script/testCase/U8EX项目/公共/U8EX登录
2019-11-27 09:25:52 脚本<2>：我的申请 加载成功.脚本路径：script/testCase/Y3me项目/人力资源/员工服务/我的申请
2019-11-27 09:25:52 脚本<3>：U8EX登出 加载成功.脚本路径：script/testCase/U8EX项目/公共/U8EX登出
2019-11-27 09:25:52 脚本加载完成...
2019-11-27 09:25:52 开始运行脚本<class 'script.testCase.U8EX项目.公共.U8EX登录.EasyCase'>
2019-11-27 09:25:53 行号:28   PASS   访问页面[get]  用时:1.149s  
2019-11-27 09:25:54 行号:29   PASS   查找元素[find_element]  用时:0.012s  
2019-11-27 09:25:55 行号:29   PASS   左键单击[click]  用时:0.044s  
2019-11-27 09:25:56 行号:32   PASS   查找元素[find_element]  用时:0.010s  
2019-11-27 09:25:56 行号:33   PASS   切换到表单[frame]  用时:0.016s  
2019-11-27 09:25:58 行号:36   PASS   查找元素[find_element]  用时:0.009s  
2019-11-27 09:25:59 行号:36   PASS   清除文本[clear]  用时:0.020s  
2019-11-27 09:26:00 行号:37   PASS   查找元素[find_element]  用时:0.007s  
2019-11-27 09:26:00 行号:37   PASS   模拟输入[send_keys]  用时:0.072s  
2019-11-27 09:26:01 行号:38   PASS   查找元素[find_element]  用时:0.009s  
2019-11-27 09:26:02 行号:38   PASS   清除文本[clear]  用时:0.017s  
2019-11-27 09:26:03 行号:39   PASS   查找元素[find_element]  用时:0.007s  
2019-11-27 09:26:04 行号:39   PASS   模拟输入[send_keys]  用时:0.075s  
2019-11-27 09:26:06 行号:41   PASS   查找元素[find_element]  用时:0.009s  
2019-11-27 09:26:06 行号:41   PASS   左键单击[click]  用时:0.082s  
2019-11-27 09:26:08 行号:47   PASS   查找元素[find_element]  用时:0.013s  
2019-11-27 09:26:09 行号:47   PASS   左键单击[click]  用时:0.077s  
2019-11-27 09:26:10 行号:48   PASS   查找元素[find_element]  用时:0.012s  
2019-11-27 09:26:10 行号:48   PASS   左键单击[click]  用时:0.100s  
2019-11-27 09:26:11 行号:50   PASS   查找元素[find_element]  用时:0.008s  
2019-11-27 09:26:12 行号:50   PASS   左键单击[click]  用时:0.359s  
2019-11-27 09:26:13 脚本运行完毕...
2019-11-27 09:26:13 开始运行脚本<class 'script.testCase.Y3me项目.人力资源.员工服务.我的申请.EasyCase'>
2019-11-27 09:26:13 行号:24   PASS   刷新页面[refresh]  用时:0.007s  
2019-11-27 09:26:14 行号:30   PASS   查找元素[find_element]  用时:0.011s  
2019-11-27 09:26:15 行号:30   PASS   左键单击[click]  用时:0.052s  
2019-11-27 09:26:18 行号:33   PASS   查找元素[find_element]  用时:0.011s  
2019-11-27 09:26:18 行号:33   PASS   左键单击[click]  用时:0.054s  
2019-11-27 09:26:21 行号:36   PASS   查找元素[find_element]  用时:0.009s  
2019-11-27 09:26:25 行号:43   PASS   查找元素[find_element]  用时:0.009s  
2019-11-27 09:26:26 行号:43   PASS   左键单击[click]  用时:0.044s  
2019-11-27 09:26:29 行号:47   PASS   查找元素[find_element]  用时:0.010s  
2019-11-27 09:26:29 行号:50   PASS   切换到表单[frame]  用时:0.016s  
2019-11-27 09:26:32 行号:53   PASS   查找元素[find_element]  用时:0.010s  
2019-11-27 09:26:33 行号:53   PASS   左键单击[click]  用时:0.101s  
2019-11-27 09:26:34 行号:55   PASS   查找元素[find_element]  用时:0.011s  
2019-11-27 09:26:34 行号:55   PASS   左键单击[click]  用时:0.057s  
2019-11-27 09:26:37 行号:58   PASS   查找元素[find_element]  用时:0.010s  
2019-11-27 09:26:38 行号:58   PASS   左键单击[click]  用时:0.139s  
2019-11-27 09:26:40 行号:62   PASS   查找元素[find_element]  用时:0.010s  
2019-11-27 09:26:40 行号:62   PASS   左键单击[click]  用时:0.073s  
2019-11-27 09:26:41 行号:67   PASS   查找元素[find_element]  用时:0.009s  
2019-11-27 09:26:42 行号:67   PASS   模拟输入[send_keys]  用时:0.092s  
2019-11-27 09:26:44 行号:71   PASS   查找元素[find_element]  用时:0.010s  
2019-11-27 09:26:45 行号:71   PASS   左键单击[click]  用时:0.059s  
2019-11-27 09:26:51 行号:79   PASS   查找元素[find_element]  用时:0.011s  
2019-11-27 09:26:52 行号:79   PASS   左键单击[click]  用时:0.068s  
2019-11-27 09:26:53 行号:82   PASS   查找元素[find_element]  用时:0.010s  
2019-11-27 09:26:53 行号:82   PASS   左键单击[click]  用时:0.085s  
2019-11-27 09:26:54 行号:85   PASS   查找元素[find_element]  用时:0.010s  
2019-11-27 09:26:55 行号:85   PASS   左键单击[click]  用时:0.073s  
2019-11-27 09:26:56 行号:88   PASS   查找元素[find_element]  用时:0.010s  
2019-11-27 09:26:57 行号:88   PASS   左键单击[click]  用时:0.067s  
2019-11-27 09:26:58 行号:89   PASS   查找元素[find_element]  用时:0.009s  
2019-11-27 09:26:59 行号:89   PASS   左键单击[click]  用时:0.060s  
2019-11-27 09:27:00 行号:93   PASS   查找元素[find_element]  用时:0.009s  
2019-11-27 09:27:00 行号:93   PASS   左键单击[click]  用时:0.061s  
2019-11-27 09:27:02 行号:97   PASS   查找元素[find_element]  用时:0.009s  
2019-11-27 09:27:02 行号:97   PASS   左键单击[click]  用时:0.059s  
2019-11-27 09:27:06 行号:108  PASS   查找元素[find_element]  用时:0.011s  
2019-11-27 09:27:07 行号:112  PASS   查找元素[find_element]  用时:0.011s  
2019-11-27 09:27:08 行号:112  PASS   左键单击[click]  用时:0.043s  
2019-11-27 09:27:10 行号:115  PASS   查找元素[find_element]  用时:0.009s  
2019-11-27 09:27:10 行号:117  PASS   切换到表单[frame]  用时:0.017s  
