2019-11-27 14:42:11 Start.
2019-11-27 14:42:11 场景<1>开始.
2019-11-27 14:42:14 行号:0    PASS   最大化浏览器窗口[maximize_window]  用时:1.115s  
2019-11-27 14:42:15 chrome浏览器启动成功.
2019-11-27 14:42:15 开始加载脚本...
2019-11-27 14:42:15 脚本<1>：U8EX登录 加载成功.脚本路径：script/testCase/U8EX项目/公共/U8EX登录
2019-11-27 14:42:15 脚本<2>：现金流量类型 加载成功.脚本路径：script/testCase/Y3me项目/数字化建模/总账/现金流量类型
2019-11-27 14:42:15 脚本<3>：U8EX登出 加载成功.脚本路径：script/testCase/U8EX项目/公共/U8EX登出
2019-11-27 14:42:15 脚本加载完成...
2019-11-27 14:42:15 开始运行脚本<class 'script.testCase.U8EX项目.公共.U8EX登录.EasyCase'>
2019-11-27 14:42:17 行号:28   PASS   访问页面[get]  用时:1.168s  
2019-11-27 14:42:18 行号:29   PASS   查找元素[find_element]  用时:0.010s  
2019-11-27 14:42:18 行号:29   PASS   左键单击[click]  用时:0.049s  
2019-11-27 14:42:19 行号:32   PASS   查找元素[find_element]  用时:0.015s  
2019-11-27 14:42:20 行号:33   PASS   切换到表单[frame]  用时:0.016s  
2019-11-27 14:42:22 行号:36   PASS   查找元素[find_element]  用时:0.013s  
2019-11-27 14:42:22 行号:36   PASS   清除文本[clear]  用时:0.020s  
2019-11-27 14:42:23 行号:37   PASS   查找元素[find_element]  用时:0.009s  
2019-11-27 14:42:24 行号:37   PASS   模拟输入[send_keys]  用时:0.078s  
2019-11-27 14:42:25 行号:38   PASS   查找元素[find_element]  用时:0.010s  
2019-11-27 14:42:25 行号:38   PASS   清除文本[clear]  用时:0.018s  
2019-11-27 14:42:26 行号:39   PASS   查找元素[find_element]  用时:0.005s  
2019-11-27 14:42:27 行号:39   PASS   模拟输入[send_keys]  用时:0.068s  
2019-11-27 14:42:29 行号:41   PASS   查找元素[find_element]  用时:0.009s  
2019-11-27 14:42:30 行号:41   PASS   左键单击[click]  用时:0.093s  
2019-11-27 14:42:32 行号:47   PASS   查找元素[find_element]  用时:0.013s  
2019-11-27 14:42:32 行号:47   PASS   左键单击[click]  用时:0.067s  
2019-11-27 14:42:33 行号:48   PASS   查找元素[find_element]  用时:0.013s  
2019-11-27 14:42:34 行号:48   PASS   左键单击[click]  用时:0.084s  
2019-11-27 14:42:35 行号:50   PASS   查找元素[find_element]  用时:0.011s  
2019-11-27 14:42:36 行号:50   PASS   左键单击[click]  用时:0.373s  
2019-11-27 14:42:37 脚本运行完毕...
2019-11-27 14:42:37 开始运行脚本<class 'script.testCase.Y3me项目.数字化建模.总账.现金流量类型.EasyCase'>
2019-11-27 14:42:37 行号:27   PASS   刷新页面[refresh]  用时:0.006s  
2019-11-27 14:42:38 行号:29   PASS   查找元素[find_element]  用时:0.013s  
2019-11-27 14:42:38 行号:29   PASS   左键单击[click]  用时:0.066s  
2019-11-27 14:42:40 行号:32   PASS   查找元素[find_element]  用时:0.009s  
2019-11-27 14:42:41 行号:32   PASS   左键单击[click]  用时:0.040s  
2019-11-27 14:42:43 行号:35   PASS   查找元素[find_element]  用时:0.009s  
2019-11-27 14:42:45 行号:42   PASS   查找元素[find_element]  用时:0.008s  
2019-11-27 14:42:50 行号:49   PASS   查找元素[find_element]  用时:0.009s  
2019-11-27 14:42:52 行号:52   PASS   查找元素[find_element]  用时:0.009s  
2019-11-27 14:42:53 行号:53   PASS   切换到表单[frame]  用时:0.424s  
2019-11-27 14:42:54 行号:56   PASS   查找元素[find_element]  用时:0.012s  
2019-11-27 14:42:55 行号:56   PASS   左键单击[click]  用时:0.111s  
2019-11-27 14:42:57 行号:60   PASS   查找元素[find_element]  用时:0.011s  
2019-11-27 14:42:58 行号:60   PASS   左键单击[click]  用时:0.063s  
2019-11-27 14:43:00 行号:64   PASS   查找元素[find_element]  用时:0.010s  
2019-11-27 14:43:00 行号:64   PASS   左键单击[click]  用时:0.066s  
2019-11-27 14:43:01 行号:0    ERROR  [runTest]  用时:  测试用例脚本发生错误，请检查脚本代码：name 'random' is not defined
2019-11-27 14:43:01 脚本运行完毕...
2019-11-27 14:43:01 开始运行脚本<class 'script.testCase.U8EX项目.公共.U8EX登出.EasyCase'>
2019-11-27 14:43:01 行号:24   PASS   刷新页面[refresh]  用时:0.013s  
2019-11-27 14:43:03 行号:26   PASS   查找元素[find_element]  用时:0.010s  
2019-11-27 14:43:04 行号:26   PASS   左键单击[click]  用时:0.043s  
2019-11-27 14:43:05 行号:27   PASS   查找元素[find_element]  用时:0.009s  
2019-11-27 14:43:06 行号:27   PASS   左键单击[click]  用时:0.448s  
2019-11-27 14:43:07 脚本运行完毕...
2019-11-27 14:43:07 行号:0    PASS   关闭浏览器[quit]  用时:0.459s  
2019-11-27 14:43:10 场景<1>结束.用时:59.387s.
2019-11-27 14:43:10 场景统计结果：PASS: 44(97.78%),FAIL:  0(0.00%),ERROR:  1(2.22%),TRUE:  0,FALSE:  0

2019-11-27 14:43:10 ----------------------------------------
2019-11-27 14:43:10 End.
2019-11-27 14:43:10 测试方案统计结果:
                    场景<1>:PASS: 44(97.78%),FAIL:  0(0.00%),ERROR:  1(2.22%),TRUE:  0,FALSE:  0
                    总   计:PASS: 44(97.78%),FAIL:  0(0.00%),ERROR:  1(2.22%),TRUE:  0,FALSE:  0

