2019-11-27 14:46:43 Start.
2019-11-27 14:46:44 场景<1>开始.
2019-11-27 14:46:47 行号:0    PASS   最大化浏览器窗口[maximize_window]  用时:1.114s  
2019-11-27 14:46:48 chrome浏览器启动成功.
2019-11-27 14:46:48 开始加载脚本...
2019-11-27 14:46:48 脚本<1>：U8EX登录 加载成功.脚本路径：script/testCase/U8EX项目/公共/U8EX登录
2019-11-27 14:46:48 脚本<2>：现金流量类型 加载成功.脚本路径：script/testCase/Y3me项目/数字化建模/总账/现金流量类型
2019-11-27 14:46:48 脚本<3>：U8EX登出 加载成功.脚本路径：script/testCase/U8EX项目/公共/U8EX登出
2019-11-27 14:46:48 脚本加载完成...
2019-11-27 14:46:48 开始运行脚本<class 'script.testCase.U8EX项目.公共.U8EX登录.EasyCase'>
2019-11-27 14:46:50 行号:28   PASS   访问页面[get]  用时:1.319s  
2019-11-27 14:46:51 行号:29   PASS   查找元素[find_element]  用时:0.012s  
2019-11-27 14:46:51 行号:29   PASS   左键单击[click]  用时:0.040s  
2019-11-27 14:46:52 行号:32   PASS   查找元素[find_element]  用时:0.012s  
2019-11-27 14:46:53 行号:33   PASS   切换到表单[frame]  用时:0.016s  
2019-11-27 14:46:55 行号:36   PASS   查找元素[find_element]  用时:0.012s  
2019-11-27 14:46:55 行号:36   PASS   清除文本[clear]  用时:0.017s  
2019-11-27 14:46:56 行号:37   PASS   查找元素[find_element]  用时:0.007s  
2019-11-27 14:46:57 行号:37   PASS   模拟输入[send_keys]  用时:0.076s  
2019-11-27 14:46:58 行号:38   PASS   查找元素[find_element]  用时:0.008s  
2019-11-27 14:46:58 行号:38   PASS   清除文本[clear]  用时:0.018s  
2019-11-27 14:46:59 行号:39   PASS   查找元素[find_element]  用时:0.007s  
2019-11-27 14:47:00 行号:39   PASS   模拟输入[send_keys]  用时:0.060s  
2019-11-27 14:47:02 行号:41   PASS   查找元素[find_element]  用时:0.010s  
2019-11-27 14:47:02 行号:41   PASS   左键单击[click]  用时:0.081s  
2019-11-27 14:47:05 行号:47   PASS   查找元素[find_element]  用时:0.012s  
2019-11-27 14:47:05 行号:47   PASS   左键单击[click]  用时:0.373s  
2019-11-27 14:47:06 行号:48   PASS   查找元素[find_element]  用时:0.009s  
2019-11-27 14:47:07 行号:48   PASS   左键单击[click]  用时:0.101s  
2019-11-27 14:47:08 行号:50   PASS   查找元素[find_element]  用时:0.009s  
2019-11-27 14:47:09 行号:50   PASS   左键单击[click]  用时:0.389s  
2019-11-27 14:47:10 脚本运行完毕...
2019-11-27 14:47:10 开始运行脚本<class 'script.testCase.Y3me项目.数字化建模.总账.现金流量类型.EasyCase'>
2019-11-27 14:47:10 行号:28   PASS   刷新页面[refresh]  用时:0.010s  
2019-11-27 14:47:11 行号:30   PASS   查找元素[find_element]  用时:0.011s  
2019-11-27 14:47:11 行号:30   PASS   左键单击[click]  用时:0.053s  
2019-11-27 14:47:13 行号:33   PASS   查找元素[find_element]  用时:0.010s  
2019-11-27 14:47:14 行号:33   PASS   左键单击[click]  用时:0.043s  
2019-11-27 14:47:16 行号:36   PASS   查找元素[find_element]  用时:0.008s  
2019-11-27 14:47:19 行号:43   PASS   查找元素[find_element]  用时:0.008s  
2019-11-27 14:47:23 行号:50   PASS   查找元素[find_element]  用时:0.023s  
2019-11-27 14:47:26 行号:53   PASS   查找元素[find_element]  用时:0.549s  
2019-11-27 14:47:27 行号:54   PASS   切换到表单[frame]  用时:0.016s  
2019-11-27 14:47:28 行号:57   PASS   查找元素[find_element]  用时:0.011s  
2019-11-27 14:47:28 行号:57   PASS   左键单击[click]  用时:0.108s  
2019-11-27 14:47:30 行号:61   PASS   查找元素[find_element]  用时:0.009s  
2019-11-27 14:47:31 行号:61   PASS   左键单击[click]  用时:0.066s  
2019-11-27 14:47:33 行号:65   PASS   查找元素[find_element]  用时:0.008s  
2019-11-27 14:47:33 行号:65   PASS   左键单击[click]  用时:0.065s  
2019-11-27 14:47:34 行号:70   PASS   查找元素[find_element]  用时:0.008s  
2019-11-27 14:47:35 行号:70   PASS   模拟输入[send_keys]  用时:0.090s  
2019-11-27 14:47:36 行号:75   PASS   查找元素[find_element]  用时:0.011s  
2019-11-27 14:47:37 行号:75   PASS   模拟输入[send_keys]  用时:0.118s  
2019-11-27 14:47:38 行号:79   PASS   查找元素[find_element]  用时:0.012s  
2019-11-27 14:47:38 行号:79   PASS   左键单击[click]  用时:0.071s  
2019-11-27 14:47:40 行号:83   PASS   查找元素[find_element]  用时:0.005s  
2019-11-27 14:47:41 行号:83   PASS   左键单击[click]  用时:0.065s  
2019-11-27 14:47:42 行号:86   PASS   查找元素[find_element]  用时:0.009s  
2019-11-27 14:47:43 行号:86   PASS   模拟输入[send_keys]  用时:0.132s  
2019-11-27 14:47:44 行号:89   PASS   查找元素[find_element]  用时:0.011s  
2019-11-27 14:47:44 行号:89   PASS   左键单击[click]  用时:0.072s  
2019-11-27 14:47:48 行号:91   TRUE   断言：包含[assertIn] 用时:0.001s TRUE.
2019-11-27 14:47:48 行号:94   PASS   查找元素[find_element]  用时:0.011s  
2019-11-27 14:47:49 行号:101  PASS   查找元素[find_element]  用时:0.010s  
2019-11-27 14:47:50 行号:101  PASS   左键单击[click]  用时:0.082s  
2019-11-27 14:47:52 行号:105  PASS   查找元素[find_element]  用时:0.009s  
2019-11-27 14:47:52 行号:105  PASS   左键单击[click]  用时:0.071s  
2019-11-27 14:47:55 行号:108  PASS   查找元素[find_element]  用时:0.007s  
2019-11-27 14:47:56 行号:113  PASS   查找元素[find_element]  用时:0.010s  
2019-11-27 14:47:56 行号:113  PASS   左键单击[click]  用时:0.064s  
2019-11-27 14:47:57 行号:116  PASS   查找元素[find_element]  用时:0.009s  
2019-11-27 14:47:58 行号:116  PASS   左键单击[click]  用时:0.061s  
2019-11-27 14:48:01 行号:118  TRUE   断言：不包含[assertNotIn] 用时:0.000s TRUE.
2019-11-27 14:48:01 行号:121  PASS   查找元素[find_element]  用时:0.010s  
2019-11-27 14:48:02 行号:121  PASS   左键单击[click]  用时:0.071s  
2019-11-27 14:48:04 行号:125  PASS   查找元素[find_element]  用时:0.010s  
2019-11-27 14:48:04 行号:125  PASS   左键单击[click]  用时:0.061s  
2019-11-27 14:48:06 行号:129  PASS   查找元素[find_element]  用时:0.010s  
2019-11-27 14:48:07 行号:129  PASS   左键单击[click]  用时:0.060s  
2019-11-27 14:48:08 行号:134  PASS   查找元素[find_element]  用时:0.011s  
2019-11-27 14:48:08 行号:134  PASS   模拟输入[send_keys]  用时:0.101s  
2019-11-27 14:48:09 行号:139  PASS   查找元素[find_element]  用时:0.011s  
2019-11-27 14:48:10 行号:139  PASS   模拟输入[send_keys]  用时:0.122s  
2019-11-27 14:48:11 行号:143  PASS   查找元素[find_element]  用时:0.009s  
2019-11-27 14:48:12 行号:143  PASS   左键单击[click]  用时:0.058s  
2019-11-27 14:48:14 行号:147  PASS   查找元素[find_element]  用时:0.007s  
2019-11-27 14:48:14 行号:147  PASS   左键单击[click]  用时:0.057s  
2019-11-27 14:48:15 行号:150  PASS   查找元素[find_element]  用时:0.008s  
2019-11-27 14:48:16 行号:150  PASS   模拟输入[send_keys]  用时:0.126s  
2019-11-27 14:48:17 行号:153  PASS   查找元素[find_element]  用时:0.010s  
2019-11-27 14:48:17 行号:153  PASS   左键单击[click]  用时:0.064s  
2019-11-27 14:48:21 行号:155  TRUE   断言：包含[assertIn] 用时:0.001s TRUE.
2019-11-27 14:48:21 行号:157  PASS   查找元素[find_element]  用时:0.010s  
2019-11-27 14:48:22 行号:157  PASS   左键单击[click]  用时:0.050s  
2019-11-27 14:48:24 行号:159  PASS   查找元素[find_element]  用时:0.008s  
2019-11-27 14:48:25 行号:159  PASS   左键单击[click]  用时:0.047s  
2019-11-27 14:48:26 脚本运行完毕...
2019-11-27 14:48:26 开始运行脚本<class 'script.testCase.U8EX项目.公共.U8EX登出.EasyCase'>
2019-11-27 14:48:26 行号:24   PASS   刷新页面[refresh]  用时:0.011s  
2019-11-27 14:48:28 行号:26   PASS   查找元素[find_element]  用时:0.014s  
2019-11-27 14:48:28 行号:26   PASS   左键单击[click]  用时:0.041s  
2019-11-27 14:48:29 行号:27   PASS   查找元素[find_element]  用时:0.010s  
2019-11-27 14:48:30 行号:27   PASS   左键单击[click]  用时:0.503s  
2019-11-27 14:48:31 脚本运行完毕...
2019-11-27 14:48:31 行号:0    PASS   关闭浏览器[quit]  用时:0.250s  
2019-11-27 14:48:34 场景<1>结束.用时:110.868s.
2019-11-27 14:48:34 场景统计结果：PASS: 88(100.00%),FAIL:  0(0.00%),ERROR:  0(0.00%),TRUE:  3,FALSE:  0

2019-11-27 14:48:34 ----------------------------------------
2019-11-27 14:48:34 End.
2019-11-27 14:48:34 测试方案统计结果:
                    场景<1>:PASS: 88(100.00%),FAIL:  0(0.00%),ERROR:  0(0.00%),TRUE:  3,FALSE:  0
                    总   计:PASS: 88(100.00%),FAIL:  0(0.00%),ERROR:  0(0.00%),TRUE:  3,FALSE:  0

