2019-11-27 10:15:03 Start.
2019-11-27 10:15:03 场景<1>开始.
2019-11-27 10:15:07 行号:0    PASS   最大化浏览器窗口[maximize_window]  用时:1.114s  
2019-11-27 10:15:08 chrome浏览器启动成功.
2019-11-27 10:15:08 开始加载脚本...
2019-11-27 10:15:08 脚本<1>：U8EX登录 加载成功.脚本路径：script/testCase/U8EX项目/公共/U8EX登录
2019-11-27 10:15:08 脚本<2>：我的申请 加载成功.脚本路径：script/testCase/Y3me项目/人力资源/员工服务/我的申请
2019-11-27 10:15:08 脚本<3>：U8EX登出 加载成功.脚本路径：script/testCase/U8EX项目/公共/U8EX登出
2019-11-27 10:15:08 脚本加载完成...
2019-11-27 10:15:08 开始运行脚本<class 'script.testCase.U8EX项目.公共.U8EX登录.EasyCase'>
2019-11-27 10:15:10 行号:28   PASS   访问页面[get]  用时:1.344s  
2019-11-27 10:15:11 行号:29   PASS   查找元素[find_element]  用时:0.011s  
2019-11-27 10:15:11 行号:29   PASS   左键单击[click]  用时:0.042s  
2019-11-27 10:15:12 行号:32   PASS   查找元素[find_element]  用时:0.011s  
2019-11-27 10:15:13 行号:33   PASS   切换到表单[frame]  用时:0.015s  
2019-11-27 10:15:15 行号:36   PASS   查找元素[find_element]  用时:0.009s  
2019-11-27 10:15:15 行号:36   PASS   清除文本[clear]  用时:0.018s  
2019-11-27 10:15:16 行号:37   PASS   查找元素[find_element]  用时:0.006s  
2019-11-27 10:15:17 行号:37   PASS   模拟输入[send_keys]  用时:0.088s  
2019-11-27 10:15:18 行号:38   PASS   查找元素[find_element]  用时:0.011s  
2019-11-27 10:15:18 行号:38   PASS   清除文本[clear]  用时:0.018s  
2019-11-27 10:15:19 行号:39   PASS   查找元素[find_element]  用时:0.006s  
2019-11-27 10:15:20 行号:39   PASS   模拟输入[send_keys]  用时:0.069s  
2019-11-27 10:15:22 行号:41   PASS   查找元素[find_element]  用时:0.009s  
2019-11-27 10:15:23 行号:41   PASS   左键单击[click]  用时:0.097s  
2019-11-27 10:15:25 行号:47   PASS   查找元素[find_element]  用时:0.013s  
2019-11-27 10:15:25 行号:47   PASS   左键单击[click]  用时:0.071s  
2019-11-27 10:15:26 行号:48   PASS   查找元素[find_element]  用时:0.013s  
2019-11-27 10:15:27 行号:48   PASS   左键单击[click]  用时:0.112s  
2019-11-27 10:15:28 行号:50   PASS   查找元素[find_element]  用时:0.010s  
2019-11-27 10:15:29 行号:50   PASS   左键单击[click]  用时:0.352s  
2019-11-27 10:15:30 脚本运行完毕...
2019-11-27 10:15:30 开始运行脚本<class 'script.testCase.Y3me项目.人力资源.员工服务.我的申请.EasyCase'>
2019-11-27 10:15:30 行号:24   PASS   刷新页面[refresh]  用时:0.016s  
2019-11-27 10:15:31 行号:30   PASS   查找元素[find_element]  用时:0.014s  
2019-11-27 10:15:31 行号:30   PASS   左键单击[click]  用时:0.062s  
2019-11-27 10:15:34 行号:33   PASS   查找元素[find_element]  用时:0.011s  
2019-11-27 10:15:35 行号:33   PASS   左键单击[click]  用时:0.054s  
2019-11-27 10:15:38 行号:36   PASS   查找元素[find_element]  用时:0.010s  
2019-11-27 10:15:41 行号:43   PASS   查找元素[find_element]  用时:0.011s  
2019-11-27 10:15:42 行号:43   PASS   左键单击[click]  用时:0.044s  
2019-11-27 10:15:45 行号:47   PASS   查找元素[find_element]  用时:0.009s  
2019-11-27 10:15:46 行号:50   PASS   切换到表单[frame]  用时:0.411s  
2019-11-27 10:15:49 行号:53   PASS   查找元素[find_element]  用时:0.010s  
2019-11-27 10:15:49 行号:53   PASS   左键单击[click]  用时:0.106s  
2019-11-27 10:15:50 行号:55   PASS   查找元素[find_element]  用时:0.011s  
2019-11-27 10:15:51 行号:55   PASS   左键单击[click]  用时:0.057s  
2019-11-27 10:15:54 行号:58   PASS   查找元素[find_element]  用时:0.011s  
2019-11-27 10:15:55 行号:58   PASS   左键单击[click]  用时:0.110s  
2019-11-27 10:15:57 行号:62   PASS   查找元素[find_element]  用时:0.015s  
2019-11-27 10:15:57 行号:62   PASS   左键单击[click]  用时:0.070s  
2019-11-27 10:15:58 行号:67   PASS   查找元素[find_element]  用时:0.011s  
2019-11-27 10:15:59 行号:67   PASS   模拟输入[send_keys]  用时:0.097s  
2019-11-27 10:16:01 行号:79   PASS   查找元素[find_element]  用时:0.010s  
2019-11-27 10:16:01 行号:79   PASS   左键单击[click]  用时:0.081s  
2019-11-27 10:16:02 行号:82   PASS   查找元素[find_element]  用时:0.011s  
2019-11-27 10:16:03 行号:82   PASS   左键单击[click]  用时:0.081s  
2019-11-27 10:16:04 行号:85   PASS   查找元素[find_element]  用时:0.011s  
2019-11-27 10:16:05 行号:85   PASS   左键单击[click]  用时:0.074s  
2019-11-27 10:16:06 行号:94   PASS   查找元素[find_element]  用时:0.011s  
2019-11-27 10:16:07 行号:94   PASS   左键单击[click]  用时:0.066s  
2019-11-27 10:16:08 行号:98   PASS   查找元素[find_element]  用时:0.010s  
2019-11-27 10:16:08 行号:98   PASS   左键单击[click]  用时:0.074s  
2019-11-27 10:16:10 行号:101  PASS   查找元素[find_element]  用时:0.010s  
2019-11-27 10:16:10 行号:101  PASS   左键单击[click]  用时:0.066s  
2019-11-27 10:16:13 行号:104  PASS   查找元素[find_element]  用时:0.009s  
2019-11-27 10:16:14 行号:104  PASS   左键单击[click]  用时:0.057s  
2019-11-27 10:16:17 行号:109  PASS   查找元素[find_element]  用时:0.245s  
2019-11-27 10:16:19 行号:109  PASS   左键单击[click]  用时:1.111s  在2次重新定位元素后，元素行为执行成功
2019-11-27 10:16:20 行号:111  PASS   查找元素[find_element]  用时:0.010s  
2019-11-27 10:16:20 行号:111  PASS   左键单击[click]  用时:0.057s  
2019-11-27 10:16:24 行号:113  PASS   查找元素[find_element]  用时:0.011s  
2019-11-27 10:16:25 行号:116  TRUE   断言：实例[assertIsInstance] 用时:0.000s TRUE.
2019-11-27 10:16:25 行号:116  TRUE   断言：实例[assertIsInstance] 用时:0.000s TRUE.
2019-11-27 10:16:25 行号:116  TRUE   断言：相等[assertEqual] 用时:0.000s TRUE.
2019-11-27 10:16:25 行号:125  PASS   查找元素[find_element]  用时:0.010s  
2019-11-27 10:16:26 行号:129  PASS   查找元素[find_element]  用时:0.016s  
2019-11-27 10:16:26 行号:129  PASS   左键单击[click]  用时:0.036s  
2019-11-27 10:16:28 行号:132  PASS   查找元素[find_element]  用时:0.008s  
2019-11-27 10:16:29 行号:134  PASS   切换到表单[frame]  用时:0.015s  
2019-11-27 10:16:31 行号:148  PASS   查找元素[find_element]  用时:0.011s  
2019-11-27 10:16:32 行号:148  PASS   左键单击[click]  用时:0.088s  
2019-11-27 10:16:33 行号:151  PASS   查找元素[find_element]  用时:0.009s  
2019-11-27 10:16:33 行号:151  PASS   左键单击[click]  用时:0.058s  
2019-11-27 10:16:36 行号:154  PASS   查找元素[find_element]  用时:0.009s  
2019-11-27 10:16:37 行号:154  PASS   左键单击[click]  用时:0.107s  
2019-11-27 10:16:39 行号:158  PASS   查找元素[find_element]  用时:0.010s  
2019-11-27 10:16:39 行号:158  PASS   左键单击[click]  用时:0.073s  
2019-11-27 10:16:40 行号:161  PASS   查找元素[find_element]  用时:0.010s  
2019-11-27 10:16:41 行号:161  PASS   模拟输入[send_keys]  用时:0.075s  
2019-11-27 10:16:42 行号:164  PASS   查找元素[find_element]  用时:0.008s  
2019-11-27 10:16:43 行号:164  PASS   模拟输入[send_keys]  用时:0.046s  
2019-11-27 10:16:44 行号:167  PASS   查找元素[find_element]  用时:0.010s  
2019-11-27 10:16:44 行号:167  PASS   模拟输入[send_keys]  用时:0.069s  
2019-11-27 10:16:45 行号:176  PASS   查找元素[find_element]  用时:0.010s  
2019-11-27 10:16:46 行号:176  PASS   左键单击[click]  用时:0.081s  
2019-11-27 10:16:48 行号:180  PASS   查找元素[find_element]  用时:0.009s  
2019-11-27 10:16:48 行号:180  PASS   左键单击[click]  用时:0.083s  
2019-11-27 10:16:49 行号:183  PASS   查找元素[find_element]  用时:0.010s  
2019-11-27 10:16:50 行号:183  PASS   左键单击[click]  用时:0.091s  
2019-11-27 10:16:51 行号:186  PASS   查找元素[find_element]  用时:0.011s  
2019-11-27 10:16:51 行号:186  PASS   左键单击[click]  用时:0.073s  
2019-11-27 10:16:53 行号:190  PASS   查找元素[find_element]  用时:0.010s  
2019-11-27 10:16:54 行号:190  PASS   左键单击[click]  用时:0.065s  
2019-11-27 10:16:55 行号:194  PASS   查找元素[find_element]  用时:0.009s  
2019-11-27 10:16:56 行号:194  PASS   左键单击[click]  用时:0.076s  
2019-11-27 10:16:57 行号:197  PASS   查找元素[find_element]  用时:0.009s  
2019-11-27 10:16:57 行号:197  PASS   模拟输入[send_keys]  用时:0.060s  
2019-11-27 10:16:59 行号:201  PASS   查找元素[find_element]  用时:0.013s  
2019-11-27 10:16:59 行号:201  PASS   左键单击[click]  用时:0.059s  
2019-11-27 10:17:03 行号:212  PASS   查找元素[find_element]  用时:0.009s  
2019-11-27 10:17:04 行号:216  PASS   查找元素[find_element]  用时:0.010s  
2019-11-27 10:17:05 行号:216  PASS   左键单击[click]  用时:0.087s  
2019-11-27 10:17:07 行号:219  PASS   查找元素[find_element]  用时:0.095s  
2019-11-27 10:17:08 行号:221  PASS   切换到表单[frame]  用时:0.018s  
2019-11-27 10:17:12 行号:226  PASS   查找元素[find_element]  用时:0.012s  
2019-11-27 10:17:12 行号:226  PASS   左键单击[click]  用时:0.051s  
2019-11-27 10:17:13 脚本运行完毕...
2019-11-27 10:17:13 开始运行脚本<class 'script.testCase.U8EX项目.公共.U8EX登出.EasyCase'>
2019-11-27 10:17:13 行号:24   PASS   刷新页面[refresh]  用时:0.007s  
2019-11-27 10:17:15 行号:26   PASS   查找元素[find_element]  用时:0.010s  
2019-11-27 10:17:16 行号:26   PASS   左键单击[click]  用时:0.041s  
2019-11-27 10:17:17 行号:27   PASS   查找元素[find_element]  用时:0.012s  
2019-11-27 10:17:23 行号:27   PASS   左键单击[click]  用时:5.424s  
2019-11-27 10:17:24 脚本运行完毕...
2019-11-27 10:17:24 行号:0    PASS   关闭浏览器[quit]  用时:0.248s  
2019-11-27 10:17:27 场景<1>结束.用时:143.447s.
2019-11-27 10:17:27 场景统计结果：PASS:109(100.00%),FAIL:  0(0.00%),ERROR:  0(0.00%),TRUE:  3,FALSE:  0

2019-11-27 10:17:27 ----------------------------------------
2019-11-27 10:17:27 End.
2019-11-27 10:17:27 测试方案统计结果:
                    场景<1>:PASS:109(100.00%),FAIL:  0(0.00%),ERROR:  0(0.00%),TRUE:  3,FALSE:  0
                    总   计:PASS:109(100.00%),FAIL:  0(0.00%),ERROR:  0(0.00%),TRUE:  3,FALSE:  0

