2019-11-27 14:09:49 Start.
2019-11-27 14:09:49 场景<1>开始.
2019-11-27 14:09:53 行号:0    PASS   最大化浏览器窗口[maximize_window]  用时:1.112s  
2019-11-27 14:09:54 chrome浏览器启动成功.
2019-11-27 14:09:54 开始加载脚本...
2019-11-27 14:09:54 脚本<1>：U8EX登录 加载成功.脚本路径：script/testCase/U8EX项目/公共/U8EX登录
2019-11-27 14:09:54 脚本<2>：凭证类型 加载成功.脚本路径：script/testCase/Y3me项目/数字化建模/总账/凭证类型
2019-11-27 14:09:54 脚本<3>：U8EX登出 加载成功.脚本路径：script/testCase/U8EX项目/公共/U8EX登出
2019-11-27 14:09:54 脚本加载完成...
2019-11-27 14:09:54 开始运行脚本<class 'script.testCase.U8EX项目.公共.U8EX登录.EasyCase'>
2019-11-27 14:09:58 行号:28   PASS   访问页面[get]  用时:3.749s  
2019-11-27 14:09:59 行号:29   PASS   查找元素[find_element]  用时:0.012s  
2019-11-27 14:09:59 行号:29   PASS   左键单击[click]  用时:0.053s  
2019-11-27 14:10:01 行号:32   PASS   查找元素[find_element]  用时:0.009s  
2019-11-27 14:10:01 行号:33   PASS   切换到表单[frame]  用时:0.017s  
2019-11-27 14:10:03 行号:36   PASS   查找元素[find_element]  用时:0.009s  
2019-11-27 14:10:04 行号:36   PASS   清除文本[clear]  用时:0.018s  
2019-11-27 14:10:05 行号:37   PASS   查找元素[find_element]  用时:0.006s  
2019-11-27 14:10:05 行号:37   PASS   模拟输入[send_keys]  用时:0.100s  
2019-11-27 14:10:06 行号:38   PASS   查找元素[find_element]  用时:0.009s  
2019-11-27 14:10:07 行号:38   PASS   清除文本[clear]  用时:0.017s  
2019-11-27 14:10:08 行号:39   PASS   查找元素[find_element]  用时:0.026s  
2019-11-27 14:10:08 行号:39   PASS   模拟输入[send_keys]  用时:0.077s  
2019-11-27 14:10:10 行号:41   PASS   查找元素[find_element]  用时:0.009s  
2019-11-27 14:10:11 行号:41   PASS   左键单击[click]  用时:0.087s  
2019-11-27 14:10:13 行号:47   PASS   查找元素[find_element]  用时:0.016s  
2019-11-27 14:10:14 行号:47   PASS   左键单击[click]  用时:0.083s  
2019-11-27 14:10:15 行号:48   PASS   查找元素[find_element]  用时:0.011s  
2019-11-27 14:10:15 行号:48   PASS   左键单击[click]  用时:0.101s  
2019-11-27 14:10:16 行号:50   PASS   查找元素[find_element]  用时:0.009s  
2019-11-27 14:10:17 行号:50   PASS   左键单击[click]  用时:0.497s  
2019-11-27 14:10:18 脚本运行完毕...
2019-11-27 14:10:18 开始运行脚本<class 'script.testCase.Y3me项目.数字化建模.总账.凭证类型.EasyCase'>
2019-11-27 14:10:18 行号:22   PASS   刷新页面[refresh]  用时:0.010s  
2019-11-27 14:10:19 行号:24   PASS   查找元素[find_element]  用时:0.014s  
2019-11-27 14:10:20 行号:24   PASS   左键单击[click]  用时:0.055s  
2019-11-27 14:10:22 行号:27   PASS   查找元素[find_element]  用时:0.021s  
2019-11-27 14:10:22 行号:27   PASS   左键单击[click]  用时:0.041s  
2019-11-27 14:10:24 行号:30   PASS   查找元素[find_element]  用时:0.011s  
2019-11-27 14:10:27 行号:37   PASS   查找元素[find_element]  用时:0.010s  
2019-11-27 14:10:32 行号:44   PASS   查找元素[find_element]  用时:0.009s  
2019-11-27 14:10:34 行号:47   PASS   查找元素[find_element]  用时:0.008s  
2019-11-27 14:10:35 行号:48   PASS   切换到表单[frame]  用时:0.014s  
2019-11-27 14:10:36 行号:51   PASS   查找元素[find_element]  用时:0.030s  
2019-11-27 14:10:36 行号:51   PASS   左键单击[click]  用时:0.118s  
2019-11-27 14:10:39 行号:56   PASS   查找元素[find_element]  用时:0.035s  
2019-11-27 14:10:40 行号:56   PASS   模拟输入[send_keys]  用时:0.108s  
2019-11-27 14:10:41 行号:61   PASS   查找元素[find_element]  用时:0.015s  
2019-11-27 14:10:42 行号:61   PASS   模拟输入[send_keys]  用时:0.087s  
2019-11-27 14:10:43 行号:64   PASS   查找元素[find_element]  用时:0.019s  
2019-11-27 14:10:43 行号:64   PASS   模拟输入[send_keys]  用时:0.085s  
2019-11-27 14:10:45 行号:67   PASS   查找元素[find_element]  用时:0.011s  
2019-11-27 14:10:45 行号:68   PASS   模拟输入[send_keys]  用时:0.136s  
2019-11-27 14:10:46 行号:71   PASS   查找元素[find_element]  用时:0.009s  
2019-11-27 14:10:47 行号:71   PASS   左键单击[click]  用时:0.075s  
2019-11-27 14:10:49 行号:74   TRUE   断言：包含[assertIn] 用时:0.001s TRUE.
2019-11-27 14:10:49 行号:77   PASS   查找元素[find_element]  用时:0.017s  
2019-11-27 14:10:50 行号:84   PASS   查找元素[find_element]  用时:0.010s  
2019-11-27 14:10:51 行号:84   PASS   左键单击[click]  用时:0.075s  
2019-11-27 14:10:53 行号:88   PASS   查找元素[find_element]  用时:0.008s  
2019-11-27 14:10:54 行号:88   PASS   左键单击[click]  用时:0.068s  
2019-11-27 14:10:56 行号:91   PASS   查找元素[find_element]  用时:0.009s  
2019-11-27 14:10:57 行号:96   PASS   查找元素[find_element]  用时:0.011s  
2019-11-27 14:10:58 行号:96   PASS   左键单击[click]  用时:0.074s  
2019-11-27 14:10:59 行号:99   PASS   查找元素[find_element]  用时:0.010s  
2019-11-27 14:10:59 行号:99   PASS   左键单击[click]  用时:0.059s  
2019-11-27 14:11:01 行号:102  PASS   查找元素[find_element]  用时:0.009s  
2019-11-27 14:11:02 行号:102  PASS   左键单击[click]  用时:0.058s  
2019-11-27 14:11:04 行号:104  PASS   查找元素[find_element]  用时:0.008s  
2019-11-27 14:11:04 行号:104  PASS   左键单击[click]  用时:0.045s  
2019-11-27 14:11:05 脚本运行完毕...
2019-11-27 14:11:05 开始运行脚本<class 'script.testCase.U8EX项目.公共.U8EX登出.EasyCase'>
2019-11-27 14:11:05 行号:24   PASS   刷新页面[refresh]  用时:0.029s  
2019-11-27 14:11:07 行号:26   PASS   查找元素[find_element]  用时:0.014s  
2019-11-27 14:11:08 行号:26   PASS   左键单击[click]  用时:0.044s  
2019-11-27 14:11:09 行号:27   PASS   查找元素[find_element]  用时:0.011s  
2019-11-27 14:11:10 行号:27   PASS   左键单击[click]  用时:0.394s  
2019-11-27 14:11:11 脚本运行完毕...
2019-11-27 14:11:11 行号:0    PASS   关闭浏览器[quit]  用时:0.356s  
2019-11-27 14:11:14 场景<1>结束.用时:85.043s.
2019-11-27 14:11:14 场景统计结果：PASS: 64(100.00%),FAIL:  0(0.00%),ERROR:  0(0.00%),TRUE:  1,FALSE:  0

2019-11-27 14:11:14 ----------------------------------------
2019-11-27 14:11:14 End.
2019-11-27 14:11:14 测试方案统计结果:
                    场景<1>:PASS: 64(100.00%),FAIL:  0(0.00%),ERROR:  0(0.00%),TRUE:  1,FALSE:  0
                    总   计:PASS: 64(100.00%),FAIL:  0(0.00%),ERROR:  0(0.00%),TRUE:  1,FALSE:  0

