2019-11-27 14:01:14 Start.
2019-11-27 14:01:14 场景<1>开始.
2019-11-27 14:01:18 行号:0    PASS   最大化浏览器窗口[maximize_window]  用时:1.113s  
2019-11-27 14:01:19 chrome浏览器启动成功.
2019-11-27 14:01:19 开始加载脚本...
2019-11-27 14:01:19 脚本<1>：U8EX登录 加载成功.脚本路径：script/testCase/U8EX项目/公共/U8EX登录
2019-11-27 14:01:19 脚本<2>：凭证类型 加载成功.脚本路径：script/testCase/Y3me项目/数字化建模/总账/凭证类型
2019-11-27 14:01:19 脚本<3>：U8EX登出 加载成功.脚本路径：script/testCase/U8EX项目/公共/U8EX登出
2019-11-27 14:01:19 脚本加载完成...
2019-11-27 14:01:19 开始运行脚本<class 'script.testCase.U8EX项目.公共.U8EX登录.EasyCase'>
2019-11-27 14:01:20 行号:28   PASS   访问页面[get]  用时:1.204s  
2019-11-27 14:01:21 行号:29   PASS   查找元素[find_element]  用时:0.016s  
2019-11-27 14:01:22 行号:29   PASS   左键单击[click]  用时:0.066s  
2019-11-27 14:01:23 行号:32   PASS   查找元素[find_element]  用时:0.010s  
2019-11-27 14:01:23 行号:33   PASS   切换到表单[frame]  用时:0.034s  
2019-11-27 14:01:25 行号:36   PASS   查找元素[find_element]  用时:0.010s  
2019-11-27 14:01:26 行号:36   PASS   清除文本[clear]  用时:0.018s  
2019-11-27 14:01:27 行号:37   PASS   查找元素[find_element]  用时:0.006s  
2019-11-27 14:01:27 行号:37   PASS   模拟输入[send_keys]  用时:0.109s  
2019-11-27 14:01:28 行号:38   PASS   查找元素[find_element]  用时:0.009s  
2019-11-27 14:01:29 行号:38   PASS   清除文本[clear]  用时:0.019s  
2019-11-27 14:01:30 行号:39   PASS   查找元素[find_element]  用时:0.007s  
2019-11-27 14:01:30 行号:39   PASS   模拟输入[send_keys]  用时:0.061s  
2019-11-27 14:01:32 行号:41   PASS   查找元素[find_element]  用时:0.012s  
2019-11-27 14:01:33 行号:41   PASS   左键单击[click]  用时:0.095s  
2019-11-27 14:01:35 行号:47   PASS   查找元素[find_element]  用时:0.017s  
2019-11-27 14:01:36 行号:47   PASS   左键单击[click]  用时:0.156s  
2019-11-27 14:01:37 行号:48   PASS   查找元素[find_element]  用时:0.009s  
2019-11-27 14:01:38 行号:48   PASS   左键单击[click]  用时:0.098s  
2019-11-27 14:01:39 行号:50   PASS   查找元素[find_element]  用时:0.009s  
2019-11-27 14:01:40 行号:50   PASS   左键单击[click]  用时:0.472s  
2019-11-27 14:01:41 脚本运行完毕...
2019-11-27 14:01:41 开始运行脚本<class 'script.testCase.Y3me项目.数字化建模.总账.凭证类型.EasyCase'>
2019-11-27 14:01:41 行号:22   PASS   刷新页面[refresh]  用时:0.007s  
2019-11-27 14:01:42 行号:24   PASS   查找元素[find_element]  用时:0.010s  
2019-11-27 14:01:42 行号:24   PASS   左键单击[click]  用时:0.062s  
2019-11-27 14:01:44 行号:27   PASS   查找元素[find_element]  用时:0.009s  
2019-11-27 14:01:45 行号:27   PASS   左键单击[click]  用时:0.041s  
2019-11-27 14:01:47 行号:30   PASS   查找元素[find_element]  用时:0.009s  
2019-11-27 14:01:49 行号:37   PASS   查找元素[find_element]  用时:0.010s  
2019-11-27 14:01:54 行号:44   PASS   查找元素[find_element]  用时:0.027s  
2019-11-27 14:01:56 行号:47   PASS   查找元素[find_element]  用时:0.009s  
2019-11-27 14:01:57 行号:48   PASS   切换到表单[frame]  用时:0.017s  
2019-11-27 14:01:59 行号:51   PASS   查找元素[find_element]  用时:0.760s  
2019-11-27 14:01:59 行号:51   PASS   左键单击[click]  用时:0.110s  
2019-11-27 14:02:02 行号:56   PASS   查找元素[find_element]  用时:0.011s  
2019-11-27 14:02:03 行号:56   PASS   模拟输入[send_keys]  用时:0.108s  
2019-11-27 14:02:04 行号:61   PASS   查找元素[find_element]  用时:0.012s  
2019-11-27 14:02:05 行号:61   PASS   模拟输入[send_keys]  用时:0.090s  
2019-11-27 14:02:06 行号:64   PASS   查找元素[find_element]  用时:0.009s  
2019-11-27 14:02:06 行号:64   PASS   模拟输入[send_keys]  用时:0.085s  
2019-11-27 14:02:07 行号:66   FAIL   查找元素[find_element]  用时:0.015s  参数:{'list': '', 'dict': {'name': '//div[text()="备注"]/parent::label/following-sibling::div//input'}} 页面中没有该元素.NoSuchElementException
2019-11-27 14:02:08 行号:67   ERROR  模拟输入[send_keys]  用时:0.000s  由于未找到元素，操作失败
2019-11-27 14:02:09 行号:70   FAIL   查找元素[find_element]  用时:0.014s  参数:{'list': '', 'dict': {'name': '//div[@class="form-group"]//button[@class="btn btn-primary"]'}} 页面中没有该元素.NoSuchElementException
2019-11-27 14:02:09 行号:70   ERROR  左键单击[click]  用时:0.000s  由于未找到元素，操作失败
2019-11-27 14:02:12 行号:73   TRUE   断言：包含[assertIn] 用时:0.000s TRUE.
2019-11-27 14:02:42 行号:76   FAIL   查找元素[find_element]  用时:30.055s  参数:{'list': '', 'dict': {'xpath': '//td[text()="编码9986"]/parent::tr'}} 页面中没有该元素.NoSuchElementException
2019-11-27 14:02:42 行号:0    ERROR  [runTest]  用时:  测试用例脚本发生错误，请检查脚本代码：invalid argument
2019-11-27 14:02:42 脚本运行完毕...
2019-11-27 14:02:42 开始运行脚本<class 'script.testCase.U8EX项目.公共.U8EX登出.EasyCase'>
2019-11-27 14:02:42 行号:24   PASS   刷新页面[refresh]  用时:0.010s  
2019-11-27 14:02:44 行号:26   PASS   查找元素[find_element]  用时:0.010s  
2019-11-27 14:02:45 行号:26   PASS   左键单击[click]  用时:0.040s  
2019-11-27 14:02:46 行号:27   PASS   查找元素[find_element]  用时:0.009s  
2019-11-27 14:02:47 行号:27   PASS   左键单击[click]  用时:0.624s  
2019-11-27 14:02:48 脚本运行完毕...
2019-11-27 14:02:48 行号:0    PASS   关闭浏览器[quit]  用时:0.480s  
2019-11-27 14:02:51 场景<1>结束.用时:97.635s.
2019-11-27 14:02:51 场景统计结果：PASS: 46(88.46%),FAIL:  3(5.77%),ERROR:  3(5.77%),TRUE:  1,FALSE:  0

2019-11-27 14:02:51 ----------------------------------------
2019-11-27 14:02:51 End.
2019-11-27 14:02:51 测试方案统计结果:
                    场景<1>:PASS: 46(88.46%),FAIL:  3(5.77%),ERROR:  3(5.77%),TRUE:  1,FALSE:  0
                    总   计:PASS: 46(88.46%),FAIL:  3(5.77%),ERROR:  3(5.77%),TRUE:  1,FALSE:  0

