2019-11-27 10:11:23 Start.
2019-11-27 10:11:24 场景<1>开始.
2019-11-27 10:11:28 行号:0    PASS   最大化浏览器窗口[maximize_window]  用时:1.117s  
2019-11-27 10:11:29 chrome浏览器启动成功.
2019-11-27 10:11:29 开始加载脚本...
2019-11-27 10:11:29 脚本<1>：U8EX登录 加载成功.脚本路径：script/testCase/U8EX项目/公共/U8EX登录
2019-11-27 10:11:29 脚本<2>：我的申请 加载成功.脚本路径：script/testCase/Y3me项目/人力资源/员工服务/我的申请
2019-11-27 10:11:29 脚本<3>：U8EX登出 加载成功.脚本路径：script/testCase/U8EX项目/公共/U8EX登出
2019-11-27 10:11:29 脚本加载完成...
2019-11-27 10:11:29 开始运行脚本<class 'script.testCase.U8EX项目.公共.U8EX登录.EasyCase'>
2019-11-27 10:11:30 行号:28   PASS   访问页面[get]  用时:1.324s  
2019-11-27 10:11:31 行号:29   PASS   查找元素[find_element]  用时:0.010s  
2019-11-27 10:11:31 行号:29   PASS   左键单击[click]  用时:0.042s  
2019-11-27 10:11:32 行号:32   PASS   查找元素[find_element]  用时:0.010s  
2019-11-27 10:11:33 行号:33   PASS   切换到表单[frame]  用时:0.016s  
2019-11-27 10:11:35 行号:36   PASS   查找元素[find_element]  用时:0.013s  
2019-11-27 10:11:35 行号:36   PASS   清除文本[clear]  用时:0.018s  
2019-11-27 10:11:36 行号:37   PASS   查找元素[find_element]  用时:0.009s  
2019-11-27 10:11:37 行号:37   PASS   模拟输入[send_keys]  用时:0.084s  
2019-11-27 10:11:38 行号:38   PASS   查找元素[find_element]  用时:0.009s  
2019-11-27 10:11:39 行号:38   PASS   清除文本[clear]  用时:0.018s  
2019-11-27 10:11:40 行号:39   PASS   查找元素[find_element]  用时:0.007s  
2019-11-27 10:11:40 行号:39   PASS   模拟输入[send_keys]  用时:0.067s  
2019-11-27 10:11:42 行号:41   PASS   查找元素[find_element]  用时:0.017s  
2019-11-27 10:11:43 行号:41   PASS   左键单击[click]  用时:0.091s  
2019-11-27 10:11:45 行号:47   PASS   查找元素[find_element]  用时:0.012s  
2019-11-27 10:11:45 行号:47   PASS   左键单击[click]  用时:0.110s  
2019-11-27 10:11:46 行号:48   PASS   查找元素[find_element]  用时:0.040s  
2019-11-27 10:11:47 行号:48   PASS   左键单击[click]  用时:0.108s  
2019-11-27 10:11:48 行号:50   PASS   查找元素[find_element]  用时:0.011s  
2019-11-27 10:11:49 行号:50   PASS   左键单击[click]  用时:0.425s  
2019-11-27 10:11:50 脚本运行完毕...
2019-11-27 10:11:50 开始运行脚本<class 'script.testCase.Y3me项目.人力资源.员工服务.我的申请.EasyCase'>
2019-11-27 10:11:50 行号:24   PASS   刷新页面[refresh]  用时:0.014s  
2019-11-27 10:11:51 行号:30   PASS   查找元素[find_element]  用时:0.011s  
2019-11-27 10:11:52 行号:30   PASS   左键单击[click]  用时:0.083s  
2019-11-27 10:11:55 行号:33   PASS   查找元素[find_element]  用时:0.010s  
2019-11-27 10:11:55 行号:33   PASS   左键单击[click]  用时:0.060s  
2019-11-27 10:11:58 行号:36   PASS   查找元素[find_element]  用时:0.009s  
2019-11-27 10:12:02 行号:43   PASS   查找元素[find_element]  用时:0.010s  
2019-11-27 10:12:02 行号:43   PASS   左键单击[click]  用时:0.041s  
2019-11-27 10:12:05 行号:47   PASS   查找元素[find_element]  用时:0.008s  
2019-11-27 10:12:06 行号:50   PASS   切换到表单[frame]  用时:0.013s  
2019-11-27 10:12:09 行号:53   PASS   查找元素[find_element]  用时:0.010s  
2019-11-27 10:12:09 行号:53   PASS   左键单击[click]  用时:0.111s  
2019-11-27 10:12:10 行号:55   PASS   查找元素[find_element]  用时:0.009s  
2019-11-27 10:12:11 行号:55   PASS   左键单击[click]  用时:0.055s  
2019-11-27 10:12:14 行号:58   PASS   查找元素[find_element]  用时:0.011s  
2019-11-27 10:12:15 行号:58   PASS   左键单击[click]  用时:0.107s  
2019-11-27 10:12:17 行号:62   PASS   查找元素[find_element]  用时:0.010s  
2019-11-27 10:12:17 行号:62   PASS   左键单击[click]  用时:0.069s  
2019-11-27 10:12:18 行号:67   PASS   查找元素[find_element]  用时:0.011s  
2019-11-27 10:12:19 行号:67   PASS   模拟输入[send_keys]  用时:0.096s  
2019-11-27 10:12:21 行号:79   PASS   查找元素[find_element]  用时:0.009s  
2019-11-27 10:12:21 行号:79   PASS   左键单击[click]  用时:0.085s  
2019-11-27 10:12:22 行号:82   PASS   查找元素[find_element]  用时:0.009s  
2019-11-27 10:12:23 行号:82   PASS   左键单击[click]  用时:0.077s  
2019-11-27 10:12:24 行号:85   PASS   查找元素[find_element]  用时:0.010s  
2019-11-27 10:12:25 行号:85   PASS   左键单击[click]  用时:0.072s  
2019-11-27 10:12:26 行号:94   PASS   查找元素[find_element]  用时:0.009s  
2019-11-27 10:12:27 行号:94   PASS   左键单击[click]  用时:0.063s  
2019-11-27 10:12:28 行号:98   PASS   查找元素[find_element]  用时:0.008s  
2019-11-27 10:12:28 行号:98   PASS   左键单击[click]  用时:0.073s  
2019-11-27 10:12:30 行号:101  PASS   查找元素[find_element]  用时:0.010s  
2019-11-27 10:12:30 行号:101  PASS   左键单击[click]  用时:0.071s  
2019-11-27 10:12:33 行号:104  PASS   查找元素[find_element]  用时:0.012s  
2019-11-27 10:12:34 行号:104  PASS   左键单击[click]  用时:0.056s  
2019-11-27 10:12:37 行号:109  PASS   查找元素[find_element]  用时:0.081s  
2019-11-27 10:12:39 行号:109  PASS   左键单击[click]  用时:1.097s  在2次重新定位元素后，元素行为执行成功
2019-11-27 10:12:40 行号:111  PASS   查找元素[find_element]  用时:0.010s  
2019-11-27 10:12:40 行号:111  PASS   左键单击[click]  用时:0.069s  
2019-11-27 10:12:41 行号:113  PASS   查找元素[find_element]  用时:0.011s  
2019-11-27 10:12:42 行号:115  TRUE   断言：实例[assertIsInstance] 用时:0.000s TRUE.
2019-11-27 10:12:42 行号:115  TRUE   断言：实例[assertIsInstance] 用时:0.000s TRUE.
2019-11-27 10:12:42 行号:115  FALSE  断言：相等[assertEqual] 用时:0.000s FALSE. '已提交' != '已撤回'
- 已提交
+ 已撤回

2019-11-27 10:12:42 行号:124  PASS   查找元素[find_element]  用时:0.009s  
2019-11-27 10:12:43 行号:128  PASS   查找元素[find_element]  用时:0.009s  
2019-11-27 10:12:43 行号:128  PASS   左键单击[click]  用时:0.036s  
2019-11-27 10:12:45 行号:131  PASS   查找元素[find_element]  用时:0.009s  
2019-11-27 10:12:46 行号:133  PASS   切换到表单[frame]  用时:0.017s  
2019-11-27 10:12:48 行号:147  PASS   查找元素[find_element]  用时:0.017s  
2019-11-27 10:12:48 行号:147  PASS   左键单击[click]  用时:0.100s  
2019-11-27 10:12:49 行号:150  PASS   查找元素[find_element]  用时:0.018s  
2019-11-27 10:12:50 行号:150  PASS   左键单击[click]  用时:0.054s  
2019-11-27 10:12:53 行号:153  PASS   查找元素[find_element]  用时:0.009s  
2019-11-27 10:12:54 行号:153  PASS   左键单击[click]  用时:0.109s  
2019-11-27 10:12:56 行号:157  PASS   查找元素[find_element]  用时:0.012s  
2019-11-27 10:12:56 行号:157  PASS   左键单击[click]  用时:0.071s  
2019-11-27 10:12:57 行号:160  PASS   查找元素[find_element]  用时:0.009s  
2019-11-27 10:12:58 行号:160  PASS   模拟输入[send_keys]  用时:0.091s  
2019-11-27 10:12:59 行号:163  PASS   查找元素[find_element]  用时:0.014s  
2019-11-27 10:12:59 行号:163  PASS   模拟输入[send_keys]  用时:0.051s  
2019-11-27 10:13:00 行号:166  PASS   查找元素[find_element]  用时:0.010s  
2019-11-27 10:13:01 行号:166  PASS   模拟输入[send_keys]  用时:0.046s  
2019-11-27 10:13:02 行号:175  PASS   查找元素[find_element]  用时:0.010s  
2019-11-27 10:13:02 行号:175  PASS   左键单击[click]  用时:0.065s  
2019-11-27 10:13:04 行号:179  PASS   查找元素[find_element]  用时:0.009s  
2019-11-27 10:13:05 行号:179  PASS   左键单击[click]  用时:0.073s  
2019-11-27 10:13:06 行号:182  PASS   查找元素[find_element]  用时:0.009s  
2019-11-27 10:13:07 行号:182  PASS   左键单击[click]  用时:0.104s  
2019-11-27 10:13:08 行号:185  PASS   查找元素[find_element]  用时:0.009s  
2019-11-27 10:13:08 行号:185  PASS   左键单击[click]  用时:0.094s  
2019-11-27 10:13:10 行号:189  PASS   查找元素[find_element]  用时:0.010s  
2019-11-27 10:13:10 行号:189  PASS   左键单击[click]  用时:0.064s  
2019-11-27 10:13:12 行号:193  PASS   查找元素[find_element]  用时:0.011s  
2019-11-27 10:13:12 行号:193  PASS   左键单击[click]  用时:0.079s  
2019-11-27 10:13:13 行号:196  PASS   查找元素[find_element]  用时:0.010s  
2019-11-27 10:13:14 行号:196  PASS   模拟输入[send_keys]  用时:0.061s  
2019-11-27 10:13:16 行号:200  PASS   查找元素[find_element]  用时:0.009s  
2019-11-27 10:13:16 行号:200  PASS   左键单击[click]  用时:0.068s  
2019-11-27 10:13:20 行号:211  PASS   查找元素[find_element]  用时:0.010s  
2019-11-27 10:13:21 行号:215  PASS   查找元素[find_element]  用时:0.012s  
2019-11-27 10:13:22 行号:215  PASS   左键单击[click]  用时:0.056s  
2019-11-27 10:13:24 行号:218  PASS   查找元素[find_element]  用时:0.009s  
2019-11-27 10:13:24 行号:220  PASS   切换到表单[frame]  用时:0.015s  
2019-11-27 10:13:28 行号:225  PASS   查找元素[find_element]  用时:0.009s  
2019-11-27 10:13:29 行号:225  PASS   左键单击[click]  用时:0.053s  
2019-11-27 10:13:30 脚本运行完毕...
2019-11-27 10:13:30 开始运行脚本<class 'script.testCase.U8EX项目.公共.U8EX登出.EasyCase'>
2019-11-27 10:13:30 行号:24   PASS   刷新页面[refresh]  用时:0.008s  
2019-11-27 10:13:32 行号:26   PASS   查找元素[find_element]  用时:0.024s  
2019-11-27 10:13:32 行号:26   PASS   左键单击[click]  用时:0.047s  
2019-11-27 10:13:33 行号:27   PASS   查找元素[find_element]  用时:0.010s  
2019-11-27 10:13:34 行号:27   PASS   左键单击[click]  用时:0.601s  
2019-11-27 10:13:35 脚本运行完毕...
2019-11-27 10:13:36 行号:0    PASS   关闭浏览器[quit]  用时:0.345s  
2019-11-27 10:13:39 场景<1>结束.用时:135.211s.
2019-11-27 10:13:39 场景统计结果：PASS:109(100.00%),FAIL:  0(0.00%),ERROR:  0(0.00%),TRUE:  2,FALSE:  1

2019-11-27 10:13:39 ----------------------------------------
2019-11-27 10:13:39 End.
2019-11-27 10:13:39 测试方案统计结果:
                    场景<1>:PASS:109(100.00%),FAIL:  0(0.00%),ERROR:  0(0.00%),TRUE:  2,FALSE:  1
                    总   计:PASS:109(100.00%),FAIL:  0(0.00%),ERROR:  0(0.00%),TRUE:  2,FALSE:  1

