2019-11-27 14:43:22 Start.
2019-11-27 14:43:22 场景<1>开始.
2019-11-27 14:43:26 行号:0    PASS   最大化浏览器窗口[maximize_window]  用时:1.129s  
2019-11-27 14:43:27 chrome浏览器启动成功.
2019-11-27 14:43:27 开始加载脚本...
2019-11-27 14:43:27 脚本<1>：U8EX登录 加载成功.脚本路径：script/testCase/U8EX项目/公共/U8EX登录
2019-11-27 14:43:27 脚本<2>：现金流量类型 加载成功.脚本路径：script/testCase/Y3me项目/数字化建模/总账/现金流量类型
2019-11-27 14:43:27 脚本<3>：U8EX登出 加载成功.脚本路径：script/testCase/U8EX项目/公共/U8EX登出
2019-11-27 14:43:27 脚本加载完成...
2019-11-27 14:43:27 开始运行脚本<class 'script.testCase.U8EX项目.公共.U8EX登录.EasyCase'>
2019-11-27 14:43:28 行号:28   PASS   访问页面[get]  用时:1.101s  
2019-11-27 14:43:29 行号:29   PASS   查找元素[find_element]  用时:0.011s  
2019-11-27 14:43:30 行号:29   PASS   左键单击[click]  用时:0.042s  
2019-11-27 14:43:31 行号:32   PASS   查找元素[find_element]  用时:0.010s  
2019-11-27 14:43:31 行号:33   PASS   切换到表单[frame]  用时:0.019s  
2019-11-27 14:43:33 行号:36   PASS   查找元素[find_element]  用时:0.011s  
2019-11-27 14:43:34 行号:36   PASS   清除文本[clear]  用时:0.017s  
2019-11-27 14:43:35 行号:37   PASS   查找元素[find_element]  用时:0.007s  
2019-11-27 14:43:35 行号:37   PASS   模拟输入[send_keys]  用时:0.073s  
2019-11-27 14:43:36 行号:38   PASS   查找元素[find_element]  用时:0.009s  
2019-11-27 14:43:37 行号:38   PASS   清除文本[clear]  用时:0.018s  
2019-11-27 14:43:38 行号:39   PASS   查找元素[find_element]  用时:0.007s  
2019-11-27 14:43:38 行号:39   PASS   模拟输入[send_keys]  用时:0.059s  
2019-11-27 14:43:40 行号:41   PASS   查找元素[find_element]  用时:0.009s  
2019-11-27 14:43:41 行号:41   PASS   左键单击[click]  用时:0.086s  
2019-11-27 14:43:43 行号:47   PASS   查找元素[find_element]  用时:0.012s  
2019-11-27 14:43:44 行号:47   PASS   左键单击[click]  用时:0.076s  
2019-11-27 14:43:45 行号:48   PASS   查找元素[find_element]  用时:0.058s  
2019-11-27 14:43:45 行号:48   PASS   左键单击[click]  用时:0.073s  
2019-11-27 14:43:46 行号:50   PASS   查找元素[find_element]  用时:0.011s  
2019-11-27 14:43:47 行号:50   PASS   左键单击[click]  用时:0.355s  
2019-11-27 14:43:48 脚本运行完毕...
2019-11-27 14:43:48 开始运行脚本<class 'script.testCase.Y3me项目.数字化建模.总账.现金流量类型.EasyCase'>
2019-11-27 14:43:48 行号:28   PASS   刷新页面[refresh]  用时:0.007s  
2019-11-27 14:43:49 行号:30   PASS   查找元素[find_element]  用时:0.011s  
2019-11-27 14:43:50 行号:30   PASS   左键单击[click]  用时:0.059s  
2019-11-27 14:43:52 行号:33   PASS   查找元素[find_element]  用时:0.011s  
2019-11-27 14:43:52 行号:33   PASS   左键单击[click]  用时:0.043s  
2019-11-27 14:43:54 行号:36   PASS   查找元素[find_element]  用时:0.008s  
2019-11-27 14:43:57 行号:43   PASS   查找元素[find_element]  用时:0.008s  
2019-11-27 14:44:01 行号:50   PASS   查找元素[find_element]  用时:0.010s  
2019-11-27 14:44:04 行号:53   PASS   查找元素[find_element]  用时:0.008s  
2019-11-27 14:44:04 行号:54   PASS   切换到表单[frame]  用时:0.154s  
2019-11-27 14:44:05 行号:57   PASS   查找元素[find_element]  用时:0.011s  
2019-11-27 14:44:06 行号:57   PASS   左键单击[click]  用时:0.100s  
2019-11-27 14:44:08 行号:61   PASS   查找元素[find_element]  用时:0.009s  
2019-11-27 14:44:09 行号:61   PASS   左键单击[click]  用时:0.061s  
2019-11-27 14:44:11 行号:65   PASS   查找元素[find_element]  用时:0.009s  
2019-11-27 14:44:11 行号:65   PASS   左键单击[click]  用时:0.067s  
2019-11-27 14:44:12 行号:70   PASS   查找元素[find_element]  用时:0.010s  
2019-11-27 14:44:13 行号:70   PASS   模拟输入[send_keys]  用时:0.104s  
2019-11-27 14:44:14 行号:75   PASS   查找元素[find_element]  用时:0.008s  
2019-11-27 14:44:14 行号:75   PASS   模拟输入[send_keys]  用时:0.147s  
2019-11-27 14:44:15 行号:79   PASS   查找元素[find_element]  用时:0.011s  
2019-11-27 14:44:16 行号:79   PASS   左键单击[click]  用时:0.056s  
2019-11-27 14:44:18 行号:83   PASS   查找元素[find_element]  用时:0.006s  
2019-11-27 14:44:19 行号:83   PASS   左键单击[click]  用时:0.059s  
2019-11-27 14:44:20 行号:86   PASS   查找元素[find_element]  用时:0.009s  
2019-11-27 14:44:20 行号:86   PASS   模拟输入[send_keys]  用时:0.127s  
2019-11-27 14:44:21 行号:89   PASS   查找元素[find_element]  用时:0.011s  
2019-11-27 14:44:22 行号:89   PASS   左键单击[click]  用时:0.062s  
2019-11-27 14:44:26 行号:91   TRUE   断言：包含[assertIn] 用时:0.000s TRUE.
2019-11-27 14:44:26 行号:94   PASS   查找元素[find_element]  用时:0.010s  
2019-11-27 14:44:27 行号:101  PASS   查找元素[find_element]  用时:0.009s  
2019-11-27 14:44:27 行号:101  PASS   左键单击[click]  用时:0.084s  
2019-11-27 14:44:29 行号:105  PASS   查找元素[find_element]  用时:0.008s  
2019-11-27 14:44:30 行号:105  PASS   左键单击[click]  用时:0.082s  
2019-11-27 14:44:33 行号:108  PASS   查找元素[find_element]  用时:0.008s  
2019-11-27 14:44:34 行号:113  PASS   查找元素[find_element]  用时:0.010s  
2019-11-27 14:44:34 行号:113  PASS   左键单击[click]  用时:0.061s  
2019-11-27 14:44:35 行号:116  PASS   查找元素[find_element]  用时:0.009s  
2019-11-27 14:44:36 行号:116  PASS   左键单击[click]  用时:0.072s  
2019-11-27 14:44:39 行号:118  TRUE   断言：不包含[assertNotIn] 用时:0.000s TRUE.
2019-11-27 14:44:39 行号:120  PASS   查找元素[find_element]  用时:0.008s  
2019-11-27 14:44:39 行号:120  PASS   左键单击[click]  用时:0.049s  
2019-11-27 14:44:41 行号:122  PASS   查找元素[find_element]  用时:0.009s  
2019-11-27 14:44:42 行号:122  PASS   左键单击[click]  用时:0.040s  
2019-11-27 14:44:43 脚本运行完毕...
2019-11-27 14:44:43 开始运行脚本<class 'script.testCase.U8EX项目.公共.U8EX登出.EasyCase'>
2019-11-27 14:44:43 行号:24   PASS   刷新页面[refresh]  用时:0.014s  
2019-11-27 14:44:45 行号:26   PASS   查找元素[find_element]  用时:0.014s  
2019-11-27 14:44:45 行号:26   PASS   左键单击[click]  用时:0.057s  
2019-11-27 14:44:47 行号:27   PASS   查找元素[find_element]  用时:0.009s  
2019-11-27 14:44:48 行号:27   PASS   左键单击[click]  用时:0.526s  
2019-11-27 14:44:49 脚本运行完毕...
2019-11-27 14:44:49 行号:0    PASS   关闭浏览器[quit]  用时:0.265s  
2019-11-27 14:44:52 场景<1>结束.用时:89.682s.
2019-11-27 14:44:52 场景统计结果：PASS: 70(100.00%),FAIL:  0(0.00%),ERROR:  0(0.00%),TRUE:  2,FALSE:  0

2019-11-27 14:44:52 ----------------------------------------
2019-11-27 14:44:52 End.
2019-11-27 14:44:52 测试方案统计结果:
                    场景<1>:PASS: 70(100.00%),FAIL:  0(0.00%),ERROR:  0(0.00%),TRUE:  2,FALSE:  0
                    总   计:PASS: 70(100.00%),FAIL:  0(0.00%),ERROR:  0(0.00%),TRUE:  2,FALSE:  0

