2019-11-27 09:25:45 程序启动.人力资源-员工服务.xml
2019-11-27 09:25:46 Start.
2019-11-27 09:29:52 程序启动.人力资源-员工服务.xml
2019-11-27 09:29:53 Start.
2019-11-27 09:39:25 程序启动.人力资源-员工服务.xml
2019-11-27 09:39:25 Start.
2019-11-27 09:40:31 程序启动.人力资源-员工服务.xml
2019-11-27 09:40:31 Start.
2019-11-27 09:44:05 程序启动.人力资源-员工服务.xml
2019-11-27 09:44:06 Start.
2019-11-27 09:46:46 End.
2019-11-27 09:46:46 程序结束.人力资源-员工服务.xml

2019-11-27 09:53:15 程序启动.人力资源-员工服务.xml
2019-11-27 09:53:15 Start.
2019-11-27 09:55:23 End.
2019-11-27 09:55:23 程序结束.人力资源-员工服务.xml

2019-11-27 09:55:47 程序启动.人力资源-员工服务.xml
2019-11-27 09:55:47 Start.
2019-11-27 09:57:55 End.
2019-11-27 09:57:55 程序结束.人力资源-员工服务.xml

2019-11-27 10:11:23 程序启动.人力资源-员工服务.xml
2019-11-27 10:11:23 Start.
2019-11-27 10:13:39 End.
2019-11-27 10:13:39 程序结束.人力资源-员工服务.xml

2019-11-27 10:15:02 程序启动.人力资源-员工服务.xml
2019-11-27 10:15:03 Start.
2019-11-27 10:17:27 End.
2019-11-27 10:17:27 程序结束.人力资源-员工服务.xml

2019-11-27 14:01:13 程序启动.基本脚本录制.xml
2019-11-27 14:01:14 Start.
2019-11-27 14:02:51 End.
2019-11-27 14:02:51 程序结束.基本脚本录制.xml

2019-11-27 14:04:41 程序启动.基本脚本录制.xml
2019-11-27 14:04:42 Start.
2019-11-27 14:06:22 End.
2019-11-27 14:06:22 程序结束.基本脚本录制.xml

2019-11-27 14:07:37 程序启动.基本脚本录制.xml
2019-11-27 14:07:37 Start.
2019-11-27 14:07:51 程序启动.基本脚本录制.xml
2019-11-27 14:07:51 Start.
2019-11-27 14:09:48 程序启动.基本脚本录制.xml
2019-11-27 14:09:49 Start.
2019-11-27 14:11:14 End.
2019-11-27 14:11:14 程序结束.基本脚本录制.xml

2019-11-27 14:38:57 程序启动.基本脚本录制.xml
2019-11-27 14:38:57 Start.
2019-11-27 14:39:45 程序启动.财务管理-总账.xml
2019-11-27 14:39:45 Start.
2019-11-27 14:39:45 [ERROR-1004]:引入测试方案模块失败引发的异常.Y3me项目/财务管理/总账/现金流量类型.No module named 'script.testCase.Y3me项目.财务管理'
2019-11-27 14:40:21 End.
2019-11-27 14:40:21 程序结束.财务管理-总账.xml

2019-11-27 14:42:10 程序启动.财务管理-总账.xml
2019-11-27 14:42:11 Start.
2019-11-27 14:43:10 End.
2019-11-27 14:43:10 程序结束.财务管理-总账.xml

2019-11-27 14:43:22 程序启动.财务管理-总账.xml
2019-11-27 14:43:22 Start.
2019-11-27 14:44:52 End.
2019-11-27 14:44:52 程序结束.财务管理-总账.xml

2019-11-27 14:46:43 程序启动.财务管理-总账.xml
2019-11-27 14:46:44 Start.
2019-11-27 14:48:34 End.
2019-11-27 14:48:34 程序结束.财务管理-总账.xml

