20191211_10_04_27_390788_23396report.log 2019-12-11 10:04:27  loga.py  putSystemLog [line:74] INFO Start.
20191211_10_04_27_390788_23396report.log 2019-12-11 10:04:27  loga.py  putSystemLog [line:74] INFO 场景<1>开始.
20191211_10_04_27_390788_23396report.log 2019-12-11 10:04:31  loga.py  writeLog [line:134] INFO 行号:0    PASS   最大化浏览器窗口[maximize_window]  用时:1.115s  
20191211_10_04_27_390788_23396report.log 2019-12-11 10:04:32  loga.py  putSystemLog [line:74] INFO chrome浏览器启动成功.
20191211_10_04_27_390788_23396report.log 2019-12-11 10:04:32  loga.py  putSystemLog [line:74] INFO 开始加载脚本...
20191211_10_04_27_390788_23396report.log 2019-12-11 10:04:32  loga.py  putSystemLog [line:74] INFO 脚本<1>：U8EX登录 加载成功.脚本路径：script/testCase/U8EX项目/公共/U8EX登录
20191211_10_04_27_390788_23396report.log 2019-12-11 10:04:32  loga.py  putSystemLog [line:74] INFO 脚本<2>：资产状态 加载成功.脚本路径：script/testCase/Y3me项目/数字化建模/固定资产/资产状态
20191211_10_04_27_390788_23396report.log 2019-12-11 10:04:32  loga.py  putSystemLog [line:74] INFO 脚本<3>：U8EX登出 加载成功.脚本路径：script/testCase/U8EX项目/公共/U8EX登出
20191211_10_04_27_390788_23396report.log 2019-12-11 10:04:32  loga.py  putSystemLog [line:74] INFO 脚本加载完成...
20191211_10_04_27_390788_23396report.log 2019-12-11 10:04:32  loga.py  putSystemLog [line:74] INFO 开始运行脚本<class 'script.testCase.U8EX项目.公共.U8EX登录.EasyCase'>
20191211_10_04_27_390788_23396report.log 2019-12-11 10:04:33  loga.py  writeLog [line:134] INFO 行号:27   PASS   访问页面[get]  用时:1.513s  
20191211_10_04_27_390788_23396report.log 2019-12-11 10:04:34  loga.py  writeLog [line:134] INFO 行号:29   PASS   查找元素[find_element]  用时:0.010s  
20191211_10_04_27_390788_23396report.log 2019-12-11 10:04:35  loga.py  writeLog [line:134] INFO 行号:30   PASS   查找元素[find_element]  用时:0.007s  
20191211_10_04_27_390788_23396report.log 2019-12-11 10:04:35  loga.py  writeLog [line:134] INFO 行号:30   PASS   左键单击[click]  用时:0.078s  
20191211_10_04_27_390788_23396report.log 2019-12-11 10:04:36  loga.py  writeLog [line:134] INFO 行号:34   PASS   查找元素[find_element]  用时:0.012s  
20191211_10_04_27_390788_23396report.log 2019-12-11 10:04:37  loga.py  writeLog [line:134] INFO 行号:35   PASS   查找元素[find_element]  用时:0.005s  
20191211_10_04_27_390788_23396report.log 2019-12-11 10:04:37  loga.py  writeLog [line:134] INFO 行号:36   PASS   切换到表单[frame]  用时:0.016s  
20191211_10_04_27_390788_23396report.log 2019-12-11 10:04:39  loga.py  writeLog [line:134] INFO 行号:39   PASS   查找元素[find_element]  用时:0.010s  
20191211_10_04_27_390788_23396report.log 2019-12-11 10:04:40  loga.py  writeLog [line:134] INFO 行号:40   PASS   查找元素[find_element]  用时:0.007s  
20191211_10_04_27_390788_23396report.log 2019-12-11 10:04:40  loga.py  writeLog [line:134] INFO 行号:40   PASS   清除文本[clear]  用时:0.017s  
20191211_10_04_27_390788_23396report.log 2019-12-11 10:04:41  loga.py  writeLog [line:134] INFO 行号:41   PASS   查找元素[find_element]  用时:0.007s  
20191211_10_04_27_390788_23396report.log 2019-12-11 10:04:42  loga.py  writeLog [line:134] INFO 行号:41   PASS   模拟输入[send_keys]  用时:0.085s  
20191211_10_04_27_390788_23396report.log 2019-12-11 10:04:43  loga.py  writeLog [line:134] INFO 行号:42   PASS   查找元素[find_element]  用时:0.020s  
20191211_10_04_27_390788_23396report.log 2019-12-11 10:04:44  loga.py  writeLog [line:134] INFO 行号:42   PASS   清除文本[clear]  用时:0.017s  
20191211_10_04_27_390788_23396report.log 2019-12-11 10:04:45  loga.py  writeLog [line:134] INFO 行号:43   PASS   查找元素[find_element]  用时:0.007s  
20191211_10_04_27_390788_23396report.log 2019-12-11 10:04:45  loga.py  writeLog [line:134] INFO 行号:43   PASS   模拟输入[send_keys]  用时:0.061s  
20191211_10_04_27_390788_23396report.log 2019-12-11 10:04:46  loga.py  writeLog [line:134] INFO 行号:45   PASS   查找元素[find_element]  用时:0.010s  
20191211_10_04_27_390788_23396report.log 2019-12-11 10:04:47  loga.py  writeLog [line:134] INFO 行号:46   PASS   查找元素[find_element]  用时:0.005s  
20191211_10_04_27_390788_23396report.log 2019-12-11 10:04:47  loga.py  writeLog [line:134] INFO 行号:46   PASS   左键单击[click]  用时:0.081s  
20191211_10_04_27_390788_23396report.log 2019-12-11 10:04:49  loga.py  writeLog [line:134] INFO 行号:52   PASS   查找元素[find_element]  用时:0.012s  
20191211_10_04_27_390788_23396report.log 2019-12-11 10:04:50  loga.py  writeLog [line:134] INFO 行号:53   PASS   查找元素[find_element]  用时:0.006s  
20191211_10_04_27_390788_23396report.log 2019-12-11 10:04:51  loga.py  writeLog [line:134] INFO 行号:53   PASS   左键单击[click]  用时:0.174s  
20191211_10_04_27_390788_23396report.log 2019-12-11 10:04:52  loga.py  writeLog [line:134] INFO 行号:54   PASS   查找元素[find_element]  用时:0.010s  
20191211_10_04_27_390788_23396report.log 2019-12-11 10:04:52  loga.py  writeLog [line:134] INFO 行号:54   PASS   左键单击[click]  用时:0.123s  
20191211_10_04_27_390788_23396report.log 2019-12-11 10:04:53  loga.py  writeLog [line:134] INFO 行号:56   PASS   查找元素[find_element]  用时:0.009s  
20191211_10_04_27_390788_23396report.log 2019-12-11 10:04:54  loga.py  writeLog [line:134] INFO 行号:56   PASS   左键单击[click]  用时:0.614s  
20191211_10_04_27_390788_23396report.log 2019-12-11 10:04:55  loga.py  putSystemLog [line:74] INFO 脚本运行完毕...
20191211_10_04_27_390788_23396report.log 2019-12-11 10:04:55  loga.py  putSystemLog [line:74] INFO 开始运行脚本<class 'script.testCase.Y3me项目.数字化建模.固定资产.资产状态.EasyCase'>
20191211_10_04_27_390788_23396report.log 2019-12-11 10:04:55  loga.py  writeLog [line:134] INFO 行号:25   PASS   刷新页面[refresh]  用时:0.010s  
20191211_10_04_27_390788_23396report.log 2019-12-11 10:04:56  loga.py  writeLog [line:134] INFO 行号:27   PASS   查找元素[find_element]  用时:0.013s  
20191211_10_04_27_390788_23396report.log 2019-12-11 10:04:57  loga.py  writeLog [line:134] INFO 行号:27   PASS   左键单击[click]  用时:0.077s  
20191211_10_04_27_390788_23396report.log 2019-12-11 10:04:59  loga.py  writeLog [line:134] INFO 行号:30   PASS   查找元素[find_element]  用时:0.010s  
20191211_10_04_27_390788_23396report.log 2019-12-11 10:05:00  loga.py  writeLog [line:134] INFO 行号:30   PASS   左键单击[click]  用时:0.056s  
20191211_10_04_27_390788_23396report.log 2019-12-11 10:05:02  loga.py  writeLog [line:134] INFO 行号:33   PASS   查找元素[find_element]  用时:0.010s  
20191211_10_04_27_390788_23396report.log 2019-12-11 10:05:04  loga.py  writeLog [line:134] INFO 行号:40   PASS   查找元素[find_element]  用时:0.009s  
20191211_10_04_27_390788_23396report.log 2019-12-11 10:05:08  loga.py  writeLog [line:134] INFO 行号:47   PASS   查找元素[find_element]  用时:0.010s  
20191211_10_04_27_390788_23396report.log 2019-12-11 10:05:10  loga.py  writeLog [line:134] INFO 行号:50   PASS   查找元素[find_element]  用时:0.445s  
20191211_10_04_27_390788_23396report.log 2019-12-11 10:05:10  loga.py  writeLog [line:134] INFO 行号:51   PASS   切换到表单[frame]  用时:0.051s  
20191211_10_04_27_390788_23396report.log 2019-12-11 10:05:11  loga.py  writeLog [line:134] INFO 行号:54   PASS   查找元素[find_element]  用时:0.009s  
20191211_10_04_27_390788_23396report.log 2019-12-11 10:05:12  loga.py  writeLog [line:134] INFO 行号:55   PASS   查找元素[find_element]  用时:0.006s  
20191211_10_04_27_390788_23396report.log 2019-12-11 10:05:12  loga.py  writeLog [line:134] INFO 行号:55   PASS   左键单击[click]  用时:0.085s  
20191211_10_04_27_390788_23396report.log 2019-12-11 10:05:13  loga.py  writeLog [line:134] INFO 行号:58   PASS   查找元素[find_element]  用时:0.013s  
20191211_10_04_27_390788_23396report.log 2019-12-11 10:05:14  loga.py  writeLog [line:134] INFO 行号:59   PASS   查找元素[find_element]  用时:0.007s  
20191211_10_04_27_390788_23396report.log 2019-12-11 10:05:14  loga.py  writeLog [line:134] INFO 行号:59   PASS   左键单击[click]  用时:0.071s  
20191211_10_04_27_390788_23396report.log 2019-12-11 10:05:15  loga.py  writeLog [line:134] INFO 行号:63   PASS   查找元素[find_element]  用时:0.011s  
20191211_10_04_27_390788_23396report.log 2019-12-11 10:05:16  loga.py  writeLog [line:134] INFO 行号:64   PASS   查找元素[find_element]  用时:0.006s  
20191211_10_04_27_390788_23396report.log 2019-12-11 10:05:17  loga.py  writeLog [line:134] INFO 行号:64   PASS   左键单击[click]  用时:0.103s  
20191211_10_04_27_390788_23396report.log 2019-12-11 10:05:18  loga.py  writeLog [line:134] INFO 行号:69   PASS   查找元素[find_element]  用时:0.006s  
20191211_10_04_27_390788_23396report.log 2019-12-11 10:05:18  loga.py  writeLog [line:134] INFO 行号:70   PASS   查找元素[find_element]  用时:0.007s  
20191211_10_04_27_390788_23396report.log 2019-12-11 10:05:19  loga.py  writeLog [line:134] INFO 行号:70   PASS   左键单击[click]  用时:0.056s  
20191211_10_04_27_390788_23396report.log 2019-12-11 10:05:20  loga.py  writeLog [line:134] INFO 行号:76   PASS   查找元素[find_element]  用时:0.012s  
20191211_10_04_27_390788_23396report.log 2019-12-11 10:05:20  loga.py  writeLog [line:134] INFO 行号:77   PASS   查找元素[find_element]  用时:0.007s  
20191211_10_04_27_390788_23396report.log 2019-12-11 10:05:21  loga.py  writeLog [line:134] INFO 行号:77   PASS   模拟输入[send_keys]  用时:0.129s  
20191211_10_04_27_390788_23396report.log 2019-12-11 10:05:22  loga.py  writeLog [line:134] INFO 行号:82   PASS   查找元素[find_element]  用时:0.010s  
20191211_10_04_27_390788_23396report.log 2019-12-11 10:05:22  loga.py  writeLog [line:134] INFO 行号:84   PASS   查找元素[find_element]  用时:0.006s  
20191211_10_04_27_390788_23396report.log 2019-12-11 10:05:23  loga.py  writeLog [line:134] INFO 行号:84   PASS   左键单击[click]  用时:0.054s  
20191211_10_04_27_390788_23396report.log 2019-12-11 10:05:24  loga.py  writeLog [line:134] INFO 行号:88   PASS   查找元素[find_element]  用时:0.020s  
20191211_10_04_27_390788_23396report.log 2019-12-11 10:05:24  loga.py  writeLog [line:134] INFO 行号:89   PASS   查找元素[find_element]  用时:0.007s  
20191211_10_04_27_390788_23396report.log 2019-12-11 10:05:25  loga.py  writeLog [line:134] INFO 行号:89   PASS   左键单击[click]  用时:0.059s  
20191211_10_04_27_390788_23396report.log 2019-12-11 10:05:26  loga.py  writeLog [line:134] INFO 行号:92   TRUE   断言：包含[assertIn] 用时:0.001s TRUE.
20191211_10_04_27_390788_23396report.log 2019-12-11 10:05:56  loga.py  writeLog [line:134] INFO 行号:96   FAIL   查找元素[find_element]  用时:30.016s  参数:{'list': '', 'dict': {'xpath': '//div[text()=""]/ancestor::div[@class="fixedDataTableCellGroupLayout_cellGroupWrapper"]'}} 页面中没有该元素.NoSuchElementException
20191211_10_04_27_390788_23396report.log 2019-12-11 10:05:57  loga.py  writeLog [line:134] INFO 行号:0    ERROR  [runTest]  用时:  测试用例脚本发生错误，请检查脚本代码：invalid argument
20191211_10_04_27_390788_23396report.log 2019-12-11 10:05:57  loga.py  putSystemLog [line:74] INFO 脚本运行完毕...
20191211_10_04_27_390788_23396report.log 2019-12-11 10:05:57  loga.py  putSystemLog [line:74] INFO 开始运行脚本<class 'script.testCase.U8EX项目.公共.U8EX登出.EasyCase'>
20191211_10_04_27_390788_23396report.log 2019-12-11 10:05:57  loga.py  writeLog [line:134] INFO 行号:24   PASS   刷新页面[refresh]  用时:0.012s  
20191211_10_04_27_390788_23396report.log 2019-12-11 10:05:59  loga.py  writeLog [line:134] INFO 行号:26   PASS   查找元素[find_element]  用时:0.011s  
20191211_10_04_27_390788_23396report.log 2019-12-11 10:05:59  loga.py  writeLog [line:134] INFO 行号:26   PASS   左键单击[click]  用时:0.168s  
20191211_10_04_27_390788_23396report.log 2019-12-11 10:06:00  loga.py  writeLog [line:134] INFO 行号:27   PASS   查找元素[find_element]  用时:0.010s  
20191211_10_04_27_390788_23396report.log 2019-12-11 10:06:01  loga.py  writeLog [line:134] INFO 行号:27   PASS   左键单击[click]  用时:0.526s  
20191211_10_04_27_390788_23396report.log 2019-12-11 10:06:02  loga.py  putSystemLog [line:74] INFO 脚本运行完毕...
20191211_10_04_27_390788_23396report.log 2019-12-11 10:06:03  loga.py  writeLog [line:134] INFO 行号:0    PASS   关闭浏览器[quit]  用时:0.231s  
20191211_10_04_27_390788_23396report.log 2019-12-11 10:06:06  loga.py  putSystemLog [line:74] INFO 场景<1>结束.用时:98.768s.
20191211_10_04_27_390788_23396report.log 2019-12-11 10:06:06  loga.py  putSystemLog [line:74] INFO 场景统计结果：PASS: 64(96.97%),FAIL:  1(1.52%),ERROR:  1(1.52%),TRUE:  1,FALSE:  0

20191211_10_04_27_390788_23396report.log 2019-12-11 10:06:06  loga.py  putSystemLog [line:74] INFO ----------------------------------------
20191211_10_04_27_390788_23396report.log 2019-12-11 10:06:06  loga.py  putSystemLog [line:74] INFO End.
20191211_10_04_27_390788_23396report.log 2019-12-11 10:06:06  loga.py  putSystemLog [line:74] INFO 测试方案统计结果:
                    场景<1>:PASS: 64(96.97%),FAIL:  1(1.52%),ERROR:  1(1.52%),TRUE:  1,FALSE:  0
                    总   计:PASS: 64(96.97%),FAIL:  1(1.52%),ERROR:  1(1.52%),TRUE:  1,FALSE:  0

