20191211_11_32_57_802131_18656report.log 2019-12-11 11:32:57  loga.py  putSystemLog [line:74] INFO Start.
20191211_11_32_57_802131_18656report.log 2019-12-11 11:32:57  loga.py  putSystemLog [line:74] INFO 场景<1>开始.
20191211_11_32_57_802131_18656report.log 2019-12-11 11:33:01  loga.py  writeLog [line:134] INFO 行号:0    PASS   最大化浏览器窗口[maximize_window]  用时:1.119s  
20191211_11_32_57_802131_18656report.log 2019-12-11 11:33:02  loga.py  putSystemLog [line:74] INFO chrome浏览器启动成功.
20191211_11_32_57_802131_18656report.log 2019-12-11 11:33:02  loga.py  putSystemLog [line:74] INFO 开始加载脚本...
20191211_11_32_57_802131_18656report.log 2019-12-11 11:33:02  loga.py  putSystemLog [line:74] INFO 脚本<1>：U8EX登录 加载成功.脚本路径：script/testCase/U8EX项目/公共/U8EX登录
20191211_11_32_57_802131_18656report.log 2019-12-11 11:33:02  loga.py  putSystemLog [line:74] INFO 脚本<2>：减少方式 加载成功.脚本路径：script/testCase/Y3me项目/数字化建模/固定资产/减少方式
20191211_11_32_57_802131_18656report.log 2019-12-11 11:33:02  loga.py  putSystemLog [line:74] INFO 脚本<3>：U8EX登出 加载成功.脚本路径：script/testCase/U8EX项目/公共/U8EX登出
20191211_11_32_57_802131_18656report.log 2019-12-11 11:33:02  loga.py  putSystemLog [line:74] INFO 脚本加载完成...
20191211_11_32_57_802131_18656report.log 2019-12-11 11:33:02  loga.py  putSystemLog [line:74] INFO 开始运行脚本<class 'script.testCase.U8EX项目.公共.U8EX登录.EasyCase'>
20191211_11_32_57_802131_18656report.log 2019-12-11 11:33:03  loga.py  writeLog [line:134] INFO 行号:27   PASS   访问页面[get]  用时:1.124s  
20191211_11_32_57_802131_18656report.log 2019-12-11 11:33:04  loga.py  writeLog [line:134] INFO 行号:29   PASS   查找元素[find_element]  用时:0.012s  
20191211_11_32_57_802131_18656report.log 2019-12-11 11:33:05  loga.py  writeLog [line:134] INFO 行号:30   PASS   查找元素[find_element]  用时:0.006s  
20191211_11_32_57_802131_18656report.log 2019-12-11 11:33:05  loga.py  writeLog [line:134] INFO 行号:30   PASS   左键单击[click]  用时:0.051s  
20191211_11_32_57_802131_18656report.log 2019-12-11 11:33:06  loga.py  writeLog [line:134] INFO 行号:34   PASS   查找元素[find_element]  用时:0.009s  
20191211_11_32_57_802131_18656report.log 2019-12-11 11:33:07  loga.py  writeLog [line:134] INFO 行号:35   PASS   查找元素[find_element]  用时:0.005s  
20191211_11_32_57_802131_18656report.log 2019-12-11 11:33:07  loga.py  writeLog [line:134] INFO 行号:36   PASS   切换到表单[frame]  用时:0.020s  
20191211_11_32_57_802131_18656report.log 2019-12-11 11:33:09  loga.py  writeLog [line:134] INFO 行号:39   PASS   查找元素[find_element]  用时:0.010s  
20191211_11_32_57_802131_18656report.log 2019-12-11 11:33:10  loga.py  writeLog [line:134] INFO 行号:40   PASS   查找元素[find_element]  用时:0.008s  
20191211_11_32_57_802131_18656report.log 2019-12-11 11:33:11  loga.py  writeLog [line:134] INFO 行号:40   PASS   清除文本[clear]  用时:0.017s  
20191211_11_32_57_802131_18656report.log 2019-12-11 11:33:12  loga.py  writeLog [line:134] INFO 行号:41   PASS   查找元素[find_element]  用时:0.009s  
20191211_11_32_57_802131_18656report.log 2019-12-11 11:33:12  loga.py  writeLog [line:134] INFO 行号:41   PASS   模拟输入[send_keys]  用时:0.078s  
20191211_11_32_57_802131_18656report.log 2019-12-11 11:33:13  loga.py  writeLog [line:134] INFO 行号:42   PASS   查找元素[find_element]  用时:0.018s  
20191211_11_32_57_802131_18656report.log 2019-12-11 11:33:14  loga.py  writeLog [line:134] INFO 行号:42   PASS   清除文本[clear]  用时:0.019s  
20191211_11_32_57_802131_18656report.log 2019-12-11 11:33:15  loga.py  writeLog [line:134] INFO 行号:43   PASS   查找元素[find_element]  用时:0.007s  
20191211_11_32_57_802131_18656report.log 2019-12-11 11:33:15  loga.py  writeLog [line:134] INFO 行号:43   PASS   模拟输入[send_keys]  用时:0.065s  
20191211_11_32_57_802131_18656report.log 2019-12-11 11:33:16  loga.py  writeLog [line:134] INFO 行号:45   PASS   查找元素[find_element]  用时:0.011s  
20191211_11_32_57_802131_18656report.log 2019-12-11 11:33:17  loga.py  writeLog [line:134] INFO 行号:46   PASS   查找元素[find_element]  用时:0.008s  
20191211_11_32_57_802131_18656report.log 2019-12-11 11:33:17  loga.py  writeLog [line:134] INFO 行号:46   PASS   左键单击[click]  用时:0.081s  
20191211_11_32_57_802131_18656report.log 2019-12-11 11:33:18  loga.py  writeLog [line:134] INFO 行号:52   PASS   查找元素[find_element]  用时:0.011s  
20191211_11_32_57_802131_18656report.log 2019-12-11 11:33:19  loga.py  writeLog [line:134] INFO 行号:53   PASS   查找元素[find_element]  用时:0.008s  
20191211_11_32_57_802131_18656report.log 2019-12-11 11:33:20  loga.py  writeLog [line:134] INFO 行号:53   PASS   左键单击[click]  用时:0.084s  
20191211_11_32_57_802131_18656report.log 2019-12-11 11:33:21  loga.py  writeLog [line:134] INFO 行号:54   PASS   查找元素[find_element]  用时:0.064s  
20191211_11_32_57_802131_18656report.log 2019-12-11 11:33:21  loga.py  writeLog [line:134] INFO 行号:54   PASS   左键单击[click]  用时:0.111s  
20191211_11_32_57_802131_18656report.log 2019-12-11 11:33:22  loga.py  writeLog [line:134] INFO 行号:56   PASS   查找元素[find_element]  用时:0.009s  
20191211_11_32_57_802131_18656report.log 2019-12-11 11:33:23  loga.py  writeLog [line:134] INFO 行号:56   PASS   左键单击[click]  用时:0.580s  
20191211_11_32_57_802131_18656report.log 2019-12-11 11:33:24  loga.py  putSystemLog [line:74] INFO 脚本运行完毕...
20191211_11_32_57_802131_18656report.log 2019-12-11 11:33:24  loga.py  putSystemLog [line:74] INFO 开始运行脚本<class 'script.testCase.Y3me项目.数字化建模.固定资产.减少方式.EasyCase'>
20191211_11_32_57_802131_18656report.log 2019-12-11 11:33:25  loga.py  writeLog [line:134] INFO 行号:25   PASS   刷新页面[refresh]  用时:0.298s  
20191211_11_32_57_802131_18656report.log 2019-12-11 11:33:26  loga.py  writeLog [line:134] INFO 行号:27   PASS   查找元素[find_element]  用时:0.010s  
20191211_11_32_57_802131_18656report.log 2019-12-11 11:33:26  loga.py  writeLog [line:134] INFO 行号:27   PASS   左键单击[click]  用时:0.076s  
20191211_11_32_57_802131_18656report.log 2019-12-11 11:33:30  loga.py  writeLog [line:134] INFO 行号:30   PASS   查找元素[find_element]  用时:0.013s  
20191211_11_32_57_802131_18656report.log 2019-12-11 11:33:31  loga.py  writeLog [line:134] INFO 行号:30   PASS   左键单击[click]  用时:0.090s  
20191211_11_32_57_802131_18656report.log 2019-12-11 11:33:35  loga.py  writeLog [line:134] INFO 行号:33   PASS   查找元素[find_element]  用时:0.010s  
20191211_11_32_57_802131_18656report.log 2019-12-11 11:33:39  loga.py  writeLog [line:134] INFO 行号:40   PASS   查找元素[find_element]  用时:0.010s  
20191211_11_32_57_802131_18656report.log 2019-12-11 11:33:48  loga.py  writeLog [line:134] INFO 行号:47   PASS   查找元素[find_element]  用时:0.011s  
20191211_11_32_57_802131_18656report.log 2019-12-11 11:33:54  loga.py  writeLog [line:134] INFO 行号:50   PASS   查找元素[find_element]  用时:0.012s  
20191211_11_32_57_802131_18656report.log 2019-12-11 11:33:54  loga.py  writeLog [line:134] INFO 行号:51   PASS   切换到表单[frame]  用时:0.016s  
20191211_11_32_57_802131_18656report.log 2019-12-11 11:33:55  loga.py  writeLog [line:134] INFO 行号:54   PASS   查找元素[find_element]  用时:0.010s  
20191211_11_32_57_802131_18656report.log 2019-12-11 11:33:56  loga.py  writeLog [line:134] INFO 行号:55   PASS   查找元素[find_element]  用时:0.005s  
20191211_11_32_57_802131_18656report.log 2019-12-11 11:33:56  loga.py  writeLog [line:134] INFO 行号:55   PASS   左键单击[click]  用时:0.104s  
20191211_11_32_57_802131_18656report.log 2019-12-11 11:33:57  loga.py  writeLog [line:134] INFO 行号:58   PASS   查找元素[find_element]  用时:0.013s  
20191211_11_32_57_802131_18656report.log 2019-12-11 11:33:58  loga.py  writeLog [line:134] INFO 行号:59   PASS   查找元素[find_element]  用时:0.007s  
20191211_11_32_57_802131_18656report.log 2019-12-11 11:33:58  loga.py  writeLog [line:134] INFO 行号:59   PASS   左键单击[click]  用时:0.055s  
20191211_11_32_57_802131_18656report.log 2019-12-11 11:33:59  loga.py  writeLog [line:134] INFO 行号:63   PASS   查找元素[find_element]  用时:0.011s  
20191211_11_32_57_802131_18656report.log 2019-12-11 11:34:00  loga.py  writeLog [line:134] INFO 行号:64   PASS   查找元素[find_element]  用时:0.006s  
20191211_11_32_57_802131_18656report.log 2019-12-11 11:34:00  loga.py  writeLog [line:134] INFO 行号:64   PASS   左键单击[click]  用时:0.107s  
20191211_11_32_57_802131_18656report.log 2019-12-11 11:34:31  loga.py  writeLog [line:134] INFO 行号:69   FAIL   查找元素[find_element]  用时:30.009s  参数:{'list': '', 'dict': {'id': 'at_addwaylist|btnAdd'}} 页面中没有该元素.NoSuchElementException
20191211_11_32_57_802131_18656report.log 2019-12-11 11:35:02  loga.py  writeLog [line:134] INFO 行号:0    ERROR  [runTest]  用时:  测试用例脚本发生错误，请检查脚本代码：
20191211_11_32_57_802131_18656report.log 2019-12-11 11:35:02  loga.py  putSystemLog [line:74] INFO 脚本运行完毕...
20191211_11_32_57_802131_18656report.log 2019-12-11 11:35:02  loga.py  putSystemLog [line:74] INFO 开始运行脚本<class 'script.testCase.U8EX项目.公共.U8EX登出.EasyCase'>
20191211_11_32_57_802131_18656report.log 2019-12-11 11:35:02  loga.py  writeLog [line:134] INFO 行号:24   PASS   刷新页面[refresh]  用时:0.006s  
20191211_11_32_57_802131_18656report.log 2019-12-11 11:35:04  loga.py  writeLog [line:134] INFO 行号:26   PASS   查找元素[find_element]  用时:0.013s  
20191211_11_32_57_802131_18656report.log 2019-12-11 11:35:05  loga.py  writeLog [line:134] INFO 行号:26   PASS   左键单击[click]  用时:0.063s  
20191211_11_32_57_802131_18656report.log 2019-12-11 11:35:06  loga.py  writeLog [line:134] INFO 行号:27   PASS   查找元素[find_element]  用时:0.013s  
20191211_11_32_57_802131_18656report.log 2019-12-11 11:35:07  loga.py  writeLog [line:134] INFO 行号:27   PASS   左键单击[click]  用时:0.520s  
20191211_11_32_57_802131_18656report.log 2019-12-11 11:35:08  loga.py  putSystemLog [line:74] INFO 脚本运行完毕...
20191211_11_32_57_802131_18656report.log 2019-12-11 11:35:08  loga.py  writeLog [line:134] INFO 行号:0    PASS   关闭浏览器[quit]  用时:0.237s  
20191211_11_32_57_802131_18656report.log 2019-12-11 11:35:11  loga.py  putSystemLog [line:74] INFO 场景<1>结束.用时:133.712s.
20191211_11_32_57_802131_18656report.log 2019-12-11 11:35:11  loga.py  putSystemLog [line:74] INFO 场景统计结果：PASS: 52(96.30%),FAIL:  1(1.85%),ERROR:  1(1.85%),TRUE:  0,FALSE:  0

20191211_11_32_57_802131_18656report.log 2019-12-11 11:35:11  loga.py  putSystemLog [line:74] INFO ----------------------------------------
20191211_11_32_57_802131_18656report.log 2019-12-11 11:35:11  loga.py  putSystemLog [line:74] INFO End.
20191211_11_32_57_802131_18656report.log 2019-12-11 11:35:11  loga.py  putSystemLog [line:74] INFO 测试方案统计结果:
                    场景<1>:PASS: 52(96.30%),FAIL:  1(1.85%),ERROR:  1(1.85%),TRUE:  0,FALSE:  0
                    总   计:PASS: 52(96.30%),FAIL:  1(1.85%),ERROR:  1(1.85%),TRUE:  0,FALSE:  0

