2019-12-11 18:14:07 Start.
2019-12-11 18:14:07 场景<1>开始.
2019-12-11 18:14:10 行号:0    PASS   最大化浏览器窗口[maximize_window]  用时:1.116s  
2019-12-11 18:14:11 chrome浏览器启动成功.
2019-12-11 18:14:11 开始加载脚本...
2019-12-11 18:14:11 脚本<1>：U8EX登录 加载成功.脚本路径：script/testCase/U8EX项目/公共/U8EX登录
2019-12-11 18:14:11 脚本<2>：减少方式 加载成功.脚本路径：script/testCase/Y3me项目/数字化建模/固定资产/减少方式
2019-12-11 18:14:11 脚本<3>：U8EX登出 加载成功.脚本路径：script/testCase/U8EX项目/公共/U8EX登出
2019-12-11 18:14:11 脚本加载完成...
2019-12-11 18:14:11 开始运行脚本<class 'script.testCase.U8EX项目.公共.U8EX登录.EasyCase'>
2019-12-11 18:14:21 行号:27   PASS   访问页面[get]  用时:9.649s  
2019-12-11 18:14:22 行号:29   PASS   查找元素[find_element]  用时:0.011s  
2019-12-11 18:14:23 行号:30   PASS   查找元素[find_element]  用时:0.007s  
2019-12-11 18:14:23 行号:30   PASS   左键单击[click]  用时:0.049s  
2019-12-11 18:14:24 行号:34   PASS   查找元素[find_element]  用时:0.009s  
2019-12-11 18:14:25 行号:35   PASS   查找元素[find_element]  用时:0.007s  
2019-12-11 18:14:25 行号:36   PASS   切换到表单[frame]  用时:0.017s  
2019-12-11 18:14:27 行号:39   PASS   查找元素[find_element]  用时:0.010s  
2019-12-11 18:14:28 行号:40   PASS   查找元素[find_element]  用时:0.006s  
2019-12-11 18:14:28 行号:40   PASS   清除文本[clear]  用时:0.019s  
2019-12-11 18:14:29 行号:41   PASS   查找元素[find_element]  用时:0.006s  
2019-12-11 18:14:30 行号:41   PASS   模拟输入[send_keys]  用时:0.075s  
2019-12-11 18:14:31 行号:42   PASS   查找元素[find_element]  用时:0.010s  
2019-12-11 18:14:31 行号:42   PASS   清除文本[clear]  用时:0.018s  
2019-12-11 18:14:32 行号:43   PASS   查找元素[find_element]  用时:0.007s  
2019-12-11 18:14:33 行号:43   PASS   模拟输入[send_keys]  用时:0.056s  
2019-12-11 18:14:34 行号:45   PASS   查找元素[find_element]  用时:0.013s  
2019-12-11 18:14:34 行号:46   PASS   查找元素[find_element]  用时:0.007s  
2019-12-11 18:14:35 行号:46   PASS   左键单击[click]  用时:0.085s  
2019-12-11 18:14:36 行号:52   PASS   查找元素[find_element]  用时:0.010s  
2019-12-11 18:14:37 行号:53   PASS   查找元素[find_element]  用时:0.007s  
2019-12-11 18:14:37 行号:53   PASS   左键单击[click]  用时:0.089s  
2019-12-11 18:14:38 行号:54   PASS   查找元素[find_element]  用时:0.010s  
2019-12-11 18:14:39 行号:54   PASS   左键单击[click]  用时:0.098s  
2019-12-11 18:14:40 行号:56   PASS   查找元素[find_element]  用时:0.011s  
2019-12-11 18:14:41 行号:56   PASS   左键单击[click]  用时:0.589s  
2019-12-11 18:14:42 脚本运行完毕...
2019-12-11 18:14:42 开始运行脚本<class 'script.testCase.Y3me项目.数字化建模.固定资产.减少方式.EasyCase'>
2019-12-11 18:14:42 行号:25   PASS   刷新页面[refresh]  用时:0.506s  
2019-12-11 18:14:43 行号:27   PASS   查找元素[find_element]  用时:0.011s  
2019-12-11 18:14:44 行号:27   PASS   左键单击[click]  用时:0.092s  
2019-12-11 18:14:46 行号:30   PASS   查找元素[find_element]  用时:0.010s  
2019-12-11 18:14:47 行号:30   PASS   左键单击[click]  用时:0.066s  
2019-12-11 18:14:49 行号:33   PASS   查找元素[find_element]  用时:0.010s  
2019-12-11 18:14:51 行号:40   PASS   查找元素[find_element]  用时:0.009s  
2019-12-11 18:14:55 行号:47   PASS   查找元素[find_element]  用时:0.009s  
2019-12-11 18:14:56 行号:50   PASS   查找元素[find_element]  用时:0.009s  
2019-12-11 18:14:57 行号:51   PASS   切换到表单[frame]  用时:0.543s  
2019-12-11 18:14:58 行号:54   PASS   查找元素[find_element]  用时:0.017s  
2019-12-11 18:14:59 行号:55   PASS   查找元素[find_element]  用时:0.007s  
2019-12-11 18:14:59 行号:55   PASS   左键单击[click]  用时:0.081s  
2019-12-11 18:15:01 行号:58   PASS   查找元素[find_element]  用时:0.111s  
2019-12-11 18:15:01 行号:59   PASS   查找元素[find_element]  用时:0.008s  
2019-12-11 18:15:02 行号:59   PASS   左键单击[click]  用时:0.056s  
2019-12-11 18:15:03 行号:63   PASS   查找元素[find_element]  用时:0.011s  
2019-12-11 18:15:03 行号:64   PASS   查找元素[find_element]  用时:0.007s  
2019-12-11 18:15:04 行号:64   PASS   左键单击[click]  用时:0.099s  
2019-12-11 18:15:05 行号:69   PASS   查找元素[find_element]  用时:0.007s  
2019-12-11 18:15:05 行号:70   PASS   查找元素[find_element]  用时:0.006s  
2019-12-11 18:15:06 行号:70   PASS   左键单击[click]  用时:0.060s  
2019-12-11 18:15:07 行号:76   PASS   查找元素[find_element]  用时:0.013s  
2019-12-11 18:15:07 行号:77   PASS   查找元素[find_element]  用时:0.006s  
2019-12-11 18:15:08 行号:77   PASS   模拟输入[send_keys]  用时:0.077s  
2019-12-11 18:15:09 行号:81   PASS   查找元素[find_element]  用时:0.010s  
2019-12-11 18:15:10 行号:82   PASS   查找元素[find_element]  用时:0.008s  
2019-12-11 18:15:10 行号:82   PASS   左键单击[click]  用时:0.057s  
2019-12-11 18:15:13 行号:87   PASS   查找元素[find_element]  用时:0.012s  
2019-12-11 18:15:14 行号:89   PASS   执行JS代码[execute_script]  用时:0.016s  
2019-12-11 18:15:15 行号:99   PASS   查找元素[find_element]  用时:0.009s  
2019-12-11 18:15:16 行号:102  PASS   查找元素[find_element]  用时:0.007s  
2019-12-11 18:15:16 行号:102  PASS   左键单击[click]  用时:0.092s  
2019-12-11 18:15:17 行号:106  PASS   查找元素[find_element]  用时:0.077s  
2019-12-11 18:15:18 行号:107  PASS   查找元素[find_element]  用时:0.008s  
2019-12-11 18:15:18 行号:107  PASS   左键单击[click]  用时:0.056s  
2019-12-11 18:15:19 行号:110  PASS   查找元素[find_element]  用时:0.012s  
2019-12-11 18:15:20 行号:111  PASS   查找元素[find_element]  用时:0.007s  
2019-12-11 18:15:21 行号:111  PASS   左键单击[click]  用时:0.060s  
2019-12-11 18:15:22 行号:115  PASS   查找元素[find_element]  用时:0.011s  
2019-12-11 18:15:22 行号:116  PASS   查找元素[find_element]  用时:0.007s  
2019-12-11 18:15:23 行号:116  PASS   左键单击[click]  用时:0.108s  
2019-12-11 18:15:24 行号:120  PASS   查找元素[find_element]  用时:0.009s  
2019-12-11 18:15:25 行号:129  PASS   查找元素[find_element]  用时:0.009s  
2019-12-11 18:15:25 行号:132  PASS   查找元素[find_element]  用时:0.007s  
2019-12-11 18:15:26 行号:132  PASS   左键单击[click]  用时:0.083s  
2019-12-11 18:15:27 行号:136  PASS   查找元素[find_element]  用时:0.010s  
2019-12-11 18:15:27 行号:137  PASS   查找元素[find_element]  用时:0.007s  
2019-12-11 18:15:28 行号:137  PASS   左键单击[click]  用时:0.071s  
2019-12-11 18:15:29 行号:140  TRUE   断言：不包含[assertNotIn] 用时:0.001s TRUE.
2019-12-11 18:15:29 行号:143  PASS   查找元素[find_element]  用时:0.007s  
2019-12-11 18:15:30 行号:143  PASS   左键单击[click]  用时:0.062s  
2019-12-11 18:15:32 行号:145  PASS   查找元素[find_element]  用时:0.009s  
2019-12-11 18:15:32 行号:145  PASS   左键单击[click]  用时:0.069s  
2019-12-11 18:15:33 脚本运行完毕...
2019-12-11 18:15:33 开始运行脚本<class 'script.testCase.U8EX项目.公共.U8EX登出.EasyCase'>
2019-12-11 18:15:33 行号:24   PASS   刷新页面[refresh]  用时:0.013s  
2019-12-11 18:15:35 行号:26   PASS   查找元素[find_element]  用时:0.013s  
2019-12-11 18:15:36 行号:26   PASS   左键单击[click]  用时:0.059s  
2019-12-11 18:15:37 行号:27   PASS   查找元素[find_element]  用时:0.011s  
2019-12-11 18:15:38 行号:27   PASS   左键单击[click]  用时:0.456s  
2019-12-11 18:15:39 脚本运行完毕...
2019-12-11 18:15:39 行号:0    PASS   关闭浏览器[quit]  用时:0.245s  
2019-12-11 18:15:42 场景<1>结束.用时:95.395s.
2019-12-11 18:15:42 场景统计结果：PASS: 86(100.00%),FAIL:  0(0.00%),ERROR:  0(0.00%),TRUE:  1,FALSE:  0

2019-12-11 18:15:42 ----------------------------------------
2019-12-11 18:15:42 End.
2019-12-11 18:15:42 测试方案统计结果:
                    场景<1>:PASS: 86(100.00%),FAIL:  0(0.00%),ERROR:  0(0.00%),TRUE:  1,FALSE:  0
                    总   计:PASS: 86(100.00%),FAIL:  0(0.00%),ERROR:  0(0.00%),TRUE:  1,FALSE:  0

