20191211_10_32_07_512250_25880report.log 2019-12-11 10:32:07  loga.py  putSystemLog [line:74] INFO Start.
20191211_10_32_07_512250_25880report.log 2019-12-11 10:32:07  loga.py  putSystemLog [line:74] INFO 场景<1>开始.
20191211_10_32_07_512250_25880report.log 2019-12-11 10:32:11  loga.py  writeLog [line:134] INFO 行号:0    PASS   最大化浏览器窗口[maximize_window]  用时:1.113s  
20191211_10_32_07_512250_25880report.log 2019-12-11 10:32:12  loga.py  putSystemLog [line:74] INFO chrome浏览器启动成功.
20191211_10_32_07_512250_25880report.log 2019-12-11 10:32:12  loga.py  putSystemLog [line:74] INFO 开始加载脚本...
20191211_10_32_07_512250_25880report.log 2019-12-11 10:32:12  loga.py  putSystemLog [line:74] INFO 脚本<1>：U8EX登录 加载成功.脚本路径：script/testCase/U8EX项目/公共/U8EX登录
20191211_10_32_07_512250_25880report.log 2019-12-11 10:32:12  loga.py  putSystemLog [line:74] INFO 脚本<2>：资产状态 加载成功.脚本路径：script/testCase/Y3me项目/数字化建模/固定资产/资产状态
20191211_10_32_07_512250_25880report.log 2019-12-11 10:32:12  loga.py  putSystemLog [line:74] INFO 脚本<3>：U8EX登出 加载成功.脚本路径：script/testCase/U8EX项目/公共/U8EX登出
20191211_10_32_07_512250_25880report.log 2019-12-11 10:32:12  loga.py  putSystemLog [line:74] INFO 脚本加载完成...
20191211_10_32_07_512250_25880report.log 2019-12-11 10:32:12  loga.py  putSystemLog [line:74] INFO 开始运行脚本<class 'script.testCase.U8EX项目.公共.U8EX登录.EasyCase'>
20191211_10_32_07_512250_25880report.log 2019-12-11 10:32:13  loga.py  writeLog [line:134] INFO 行号:27   PASS   访问页面[get]  用时:1.503s  
20191211_10_32_07_512250_25880report.log 2019-12-11 10:32:14  loga.py  writeLog [line:134] INFO 行号:29   PASS   查找元素[find_element]  用时:0.011s  
20191211_10_32_07_512250_25880report.log 2019-12-11 10:32:15  loga.py  writeLog [line:134] INFO 行号:30   PASS   查找元素[find_element]  用时:0.006s  
20191211_10_32_07_512250_25880report.log 2019-12-11 10:32:15  loga.py  writeLog [line:134] INFO 行号:30   PASS   左键单击[click]  用时:0.050s  
20191211_10_32_07_512250_25880report.log 2019-12-11 10:32:16  loga.py  writeLog [line:134] INFO 行号:34   PASS   查找元素[find_element]  用时:0.015s  
20191211_10_32_07_512250_25880report.log 2019-12-11 10:32:17  loga.py  writeLog [line:134] INFO 行号:35   PASS   查找元素[find_element]  用时:0.008s  
20191211_10_32_07_512250_25880report.log 2019-12-11 10:32:17  loga.py  writeLog [line:134] INFO 行号:36   PASS   切换到表单[frame]  用时:0.017s  
20191211_10_32_07_512250_25880report.log 2019-12-11 10:32:19  loga.py  writeLog [line:134] INFO 行号:39   PASS   查找元素[find_element]  用时:0.011s  
20191211_10_32_07_512250_25880report.log 2019-12-11 10:32:20  loga.py  writeLog [line:134] INFO 行号:40   PASS   查找元素[find_element]  用时:0.009s  
20191211_10_32_07_512250_25880report.log 2019-12-11 10:32:20  loga.py  writeLog [line:134] INFO 行号:40   PASS   清除文本[clear]  用时:0.020s  
20191211_10_32_07_512250_25880report.log 2019-12-11 10:32:21  loga.py  writeLog [line:134] INFO 行号:41   PASS   查找元素[find_element]  用时:0.006s  
20191211_10_32_07_512250_25880report.log 2019-12-11 10:32:22  loga.py  writeLog [line:134] INFO 行号:41   PASS   模拟输入[send_keys]  用时:0.062s  
20191211_10_32_07_512250_25880report.log 2019-12-11 10:32:23  loga.py  writeLog [line:134] INFO 行号:42   PASS   查找元素[find_element]  用时:0.008s  
20191211_10_32_07_512250_25880report.log 2019-12-11 10:32:24  loga.py  writeLog [line:134] INFO 行号:42   PASS   清除文本[clear]  用时:0.019s  
20191211_10_32_07_512250_25880report.log 2019-12-11 10:32:25  loga.py  writeLog [line:134] INFO 行号:43   PASS   查找元素[find_element]  用时:0.008s  
20191211_10_32_07_512250_25880report.log 2019-12-11 10:32:25  loga.py  writeLog [line:134] INFO 行号:43   PASS   模拟输入[send_keys]  用时:0.049s  
20191211_10_32_07_512250_25880report.log 2019-12-11 10:32:26  loga.py  writeLog [line:134] INFO 行号:45   PASS   查找元素[find_element]  用时:0.010s  
20191211_10_32_07_512250_25880report.log 2019-12-11 10:32:27  loga.py  writeLog [line:134] INFO 行号:46   PASS   查找元素[find_element]  用时:0.007s  
20191211_10_32_07_512250_25880report.log 2019-12-11 10:32:27  loga.py  writeLog [line:134] INFO 行号:46   PASS   左键单击[click]  用时:0.082s  
20191211_10_32_07_512250_25880report.log 2019-12-11 10:32:29  loga.py  writeLog [line:134] INFO 行号:52   PASS   查找元素[find_element]  用时:0.015s  
20191211_10_32_07_512250_25880report.log 2019-12-11 10:32:29  loga.py  writeLog [line:134] INFO 行号:53   PASS   查找元素[find_element]  用时:0.005s  
20191211_10_32_07_512250_25880report.log 2019-12-11 10:32:30  loga.py  writeLog [line:134] INFO 行号:53   PASS   左键单击[click]  用时:0.089s  
20191211_10_32_07_512250_25880report.log 2019-12-11 10:32:31  loga.py  writeLog [line:134] INFO 行号:54   PASS   查找元素[find_element]  用时:0.011s  
20191211_10_32_07_512250_25880report.log 2019-12-11 10:32:31  loga.py  writeLog [line:134] INFO 行号:54   PASS   左键单击[click]  用时:0.128s  
20191211_10_32_07_512250_25880report.log 2019-12-11 10:32:32  loga.py  writeLog [line:134] INFO 行号:56   PASS   查找元素[find_element]  用时:0.010s  
20191211_10_32_07_512250_25880report.log 2019-12-11 10:32:34  loga.py  writeLog [line:134] INFO 行号:56   PASS   左键单击[click]  用时:0.942s  
20191211_10_32_07_512250_25880report.log 2019-12-11 10:32:35  loga.py  putSystemLog [line:74] INFO 脚本运行完毕...
20191211_10_32_07_512250_25880report.log 2019-12-11 10:32:35  loga.py  putSystemLog [line:74] INFO 开始运行脚本<class 'script.testCase.Y3me项目.数字化建模.固定资产.资产状态.EasyCase'>
20191211_10_32_07_512250_25880report.log 2019-12-11 10:32:35  loga.py  writeLog [line:134] INFO 行号:25   PASS   刷新页面[refresh]  用时:0.507s  
20191211_10_32_07_512250_25880report.log 2019-12-11 10:32:36  loga.py  writeLog [line:134] INFO 行号:27   PASS   查找元素[find_element]  用时:0.011s  
20191211_10_32_07_512250_25880report.log 2019-12-11 10:32:37  loga.py  writeLog [line:134] INFO 行号:27   PASS   左键单击[click]  用时:0.074s  
20191211_10_32_07_512250_25880report.log 2019-12-11 10:32:39  loga.py  writeLog [line:134] INFO 行号:30   PASS   查找元素[find_element]  用时:0.010s  
20191211_10_32_07_512250_25880report.log 2019-12-11 10:32:39  loga.py  writeLog [line:134] INFO 行号:30   PASS   左键单击[click]  用时:0.088s  
20191211_10_32_07_512250_25880report.log 2019-12-11 10:32:41  loga.py  writeLog [line:134] INFO 行号:33   PASS   查找元素[find_element]  用时:0.010s  
20191211_10_32_07_512250_25880report.log 2019-12-11 10:32:44  loga.py  writeLog [line:134] INFO 行号:40   PASS   查找元素[find_element]  用时:0.010s  
20191211_10_32_07_512250_25880report.log 2019-12-11 10:32:48  loga.py  writeLog [line:134] INFO 行号:47   PASS   查找元素[find_element]  用时:0.009s  
20191211_10_32_07_512250_25880report.log 2019-12-11 10:32:49  loga.py  writeLog [line:134] INFO 行号:50   PASS   查找元素[find_element]  用时:0.024s  
20191211_10_32_07_512250_25880report.log 2019-12-11 10:32:50  loga.py  writeLog [line:134] INFO 行号:51   PASS   切换到表单[frame]  用时:0.016s  
20191211_10_32_07_512250_25880report.log 2019-12-11 10:32:54  loga.py  writeLog [line:134] INFO 行号:54   PASS   查找元素[find_element]  用时:3.285s  
20191211_10_32_07_512250_25880report.log 2019-12-11 10:32:54  loga.py  writeLog [line:134] INFO 行号:55   PASS   查找元素[find_element]  用时:0.006s  
20191211_10_32_07_512250_25880report.log 2019-12-11 10:32:55  loga.py  writeLog [line:134] INFO 行号:55   PASS   左键单击[click]  用时:0.073s  
20191211_10_32_07_512250_25880report.log 2019-12-11 10:32:56  loga.py  writeLog [line:134] INFO 行号:58   PASS   查找元素[find_element]  用时:0.012s  
20191211_10_32_07_512250_25880report.log 2019-12-11 10:32:57  loga.py  writeLog [line:134] INFO 行号:59   PASS   查找元素[find_element]  用时:0.007s  
20191211_10_32_07_512250_25880report.log 2019-12-11 10:32:57  loga.py  writeLog [line:134] INFO 行号:59   PASS   左键单击[click]  用时:0.053s  
20191211_10_32_07_512250_25880report.log 2019-12-11 10:32:58  loga.py  writeLog [line:134] INFO 行号:63   PASS   查找元素[find_element]  用时:0.009s  
20191211_10_32_07_512250_25880report.log 2019-12-11 10:32:59  loga.py  writeLog [line:134] INFO 行号:64   PASS   查找元素[find_element]  用时:0.008s  
20191211_10_32_07_512250_25880report.log 2019-12-11 10:32:59  loga.py  writeLog [line:134] INFO 行号:64   PASS   左键单击[click]  用时:0.107s  
20191211_10_32_07_512250_25880report.log 2019-12-11 10:33:00  loga.py  writeLog [line:134] INFO 行号:69   PASS   查找元素[find_element]  用时:0.011s  
20191211_10_32_07_512250_25880report.log 2019-12-11 10:33:01  loga.py  writeLog [line:134] INFO 行号:70   PASS   查找元素[find_element]  用时:0.005s  
20191211_10_32_07_512250_25880report.log 2019-12-11 10:33:01  loga.py  writeLog [line:134] INFO 行号:70   PASS   左键单击[click]  用时:0.058s  
20191211_10_32_07_512250_25880report.log 2019-12-11 10:33:02  loga.py  writeLog [line:134] INFO 行号:76   PASS   查找元素[find_element]  用时:0.011s  
20191211_10_32_07_512250_25880report.log 2019-12-11 10:33:03  loga.py  writeLog [line:134] INFO 行号:77   PASS   查找元素[find_element]  用时:0.007s  
20191211_10_32_07_512250_25880report.log 2019-12-11 10:33:04  loga.py  writeLog [line:134] INFO 行号:77   PASS   模拟输入[send_keys]  用时:0.129s  
20191211_10_32_07_512250_25880report.log 2019-12-11 10:33:05  loga.py  writeLog [line:134] INFO 行号:82   PASS   查找元素[find_element]  用时:0.011s  
20191211_10_32_07_512250_25880report.log 2019-12-11 10:33:05  loga.py  writeLog [line:134] INFO 行号:84   PASS   查找元素[find_element]  用时:0.007s  
20191211_10_32_07_512250_25880report.log 2019-12-11 10:33:06  loga.py  writeLog [line:134] INFO 行号:84   PASS   左键单击[click]  用时:0.056s  
20191211_10_32_07_512250_25880report.log 2019-12-11 10:33:07  loga.py  writeLog [line:134] INFO 行号:88   PASS   查找元素[find_element]  用时:0.011s  
20191211_10_32_07_512250_25880report.log 2019-12-11 10:33:07  loga.py  writeLog [line:134] INFO 行号:89   PASS   查找元素[find_element]  用时:0.006s  
20191211_10_32_07_512250_25880report.log 2019-12-11 10:33:08  loga.py  writeLog [line:134] INFO 行号:89   PASS   左键单击[click]  用时:0.055s  
20191211_10_32_07_512250_25880report.log 2019-12-11 10:33:39  loga.py  writeLog [line:134] INFO 行号:93   FAIL   查找元素[find_element]  用时:30.038s  参数:{'list': '', 'dict': {'xpath': '//div[text()="固定资产83085"]/ancestor::div[@class="fixedDataTableCellGroupLayout_cellGroupWrapper"]'}} 页面中没有该元素.NoSuchElementException
20191211_10_32_07_512250_25880report.log 2019-12-11 10:33:39  loga.py  writeLog [line:134] INFO 行号:0    ERROR  [runTest]  用时:  测试用例脚本发生错误，请检查脚本代码：invalid argument
20191211_10_32_07_512250_25880report.log 2019-12-11 10:33:39  loga.py  putSystemLog [line:74] INFO 脚本运行完毕...
20191211_10_32_07_512250_25880report.log 2019-12-11 10:33:39  loga.py  putSystemLog [line:74] INFO 开始运行脚本<class 'script.testCase.U8EX项目.公共.U8EX登出.EasyCase'>
20191211_10_32_07_512250_25880report.log 2019-12-11 10:33:39  loga.py  writeLog [line:134] INFO 行号:24   PASS   刷新页面[refresh]  用时:0.012s  
20191211_10_32_07_512250_25880report.log 2019-12-11 10:33:42  loga.py  writeLog [line:134] INFO 行号:26   PASS   查找元素[find_element]  用时:0.481s  
20191211_10_32_07_512250_25880report.log 2019-12-11 10:33:42  loga.py  writeLog [line:134] INFO 行号:26   PASS   左键单击[click]  用时:0.056s  
20191211_10_32_07_512250_25880report.log 2019-12-11 10:33:43  loga.py  writeLog [line:134] INFO 行号:27   PASS   查找元素[find_element]  用时:0.010s  
20191211_10_32_07_512250_25880report.log 2019-12-11 10:33:44  loga.py  writeLog [line:134] INFO 行号:27   PASS   左键单击[click]  用时:0.505s  
20191211_10_32_07_512250_25880report.log 2019-12-11 10:33:45  loga.py  putSystemLog [line:74] INFO 脚本运行完毕...
20191211_10_32_07_512250_25880report.log 2019-12-11 10:33:46  loga.py  writeLog [line:134] INFO 行号:0    PASS   关闭浏览器[quit]  用时:0.250s  
20191211_10_32_07_512250_25880report.log 2019-12-11 10:33:49  loga.py  putSystemLog [line:74] INFO 场景<1>结束.用时:101.573s.
20191211_10_32_07_512250_25880report.log 2019-12-11 10:33:49  loga.py  putSystemLog [line:74] INFO 场景统计结果：PASS: 64(96.97%),FAIL:  1(1.52%),ERROR:  1(1.52%),TRUE:  0,FALSE:  0

20191211_10_32_07_512250_25880report.log 2019-12-11 10:33:49  loga.py  putSystemLog [line:74] INFO ----------------------------------------
20191211_10_32_07_512250_25880report.log 2019-12-11 10:33:49  loga.py  putSystemLog [line:74] INFO End.
20191211_10_32_07_512250_25880report.log 2019-12-11 10:33:49  loga.py  putSystemLog [line:74] INFO 测试方案统计结果:
                    场景<1>:PASS: 64(96.97%),FAIL:  1(1.52%),ERROR:  1(1.52%),TRUE:  0,FALSE:  0
                    总   计:PASS: 64(96.97%),FAIL:  1(1.52%),ERROR:  1(1.52%),TRUE:  0,FALSE:  0

