2019-12-11 16:09:09 Start.
2019-12-11 16:09:09 场景<1>开始.
2019-12-11 16:09:13 行号:0    PASS   最大化浏览器窗口[maximize_window]  用时:1.121s  
2019-12-11 16:09:14 chrome浏览器启动成功.
2019-12-11 16:09:14 开始加载脚本...
2019-12-11 16:09:14 脚本<1>：U8EX登录 加载成功.脚本路径：script/testCase/U8EX项目/公共/U8EX登录
2019-12-11 16:09:14 脚本<2>：减少方式 加载成功.脚本路径：script/testCase/Y3me项目/数字化建模/固定资产/减少方式
2019-12-11 16:09:14 脚本<3>：U8EX登出 加载成功.脚本路径：script/testCase/U8EX项目/公共/U8EX登出
2019-12-11 16:09:14 脚本加载完成...
2019-12-11 16:09:14 开始运行脚本<class 'script.testCase.U8EX项目.公共.U8EX登录.EasyCase'>
2019-12-11 16:09:15 行号:27   PASS   访问页面[get]  用时:1.040s  
2019-12-11 16:09:16 行号:29   PASS   查找元素[find_element]  用时:0.013s  
2019-12-11 16:09:16 行号:30   PASS   查找元素[find_element]  用时:0.010s  
2019-12-11 16:09:17 行号:30   PASS   左键单击[click]  用时:0.058s  
2019-12-11 16:09:18 行号:34   PASS   查找元素[find_element]  用时:0.011s  
2019-12-11 16:09:19 行号:35   PASS   查找元素[find_element]  用时:0.006s  
2019-12-11 16:09:19 行号:36   PASS   切换到表单[frame]  用时:0.019s  
2019-12-11 16:09:21 行号:39   PASS   查找元素[find_element]  用时:0.010s  
2019-12-11 16:09:22 行号:40   PASS   查找元素[find_element]  用时:0.006s  
2019-12-11 16:09:22 行号:40   PASS   清除文本[clear]  用时:0.017s  
2019-12-11 16:09:23 行号:41   PASS   查找元素[find_element]  用时:0.022s  
2019-12-11 16:09:24 行号:41   PASS   模拟输入[send_keys]  用时:0.056s  
2019-12-11 16:09:25 行号:42   PASS   查找元素[find_element]  用时:0.011s  
2019-12-11 16:09:25 行号:42   PASS   清除文本[clear]  用时:0.017s  
2019-12-11 16:09:26 行号:43   PASS   查找元素[find_element]  用时:0.008s  
2019-12-11 16:09:27 行号:43   PASS   模拟输入[send_keys]  用时:0.051s  
2019-12-11 16:09:28 行号:45   PASS   查找元素[find_element]  用时:0.009s  
2019-12-11 16:09:28 行号:46   PASS   查找元素[find_element]  用时:0.006s  
2019-12-11 16:09:29 行号:46   PASS   左键单击[click]  用时:0.079s  
2019-12-11 16:09:30 行号:52   PASS   查找元素[find_element]  用时:0.022s  
2019-12-11 16:09:31 行号:53   PASS   查找元素[find_element]  用时:0.008s  
2019-12-11 16:09:31 行号:53   PASS   左键单击[click]  用时:0.101s  
2019-12-11 16:09:33 行号:54   PASS   查找元素[find_element]  用时:0.038s  
2019-12-11 16:09:33 行号:54   PASS   左键单击[click]  用时:0.096s  
2019-12-11 16:09:34 行号:56   PASS   查找元素[find_element]  用时:0.021s  
2019-12-11 16:09:36 行号:56   PASS   左键单击[click]  用时:1.787s  
2019-12-11 16:09:37 脚本运行完毕...
2019-12-11 16:09:37 开始运行脚本<class 'script.testCase.Y3me项目.数字化建模.固定资产.减少方式.EasyCase'>
2019-12-11 16:09:38 行号:25   PASS   刷新页面[refresh]  用时:0.411s  
2019-12-11 16:09:39 行号:27   PASS   查找元素[find_element]  用时:0.010s  
2019-12-11 16:09:39 行号:27   PASS   左键单击[click]  用时:0.072s  
2019-12-11 16:09:41 行号:30   PASS   查找元素[find_element]  用时:0.012s  
2019-12-11 16:09:42 行号:30   PASS   左键单击[click]  用时:0.057s  
2019-12-11 16:09:44 行号:33   PASS   查找元素[find_element]  用时:0.009s  
2019-12-11 16:09:47 行号:40   PASS   查找元素[find_element]  用时:0.011s  
2019-12-11 16:09:50 行号:47   PASS   查找元素[find_element]  用时:0.009s  
2019-12-11 16:09:52 行号:50   PASS   查找元素[find_element]  用时:0.009s  
2019-12-11 16:09:52 行号:51   PASS   切换到表单[frame]  用时:0.017s  
2019-12-11 16:09:53 行号:54   PASS   查找元素[find_element]  用时:0.042s  
2019-12-11 16:09:54 行号:55   PASS   查找元素[find_element]  用时:0.005s  
2019-12-11 16:09:54 行号:55   PASS   左键单击[click]  用时:0.076s  
2019-12-11 16:09:55 行号:58   PASS   查找元素[find_element]  用时:0.013s  
2019-12-11 16:09:56 行号:59   PASS   查找元素[find_element]  用时:0.007s  
2019-12-11 16:09:56 行号:59   PASS   左键单击[click]  用时:0.057s  
2019-12-11 16:09:57 行号:63   PASS   查找元素[find_element]  用时:0.011s  
2019-12-11 16:09:58 行号:64   PASS   查找元素[find_element]  用时:0.007s  
2019-12-11 16:09:59 行号:64   PASS   左键单击[click]  用时:0.094s  
2019-12-11 16:10:00 行号:69   PASS   查找元素[find_element]  用时:0.007s  
2019-12-11 16:10:00 行号:70   PASS   查找元素[find_element]  用时:0.005s  
2019-12-11 16:10:01 行号:70   PASS   左键单击[click]  用时:0.054s  
2019-12-11 16:10:02 行号:76   PASS   查找元素[find_element]  用时:0.012s  
2019-12-11 16:10:02 行号:77   PASS   查找元素[find_element]  用时:0.008s  
2019-12-11 16:10:03 行号:77   PASS   模拟输入[send_keys]  用时:0.073s  
2019-12-11 16:10:04 行号:81   PASS   查找元素[find_element]  用时:0.011s  
2019-12-11 16:10:04 行号:82   PASS   查找元素[find_element]  用时:0.006s  
2019-12-11 16:10:05 行号:82   PASS   左键单击[click]  用时:0.090s  
2019-12-11 16:10:08 行号:87   PASS   查找元素[find_element]  用时:0.011s  
2019-12-11 16:10:08 行号:89   PASS   执行JS代码[execute_script]  用时:0.006s  
2019-12-11 16:10:10 行号:99   PASS   查找元素[find_element]  用时:0.010s  
2019-12-11 16:10:10 行号:102  PASS   查找元素[find_element]  用时:0.007s  
2019-12-11 16:10:11 行号:102  PASS   左键单击[click]  用时:0.088s  
2019-12-11 16:10:12 行号:106  PASS   查找元素[find_element]  用时:0.011s  
2019-12-11 16:10:13 行号:107  PASS   查找元素[find_element]  用时:0.014s  
2019-12-11 16:10:13 行号:107  PASS   左键单击[click]  用时:0.056s  
2019-12-11 16:10:14 行号:110  PASS   查找元素[find_element]  用时:0.008s  
2019-12-11 16:10:15 行号:111  PASS   查找元素[find_element]  用时:0.012s  
2019-12-11 16:10:15 行号:111  PASS   左键单击[click]  用时:0.053s  
2019-12-11 16:10:16 行号:115  PASS   查找元素[find_element]  用时:0.009s  
2019-12-11 16:10:17 行号:116  PASS   查找元素[find_element]  用时:0.008s  
2019-12-11 16:10:17 行号:116  PASS   左键单击[click]  用时:0.102s  
2019-12-11 16:10:18 行号:120  PASS   查找元素[find_element]  用时:0.012s  
2019-12-11 16:10:19 行号:129  PASS   查找元素[find_element]  用时:0.010s  
2019-12-11 16:10:20 行号:132  PASS   查找元素[find_element]  用时:0.006s  
2019-12-11 16:10:21 行号:132  PASS   左键单击[click]  用时:0.099s  
2019-12-11 16:10:22 行号:136  PASS   查找元素[find_element]  用时:0.011s  
2019-12-11 16:10:22 行号:137  PASS   查找元素[find_element]  用时:0.008s  
2019-12-11 16:10:23 行号:137  PASS   左键单击[click]  用时:0.079s  
2019-12-11 16:10:24 行号:140  TRUE   断言：不包含[assertNotIn] 用时:0.001s TRUE.
2019-12-11 16:10:24 行号:143  PASS   查找元素[find_element]  用时:0.015s  
2019-12-11 16:10:24 行号:143  PASS   左键单击[click]  用时:0.063s  
2019-12-11 16:10:26 行号:145  PASS   查找元素[find_element]  用时:0.009s  
2019-12-11 16:10:27 行号:145  PASS   左键单击[click]  用时:0.066s  
2019-12-11 16:10:28 脚本运行完毕...
2019-12-11 16:10:28 开始运行脚本<class 'script.testCase.U8EX项目.公共.U8EX登出.EasyCase'>
2019-12-11 16:10:28 行号:24   PASS   刷新页面[refresh]  用时:0.017s  
2019-12-11 16:10:30 行号:26   PASS   查找元素[find_element]  用时:0.011s  
2019-12-11 16:10:31 行号:26   PASS   左键单击[click]  用时:0.147s  
2019-12-11 16:10:32 行号:27   PASS   查找元素[find_element]  用时:0.009s  
2019-12-11 16:10:33 行号:27   PASS   左键单击[click]  用时:0.427s  
2019-12-11 16:10:34 脚本运行完毕...
2019-12-11 16:10:34 行号:0    PASS   关闭浏览器[quit]  用时:0.219s  
2019-12-11 16:10:37 场景<1>结束.用时:87.759s.
2019-12-11 16:10:37 场景统计结果：PASS: 86(100.00%),FAIL:  0(0.00%),ERROR:  0(0.00%),TRUE:  1,FALSE:  0

2019-12-11 16:10:37 ----------------------------------------
2019-12-11 16:10:37 End.
2019-12-11 16:10:37 测试方案统计结果:
                    场景<1>:PASS: 86(100.00%),FAIL:  0(0.00%),ERROR:  0(0.00%),TRUE:  1,FALSE:  0
                    总   计:PASS: 86(100.00%),FAIL:  0(0.00%),ERROR:  0(0.00%),TRUE:  1,FALSE:  0

