20191211_11_28_33_782972_1696report.log 2019-12-11 11:28:33  loga.py  putSystemLog [line:74] INFO Start.
20191211_11_28_33_782972_1696report.log 2019-12-11 11:28:33  loga.py  putSystemLog [line:74] INFO 场景<1>开始.
20191211_11_28_33_782972_1696report.log 2019-12-11 11:28:37  loga.py  writeLog [line:134] INFO 行号:0    PASS   最大化浏览器窗口[maximize_window]  用时:1.142s  
20191211_11_28_33_782972_1696report.log 2019-12-11 11:28:38  loga.py  putSystemLog [line:74] INFO chrome浏览器启动成功.
20191211_11_28_33_782972_1696report.log 2019-12-11 11:28:38  loga.py  putSystemLog [line:74] INFO 开始加载脚本...
20191211_11_28_33_782972_1696report.log 2019-12-11 11:28:38  loga.py  putSystemLog [line:74] INFO 脚本<1>：U8EX登录 加载成功.脚本路径：script/testCase/U8EX项目/公共/U8EX登录
20191211_11_28_33_782972_1696report.log 2019-12-11 11:28:38  loga.py  putSystemLog [line:74] INFO 脚本<2>：增加方式 加载成功.脚本路径：script/testCase/Y3me项目/数字化建模/固定资产/增加方式
20191211_11_28_33_782972_1696report.log 2019-12-11 11:28:38  loga.py  putSystemLog [line:74] INFO 脚本<3>：U8EX登出 加载成功.脚本路径：script/testCase/U8EX项目/公共/U8EX登出
20191211_11_28_33_782972_1696report.log 2019-12-11 11:28:38  loga.py  putSystemLog [line:74] INFO 脚本加载完成...
20191211_11_28_33_782972_1696report.log 2019-12-11 11:28:38  loga.py  putSystemLog [line:74] INFO 开始运行脚本<class 'script.testCase.U8EX项目.公共.U8EX登录.EasyCase'>
20191211_11_28_33_782972_1696report.log 2019-12-11 11:28:39  loga.py  writeLog [line:134] INFO 行号:27   PASS   访问页面[get]  用时:1.052s  
20191211_11_28_33_782972_1696report.log 2019-12-11 11:28:40  loga.py  writeLog [line:134] INFO 行号:29   PASS   查找元素[find_element]  用时:0.011s  
20191211_11_28_33_782972_1696report.log 2019-12-11 11:28:41  loga.py  writeLog [line:134] INFO 行号:30   PASS   查找元素[find_element]  用时:0.006s  
20191211_11_28_33_782972_1696report.log 2019-12-11 11:28:41  loga.py  writeLog [line:134] INFO 行号:30   PASS   左键单击[click]  用时:0.041s  
20191211_11_28_33_782972_1696report.log 2019-12-11 11:28:42  loga.py  writeLog [line:134] INFO 行号:34   PASS   查找元素[find_element]  用时:0.012s  
20191211_11_28_33_782972_1696report.log 2019-12-11 11:28:43  loga.py  writeLog [line:134] INFO 行号:35   PASS   查找元素[find_element]  用时:0.007s  
20191211_11_28_33_782972_1696report.log 2019-12-11 11:28:43  loga.py  writeLog [line:134] INFO 行号:36   PASS   切换到表单[frame]  用时:0.019s  
20191211_11_28_33_782972_1696report.log 2019-12-11 11:28:45  loga.py  writeLog [line:134] INFO 行号:39   PASS   查找元素[find_element]  用时:0.010s  
20191211_11_28_33_782972_1696report.log 2019-12-11 11:28:46  loga.py  writeLog [line:134] INFO 行号:40   PASS   查找元素[find_element]  用时:0.005s  
20191211_11_28_33_782972_1696report.log 2019-12-11 11:28:46  loga.py  writeLog [line:134] INFO 行号:40   PASS   清除文本[clear]  用时:0.018s  
20191211_11_28_33_782972_1696report.log 2019-12-11 11:28:47  loga.py  writeLog [line:134] INFO 行号:41   PASS   查找元素[find_element]  用时:0.006s  
20191211_11_28_33_782972_1696report.log 2019-12-11 11:28:48  loga.py  writeLog [line:134] INFO 行号:41   PASS   模拟输入[send_keys]  用时:0.079s  
20191211_11_28_33_782972_1696report.log 2019-12-11 11:28:49  loga.py  writeLog [line:134] INFO 行号:42   PASS   查找元素[find_element]  用时:0.010s  
20191211_11_28_33_782972_1696report.log 2019-12-11 11:28:49  loga.py  writeLog [line:134] INFO 行号:42   PASS   清除文本[clear]  用时:0.018s  
20191211_11_28_33_782972_1696report.log 2019-12-11 11:28:50  loga.py  writeLog [line:134] INFO 行号:43   PASS   查找元素[find_element]  用时:0.006s  
20191211_11_28_33_782972_1696report.log 2019-12-11 11:28:51  loga.py  writeLog [line:134] INFO 行号:43   PASS   模拟输入[send_keys]  用时:0.070s  
20191211_11_28_33_782972_1696report.log 2019-12-11 11:28:52  loga.py  writeLog [line:134] INFO 行号:45   PASS   查找元素[find_element]  用时:0.018s  
20191211_11_28_33_782972_1696report.log 2019-12-11 11:28:52  loga.py  writeLog [line:134] INFO 行号:46   PASS   查找元素[find_element]  用时:0.006s  
20191211_11_28_33_782972_1696report.log 2019-12-11 11:28:53  loga.py  writeLog [line:134] INFO 行号:46   PASS   左键单击[click]  用时:0.092s  
20191211_11_28_33_782972_1696report.log 2019-12-11 11:28:54  loga.py  writeLog [line:134] INFO 行号:52   PASS   查找元素[find_element]  用时:0.013s  
20191211_11_28_33_782972_1696report.log 2019-12-11 11:28:55  loga.py  writeLog [line:134] INFO 行号:53   PASS   查找元素[find_element]  用时:0.006s  
20191211_11_28_33_782972_1696report.log 2019-12-11 11:28:55  loga.py  writeLog [line:134] INFO 行号:53   PASS   左键单击[click]  用时:0.084s  
20191211_11_28_33_782972_1696report.log 2019-12-11 11:28:56  loga.py  writeLog [line:134] INFO 行号:54   PASS   查找元素[find_element]  用时:0.077s  
20191211_11_28_33_782972_1696report.log 2019-12-11 11:28:57  loga.py  writeLog [line:134] INFO 行号:54   PASS   左键单击[click]  用时:0.098s  
20191211_11_28_33_782972_1696report.log 2019-12-11 11:28:58  loga.py  writeLog [line:134] INFO 行号:56   PASS   查找元素[find_element]  用时:0.010s  
20191211_11_28_33_782972_1696report.log 2019-12-11 11:28:59  loga.py  writeLog [line:134] INFO 行号:56   PASS   左键单击[click]  用时:0.599s  
20191211_11_28_33_782972_1696report.log 2019-12-11 11:29:00  loga.py  putSystemLog [line:74] INFO 脚本运行完毕...
20191211_11_28_33_782972_1696report.log 2019-12-11 11:29:00  loga.py  putSystemLog [line:74] INFO 开始运行脚本<class 'script.testCase.Y3me项目.数字化建模.固定资产.增加方式.EasyCase'>
20191211_11_28_33_782972_1696report.log 2019-12-11 11:29:00  loga.py  writeLog [line:134] INFO 行号:25   PASS   刷新页面[refresh]  用时:0.307s  
20191211_11_28_33_782972_1696report.log 2019-12-11 11:29:01  loga.py  writeLog [line:134] INFO 行号:27   PASS   查找元素[find_element]  用时:0.017s  
20191211_11_28_33_782972_1696report.log 2019-12-11 11:29:02  loga.py  writeLog [line:134] INFO 行号:27   PASS   左键单击[click]  用时:0.092s  
20191211_11_28_33_782972_1696report.log 2019-12-11 11:29:04  loga.py  writeLog [line:134] INFO 行号:30   PASS   查找元素[find_element]  用时:0.030s  
20191211_11_28_33_782972_1696report.log 2019-12-11 11:29:05  loga.py  writeLog [line:134] INFO 行号:30   PASS   左键单击[click]  用时:0.066s  
20191211_11_28_33_782972_1696report.log 2019-12-11 11:29:07  loga.py  writeLog [line:134] INFO 行号:33   PASS   查找元素[find_element]  用时:0.009s  
20191211_11_28_33_782972_1696report.log 2019-12-11 11:29:09  loga.py  writeLog [line:134] INFO 行号:40   PASS   查找元素[find_element]  用时:0.009s  
20191211_11_28_33_782972_1696report.log 2019-12-11 11:29:13  loga.py  writeLog [line:134] INFO 行号:47   PASS   查找元素[find_element]  用时:0.009s  
20191211_11_28_33_782972_1696report.log 2019-12-11 11:29:14  loga.py  writeLog [line:134] INFO 行号:50   PASS   查找元素[find_element]  用时:0.253s  
20191211_11_28_33_782972_1696report.log 2019-12-11 11:29:15  loga.py  writeLog [line:134] INFO 行号:51   PASS   切换到表单[frame]  用时:0.050s  
20191211_11_28_33_782972_1696report.log 2019-12-11 11:29:16  loga.py  writeLog [line:134] INFO 行号:54   PASS   查找元素[find_element]  用时:0.010s  
20191211_11_28_33_782972_1696report.log 2019-12-11 11:29:17  loga.py  writeLog [line:134] INFO 行号:55   PASS   查找元素[find_element]  用时:0.005s  
20191211_11_28_33_782972_1696report.log 2019-12-11 11:29:17  loga.py  writeLog [line:134] INFO 行号:55   PASS   左键单击[click]  用时:0.080s  
20191211_11_28_33_782972_1696report.log 2019-12-11 11:29:18  loga.py  writeLog [line:134] INFO 行号:58   PASS   查找元素[find_element]  用时:0.014s  
20191211_11_28_33_782972_1696report.log 2019-12-11 11:29:19  loga.py  writeLog [line:134] INFO 行号:59   PASS   查找元素[find_element]  用时:0.007s  
20191211_11_28_33_782972_1696report.log 2019-12-11 11:29:19  loga.py  writeLog [line:134] INFO 行号:59   PASS   左键单击[click]  用时:0.053s  
20191211_11_28_33_782972_1696report.log 2019-12-11 11:29:20  loga.py  writeLog [line:134] INFO 行号:63   PASS   查找元素[find_element]  用时:0.018s  
20191211_11_28_33_782972_1696report.log 2019-12-11 11:29:21  loga.py  writeLog [line:134] INFO 行号:64   PASS   查找元素[find_element]  用时:0.007s  
20191211_11_28_33_782972_1696report.log 2019-12-11 11:29:21  loga.py  writeLog [line:134] INFO 行号:64   PASS   左键单击[click]  用时:0.101s  
20191211_11_28_33_782972_1696report.log 2019-12-11 11:29:22  loga.py  writeLog [line:134] INFO 行号:69   PASS   查找元素[find_element]  用时:0.006s  
20191211_11_28_33_782972_1696report.log 2019-12-11 11:29:23  loga.py  writeLog [line:134] INFO 行号:70   PASS   查找元素[find_element]  用时:0.005s  
20191211_11_28_33_782972_1696report.log 2019-12-11 11:29:23  loga.py  writeLog [line:134] INFO 行号:70   PASS   左键单击[click]  用时:0.081s  
20191211_11_28_33_782972_1696report.log 2019-12-11 11:29:24  loga.py  writeLog [line:134] INFO 行号:76   PASS   查找元素[find_element]  用时:0.013s  
20191211_11_28_33_782972_1696report.log 2019-12-11 11:29:25  loga.py  writeLog [line:134] INFO 行号:77   PASS   查找元素[find_element]  用时:0.006s  
20191211_11_28_33_782972_1696report.log 2019-12-11 11:29:26  loga.py  writeLog [line:134] INFO 行号:77   PASS   模拟输入[send_keys]  用时:0.077s  
20191211_11_28_33_782972_1696report.log 2019-12-11 11:29:27  loga.py  writeLog [line:134] INFO 行号:81   PASS   查找元素[find_element]  用时:0.012s  
20191211_11_28_33_782972_1696report.log 2019-12-11 11:29:27  loga.py  writeLog [line:134] INFO 行号:82   PASS   查找元素[find_element]  用时:0.006s  
20191211_11_28_33_782972_1696report.log 2019-12-11 11:29:28  loga.py  writeLog [line:134] INFO 行号:82   PASS   左键单击[click]  用时:0.058s  
20191211_11_28_33_782972_1696report.log 2019-12-11 11:29:31  loga.py  writeLog [line:134] INFO 行号:87   PASS   查找元素[find_element]  用时:0.009s  
20191211_11_28_33_782972_1696report.log 2019-12-11 11:29:31  loga.py  writeLog [line:134] INFO 行号:89   PASS   执行JS代码[execute_script]  用时:0.005s  
20191211_11_28_33_782972_1696report.log 2019-12-11 11:29:33  loga.py  writeLog [line:134] INFO 行号:99   PASS   查找元素[find_element]  用时:0.010s  
20191211_11_28_33_782972_1696report.log 2019-12-11 11:29:33  loga.py  writeLog [line:134] INFO 行号:102  PASS   查找元素[find_element]  用时:0.007s  
20191211_11_28_33_782972_1696report.log 2019-12-11 11:29:34  loga.py  writeLog [line:134] INFO 行号:102  PASS   左键单击[click]  用时:0.098s  
20191211_11_28_33_782972_1696report.log 2019-12-11 11:29:35  loga.py  writeLog [line:134] INFO 行号:106  PASS   查找元素[find_element]  用时:0.013s  
20191211_11_28_33_782972_1696report.log 2019-12-11 11:29:35  loga.py  writeLog [line:134] INFO 行号:107  PASS   查找元素[find_element]  用时:0.007s  
20191211_11_28_33_782972_1696report.log 2019-12-11 11:29:36  loga.py  writeLog [line:134] INFO 行号:107  PASS   左键单击[click]  用时:0.054s  
20191211_11_28_33_782972_1696report.log 2019-12-11 11:29:37  loga.py  writeLog [line:134] INFO 行号:110  PASS   查找元素[find_element]  用时:0.032s  
20191211_11_28_33_782972_1696report.log 2019-12-11 11:29:38  loga.py  writeLog [line:134] INFO 行号:111  PASS   查找元素[find_element]  用时:0.006s  
20191211_11_28_33_782972_1696report.log 2019-12-11 11:29:38  loga.py  writeLog [line:134] INFO 行号:111  PASS   左键单击[click]  用时:0.065s  
20191211_11_28_33_782972_1696report.log 2019-12-11 11:29:39  loga.py  writeLog [line:134] INFO 行号:115  PASS   查找元素[find_element]  用时:0.011s  
20191211_11_28_33_782972_1696report.log 2019-12-11 11:29:40  loga.py  writeLog [line:134] INFO 行号:116  PASS   查找元素[find_element]  用时:0.007s  
20191211_11_28_33_782972_1696report.log 2019-12-11 11:29:40  loga.py  writeLog [line:134] INFO 行号:116  PASS   左键单击[click]  用时:0.107s  
20191211_11_28_33_782972_1696report.log 2019-12-11 11:29:41  loga.py  writeLog [line:134] INFO 行号:120  PASS   查找元素[find_element]  用时:0.010s  
20191211_11_28_33_782972_1696report.log 2019-12-11 11:29:42  loga.py  writeLog [line:134] INFO 行号:129  PASS   查找元素[find_element]  用时:0.009s  
20191211_11_28_33_782972_1696report.log 2019-12-11 11:29:43  loga.py  writeLog [line:134] INFO 行号:132  PASS   查找元素[find_element]  用时:0.007s  
20191211_11_28_33_782972_1696report.log 2019-12-11 11:29:43  loga.py  writeLog [line:134] INFO 行号:132  PASS   左键单击[click]  用时:0.095s  
20191211_11_28_33_782972_1696report.log 2019-12-11 11:29:44  loga.py  writeLog [line:134] INFO 行号:136  PASS   查找元素[find_element]  用时:0.011s  
20191211_11_28_33_782972_1696report.log 2019-12-11 11:29:45  loga.py  writeLog [line:134] INFO 行号:137  PASS   查找元素[find_element]  用时:0.007s  
20191211_11_28_33_782972_1696report.log 2019-12-11 11:29:46  loga.py  writeLog [line:134] INFO 行号:137  PASS   左键单击[click]  用时:0.073s  
20191211_11_28_33_782972_1696report.log 2019-12-11 11:29:47  loga.py  writeLog [line:134] INFO 行号:140  TRUE   断言：不包含[assertNotIn] 用时:0.000s TRUE.
20191211_11_28_33_782972_1696report.log 2019-12-11 11:29:47  loga.py  writeLog [line:134] INFO 行号:143  PASS   查找元素[find_element]  用时:0.008s  
20191211_11_28_33_782972_1696report.log 2019-12-11 11:29:47  loga.py  writeLog [line:134] INFO 行号:143  PASS   左键单击[click]  用时:0.056s  
20191211_11_28_33_782972_1696report.log 2019-12-11 11:29:49  loga.py  writeLog [line:134] INFO 行号:145  PASS   查找元素[find_element]  用时:0.014s  
20191211_11_28_33_782972_1696report.log 2019-12-11 11:29:50  loga.py  writeLog [line:134] INFO 行号:145  PASS   左键单击[click]  用时:0.064s  
20191211_11_28_33_782972_1696report.log 2019-12-11 11:29:51  loga.py  putSystemLog [line:74] INFO 脚本运行完毕...
20191211_11_28_33_782972_1696report.log 2019-12-11 11:29:51  loga.py  putSystemLog [line:74] INFO 开始运行脚本<class 'script.testCase.U8EX项目.公共.U8EX登出.EasyCase'>
20191211_11_28_33_782972_1696report.log 2019-12-11 11:29:51  loga.py  writeLog [line:134] INFO 行号:24   PASS   刷新页面[refresh]  用时:0.014s  
20191211_11_28_33_782972_1696report.log 2019-12-11 11:29:53  loga.py  writeLog [line:134] INFO 行号:26   PASS   查找元素[find_element]  用时:0.012s  
20191211_11_28_33_782972_1696report.log 2019-12-11 11:29:53  loga.py  writeLog [line:134] INFO 行号:26   PASS   左键单击[click]  用时:0.152s  
20191211_11_28_33_782972_1696report.log 2019-12-11 11:29:54  loga.py  writeLog [line:134] INFO 行号:27   PASS   查找元素[find_element]  用时:0.011s  
20191211_11_28_33_782972_1696report.log 2019-12-11 11:29:55  loga.py  writeLog [line:134] INFO 行号:27   PASS   左键单击[click]  用时:0.439s  
20191211_11_28_33_782972_1696report.log 2019-12-11 11:29:56  loga.py  putSystemLog [line:74] INFO 脚本运行完毕...
20191211_11_28_33_782972_1696report.log 2019-12-11 11:29:57  loga.py  writeLog [line:134] INFO 行号:0    PASS   关闭浏览器[quit]  用时:0.250s  
20191211_11_28_33_782972_1696report.log 2019-12-11 11:30:00  loga.py  putSystemLog [line:74] INFO 场景<1>结束.用时:86.383s.
20191211_11_28_33_782972_1696report.log 2019-12-11 11:30:00  loga.py  putSystemLog [line:74] INFO 场景统计结果：PASS: 86(100.00%),FAIL:  0(0.00%),ERROR:  0(0.00%),TRUE:  1,FALSE:  0

20191211_11_28_33_782972_1696report.log 2019-12-11 11:30:00  loga.py  putSystemLog [line:74] INFO ----------------------------------------
20191211_11_28_33_782972_1696report.log 2019-12-11 11:30:00  loga.py  putSystemLog [line:74] INFO End.
20191211_11_28_33_782972_1696report.log 2019-12-11 11:30:00  loga.py  putSystemLog [line:74] INFO 测试方案统计结果:
                    场景<1>:PASS: 86(100.00%),FAIL:  0(0.00%),ERROR:  0(0.00%),TRUE:  1,FALSE:  0
                    总   计:PASS: 86(100.00%),FAIL:  0(0.00%),ERROR:  0(0.00%),TRUE:  1,FALSE:  0

