2019-12-11 18:09:38 Start.
2019-12-11 18:09:38 场景<1>开始.
2019-12-11 18:09:41 行号:0    PASS   最大化浏览器窗口[maximize_window]  用时:1.117s  
2019-12-11 18:09:42 chrome浏览器启动成功.
2019-12-11 18:09:42 开始加载脚本...
2019-12-11 18:09:42 脚本<1>：U8EX登录 加载成功.脚本路径：script/testCase/U8EX项目/公共/U8EX登录
2019-12-11 18:09:42 脚本<2>：减少方式 加载成功.脚本路径：script/testCase/Y3me项目/数字化建模/固定资产/减少方式
2019-12-11 18:09:42 脚本<3>：U8EX登出 加载成功.脚本路径：script/testCase/U8EX项目/公共/U8EX登出
2019-12-11 18:09:42 脚本加载完成...
2019-12-11 18:09:42 开始运行脚本<class 'script.testCase.U8EX项目.公共.U8EX登录.EasyCase'>
2019-12-11 18:09:44 行号:27   PASS   访问页面[get]  用时:1.296s  
2019-12-11 18:09:45 行号:29   PASS   查找元素[find_element]  用时:0.010s  
2019-12-11 18:09:45 行号:30   PASS   查找元素[find_element]  用时:0.006s  
2019-12-11 18:09:46 行号:30   PASS   左键单击[click]  用时:0.047s  
2019-12-11 18:09:47 行号:34   PASS   查找元素[find_element]  用时:0.009s  
2019-12-11 18:09:47 行号:35   PASS   查找元素[find_element]  用时:0.005s  
2019-12-11 18:09:48 行号:36   PASS   切换到表单[frame]  用时:0.015s  
2019-12-11 18:09:50 行号:39   PASS   查找元素[find_element]  用时:0.011s  
2019-12-11 18:09:50 行号:40   PASS   查找元素[find_element]  用时:0.005s  
2019-12-11 18:09:51 行号:40   PASS   清除文本[clear]  用时:0.017s  
2019-12-11 18:09:52 行号:41   PASS   查找元素[find_element]  用时:0.006s  
2019-12-11 18:09:53 行号:41   PASS   模拟输入[send_keys]  用时:0.083s  
2019-12-11 18:09:54 行号:42   PASS   查找元素[find_element]  用时:0.029s  
2019-12-11 18:09:54 行号:42   PASS   清除文本[clear]  用时:0.019s  
2019-12-11 18:09:55 行号:43   PASS   查找元素[find_element]  用时:0.008s  
2019-12-11 18:09:56 行号:43   PASS   模拟输入[send_keys]  用时:0.085s  
2019-12-11 18:09:57 行号:45   PASS   查找元素[find_element]  用时:0.010s  
2019-12-11 18:09:57 行号:46   PASS   查找元素[find_element]  用时:0.007s  
2019-12-11 18:09:58 行号:46   PASS   左键单击[click]  用时:0.091s  
2019-12-11 18:09:59 行号:52   PASS   查找元素[find_element]  用时:0.011s  
2019-12-11 18:10:00 行号:53   PASS   查找元素[find_element]  用时:0.009s  
2019-12-11 18:10:00 行号:53   PASS   左键单击[click]  用时:0.085s  
2019-12-11 18:10:01 行号:54   PASS   查找元素[find_element]  用时:0.010s  
2019-12-11 18:10:02 行号:54   PASS   左键单击[click]  用时:0.111s  
2019-12-11 18:10:03 行号:56   PASS   查找元素[find_element]  用时:0.009s  
2019-12-11 18:10:04 行号:56   PASS   左键单击[click]  用时:0.650s  
2019-12-11 18:10:05 脚本运行完毕...
2019-12-11 18:10:05 开始运行脚本<class 'script.testCase.Y3me项目.数字化建模.固定资产.减少方式.EasyCase'>
2019-12-11 18:10:06 行号:25   PASS   刷新页面[refresh]  用时:0.486s  
2019-12-11 18:10:07 行号:27   PASS   查找元素[find_element]  用时:0.010s  
2019-12-11 18:10:07 行号:27   PASS   左键单击[click]  用时:0.090s  
