20191211_10_06_51_974755_16156report.log 2019-12-11 10:06:51  loga.py  putSystemLog [line:74] INFO Start.
20191211_10_06_51_974755_16156report.log 2019-12-11 10:06:51  loga.py  putSystemLog [line:74] INFO 场景<1>开始.
20191211_10_06_51_974755_16156report.log 2019-12-11 10:06:55  loga.py  writeLog [line:134] INFO 行号:0    PASS   最大化浏览器窗口[maximize_window]  用时:1.115s  
20191211_10_06_51_974755_16156report.log 2019-12-11 10:06:56  loga.py  putSystemLog [line:74] INFO chrome浏览器启动成功.
20191211_10_06_51_974755_16156report.log 2019-12-11 10:06:56  loga.py  putSystemLog [line:74] INFO 开始加载脚本...
20191211_10_06_51_974755_16156report.log 2019-12-11 10:06:56  loga.py  putSystemLog [line:74] INFO 脚本<1>：U8EX登录 加载成功.脚本路径：script/testCase/U8EX项目/公共/U8EX登录
20191211_10_06_51_974755_16156report.log 2019-12-11 10:06:56  loga.py  putSystemLog [line:74] INFO 脚本<2>：资产状态 加载成功.脚本路径：script/testCase/Y3me项目/数字化建模/固定资产/资产状态
20191211_10_06_51_974755_16156report.log 2019-12-11 10:06:56  loga.py  putSystemLog [line:74] INFO 脚本<3>：U8EX登出 加载成功.脚本路径：script/testCase/U8EX项目/公共/U8EX登出
20191211_10_06_51_974755_16156report.log 2019-12-11 10:06:56  loga.py  putSystemLog [line:74] INFO 脚本加载完成...
20191211_10_06_51_974755_16156report.log 2019-12-11 10:06:56  loga.py  putSystemLog [line:74] INFO 开始运行脚本<class 'script.testCase.U8EX项目.公共.U8EX登录.EasyCase'>
20191211_10_06_51_974755_16156report.log 2019-12-11 10:06:58  loga.py  writeLog [line:134] INFO 行号:27   PASS   访问页面[get]  用时:1.321s  
20191211_10_06_51_974755_16156report.log 2019-12-11 10:06:59  loga.py  writeLog [line:134] INFO 行号:29   PASS   查找元素[find_element]  用时:0.014s  
20191211_10_06_51_974755_16156report.log 2019-12-11 10:06:59  loga.py  writeLog [line:134] INFO 行号:30   PASS   查找元素[find_element]  用时:0.008s  
20191211_10_06_51_974755_16156report.log 2019-12-11 10:07:00  loga.py  writeLog [line:134] INFO 行号:30   PASS   左键单击[click]  用时:0.045s  
20191211_10_06_51_974755_16156report.log 2019-12-11 10:07:01  loga.py  writeLog [line:134] INFO 行号:34   PASS   查找元素[find_element]  用时:0.010s  
20191211_10_06_51_974755_16156report.log 2019-12-11 10:07:01  loga.py  writeLog [line:134] INFO 行号:35   PASS   查找元素[find_element]  用时:0.006s  
20191211_10_06_51_974755_16156report.log 2019-12-11 10:07:02  loga.py  writeLog [line:134] INFO 行号:36   PASS   切换到表单[frame]  用时:0.015s  
20191211_10_06_51_974755_16156report.log 2019-12-11 10:07:04  loga.py  writeLog [line:134] INFO 行号:39   PASS   查找元素[find_element]  用时:0.011s  
20191211_10_06_51_974755_16156report.log 2019-12-11 10:07:04  loga.py  writeLog [line:134] INFO 行号:40   PASS   查找元素[find_element]  用时:0.006s  
20191211_10_06_51_974755_16156report.log 2019-12-11 10:07:05  loga.py  writeLog [line:134] INFO 行号:40   PASS   清除文本[clear]  用时:0.041s  
20191211_10_06_51_974755_16156report.log 2019-12-11 10:07:06  loga.py  writeLog [line:134] INFO 行号:41   PASS   查找元素[find_element]  用时:0.006s  
20191211_10_06_51_974755_16156report.log 2019-12-11 10:07:06  loga.py  writeLog [line:134] INFO 行号:41   PASS   模拟输入[send_keys]  用时:0.079s  
20191211_10_06_51_974755_16156report.log 2019-12-11 10:07:07  loga.py  writeLog [line:134] INFO 行号:42   PASS   查找元素[find_element]  用时:0.011s  
20191211_10_06_51_974755_16156report.log 2019-12-11 10:07:08  loga.py  writeLog [line:134] INFO 行号:42   PASS   清除文本[clear]  用时:0.017s  
20191211_10_06_51_974755_16156report.log 2019-12-11 10:07:09  loga.py  writeLog [line:134] INFO 行号:43   PASS   查找元素[find_element]  用时:0.007s  
20191211_10_06_51_974755_16156report.log 2019-12-11 10:07:09  loga.py  writeLog [line:134] INFO 行号:43   PASS   模拟输入[send_keys]  用时:0.066s  
20191211_10_06_51_974755_16156report.log 2019-12-11 10:07:10  loga.py  writeLog [line:134] INFO 行号:45   PASS   查找元素[find_element]  用时:0.010s  
20191211_10_06_51_974755_16156report.log 2019-12-11 10:07:11  loga.py  writeLog [line:134] INFO 行号:46   PASS   查找元素[find_element]  用时:0.007s  
20191211_10_06_51_974755_16156report.log 2019-12-11 10:07:12  loga.py  writeLog [line:134] INFO 行号:46   PASS   左键单击[click]  用时:0.084s  
20191211_10_06_51_974755_16156report.log 2019-12-11 10:07:13  loga.py  writeLog [line:134] INFO 行号:52   PASS   查找元素[find_element]  用时:0.011s  
20191211_10_06_51_974755_16156report.log 2019-12-11 10:07:13  loga.py  writeLog [line:134] INFO 行号:53   PASS   查找元素[find_element]  用时:0.006s  
20191211_10_06_51_974755_16156report.log 2019-12-11 10:07:14  loga.py  writeLog [line:134] INFO 行号:53   PASS   左键单击[click]  用时:0.086s  
20191211_10_06_51_974755_16156report.log 2019-12-11 10:07:15  loga.py  writeLog [line:134] INFO 行号:54   PASS   查找元素[find_element]  用时:0.014s  
20191211_10_06_51_974755_16156report.log 2019-12-11 10:07:15  loga.py  writeLog [line:134] INFO 行号:54   PASS   左键单击[click]  用时:0.103s  
20191211_10_06_51_974755_16156report.log 2019-12-11 10:07:16  loga.py  writeLog [line:134] INFO 行号:56   PASS   查找元素[find_element]  用时:0.010s  
20191211_10_06_51_974755_16156report.log 2019-12-11 10:07:18  loga.py  writeLog [line:134] INFO 行号:56   PASS   左键单击[click]  用时:0.745s  
20191211_10_06_51_974755_16156report.log 2019-12-11 10:07:19  loga.py  putSystemLog [line:74] INFO 脚本运行完毕...
20191211_10_06_51_974755_16156report.log 2019-12-11 10:07:19  loga.py  putSystemLog [line:74] INFO 开始运行脚本<class 'script.testCase.Y3me项目.数字化建模.固定资产.资产状态.EasyCase'>
20191211_10_06_51_974755_16156report.log 2019-12-11 10:07:19  loga.py  writeLog [line:134] INFO 行号:25   PASS   刷新页面[refresh]  用时:0.008s  
20191211_10_06_51_974755_16156report.log 2019-12-11 10:07:20  loga.py  writeLog [line:134] INFO 行号:27   PASS   查找元素[find_element]  用时:0.019s  
20191211_10_06_51_974755_16156report.log 2019-12-11 10:07:20  loga.py  writeLog [line:134] INFO 行号:27   PASS   左键单击[click]  用时:0.083s  
20191211_10_06_51_974755_16156report.log 2019-12-11 10:07:22  loga.py  writeLog [line:134] INFO 行号:30   PASS   查找元素[find_element]  用时:0.012s  
20191211_10_06_51_974755_16156report.log 2019-12-11 10:07:23  loga.py  writeLog [line:134] INFO 行号:30   PASS   左键单击[click]  用时:0.087s  
20191211_10_06_51_974755_16156report.log 2019-12-11 10:07:25  loga.py  writeLog [line:134] INFO 行号:33   PASS   查找元素[find_element]  用时:0.011s  
20191211_10_06_51_974755_16156report.log 2019-12-11 10:07:27  loga.py  writeLog [line:134] INFO 行号:40   PASS   查找元素[find_element]  用时:0.009s  
20191211_10_06_51_974755_16156report.log 2019-12-11 10:07:31  loga.py  writeLog [line:134] INFO 行号:47   PASS   查找元素[find_element]  用时:0.010s  
20191211_10_06_51_974755_16156report.log 2019-12-11 10:07:33  loga.py  writeLog [line:134] INFO 行号:50   PASS   查找元素[find_element]  用时:0.008s  
20191211_10_06_51_974755_16156report.log 2019-12-11 10:07:33  loga.py  writeLog [line:134] INFO 行号:51   PASS   切换到表单[frame]  用时:0.201s  
20191211_10_06_51_974755_16156report.log 2019-12-11 10:07:34  loga.py  writeLog [line:134] INFO 行号:54   PASS   查找元素[find_element]  用时:0.010s  
20191211_10_06_51_974755_16156report.log 2019-12-11 10:07:35  loga.py  writeLog [line:134] INFO 行号:55   PASS   查找元素[find_element]  用时:0.005s  
20191211_10_06_51_974755_16156report.log 2019-12-11 10:07:35  loga.py  writeLog [line:134] INFO 行号:55   PASS   左键单击[click]  用时:0.073s  
20191211_10_06_51_974755_16156report.log 2019-12-11 10:07:36  loga.py  writeLog [line:134] INFO 行号:58   PASS   查找元素[find_element]  用时:0.014s  
20191211_10_06_51_974755_16156report.log 2019-12-11 10:07:37  loga.py  writeLog [line:134] INFO 行号:59   PASS   查找元素[find_element]  用时:0.008s  
20191211_10_06_51_974755_16156report.log 2019-12-11 10:07:37  loga.py  writeLog [line:134] INFO 行号:59   PASS   左键单击[click]  用时:0.054s  
20191211_10_06_51_974755_16156report.log 2019-12-11 10:07:38  loga.py  writeLog [line:134] INFO 行号:63   PASS   查找元素[find_element]  用时:0.011s  
20191211_10_06_51_974755_16156report.log 2019-12-11 10:07:39  loga.py  writeLog [line:134] INFO 行号:64   PASS   查找元素[find_element]  用时:0.007s  
20191211_10_06_51_974755_16156report.log 2019-12-11 10:07:40  loga.py  writeLog [line:134] INFO 行号:64   PASS   左键单击[click]  用时:0.101s  
20191211_10_06_51_974755_16156report.log 2019-12-11 10:07:41  loga.py  writeLog [line:134] INFO 行号:69   PASS   查找元素[find_element]  用时:0.019s  
20191211_10_06_51_974755_16156report.log 2019-12-11 10:07:41  loga.py  writeLog [line:134] INFO 行号:70   PASS   查找元素[find_element]  用时:0.006s  
20191211_10_06_51_974755_16156report.log 2019-12-11 10:07:42  loga.py  writeLog [line:134] INFO 行号:70   PASS   左键单击[click]  用时:0.057s  
20191211_10_06_51_974755_16156report.log 2019-12-11 10:07:43  loga.py  writeLog [line:134] INFO 行号:76   PASS   查找元素[find_element]  用时:0.012s  
20191211_10_06_51_974755_16156report.log 2019-12-11 10:07:43  loga.py  writeLog [line:134] INFO 行号:77   PASS   查找元素[find_element]  用时:0.007s  
20191211_10_06_51_974755_16156report.log 2019-12-11 10:07:44  loga.py  writeLog [line:134] INFO 行号:77   PASS   模拟输入[send_keys]  用时:0.117s  
20191211_10_06_51_974755_16156report.log 2019-12-11 10:07:45  loga.py  writeLog [line:134] INFO 行号:82   PASS   查找元素[find_element]  用时:0.010s  
20191211_10_06_51_974755_16156report.log 2019-12-11 10:07:45  loga.py  writeLog [line:134] INFO 行号:84   PASS   查找元素[find_element]  用时:0.007s  
20191211_10_06_51_974755_16156report.log 2019-12-11 10:07:46  loga.py  writeLog [line:134] INFO 行号:84   PASS   左键单击[click]  用时:0.077s  
20191211_10_06_51_974755_16156report.log 2019-12-11 10:07:47  loga.py  writeLog [line:134] INFO 行号:88   PASS   查找元素[find_element]  用时:0.011s  
20191211_10_06_51_974755_16156report.log 2019-12-11 10:07:47  loga.py  writeLog [line:134] INFO 行号:89   PASS   查找元素[find_element]  用时:0.006s  
20191211_10_06_51_974755_16156report.log 2019-12-11 10:07:48  loga.py  writeLog [line:134] INFO 行号:89   PASS   左键单击[click]  用时:0.059s  
20191211_10_06_51_974755_16156report.log 2019-12-11 10:07:49  loga.py  writeLog [line:134] INFO 行号:92   TRUE   断言：包含[assertIn] 用时:0.001s TRUE.
20191211_10_06_51_974755_16156report.log 2019-12-11 10:07:49  loga.py  writeLog [line:134] INFO 行号:96   PASS   查找元素[find_element]  用时:0.010s  
20191211_10_06_51_974755_16156report.log 2019-12-11 10:07:50  loga.py  writeLog [line:134] INFO 行号:105  PASS   查找元素[find_element]  用时:0.010s  
20191211_10_06_51_974755_16156report.log 2019-12-11 10:07:51  loga.py  writeLog [line:134] INFO 行号:108  PASS   查找元素[find_element]  用时:0.008s  
20191211_10_06_51_974755_16156report.log 2019-12-11 10:07:51  loga.py  writeLog [line:134] INFO 行号:108  PASS   左键单击[click]  用时:0.061s  
20191211_10_06_51_974755_16156report.log 2019-12-11 10:07:52  loga.py  writeLog [line:134] INFO 行号:112  PASS   查找元素[find_element]  用时:0.009s  
20191211_10_06_51_974755_16156report.log 2019-12-11 10:07:53  loga.py  writeLog [line:134] INFO 行号:113  PASS   查找元素[find_element]  用时:0.007s  
20191211_10_06_51_974755_16156report.log 2019-12-11 10:07:53  loga.py  writeLog [line:134] INFO 行号:113  PASS   左键单击[click]  用时:0.054s  
20191211_10_06_51_974755_16156report.log 2019-12-11 10:07:54  loga.py  writeLog [line:134] INFO 行号:117  PASS   查找元素[find_element]  用时:0.008s  
20191211_10_06_51_974755_16156report.log 2019-12-11 10:07:55  loga.py  writeLog [line:134] INFO 行号:126  PASS   查找元素[find_element]  用时:0.018s  
20191211_10_06_51_974755_16156report.log 2019-12-11 10:07:56  loga.py  writeLog [line:134] INFO 行号:129  PASS   查找元素[find_element]  用时:0.007s  
20191211_10_06_51_974755_16156report.log 2019-12-11 10:07:57  loga.py  writeLog [line:134] INFO 行号:129  PASS   左键单击[click]  用时:0.080s  
20191211_10_06_51_974755_16156report.log 2019-12-11 10:07:58  loga.py  writeLog [line:134] INFO 行号:133  PASS   查找元素[find_element]  用时:0.010s  
20191211_10_06_51_974755_16156report.log 2019-12-11 10:07:58  loga.py  writeLog [line:134] INFO 行号:134  PASS   查找元素[find_element]  用时:0.006s  
20191211_10_06_51_974755_16156report.log 2019-12-11 10:07:59  loga.py  writeLog [line:134] INFO 行号:134  PASS   左键单击[click]  用时:0.072s  
20191211_10_06_51_974755_16156report.log 2019-12-11 10:08:00  loga.py  writeLog [line:134] INFO 行号:137  TRUE   断言：不包含[assertNotIn] 用时:0.001s TRUE.
20191211_10_06_51_974755_16156report.log 2019-12-11 10:08:00  loga.py  writeLog [line:134] INFO 行号:140  PASS   查找元素[find_element]  用时:0.018s  
20191211_10_06_51_974755_16156report.log 2019-12-11 10:08:00  loga.py  writeLog [line:134] INFO 行号:140  PASS   左键单击[click]  用时:0.060s  
20191211_10_06_51_974755_16156report.log 2019-12-11 10:08:02  loga.py  writeLog [line:134] INFO 行号:142  PASS   查找元素[find_element]  用时:0.010s  
20191211_10_06_51_974755_16156report.log 2019-12-11 10:08:03  loga.py  writeLog [line:134] INFO 行号:142  PASS   左键单击[click]  用时:0.059s  
20191211_10_06_51_974755_16156report.log 2019-12-11 10:08:04  loga.py  putSystemLog [line:74] INFO 脚本运行完毕...
20191211_10_06_51_974755_16156report.log 2019-12-11 10:08:04  loga.py  putSystemLog [line:74] INFO 开始运行脚本<class 'script.testCase.U8EX项目.公共.U8EX登出.EasyCase'>
20191211_10_06_51_974755_16156report.log 2019-12-11 10:08:04  loga.py  writeLog [line:134] INFO 行号:24   PASS   刷新页面[refresh]  用时:0.010s  
20191211_10_06_51_974755_16156report.log 2019-12-11 10:08:06  loga.py  writeLog [line:134] INFO 行号:26   PASS   查找元素[find_element]  用时:0.015s  
20191211_10_06_51_974755_16156report.log 2019-12-11 10:08:07  loga.py  writeLog [line:134] INFO 行号:26   PASS   左键单击[click]  用时:0.064s  
20191211_10_06_51_974755_16156report.log 2019-12-11 10:08:08  loga.py  writeLog [line:134] INFO 行号:27   PASS   查找元素[find_element]  用时:0.011s  
20191211_10_06_51_974755_16156report.log 2019-12-11 10:08:09  loga.py  writeLog [line:134] INFO 行号:27   PASS   左键单击[click]  用时:0.471s  
20191211_10_06_51_974755_16156report.log 2019-12-11 10:08:10  loga.py  putSystemLog [line:74] INFO 脚本运行完毕...
20191211_10_06_51_974755_16156report.log 2019-12-11 10:08:10  loga.py  writeLog [line:134] INFO 行号:0    PASS   关闭浏览器[quit]  用时:0.208s  
20191211_10_06_51_974755_16156report.log 2019-12-11 10:08:13  loga.py  putSystemLog [line:74] INFO 场景<1>结束.用时:81.236s.
20191211_10_06_51_974755_16156report.log 2019-12-11 10:08:13  loga.py  putSystemLog [line:74] INFO 场景统计结果：PASS: 82(100.00%),FAIL:  0(0.00%),ERROR:  0(0.00%),TRUE:  2,FALSE:  0

20191211_10_06_51_974755_16156report.log 2019-12-11 10:08:13  loga.py  putSystemLog [line:74] INFO ----------------------------------------
20191211_10_06_51_974755_16156report.log 2019-12-11 10:08:13  loga.py  putSystemLog [line:74] INFO End.
20191211_10_06_51_974755_16156report.log 2019-12-11 10:08:13  loga.py  putSystemLog [line:74] INFO 测试方案统计结果:
                    场景<1>:PASS: 82(100.00%),FAIL:  0(0.00%),ERROR:  0(0.00%),TRUE:  2,FALSE:  0
                    总   计:PASS: 82(100.00%),FAIL:  0(0.00%),ERROR:  0(0.00%),TRUE:  2,FALSE:  0

