20191211_10_01_26_602095_23788report.log 2019-12-11 10:01:26  loga.py  putSystemLog [line:74] INFO Start.
20191211_10_01_26_602095_23788report.log 2019-12-11 10:01:26  loga.py  putSystemLog [line:74] INFO 场景<1>开始.
20191211_10_01_26_602095_23788report.log 2019-12-11 10:01:30  loga.py  writeLog [line:134] INFO 行号:0    PASS   最大化浏览器窗口[maximize_window]  用时:1.126s  
20191211_10_01_26_602095_23788report.log 2019-12-11 10:01:31  loga.py  putSystemLog [line:74] INFO chrome浏览器启动成功.
20191211_10_01_26_602095_23788report.log 2019-12-11 10:01:31  loga.py  putSystemLog [line:74] INFO 开始加载脚本...
20191211_10_01_26_602095_23788report.log 2019-12-11 10:01:31  loga.py  putSystemLog [line:74] INFO 脚本<1>：U8EX登录 加载成功.脚本路径：script/testCase/U8EX项目/公共/U8EX登录
20191211_10_01_26_602095_23788report.log 2019-12-11 10:01:31  loga.py  putSystemLog [line:74] INFO 脚本<2>：资产状态 加载成功.脚本路径：script/testCase/Y3me项目/数字化建模/固定资产/资产状态
20191211_10_01_26_602095_23788report.log 2019-12-11 10:01:31  loga.py  putSystemLog [line:74] INFO 脚本<3>：U8EX登出 加载成功.脚本路径：script/testCase/U8EX项目/公共/U8EX登出
20191211_10_01_26_602095_23788report.log 2019-12-11 10:01:31  loga.py  putSystemLog [line:74] INFO 脚本加载完成...
20191211_10_01_26_602095_23788report.log 2019-12-11 10:01:31  loga.py  putSystemLog [line:74] INFO 开始运行脚本<class 'script.testCase.U8EX项目.公共.U8EX登录.EasyCase'>
20191211_10_01_26_602095_23788report.log 2019-12-11 10:01:32  loga.py  writeLog [line:134] INFO 行号:27   PASS   访问页面[get]  用时:1.415s  
20191211_10_01_26_602095_23788report.log 2019-12-11 10:01:33  loga.py  writeLog [line:134] INFO 行号:29   PASS   查找元素[find_element]  用时:0.022s  
20191211_10_01_26_602095_23788report.log 2019-12-11 10:01:34  loga.py  writeLog [line:134] INFO 行号:30   PASS   查找元素[find_element]  用时:0.006s  
20191211_10_01_26_602095_23788report.log 2019-12-11 10:01:35  loga.py  writeLog [line:134] INFO 行号:30   PASS   左键单击[click]  用时:0.066s  
20191211_10_01_26_602095_23788report.log 2019-12-11 10:01:36  loga.py  writeLog [line:134] INFO 行号:34   PASS   查找元素[find_element]  用时:0.009s  
20191211_10_01_26_602095_23788report.log 2019-12-11 10:01:36  loga.py  writeLog [line:134] INFO 行号:35   PASS   查找元素[find_element]  用时:0.008s  
20191211_10_01_26_602095_23788report.log 2019-12-11 10:01:37  loga.py  writeLog [line:134] INFO 行号:36   PASS   切换到表单[frame]  用时:0.017s  
20191211_10_01_26_602095_23788report.log 2019-12-11 10:01:39  loga.py  writeLog [line:134] INFO 行号:39   PASS   查找元素[find_element]  用时:0.011s  
20191211_10_01_26_602095_23788report.log 2019-12-11 10:01:39  loga.py  writeLog [line:134] INFO 行号:40   PASS   查找元素[find_element]  用时:0.006s  
20191211_10_01_26_602095_23788report.log 2019-12-11 10:01:40  loga.py  writeLog [line:134] INFO 行号:40   PASS   清除文本[clear]  用时:0.020s  
20191211_10_01_26_602095_23788report.log 2019-12-11 10:01:41  loga.py  writeLog [line:134] INFO 行号:41   PASS   查找元素[find_element]  用时:0.006s  
20191211_10_01_26_602095_23788report.log 2019-12-11 10:01:41  loga.py  writeLog [line:134] INFO 行号:41   PASS   模拟输入[send_keys]  用时:0.095s  
20191211_10_01_26_602095_23788report.log 2019-12-11 10:01:42  loga.py  writeLog [line:134] INFO 行号:42   PASS   查找元素[find_element]  用时:0.020s  
20191211_10_01_26_602095_23788report.log 2019-12-11 10:01:43  loga.py  writeLog [line:134] INFO 行号:42   PASS   清除文本[clear]  用时:0.018s  
20191211_10_01_26_602095_23788report.log 2019-12-11 10:01:44  loga.py  writeLog [line:134] INFO 行号:43   PASS   查找元素[find_element]  用时:0.006s  
20191211_10_01_26_602095_23788report.log 2019-12-11 10:01:44  loga.py  writeLog [line:134] INFO 行号:43   PASS   模拟输入[send_keys]  用时:0.066s  
20191211_10_01_26_602095_23788report.log 2019-12-11 10:01:45  loga.py  writeLog [line:134] INFO 行号:45   PASS   查找元素[find_element]  用时:0.009s  
20191211_10_01_26_602095_23788report.log 2019-12-11 10:01:46  loga.py  writeLog [line:134] INFO 行号:46   PASS   查找元素[find_element]  用时:0.005s  
20191211_10_01_26_602095_23788report.log 2019-12-11 10:01:46  loga.py  writeLog [line:134] INFO 行号:46   PASS   左键单击[click]  用时:0.089s  
20191211_10_01_26_602095_23788report.log 2019-12-11 10:01:48  loga.py  writeLog [line:134] INFO 行号:52   PASS   查找元素[find_element]  用时:0.011s  
20191211_10_01_26_602095_23788report.log 2019-12-11 10:01:48  loga.py  writeLog [line:134] INFO 行号:53   PASS   查找元素[find_element]  用时:0.007s  
20191211_10_01_26_602095_23788report.log 2019-12-11 10:01:49  loga.py  writeLog [line:134] INFO 行号:53   PASS   左键单击[click]  用时:0.129s  
20191211_10_01_26_602095_23788report.log 2019-12-11 10:01:50  loga.py  writeLog [line:134] INFO 行号:54   PASS   查找元素[find_element]  用时:0.021s  
20191211_10_01_26_602095_23788report.log 2019-12-11 10:01:50  loga.py  writeLog [line:134] INFO 行号:54   PASS   左键单击[click]  用时:0.121s  
20191211_10_01_26_602095_23788report.log 2019-12-11 10:01:51  loga.py  writeLog [line:134] INFO 行号:56   PASS   查找元素[find_element]  用时:0.009s  
20191211_10_01_26_602095_23788report.log 2019-12-11 10:01:53  loga.py  writeLog [line:134] INFO 行号:56   PASS   左键单击[click]  用时:0.626s  
20191211_10_01_26_602095_23788report.log 2019-12-11 10:01:54  loga.py  putSystemLog [line:74] INFO 脚本运行完毕...
20191211_10_01_26_602095_23788report.log 2019-12-11 10:01:54  loga.py  putSystemLog [line:74] INFO 开始运行脚本<class 'script.testCase.Y3me项目.数字化建模.固定资产.资产状态.EasyCase'>
20191211_10_01_26_602095_23788report.log 2019-12-11 10:01:54  loga.py  writeLog [line:134] INFO 行号:25   PASS   刷新页面[refresh]  用时:0.618s  
20191211_10_01_26_602095_23788report.log 2019-12-11 10:01:55  loga.py  writeLog [line:134] INFO 行号:27   PASS   查找元素[find_element]  用时:0.008s  
20191211_10_01_26_602095_23788report.log 2019-12-11 10:01:56  loga.py  writeLog [line:134] INFO 行号:27   PASS   左键单击[click]  用时:0.130s  
20191211_10_01_26_602095_23788report.log 2019-12-11 10:01:58  loga.py  writeLog [line:134] INFO 行号:30   PASS   查找元素[find_element]  用时:0.010s  
20191211_10_01_26_602095_23788report.log 2019-12-11 10:01:58  loga.py  writeLog [line:134] INFO 行号:30   PASS   左键单击[click]  用时:0.064s  
20191211_10_01_26_602095_23788report.log 2019-12-11 10:02:00  loga.py  writeLog [line:134] INFO 行号:33   PASS   查找元素[find_element]  用时:0.009s  
20191211_10_01_26_602095_23788report.log 2019-12-11 10:02:03  loga.py  writeLog [line:134] INFO 行号:40   PASS   查找元素[find_element]  用时:0.010s  
20191211_10_01_26_602095_23788report.log 2019-12-11 10:02:07  loga.py  writeLog [line:134] INFO 行号:47   PASS   查找元素[find_element]  用时:0.011s  
20191211_10_01_26_602095_23788report.log 2019-12-11 10:02:09  loga.py  writeLog [line:134] INFO 行号:50   PASS   查找元素[find_element]  用时:0.614s  
20191211_10_01_26_602095_23788report.log 2019-12-11 10:02:09  loga.py  writeLog [line:134] INFO 行号:51   PASS   切换到表单[frame]  用时:0.020s  
20191211_10_01_26_602095_23788report.log 2019-12-11 10:02:10  loga.py  writeLog [line:134] INFO 行号:54   PASS   查找元素[find_element]  用时:0.010s  
20191211_10_01_26_602095_23788report.log 2019-12-11 10:02:11  loga.py  writeLog [line:134] INFO 行号:55   PASS   查找元素[find_element]  用时:0.006s  
20191211_10_01_26_602095_23788report.log 2019-12-11 10:02:11  loga.py  writeLog [line:134] INFO 行号:55   PASS   左键单击[click]  用时:0.086s  
20191211_10_01_26_602095_23788report.log 2019-12-11 10:02:12  loga.py  writeLog [line:134] INFO 行号:58   PASS   查找元素[find_element]  用时:0.016s  
20191211_10_01_26_602095_23788report.log 2019-12-11 10:02:13  loga.py  writeLog [line:134] INFO 行号:59   PASS   查找元素[find_element]  用时:0.007s  
20191211_10_01_26_602095_23788report.log 2019-12-11 10:02:13  loga.py  writeLog [line:134] INFO 行号:59   PASS   左键单击[click]  用时:0.053s  
20191211_10_01_26_602095_23788report.log 2019-12-11 10:02:14  loga.py  writeLog [line:134] INFO 行号:63   PASS   查找元素[find_element]  用时:0.010s  
20191211_10_01_26_602095_23788report.log 2019-12-11 10:02:15  loga.py  writeLog [line:134] INFO 行号:64   PASS   查找元素[find_element]  用时:0.008s  
20191211_10_01_26_602095_23788report.log 2019-12-11 10:02:16  loga.py  writeLog [line:134] INFO 行号:64   PASS   左键单击[click]  用时:0.102s  
20191211_10_01_26_602095_23788report.log 2019-12-11 10:02:17  loga.py  writeLog [line:134] INFO 行号:69   PASS   查找元素[find_element]  用时:0.006s  
20191211_10_01_26_602095_23788report.log 2019-12-11 10:02:17  loga.py  writeLog [line:134] INFO 行号:70   PASS   查找元素[find_element]  用时:0.015s  
20191211_10_01_26_602095_23788report.log 2019-12-11 10:02:18  loga.py  writeLog [line:134] INFO 行号:70   PASS   左键单击[click]  用时:0.056s  
20191211_10_01_26_602095_23788report.log 2019-12-11 10:02:19  loga.py  writeLog [line:134] INFO 行号:76   PASS   查找元素[find_element]  用时:0.011s  
20191211_10_01_26_602095_23788report.log 2019-12-11 10:02:19  loga.py  writeLog [line:134] INFO 行号:77   PASS   查找元素[find_element]  用时:0.007s  
20191211_10_01_26_602095_23788report.log 2019-12-11 10:02:20  loga.py  writeLog [line:134] INFO 行号:77   PASS   模拟输入[send_keys]  用时:0.124s  
20191211_10_01_26_602095_23788report.log 2019-12-11 10:02:21  loga.py  writeLog [line:134] INFO 行号:82   PASS   查找元素[find_element]  用时:0.019s  
20191211_10_01_26_602095_23788report.log 2019-12-11 10:02:52  loga.py  writeLog [line:134] INFO 行号:0    ERROR  [runTest]  用时:  测试用例脚本发生错误，请检查脚本代码：
20191211_10_01_26_602095_23788report.log 2019-12-11 10:02:52  loga.py  putSystemLog [line:74] INFO 脚本运行完毕...
20191211_10_01_26_602095_23788report.log 2019-12-11 10:02:52  loga.py  putSystemLog [line:74] INFO 开始运行脚本<class 'script.testCase.U8EX项目.公共.U8EX登出.EasyCase'>
20191211_10_01_26_602095_23788report.log 2019-12-11 10:02:52  loga.py  writeLog [line:134] INFO 行号:24   PASS   刷新页面[refresh]  用时:0.013s  
20191211_10_01_26_602095_23788report.log 2019-12-11 10:02:54  loga.py  writeLog [line:134] INFO 行号:26   PASS   查找元素[find_element]  用时:0.014s  
20191211_10_01_26_602095_23788report.log 2019-12-11 10:02:54  loga.py  writeLog [line:134] INFO 行号:26   PASS   左键单击[click]  用时:0.052s  
20191211_10_01_26_602095_23788report.log 2019-12-11 10:02:55  loga.py  writeLog [line:134] INFO 行号:27   PASS   查找元素[find_element]  用时:0.009s  
20191211_10_01_26_602095_23788report.log 2019-12-11 10:02:57  loga.py  writeLog [line:134] INFO 行号:27   PASS   左键单击[click]  用时:0.648s  
20191211_10_01_26_602095_23788report.log 2019-12-11 10:02:58  loga.py  putSystemLog [line:74] INFO 脚本运行完毕...
20191211_10_01_26_602095_23788report.log 2019-12-11 10:02:58  loga.py  writeLog [line:134] INFO 行号:0    PASS   关闭浏览器[quit]  用时:0.219s  
20191211_10_01_26_602095_23788report.log 2019-12-11 10:03:01  loga.py  putSystemLog [line:74] INFO 场景<1>结束.用时:94.707s.
20191211_10_01_26_602095_23788report.log 2019-12-11 10:03:01  loga.py  putSystemLog [line:74] INFO 场景统计结果：PASS: 59(98.33%),FAIL:  0(0.00%),ERROR:  1(1.67%),TRUE:  0,FALSE:  0

20191211_10_01_26_602095_23788report.log 2019-12-11 10:03:01  loga.py  putSystemLog [line:74] INFO ----------------------------------------
20191211_10_01_26_602095_23788report.log 2019-12-11 10:03:01  loga.py  putSystemLog [line:74] INFO End.
20191211_10_01_26_602095_23788report.log 2019-12-11 10:03:01  loga.py  putSystemLog [line:74] INFO 测试方案统计结果:
                    场景<1>:PASS: 59(98.33%),FAIL:  0(0.00%),ERROR:  1(1.67%),TRUE:  0,FALSE:  0
                    总   计:PASS: 59(98.33%),FAIL:  0(0.00%),ERROR:  1(1.67%),TRUE:  0,FALSE:  0

