20191211_10_40_24_629400_25448report.log 2019-12-11 10:40:24  loga.py  putSystemLog [line:74] INFO Start.
20191211_10_40_24_629400_25448report.log 2019-12-11 10:40:24  loga.py  putSystemLog [line:74] INFO 场景<1>开始.
20191211_10_40_24_629400_25448report.log 2019-12-11 10:40:28  loga.py  writeLog [line:134] INFO 行号:0    PASS   最大化浏览器窗口[maximize_window]  用时:1.114s  
20191211_10_40_24_629400_25448report.log 2019-12-11 10:40:29  loga.py  putSystemLog [line:74] INFO chrome浏览器启动成功.
20191211_10_40_24_629400_25448report.log 2019-12-11 10:40:29  loga.py  putSystemLog [line:74] INFO 开始加载脚本...
20191211_10_40_24_629400_25448report.log 2019-12-11 10:40:29  loga.py  putSystemLog [line:74] INFO 脚本<1>：U8EX登录 加载成功.脚本路径：script/testCase/U8EX项目/公共/U8EX登录
20191211_10_40_24_629400_25448report.log 2019-12-11 10:40:29  loga.py  putSystemLog [line:74] INFO 脚本<2>：资产状态 加载成功.脚本路径：script/testCase/Y3me项目/数字化建模/固定资产/资产状态
20191211_10_40_24_629400_25448report.log 2019-12-11 10:40:29  loga.py  putSystemLog [line:74] INFO 脚本<3>：U8EX登出 加载成功.脚本路径：script/testCase/U8EX项目/公共/U8EX登出
20191211_10_40_24_629400_25448report.log 2019-12-11 10:40:29  loga.py  putSystemLog [line:74] INFO 脚本加载完成...
20191211_10_40_24_629400_25448report.log 2019-12-11 10:40:29  loga.py  putSystemLog [line:74] INFO 开始运行脚本<class 'script.testCase.U8EX项目.公共.U8EX登录.EasyCase'>
20191211_10_40_24_629400_25448report.log 2019-12-11 10:40:30  loga.py  writeLog [line:134] INFO 行号:27   PASS   访问页面[get]  用时:1.442s  
20191211_10_40_24_629400_25448report.log 2019-12-11 10:40:31  loga.py  writeLog [line:134] INFO 行号:29   PASS   查找元素[find_element]  用时:0.012s  
20191211_10_40_24_629400_25448report.log 2019-12-11 10:40:32  loga.py  writeLog [line:134] INFO 行号:30   PASS   查找元素[find_element]  用时:0.007s  
20191211_10_40_24_629400_25448report.log 2019-12-11 10:40:32  loga.py  writeLog [line:134] INFO 行号:30   PASS   左键单击[click]  用时:0.048s  
20191211_10_40_24_629400_25448report.log 2019-12-11 10:40:33  loga.py  writeLog [line:134] INFO 行号:34   PASS   查找元素[find_element]  用时:0.011s  
20191211_10_40_24_629400_25448report.log 2019-12-11 10:40:34  loga.py  writeLog [line:134] INFO 行号:35   PASS   查找元素[find_element]  用时:0.008s  
20191211_10_40_24_629400_25448report.log 2019-12-11 10:40:34  loga.py  writeLog [line:134] INFO 行号:36   PASS   切换到表单[frame]  用时:0.016s  
20191211_10_40_24_629400_25448report.log 2019-12-11 10:40:36  loga.py  writeLog [line:134] INFO 行号:39   PASS   查找元素[find_element]  用时:0.010s  
20191211_10_40_24_629400_25448report.log 2019-12-11 10:40:37  loga.py  writeLog [line:134] INFO 行号:40   PASS   查找元素[find_element]  用时:0.007s  
20191211_10_40_24_629400_25448report.log 2019-12-11 10:40:37  loga.py  writeLog [line:134] INFO 行号:40   PASS   清除文本[clear]  用时:0.019s  
20191211_10_40_24_629400_25448report.log 2019-12-11 10:40:39  loga.py  writeLog [line:134] INFO 行号:41   PASS   查找元素[find_element]  用时:0.007s  
20191211_10_40_24_629400_25448report.log 2019-12-11 10:40:39  loga.py  writeLog [line:134] INFO 行号:41   PASS   模拟输入[send_keys]  用时:0.092s  
20191211_10_40_24_629400_25448report.log 2019-12-11 10:40:40  loga.py  writeLog [line:134] INFO 行号:42   PASS   查找元素[find_element]  用时:0.009s  
20191211_10_40_24_629400_25448report.log 2019-12-11 10:40:41  loga.py  writeLog [line:134] INFO 行号:42   PASS   清除文本[clear]  用时:0.018s  
20191211_10_40_24_629400_25448report.log 2019-12-11 10:40:42  loga.py  writeLog [line:134] INFO 行号:43   PASS   查找元素[find_element]  用时:0.008s  
20191211_10_40_24_629400_25448report.log 2019-12-11 10:40:42  loga.py  writeLog [line:134] INFO 行号:43   PASS   模拟输入[send_keys]  用时:0.066s  
20191211_10_40_24_629400_25448report.log 2019-12-11 10:40:43  loga.py  writeLog [line:134] INFO 行号:45   PASS   查找元素[find_element]  用时:0.010s  
20191211_10_40_24_629400_25448report.log 2019-12-11 10:40:44  loga.py  writeLog [line:134] INFO 行号:46   PASS   查找元素[find_element]  用时:0.007s  
20191211_10_40_24_629400_25448report.log 2019-12-11 10:40:44  loga.py  writeLog [line:134] INFO 行号:46   PASS   左键单击[click]  用时:0.085s  
20191211_10_40_24_629400_25448report.log 2019-12-11 10:40:46  loga.py  writeLog [line:134] INFO 行号:52   PASS   查找元素[find_element]  用时:0.011s  
20191211_10_40_24_629400_25448report.log 2019-12-11 10:40:46  loga.py  writeLog [line:134] INFO 行号:53   PASS   查找元素[find_element]  用时:0.006s  
20191211_10_40_24_629400_25448report.log 2019-12-11 10:40:47  loga.py  writeLog [line:134] INFO 行号:53   PASS   左键单击[click]  用时:0.090s  
20191211_10_40_24_629400_25448report.log 2019-12-11 10:40:48  loga.py  writeLog [line:134] INFO 行号:54   PASS   查找元素[find_element]  用时:0.024s  
20191211_10_40_24_629400_25448report.log 2019-12-11 10:40:48  loga.py  writeLog [line:134] INFO 行号:54   PASS   左键单击[click]  用时:0.104s  
20191211_10_40_24_629400_25448report.log 2019-12-11 10:40:49  loga.py  writeLog [line:134] INFO 行号:56   PASS   查找元素[find_element]  用时:0.010s  
20191211_10_40_24_629400_25448report.log 2019-12-11 10:40:51  loga.py  writeLog [line:134] INFO 行号:56   PASS   左键单击[click]  用时:0.689s  
20191211_10_40_24_629400_25448report.log 2019-12-11 10:40:52  loga.py  putSystemLog [line:74] INFO 脚本运行完毕...
20191211_10_40_24_629400_25448report.log 2019-12-11 10:40:52  loga.py  putSystemLog [line:74] INFO 开始运行脚本<class 'script.testCase.Y3me项目.数字化建模.固定资产.资产状态.EasyCase'>
20191211_10_40_24_629400_25448report.log 2019-12-11 10:40:52  loga.py  writeLog [line:134] INFO 行号:25   PASS   刷新页面[refresh]  用时:0.298s  
20191211_10_40_24_629400_25448report.log 2019-12-11 10:40:53  loga.py  writeLog [line:134] INFO 行号:27   PASS   查找元素[find_element]  用时:0.012s  
20191211_10_40_24_629400_25448report.log 2019-12-11 10:40:53  loga.py  writeLog [line:134] INFO 行号:27   PASS   左键单击[click]  用时:0.090s  
20191211_10_40_24_629400_25448report.log 2019-12-11 10:40:55  loga.py  writeLog [line:134] INFO 行号:30   PASS   查找元素[find_element]  用时:0.010s  
20191211_10_40_24_629400_25448report.log 2019-12-11 10:40:56  loga.py  writeLog [line:134] INFO 行号:30   PASS   左键单击[click]  用时:0.089s  
20191211_10_40_24_629400_25448report.log 2019-12-11 10:40:58  loga.py  writeLog [line:134] INFO 行号:33   PASS   查找元素[find_element]  用时:0.009s  
20191211_10_40_24_629400_25448report.log 2019-12-11 10:41:01  loga.py  writeLog [line:134] INFO 行号:40   PASS   查找元素[find_element]  用时:0.010s  
20191211_10_40_24_629400_25448report.log 2019-12-11 10:41:04  loga.py  writeLog [line:134] INFO 行号:47   PASS   查找元素[find_element]  用时:0.032s  
20191211_10_40_24_629400_25448report.log 2019-12-11 10:41:06  loga.py  writeLog [line:134] INFO 行号:50   PASS   查找元素[find_element]  用时:0.009s  
20191211_10_40_24_629400_25448report.log 2019-12-11 10:41:07  loga.py  writeLog [line:134] INFO 行号:51   PASS   切换到表单[frame]  用时:0.497s  
20191211_10_40_24_629400_25448report.log 2019-12-11 10:41:08  loga.py  writeLog [line:134] INFO 行号:54   PASS   查找元素[find_element]  用时:0.010s  
20191211_10_40_24_629400_25448report.log 2019-12-11 10:41:08  loga.py  writeLog [line:134] INFO 行号:55   PASS   查找元素[find_element]  用时:0.005s  
20191211_10_40_24_629400_25448report.log 2019-12-11 10:41:09  loga.py  writeLog [line:134] INFO 行号:55   PASS   左键单击[click]  用时:0.081s  
20191211_10_40_24_629400_25448report.log 2019-12-11 10:41:10  loga.py  writeLog [line:134] INFO 行号:58   PASS   查找元素[find_element]  用时:0.014s  
20191211_10_40_24_629400_25448report.log 2019-12-11 10:41:10  loga.py  writeLog [line:134] INFO 行号:59   PASS   查找元素[find_element]  用时:0.007s  
20191211_10_40_24_629400_25448report.log 2019-12-11 10:41:11  loga.py  writeLog [line:134] INFO 行号:59   PASS   左键单击[click]  用时:0.055s  
20191211_10_40_24_629400_25448report.log 2019-12-11 10:41:12  loga.py  writeLog [line:134] INFO 行号:63   PASS   查找元素[find_element]  用时:0.010s  
20191211_10_40_24_629400_25448report.log 2019-12-11 10:41:12  loga.py  writeLog [line:134] INFO 行号:64   PASS   查找元素[find_element]  用时:0.007s  
20191211_10_40_24_629400_25448report.log 2019-12-11 10:41:13  loga.py  writeLog [line:134] INFO 行号:64   PASS   左键单击[click]  用时:0.107s  
20191211_10_40_24_629400_25448report.log 2019-12-11 10:41:14  loga.py  writeLog [line:134] INFO 行号:69   PASS   查找元素[find_element]  用时:0.006s  
20191211_10_40_24_629400_25448report.log 2019-12-11 10:41:15  loga.py  writeLog [line:134] INFO 行号:70   PASS   查找元素[find_element]  用时:0.006s  
20191211_10_40_24_629400_25448report.log 2019-12-11 10:41:15  loga.py  writeLog [line:134] INFO 行号:70   PASS   左键单击[click]  用时:0.064s  
20191211_10_40_24_629400_25448report.log 2019-12-11 10:41:16  loga.py  writeLog [line:134] INFO 行号:76   PASS   查找元素[find_element]  用时:0.011s  
20191211_10_40_24_629400_25448report.log 2019-12-11 10:41:17  loga.py  writeLog [line:134] INFO 行号:77   PASS   查找元素[find_element]  用时:0.008s  
20191211_10_40_24_629400_25448report.log 2019-12-11 10:41:17  loga.py  writeLog [line:134] INFO 行号:77   PASS   模拟输入[send_keys]  用时:0.087s  
20191211_10_40_24_629400_25448report.log 2019-12-11 10:41:18  loga.py  writeLog [line:134] INFO 行号:82   PASS   查找元素[find_element]  用时:0.010s  
20191211_10_40_24_629400_25448report.log 2019-12-11 10:41:19  loga.py  writeLog [line:134] INFO 行号:84   PASS   查找元素[find_element]  用时:0.007s  
20191211_10_40_24_629400_25448report.log 2019-12-11 10:41:19  loga.py  writeLog [line:134] INFO 行号:84   PASS   左键单击[click]  用时:0.060s  
20191211_10_40_24_629400_25448report.log 2019-12-11 10:41:20  loga.py  writeLog [line:134] INFO 行号:88   PASS   查找元素[find_element]  用时:0.011s  
20191211_10_40_24_629400_25448report.log 2019-12-11 10:41:21  loga.py  writeLog [line:134] INFO 行号:89   PASS   查找元素[find_element]  用时:0.008s  
20191211_10_40_24_629400_25448report.log 2019-12-11 10:41:21  loga.py  writeLog [line:134] INFO 行号:89   PASS   左键单击[click]  用时:0.079s  
20191211_10_40_24_629400_25448report.log 2019-12-11 10:41:54  loga.py  writeLog [line:134] INFO 行号:94   FAIL   查找元素[find_element]  用时:30.020s  参数:{'list': '', 'dict': {'xpath': '//div[text()="资产672"]/ancestor::div[@class="fixedDataTableCellGroupLayout_cellGroupWrapper"]'}} 页面中没有该元素.NoSuchElementException
20191211_10_40_24_629400_25448report.log 2019-12-11 10:41:55  loga.py  writeLog [line:134] INFO 行号:96   ERROR  执行JS代码[execute_script]  用时:0.006s  [decorator.driverAction_dec]:stale element reference: element is not attached to the page document
20191211_10_40_24_629400_25448report.log 2019-12-11 10:41:56  loga.py  writeLog [line:134] INFO 行号:0    ERROR  [runTest]  用时:  测试用例脚本发生错误，请检查脚本代码：invalid argument
20191211_10_40_24_629400_25448report.log 2019-12-11 10:41:56  loga.py  putSystemLog [line:74] INFO 脚本运行完毕...
20191211_10_40_24_629400_25448report.log 2019-12-11 10:41:56  loga.py  putSystemLog [line:74] INFO 开始运行脚本<class 'script.testCase.U8EX项目.公共.U8EX登出.EasyCase'>
20191211_10_40_24_629400_25448report.log 2019-12-11 10:41:56  loga.py  writeLog [line:134] INFO 行号:24   PASS   刷新页面[refresh]  用时:0.013s  
20191211_10_40_24_629400_25448report.log 2019-12-11 10:41:59  loga.py  writeLog [line:134] INFO 行号:26   PASS   查找元素[find_element]  用时:1.308s  
20191211_10_40_24_629400_25448report.log 2019-12-11 10:42:00  loga.py  writeLog [line:134] INFO 行号:26   PASS   左键单击[click]  用时:0.076s  
20191211_10_40_24_629400_25448report.log 2019-12-11 10:42:01  loga.py  writeLog [line:134] INFO 行号:27   PASS   查找元素[find_element]  用时:0.010s  
20191211_10_40_24_629400_25448report.log 2019-12-11 10:42:02  loga.py  writeLog [line:134] INFO 行号:27   PASS   左键单击[click]  用时:0.460s  
20191211_10_40_24_629400_25448report.log 2019-12-11 10:42:03  loga.py  putSystemLog [line:74] INFO 脚本运行完毕...
20191211_10_40_24_629400_25448report.log 2019-12-11 10:42:03  loga.py  writeLog [line:134] INFO 行号:0    PASS   关闭浏览器[quit]  用时:0.211s  
20191211_10_40_24_629400_25448report.log 2019-12-11 10:42:06  loga.py  putSystemLog [line:74] INFO 场景<1>结束.用时:101.943s.
20191211_10_40_24_629400_25448report.log 2019-12-11 10:42:06  loga.py  putSystemLog [line:74] INFO 场景统计结果：PASS: 64(95.52%),FAIL:  1(1.49%),ERROR:  2(2.99%),TRUE:  0,FALSE:  0

20191211_10_40_24_629400_25448report.log 2019-12-11 10:42:06  loga.py  putSystemLog [line:74] INFO ----------------------------------------
20191211_10_40_24_629400_25448report.log 2019-12-11 10:42:06  loga.py  putSystemLog [line:74] INFO End.
20191211_10_40_24_629400_25448report.log 2019-12-11 10:42:06  loga.py  putSystemLog [line:74] INFO 测试方案统计结果:
                    场景<1>:PASS: 64(95.52%),FAIL:  1(1.49%),ERROR:  2(2.99%),TRUE:  0,FALSE:  0
                    总   计:PASS: 64(95.52%),FAIL:  1(1.49%),ERROR:  2(2.99%),TRUE:  0,FALSE:  0

