20191211_10_43_53_079531_27256report.log 2019-12-11 10:43:53  loga.py  putSystemLog [line:74] INFO Start.
20191211_10_43_53_079531_27256report.log 2019-12-11 10:43:53  loga.py  putSystemLog [line:74] INFO 场景<1>开始.
20191211_10_43_53_079531_27256report.log 2019-12-11 10:43:56  loga.py  writeLog [line:134] INFO 行号:0    PASS   最大化浏览器窗口[maximize_window]  用时:1.134s  
20191211_10_43_53_079531_27256report.log 2019-12-11 10:43:57  loga.py  putSystemLog [line:74] INFO chrome浏览器启动成功.
20191211_10_43_53_079531_27256report.log 2019-12-11 10:43:57  loga.py  putSystemLog [line:74] INFO 开始加载脚本...
20191211_10_43_53_079531_27256report.log 2019-12-11 10:43:57  loga.py  putSystemLog [line:74] INFO 脚本<1>：U8EX登录 加载成功.脚本路径：script/testCase/U8EX项目/公共/U8EX登录
20191211_10_43_53_079531_27256report.log 2019-12-11 10:43:57  loga.py  putSystemLog [line:74] INFO 脚本<2>：资产状态 加载成功.脚本路径：script/testCase/Y3me项目/数字化建模/固定资产/资产状态
20191211_10_43_53_079531_27256report.log 2019-12-11 10:43:57  loga.py  putSystemLog [line:74] INFO 脚本<3>：U8EX登出 加载成功.脚本路径：script/testCase/U8EX项目/公共/U8EX登出
20191211_10_43_53_079531_27256report.log 2019-12-11 10:43:57  loga.py  putSystemLog [line:74] INFO 脚本加载完成...
20191211_10_43_53_079531_27256report.log 2019-12-11 10:43:57  loga.py  putSystemLog [line:74] INFO 开始运行脚本<class 'script.testCase.U8EX项目.公共.U8EX登录.EasyCase'>
20191211_10_43_53_079531_27256report.log 2019-12-11 10:43:58  loga.py  writeLog [line:134] INFO 行号:27   PASS   访问页面[get]  用时:1.059s  
20191211_10_43_53_079531_27256report.log 2019-12-11 10:43:59  loga.py  writeLog [line:134] INFO 行号:29   PASS   查找元素[find_element]  用时:0.012s  
20191211_10_43_53_079531_27256report.log 2019-12-11 10:44:00  loga.py  writeLog [line:134] INFO 行号:30   PASS   查找元素[find_element]  用时:0.007s  
20191211_10_43_53_079531_27256report.log 2019-12-11 10:44:00  loga.py  writeLog [line:134] INFO 行号:30   PASS   左键单击[click]  用时:0.050s  
20191211_10_43_53_079531_27256report.log 2019-12-11 10:44:01  loga.py  writeLog [line:134] INFO 行号:34   PASS   查找元素[find_element]  用时:0.010s  
20191211_10_43_53_079531_27256report.log 2019-12-11 10:44:02  loga.py  writeLog [line:134] INFO 行号:35   PASS   查找元素[find_element]  用时:0.007s  
20191211_10_43_53_079531_27256report.log 2019-12-11 10:44:02  loga.py  writeLog [line:134] INFO 行号:36   PASS   切换到表单[frame]  用时:0.016s  
20191211_10_43_53_079531_27256report.log 2019-12-11 10:44:04  loga.py  writeLog [line:134] INFO 行号:39   PASS   查找元素[find_element]  用时:0.009s  
20191211_10_43_53_079531_27256report.log 2019-12-11 10:44:05  loga.py  writeLog [line:134] INFO 行号:40   PASS   查找元素[find_element]  用时:0.006s  
20191211_10_43_53_079531_27256report.log 2019-12-11 10:44:06  loga.py  writeLog [line:134] INFO 行号:40   PASS   清除文本[clear]  用时:0.038s  
20191211_10_43_53_079531_27256report.log 2019-12-11 10:44:07  loga.py  writeLog [line:134] INFO 行号:41   PASS   查找元素[find_element]  用时:0.008s  
20191211_10_43_53_079531_27256report.log 2019-12-11 10:44:07  loga.py  writeLog [line:134] INFO 行号:41   PASS   模拟输入[send_keys]  用时:0.080s  
20191211_10_43_53_079531_27256report.log 2019-12-11 10:44:08  loga.py  writeLog [line:134] INFO 行号:42   PASS   查找元素[find_element]  用时:0.010s  
20191211_10_43_53_079531_27256report.log 2019-12-11 10:44:09  loga.py  writeLog [line:134] INFO 行号:42   PASS   清除文本[clear]  用时:0.017s  
20191211_10_43_53_079531_27256report.log 2019-12-11 10:44:10  loga.py  writeLog [line:134] INFO 行号:43   PASS   查找元素[find_element]  用时:0.005s  
20191211_10_43_53_079531_27256report.log 2019-12-11 10:44:10  loga.py  writeLog [line:134] INFO 行号:43   PASS   模拟输入[send_keys]  用时:0.067s  
20191211_10_43_53_079531_27256report.log 2019-12-11 10:44:11  loga.py  writeLog [line:134] INFO 行号:45   PASS   查找元素[find_element]  用时:0.010s  
20191211_10_43_53_079531_27256report.log 2019-12-11 10:44:12  loga.py  writeLog [line:134] INFO 行号:46   PASS   查找元素[find_element]  用时:0.006s  
20191211_10_43_53_079531_27256report.log 2019-12-11 10:44:12  loga.py  writeLog [line:134] INFO 行号:46   PASS   左键单击[click]  用时:0.091s  
20191211_10_43_53_079531_27256report.log 2019-12-11 10:44:14  loga.py  writeLog [line:134] INFO 行号:52   PASS   查找元素[find_element]  用时:0.015s  
20191211_10_43_53_079531_27256report.log 2019-12-11 10:44:14  loga.py  writeLog [line:134] INFO 行号:53   PASS   查找元素[find_element]  用时:0.006s  
20191211_10_43_53_079531_27256report.log 2019-12-11 10:44:15  loga.py  writeLog [line:134] INFO 行号:53   PASS   左键单击[click]  用时:0.088s  
20191211_10_43_53_079531_27256report.log 2019-12-11 10:44:16  loga.py  writeLog [line:134] INFO 行号:54   PASS   查找元素[find_element]  用时:0.030s  
20191211_10_43_53_079531_27256report.log 2019-12-11 10:44:16  loga.py  writeLog [line:134] INFO 行号:54   PASS   左键单击[click]  用时:0.097s  
20191211_10_43_53_079531_27256report.log 2019-12-11 10:44:17  loga.py  writeLog [line:134] INFO 行号:56   PASS   查找元素[find_element]  用时:0.011s  
20191211_10_43_53_079531_27256report.log 2019-12-11 10:44:18  loga.py  writeLog [line:134] INFO 行号:56   PASS   左键单击[click]  用时:0.635s  
20191211_10_43_53_079531_27256report.log 2019-12-11 10:44:19  loga.py  putSystemLog [line:74] INFO 脚本运行完毕...
20191211_10_43_53_079531_27256report.log 2019-12-11 10:44:19  loga.py  putSystemLog [line:74] INFO 开始运行脚本<class 'script.testCase.Y3me项目.数字化建模.固定资产.资产状态.EasyCase'>
20191211_10_43_53_079531_27256report.log 2019-12-11 10:44:20  loga.py  writeLog [line:134] INFO 行号:25   PASS   刷新页面[refresh]  用时:0.554s  
20191211_10_43_53_079531_27256report.log 2019-12-11 10:44:21  loga.py  writeLog [line:134] INFO 行号:27   PASS   查找元素[find_element]  用时:0.010s  
20191211_10_43_53_079531_27256report.log 2019-12-11 10:44:22  loga.py  writeLog [line:134] INFO 行号:27   PASS   左键单击[click]  用时:0.074s  
20191211_10_43_53_079531_27256report.log 2019-12-11 10:44:24  loga.py  writeLog [line:134] INFO 行号:30   PASS   查找元素[find_element]  用时:0.021s  
20191211_10_43_53_079531_27256report.log 2019-12-11 10:44:24  loga.py  writeLog [line:134] INFO 行号:30   PASS   左键单击[click]  用时:0.065s  
20191211_10_43_53_079531_27256report.log 2019-12-11 10:44:26  loga.py  writeLog [line:134] INFO 行号:33   PASS   查找元素[find_element]  用时:0.011s  
20191211_10_43_53_079531_27256report.log 2019-12-11 10:44:29  loga.py  writeLog [line:134] INFO 行号:40   PASS   查找元素[find_element]  用时:0.011s  
20191211_10_43_53_079531_27256report.log 2019-12-11 10:44:32  loga.py  writeLog [line:134] INFO 行号:47   PASS   查找元素[find_element]  用时:0.015s  
20191211_10_43_53_079531_27256report.log 2019-12-11 10:44:34  loga.py  writeLog [line:134] INFO 行号:50   PASS   查找元素[find_element]  用时:0.008s  
20191211_10_43_53_079531_27256report.log 2019-12-11 10:44:35  loga.py  writeLog [line:134] INFO 行号:51   PASS   切换到表单[frame]  用时:0.526s  
20191211_10_43_53_079531_27256report.log 2019-12-11 10:44:36  loga.py  writeLog [line:134] INFO 行号:54   PASS   查找元素[find_element]  用时:0.031s  
20191211_10_43_53_079531_27256report.log 2019-12-11 10:44:36  loga.py  writeLog [line:134] INFO 行号:55   PASS   查找元素[find_element]  用时:0.006s  
20191211_10_43_53_079531_27256report.log 2019-12-11 10:44:37  loga.py  writeLog [line:134] INFO 行号:55   PASS   左键单击[click]  用时:0.077s  
20191211_10_43_53_079531_27256report.log 2019-12-11 10:44:38  loga.py  writeLog [line:134] INFO 行号:58   PASS   查找元素[find_element]  用时:0.086s  
20191211_10_43_53_079531_27256report.log 2019-12-11 10:44:39  loga.py  writeLog [line:134] INFO 行号:59   PASS   查找元素[find_element]  用时:0.017s  
20191211_10_43_53_079531_27256report.log 2019-12-11 10:44:39  loga.py  writeLog [line:134] INFO 行号:59   PASS   左键单击[click]  用时:0.054s  
20191211_10_43_53_079531_27256report.log 2019-12-11 10:44:40  loga.py  writeLog [line:134] INFO 行号:63   PASS   查找元素[find_element]  用时:0.010s  
20191211_10_43_53_079531_27256report.log 2019-12-11 10:44:41  loga.py  writeLog [line:134] INFO 行号:64   PASS   查找元素[find_element]  用时:0.007s  
20191211_10_43_53_079531_27256report.log 2019-12-11 10:44:41  loga.py  writeLog [line:134] INFO 行号:64   PASS   左键单击[click]  用时:0.104s  
20191211_10_43_53_079531_27256report.log 2019-12-11 10:44:42  loga.py  writeLog [line:134] INFO 行号:69   PASS   查找元素[find_element]  用时:0.007s  
20191211_10_43_53_079531_27256report.log 2019-12-11 10:44:43  loga.py  writeLog [line:134] INFO 行号:70   PASS   查找元素[find_element]  用时:0.007s  
20191211_10_43_53_079531_27256report.log 2019-12-11 10:44:43  loga.py  writeLog [line:134] INFO 行号:70   PASS   左键单击[click]  用时:0.061s  
20191211_10_43_53_079531_27256report.log 2019-12-11 10:44:44  loga.py  writeLog [line:134] INFO 行号:76   PASS   查找元素[find_element]  用时:0.012s  
20191211_10_43_53_079531_27256report.log 2019-12-11 10:44:45  loga.py  writeLog [line:134] INFO 行号:77   PASS   查找元素[find_element]  用时:0.007s  
20191211_10_43_53_079531_27256report.log 2019-12-11 10:44:45  loga.py  writeLog [line:134] INFO 行号:77   PASS   模拟输入[send_keys]  用时:0.084s  
20191211_10_43_53_079531_27256report.log 2019-12-11 10:44:46  loga.py  writeLog [line:134] INFO 行号:82   PASS   查找元素[find_element]  用时:0.011s  
20191211_10_43_53_079531_27256report.log 2019-12-11 10:44:47  loga.py  writeLog [line:134] INFO 行号:84   PASS   查找元素[find_element]  用时:0.006s  
20191211_10_43_53_079531_27256report.log 2019-12-11 10:44:48  loga.py  writeLog [line:134] INFO 行号:84   PASS   左键单击[click]  用时:0.059s  
20191211_10_43_53_079531_27256report.log 2019-12-11 10:44:49  loga.py  writeLog [line:134] INFO 行号:88   PASS   查找元素[find_element]  用时:0.018s  
20191211_10_43_53_079531_27256report.log 2019-12-11 10:44:49  loga.py  writeLog [line:134] INFO 行号:89   PASS   查找元素[find_element]  用时:0.008s  
20191211_10_43_53_079531_27256report.log 2019-12-11 10:44:50  loga.py  writeLog [line:134] INFO 行号:89   PASS   左键单击[click]  用时:0.055s  
20191211_10_43_53_079531_27256report.log 2019-12-11 10:44:53  loga.py  writeLog [line:134] INFO 行号:94   PASS   查找元素[find_element]  用时:0.010s  
20191211_10_43_53_079531_27256report.log 2019-12-11 10:44:53  loga.py  writeLog [line:134] INFO 行号:96   PASS   执行JS代码[execute_script]  用时:0.006s  
20191211_10_43_53_079531_27256report.log 2019-12-11 10:44:55  loga.py  writeLog [line:134] INFO 行号:106  PASS   查找元素[find_element]  用时:0.011s  
20191211_10_43_53_079531_27256report.log 2019-12-11 10:44:55  loga.py  writeLog [line:134] INFO 行号:109  PASS   查找元素[find_element]  用时:0.009s  
20191211_10_43_53_079531_27256report.log 2019-12-11 10:44:56  loga.py  writeLog [line:134] INFO 行号:109  PASS   左键单击[click]  用时:0.075s  
20191211_10_43_53_079531_27256report.log 2019-12-11 10:44:57  loga.py  writeLog [line:134] INFO 行号:113  PASS   查找元素[find_element]  用时:0.014s  
20191211_10_43_53_079531_27256report.log 2019-12-11 10:44:57  loga.py  writeLog [line:134] INFO 行号:114  PASS   查找元素[find_element]  用时:0.007s  
20191211_10_43_53_079531_27256report.log 2019-12-11 10:44:58  loga.py  writeLog [line:134] INFO 行号:114  PASS   左键单击[click]  用时:0.054s  
20191211_10_43_53_079531_27256report.log 2019-12-11 10:44:59  loga.py  writeLog [line:134] INFO 行号:117  PASS   查找元素[find_element]  用时:0.018s  
20191211_10_43_53_079531_27256report.log 2019-12-11 10:44:59  loga.py  writeLog [line:134] INFO 行号:118  PASS   查找元素[find_element]  用时:0.010s  
20191211_10_43_53_079531_27256report.log 2019-12-11 10:45:00  loga.py  writeLog [line:134] INFO 行号:118  PASS   左键单击[click]  用时:0.054s  
20191211_10_43_53_079531_27256report.log 2019-12-11 10:45:01  loga.py  writeLog [line:134] INFO 行号:122  PASS   查找元素[find_element]  用时:0.011s  
20191211_10_43_53_079531_27256report.log 2019-12-11 10:45:02  loga.py  writeLog [line:134] INFO 行号:123  PASS   查找元素[find_element]  用时:0.010s  
20191211_10_43_53_079531_27256report.log 2019-12-11 10:45:02  loga.py  writeLog [line:134] INFO 行号:123  PASS   左键单击[click]  用时:0.118s  
20191211_10_43_53_079531_27256report.log 2019-12-11 10:45:03  loga.py  writeLog [line:134] INFO 行号:127  PASS   查找元素[find_element]  用时:0.011s  
20191211_10_43_53_079531_27256report.log 2019-12-11 10:45:04  loga.py  writeLog [line:134] INFO 行号:136  PASS   查找元素[find_element]  用时:0.013s  
20191211_10_43_53_079531_27256report.log 2019-12-11 10:45:05  loga.py  writeLog [line:134] INFO 行号:139  PASS   查找元素[find_element]  用时:0.007s  
20191211_10_43_53_079531_27256report.log 2019-12-11 10:45:05  loga.py  writeLog [line:134] INFO 行号:139  PASS   左键单击[click]  用时:0.064s  
20191211_10_43_53_079531_27256report.log 2019-12-11 10:45:06  loga.py  writeLog [line:134] INFO 行号:143  PASS   查找元素[find_element]  用时:0.010s  
20191211_10_43_53_079531_27256report.log 2019-12-11 10:45:07  loga.py  writeLog [line:134] INFO 行号:144  PASS   查找元素[find_element]  用时:0.006s  
20191211_10_43_53_079531_27256report.log 2019-12-11 10:45:07  loga.py  writeLog [line:134] INFO 行号:144  PASS   左键单击[click]  用时:0.076s  
20191211_10_43_53_079531_27256report.log 2019-12-11 10:45:09  loga.py  writeLog [line:134] INFO 行号:147  TRUE   断言：不包含[assertNotIn] 用时:0.001s TRUE.
20191211_10_43_53_079531_27256report.log 2019-12-11 10:45:09  loga.py  writeLog [line:134] INFO 行号:150  PASS   查找元素[find_element]  用时:0.008s  
20191211_10_43_53_079531_27256report.log 2019-12-11 10:45:09  loga.py  writeLog [line:134] INFO 行号:150  PASS   左键单击[click]  用时:0.062s  
20191211_10_43_53_079531_27256report.log 2019-12-11 10:45:11  loga.py  writeLog [line:134] INFO 行号:152  PASS   查找元素[find_element]  用时:0.009s  
20191211_10_43_53_079531_27256report.log 2019-12-11 10:45:12  loga.py  writeLog [line:134] INFO 行号:152  PASS   左键单击[click]  用时:0.062s  
20191211_10_43_53_079531_27256report.log 2019-12-11 10:45:13  loga.py  putSystemLog [line:74] INFO 脚本运行完毕...
20191211_10_43_53_079531_27256report.log 2019-12-11 10:45:13  loga.py  putSystemLog [line:74] INFO 开始运行脚本<class 'script.testCase.U8EX项目.公共.U8EX登出.EasyCase'>
20191211_10_43_53_079531_27256report.log 2019-12-11 10:45:13  loga.py  writeLog [line:134] INFO 行号:24   PASS   刷新页面[refresh]  用时:0.012s  
20191211_10_43_53_079531_27256report.log 2019-12-11 10:45:15  loga.py  writeLog [line:134] INFO 行号:26   PASS   查找元素[find_element]  用时:0.012s  
20191211_10_43_53_079531_27256report.log 2019-12-11 10:45:15  loga.py  writeLog [line:134] INFO 行号:26   PASS   左键单击[click]  用时:0.141s  
20191211_10_43_53_079531_27256report.log 2019-12-11 10:45:16  loga.py  writeLog [line:134] INFO 行号:27   PASS   查找元素[find_element]  用时:0.011s  
20191211_10_43_53_079531_27256report.log 2019-12-11 10:45:17  loga.py  writeLog [line:134] INFO 行号:27   PASS   左键单击[click]  用时:0.489s  
20191211_10_43_53_079531_27256report.log 2019-12-11 10:45:18  loga.py  putSystemLog [line:74] INFO 脚本运行完毕...
20191211_10_43_53_079531_27256report.log 2019-12-11 10:45:19  loga.py  writeLog [line:134] INFO 行号:0    PASS   关闭浏览器[quit]  用时:0.235s  
20191211_10_43_53_079531_27256report.log 2019-12-11 10:45:22  loga.py  putSystemLog [line:74] INFO 场景<1>结束.用时:89.002s.
20191211_10_43_53_079531_27256report.log 2019-12-11 10:45:22  loga.py  putSystemLog [line:74] INFO 场景统计结果：PASS: 89(100.00%),FAIL:  0(0.00%),ERROR:  0(0.00%),TRUE:  1,FALSE:  0

20191211_10_43_53_079531_27256report.log 2019-12-11 10:45:22  loga.py  putSystemLog [line:74] INFO ----------------------------------------
20191211_10_43_53_079531_27256report.log 2019-12-11 10:45:22  loga.py  putSystemLog [line:74] INFO End.
20191211_10_43_53_079531_27256report.log 2019-12-11 10:45:22  loga.py  putSystemLog [line:74] INFO 测试方案统计结果:
                    场景<1>:PASS: 89(100.00%),FAIL:  0(0.00%),ERROR:  0(0.00%),TRUE:  1,FALSE:  0
                    总   计:PASS: 89(100.00%),FAIL:  0(0.00%),ERROR:  0(0.00%),TRUE:  1,FALSE:  0

