2019-12-11 15:26:38 Start.
2019-12-11 15:26:38 场景<1>开始.
2019-12-11 15:26:42 行号:0    PASS   最大化浏览器窗口[maximize_window]  用时:1.120s  
2019-12-11 15:26:43 chrome浏览器启动成功.
2019-12-11 15:26:43 开始加载脚本...
2019-12-11 15:26:43 脚本<1>：U8EX登录 加载成功.脚本路径：script/testCase/U8EX项目/公共/U8EX登录
2019-12-11 15:26:43 脚本<2>：减少方式 加载成功.脚本路径：script/testCase/Y3me项目/数字化建模/固定资产/减少方式
2019-12-11 15:26:43 脚本<3>：U8EX登出 加载成功.脚本路径：script/testCase/U8EX项目/公共/U8EX登出
2019-12-11 15:26:43 脚本加载完成...
2019-12-11 15:26:43 开始运行脚本<class 'script.testCase.U8EX项目.公共.U8EX登录.EasyCase'>
2019-12-11 15:26:44 行号:27   PASS   访问页面[get]  用时:1.130s  
2019-12-11 15:26:45 行号:29   PASS   查找元素[find_element]  用时:0.020s  
2019-12-11 15:26:45 行号:30   PASS   查找元素[find_element]  用时:0.006s  
2019-12-11 15:26:46 行号:30   PASS   左键单击[click]  用时:0.057s  
2019-12-11 15:26:47 行号:34   PASS   查找元素[find_element]  用时:0.024s  
2019-12-11 15:26:48 行号:35   PASS   查找元素[find_element]  用时:0.007s  
2019-12-11 15:26:48 行号:36   PASS   切换到表单[frame]  用时:0.021s  
2019-12-11 15:26:50 行号:39   PASS   查找元素[find_element]  用时:0.012s  
2019-12-11 15:26:51 行号:40   PASS   查找元素[find_element]  用时:0.007s  
2019-12-11 15:26:51 行号:40   PASS   清除文本[clear]  用时:0.020s  
2019-12-11 15:26:52 行号:41   PASS   查找元素[find_element]  用时:0.005s  
2019-12-11 15:26:53 行号:41   PASS   模拟输入[send_keys]  用时:0.051s  
2019-12-11 15:26:54 行号:42   PASS   查找元素[find_element]  用时:0.011s  
2019-12-11 15:26:54 行号:42   PASS   清除文本[clear]  用时:0.017s  
2019-12-11 15:26:55 行号:43   PASS   查找元素[find_element]  用时:0.006s  
2019-12-11 15:26:56 行号:43   PASS   模拟输入[send_keys]  用时:0.077s  
2019-12-11 15:26:57 行号:45   PASS   查找元素[find_element]  用时:0.010s  
2019-12-11 15:26:57 行号:46   PASS   查找元素[find_element]  用时:0.009s  
2019-12-11 15:26:58 行号:46   PASS   左键单击[click]  用时:0.093s  
2019-12-11 15:26:59 行号:52   PASS   查找元素[find_element]  用时:0.010s  
2019-12-11 15:26:59 行号:53   PASS   查找元素[find_element]  用时:0.005s  
2019-12-11 15:27:00 行号:53   PASS   左键单击[click]  用时:0.455s  
2019-12-11 15:27:01 行号:54   PASS   查找元素[find_element]  用时:0.015s  
2019-12-11 15:27:02 行号:54   PASS   左键单击[click]  用时:0.099s  
2019-12-11 15:27:03 行号:56   PASS   查找元素[find_element]  用时:0.011s  
2019-12-11 15:27:05 行号:56   PASS   左键单击[click]  用时:1.614s  
2019-12-11 15:27:06 脚本运行完毕...
2019-12-11 15:27:06 开始运行脚本<class 'script.testCase.Y3me项目.数字化建模.固定资产.减少方式.EasyCase'>
2019-12-11 15:27:07 行号:25   PASS   刷新页面[refresh]  用时:1.071s  
2019-12-11 15:27:08 行号:27   PASS   查找元素[find_element]  用时:0.009s  
2019-12-11 15:27:09 行号:27   PASS   左键单击[click]  用时:0.086s  
2019-12-11 15:27:11 行号:30   PASS   查找元素[find_element]  用时:0.011s  
2019-12-11 15:27:11 行号:30   PASS   左键单击[click]  用时:0.069s  
2019-12-11 15:27:13 行号:33   PASS   查找元素[find_element]  用时:0.009s  
2019-12-11 15:27:16 行号:40   PASS   查找元素[find_element]  用时:0.010s  
2019-12-11 15:27:20 行号:47   PASS   查找元素[find_element]  用时:0.009s  
2019-12-11 15:27:21 行号:50   PASS   查找元素[find_element]  用时:0.008s  
2019-12-11 15:27:22 行号:51   PASS   切换到表单[frame]  用时:0.545s  
2019-12-11 15:27:23 行号:54   PASS   查找元素[find_element]  用时:0.015s  
2019-12-11 15:27:24 行号:55   PASS   查找元素[find_element]  用时:0.006s  
2019-12-11 15:27:24 行号:55   PASS   左键单击[click]  用时:0.078s  
2019-12-11 15:27:25 行号:58   PASS   查找元素[find_element]  用时:0.042s  
2019-12-11 15:27:26 行号:59   PASS   查找元素[find_element]  用时:0.007s  
2019-12-11 15:27:26 行号:59   PASS   左键单击[click]  用时:0.056s  
2019-12-11 15:27:27 行号:63   PASS   查找元素[find_element]  用时:0.009s  
2019-12-11 15:27:28 行号:64   PASS   查找元素[find_element]  用时:0.008s  
2019-12-11 15:27:29 行号:64   PASS   左键单击[click]  用时:0.106s  
2019-12-11 15:27:30 行号:69   PASS   查找元素[find_element]  用时:0.013s  
2019-12-11 15:27:30 行号:70   PASS   查找元素[find_element]  用时:0.005s  
2019-12-11 15:27:31 行号:70   PASS   左键单击[click]  用时:0.054s  
2019-12-11 15:27:32 行号:76   PASS   查找元素[find_element]  用时:0.012s  
2019-12-11 15:27:32 行号:77   PASS   查找元素[find_element]  用时:0.007s  
2019-12-11 15:27:33 行号:77   PASS   模拟输入[send_keys]  用时:0.078s  
2019-12-11 15:27:34 行号:81   PASS   查找元素[find_element]  用时:0.010s  
2019-12-11 15:27:34 行号:82   PASS   查找元素[find_element]  用时:0.010s  
2019-12-11 15:27:35 行号:82   PASS   左键单击[click]  用时:0.055s  
2019-12-11 15:27:38 行号:87   PASS   查找元素[find_element]  用时:0.011s  
2019-12-11 15:27:38 行号:89   PASS   执行JS代码[execute_script]  用时:0.007s  
2019-12-11 15:27:40 行号:99   PASS   查找元素[find_element]  用时:0.010s  
2019-12-11 15:27:40 行号:102  PASS   查找元素[find_element]  用时:0.008s  
2019-12-11 15:27:41 行号:102  PASS   左键单击[click]  用时:0.095s  
2019-12-11 15:27:42 行号:106  PASS   查找元素[find_element]  用时:0.014s  
2019-12-11 15:27:43 行号:107  PASS   查找元素[find_element]  用时:0.007s  
2019-12-11 15:27:43 行号:107  PASS   左键单击[click]  用时:0.060s  
2019-12-11 15:27:44 行号:110  PASS   查找元素[find_element]  用时:0.008s  
2019-12-11 15:27:45 行号:111  PASS   查找元素[find_element]  用时:0.007s  
2019-12-11 15:27:45 行号:111  PASS   左键单击[click]  用时:0.063s  
2019-12-11 15:27:46 行号:115  PASS   查找元素[find_element]  用时:0.011s  
2019-12-11 15:27:47 行号:116  PASS   查找元素[find_element]  用时:0.007s  
2019-12-11 15:27:47 行号:116  PASS   左键单击[click]  用时:0.106s  
2019-12-11 15:27:48 行号:120  PASS   查找元素[find_element]  用时:0.010s  
2019-12-11 15:27:49 行号:129  PASS   查找元素[find_element]  用时:0.010s  
2019-12-11 15:27:50 行号:132  PASS   查找元素[find_element]  用时:0.007s  
2019-12-11 15:27:50 行号:132  PASS   左键单击[click]  用时:0.071s  
2019-12-11 15:27:51 行号:136  PASS   查找元素[find_element]  用时:0.010s  
2019-12-11 15:27:52 行号:137  PASS   查找元素[find_element]  用时:0.006s  
2019-12-11 15:27:53 行号:137  PASS   左键单击[click]  用时:0.073s  
2019-12-11 15:27:54 行号:140  TRUE   断言：不包含[assertNotIn] 用时:0.001s TRUE.
2019-12-11 15:27:54 行号:143  PASS   查找元素[find_element]  用时:0.008s  
2019-12-11 15:27:54 行号:143  PASS   左键单击[click]  用时:0.061s  
2019-12-11 15:27:56 行号:145  PASS   查找元素[find_element]  用时:0.011s  
2019-12-11 15:27:57 行号:145  PASS   左键单击[click]  用时:0.064s  
2019-12-11 15:27:58 脚本运行完毕...
2019-12-11 15:27:58 开始运行脚本<class 'script.testCase.U8EX项目.公共.U8EX登出.EasyCase'>
2019-12-11 15:27:58 行号:24   PASS   刷新页面[refresh]  用时:0.016s  
