sys.log 2019-12-11 10:01:26  loga.py  putSystemLog [line:82] INFO 程序启动.基本脚本录制.xml
sys.log 2019-12-11 10:01:26  loga.py  putSystemLog [line:82] INFO Start.
sys.log 2019-12-11 10:03:01  loga.py  putSystemLog [line:82] INFO End.
sys.log 2019-12-11 10:03:01  loga.py  putSystemLog [line:82] INFO 程序结束.基本脚本录制.xml

sys.log 2019-12-11 10:04:26  loga.py  putSystemLog [line:82] INFO 程序启动.基本脚本录制.xml
sys.log 2019-12-11 10:04:27  loga.py  putSystemLog [line:82] INFO Start.
sys.log 2019-12-11 10:06:06  loga.py  putSystemLog [line:82] INFO End.
sys.log 2019-12-11 10:06:06  loga.py  putSystemLog [line:82] INFO 程序结束.基本脚本录制.xml

sys.log 2019-12-11 10:06:51  loga.py  putSystemLog [line:82] INFO 程序启动.基本脚本录制.xml
sys.log 2019-12-11 10:06:51  loga.py  putSystemLog [line:82] INFO Start.
sys.log 2019-12-11 10:08:13  loga.py  putSystemLog [line:82] INFO End.
sys.log 2019-12-11 10:08:13  loga.py  putSystemLog [line:82] INFO 程序结束.基本脚本录制.xml

sys.log 2019-12-11 10:21:30  loga.py  putSystemLog [line:82] INFO 程序启动.基本脚本录制.xml
sys.log 2019-12-11 10:21:30  loga.py  putSystemLog [line:82] INFO Start.
sys.log 2019-12-11 10:22:46  loga.py  putSystemLog [line:82] INFO End.
sys.log 2019-12-11 10:22:46  loga.py  putSystemLog [line:82] INFO 程序结束.基本脚本录制.xml

sys.log 2019-12-11 10:23:14  loga.py  putSystemLog [line:82] INFO 程序启动.基本脚本录制.xml
sys.log 2019-12-11 10:23:14  loga.py  putSystemLog [line:82] INFO Start.
sys.log 2019-12-11 10:25:23  loga.py  putSystemLog [line:82] INFO End.
sys.log 2019-12-11 10:25:23  loga.py  putSystemLog [line:82] INFO 程序结束.基本脚本录制.xml

sys.log 2019-12-11 10:25:44  loga.py  putSystemLog [line:82] INFO 程序启动.基本脚本录制.xml
sys.log 2019-12-11 10:25:44  loga.py  putSystemLog [line:82] INFO Start.
sys.log 2019-12-11 10:27:22  loga.py  putSystemLog [line:82] INFO End.
sys.log 2019-12-11 10:27:22  loga.py  putSystemLog [line:82] INFO 程序结束.基本脚本录制.xml

sys.log 2019-12-11 10:28:22  loga.py  putSystemLog [line:82] INFO 程序启动.基本脚本录制.xml
sys.log 2019-12-11 10:28:22  loga.py  putSystemLog [line:82] INFO Start.
sys.log 2019-12-11 10:30:01  loga.py  putSystemLog [line:82] INFO End.
sys.log 2019-12-11 10:30:01  loga.py  putSystemLog [line:82] INFO 程序结束.基本脚本录制.xml

sys.log 2019-12-11 10:30:29  loga.py  putSystemLog [line:82] INFO 程序启动.基本脚本录制.xml
sys.log 2019-12-11 10:30:30  loga.py  putSystemLog [line:82] INFO Start.
sys.log 2019-12-11 10:32:06  loga.py  putSystemLog [line:82] INFO 程序启动.基本脚本录制.xml
sys.log 2019-12-11 10:32:07  loga.py  putSystemLog [line:82] INFO Start.
sys.log 2019-12-11 10:33:49  loga.py  putSystemLog [line:82] INFO End.
sys.log 2019-12-11 10:33:49  loga.py  putSystemLog [line:82] INFO 程序结束.基本脚本录制.xml

sys.log 2019-12-11 10:37:38  loga.py  putSystemLog [line:82] INFO 程序启动.基本脚本录制.xml
sys.log 2019-12-11 10:37:39  loga.py  putSystemLog [line:82] INFO Start.
sys.log 2019-12-11 10:38:19  loga.py  putSystemLog [line:82] INFO 程序启动.基本脚本录制.xml
sys.log 2019-12-11 10:38:19  loga.py  putSystemLog [line:82] INFO Start.
sys.log 2019-12-11 10:40:01  loga.py  putSystemLog [line:82] INFO End.
sys.log 2019-12-11 10:40:01  loga.py  putSystemLog [line:82] INFO 程序结束.基本脚本录制.xml

sys.log 2019-12-11 10:40:24  loga.py  putSystemLog [line:82] INFO 程序启动.基本脚本录制.xml
sys.log 2019-12-11 10:40:24  loga.py  putSystemLog [line:82] INFO Start.
sys.log 2019-12-11 10:42:06  loga.py  putSystemLog [line:82] INFO End.
sys.log 2019-12-11 10:42:06  loga.py  putSystemLog [line:82] INFO 程序结束.基本脚本录制.xml

sys.log 2019-12-11 10:43:52  loga.py  putSystemLog [line:82] INFO 程序启动.基本脚本录制.xml
sys.log 2019-12-11 10:43:53  loga.py  putSystemLog [line:82] INFO Start.
sys.log 2019-12-11 10:45:22  loga.py  putSystemLog [line:82] INFO End.
sys.log 2019-12-11 10:45:22  loga.py  putSystemLog [line:82] INFO 程序结束.基本脚本录制.xml

sys.log 2019-12-11 11:28:33  loga.py  putSystemLog [line:82] INFO 程序启动.基本脚本录制.xml
sys.log 2019-12-11 11:28:33  loga.py  putSystemLog [line:82] INFO Start.
sys.log 2019-12-11 11:30:00  loga.py  putSystemLog [line:82] INFO End.
sys.log 2019-12-11 11:30:00  loga.py  putSystemLog [line:82] INFO 程序结束.基本脚本录制.xml

sys.log 2019-12-11 11:32:56  loga.py  putSystemLog [line:82] INFO 程序启动.基本脚本录制.xml
sys.log 2019-12-11 11:32:57  loga.py  putSystemLog [line:82] INFO Start.
sys.log 2019-12-11 11:35:11  loga.py  putSystemLog [line:82] INFO End.
sys.log 2019-12-11 11:35:11  loga.py  putSystemLog [line:82] INFO 程序结束.基本脚本录制.xml

2019-12-11 15:26:37 程序启动.基本脚本录制.xml
2019-12-11 15:26:38 Start.
2019-12-11 16:09:09 程序启动.基本脚本录制.xml
2019-12-11 16:09:09 Start.
2019-12-11 16:10:37 End.
2019-12-11 16:10:37 程序结束.基本脚本录制.xml

2019-12-11 17:33:59 程序启动.基本脚本录制.xml
2019-12-11 17:34:00 Start.
2019-12-11 18:07:41 程序启动.基本脚本录制.xml
2019-12-11 18:07:42 Start.
2019-12-11 18:09:37 程序启动.基本脚本录制.xml
2019-12-11 18:09:38 Start.
2019-12-11 18:14:07 程序启动.基本脚本录制.xml
2019-12-11 18:14:07 Start.
2019-12-11 18:15:42 End.
2019-12-11 18:15:42 程序结束.基本脚本录制.xml

