20191204_17_02_07_158088_22144report.log 2019-12-04 17:02:07  loga.py  putSystemLog [line:74] INFO Start.
20191204_17_02_07_158088_22144report.log 2019-12-04 17:02:07  loga.py  putSystemLog [line:74] INFO 场景<1>开始.
20191204_17_02_07_158088_22144report.log 2019-12-04 17:02:12  loga.py  writeLog [line:134] INFO 行号:0    PASS   最大化浏览器窗口[maximize_window]  用时:1.118s  
20191204_17_02_07_158088_22144report.log 2019-12-04 17:02:13  loga.py  putSystemLog [line:74] INFO chrome浏览器启动成功.
20191204_17_02_07_158088_22144report.log 2019-12-04 17:02:13  loga.py  putSystemLog [line:74] INFO 开始加载脚本...
20191204_17_02_07_158088_22144report.log 2019-12-04 17:02:13  loga.py  putSystemLog [line:74] INFO 脚本<1>：U8EX登录 加载成功.脚本路径：script/testCase/U8EX项目/公共/U8EX登录
20191204_17_02_07_158088_22144report.log 2019-12-04 17:02:13  loga.py  putSystemLog [line:74] INFO 脚本<2>：申请控制 加载成功.脚本路径：script/testCase/Y3me项目/数字化建模/费用管理/申请控制
20191204_17_02_07_158088_22144report.log 2019-12-04 17:02:13  loga.py  putSystemLog [line:74] INFO 脚本<3>：U8EX登出 加载成功.脚本路径：script/testCase/U8EX项目/公共/U8EX登出
20191204_17_02_07_158088_22144report.log 2019-12-04 17:02:13  loga.py  putSystemLog [line:74] INFO 脚本加载完成...
20191204_17_02_07_158088_22144report.log 2019-12-04 17:02:13  loga.py  putSystemLog [line:74] INFO 开始运行脚本<class 'script.testCase.U8EX项目.公共.U8EX登录.EasyCase'>
20191204_17_02_07_158088_22144report.log 2019-12-04 17:02:14  loga.py  writeLog [line:134] INFO 行号:27   PASS   访问页面[get]  用时:1.228s  
20191204_17_02_07_158088_22144report.log 2019-12-04 17:02:15  loga.py  writeLog [line:134] INFO 行号:29   PASS   查找元素[find_element]  用时:0.014s  
20191204_17_02_07_158088_22144report.log 2019-12-04 17:02:16  loga.py  writeLog [line:134] INFO 行号:30   PASS   查找元素[find_element]  用时:0.008s  
20191204_17_02_07_158088_22144report.log 2019-12-04 17:02:16  loga.py  writeLog [line:134] INFO 行号:30   PASS   左键单击[click]  用时:0.062s  
20191204_17_02_07_158088_22144report.log 2019-12-04 17:02:17  loga.py  writeLog [line:134] INFO 行号:34   PASS   查找元素[find_element]  用时:0.034s  
20191204_17_02_07_158088_22144report.log 2019-12-04 17:02:18  loga.py  writeLog [line:134] INFO 行号:35   PASS   查找元素[find_element]  用时:0.006s  
20191204_17_02_07_158088_22144report.log 2019-12-04 17:02:18  loga.py  writeLog [line:134] INFO 行号:36   PASS   切换到表单[frame]  用时:0.016s  
20191204_17_02_07_158088_22144report.log 2019-12-04 17:02:20  loga.py  writeLog [line:134] INFO 行号:39   PASS   查找元素[find_element]  用时:0.009s  
20191204_17_02_07_158088_22144report.log 2019-12-04 17:02:21  loga.py  writeLog [line:134] INFO 行号:40   PASS   查找元素[find_element]  用时:0.007s  
20191204_17_02_07_158088_22144report.log 2019-12-04 17:02:21  loga.py  writeLog [line:134] INFO 行号:40   PASS   清除文本[clear]  用时:0.028s  
20191204_17_02_07_158088_22144report.log 2019-12-04 17:02:22  loga.py  writeLog [line:134] INFO 行号:41   PASS   查找元素[find_element]  用时:0.013s  
20191204_17_02_07_158088_22144report.log 2019-12-04 17:02:23  loga.py  writeLog [line:134] INFO 行号:41   PASS   模拟输入[send_keys]  用时:0.097s  
20191204_17_02_07_158088_22144report.log 2019-12-04 17:02:24  loga.py  writeLog [line:134] INFO 行号:42   PASS   查找元素[find_element]  用时:0.023s  
20191204_17_02_07_158088_22144report.log 2019-12-04 17:02:25  loga.py  writeLog [line:134] INFO 行号:42   PASS   清除文本[clear]  用时:0.018s  
20191204_17_02_07_158088_22144report.log 2019-12-04 17:02:26  loga.py  writeLog [line:134] INFO 行号:43   PASS   查找元素[find_element]  用时:0.007s  
20191204_17_02_07_158088_22144report.log 2019-12-04 17:02:26  loga.py  writeLog [line:134] INFO 行号:43   PASS   模拟输入[send_keys]  用时:0.059s  
20191204_17_02_07_158088_22144report.log 2019-12-04 17:02:27  loga.py  writeLog [line:134] INFO 行号:45   PASS   查找元素[find_element]  用时:0.009s  
20191204_17_02_07_158088_22144report.log 2019-12-04 17:02:28  loga.py  writeLog [line:134] INFO 行号:46   PASS   查找元素[find_element]  用时:0.005s  
20191204_17_02_07_158088_22144report.log 2019-12-04 17:02:28  loga.py  writeLog [line:134] INFO 行号:46   PASS   左键单击[click]  用时:0.098s  
20191204_17_02_07_158088_22144report.log 2019-12-04 17:02:29  loga.py  writeLog [line:134] INFO 行号:52   PASS   查找元素[find_element]  用时:0.010s  
20191204_17_02_07_158088_22144report.log 2019-12-04 17:02:30  loga.py  writeLog [line:134] INFO 行号:53   PASS   查找元素[find_element]  用时:0.006s  
20191204_17_02_07_158088_22144report.log 2019-12-04 17:02:30  loga.py  writeLog [line:134] INFO 行号:53   PASS   左键单击[click]  用时:0.064s  
20191204_17_02_07_158088_22144report.log 2019-12-04 17:02:31  loga.py  writeLog [line:134] INFO 行号:54   PASS   查找元素[find_element]  用时:0.010s  
20191204_17_02_07_158088_22144report.log 2019-12-04 17:02:32  loga.py  writeLog [line:134] INFO 行号:54   PASS   左键单击[click]  用时:0.085s  
20191204_17_02_07_158088_22144report.log 2019-12-04 17:02:33  loga.py  writeLog [line:134] INFO 行号:56   PASS   查找元素[find_element]  用时:0.009s  
20191204_17_02_07_158088_22144report.log 2019-12-04 17:02:34  loga.py  writeLog [line:134] INFO 行号:56   PASS   左键单击[click]  用时:0.365s  
20191204_17_02_07_158088_22144report.log 2019-12-04 17:02:35  loga.py  putSystemLog [line:74] INFO 脚本运行完毕...
20191204_17_02_07_158088_22144report.log 2019-12-04 17:02:35  loga.py  putSystemLog [line:74] INFO 开始运行脚本<class 'script.testCase.Y3me项目.数字化建模.费用管理.申请控制.EasyCase'>
20191204_17_02_07_158088_22144report.log 2019-12-04 17:02:35  loga.py  writeLog [line:134] INFO 行号:24   PASS   刷新页面[refresh]  用时:0.008s  
20191204_17_02_07_158088_22144report.log 2019-12-04 17:02:36  loga.py  writeLog [line:134] INFO 行号:26   PASS   查找元素[find_element]  用时:0.010s  
20191204_17_02_07_158088_22144report.log 2019-12-04 17:02:36  loga.py  writeLog [line:134] INFO 行号:26   PASS   左键单击[click]  用时:0.056s  
20191204_17_02_07_158088_22144report.log 2019-12-04 17:02:38  loga.py  writeLog [line:134] INFO 行号:29   PASS   查找元素[find_element]  用时:0.010s  
20191204_17_02_07_158088_22144report.log 2019-12-04 17:02:39  loga.py  writeLog [line:134] INFO 行号:29   PASS   左键单击[click]  用时:0.047s  
20191204_17_02_07_158088_22144report.log 2019-12-04 17:02:41  loga.py  writeLog [line:134] INFO 行号:32   PASS   查找元素[find_element]  用时:0.009s  
20191204_17_02_07_158088_22144report.log 2019-12-04 17:02:43  loga.py  writeLog [line:134] INFO 行号:39   PASS   查找元素[find_element]  用时:0.010s  
20191204_17_02_07_158088_22144report.log 2019-12-04 17:02:47  loga.py  writeLog [line:134] INFO 行号:46   PASS   查找元素[find_element]  用时:0.016s  
20191204_17_02_07_158088_22144report.log 2019-12-04 17:02:49  loga.py  writeLog [line:134] INFO 行号:49   PASS   查找元素[find_element]  用时:0.010s  
20191204_17_02_07_158088_22144report.log 2019-12-04 17:02:49  loga.py  writeLog [line:134] INFO 行号:50   PASS   切换到表单[frame]  用时:0.017s  
20191204_17_02_07_158088_22144report.log 2019-12-04 17:02:52  loga.py  writeLog [line:134] INFO 行号:53   PASS   查找元素[find_element]  用时:1.409s  
20191204_17_02_07_158088_22144report.log 2019-12-04 17:02:52  loga.py  writeLog [line:134] INFO 行号:54   PASS   查找元素[find_element]  用时:0.008s  
20191204_17_02_07_158088_22144report.log 2019-12-04 17:02:53  loga.py  writeLog [line:134] INFO 行号:54   PASS   左键单击[click]  用时:0.138s  
20191204_17_02_07_158088_22144report.log 2019-12-04 17:02:54  loga.py  writeLog [line:134] INFO 行号:56   PASS   查找元素[find_element]  用时:0.009s  
20191204_17_02_07_158088_22144report.log 2019-12-04 17:02:54  loga.py  writeLog [line:134] INFO 行号:56   PASS   左键单击[click]  用时:0.073s  
20191204_17_02_07_158088_22144report.log 2019-12-04 17:02:55  loga.py  writeLog [line:134] INFO 行号:57   PASS   查找元素[find_element]  用时:0.009s  
20191204_17_02_07_158088_22144report.log 2019-12-04 17:02:56  loga.py  writeLog [line:134] INFO 行号:58   PASS   执行JS代码[execute_script]  用时:0.028s  
20191204_17_02_07_158088_22144report.log 2019-12-04 17:02:57  loga.py  writeLog [line:134] INFO 行号:61   PASS   查找元素[find_element]  用时:0.008s  
20191204_17_02_07_158088_22144report.log 2019-12-04 17:02:57  loga.py  writeLog [line:134] INFO 行号:62   PASS   查找元素[find_element]  用时:0.007s  
20191204_17_02_07_158088_22144report.log 2019-12-04 17:02:58  loga.py  writeLog [line:134] INFO 行号:62   PASS   左键单击[click]  用时:0.112s  
20191204_17_02_07_158088_22144report.log 2019-12-04 17:02:59  loga.py  writeLog [line:134] INFO 行号:66   PASS   查找元素[find_element]  用时:0.011s  
20191204_17_02_07_158088_22144report.log 2019-12-04 17:03:00  loga.py  writeLog [line:134] INFO 行号:67   PASS   查找元素[find_element]  用时:0.007s  
20191204_17_02_07_158088_22144report.log 2019-12-04 17:03:00  loga.py  writeLog [line:134] INFO 行号:67   PASS   左键单击[click]  用时:0.092s  
20191204_17_02_07_158088_22144report.log 2019-12-04 17:03:01  loga.py  writeLog [line:134] INFO 行号:72   PASS   查找元素[find_element]  用时:0.008s  
20191204_17_02_07_158088_22144report.log 2019-12-04 17:03:02  loga.py  writeLog [line:134] INFO 行号:74   PASS   查找元素[find_element]  用时:0.005s  
20191204_17_02_07_158088_22144report.log 2019-12-04 17:03:02  loga.py  writeLog [line:134] INFO 行号:74   PASS   左键单击[click]  用时:0.099s  
20191204_17_02_07_158088_22144report.log 2019-12-04 17:03:03  loga.py  writeLog [line:134] INFO 行号:78   PASS   查找元素[find_element]  用时:0.009s  
20191204_17_02_07_158088_22144report.log 2019-12-04 17:03:04  loga.py  writeLog [line:134] INFO 行号:79   PASS   查找元素[find_element]  用时:0.006s  
20191204_17_02_07_158088_22144report.log 2019-12-04 17:03:04  loga.py  writeLog [line:134] INFO 行号:79   PASS   左键单击[click]  用时:0.057s  
20191204_17_02_07_158088_22144report.log 2019-12-04 17:03:05  loga.py  writeLog [line:134] INFO 行号:84   PASS   查找元素[find_element]  用时:0.006s  
20191204_17_02_07_158088_22144report.log 2019-12-04 17:03:06  loga.py  writeLog [line:134] INFO 行号:86   PASS   查找元素[find_element]  用时:0.004s  
20191204_17_02_07_158088_22144report.log 2019-12-04 17:03:06  loga.py  writeLog [line:134] INFO 行号:86   PASS   左键单击[click]  用时:0.090s  
20191204_17_02_07_158088_22144report.log 2019-12-04 17:03:07  loga.py  writeLog [line:134] INFO 行号:89   PASS   查找元素[find_element]  用时:0.011s  
20191204_17_02_07_158088_22144report.log 2019-12-04 17:03:08  loga.py  writeLog [line:134] INFO 行号:91   PASS   查找元素[find_element]  用时:0.006s  
20191204_17_02_07_158088_22144report.log 2019-12-04 17:03:08  loga.py  writeLog [line:134] INFO 行号:91   PASS   左键单击[click]  用时:0.055s  
20191204_17_02_07_158088_22144report.log 2019-12-04 17:03:09  loga.py  writeLog [line:134] INFO 行号:0    ERROR  [runTest]  用时:  测试用例脚本发生错误，请检查脚本代码：find_element_by_xpath() missing 1 required positional argument: 'xpath'
20191204_17_02_07_158088_22144report.log 2019-12-04 17:03:09  loga.py  putSystemLog [line:74] INFO 脚本运行完毕...
20191204_17_02_07_158088_22144report.log 2019-12-04 17:03:09  loga.py  putSystemLog [line:74] INFO 开始运行脚本<class 'script.testCase.U8EX项目.公共.U8EX登出.EasyCase'>
20191204_17_02_07_158088_22144report.log 2019-12-04 17:03:10  loga.py  writeLog [line:134] INFO 行号:24   PASS   刷新页面[refresh]  用时:0.015s  
20191204_17_02_07_158088_22144report.log 2019-12-04 17:03:12  loga.py  writeLog [line:134] INFO 行号:26   PASS   查找元素[find_element]  用时:0.011s  
20191204_17_02_07_158088_22144report.log 2019-12-04 17:03:12  loga.py  writeLog [line:134] INFO 行号:26   PASS   左键单击[click]  用时:0.050s  
20191204_17_02_07_158088_22144report.log 2019-12-04 17:03:13  loga.py  writeLog [line:134] INFO 行号:27   PASS   查找元素[find_element]  用时:0.009s  
20191204_17_02_07_158088_22144report.log 2019-12-04 17:03:14  loga.py  writeLog [line:134] INFO 行号:27   PASS   左键单击[click]  用时:0.459s  
20191204_17_02_07_158088_22144report.log 2019-12-04 17:03:15  loga.py  putSystemLog [line:74] INFO 脚本运行完毕...
20191204_17_02_07_158088_22144report.log 2019-12-04 17:03:15  loga.py  writeLog [line:134] INFO 行号:0    PASS   关闭浏览器[quit]  用时:0.239s  
20191204_17_02_07_158088_22144report.log 2019-12-04 17:03:18  loga.py  putSystemLog [line:74] INFO 场景<1>结束.用时:71.606s.
20191204_17_02_07_158088_22144report.log 2019-12-04 17:03:18  loga.py  putSystemLog [line:74] INFO 场景统计结果：PASS: 68(98.55%),FAIL:  0(0.00%),ERROR:  1(1.45%),TRUE:  0,FALSE:  0

20191204_17_02_07_158088_22144report.log 2019-12-04 17:03:18  loga.py  putSystemLog [line:74] INFO ----------------------------------------
20191204_17_02_07_158088_22144report.log 2019-12-04 17:03:18  loga.py  putSystemLog [line:74] INFO End.
20191204_17_02_07_158088_22144report.log 2019-12-04 17:03:18  loga.py  putSystemLog [line:74] INFO 测试方案统计结果:
                    场景<1>:PASS: 68(98.55%),FAIL:  0(0.00%),ERROR:  1(1.45%),TRUE:  0,FALSE:  0
                    总   计:PASS: 68(98.55%),FAIL:  0(0.00%),ERROR:  1(1.45%),TRUE:  0,FALSE:  0

